2026-03-21 16:25:29 [INFO] ======================================================================
2026-03-21 16:25:29 [INFO]  BTC/USDT 4H RSI SWING v6 - LIVE TRADER
2026-03-21 16:25:29 [INFO] ======================================================================
2026-03-21 16:25:29 [INFO] Python version: 3.10.11 (tags/v3.10.11:7d4cc5a, Apr  5 2023, 00:38:17) [MSC v.1929 64 bit (AMD64)]
2026-03-21 16:25:29 [INFO] Working directory: C:\Users\user\Desktop\cursor\trade
2026-03-21 16:25:29 [INFO] Script file: C:\Users\user\Desktop\cursor\trade\hl_rsi_swing_v6.py
2026-03-21 16:25:29 [INFO] Log file: C:\Users\user\Desktop\cursor\trade\rsi_swing_20260321_162529.log
2026-03-21 16:25:29 [INFO] ======================================================================
2026-03-21 16:25:31 [INFO] RSI SWING live trading 有効化: env=mainnet, address=0x8455b70a5a0d942eb9a1598a0e9e1214a3b31b55
2026-03-21 16:25:31 [INFO] Initialized RSI SWING trader for BTC 1h (rsi_period=10, OS=30.0, OB=60.0)
2026-03-21 16:25:31 [INFO] RSI SWING trader initialized successfully
2026-03-21 16:25:31 [INFO] Starting RSI SWING trading loop (live mode)...
2026-03-21 16:25:31 [INFO] BAR 2026-03-21T16:00:00 | Price=70830.00 RSI=61.17 (prev=58.99) EMA50=70645.41 ATR14=396.18
2026-03-21 16:25:31 [INFO] No entry signal.
2026-03-21 16:25:31 [INFO] Sleeping for 60 seconds...
2026-03-21 16:26:31 [INFO] BAR 2026-03-21T16:00:00 | Price=70832.00 RSI=61.21 (prev=58.99) EMA50=70645.49 ATR14=397.18
2026-03-21 16:26:31 [INFO] No entry signal.
2026-03-21 16:26:31 [INFO] Sleeping for 60 seconds...
2026-03-21 16:27:31 [INFO] BAR 2026-03-21T16:00:00 | Price=70846.00 RSI=61.54 (prev=58.99) EMA50=70646.04 ATR14=397.53
2026-03-21 16:27:31 [INFO] No entry signal.
2026-03-21 16:27:31 [INFO] Sleeping for 60 seconds...
2026-03-21 16:28:31 [INFO] BAR 2026-03-21T16:00:00 | Price=70847.00 RSI=61.56 (prev=58.99) EMA50=70646.08 ATR14=397.53
2026-03-21 16:28:31 [INFO] No entry signal.
2026-03-21 16:28:31 [INFO] Sleeping for 60 seconds...
2026-03-21 16:29:31 [INFO] BAR 2026-03-21T16:00:00 | Price=70847.00 RSI=61.56 (prev=58.99) EMA50=70646.08 ATR14=397.53
2026-03-21 16:29:31 [INFO] No entry signal.
2026-03-21 16:29:31 [INFO] Sleeping for 60 seconds...
2026-03-21 16:30:31 [INFO] BAR 2026-03-21T16:00:00 | Price=70845.00 RSI=61.52 (prev=58.99) EMA50=70646.00 ATR14=397.53
2026-03-21 16:30:31 [INFO] No entry signal.
2026-03-21 16:30:31 [INFO] Sleeping for 60 seconds...
2026-03-21 16:31:31 [INFO] BAR 2026-03-21T16:00:00 | Price=70821.00 RSI=60.95 (prev=58.99) EMA50=70645.06 ATR14=397.53
2026-03-21 16:31:31 [INFO] No entry signal.
2026-03-21 16:31:31 [INFO] Sleeping for 60 seconds...
2026-03-21 16:32:31 [INFO] BAR 2026-03-21T16:00:00 | Price=70779.00 RSI=59.92 (prev=58.99) EMA50=70643.41 ATR14=397.53
2026-03-21 16:32:31 [INFO] No entry signal.
2026-03-21 16:32:31 [INFO] Sleeping for 60 seconds...
2026-03-21 16:33:31 [INFO] BAR 2026-03-21T16:00:00 | Price=70754.00 RSI=59.28 (prev=58.99) EMA50=70642.43 ATR14=397.53
2026-03-21 16:33:31 [INFO] No entry signal.
2026-03-21 16:33:31 [INFO] Sleeping for 60 seconds...
2026-03-21 16:34:31 [INFO] BAR 2026-03-21T16:00:00 | Price=70749.00 RSI=59.15 (prev=58.99) EMA50=70642.24 ATR14=397.53
2026-03-21 16:34:31 [INFO] No entry signal.
2026-03-21 16:34:31 [INFO] Sleeping for 60 seconds...
2026-03-21 16:35:31 [INFO] BAR 2026-03-21T16:00:00 | Price=70761.00 RSI=59.46 (prev=58.99) EMA50=70642.71 ATR14=397.53
2026-03-21 16:35:31 [INFO] No entry signal.
2026-03-21 16:35:31 [INFO] Sleeping for 60 seconds...
2026-03-21 16:36:32 [INFO] BAR 2026-03-21T16:00:00 | Price=70752.00 RSI=59.22 (prev=58.99) EMA50=70642.36 ATR14=397.53
2026-03-21 16:36:32 [INFO] No entry signal.
2026-03-21 16:36:32 [INFO] Sleeping for 60 seconds...
2026-03-21 16:37:32 [INFO] BAR 2026-03-21T16:00:00 | Price=70761.00 RSI=59.46 (prev=58.99) EMA50=70642.71 ATR14=397.53
2026-03-21 16:37:32 [INFO] No entry signal.
2026-03-21 16:37:32 [INFO] Sleeping for 60 seconds...
2026-03-21 16:38:32 [INFO] BAR 2026-03-21T16:00:00 | Price=70746.00 RSI=59.07 (prev=58.99) EMA50=70642.12 ATR14=397.53
2026-03-21 16:38:32 [INFO] No entry signal.
2026-03-21 16:38:32 [INFO] Sleeping for 60 seconds...
2026-03-21 16:39:32 [INFO] BAR 2026-03-21T16:00:00 | Price=70740.00 RSI=58.87 (prev=58.99) EMA50=70641.88 ATR14=397.53
2026-03-21 16:39:32 [INFO] No entry signal.
2026-03-21 16:39:32 [INFO] Sleeping for 60 seconds...
2026-03-21 16:40:32 [INFO] BAR 2026-03-21T16:00:00 | Price=70743.00 RSI=58.99 (prev=58.99) EMA50=70642.00 ATR14=397.53
2026-03-21 16:40:32 [INFO] No entry signal.
2026-03-21 16:40:32 [INFO] Sleeping for 60 seconds...
2026-03-21 16:41:32 [INFO] BAR 2026-03-21T16:00:00 | Price=70751.00 RSI=59.20 (prev=58.99) EMA50=70642.32 ATR14=397.53
2026-03-21 16:41:32 [INFO] No entry signal.
2026-03-21 16:41:32 [INFO] Sleeping for 60 seconds...
2026-03-21 16:42:32 [INFO] BAR 2026-03-21T16:00:00 | Price=70755.00 RSI=59.30 (prev=58.99) EMA50=70642.47 ATR14=397.53
2026-03-21 16:42:32 [INFO] No entry signal.
2026-03-21 16:42:32 [INFO] Sleeping for 60 seconds...
2026-03-21 16:43:32 [INFO] BAR 2026-03-21T16:00:00 | Price=70755.00 RSI=59.30 (prev=58.99) EMA50=70642.47 ATR14=397.53
2026-03-21 16:43:32 [INFO] No entry signal.
2026-03-21 16:43:32 [INFO] Sleeping for 60 seconds...
2026-03-21 16:44:32 [INFO] BAR 2026-03-21T16:00:00 | Price=70752.00 RSI=59.22 (prev=58.99) EMA50=70642.36 ATR14=397.53
2026-03-21 16:44:32 [INFO] No entry signal.
2026-03-21 16:44:32 [INFO] Sleeping for 60 seconds...
2026-03-21 16:45:32 [INFO] BAR 2026-03-21T16:00:00 | Price=70717.00 RSI=58.01 (prev=58.99) EMA50=70640.98 ATR14=397.53
2026-03-21 16:45:32 [INFO] No entry signal.
2026-03-21 16:45:32 [INFO] Sleeping for 60 seconds...
2026-03-21 16:46:32 [INFO] BAR 2026-03-21T16:00:00 | Price=70682.00 RSI=56.76 (prev=58.99) EMA50=70639.61 ATR14=398.75
2026-03-21 16:46:32 [INFO] No entry signal.
2026-03-21 16:46:32 [INFO] Sleeping for 60 seconds...
2026-03-21 16:47:32 [INFO] BAR 2026-03-21T16:00:00 | Price=70680.00 RSI=56.69 (prev=58.99) EMA50=70639.53 ATR14=401.96
2026-03-21 16:47:32 [INFO] No entry signal.
2026-03-21 16:47:32 [INFO] Sleeping for 60 seconds...
2026-03-21 16:48:33 [INFO] BAR 2026-03-21T16:00:00 | Price=70715.00 RSI=57.94 (prev=58.99) EMA50=70640.90 ATR14=401.96
2026-03-21 16:48:33 [INFO] No entry signal.
2026-03-21 16:48:33 [INFO] Sleeping for 60 seconds...
2026-03-21 16:49:33 [INFO] BAR 2026-03-21T16:00:00 | Price=70716.00 RSI=57.98 (prev=58.99) EMA50=70640.94 ATR14=401.96
2026-03-21 16:49:33 [INFO] No entry signal.
2026-03-21 16:49:33 [INFO] Sleeping for 60 seconds...
2026-03-21 16:50:33 [INFO] BAR 2026-03-21T16:00:00 | Price=70701.00 RSI=57.43 (prev=58.99) EMA50=70640.36 ATR14=401.96
2026-03-21 16:50:33 [INFO] No entry signal.
2026-03-21 16:50:33 [INFO] Sleeping for 60 seconds...
2026-03-21 16:51:33 [INFO] BAR 2026-03-21T16:00:00 | Price=70666.00 RSI=56.20 (prev=58.99) EMA50=70638.98 ATR14=401.96
2026-03-21 16:51:33 [INFO] No entry signal.
2026-03-21 16:51:33 [INFO] Sleeping for 60 seconds...
2026-03-21 16:52:33 [INFO] BAR 2026-03-21T16:00:00 | Price=70692.00 RSI=57.11 (prev=58.99) EMA50=70640.00 ATR14=401.96
2026-03-21 16:52:33 [INFO] No entry signal.
2026-03-21 16:52:33 [INFO] Sleeping for 60 seconds...
2026-03-21 16:53:33 [INFO] BAR 2026-03-21T16:00:00 | Price=70678.00 RSI=56.62 (prev=58.99) EMA50=70639.45 ATR14=401.96
2026-03-21 16:53:33 [INFO] No entry signal.
2026-03-21 16:53:33 [INFO] Sleeping for 60 seconds...
2026-03-21 16:54:33 [INFO] BAR 2026-03-21T16:00:00 | Price=70679.00 RSI=56.65 (prev=58.99) EMA50=70639.49 ATR14=401.96
2026-03-21 16:54:33 [INFO] No entry signal.
2026-03-21 16:54:33 [INFO] Sleeping for 60 seconds...
2026-03-21 16:55:33 [INFO] BAR 2026-03-21T16:00:00 | Price=70672.00 RSI=56.41 (prev=58.99) EMA50=70639.22 ATR14=401.96
2026-03-21 16:55:33 [INFO] No entry signal.
2026-03-21 16:55:33 [INFO] Sleeping for 60 seconds...
2026-03-21 16:56:33 [INFO] BAR 2026-03-21T16:00:00 | Price=70664.00 RSI=56.13 (prev=58.99) EMA50=70638.90 ATR14=401.96
2026-03-21 16:56:33 [INFO] No entry signal.
2026-03-21 16:56:33 [INFO] Sleeping for 60 seconds...
2026-03-21 16:57:33 [INFO] BAR 2026-03-21T16:00:00 | Price=70667.00 RSI=56.23 (prev=58.99) EMA50=70639.02 ATR14=401.96
2026-03-21 16:57:33 [INFO] No entry signal.
2026-03-21 16:57:33 [INFO] Sleeping for 60 seconds...
2026-03-21 16:58:33 [INFO] BAR 2026-03-21T16:00:00 | Price=70670.00 RSI=56.34 (prev=58.99) EMA50=70639.14 ATR14=401.96
2026-03-21 16:58:33 [INFO] No entry signal.
2026-03-21 16:58:33 [INFO] Sleeping for 60 seconds...
2026-03-21 16:59:33 [INFO] BAR 2026-03-21T16:00:00 | Price=70671.00 RSI=56.37 (prev=58.99) EMA50=70639.18 ATR14=401.96
2026-03-21 16:59:33 [INFO] No entry signal.
2026-03-21 16:59:33 [INFO] Sleeping for 60 seconds...
2026-03-21 17:00:33 [INFO] BAR 2026-03-21T17:00:00 | Price=70667.00 RSI=56.15 (prev=56.97) EMA50=70641.22 ATR14=375.11
2026-03-21 17:00:33 [INFO] No entry signal.
2026-03-21 17:00:33 [INFO] Sleeping for 60 seconds...
2026-03-21 17:01:33 [INFO] BAR 2026-03-21T17:00:00 | Price=70662.00 RSI=55.96 (prev=56.97) EMA50=70641.02 ATR14=375.25
2026-03-21 17:01:33 [INFO] No entry signal.
2026-03-21 17:01:33 [INFO] Sleeping for 60 seconds...
2026-03-21 17:02:34 [INFO] BAR 2026-03-21T17:00:00 | Price=70672.00 RSI=56.34 (prev=56.97) EMA50=70641.41 ATR14=375.25
2026-03-21 17:02:34 [INFO] No entry signal.
2026-03-21 17:02:34 [INFO] Sleeping for 60 seconds...
2026-03-21 17:03:34 [INFO] BAR 2026-03-21T17:00:00 | Price=70675.00 RSI=56.46 (prev=56.97) EMA50=70641.53 ATR14=375.25
2026-03-21 17:03:34 [INFO] No entry signal.
2026-03-21 17:03:34 [INFO] Sleeping for 60 seconds...
2026-03-21 17:04:34 [INFO] BAR 2026-03-21T17:00:00 | Price=70660.00 RSI=55.89 (prev=56.97) EMA50=70640.94 ATR14=375.32
2026-03-21 17:04:34 [INFO] No entry signal.
2026-03-21 17:04:34 [INFO] Sleeping for 60 seconds...
2026-03-21 17:05:34 [INFO] BAR 2026-03-21T17:00:00 | Price=70668.00 RSI=56.19 (prev=56.97) EMA50=70641.26 ATR14=375.32
2026-03-21 17:05:34 [INFO] No entry signal.
2026-03-21 17:05:34 [INFO] Sleeping for 60 seconds...
2026-03-21 17:06:34 [INFO] BAR 2026-03-21T17:00:00 | Price=70689.00 RSI=57.00 (prev=56.97) EMA50=70642.08 ATR14=375.39
2026-03-21 17:06:34 [INFO] No entry signal.
2026-03-21 17:06:34 [INFO] Sleeping for 60 seconds...
2026-03-21 17:07:34 [INFO] BAR 2026-03-21T17:00:00 | Price=70693.00 RSI=57.12 (prev=56.97) EMA50=70642.24 ATR14=378.04
2026-03-21 17:07:34 [INFO] No entry signal.
2026-03-21 17:07:34 [INFO] Sleeping for 60 seconds...
2026-03-21 17:08:34 [INFO] BAR 2026-03-21T17:00:00 | Price=70673.00 RSI=56.38 (prev=56.97) EMA50=70641.45 ATR14=378.04
2026-03-21 17:08:34 [INFO] No entry signal.
2026-03-21 17:08:34 [INFO] Sleeping for 60 seconds...
2026-03-21 17:09:34 [INFO] BAR 2026-03-21T17:00:00 | Price=70688.00 RSI=56.97 (prev=56.97) EMA50=70642.04 ATR14=378.04
2026-03-21 17:09:34 [INFO] No entry signal.
2026-03-21 17:09:34 [INFO] Sleeping for 60 seconds...
2026-03-21 17:10:34 [INFO] BAR 2026-03-21T17:00:00 | Price=70694.00 RSI=57.15 (prev=56.97) EMA50=70642.28 ATR14=378.04
2026-03-21 17:10:34 [INFO] No entry signal.
2026-03-21 17:10:34 [INFO] Sleeping for 60 seconds...
2026-03-21 17:11:34 [INFO] BAR 2026-03-21T17:00:00 | Price=70703.00 RSI=57.41 (prev=56.97) EMA50=70642.63 ATR14=378.04
2026-03-21 17:11:34 [INFO] No entry signal.
2026-03-21 17:11:34 [INFO] Sleeping for 60 seconds...
2026-03-21 17:12:34 [INFO] BAR 2026-03-21T17:00:00 | Price=70674.00 RSI=56.42 (prev=56.97) EMA50=70641.49 ATR14=378.04
2026-03-21 17:12:34 [INFO] No entry signal.
2026-03-21 17:12:34 [INFO] Sleeping for 60 seconds...
2026-03-21 17:13:34 [INFO] BAR 2026-03-21T17:00:00 | Price=70688.00 RSI=56.97 (prev=56.97) EMA50=70642.04 ATR14=378.04
2026-03-21 17:13:34 [INFO] No entry signal.
2026-03-21 17:13:34 [INFO] Sleeping for 60 seconds...
2026-03-21 17:14:35 [INFO] BAR 2026-03-21T17:00:00 | Price=70684.00 RSI=56.81 (prev=56.97) EMA50=70641.88 ATR14=378.04
2026-03-21 17:14:35 [INFO] No entry signal.
2026-03-21 17:14:35 [INFO] Sleeping for 60 seconds...
2026-03-21 17:15:35 [INFO] BAR 2026-03-21T17:00:00 | Price=70672.00 RSI=56.34 (prev=56.97) EMA50=70641.41 ATR14=378.04
2026-03-21 17:15:35 [INFO] No entry signal.
2026-03-21 17:15:35 [INFO] Sleeping for 60 seconds...
2026-03-21 17:16:35 [INFO] BAR 2026-03-21T17:00:00 | Price=70646.00 RSI=55.36 (prev=56.97) EMA50=70640.39 ATR14=379.39
2026-03-21 17:16:35 [INFO] No entry signal.
2026-03-21 17:16:35 [INFO] Sleeping for 60 seconds...
2026-03-21 17:17:35 [INFO] BAR 2026-03-21T17:00:00 | Price=70619.00 RSI=54.37 (prev=56.97) EMA50=70639.34 ATR14=380.97
2026-03-21 17:17:35 [INFO] No entry signal.
2026-03-21 17:17:35 [INFO] Sleeping for 60 seconds...
2026-03-21 17:18:35 [INFO] BAR 2026-03-21T17:00:00 | Price=70626.00 RSI=54.62 (prev=56.97) EMA50=70639.61 ATR14=380.97
2026-03-21 17:18:35 [INFO] No entry signal.
2026-03-21 17:18:35 [INFO] Sleeping for 60 seconds...
2026-03-21 17:19:35 [INFO] BAR 2026-03-21T17:00:00 | Price=70585.00 RSI=53.18 (prev=56.97) EMA50=70638.00 ATR14=383.47
2026-03-21 17:19:35 [INFO] No entry signal.
2026-03-21 17:19:35 [INFO] Sleeping for 60 seconds...
2026-03-21 17:20:35 [INFO] BAR 2026-03-21T17:00:00 | Price=70570.00 RSI=52.67 (prev=56.97) EMA50=70637.41 ATR14=384.47
2026-03-21 17:20:35 [INFO] No entry signal.
2026-03-21 17:20:35 [INFO] Sleeping for 60 seconds...
2026-03-21 17:21:35 [INFO] BAR 2026-03-21T17:00:00 | Price=70553.00 RSI=52.10 (prev=56.97) EMA50=70636.75 ATR14=385.75
2026-03-21 17:21:35 [INFO] No entry signal.
2026-03-21 17:21:35 [INFO] Sleeping for 60 seconds...
2026-03-21 17:22:35 [INFO] BAR 2026-03-21T17:00:00 | Price=70560.00 RSI=52.33 (prev=56.97) EMA50=70637.02 ATR14=385.75
2026-03-21 17:22:35 [INFO] No entry signal.
2026-03-21 17:22:35 [INFO] Sleeping for 60 seconds...
2026-03-21 17:23:35 [INFO] BAR 2026-03-21T17:00:00 | Price=70529.00 RSI=51.32 (prev=56.97) EMA50=70635.81 ATR14=389.04
2026-03-21 17:23:35 [INFO] No entry signal.
2026-03-21 17:23:35 [INFO] Sleeping for 60 seconds...
2026-03-21 17:24:35 [INFO] BAR 2026-03-21T17:00:00 | Price=70524.00 RSI=51.16 (prev=56.97) EMA50=70635.61 ATR14=389.04
2026-03-21 17:24:35 [INFO] No entry signal.
2026-03-21 17:24:35 [INFO] Sleeping for 60 seconds...
2026-03-21 17:25:36 [INFO] BAR 2026-03-21T17:00:00 | Price=70520.00 RSI=51.04 (prev=56.97) EMA50=70635.45 ATR14=389.04
2026-03-21 17:25:36 [INFO] No entry signal.
2026-03-21 17:25:36 [INFO] Sleeping for 60 seconds...
2026-03-21 17:26:36 [INFO] BAR 2026-03-21T17:00:00 | Price=70527.00 RSI=51.26 (prev=56.97) EMA50=70635.73 ATR14=390.54
2026-03-21 17:26:36 [INFO] No entry signal.
2026-03-21 17:26:36 [INFO] Sleeping for 60 seconds...
2026-03-21 17:27:36 [INFO] BAR 2026-03-21T17:00:00 | Price=70527.00 RSI=51.26 (prev=56.97) EMA50=70635.73 ATR14=390.54
2026-03-21 17:27:36 [INFO] No entry signal.
2026-03-21 17:27:36 [INFO] Sleeping for 60 seconds...
2026-03-21 17:28:36 [INFO] BAR 2026-03-21T17:00:00 | Price=70501.00 RSI=50.44 (prev=56.97) EMA50=70634.71 ATR14=390.54
2026-03-21 17:28:36 [INFO] No entry signal.
2026-03-21 17:28:36 [INFO] Sleeping for 60 seconds...
2026-03-21 17:29:36 [INFO] BAR 2026-03-21T17:00:00 | Price=70492.00 RSI=50.17 (prev=56.97) EMA50=70634.35 ATR14=390.82
2026-03-21 17:29:36 [INFO] No entry signal.
2026-03-21 17:29:36 [INFO] Sleeping for 60 seconds...
2026-03-21 17:30:36 [INFO] BAR 2026-03-21T17:00:00 | Price=70464.00 RSI=49.32 (prev=56.97) EMA50=70633.26 ATR14=392.04
2026-03-21 17:30:36 [INFO] No entry signal.
2026-03-21 17:30:36 [INFO] Sleeping for 60 seconds...
2026-03-21 17:31:36 [INFO] BAR 2026-03-21T17:00:00 | Price=70510.00 RSI=50.72 (prev=56.97) EMA50=70635.06 ATR14=392.04
2026-03-21 17:31:36 [INFO] No entry signal.
2026-03-21 17:31:36 [INFO] Sleeping for 60 seconds...
