2026-04-05 08:59:30 [INFO] ======================================================================
2026-04-05 08:59:30 [INFO]  BTC/USDT RSI SWING v6 - LIVE TRADER
2026-04-05 08:59:30 [INFO] ======================================================================
2026-04-05 08:59:30 [INFO] Python version: 3.10.11 (tags/v3.10.11:7d4cc5a, Apr  5 2023, 00:38:17) [MSC v.1929 64 bit (AMD64)]
2026-04-05 08:59:30 [INFO] Working directory: C:\Users\user\Desktop\cursor\trade
2026-04-05 08:59:30 [INFO] Script file: C:\Users\user\Desktop\cursor\trade\hl_rsi_swing_v6.py
2026-04-05 08:59:30 [INFO] Log file: C:\Users\user\Desktop\cursor\trade\rsi_swing_20260405_085930.log
2026-04-05 08:59:30 [INFO] ======================================================================
2026-04-05 08:59:33 [INFO] Live trading enabled: env=mainnet, address=0x7dd9f0C23Fb61CA3f36B8414306310F963093c12
2026-04-05 08:59:33 [INFO] No existing open position on Hyperliquid.
2026-04-05 08:59:33 [INFO] Initialized RSI SWING trader for BTC 4h (rsi_period=14, OS=30.0, OB=70.0, SL=1.5xATR, TP=3.0xATR)
2026-04-05 08:59:33 [INFO] RSI SWING trader initialized successfully
2026-04-05 08:59:33 [INFO] Starting RSI SWING trading loop (live mode)...
2026-04-05 08:59:33 [INFO] BAR 2026-04-05T05:00:00 | Price=67264.00 RSI=51.19 (prev=51.09) EMA50=67494.43 ATR14=655.71
2026-04-05 08:59:33 [INFO] No entry signal.
2026-04-05 08:59:33 [INFO] Sleeping for 60 seconds...
2026-04-05 09:00:33 [INFO] BAR 2026-04-05T09:00:00 | Price=67254.00 RSI=51.04 (prev=51.19) EMA50=67484.95 ATR14=609.59
2026-04-05 09:00:33 [INFO] No entry signal.
2026-04-05 09:00:33 [INFO] Sleeping for 60 seconds...
2026-04-05 09:01:34 [INFO] BAR 2026-04-05T09:00:00 | Price=67264.00 RSI=51.19 (prev=51.19) EMA50=67485.34 ATR14=609.66
2026-04-05 09:01:34 [INFO] No entry signal.
2026-04-05 09:01:34 [INFO] Sleeping for 60 seconds...
2026-04-05 09:02:34 [INFO] BAR 2026-04-05T09:00:00 | Price=67259.00 RSI=51.12 (prev=51.19) EMA50=67485.14 ATR14=609.66
2026-04-05 09:02:34 [INFO] No entry signal.
2026-04-05 09:02:34 [INFO] Sleeping for 60 seconds...
2026-04-05 09:03:35 [INFO] BAR 2026-04-05T09:00:00 | Price=67250.00 RSI=50.99 (prev=51.19) EMA50=67484.79 ATR14=609.95
2026-04-05 09:03:35 [INFO] No entry signal.
2026-04-05 09:03:35 [INFO] Sleeping for 60 seconds...
2026-04-05 09:04:35 [INFO] BAR 2026-04-05T09:00:00 | Price=67250.00 RSI=50.99 (prev=51.19) EMA50=67484.79 ATR14=609.95
2026-04-05 09:04:35 [INFO] No entry signal.
2026-04-05 09:04:35 [INFO] Sleeping for 60 seconds...
2026-04-05 09:05:35 [INFO] BAR 2026-04-05T09:00:00 | Price=67249.00 RSI=50.97 (prev=51.19) EMA50=67484.75 ATR14=609.95
2026-04-05 09:05:35 [INFO] No entry signal.
2026-04-05 09:05:35 [INFO] Sleeping for 60 seconds...
2026-04-05 09:06:36 [INFO] BAR 2026-04-05T09:00:00 | Price=67232.00 RSI=50.73 (prev=51.19) EMA50=67484.08 ATR14=611.16
2026-04-05 09:06:36 [INFO] No entry signal.
2026-04-05 09:06:36 [INFO] Sleeping for 60 seconds...
2026-04-05 09:07:36 [INFO] BAR 2026-04-05T09:00:00 | Price=67226.00 RSI=50.64 (prev=51.19) EMA50=67483.85 ATR14=611.59
2026-04-05 09:07:36 [INFO] No entry signal.
2026-04-05 09:07:36 [INFO] Sleeping for 60 seconds...
2026-04-05 09:08:36 [INFO] BAR 2026-04-05T09:00:00 | Price=67227.00 RSI=50.65 (prev=51.19) EMA50=67483.89 ATR14=611.59
2026-04-05 09:08:36 [INFO] No entry signal.
2026-04-05 09:08:36 [INFO] Sleeping for 60 seconds...
2026-04-05 09:09:36 [INFO] BAR 2026-04-05T09:00:00 | Price=67234.00 RSI=50.75 (prev=51.19) EMA50=67484.16 ATR14=611.66
2026-04-05 09:09:36 [INFO] No entry signal.
2026-04-05 09:09:36 [INFO] Sleeping for 60 seconds...
2026-04-05 09:10:36 [INFO] BAR 2026-04-05T09:00:00 | Price=67220.00 RSI=50.55 (prev=51.19) EMA50=67483.61 ATR14=612.02
2026-04-05 09:10:36 [INFO] No entry signal.
2026-04-05 09:10:36 [INFO] Sleeping for 60 seconds...
2026-04-05 09:11:36 [INFO] BAR 2026-04-05T09:00:00 | Price=67219.00 RSI=50.54 (prev=51.19) EMA50=67483.58 ATR14=612.09
2026-04-05 09:11:36 [INFO] No entry signal.
2026-04-05 09:11:36 [INFO] Sleeping for 60 seconds...
2026-04-05 09:12:36 [INFO] BAR 2026-04-05T09:00:00 | Price=67201.00 RSI=50.28 (prev=51.19) EMA50=67482.87 ATR14=613.45
2026-04-05 09:12:36 [INFO] No entry signal.
2026-04-05 09:12:36 [INFO] Sleeping for 60 seconds...
2026-04-05 09:13:36 [INFO] BAR 2026-04-05T09:00:00 | Price=67214.00 RSI=50.47 (prev=51.19) EMA50=67483.38 ATR14=613.45
2026-04-05 09:13:36 [INFO] No entry signal.
2026-04-05 09:13:36 [INFO] Sleeping for 60 seconds...
2026-04-05 09:14:36 [INFO] BAR 2026-04-05T09:00:00 | Price=67215.00 RSI=50.48 (prev=51.19) EMA50=67483.42 ATR14=613.45
2026-04-05 09:14:36 [INFO] No entry signal.
2026-04-05 09:14:36 [INFO] Sleeping for 60 seconds...
2026-04-05 09:15:36 [INFO] BAR 2026-04-05T09:00:00 | Price=67210.00 RSI=50.41 (prev=51.19) EMA50=67483.22 ATR14=613.45
2026-04-05 09:15:36 [INFO] No entry signal.
2026-04-05 09:15:36 [INFO] Sleeping for 60 seconds...
2026-04-05 09:16:36 [INFO] BAR 2026-04-05T09:00:00 | Price=67205.00 RSI=50.34 (prev=51.19) EMA50=67483.03 ATR14=613.45
2026-04-05 09:16:36 [INFO] No entry signal.
2026-04-05 09:16:36 [INFO] Sleeping for 60 seconds...
2026-04-05 09:17:36 [INFO] BAR 2026-04-05T09:00:00 | Price=67211.00 RSI=50.42 (prev=51.19) EMA50=67483.26 ATR14=613.45
2026-04-05 09:17:36 [INFO] No entry signal.
2026-04-05 09:17:36 [INFO] Sleeping for 60 seconds...
2026-04-05 09:18:37 [INFO] BAR 2026-04-05T09:00:00 | Price=67217.00 RSI=50.51 (prev=51.19) EMA50=67483.50 ATR14=613.45
2026-04-05 09:18:37 [INFO] No entry signal.
2026-04-05 09:18:37 [INFO] Sleeping for 60 seconds...
2026-04-05 09:19:37 [INFO] BAR 2026-04-05T09:00:00 | Price=67217.00 RSI=50.51 (prev=51.19) EMA50=67483.50 ATR14=613.45
2026-04-05 09:19:37 [INFO] No entry signal.
2026-04-05 09:19:37 [INFO] Sleeping for 60 seconds...
2026-04-05 09:20:37 [INFO] BAR 2026-04-05T09:00:00 | Price=67212.00 RSI=50.44 (prev=51.19) EMA50=67483.30 ATR14=613.45
2026-04-05 09:20:37 [INFO] No entry signal.
2026-04-05 09:20:37 [INFO] Sleeping for 60 seconds...
2026-04-05 09:21:37 [INFO] BAR 2026-04-05T09:00:00 | Price=67200.00 RSI=50.27 (prev=51.19) EMA50=67482.83 ATR14=613.45
2026-04-05 09:21:37 [INFO] No entry signal.
2026-04-05 09:21:37 [INFO] Sleeping for 60 seconds...
2026-04-05 09:22:37 [INFO] BAR 2026-04-05T09:00:00 | Price=67204.00 RSI=50.33 (prev=51.19) EMA50=67482.99 ATR14=613.45
2026-04-05 09:22:37 [INFO] No entry signal.
2026-04-05 09:22:37 [INFO] Sleeping for 60 seconds...
2026-04-05 09:23:37 [INFO] BAR 2026-04-05T09:00:00 | Price=67199.00 RSI=50.25 (prev=51.19) EMA50=67482.79 ATR14=613.87
2026-04-05 09:23:37 [INFO] No entry signal.
2026-04-05 09:23:37 [INFO] Sleeping for 60 seconds...
2026-04-05 09:24:37 [INFO] BAR 2026-04-05T09:00:00 | Price=67199.00 RSI=50.25 (prev=51.19) EMA50=67482.79 ATR14=613.87
2026-04-05 09:24:37 [INFO] No entry signal.
2026-04-05 09:24:37 [INFO] Sleeping for 60 seconds...
2026-04-05 09:25:37 [INFO] BAR 2026-04-05T09:00:00 | Price=67210.00 RSI=50.41 (prev=51.19) EMA50=67483.22 ATR14=613.87
2026-04-05 09:25:37 [INFO] No entry signal.
2026-04-05 09:25:37 [INFO] Sleeping for 60 seconds...
2026-04-05 09:26:37 [INFO] BAR 2026-04-05T09:00:00 | Price=67206.00 RSI=50.35 (prev=51.19) EMA50=67483.07 ATR14=613.87
2026-04-05 09:26:37 [INFO] No entry signal.
2026-04-05 09:26:37 [INFO] Sleeping for 60 seconds...
2026-04-05 09:27:37 [INFO] BAR 2026-04-05T09:00:00 | Price=67196.00 RSI=50.21 (prev=51.19) EMA50=67482.67 ATR14=613.87
2026-04-05 09:27:37 [INFO] No entry signal.
2026-04-05 09:27:37 [INFO] Sleeping for 60 seconds...
2026-04-05 09:28:37 [INFO] BAR 2026-04-05T09:00:00 | Price=67192.00 RSI=50.16 (prev=51.19) EMA50=67482.52 ATR14=614.09
2026-04-05 09:28:37 [INFO] No entry signal.
2026-04-05 09:28:37 [INFO] Sleeping for 60 seconds...
2026-04-05 09:29:37 [INFO] BAR 2026-04-05T09:00:00 | Price=67184.00 RSI=50.04 (prev=51.19) EMA50=67482.20 ATR14=614.59
2026-04-05 09:29:37 [INFO] No entry signal.
2026-04-05 09:29:37 [INFO] Sleeping for 60 seconds...
2026-04-05 09:30:37 [INFO] BAR 2026-04-05T09:00:00 | Price=67199.00 RSI=50.25 (prev=51.19) EMA50=67482.79 ATR14=614.66
2026-04-05 09:30:37 [INFO] No entry signal.
2026-04-05 09:30:37 [INFO] Sleeping for 60 seconds...
2026-04-05 09:31:37 [INFO] BAR 2026-04-05T09:00:00 | Price=67197.00 RSI=50.23 (prev=51.19) EMA50=67482.71 ATR14=614.66
2026-04-05 09:31:37 [INFO] No entry signal.
2026-04-05 09:31:37 [INFO] Sleeping for 60 seconds...
2026-04-05 09:32:37 [INFO] BAR 2026-04-05T09:00:00 | Price=67198.00 RSI=50.24 (prev=51.19) EMA50=67482.75 ATR14=614.66
2026-04-05 09:32:37 [INFO] No entry signal.
2026-04-05 09:32:37 [INFO] Sleeping for 60 seconds...
2026-04-05 09:33:38 [INFO] BAR 2026-04-05T09:00:00 | Price=67210.00 RSI=50.41 (prev=51.19) EMA50=67483.22 ATR14=614.66
2026-04-05 09:33:38 [INFO] No entry signal.
2026-04-05 09:33:38 [INFO] Sleeping for 60 seconds...
2026-04-05 09:34:38 [INFO] BAR 2026-04-05T09:00:00 | Price=67204.00 RSI=50.33 (prev=51.19) EMA50=67482.99 ATR14=614.66
2026-04-05 09:34:38 [INFO] No entry signal.
2026-04-05 09:34:38 [INFO] Sleeping for 60 seconds...
2026-04-05 09:34:56 [INFO] RSI SWING trading loop stopped by user.
