2026-04-03 20:28:15 [INFO] ======================================================================
2026-04-03 20:28:15 [INFO]  BTC/USDT RSI SWING v6 - LIVE TRADER
2026-04-03 20:28:15 [INFO] ======================================================================
2026-04-03 20:28:15 [INFO] Python version: 3.10.11 (tags/v3.10.11:7d4cc5a, Apr  5 2023, 00:38:17) [MSC v.1929 64 bit (AMD64)]
2026-04-03 20:28:15 [INFO] Working directory: C:\Users\user\Desktop\cursor\trade
2026-04-03 20:28:15 [INFO] Script file: C:\Users\user\Desktop\cursor\trade\hl_rsi_swing_v6.py
2026-04-03 20:28:15 [INFO] Log file: C:\Users\user\Desktop\cursor\trade\rsi_swing_20260403_202815.log
2026-04-03 20:28:15 [INFO] ======================================================================
2026-04-03 20:28:16 [INFO] Live trading enabled: env=mainnet, address=0xE2Ce93147a19c5b8B1dd222499dE0A56987E1188
2026-04-03 20:28:16 [INFO] No existing open position on Hyperliquid.
2026-04-03 20:28:16 [INFO] Initialized RSI SWING trader for BTC 4h (rsi_period=14, OS=30.0, OB=70.0, SL=1.5xATR, TP=3.0xATR)
2026-04-03 20:28:16 [INFO] RSI SWING trader initialized successfully
2026-04-03 20:28:16 [INFO] Starting RSI SWING trading loop (live mode)...
2026-04-03 20:28:16 [INFO] BAR 2026-04-03T17:00:00 | Price=66899.00 RSI=46.51 (prev=47.44) EMA50=67679.60 ATR14=946.78
2026-04-03 20:28:16 [INFO] No entry signal.
2026-04-03 20:28:16 [INFO] Sleeping for 60 seconds...
2026-04-03 20:29:17 [INFO] BAR 2026-04-03T17:00:00 | Price=66927.00 RSI=46.74 (prev=47.44) EMA50=67680.70 ATR14=946.78
2026-04-03 20:29:17 [INFO] No entry signal.
2026-04-03 20:29:17 [INFO] Sleeping for 60 seconds...
2026-04-03 20:30:17 [INFO] BAR 2026-04-03T17:00:00 | Price=66910.00 RSI=46.60 (prev=47.44) EMA50=67680.03 ATR14=946.78
2026-04-03 20:30:17 [INFO] No entry signal.
2026-04-03 20:30:17 [INFO] Sleeping for 60 seconds...
2026-04-03 20:31:17 [INFO] BAR 2026-04-03T17:00:00 | Price=66893.00 RSI=46.47 (prev=47.44) EMA50=67679.37 ATR14=946.78
2026-04-03 20:31:17 [INFO] No entry signal.
2026-04-03 20:31:17 [INFO] Sleeping for 60 seconds...
2026-04-03 20:32:17 [INFO] BAR 2026-04-03T17:00:00 | Price=66889.00 RSI=46.44 (prev=47.44) EMA50=67679.21 ATR14=946.78
2026-04-03 20:32:17 [INFO] No entry signal.
2026-04-03 20:32:17 [INFO] Sleeping for 60 seconds...
2026-04-03 20:33:17 [INFO] BAR 2026-04-03T17:00:00 | Price=66937.00 RSI=46.82 (prev=47.44) EMA50=67681.09 ATR14=946.78
2026-04-03 20:33:17 [INFO] No entry signal.
2026-04-03 20:33:17 [INFO] Sleeping for 60 seconds...
2026-04-03 20:34:17 [INFO] BAR 2026-04-03T17:00:00 | Price=66927.00 RSI=46.74 (prev=47.44) EMA50=67680.70 ATR14=946.78
2026-04-03 20:34:17 [INFO] No entry signal.
2026-04-03 20:34:17 [INFO] Sleeping for 60 seconds...
2026-04-03 20:35:17 [INFO] BAR 2026-04-03T17:00:00 | Price=66936.00 RSI=46.81 (prev=47.44) EMA50=67681.05 ATR14=946.78
2026-04-03 20:35:17 [INFO] No entry signal.
2026-04-03 20:35:17 [INFO] Sleeping for 60 seconds...
2026-04-03 20:36:17 [INFO] BAR 2026-04-03T17:00:00 | Price=66955.00 RSI=46.97 (prev=47.44) EMA50=67681.80 ATR14=946.78
2026-04-03 20:36:17 [INFO] No entry signal.
2026-04-03 20:36:17 [INFO] Sleeping for 60 seconds...
2026-04-03 20:37:17 [INFO] BAR 2026-04-03T17:00:00 | Price=66947.00 RSI=46.90 (prev=47.44) EMA50=67681.48 ATR14=946.78
2026-04-03 20:37:17 [INFO] No entry signal.
2026-04-03 20:37:17 [INFO] Sleeping for 60 seconds...
2026-04-03 20:38:17 [INFO] BAR 2026-04-03T17:00:00 | Price=66962.00 RSI=47.02 (prev=47.44) EMA50=67682.07 ATR14=946.78
2026-04-03 20:38:17 [INFO] No entry signal.
2026-04-03 20:38:17 [INFO] Sleeping for 60 seconds...
2026-04-03 20:39:17 [INFO] BAR 2026-04-03T17:00:00 | Price=66945.00 RSI=46.88 (prev=47.44) EMA50=67681.41 ATR14=946.78
2026-04-03 20:39:17 [INFO] No entry signal.
2026-04-03 20:39:17 [INFO] Sleeping for 60 seconds...
2026-04-03 20:40:17 [INFO] BAR 2026-04-03T17:00:00 | Price=66961.00 RSI=47.01 (prev=47.44) EMA50=67682.03 ATR14=946.78
2026-04-03 20:40:17 [INFO] No entry signal.
2026-04-03 20:40:17 [INFO] Sleeping for 60 seconds...
2026-04-03 20:41:17 [INFO] BAR 2026-04-03T17:00:00 | Price=66951.00 RSI=46.93 (prev=47.44) EMA50=67681.64 ATR14=946.78
2026-04-03 20:41:17 [INFO] No entry signal.
2026-04-03 20:41:17 [INFO] Sleeping for 60 seconds...
2026-04-03 20:42:17 [INFO] BAR 2026-04-03T17:00:00 | Price=66946.00 RSI=46.89 (prev=47.44) EMA50=67681.45 ATR14=946.78
2026-04-03 20:42:17 [INFO] No entry signal.
2026-04-03 20:42:17 [INFO] Sleeping for 60 seconds...
2026-04-03 20:43:18 [INFO] BAR 2026-04-03T17:00:00 | Price=66985.00 RSI=47.21 (prev=47.44) EMA50=67682.97 ATR14=946.78
2026-04-03 20:43:18 [INFO] No entry signal.
2026-04-03 20:43:18 [INFO] Sleeping for 60 seconds...
2026-04-03 20:44:18 [INFO] BAR 2026-04-03T17:00:00 | Price=66978.00 RSI=47.15 (prev=47.44) EMA50=67682.70 ATR14=946.78
2026-04-03 20:44:18 [INFO] No entry signal.
2026-04-03 20:44:18 [INFO] Sleeping for 60 seconds...
2026-04-03 20:45:18 [INFO] BAR 2026-04-03T17:00:00 | Price=66970.00 RSI=47.09 (prev=47.44) EMA50=67682.39 ATR14=946.78
2026-04-03 20:45:18 [INFO] No entry signal.
2026-04-03 20:45:18 [INFO] Sleeping for 60 seconds...
2026-04-03 20:46:18 [INFO] BAR 2026-04-03T17:00:00 | Price=66970.00 RSI=47.09 (prev=47.44) EMA50=67682.39 ATR14=946.78
2026-04-03 20:46:18 [INFO] No entry signal.
2026-04-03 20:46:18 [INFO] Sleeping for 60 seconds...
2026-04-03 20:47:18 [INFO] BAR 2026-04-03T17:00:00 | Price=66989.00 RSI=47.24 (prev=47.44) EMA50=67683.13 ATR14=946.78
2026-04-03 20:47:18 [INFO] No entry signal.
2026-04-03 20:47:18 [INFO] Sleeping for 60 seconds...
2026-04-03 20:48:18 [INFO] BAR 2026-04-03T17:00:00 | Price=66984.00 RSI=47.20 (prev=47.44) EMA50=67682.94 ATR14=946.78
2026-04-03 20:48:18 [INFO] No entry signal.
2026-04-03 20:48:18 [INFO] Sleeping for 60 seconds...
2026-04-03 20:49:18 [INFO] BAR 2026-04-03T17:00:00 | Price=66983.00 RSI=47.19 (prev=47.44) EMA50=67682.90 ATR14=946.78
2026-04-03 20:49:18 [INFO] No entry signal.
2026-04-03 20:49:18 [INFO] Sleeping for 60 seconds...
2026-04-03 20:50:18 [INFO] BAR 2026-04-03T17:00:00 | Price=66916.00 RSI=46.65 (prev=47.44) EMA50=67680.27 ATR14=946.78
2026-04-03 20:50:18 [INFO] No entry signal.
2026-04-03 20:50:18 [INFO] Sleeping for 60 seconds...
2026-04-03 20:51:18 [INFO] BAR 2026-04-03T17:00:00 | Price=66941.00 RSI=46.85 (prev=47.44) EMA50=67681.25 ATR14=946.78
2026-04-03 20:51:18 [INFO] No entry signal.
2026-04-03 20:51:18 [INFO] Sleeping for 60 seconds...
2026-04-03 20:52:18 [INFO] BAR 2026-04-03T17:00:00 | Price=66942.00 RSI=46.86 (prev=47.44) EMA50=67681.29 ATR14=946.78
2026-04-03 20:52:18 [INFO] No entry signal.
2026-04-03 20:52:18 [INFO] Sleeping for 60 seconds...
2026-04-03 20:53:19 [INFO] BAR 2026-04-03T17:00:00 | Price=66976.00 RSI=47.14 (prev=47.44) EMA50=67682.62 ATR14=946.78
2026-04-03 20:53:19 [INFO] No entry signal.
2026-04-03 20:53:19 [INFO] Sleeping for 60 seconds...
2026-04-03 20:54:19 [INFO] BAR 2026-04-03T17:00:00 | Price=66988.00 RSI=47.23 (prev=47.44) EMA50=67683.09 ATR14=946.78
2026-04-03 20:54:19 [INFO] No entry signal.
2026-04-03 20:54:19 [INFO] Sleeping for 60 seconds...
2026-04-03 20:55:19 [INFO] BAR 2026-04-03T17:00:00 | Price=66951.00 RSI=46.93 (prev=47.44) EMA50=67681.64 ATR14=946.78
2026-04-03 20:55:19 [INFO] No entry signal.
2026-04-03 20:55:19 [INFO] Sleeping for 60 seconds...
2026-04-03 20:56:19 [INFO] BAR 2026-04-03T17:00:00 | Price=66979.00 RSI=47.16 (prev=47.44) EMA50=67682.74 ATR14=946.78
2026-04-03 20:56:19 [INFO] No entry signal.
2026-04-03 20:56:19 [INFO] Sleeping for 60 seconds...
2026-04-03 20:57:19 [INFO] BAR 2026-04-03T17:00:00 | Price=66963.00 RSI=47.03 (prev=47.44) EMA50=67682.11 ATR14=946.78
2026-04-03 20:57:19 [INFO] No entry signal.
2026-04-03 20:57:19 [INFO] Sleeping for 60 seconds...
2026-04-03 20:58:19 [INFO] BAR 2026-04-03T17:00:00 | Price=66967.00 RSI=47.06 (prev=47.44) EMA50=67682.27 ATR14=946.78
2026-04-03 20:58:19 [INFO] No entry signal.
2026-04-03 20:58:19 [INFO] Sleeping for 60 seconds...
2026-04-03 20:59:19 [INFO] BAR 2026-04-03T17:00:00 | Price=66963.00 RSI=47.03 (prev=47.44) EMA50=67682.11 ATR14=946.78
2026-04-03 20:59:19 [INFO] No entry signal.
2026-04-03 20:59:19 [INFO] Sleeping for 60 seconds...
2026-04-03 21:00:19 [INFO] BAR 2026-04-03T21:00:00 | Price=66986.00 RSI=47.24 (prev=47.13) EMA50=67655.15 ATR14=880.22
2026-04-03 21:00:19 [INFO] No entry signal.
2026-04-03 21:00:19 [INFO] Sleeping for 60 seconds...
2026-04-03 21:01:19 [INFO] BAR 2026-04-03T21:00:00 | Price=66989.00 RSI=47.27 (prev=47.13) EMA50=67655.27 ATR14=880.22
2026-04-03 21:01:19 [INFO] No entry signal.
2026-04-03 21:01:19 [INFO] Sleeping for 60 seconds...
2026-04-03 21:02:19 [INFO] BAR 2026-04-03T21:00:00 | Price=67020.00 RSI=47.57 (prev=47.13) EMA50=67656.48 ATR14=882.36
2026-04-03 21:02:19 [INFO] No entry signal.
2026-04-03 21:02:19 [INFO] Sleeping for 60 seconds...
2026-04-03 21:03:19 [INFO] BAR 2026-04-03T21:00:00 | Price=66983.00 RSI=47.21 (prev=47.13) EMA50=67655.03 ATR14=882.36
2026-04-03 21:03:19 [INFO] No entry signal.
2026-04-03 21:03:19 [INFO] Sleeping for 60 seconds...
2026-04-03 21:04:19 [INFO] BAR 2026-04-03T21:00:00 | Price=66989.00 RSI=47.27 (prev=47.13) EMA50=67655.27 ATR14=882.36
2026-04-03 21:04:19 [INFO] No entry signal.
2026-04-03 21:04:19 [INFO] Sleeping for 60 seconds...
2026-04-03 21:05:20 [INFO] BAR 2026-04-03T21:00:00 | Price=66979.00 RSI=47.17 (prev=47.13) EMA50=67654.87 ATR14=883.08
2026-04-03 21:05:20 [INFO] No entry signal.
2026-04-03 21:05:20 [INFO] Sleeping for 60 seconds...
2026-04-03 21:06:20 [INFO] BAR 2026-04-03T21:00:00 | Price=66988.00 RSI=47.26 (prev=47.13) EMA50=67655.23 ATR14=883.08
2026-04-03 21:06:20 [INFO] No entry signal.
2026-04-03 21:06:20 [INFO] Sleeping for 60 seconds...
2026-04-03 21:07:20 [INFO] BAR 2026-04-03T21:00:00 | Price=67016.00 RSI=47.53 (prev=47.13) EMA50=67656.32 ATR14=883.08
2026-04-03 21:07:20 [INFO] No entry signal.
2026-04-03 21:07:20 [INFO] Sleeping for 60 seconds...
2026-04-03 21:08:20 [INFO] BAR 2026-04-03T21:00:00 | Price=66978.00 RSI=47.16 (prev=47.13) EMA50=67654.83 ATR14=883.08
2026-04-03 21:08:20 [INFO] No entry signal.
2026-04-03 21:08:20 [INFO] Sleeping for 60 seconds...
2026-04-03 21:09:20 [INFO] BAR 2026-04-03T21:00:00 | Price=66992.00 RSI=47.30 (prev=47.13) EMA50=67655.38 ATR14=883.08
2026-04-03 21:09:20 [INFO] No entry signal.
2026-04-03 21:09:20 [INFO] Sleeping for 60 seconds...
2026-04-03 21:10:20 [INFO] BAR 2026-04-03T21:00:00 | Price=66922.00 RSI=46.67 (prev=47.13) EMA50=67652.64 ATR14=886.15
2026-04-03 21:10:20 [INFO] No entry signal.
2026-04-03 21:10:20 [INFO] Sleeping for 60 seconds...
2026-04-03 21:11:20 [INFO] BAR 2026-04-03T21:00:00 | Price=66908.00 RSI=46.55 (prev=47.13) EMA50=67652.09 ATR14=888.36
2026-04-03 21:11:20 [INFO] No entry signal.
2026-04-03 21:11:20 [INFO] Sleeping for 60 seconds...
2026-04-03 21:12:20 [INFO] BAR 2026-04-03T21:00:00 | Price=66925.00 RSI=46.69 (prev=47.13) EMA50=67652.76 ATR14=888.36
2026-04-03 21:12:20 [INFO] No entry signal.
2026-04-03 21:12:20 [INFO] Sleeping for 60 seconds...
2026-04-03 21:13:20 [INFO] BAR 2026-04-03T21:00:00 | Price=66939.00 RSI=46.81 (prev=47.13) EMA50=67653.30 ATR14=888.36
2026-04-03 21:13:20 [INFO] No entry signal.
2026-04-03 21:13:20 [INFO] Sleeping for 60 seconds...
2026-04-03 21:14:20 [INFO] BAR 2026-04-03T21:00:00 | Price=66944.00 RSI=46.86 (prev=47.13) EMA50=67653.50 ATR14=888.36
2026-04-03 21:14:20 [INFO] No entry signal.
2026-04-03 21:14:20 [INFO] Sleeping for 60 seconds...
2026-04-03 21:15:20 [INFO] BAR 2026-04-03T21:00:00 | Price=67028.00 RSI=47.65 (prev=47.13) EMA50=67656.79 ATR14=889.72
2026-04-03 21:15:20 [INFO] No entry signal.
2026-04-03 21:15:20 [INFO] Sleeping for 60 seconds...
2026-04-03 21:16:20 [INFO] BAR 2026-04-03T21:00:00 | Price=66949.00 RSI=46.90 (prev=47.13) EMA50=67653.70 ATR14=889.72
2026-04-03 21:16:20 [INFO] No entry signal.
2026-04-03 21:16:20 [INFO] Sleeping for 60 seconds...
2026-04-03 21:17:20 [INFO] BAR 2026-04-03T21:00:00 | Price=66923.00 RSI=46.67 (prev=47.13) EMA50=67652.68 ATR14=889.72
2026-04-03 21:17:20 [INFO] No entry signal.
2026-04-03 21:17:20 [INFO] Sleeping for 60 seconds...
2026-04-03 21:18:20 [INFO] BAR 2026-04-03T21:00:00 | Price=66917.00 RSI=46.62 (prev=47.13) EMA50=67652.44 ATR14=889.72
2026-04-03 21:18:20 [INFO] No entry signal.
2026-04-03 21:18:20 [INFO] Sleeping for 60 seconds...
2026-04-03 21:19:20 [INFO] BAR 2026-04-03T21:00:00 | Price=66940.00 RSI=46.82 (prev=47.13) EMA50=67653.34 ATR14=889.72
2026-04-03 21:19:20 [INFO] No entry signal.
2026-04-03 21:19:20 [INFO] Sleeping for 60 seconds...
2026-04-03 21:20:21 [INFO] BAR 2026-04-03T21:00:00 | Price=66949.00 RSI=46.90 (prev=47.13) EMA50=67653.70 ATR14=889.72
2026-04-03 21:20:21 [INFO] No entry signal.
2026-04-03 21:20:21 [INFO] Sleeping for 60 seconds...
2026-04-03 21:21:21 [INFO] BAR 2026-04-03T21:00:00 | Price=66958.00 RSI=46.98 (prev=47.13) EMA50=67654.05 ATR14=889.72
2026-04-03 21:21:21 [INFO] No entry signal.
2026-04-03 21:21:21 [INFO] Sleeping for 60 seconds...
2026-04-03 21:22:21 [INFO] BAR 2026-04-03T21:00:00 | Price=66965.00 RSI=47.04 (prev=47.13) EMA50=67654.32 ATR14=889.72
2026-04-03 21:22:21 [INFO] No entry signal.
2026-04-03 21:22:21 [INFO] Sleeping for 60 seconds...
2026-04-03 21:23:21 [INFO] BAR 2026-04-03T21:00:00 | Price=66921.00 RSI=46.66 (prev=47.13) EMA50=67652.60 ATR14=889.72
2026-04-03 21:23:21 [INFO] No entry signal.
2026-04-03 21:23:21 [INFO] Sleeping for 60 seconds...
2026-04-03 21:24:21 [INFO] BAR 2026-04-03T21:00:00 | Price=66903.00 RSI=46.50 (prev=47.13) EMA50=67651.89 ATR14=889.72
2026-04-03 21:24:21 [INFO] No entry signal.
2026-04-03 21:24:21 [INFO] Sleeping for 60 seconds...
2026-04-03 21:25:21 [INFO] BAR 2026-04-03T21:00:00 | Price=66961.00 RSI=47.01 (prev=47.13) EMA50=67654.17 ATR14=889.72
2026-04-03 21:25:21 [INFO] No entry signal.
2026-04-03 21:25:21 [INFO] Sleeping for 60 seconds...
2026-04-03 21:26:21 [INFO] BAR 2026-04-03T21:00:00 | Price=66964.00 RSI=47.03 (prev=47.13) EMA50=67654.29 ATR14=889.72
2026-04-03 21:26:21 [INFO] No entry signal.
2026-04-03 21:26:21 [INFO] Sleeping for 60 seconds...
2026-04-03 21:27:21 [INFO] BAR 2026-04-03T21:00:00 | Price=66978.00 RSI=47.16 (prev=47.13) EMA50=67654.83 ATR14=889.72
2026-04-03 21:27:21 [INFO] No entry signal.
2026-04-03 21:27:21 [INFO] Sleeping for 60 seconds...
2026-04-03 21:28:21 [INFO] BAR 2026-04-03T21:00:00 | Price=67055.00 RSI=47.91 (prev=47.13) EMA50=67657.85 ATR14=895.51
2026-04-03 21:28:21 [INFO] No entry signal.
2026-04-03 21:28:21 [INFO] Sleeping for 60 seconds...
2026-04-03 21:29:21 [INFO] BAR 2026-04-03T21:00:00 | Price=67070.00 RSI=48.05 (prev=47.13) EMA50=67658.44 ATR14=895.51
2026-04-03 21:29:21 [INFO] No entry signal.
2026-04-03 21:29:21 [INFO] Sleeping for 60 seconds...
2026-04-03 21:30:21 [INFO] BAR 2026-04-03T21:00:00 | Price=67128.00 RSI=48.60 (prev=47.13) EMA50=67660.72 ATR14=913.43
2026-04-03 21:30:21 [INFO] No entry signal.
2026-04-03 21:30:21 [INFO] Sleeping for 60 seconds...
2026-04-03 21:31:21 [INFO] BAR 2026-04-03T21:00:00 | Price=66857.00 RSI=46.11 (prev=47.13) EMA50=67650.09 ATR14=916.29
2026-04-03 21:31:21 [INFO] No entry signal.
2026-04-03 21:31:21 [INFO] Sleeping for 60 seconds...
2026-04-03 21:32:21 [INFO] BAR 2026-04-03T21:00:00 | Price=66905.00 RSI=46.52 (prev=47.13) EMA50=67651.97 ATR14=917.58
2026-04-03 21:32:21 [INFO] No entry signal.
2026-04-03 21:32:21 [INFO] Sleeping for 60 seconds...
2026-04-03 21:33:21 [INFO] BAR 2026-04-03T21:00:00 | Price=66920.00 RSI=46.65 (prev=47.13) EMA50=67652.56 ATR14=917.58
2026-04-03 21:33:21 [INFO] No entry signal.
2026-04-03 21:33:21 [INFO] Sleeping for 60 seconds...
2026-04-03 21:34:22 [INFO] BAR 2026-04-03T21:00:00 | Price=66863.00 RSI=46.16 (prev=47.13) EMA50=67650.32 ATR14=917.58
2026-04-03 21:34:22 [INFO] No entry signal.
2026-04-03 21:34:22 [INFO] Sleeping for 60 seconds...
2026-04-03 21:35:22 [INFO] BAR 2026-04-03T21:00:00 | Price=66909.00 RSI=46.55 (prev=47.13) EMA50=67652.13 ATR14=917.58
2026-04-03 21:35:22 [INFO] No entry signal.
2026-04-03 21:35:22 [INFO] Sleeping for 60 seconds...
2026-04-03 21:36:22 [INFO] BAR 2026-04-03T21:00:00 | Price=66818.00 RSI=45.78 (prev=47.13) EMA50=67648.56 ATR14=919.51
2026-04-03 21:36:22 [INFO] No entry signal.
2026-04-03 21:36:22 [INFO] Sleeping for 60 seconds...
2026-04-03 21:37:22 [INFO] BAR 2026-04-03T21:00:00 | Price=66789.00 RSI=45.54 (prev=47.13) EMA50=67647.42 ATR14=920.79
2026-04-03 21:37:22 [INFO] No entry signal.
2026-04-03 21:37:22 [INFO] Sleeping for 60 seconds...
2026-04-03 21:38:22 [INFO] BAR 2026-04-03T21:00:00 | Price=66795.00 RSI=45.59 (prev=47.13) EMA50=67647.66 ATR14=921.65
2026-04-03 21:38:22 [INFO] No entry signal.
2026-04-03 21:38:22 [INFO] Sleeping for 60 seconds...
2026-04-03 21:39:22 [INFO] BAR 2026-04-03T21:00:00 | Price=66792.00 RSI=45.57 (prev=47.13) EMA50=67647.54 ATR14=922.58
2026-04-03 21:39:22 [INFO] No entry signal.
2026-04-03 21:39:22 [INFO] Sleeping for 60 seconds...
2026-04-03 21:40:22 [INFO] BAR 2026-04-03T21:00:00 | Price=66841.00 RSI=45.98 (prev=47.13) EMA50=67649.46 ATR14=922.58
2026-04-03 21:40:22 [INFO] No entry signal.
2026-04-03 21:40:22 [INFO] Sleeping for 60 seconds...
2026-04-03 21:41:22 [INFO] BAR 2026-04-03T21:00:00 | Price=66765.00 RSI=45.35 (prev=47.13) EMA50=67646.48 ATR14=922.58
2026-04-03 21:41:22 [INFO] No entry signal.
2026-04-03 21:41:22 [INFO] Sleeping for 60 seconds...
2026-04-03 21:42:22 [INFO] BAR 2026-04-03T21:00:00 | Price=66799.00 RSI=45.63 (prev=47.13) EMA50=67647.81 ATR14=922.72
2026-04-03 21:42:22 [INFO] No entry signal.
2026-04-03 21:42:22 [INFO] Sleeping for 60 seconds...
2026-04-03 21:43:22 [INFO] BAR 2026-04-03T21:00:00 | Price=66845.00 RSI=46.01 (prev=47.13) EMA50=67649.62 ATR14=922.72
2026-04-03 21:43:22 [INFO] No entry signal.
2026-04-03 21:43:22 [INFO] Sleeping for 60 seconds...
2026-04-03 21:44:22 [INFO] BAR 2026-04-03T21:00:00 | Price=66818.00 RSI=45.78 (prev=47.13) EMA50=67648.56 ATR14=922.72
2026-04-03 21:44:22 [INFO] No entry signal.
2026-04-03 21:44:22 [INFO] Sleeping for 60 seconds...
2026-04-03 21:45:22 [INFO] BAR 2026-04-03T21:00:00 | Price=66838.00 RSI=45.95 (prev=47.13) EMA50=67649.34 ATR14=922.72
2026-04-03 21:45:22 [INFO] No entry signal.
2026-04-03 21:45:22 [INFO] Sleeping for 60 seconds...
2026-04-03 21:46:23 [INFO] BAR 2026-04-03T21:00:00 | Price=66854.00 RSI=46.09 (prev=47.13) EMA50=67649.97 ATR14=922.72
2026-04-03 21:46:23 [INFO] No entry signal.
2026-04-03 21:46:23 [INFO] Sleeping for 60 seconds...
2026-04-03 21:47:23 [INFO] BAR 2026-04-03T21:00:00 | Price=66836.00 RSI=45.93 (prev=47.13) EMA50=67649.27 ATR14=922.72
2026-04-03 21:47:23 [INFO] No entry signal.
2026-04-03 21:47:23 [INFO] Sleeping for 60 seconds...
2026-04-03 21:48:23 [INFO] BAR 2026-04-03T21:00:00 | Price=66824.00 RSI=45.83 (prev=47.13) EMA50=67648.79 ATR14=922.72
2026-04-03 21:48:23 [INFO] No entry signal.
2026-04-03 21:48:23 [INFO] Sleeping for 60 seconds...
2026-04-03 21:49:23 [INFO] BAR 2026-04-03T21:00:00 | Price=66745.00 RSI=45.19 (prev=47.13) EMA50=67645.70 ATR14=923.86
2026-04-03 21:49:23 [INFO] No entry signal.
2026-04-03 21:49:23 [INFO] Sleeping for 60 seconds...
2026-04-03 21:50:23 [INFO] BAR 2026-04-03T21:00:00 | Price=66651.00 RSI=44.44 (prev=47.13) EMA50=67642.01 ATR14=930.58
2026-04-03 21:50:23 [INFO] No entry signal.
2026-04-03 21:50:23 [INFO] Sleeping for 60 seconds...
2026-04-03 21:51:23 [INFO] BAR 2026-04-03T21:00:00 | Price=66725.00 RSI=45.02 (prev=47.13) EMA50=67644.91 ATR14=934.43
2026-04-03 21:51:23 [INFO] No entry signal.
2026-04-03 21:51:23 [INFO] Sleeping for 60 seconds...
2026-04-03 21:52:23 [INFO] BAR 2026-04-03T21:00:00 | Price=66727.00 RSI=45.04 (prev=47.13) EMA50=67644.99 ATR14=934.43
2026-04-03 21:52:23 [INFO] No entry signal.
2026-04-03 21:52:23 [INFO] Sleeping for 60 seconds...
2026-04-03 21:53:23 [INFO] BAR 2026-04-03T21:00:00 | Price=66738.00 RSI=45.13 (prev=47.13) EMA50=67645.42 ATR14=934.43
2026-04-03 21:53:23 [INFO] No entry signal.
2026-04-03 21:53:23 [INFO] Sleeping for 60 seconds...
2026-04-03 21:54:23 [INFO] BAR 2026-04-03T21:00:00 | Price=66745.00 RSI=45.19 (prev=47.13) EMA50=67645.70 ATR14=934.43
2026-04-03 21:54:23 [INFO] No entry signal.
2026-04-03 21:54:23 [INFO] Sleeping for 60 seconds...
2026-04-03 21:55:23 [INFO] BAR 2026-04-03T21:00:00 | Price=66741.00 RSI=45.15 (prev=47.13) EMA50=67645.54 ATR14=934.43
2026-04-03 21:55:23 [INFO] No entry signal.
2026-04-03 21:55:23 [INFO] Sleeping for 60 seconds...
2026-04-03 21:56:23 [INFO] BAR 2026-04-03T21:00:00 | Price=66722.00 RSI=45.00 (prev=47.13) EMA50=67644.79 ATR14=934.43
2026-04-03 21:56:23 [INFO] No entry signal.
2026-04-03 21:56:23 [INFO] Sleeping for 60 seconds...
2026-04-03 21:57:23 [INFO] BAR 2026-04-03T21:00:00 | Price=66758.00 RSI=45.29 (prev=47.13) EMA50=67646.21 ATR14=934.43
2026-04-03 21:57:23 [INFO] No entry signal.
2026-04-03 21:57:23 [INFO] Sleeping for 60 seconds...
2026-04-03 21:58:23 [INFO] BAR 2026-04-03T21:00:00 | Price=66728.00 RSI=45.05 (prev=47.13) EMA50=67645.03 ATR14=934.43
2026-04-03 21:58:23 [INFO] No entry signal.
2026-04-03 21:58:23 [INFO] Sleeping for 60 seconds...
2026-04-03 21:59:24 [INFO] BAR 2026-04-03T21:00:00 | Price=66721.00 RSI=44.99 (prev=47.13) EMA50=67644.76 ATR14=934.43
2026-04-03 21:59:24 [INFO] No entry signal.
2026-04-03 21:59:24 [INFO] Sleeping for 60 seconds...
2026-04-03 22:00:24 [INFO] BAR 2026-04-03T21:00:00 | Price=66668.00 RSI=44.57 (prev=47.13) EMA50=67642.68 ATR14=934.43
2026-04-03 22:00:24 [INFO] No entry signal.
2026-04-03 22:00:24 [INFO] Sleeping for 60 seconds...
2026-04-03 22:01:24 [INFO] BAR 2026-04-03T21:00:00 | Price=66639.00 RSI=44.34 (prev=47.13) EMA50=67641.54 ATR14=934.43
2026-04-03 22:01:24 [INFO] No entry signal.
2026-04-03 22:01:24 [INFO] Sleeping for 60 seconds...
2026-04-03 22:02:24 [INFO] BAR 2026-04-03T21:00:00 | Price=66694.00 RSI=44.78 (prev=47.13) EMA50=67643.70 ATR14=934.43
2026-04-03 22:02:24 [INFO] No entry signal.
2026-04-03 22:02:24 [INFO] Sleeping for 60 seconds...
2026-04-03 22:03:24 [INFO] BAR 2026-04-03T21:00:00 | Price=66675.00 RSI=44.63 (prev=47.13) EMA50=67642.95 ATR14=934.43
2026-04-03 22:03:24 [INFO] No entry signal.
2026-04-03 22:03:24 [INFO] Sleeping for 60 seconds...
2026-04-03 22:04:24 [INFO] BAR 2026-04-03T21:00:00 | Price=66649.00 RSI=44.42 (prev=47.13) EMA50=67641.93 ATR14=934.43
2026-04-03 22:04:24 [INFO] No entry signal.
2026-04-03 22:04:24 [INFO] Sleeping for 60 seconds...
2026-04-03 22:05:24 [INFO] BAR 2026-04-03T21:00:00 | Price=66641.00 RSI=44.36 (prev=47.13) EMA50=67641.62 ATR14=935.72
2026-04-03 22:05:24 [INFO] No entry signal.
2026-04-03 22:05:24 [INFO] Sleeping for 60 seconds...
2026-04-03 22:06:24 [INFO] BAR 2026-04-03T21:00:00 | Price=66671.00 RSI=44.59 (prev=47.13) EMA50=67642.79 ATR14=935.72
2026-04-03 22:06:24 [INFO] No entry signal.
2026-04-03 22:06:24 [INFO] Sleeping for 60 seconds...
2026-04-03 22:07:24 [INFO] BAR 2026-04-03T21:00:00 | Price=66620.00 RSI=44.20 (prev=47.13) EMA50=67640.79 ATR14=935.72
2026-04-03 22:07:24 [INFO] No entry signal.
2026-04-03 22:07:24 [INFO] Sleeping for 60 seconds...
2026-04-03 22:08:24 [INFO] BAR 2026-04-03T21:00:00 | Price=66615.00 RSI=44.16 (prev=47.13) EMA50=67640.60 ATR14=935.72
2026-04-03 22:08:24 [INFO] No entry signal.
2026-04-03 22:08:24 [INFO] Sleeping for 60 seconds...
2026-04-03 22:09:24 [INFO] BAR 2026-04-03T21:00:00 | Price=66571.00 RSI=43.82 (prev=47.13) EMA50=67638.87 ATR14=938.51
2026-04-03 22:09:24 [INFO] No entry signal.
2026-04-03 22:09:24 [INFO] Sleeping for 60 seconds...
2026-04-03 22:10:24 [INFO] BAR 2026-04-03T21:00:00 | Price=66556.00 RSI=43.71 (prev=47.13) EMA50=67638.29 ATR14=938.51
2026-04-03 22:10:24 [INFO] No entry signal.
2026-04-03 22:10:24 [INFO] Sleeping for 60 seconds...
2026-04-03 22:11:25 [INFO] BAR 2026-04-03T21:00:00 | Price=66540.00 RSI=43.58 (prev=47.13) EMA50=67637.66 ATR14=939.86
2026-04-03 22:11:25 [INFO] No entry signal.
2026-04-03 22:11:25 [INFO] Sleeping for 60 seconds...
2026-04-03 22:12:25 [INFO] BAR 2026-04-03T21:00:00 | Price=66554.00 RSI=43.69 (prev=47.13) EMA50=67638.21 ATR14=939.86
2026-04-03 22:12:25 [INFO] No entry signal.
2026-04-03 22:12:25 [INFO] Sleeping for 60 seconds...
2026-04-03 22:13:25 [INFO] BAR 2026-04-03T21:00:00 | Price=66590.00 RSI=43.96 (prev=47.13) EMA50=67639.62 ATR14=939.86
2026-04-03 22:13:25 [INFO] No entry signal.
2026-04-03 22:13:25 [INFO] Sleeping for 60 seconds...
2026-04-03 22:14:25 [INFO] BAR 2026-04-03T21:00:00 | Price=66618.00 RSI=44.18 (prev=47.13) EMA50=67640.72 ATR14=939.86
2026-04-03 22:14:25 [INFO] No entry signal.
2026-04-03 22:14:25 [INFO] Sleeping for 60 seconds...
2026-04-03 22:15:25 [INFO] BAR 2026-04-03T21:00:00 | Price=66654.00 RSI=44.46 (prev=47.13) EMA50=67642.13 ATR14=939.86
2026-04-03 22:15:25 [INFO] No entry signal.
2026-04-03 22:15:25 [INFO] Sleeping for 60 seconds...
2026-04-03 22:16:25 [INFO] BAR 2026-04-03T21:00:00 | Price=66624.00 RSI=44.23 (prev=47.13) EMA50=67640.95 ATR14=939.86
2026-04-03 22:16:25 [INFO] No entry signal.
2026-04-03 22:16:25 [INFO] Sleeping for 60 seconds...
2026-04-03 22:17:25 [INFO] BAR 2026-04-03T21:00:00 | Price=66571.00 RSI=43.82 (prev=47.13) EMA50=67638.87 ATR14=939.86
2026-04-03 22:17:25 [INFO] No entry signal.
2026-04-03 22:17:25 [INFO] Sleeping for 60 seconds...
2026-04-03 22:18:25 [INFO] BAR 2026-04-03T21:00:00 | Price=66604.00 RSI=44.07 (prev=47.13) EMA50=67640.17 ATR14=939.86
2026-04-03 22:18:25 [INFO] No entry signal.
2026-04-03 22:18:25 [INFO] Sleeping for 60 seconds...
2026-04-03 22:19:25 [INFO] BAR 2026-04-03T21:00:00 | Price=66642.00 RSI=44.37 (prev=47.13) EMA50=67641.66 ATR14=939.86
2026-04-03 22:19:25 [INFO] No entry signal.
2026-04-03 22:19:25 [INFO] Sleeping for 60 seconds...
2026-04-03 22:20:25 [INFO] BAR 2026-04-03T21:00:00 | Price=66658.00 RSI=44.49 (prev=47.13) EMA50=67642.29 ATR14=939.86
2026-04-03 22:20:25 [INFO] No entry signal.
2026-04-03 22:20:25 [INFO] Sleeping for 60 seconds...
2026-04-03 22:21:25 [INFO] BAR 2026-04-03T21:00:00 | Price=66677.00 RSI=44.64 (prev=47.13) EMA50=67643.03 ATR14=939.86
2026-04-03 22:21:25 [INFO] No entry signal.
2026-04-03 22:21:25 [INFO] Sleeping for 60 seconds...
2026-04-03 22:22:26 [INFO] BAR 2026-04-03T21:00:00 | Price=66676.00 RSI=44.63 (prev=47.13) EMA50=67642.99 ATR14=939.86
2026-04-03 22:22:26 [INFO] No entry signal.
2026-04-03 22:22:26 [INFO] Sleeping for 60 seconds...
2026-04-03 22:23:26 [INFO] BAR 2026-04-03T21:00:00 | Price=66679.00 RSI=44.66 (prev=47.13) EMA50=67643.11 ATR14=939.86
2026-04-03 22:23:26 [INFO] No entry signal.
2026-04-03 22:23:26 [INFO] Sleeping for 60 seconds...
2026-04-03 22:24:26 [INFO] BAR 2026-04-03T21:00:00 | Price=66680.00 RSI=44.67 (prev=47.13) EMA50=67643.15 ATR14=939.86
2026-04-03 22:24:26 [INFO] No entry signal.
2026-04-03 22:24:26 [INFO] Sleeping for 60 seconds...
2026-04-03 22:25:26 [INFO] BAR 2026-04-03T21:00:00 | Price=66672.00 RSI=44.60 (prev=47.13) EMA50=67642.83 ATR14=939.86
2026-04-03 22:25:26 [INFO] No entry signal.
2026-04-03 22:25:26 [INFO] Sleeping for 60 seconds...
2026-04-03 22:26:26 [INFO] BAR 2026-04-03T21:00:00 | Price=66691.00 RSI=44.75 (prev=47.13) EMA50=67643.58 ATR14=939.86
2026-04-03 22:26:26 [INFO] No entry signal.
2026-04-03 22:26:26 [INFO] Sleeping for 60 seconds...
2026-04-03 22:27:26 [INFO] BAR 2026-04-03T21:00:00 | Price=66646.00 RSI=44.40 (prev=47.13) EMA50=67641.81 ATR14=939.86
2026-04-03 22:27:26 [INFO] No entry signal.
2026-04-03 22:27:26 [INFO] Sleeping for 60 seconds...
2026-04-03 22:28:26 [INFO] BAR 2026-04-03T21:00:00 | Price=66655.00 RSI=44.47 (prev=47.13) EMA50=67642.17 ATR14=939.86
2026-04-03 22:28:26 [INFO] No entry signal.
2026-04-03 22:28:26 [INFO] Sleeping for 60 seconds...
2026-04-03 22:29:26 [INFO] BAR 2026-04-03T21:00:00 | Price=66630.00 RSI=44.27 (prev=47.13) EMA50=67641.19 ATR14=939.86
2026-04-03 22:29:26 [INFO] No entry signal.
2026-04-03 22:29:26 [INFO] Sleeping for 60 seconds...
2026-04-03 22:30:26 [INFO] BAR 2026-04-03T21:00:00 | Price=66636.00 RSI=44.32 (prev=47.13) EMA50=67641.42 ATR14=939.86
2026-04-03 22:30:26 [INFO] No entry signal.
2026-04-03 22:30:26 [INFO] Sleeping for 60 seconds...
2026-04-03 22:31:26 [INFO] BAR 2026-04-03T21:00:00 | Price=66622.00 RSI=44.21 (prev=47.13) EMA50=67640.87 ATR14=939.86
2026-04-03 22:31:26 [INFO] No entry signal.
2026-04-03 22:31:26 [INFO] Sleeping for 60 seconds...
2026-04-03 22:32:26 [INFO] BAR 2026-04-03T21:00:00 | Price=66634.00 RSI=44.30 (prev=47.13) EMA50=67641.34 ATR14=939.86
2026-04-03 22:32:26 [INFO] No entry signal.
2026-04-03 22:32:26 [INFO] Sleeping for 60 seconds...
2026-04-03 22:33:26 [INFO] BAR 2026-04-03T21:00:00 | Price=66550.00 RSI=43.66 (prev=47.13) EMA50=67638.05 ATR14=939.86
2026-04-03 22:33:26 [INFO] No entry signal.
2026-04-03 22:33:26 [INFO] Sleeping for 60 seconds...
2026-04-03 22:34:27 [INFO] BAR 2026-04-03T21:00:00 | Price=66559.00 RSI=43.73 (prev=47.13) EMA50=67638.40 ATR14=939.86
2026-04-03 22:34:27 [INFO] No entry signal.
2026-04-03 22:34:27 [INFO] Sleeping for 60 seconds...
2026-04-03 22:35:27 [INFO] BAR 2026-04-03T21:00:00 | Price=66614.00 RSI=44.15 (prev=47.13) EMA50=67640.56 ATR14=939.86
2026-04-03 22:35:27 [INFO] No entry signal.
2026-04-03 22:35:27 [INFO] Sleeping for 60 seconds...
2026-04-03 22:36:27 [INFO] BAR 2026-04-03T21:00:00 | Price=66601.00 RSI=44.05 (prev=47.13) EMA50=67640.05 ATR14=939.86
2026-04-03 22:36:27 [INFO] No entry signal.
2026-04-03 22:36:27 [INFO] Sleeping for 60 seconds...
2026-04-03 22:37:27 [INFO] BAR 2026-04-03T21:00:00 | Price=66603.00 RSI=44.06 (prev=47.13) EMA50=67640.13 ATR14=939.86
2026-04-03 22:37:27 [INFO] No entry signal.
2026-04-03 22:37:27 [INFO] Sleeping for 60 seconds...
2026-04-03 22:38:27 [INFO] BAR 2026-04-03T21:00:00 | Price=66585.00 RSI=43.93 (prev=47.13) EMA50=67639.42 ATR14=939.86
2026-04-03 22:38:27 [INFO] No entry signal.
2026-04-03 22:38:27 [INFO] Sleeping for 60 seconds...
2026-04-03 22:39:27 [INFO] BAR 2026-04-03T21:00:00 | Price=66577.00 RSI=43.87 (prev=47.13) EMA50=67639.11 ATR14=939.86
2026-04-03 22:39:27 [INFO] No entry signal.
2026-04-03 22:39:27 [INFO] Sleeping for 60 seconds...
2026-04-03 22:40:27 [INFO] BAR 2026-04-03T21:00:00 | Price=66570.00 RSI=43.81 (prev=47.13) EMA50=67638.83 ATR14=939.86
2026-04-03 22:40:27 [INFO] No entry signal.
2026-04-03 22:40:27 [INFO] Sleeping for 60 seconds...
2026-04-03 22:41:27 [INFO] BAR 2026-04-03T21:00:00 | Price=66548.00 RSI=43.64 (prev=47.13) EMA50=67637.97 ATR14=939.86
2026-04-03 22:41:27 [INFO] No entry signal.
2026-04-03 22:41:27 [INFO] Sleeping for 60 seconds...
2026-04-03 22:42:27 [INFO] BAR 2026-04-03T21:00:00 | Price=66592.00 RSI=43.98 (prev=47.13) EMA50=67639.70 ATR14=939.86
2026-04-03 22:42:27 [INFO] No entry signal.
2026-04-03 22:42:27 [INFO] Sleeping for 60 seconds...
2026-04-03 22:43:28 [INFO] BAR 2026-04-03T21:00:00 | Price=66568.00 RSI=43.80 (prev=47.13) EMA50=67638.76 ATR14=939.86
2026-04-03 22:43:28 [INFO] No entry signal.
2026-04-03 22:43:28 [INFO] Sleeping for 60 seconds...
2026-04-03 22:44:28 [INFO] BAR 2026-04-03T21:00:00 | Price=66567.00 RSI=43.79 (prev=47.13) EMA50=67638.72 ATR14=939.86
2026-04-03 22:44:28 [INFO] No entry signal.
2026-04-03 22:44:28 [INFO] Sleeping for 60 seconds...
2026-04-03 22:45:28 [INFO] BAR 2026-04-03T21:00:00 | Price=66564.00 RSI=43.77 (prev=47.13) EMA50=67638.60 ATR14=939.86
2026-04-03 22:45:28 [INFO] No entry signal.
2026-04-03 22:45:28 [INFO] Sleeping for 60 seconds...
2026-04-03 22:46:28 [INFO] BAR 2026-04-03T21:00:00 | Price=66582.00 RSI=43.90 (prev=47.13) EMA50=67639.30 ATR14=939.86
2026-04-03 22:46:28 [INFO] No entry signal.
2026-04-03 22:46:28 [INFO] Sleeping for 60 seconds...
2026-04-03 22:47:28 [INFO] BAR 2026-04-03T21:00:00 | Price=66578.00 RSI=43.87 (prev=47.13) EMA50=67639.15 ATR14=939.86
2026-04-03 22:47:28 [INFO] No entry signal.
2026-04-03 22:47:28 [INFO] Sleeping for 60 seconds...
2026-04-03 22:48:28 [INFO] BAR 2026-04-03T21:00:00 | Price=66514.00 RSI=43.39 (prev=47.13) EMA50=67636.64 ATR14=940.72
2026-04-03 22:48:28 [INFO] No entry signal.
2026-04-03 22:48:28 [INFO] Sleeping for 60 seconds...
2026-04-03 22:49:28 [INFO] BAR 2026-04-03T21:00:00 | Price=66480.00 RSI=43.14 (prev=47.13) EMA50=67635.30 ATR14=942.79
2026-04-03 22:49:28 [INFO] No entry signal.
2026-04-03 22:49:28 [INFO] Sleeping for 60 seconds...
2026-04-03 22:50:28 [INFO] BAR 2026-04-03T21:00:00 | Price=66487.00 RSI=43.19 (prev=47.13) EMA50=67635.58 ATR14=942.79
2026-04-03 22:50:28 [INFO] No entry signal.
2026-04-03 22:50:28 [INFO] Sleeping for 60 seconds...
2026-04-03 22:51:28 [INFO] BAR 2026-04-03T21:00:00 | Price=66488.00 RSI=43.20 (prev=47.13) EMA50=67635.62 ATR14=942.79
2026-04-03 22:51:28 [INFO] No entry signal.
2026-04-03 22:51:28 [INFO] Sleeping for 60 seconds...
2026-04-03 22:52:28 [INFO] BAR 2026-04-03T21:00:00 | Price=66507.00 RSI=43.34 (prev=47.13) EMA50=67636.36 ATR14=942.79
2026-04-03 22:52:28 [INFO] No entry signal.
2026-04-03 22:52:28 [INFO] Sleeping for 60 seconds...
2026-04-03 22:53:28 [INFO] BAR 2026-04-03T21:00:00 | Price=66570.00 RSI=43.81 (prev=47.13) EMA50=67638.83 ATR14=942.79
2026-04-03 22:53:28 [INFO] No entry signal.
2026-04-03 22:53:28 [INFO] Sleeping for 60 seconds...
2026-04-03 22:54:28 [INFO] BAR 2026-04-03T21:00:00 | Price=66635.00 RSI=44.31 (prev=47.13) EMA50=67641.38 ATR14=942.79
2026-04-03 22:54:28 [INFO] No entry signal.
2026-04-03 22:54:28 [INFO] Sleeping for 60 seconds...
2026-04-03 22:55:28 [INFO] BAR 2026-04-03T21:00:00 | Price=66639.00 RSI=44.34 (prev=47.13) EMA50=67641.54 ATR14=942.79
2026-04-03 22:55:28 [INFO] No entry signal.
2026-04-03 22:55:28 [INFO] Sleeping for 60 seconds...
2026-04-03 22:56:29 [INFO] BAR 2026-04-03T21:00:00 | Price=66603.00 RSI=44.06 (prev=47.13) EMA50=67640.13 ATR14=942.79
2026-04-03 22:56:29 [INFO] No entry signal.
2026-04-03 22:56:29 [INFO] Sleeping for 60 seconds...
2026-04-03 22:57:29 [INFO] BAR 2026-04-03T21:00:00 | Price=66595.00 RSI=44.00 (prev=47.13) EMA50=67639.81 ATR14=942.79
2026-04-03 22:57:29 [INFO] No entry signal.
2026-04-03 22:57:29 [INFO] Sleeping for 60 seconds...
2026-04-03 22:58:29 [INFO] BAR 2026-04-03T21:00:00 | Price=66637.00 RSI=44.33 (prev=47.13) EMA50=67641.46 ATR14=942.79
2026-04-03 22:58:29 [INFO] No entry signal.
2026-04-03 22:58:29 [INFO] Sleeping for 60 seconds...
2026-04-03 22:59:29 [INFO] BAR 2026-04-03T21:00:00 | Price=66631.00 RSI=44.28 (prev=47.13) EMA50=67641.23 ATR14=942.79
2026-04-03 22:59:29 [INFO] No entry signal.
2026-04-03 22:59:29 [INFO] Sleeping for 60 seconds...
2026-04-03 23:00:29 [INFO] BAR 2026-04-03T21:00:00 | Price=66627.00 RSI=44.25 (prev=47.13) EMA50=67641.07 ATR14=942.79
2026-04-03 23:00:29 [INFO] No entry signal.
2026-04-03 23:00:29 [INFO] Sleeping for 60 seconds...
2026-04-03 23:01:29 [INFO] BAR 2026-04-03T21:00:00 | Price=66615.00 RSI=44.16 (prev=47.13) EMA50=67640.60 ATR14=942.79
2026-04-03 23:01:29 [INFO] No entry signal.
2026-04-03 23:01:29 [INFO] Sleeping for 60 seconds...
2026-04-03 23:02:29 [INFO] BAR 2026-04-03T21:00:00 | Price=66629.00 RSI=44.27 (prev=47.13) EMA50=67641.15 ATR14=942.79
2026-04-03 23:02:29 [INFO] No entry signal.
2026-04-03 23:02:29 [INFO] Sleeping for 60 seconds...
2026-04-03 23:03:29 [INFO] BAR 2026-04-03T21:00:00 | Price=66656.00 RSI=44.48 (prev=47.13) EMA50=67642.21 ATR14=942.79
2026-04-03 23:03:29 [INFO] No entry signal.
2026-04-03 23:03:29 [INFO] Sleeping for 60 seconds...
2026-04-03 23:04:29 [INFO] BAR 2026-04-03T21:00:00 | Price=66730.00 RSI=45.06 (prev=47.13) EMA50=67645.11 ATR14=942.79
2026-04-03 23:04:29 [INFO] No entry signal.
2026-04-03 23:04:29 [INFO] Sleeping for 60 seconds...
2026-04-03 23:05:30 [INFO] BAR 2026-04-03T21:00:00 | Price=66705.00 RSI=44.86 (prev=47.13) EMA50=67644.13 ATR14=942.79
2026-04-03 23:05:30 [INFO] No entry signal.
2026-04-03 23:05:30 [INFO] Sleeping for 60 seconds...
2026-04-03 23:06:30 [INFO] BAR 2026-04-03T21:00:00 | Price=66755.00 RSI=45.27 (prev=47.13) EMA50=67646.09 ATR14=942.79
2026-04-03 23:06:30 [INFO] No entry signal.
2026-04-03 23:06:30 [INFO] Sleeping for 60 seconds...
2026-04-03 23:07:30 [INFO] BAR 2026-04-03T21:00:00 | Price=66762.00 RSI=45.32 (prev=47.13) EMA50=67646.36 ATR14=942.79
2026-04-03 23:07:30 [INFO] No entry signal.
2026-04-03 23:07:30 [INFO] Sleeping for 60 seconds...
2026-04-03 23:08:30 [INFO] BAR 2026-04-03T21:00:00 | Price=66748.00 RSI=45.21 (prev=47.13) EMA50=67645.81 ATR14=942.79
2026-04-03 23:08:30 [INFO] No entry signal.
2026-04-03 23:08:30 [INFO] Sleeping for 60 seconds...
2026-04-03 23:09:30 [INFO] BAR 2026-04-03T21:00:00 | Price=66743.00 RSI=45.17 (prev=47.13) EMA50=67645.62 ATR14=942.79
2026-04-03 23:09:30 [INFO] No entry signal.
2026-04-03 23:09:30 [INFO] Sleeping for 60 seconds...
2026-04-03 23:10:30 [INFO] BAR 2026-04-03T21:00:00 | Price=66725.00 RSI=45.02 (prev=47.13) EMA50=67644.91 ATR14=942.79
2026-04-03 23:10:30 [INFO] No entry signal.
2026-04-03 23:10:30 [INFO] Sleeping for 60 seconds...
2026-04-03 23:11:30 [INFO] BAR 2026-04-03T21:00:00 | Price=66713.00 RSI=44.93 (prev=47.13) EMA50=67644.44 ATR14=942.79
2026-04-03 23:11:30 [INFO] No entry signal.
2026-04-03 23:11:30 [INFO] Sleeping for 60 seconds...
2026-04-03 23:12:30 [INFO] BAR 2026-04-03T21:00:00 | Price=66706.00 RSI=44.87 (prev=47.13) EMA50=67644.17 ATR14=942.79
2026-04-03 23:12:30 [INFO] No entry signal.
2026-04-03 23:12:30 [INFO] Sleeping for 60 seconds...
2026-04-03 23:13:30 [INFO] BAR 2026-04-03T21:00:00 | Price=66701.00 RSI=44.83 (prev=47.13) EMA50=67643.97 ATR14=942.79
2026-04-03 23:13:30 [INFO] No entry signal.
2026-04-03 23:13:30 [INFO] Sleeping for 60 seconds...
2026-04-03 23:14:30 [INFO] BAR 2026-04-03T21:00:00 | Price=66704.00 RSI=44.86 (prev=47.13) EMA50=67644.09 ATR14=942.79
2026-04-03 23:14:30 [INFO] No entry signal.
2026-04-03 23:14:30 [INFO] Sleeping for 60 seconds...
2026-04-03 23:15:30 [INFO] BAR 2026-04-03T21:00:00 | Price=66739.00 RSI=45.14 (prev=47.13) EMA50=67645.46 ATR14=942.79
2026-04-03 23:15:30 [INFO] No entry signal.
2026-04-03 23:15:30 [INFO] Sleeping for 60 seconds...
2026-04-03 23:16:30 [INFO] BAR 2026-04-03T21:00:00 | Price=66706.00 RSI=44.87 (prev=47.13) EMA50=67644.17 ATR14=942.79
2026-04-03 23:16:30 [INFO] No entry signal.
2026-04-03 23:16:30 [INFO] Sleeping for 60 seconds...
2026-04-03 23:17:30 [INFO] BAR 2026-04-03T21:00:00 | Price=66740.00 RSI=45.15 (prev=47.13) EMA50=67645.50 ATR14=942.79
2026-04-03 23:17:30 [INFO] No entry signal.
2026-04-03 23:17:30 [INFO] Sleeping for 60 seconds...
2026-04-03 23:18:31 [INFO] BAR 2026-04-03T21:00:00 | Price=66726.00 RSI=45.03 (prev=47.13) EMA50=67644.95 ATR14=942.79
2026-04-03 23:18:31 [INFO] No entry signal.
2026-04-03 23:18:31 [INFO] Sleeping for 60 seconds...
2026-04-03 23:19:31 [INFO] BAR 2026-04-03T21:00:00 | Price=66698.00 RSI=44.81 (prev=47.13) EMA50=67643.85 ATR14=942.79
2026-04-03 23:19:31 [INFO] No entry signal.
2026-04-03 23:19:31 [INFO] Sleeping for 60 seconds...
2026-04-03 23:20:31 [INFO] BAR 2026-04-03T21:00:00 | Price=66748.00 RSI=45.21 (prev=47.13) EMA50=67645.81 ATR14=942.79
2026-04-03 23:20:31 [INFO] No entry signal.
2026-04-03 23:20:31 [INFO] Sleeping for 60 seconds...
2026-04-03 23:21:31 [INFO] BAR 2026-04-03T21:00:00 | Price=66791.00 RSI=45.56 (prev=47.13) EMA50=67647.50 ATR14=942.79
2026-04-03 23:21:31 [INFO] No entry signal.
2026-04-03 23:21:31 [INFO] Sleeping for 60 seconds...
2026-04-03 23:22:31 [INFO] BAR 2026-04-03T21:00:00 | Price=66778.00 RSI=45.45 (prev=47.13) EMA50=67646.99 ATR14=942.79
2026-04-03 23:22:31 [INFO] No entry signal.
2026-04-03 23:22:31 [INFO] Sleeping for 60 seconds...
2026-04-03 23:23:32 [INFO] BAR 2026-04-03T21:00:00 | Price=66786.00 RSI=45.52 (prev=47.13) EMA50=67647.30 ATR14=942.79
2026-04-03 23:23:32 [INFO] No entry signal.
2026-04-03 23:23:32 [INFO] Sleeping for 60 seconds...
2026-04-03 23:24:32 [INFO] BAR 2026-04-03T21:00:00 | Price=66802.00 RSI=45.65 (prev=47.13) EMA50=67647.93 ATR14=942.79
2026-04-03 23:24:32 [INFO] No entry signal.
2026-04-03 23:24:32 [INFO] Sleeping for 60 seconds...
2026-04-03 23:25:32 [INFO] BAR 2026-04-03T21:00:00 | Price=66829.00 RSI=45.88 (prev=47.13) EMA50=67648.99 ATR14=942.79
2026-04-03 23:25:32 [INFO] No entry signal.
2026-04-03 23:25:32 [INFO] Sleeping for 60 seconds...
2026-04-03 23:26:32 [INFO] BAR 2026-04-03T21:00:00 | Price=66873.00 RSI=46.25 (prev=47.13) EMA50=67650.72 ATR14=942.79
2026-04-03 23:26:32 [INFO] No entry signal.
2026-04-03 23:26:32 [INFO] Sleeping for 60 seconds...
2026-04-03 23:27:32 [INFO] BAR 2026-04-03T21:00:00 | Price=66887.00 RSI=46.37 (prev=47.13) EMA50=67651.27 ATR14=942.79
2026-04-03 23:27:32 [INFO] No entry signal.
2026-04-03 23:27:32 [INFO] Sleeping for 60 seconds...
2026-04-03 23:28:32 [INFO] BAR 2026-04-03T21:00:00 | Price=66929.00 RSI=46.73 (prev=47.13) EMA50=67652.91 ATR14=942.79
2026-04-03 23:28:32 [INFO] No entry signal.
2026-04-03 23:28:32 [INFO] Sleeping for 60 seconds...
2026-04-03 23:29:32 [INFO] BAR 2026-04-03T21:00:00 | Price=66899.00 RSI=46.47 (prev=47.13) EMA50=67651.74 ATR14=942.79
2026-04-03 23:29:32 [INFO] No entry signal.
2026-04-03 23:29:32 [INFO] Sleeping for 60 seconds...
2026-04-03 23:30:32 [INFO] BAR 2026-04-03T21:00:00 | Price=66872.00 RSI=46.24 (prev=47.13) EMA50=67650.68 ATR14=942.79
2026-04-03 23:30:32 [INFO] No entry signal.
2026-04-03 23:30:32 [INFO] Sleeping for 60 seconds...
2026-04-03 23:31:32 [INFO] BAR 2026-04-03T21:00:00 | Price=66859.00 RSI=46.13 (prev=47.13) EMA50=67650.17 ATR14=942.79
2026-04-03 23:31:32 [INFO] No entry signal.
2026-04-03 23:31:32 [INFO] Sleeping for 60 seconds...
2026-04-03 23:32:32 [INFO] BAR 2026-04-03T21:00:00 | Price=66878.00 RSI=46.29 (prev=47.13) EMA50=67650.91 ATR14=942.79
2026-04-03 23:32:32 [INFO] No entry signal.
2026-04-03 23:32:32 [INFO] Sleeping for 60 seconds...
2026-04-03 23:33:32 [INFO] BAR 2026-04-03T21:00:00 | Price=66898.00 RSI=46.46 (prev=47.13) EMA50=67651.70 ATR14=942.79
2026-04-03 23:33:32 [INFO] No entry signal.
2026-04-03 23:33:32 [INFO] Sleeping for 60 seconds...
2026-04-03 23:34:32 [INFO] BAR 2026-04-03T21:00:00 | Price=66851.00 RSI=46.06 (prev=47.13) EMA50=67649.85 ATR14=942.79
2026-04-03 23:34:32 [INFO] No entry signal.
2026-04-03 23:34:32 [INFO] Sleeping for 60 seconds...
2026-04-03 23:35:32 [INFO] BAR 2026-04-03T21:00:00 | Price=66881.00 RSI=46.31 (prev=47.13) EMA50=67651.03 ATR14=942.79
2026-04-03 23:35:32 [INFO] No entry signal.
2026-04-03 23:35:32 [INFO] Sleeping for 60 seconds...
2026-04-03 23:36:33 [INFO] BAR 2026-04-03T21:00:00 | Price=66781.00 RSI=45.48 (prev=47.13) EMA50=67647.11 ATR14=942.79
2026-04-03 23:36:33 [INFO] No entry signal.
2026-04-03 23:36:33 [INFO] Sleeping for 60 seconds...
2026-04-03 23:37:33 [INFO] BAR 2026-04-03T21:00:00 | Price=66816.00 RSI=45.77 (prev=47.13) EMA50=67648.48 ATR14=942.79
2026-04-03 23:37:33 [INFO] No entry signal.
2026-04-03 23:37:33 [INFO] Sleeping for 60 seconds...
2026-04-03 23:38:33 [INFO] BAR 2026-04-03T21:00:00 | Price=66821.00 RSI=45.81 (prev=47.13) EMA50=67648.68 ATR14=942.79
2026-04-03 23:38:33 [INFO] No entry signal.
2026-04-03 23:38:33 [INFO] Sleeping for 60 seconds...
2026-04-03 23:39:33 [INFO] BAR 2026-04-03T21:00:00 | Price=66850.00 RSI=46.05 (prev=47.13) EMA50=67649.81 ATR14=942.79
2026-04-03 23:39:33 [INFO] No entry signal.
2026-04-03 23:39:33 [INFO] Sleeping for 60 seconds...
2026-04-03 23:40:33 [INFO] BAR 2026-04-03T21:00:00 | Price=66828.00 RSI=45.87 (prev=47.13) EMA50=67648.95 ATR14=942.79
2026-04-03 23:40:33 [INFO] No entry signal.
2026-04-03 23:40:33 [INFO] Sleeping for 60 seconds...
2026-04-03 23:41:33 [INFO] BAR 2026-04-03T21:00:00 | Price=66839.00 RSI=45.96 (prev=47.13) EMA50=67649.38 ATR14=942.79
2026-04-03 23:41:33 [INFO] No entry signal.
2026-04-03 23:41:33 [INFO] Sleeping for 60 seconds...
2026-04-03 23:42:33 [INFO] BAR 2026-04-03T21:00:00 | Price=66823.00 RSI=45.83 (prev=47.13) EMA50=67648.76 ATR14=942.79
2026-04-03 23:42:33 [INFO] No entry signal.
2026-04-03 23:42:33 [INFO] Sleeping for 60 seconds...
2026-04-03 23:43:33 [INFO] BAR 2026-04-03T21:00:00 | Price=66787.00 RSI=45.53 (prev=47.13) EMA50=67647.34 ATR14=942.79
2026-04-03 23:43:33 [INFO] No entry signal.
2026-04-03 23:43:33 [INFO] Sleeping for 60 seconds...
2026-04-03 23:44:33 [INFO] BAR 2026-04-03T21:00:00 | Price=66790.00 RSI=45.55 (prev=47.13) EMA50=67647.46 ATR14=942.79
2026-04-03 23:44:33 [INFO] No entry signal.
2026-04-03 23:44:33 [INFO] Sleeping for 60 seconds...
2026-04-03 23:45:33 [INFO] BAR 2026-04-03T21:00:00 | Price=66802.00 RSI=45.65 (prev=47.13) EMA50=67647.93 ATR14=942.79
2026-04-03 23:45:33 [INFO] No entry signal.
2026-04-03 23:45:33 [INFO] Sleeping for 60 seconds...
2026-04-03 23:46:33 [INFO] BAR 2026-04-03T21:00:00 | Price=66805.00 RSI=45.68 (prev=47.13) EMA50=67648.05 ATR14=942.79
2026-04-03 23:46:33 [INFO] No entry signal.
2026-04-03 23:46:33 [INFO] Sleeping for 60 seconds...
2026-04-03 23:47:33 [INFO] BAR 2026-04-03T21:00:00 | Price=66817.00 RSI=45.78 (prev=47.13) EMA50=67648.52 ATR14=942.79
2026-04-03 23:47:33 [INFO] No entry signal.
2026-04-03 23:47:33 [INFO] Sleeping for 60 seconds...
2026-04-03 23:48:33 [INFO] BAR 2026-04-03T21:00:00 | Price=66843.00 RSI=45.99 (prev=47.13) EMA50=67649.54 ATR14=942.79
2026-04-03 23:48:33 [INFO] No entry signal.
2026-04-03 23:48:33 [INFO] Sleeping for 60 seconds...
2026-04-03 23:49:34 [INFO] BAR 2026-04-03T21:00:00 | Price=66846.00 RSI=46.02 (prev=47.13) EMA50=67649.66 ATR14=942.79
2026-04-03 23:49:34 [INFO] No entry signal.
2026-04-03 23:49:34 [INFO] Sleeping for 60 seconds...
2026-04-03 23:50:34 [INFO] BAR 2026-04-03T21:00:00 | Price=66880.00 RSI=46.31 (prev=47.13) EMA50=67650.99 ATR14=942.79
2026-04-03 23:50:34 [INFO] No entry signal.
2026-04-03 23:50:34 [INFO] Sleeping for 60 seconds...
2026-04-03 23:51:35 [INFO] BAR 2026-04-03T21:00:00 | Price=66881.00 RSI=46.31 (prev=47.13) EMA50=67651.03 ATR14=942.79
2026-04-03 23:51:35 [INFO] No entry signal.
2026-04-03 23:51:35 [INFO] Sleeping for 60 seconds...
2026-04-03 23:52:35 [INFO] BAR 2026-04-03T21:00:00 | Price=66893.00 RSI=46.42 (prev=47.13) EMA50=67651.50 ATR14=942.79
2026-04-03 23:52:35 [INFO] No entry signal.
2026-04-03 23:52:35 [INFO] Sleeping for 60 seconds...
2026-04-03 23:53:35 [INFO] BAR 2026-04-03T21:00:00 | Price=66929.00 RSI=46.73 (prev=47.13) EMA50=67652.91 ATR14=942.79
2026-04-03 23:53:35 [INFO] No entry signal.
2026-04-03 23:53:35 [INFO] Sleeping for 60 seconds...
2026-04-03 23:54:35 [INFO] BAR 2026-04-03T21:00:00 | Price=66949.00 RSI=46.90 (prev=47.13) EMA50=67653.70 ATR14=942.79
2026-04-03 23:54:35 [INFO] No entry signal.
2026-04-03 23:54:35 [INFO] Sleeping for 60 seconds...
2026-04-03 23:55:35 [INFO] BAR 2026-04-03T21:00:00 | Price=66914.00 RSI=46.60 (prev=47.13) EMA50=67652.32 ATR14=942.79
2026-04-03 23:55:35 [INFO] No entry signal.
2026-04-03 23:55:35 [INFO] Sleeping for 60 seconds...
2026-04-03 23:56:35 [INFO] BAR 2026-04-03T21:00:00 | Price=66925.00 RSI=46.69 (prev=47.13) EMA50=67652.76 ATR14=942.79
2026-04-03 23:56:35 [INFO] No entry signal.
2026-04-03 23:56:35 [INFO] Sleeping for 60 seconds...
2026-04-03 23:57:35 [INFO] BAR 2026-04-03T21:00:00 | Price=66937.00 RSI=46.80 (prev=47.13) EMA50=67653.23 ATR14=942.79
2026-04-03 23:57:35 [INFO] No entry signal.
2026-04-03 23:57:35 [INFO] Sleeping for 60 seconds...
2026-04-03 23:58:35 [INFO] BAR 2026-04-03T21:00:00 | Price=66926.00 RSI=46.70 (prev=47.13) EMA50=67652.79 ATR14=942.79
2026-04-03 23:58:35 [INFO] No entry signal.
2026-04-03 23:58:35 [INFO] Sleeping for 60 seconds...
2026-04-03 23:59:35 [INFO] BAR 2026-04-03T21:00:00 | Price=66933.00 RSI=46.76 (prev=47.13) EMA50=67653.07 ATR14=942.79
2026-04-03 23:59:35 [INFO] No entry signal.
2026-04-03 23:59:35 [INFO] Sleeping for 60 seconds...
2026-04-04 00:00:35 [INFO] BAR 2026-04-03T21:00:00 | Price=66884.00 RSI=46.34 (prev=47.13) EMA50=67651.15 ATR14=942.79
2026-04-04 00:00:35 [INFO] No entry signal.
2026-04-04 00:00:35 [INFO] Sleeping for 60 seconds...
2026-04-04 00:01:35 [INFO] BAR 2026-04-03T21:00:00 | Price=66913.00 RSI=46.59 (prev=47.13) EMA50=67652.29 ATR14=942.79
2026-04-04 00:01:35 [INFO] No entry signal.
2026-04-04 00:01:35 [INFO] Sleeping for 60 seconds...
2026-04-04 00:02:35 [INFO] BAR 2026-04-03T21:00:00 | Price=66901.00 RSI=46.49 (prev=47.13) EMA50=67651.81 ATR14=942.79
2026-04-04 00:02:35 [INFO] No entry signal.
2026-04-04 00:02:35 [INFO] Sleeping for 60 seconds...
2026-04-04 00:03:35 [INFO] BAR 2026-04-03T21:00:00 | Price=66930.00 RSI=46.74 (prev=47.13) EMA50=67652.95 ATR14=942.79
2026-04-04 00:03:35 [INFO] No entry signal.
2026-04-04 00:03:35 [INFO] Sleeping for 60 seconds...
2026-04-04 00:04:35 [INFO] BAR 2026-04-03T21:00:00 | Price=66924.00 RSI=46.68 (prev=47.13) EMA50=67652.72 ATR14=942.79
2026-04-04 00:04:35 [INFO] No entry signal.
2026-04-04 00:04:35 [INFO] Sleeping for 60 seconds...
2026-04-04 00:05:36 [INFO] BAR 2026-04-03T21:00:00 | Price=66920.00 RSI=46.65 (prev=47.13) EMA50=67652.56 ATR14=942.79
2026-04-04 00:05:36 [INFO] No entry signal.
2026-04-04 00:05:36 [INFO] Sleeping for 60 seconds...
2026-04-04 00:06:36 [INFO] BAR 2026-04-03T21:00:00 | Price=66907.00 RSI=46.54 (prev=47.13) EMA50=67652.05 ATR14=942.79
2026-04-04 00:06:36 [INFO] No entry signal.
2026-04-04 00:06:36 [INFO] Sleeping for 60 seconds...
2026-04-04 00:07:36 [INFO] BAR 2026-04-03T21:00:00 | Price=66928.00 RSI=46.72 (prev=47.13) EMA50=67652.87 ATR14=942.79
2026-04-04 00:07:36 [INFO] No entry signal.
2026-04-04 00:07:36 [INFO] Sleeping for 60 seconds...
2026-04-04 00:08:36 [INFO] BAR 2026-04-03T21:00:00 | Price=66902.00 RSI=46.49 (prev=47.13) EMA50=67651.85 ATR14=942.79
2026-04-04 00:08:36 [INFO] No entry signal.
2026-04-04 00:08:36 [INFO] Sleeping for 60 seconds...
2026-04-04 00:09:36 [INFO] BAR 2026-04-03T21:00:00 | Price=66926.00 RSI=46.70 (prev=47.13) EMA50=67652.79 ATR14=942.79
2026-04-04 00:09:36 [INFO] No entry signal.
2026-04-04 00:09:36 [INFO] Sleeping for 60 seconds...
2026-04-04 00:10:36 [INFO] BAR 2026-04-03T21:00:00 | Price=66949.00 RSI=46.90 (prev=47.13) EMA50=67653.70 ATR14=942.79
2026-04-04 00:10:36 [INFO] No entry signal.
2026-04-04 00:10:36 [INFO] Sleeping for 60 seconds...
2026-04-04 00:11:36 [INFO] BAR 2026-04-03T21:00:00 | Price=66953.00 RSI=46.94 (prev=47.13) EMA50=67653.85 ATR14=942.79
2026-04-04 00:11:36 [INFO] No entry signal.
2026-04-04 00:11:36 [INFO] Sleeping for 60 seconds...
2026-04-04 00:12:36 [INFO] BAR 2026-04-03T21:00:00 | Price=66984.00 RSI=47.22 (prev=47.13) EMA50=67655.07 ATR14=942.79
2026-04-04 00:12:36 [INFO] No entry signal.
2026-04-04 00:12:36 [INFO] Sleeping for 60 seconds...
2026-04-04 00:13:36 [INFO] BAR 2026-04-03T21:00:00 | Price=66948.00 RSI=46.89 (prev=47.13) EMA50=67653.66 ATR14=942.79
2026-04-04 00:13:36 [INFO] No entry signal.
2026-04-04 00:13:36 [INFO] Sleeping for 60 seconds...
2026-04-04 00:14:36 [INFO] BAR 2026-04-03T21:00:00 | Price=66930.00 RSI=46.74 (prev=47.13) EMA50=67652.95 ATR14=942.79
2026-04-04 00:14:36 [INFO] No entry signal.
2026-04-04 00:14:36 [INFO] Sleeping for 60 seconds...
2026-04-04 00:15:36 [INFO] BAR 2026-04-03T21:00:00 | Price=66912.00 RSI=46.58 (prev=47.13) EMA50=67652.25 ATR14=942.79
2026-04-04 00:15:36 [INFO] No entry signal.
2026-04-04 00:15:36 [INFO] Sleeping for 60 seconds...
2026-04-04 00:16:36 [INFO] BAR 2026-04-03T21:00:00 | Price=66895.00 RSI=46.43 (prev=47.13) EMA50=67651.58 ATR14=942.79
2026-04-04 00:16:36 [INFO] No entry signal.
2026-04-04 00:16:36 [INFO] Sleeping for 60 seconds...
2026-04-04 00:17:36 [INFO] BAR 2026-04-03T21:00:00 | Price=66894.00 RSI=46.43 (prev=47.13) EMA50=67651.54 ATR14=942.79
2026-04-04 00:17:36 [INFO] No entry signal.
2026-04-04 00:17:36 [INFO] Sleeping for 60 seconds...
2026-04-04 00:18:36 [INFO] BAR 2026-04-03T21:00:00 | Price=66871.00 RSI=46.23 (prev=47.13) EMA50=67650.64 ATR14=942.79
2026-04-04 00:18:36 [INFO] No entry signal.
2026-04-04 00:18:36 [INFO] Sleeping for 60 seconds...
2026-04-04 00:19:36 [INFO] BAR 2026-04-03T21:00:00 | Price=66853.00 RSI=46.08 (prev=47.13) EMA50=67649.93 ATR14=942.79
2026-04-04 00:19:36 [INFO] No entry signal.
2026-04-04 00:19:36 [INFO] Sleeping for 60 seconds...
2026-04-04 00:20:36 [INFO] BAR 2026-04-03T21:00:00 | Price=66865.00 RSI=46.18 (prev=47.13) EMA50=67650.40 ATR14=942.79
2026-04-04 00:20:36 [INFO] No entry signal.
2026-04-04 00:20:36 [INFO] Sleeping for 60 seconds...
2026-04-04 00:21:37 [INFO] BAR 2026-04-03T21:00:00 | Price=66855.00 RSI=46.09 (prev=47.13) EMA50=67650.01 ATR14=942.79
2026-04-04 00:21:37 [INFO] No entry signal.
2026-04-04 00:21:37 [INFO] Sleeping for 60 seconds...
2026-04-04 00:22:37 [INFO] BAR 2026-04-03T21:00:00 | Price=66849.00 RSI=46.04 (prev=47.13) EMA50=67649.78 ATR14=942.79
2026-04-04 00:22:37 [INFO] No entry signal.
2026-04-04 00:22:37 [INFO] Sleeping for 60 seconds...
2026-04-04 00:23:37 [INFO] BAR 2026-04-03T21:00:00 | Price=66859.00 RSI=46.13 (prev=47.13) EMA50=67650.17 ATR14=942.79
2026-04-04 00:23:37 [INFO] No entry signal.
2026-04-04 00:23:37 [INFO] Sleeping for 60 seconds...
2026-04-04 00:24:37 [INFO] BAR 2026-04-03T21:00:00 | Price=66865.00 RSI=46.18 (prev=47.13) EMA50=67650.40 ATR14=942.79
2026-04-04 00:24:37 [INFO] No entry signal.
2026-04-04 00:24:37 [INFO] Sleeping for 60 seconds...
2026-04-04 00:25:37 [INFO] BAR 2026-04-03T21:00:00 | Price=66891.00 RSI=46.40 (prev=47.13) EMA50=67651.42 ATR14=942.79
2026-04-04 00:25:37 [INFO] No entry signal.
2026-04-04 00:25:37 [INFO] Sleeping for 60 seconds...
2026-04-04 00:26:37 [INFO] BAR 2026-04-03T21:00:00 | Price=66896.00 RSI=46.44 (prev=47.13) EMA50=67651.62 ATR14=942.79
2026-04-04 00:26:37 [INFO] No entry signal.
2026-04-04 00:26:37 [INFO] Sleeping for 60 seconds...
2026-04-04 00:27:37 [INFO] BAR 2026-04-03T21:00:00 | Price=66904.00 RSI=46.51 (prev=47.13) EMA50=67651.93 ATR14=942.79
2026-04-04 00:27:37 [INFO] No entry signal.
2026-04-04 00:27:37 [INFO] Sleeping for 60 seconds...
2026-04-04 00:28:37 [INFO] BAR 2026-04-03T21:00:00 | Price=66884.00 RSI=46.34 (prev=47.13) EMA50=67651.15 ATR14=942.79
2026-04-04 00:28:37 [INFO] No entry signal.
2026-04-04 00:28:37 [INFO] Sleeping for 60 seconds...
2026-04-04 00:29:38 [INFO] BAR 2026-04-03T21:00:00 | Price=66889.00 RSI=46.38 (prev=47.13) EMA50=67651.34 ATR14=942.79
2026-04-04 00:29:38 [INFO] No entry signal.
2026-04-04 00:29:38 [INFO] Sleeping for 60 seconds...
2026-04-04 00:30:38 [INFO] BAR 2026-04-03T21:00:00 | Price=66888.00 RSI=46.37 (prev=47.13) EMA50=67651.30 ATR14=942.79
2026-04-04 00:30:38 [INFO] No entry signal.
2026-04-04 00:30:38 [INFO] Sleeping for 60 seconds...
2026-04-04 00:31:38 [INFO] BAR 2026-04-03T21:00:00 | Price=66866.00 RSI=46.19 (prev=47.13) EMA50=67650.44 ATR14=942.79
2026-04-04 00:31:38 [INFO] No entry signal.
2026-04-04 00:31:38 [INFO] Sleeping for 60 seconds...
2026-04-04 00:32:38 [INFO] BAR 2026-04-03T21:00:00 | Price=66880.00 RSI=46.31 (prev=47.13) EMA50=67650.99 ATR14=942.79
2026-04-04 00:32:38 [INFO] No entry signal.
2026-04-04 00:32:38 [INFO] Sleeping for 60 seconds...
2026-04-04 00:33:38 [INFO] BAR 2026-04-03T21:00:00 | Price=66896.00 RSI=46.44 (prev=47.13) EMA50=67651.62 ATR14=942.79
2026-04-04 00:33:38 [INFO] No entry signal.
2026-04-04 00:33:38 [INFO] Sleeping for 60 seconds...
2026-04-04 00:34:38 [INFO] BAR 2026-04-03T21:00:00 | Price=66946.00 RSI=46.87 (prev=47.13) EMA50=67653.58 ATR14=942.79
2026-04-04 00:34:38 [INFO] No entry signal.
2026-04-04 00:34:38 [INFO] Sleeping for 60 seconds...
2026-04-04 00:35:38 [INFO] BAR 2026-04-03T21:00:00 | Price=66834.00 RSI=45.92 (prev=47.13) EMA50=67649.19 ATR14=942.79
2026-04-04 00:35:38 [INFO] No entry signal.
2026-04-04 00:35:38 [INFO] Sleeping for 60 seconds...
2026-04-04 00:36:39 [INFO] BAR 2026-04-03T21:00:00 | Price=66848.00 RSI=46.04 (prev=47.13) EMA50=67649.74 ATR14=942.79
2026-04-04 00:36:39 [INFO] No entry signal.
2026-04-04 00:36:39 [INFO] Sleeping for 60 seconds...
2026-04-04 00:37:39 [INFO] BAR 2026-04-03T21:00:00 | Price=66873.00 RSI=46.25 (prev=47.13) EMA50=67650.72 ATR14=942.79
2026-04-04 00:37:39 [INFO] No entry signal.
2026-04-04 00:37:39 [INFO] Sleeping for 60 seconds...
2026-04-04 00:38:39 [INFO] BAR 2026-04-03T21:00:00 | Price=66862.00 RSI=46.15 (prev=47.13) EMA50=67650.29 ATR14=942.79
2026-04-04 00:38:39 [INFO] No entry signal.
2026-04-04 00:38:39 [INFO] Sleeping for 60 seconds...
2026-04-04 00:39:39 [INFO] BAR 2026-04-03T21:00:00 | Price=66863.00 RSI=46.16 (prev=47.13) EMA50=67650.32 ATR14=942.79
2026-04-04 00:39:39 [INFO] No entry signal.
2026-04-04 00:39:39 [INFO] Sleeping for 60 seconds...
2026-04-04 00:40:39 [INFO] BAR 2026-04-03T21:00:00 | Price=66871.00 RSI=46.23 (prev=47.13) EMA50=67650.64 ATR14=942.79
2026-04-04 00:40:39 [INFO] No entry signal.
2026-04-04 00:40:39 [INFO] Sleeping for 60 seconds...
2026-04-04 00:41:39 [INFO] BAR 2026-04-03T21:00:00 | Price=66860.00 RSI=46.14 (prev=47.13) EMA50=67650.21 ATR14=942.79
2026-04-04 00:41:39 [INFO] No entry signal.
2026-04-04 00:41:39 [INFO] Sleeping for 60 seconds...
2026-04-04 00:42:39 [INFO] BAR 2026-04-03T21:00:00 | Price=66860.00 RSI=46.14 (prev=47.13) EMA50=67650.21 ATR14=942.79
2026-04-04 00:42:39 [INFO] No entry signal.
2026-04-04 00:42:39 [INFO] Sleeping for 60 seconds...
2026-04-04 00:43:39 [INFO] BAR 2026-04-03T21:00:00 | Price=66836.00 RSI=45.93 (prev=47.13) EMA50=67649.27 ATR14=942.79
2026-04-04 00:43:39 [INFO] No entry signal.
2026-04-04 00:43:39 [INFO] Sleeping for 60 seconds...
2026-04-04 00:44:40 [INFO] BAR 2026-04-03T21:00:00 | Price=66808.00 RSI=45.70 (prev=47.13) EMA50=67648.17 ATR14=942.79
2026-04-04 00:44:40 [INFO] No entry signal.
2026-04-04 00:44:40 [INFO] Sleeping for 60 seconds...
2026-04-04 00:45:40 [INFO] BAR 2026-04-03T21:00:00 | Price=66807.00 RSI=45.69 (prev=47.13) EMA50=67648.13 ATR14=942.79
2026-04-04 00:45:40 [INFO] No entry signal.
2026-04-04 00:45:40 [INFO] Sleeping for 60 seconds...
2026-04-04 00:46:40 [INFO] BAR 2026-04-03T21:00:00 | Price=66788.00 RSI=45.54 (prev=47.13) EMA50=67647.38 ATR14=942.79
2026-04-04 00:46:40 [INFO] No entry signal.
2026-04-04 00:46:40 [INFO] Sleeping for 60 seconds...
2026-04-04 00:47:40 [INFO] BAR 2026-04-03T21:00:00 | Price=66819.00 RSI=45.79 (prev=47.13) EMA50=67648.60 ATR14=942.79
2026-04-04 00:47:40 [INFO] No entry signal.
2026-04-04 00:47:40 [INFO] Sleeping for 60 seconds...
2026-04-04 00:48:40 [INFO] BAR 2026-04-03T21:00:00 | Price=66820.00 RSI=45.80 (prev=47.13) EMA50=67648.64 ATR14=942.79
2026-04-04 00:48:40 [INFO] No entry signal.
2026-04-04 00:48:40 [INFO] Sleeping for 60 seconds...
2026-04-04 00:49:40 [INFO] BAR 2026-04-03T21:00:00 | Price=66799.00 RSI=45.63 (prev=47.13) EMA50=67647.81 ATR14=942.79
2026-04-04 00:49:40 [INFO] No entry signal.
2026-04-04 00:49:40 [INFO] Sleeping for 60 seconds...
2026-04-04 00:50:40 [INFO] BAR 2026-04-03T21:00:00 | Price=66802.00 RSI=45.65 (prev=47.13) EMA50=67647.93 ATR14=942.79
2026-04-04 00:50:40 [INFO] No entry signal.
2026-04-04 00:50:40 [INFO] Sleeping for 60 seconds...
2026-04-04 00:51:40 [INFO] BAR 2026-04-03T21:00:00 | Price=66811.00 RSI=45.73 (prev=47.13) EMA50=67648.29 ATR14=942.79
2026-04-04 00:51:40 [INFO] No entry signal.
2026-04-04 00:51:40 [INFO] Sleeping for 60 seconds...
2026-04-04 00:52:40 [INFO] BAR 2026-04-03T21:00:00 | Price=66824.00 RSI=45.83 (prev=47.13) EMA50=67648.79 ATR14=942.79
2026-04-04 00:52:40 [INFO] No entry signal.
2026-04-04 00:52:40 [INFO] Sleeping for 60 seconds...
2026-04-04 00:53:40 [INFO] BAR 2026-04-03T21:00:00 | Price=66808.00 RSI=45.70 (prev=47.13) EMA50=67648.17 ATR14=942.79
2026-04-04 00:53:40 [INFO] No entry signal.
2026-04-04 00:53:40 [INFO] Sleeping for 60 seconds...
2026-04-04 00:54:40 [INFO] BAR 2026-04-03T21:00:00 | Price=66812.00 RSI=45.73 (prev=47.13) EMA50=67648.32 ATR14=942.79
2026-04-04 00:54:40 [INFO] No entry signal.
2026-04-04 00:54:40 [INFO] Sleeping for 60 seconds...
2026-04-04 00:55:41 [INFO] BAR 2026-04-03T21:00:00 | Price=66814.00 RSI=45.75 (prev=47.13) EMA50=67648.40 ATR14=942.79
2026-04-04 00:55:41 [INFO] No entry signal.
2026-04-04 00:55:41 [INFO] Sleeping for 60 seconds...
2026-04-04 00:56:41 [INFO] BAR 2026-04-03T21:00:00 | Price=66826.00 RSI=45.85 (prev=47.13) EMA50=67648.87 ATR14=942.79
2026-04-04 00:56:41 [INFO] No entry signal.
2026-04-04 00:56:41 [INFO] Sleeping for 60 seconds...
2026-04-04 00:57:41 [INFO] BAR 2026-04-03T21:00:00 | Price=66840.00 RSI=45.97 (prev=47.13) EMA50=67649.42 ATR14=942.79
2026-04-04 00:57:41 [INFO] No entry signal.
2026-04-04 00:57:41 [INFO] Sleeping for 60 seconds...
2026-04-04 00:58:41 [INFO] BAR 2026-04-03T21:00:00 | Price=66819.00 RSI=45.79 (prev=47.13) EMA50=67648.60 ATR14=942.79
2026-04-04 00:58:41 [INFO] No entry signal.
2026-04-04 00:58:41 [INFO] Sleeping for 60 seconds...
2026-04-04 00:59:41 [INFO] BAR 2026-04-03T21:00:00 | Price=66843.00 RSI=45.99 (prev=47.13) EMA50=67649.54 ATR14=942.79
2026-04-04 00:59:41 [INFO] No entry signal.
2026-04-04 00:59:41 [INFO] Sleeping for 60 seconds...
2026-04-04 01:00:41 [INFO] BAR 2026-04-04T01:00:00 | Price=66806.00 RSI=45.69 (prev=45.69) EMA50=67614.85 ATR14=875.95
2026-04-04 01:00:41 [INFO] No entry signal.
2026-04-04 01:00:41 [INFO] Sleeping for 60 seconds...
2026-04-04 01:01:41 [INFO] BAR 2026-04-04T01:00:00 | Price=66822.00 RSI=45.85 (prev=45.69) EMA50=67615.47 ATR14=877.23
2026-04-04 01:01:41 [INFO] No entry signal.
2026-04-04 01:01:41 [INFO] Sleeping for 60 seconds...
2026-04-04 01:02:41 [INFO] BAR 2026-04-04T01:00:00 | Price=66850.00 RSI=46.15 (prev=45.69) EMA50=67616.57 ATR14=879.73
2026-04-04 01:02:41 [INFO] No entry signal.
2026-04-04 01:02:41 [INFO] Sleeping for 60 seconds...
2026-04-04 01:03:41 [INFO] BAR 2026-04-04T01:00:00 | Price=66842.00 RSI=46.06 (prev=45.69) EMA50=67616.26 ATR14=879.73
2026-04-04 01:03:41 [INFO] No entry signal.
2026-04-04 01:03:41 [INFO] Sleeping for 60 seconds...
2026-04-04 01:04:41 [INFO] BAR 2026-04-04T01:00:00 | Price=66850.00 RSI=46.15 (prev=45.69) EMA50=67616.57 ATR14=879.73
2026-04-04 01:04:41 [INFO] No entry signal.
2026-04-04 01:04:41 [INFO] Sleeping for 60 seconds...
2026-04-04 01:05:41 [INFO] BAR 2026-04-04T01:00:00 | Price=66819.00 RSI=45.82 (prev=45.69) EMA50=67615.36 ATR14=879.73
2026-04-04 01:05:41 [INFO] No entry signal.
2026-04-04 01:05:41 [INFO] Sleeping for 60 seconds...
2026-04-04 01:06:41 [INFO] BAR 2026-04-04T01:00:00 | Price=66816.00 RSI=45.79 (prev=45.69) EMA50=67615.24 ATR14=879.73
2026-04-04 01:06:41 [INFO] No entry signal.
2026-04-04 01:06:41 [INFO] Sleeping for 60 seconds...
2026-04-04 01:07:41 [INFO] BAR 2026-04-04T01:00:00 | Price=66814.00 RSI=45.77 (prev=45.69) EMA50=67615.16 ATR14=879.73
2026-04-04 01:07:41 [INFO] No entry signal.
2026-04-04 01:07:41 [INFO] Sleeping for 60 seconds...
2026-04-04 01:08:41 [INFO] BAR 2026-04-04T01:00:00 | Price=66827.00 RSI=45.91 (prev=45.69) EMA50=67615.67 ATR14=879.73
2026-04-04 01:08:41 [INFO] No entry signal.
2026-04-04 01:08:41 [INFO] Sleeping for 60 seconds...
2026-04-04 01:09:42 [INFO] BAR 2026-04-04T01:00:00 | Price=66824.00 RSI=45.88 (prev=45.69) EMA50=67615.55 ATR14=879.73
2026-04-04 01:09:42 [INFO] No entry signal.
2026-04-04 01:09:42 [INFO] Sleeping for 60 seconds...
2026-04-04 01:10:42 [INFO] BAR 2026-04-04T01:00:00 | Price=66843.00 RSI=46.07 (prev=45.69) EMA50=67616.30 ATR14=879.73
2026-04-04 01:10:42 [INFO] No entry signal.
2026-04-04 01:10:42 [INFO] Sleeping for 60 seconds...
2026-04-04 09:33:14 [ERROR] Request error: ('Connection aborted.', RemoteDisconnected('Remote end closed connection without response'))
2026-04-04 09:33:14 [ERROR] Error fetching candles: ('Connection aborted.', RemoteDisconnected('Remote end closed connection without response'))
2026-04-04 09:33:14 [ERROR] No candle data. Sleeping 60 seconds.
2026-04-04 09:34:14 [INFO] BAR 2026-04-04T09:00:00 | Price=66920.00 RSI=46.93 (prev=47.16) EMA50=67563.89 ATR14=793.80
2026-04-04 09:34:14 [INFO] No entry signal.
2026-04-04 09:34:14 [INFO] Sleeping for 60 seconds...
2026-04-04 09:35:14 [INFO] BAR 2026-04-04T09:00:00 | Price=66908.00 RSI=46.81 (prev=47.16) EMA50=67563.42 ATR14=793.80
2026-04-04 09:35:14 [INFO] No entry signal.
2026-04-04 09:35:14 [INFO] Sleeping for 60 seconds...
2026-04-04 09:36:14 [INFO] BAR 2026-04-04T09:00:00 | Price=66905.00 RSI=46.77 (prev=47.16) EMA50=67563.30 ATR14=793.80
2026-04-04 09:36:14 [INFO] No entry signal.
2026-04-04 09:36:14 [INFO] Sleeping for 60 seconds...
2026-04-04 09:37:14 [INFO] BAR 2026-04-04T09:00:00 | Price=66920.00 RSI=46.93 (prev=47.16) EMA50=67563.89 ATR14=793.80
2026-04-04 09:37:14 [INFO] No entry signal.
2026-04-04 09:37:14 [INFO] Sleeping for 60 seconds...
2026-04-04 09:38:14 [INFO] BAR 2026-04-04T09:00:00 | Price=66913.00 RSI=46.86 (prev=47.16) EMA50=67563.61 ATR14=793.80
2026-04-04 09:38:14 [INFO] No entry signal.
2026-04-04 09:38:14 [INFO] Sleeping for 60 seconds...
2026-04-04 09:39:14 [INFO] BAR 2026-04-04T09:00:00 | Price=66904.00 RSI=46.76 (prev=47.16) EMA50=67563.26 ATR14=793.80
2026-04-04 09:39:14 [INFO] No entry signal.
2026-04-04 09:39:14 [INFO] Sleeping for 60 seconds...
2026-04-04 09:40:14 [INFO] BAR 2026-04-04T09:00:00 | Price=66902.00 RSI=46.74 (prev=47.16) EMA50=67563.18 ATR14=793.80
2026-04-04 09:40:14 [INFO] No entry signal.
2026-04-04 09:40:14 [INFO] Sleeping for 60 seconds...
2026-04-04 09:41:15 [INFO] BAR 2026-04-04T09:00:00 | Price=66886.00 RSI=46.58 (prev=47.16) EMA50=67562.55 ATR14=793.80
2026-04-04 09:41:15 [INFO] No entry signal.
2026-04-04 09:41:15 [INFO] Sleeping for 60 seconds...
2026-04-04 09:42:15 [INFO] BAR 2026-04-04T09:00:00 | Price=66895.00 RSI=46.67 (prev=47.16) EMA50=67562.91 ATR14=793.80
2026-04-04 09:42:15 [INFO] No entry signal.
2026-04-04 09:42:15 [INFO] Sleeping for 60 seconds...
2026-04-04 09:43:15 [INFO] BAR 2026-04-04T09:00:00 | Price=66908.00 RSI=46.81 (prev=47.16) EMA50=67563.42 ATR14=793.80
2026-04-04 09:43:15 [INFO] No entry signal.
2026-04-04 09:43:15 [INFO] Sleeping for 60 seconds...
2026-04-04 09:44:15 [INFO] BAR 2026-04-04T09:00:00 | Price=66909.00 RSI=46.82 (prev=47.16) EMA50=67563.46 ATR14=793.80
2026-04-04 09:44:15 [INFO] No entry signal.
2026-04-04 09:44:15 [INFO] Sleeping for 60 seconds...
2026-04-04 09:45:15 [INFO] BAR 2026-04-04T09:00:00 | Price=66889.00 RSI=46.61 (prev=47.16) EMA50=67562.67 ATR14=793.80
2026-04-04 09:45:15 [INFO] No entry signal.
2026-04-04 09:45:15 [INFO] Sleeping for 60 seconds...
2026-04-04 09:46:15 [INFO] BAR 2026-04-04T09:00:00 | Price=66886.00 RSI=46.58 (prev=47.16) EMA50=67562.55 ATR14=793.80
2026-04-04 09:46:15 [INFO] No entry signal.
2026-04-04 09:46:15 [INFO] Sleeping for 60 seconds...
2026-04-04 09:47:15 [INFO] BAR 2026-04-04T09:00:00 | Price=66885.00 RSI=46.57 (prev=47.16) EMA50=67562.51 ATR14=793.80
2026-04-04 09:47:15 [INFO] No entry signal.
2026-04-04 09:47:15 [INFO] Sleeping for 60 seconds...
2026-04-04 09:48:15 [INFO] BAR 2026-04-04T09:00:00 | Price=66893.00 RSI=46.65 (prev=47.16) EMA50=67562.83 ATR14=793.80
2026-04-04 09:48:15 [INFO] No entry signal.
2026-04-04 09:48:15 [INFO] Sleeping for 60 seconds...
2026-04-04 09:49:15 [INFO] BAR 2026-04-04T09:00:00 | Price=66888.00 RSI=46.60 (prev=47.16) EMA50=67562.63 ATR14=793.80
2026-04-04 09:49:15 [INFO] No entry signal.
2026-04-04 09:49:15 [INFO] Sleeping for 60 seconds...
2026-04-04 09:50:16 [INFO] BAR 2026-04-04T09:00:00 | Price=66884.00 RSI=46.56 (prev=47.16) EMA50=67562.47 ATR14=793.80
2026-04-04 09:50:16 [INFO] No entry signal.
2026-04-04 09:50:16 [INFO] Sleeping for 60 seconds...
2026-04-04 09:51:16 [INFO] BAR 2026-04-04T09:00:00 | Price=66874.00 RSI=46.46 (prev=47.16) EMA50=67562.08 ATR14=793.80
2026-04-04 09:51:16 [INFO] No entry signal.
2026-04-04 09:51:16 [INFO] Sleeping for 60 seconds...
2026-04-04 09:52:16 [INFO] BAR 2026-04-04T09:00:00 | Price=66869.00 RSI=46.41 (prev=47.16) EMA50=67561.89 ATR14=793.80
2026-04-04 09:52:16 [INFO] No entry signal.
2026-04-04 09:52:16 [INFO] Sleeping for 60 seconds...
2026-04-04 09:53:16 [INFO] BAR 2026-04-04T09:00:00 | Price=66869.00 RSI=46.41 (prev=47.16) EMA50=67561.89 ATR14=793.80
2026-04-04 09:53:16 [INFO] No entry signal.
2026-04-04 09:53:16 [INFO] Sleeping for 60 seconds...
2026-04-04 09:54:16 [INFO] BAR 2026-04-04T09:00:00 | Price=66870.00 RSI=46.42 (prev=47.16) EMA50=67561.93 ATR14=793.80
2026-04-04 09:54:16 [INFO] No entry signal.
2026-04-04 09:54:16 [INFO] Sleeping for 60 seconds...
2026-04-04 09:55:16 [INFO] BAR 2026-04-04T09:00:00 | Price=66869.00 RSI=46.41 (prev=47.16) EMA50=67561.89 ATR14=793.80
2026-04-04 09:55:16 [INFO] No entry signal.
2026-04-04 09:55:16 [INFO] Sleeping for 60 seconds...
2026-04-04 09:56:16 [INFO] BAR 2026-04-04T09:00:00 | Price=66862.00 RSI=46.34 (prev=47.16) EMA50=67561.61 ATR14=793.80
2026-04-04 09:56:16 [INFO] No entry signal.
2026-04-04 09:56:16 [INFO] Sleeping for 60 seconds...
2026-04-04 09:57:16 [INFO] BAR 2026-04-04T09:00:00 | Price=66862.00 RSI=46.34 (prev=47.16) EMA50=67561.61 ATR14=793.80
2026-04-04 09:57:16 [INFO] No entry signal.
2026-04-04 09:57:16 [INFO] Sleeping for 60 seconds...
2026-04-04 09:58:16 [INFO] BAR 2026-04-04T09:00:00 | Price=66851.00 RSI=46.23 (prev=47.16) EMA50=67561.18 ATR14=793.80
2026-04-04 09:58:16 [INFO] No entry signal.
2026-04-04 09:58:16 [INFO] Sleeping for 60 seconds...
2026-04-04 09:59:16 [INFO] BAR 2026-04-04T09:00:00 | Price=66851.00 RSI=46.23 (prev=47.16) EMA50=67561.18 ATR14=793.80
2026-04-04 09:59:16 [INFO] No entry signal.
2026-04-04 09:59:16 [INFO] Sleeping for 60 seconds...
2026-04-04 10:00:17 [INFO] BAR 2026-04-04T09:00:00 | Price=66862.00 RSI=46.34 (prev=47.16) EMA50=67561.61 ATR14=793.80
2026-04-04 10:00:17 [INFO] No entry signal.
2026-04-04 10:00:17 [INFO] Sleeping for 60 seconds...
2026-04-04 10:01:17 [INFO] BAR 2026-04-04T09:00:00 | Price=66861.00 RSI=46.33 (prev=47.16) EMA50=67561.57 ATR14=793.80
2026-04-04 10:01:17 [INFO] No entry signal.
2026-04-04 10:01:17 [INFO] Sleeping for 60 seconds...
2026-04-04 10:02:17 [INFO] BAR 2026-04-04T09:00:00 | Price=66834.00 RSI=46.06 (prev=47.16) EMA50=67560.51 ATR14=794.09
2026-04-04 10:02:17 [INFO] No entry signal.
2026-04-04 10:02:17 [INFO] Sleeping for 60 seconds...
2026-04-04 10:03:17 [INFO] BAR 2026-04-04T09:00:00 | Price=66849.00 RSI=46.21 (prev=47.16) EMA50=67561.10 ATR14=794.16
2026-04-04 10:03:17 [INFO] No entry signal.
2026-04-04 10:03:17 [INFO] Sleeping for 60 seconds...
2026-04-04 10:04:17 [INFO] BAR 2026-04-04T09:00:00 | Price=66850.00 RSI=46.22 (prev=47.16) EMA50=67561.14 ATR14=794.16
2026-04-04 10:04:17 [INFO] No entry signal.
2026-04-04 10:04:17 [INFO] Sleeping for 60 seconds...
2026-04-04 10:05:17 [INFO] BAR 2026-04-04T09:00:00 | Price=66851.00 RSI=46.23 (prev=47.16) EMA50=67561.18 ATR14=794.16
2026-04-04 10:05:17 [INFO] No entry signal.
2026-04-04 10:05:17 [INFO] Sleeping for 60 seconds...
2026-04-04 10:06:17 [INFO] BAR 2026-04-04T09:00:00 | Price=66856.00 RSI=46.28 (prev=47.16) EMA50=67561.38 ATR14=794.16
2026-04-04 10:06:17 [INFO] No entry signal.
2026-04-04 10:06:17 [INFO] Sleeping for 60 seconds...
2026-04-04 10:07:17 [INFO] BAR 2026-04-04T09:00:00 | Price=66887.00 RSI=46.59 (prev=47.16) EMA50=67562.59 ATR14=794.16
2026-04-04 10:07:17 [INFO] No entry signal.
2026-04-04 10:07:17 [INFO] Sleeping for 60 seconds...
2026-04-04 10:08:17 [INFO] BAR 2026-04-04T09:00:00 | Price=66882.00 RSI=46.54 (prev=47.16) EMA50=67562.40 ATR14=794.16
2026-04-04 10:08:17 [INFO] No entry signal.
2026-04-04 10:08:17 [INFO] Sleeping for 60 seconds...
2026-04-04 10:09:17 [INFO] BAR 2026-04-04T09:00:00 | Price=66874.00 RSI=46.46 (prev=47.16) EMA50=67562.08 ATR14=794.16
2026-04-04 10:09:17 [INFO] No entry signal.
2026-04-04 10:09:17 [INFO] Sleeping for 60 seconds...
2026-04-04 10:10:17 [INFO] BAR 2026-04-04T09:00:00 | Price=66887.00 RSI=46.59 (prev=47.16) EMA50=67562.59 ATR14=794.16
2026-04-04 10:10:17 [INFO] No entry signal.
2026-04-04 10:10:17 [INFO] Sleeping for 60 seconds...
2026-04-04 10:11:17 [INFO] BAR 2026-04-04T09:00:00 | Price=66855.00 RSI=46.27 (prev=47.16) EMA50=67561.34 ATR14=794.16
2026-04-04 10:11:17 [INFO] No entry signal.
2026-04-04 10:11:17 [INFO] Sleeping for 60 seconds...
2026-04-04 10:12:17 [INFO] BAR 2026-04-04T09:00:00 | Price=66858.00 RSI=46.30 (prev=47.16) EMA50=67561.46 ATR14=794.16
2026-04-04 10:12:17 [INFO] No entry signal.
2026-04-04 10:12:17 [INFO] Sleeping for 60 seconds...
2026-04-04 10:13:18 [INFO] BAR 2026-04-04T09:00:00 | Price=66848.00 RSI=46.20 (prev=47.16) EMA50=67561.06 ATR14=794.16
2026-04-04 10:13:18 [INFO] No entry signal.
2026-04-04 10:13:18 [INFO] Sleeping for 60 seconds...
2026-04-04 10:14:18 [INFO] BAR 2026-04-04T09:00:00 | Price=66848.00 RSI=46.20 (prev=47.16) EMA50=67561.06 ATR14=794.16
2026-04-04 10:14:18 [INFO] No entry signal.
2026-04-04 10:14:18 [INFO] Sleeping for 60 seconds...
2026-04-04 10:15:18 [INFO] BAR 2026-04-04T09:00:00 | Price=66818.00 RSI=45.90 (prev=47.16) EMA50=67559.89 ATR14=796.16
2026-04-04 10:15:18 [INFO] No entry signal.
2026-04-04 10:15:18 [INFO] Sleeping for 60 seconds...
2026-04-04 10:16:18 [INFO] BAR 2026-04-04T09:00:00 | Price=66811.00 RSI=45.83 (prev=47.16) EMA50=67559.61 ATR14=796.16
2026-04-04 10:16:18 [INFO] No entry signal.
2026-04-04 10:16:18 [INFO] Sleeping for 60 seconds...
2026-04-04 10:17:18 [INFO] BAR 2026-04-04T09:00:00 | Price=66811.00 RSI=45.83 (prev=47.16) EMA50=67559.61 ATR14=796.16
2026-04-04 10:17:18 [INFO] No entry signal.
2026-04-04 10:17:18 [INFO] Sleeping for 60 seconds...
2026-04-04 10:18:18 [INFO] BAR 2026-04-04T09:00:00 | Price=66831.00 RSI=46.03 (prev=47.16) EMA50=67560.40 ATR14=796.16
2026-04-04 10:18:18 [INFO] No entry signal.
2026-04-04 10:18:18 [INFO] Sleeping for 60 seconds...
2026-04-04 10:19:18 [INFO] BAR 2026-04-04T09:00:00 | Price=66828.00 RSI=46.00 (prev=47.16) EMA50=67560.28 ATR14=796.16
2026-04-04 10:19:18 [INFO] No entry signal.
2026-04-04 10:19:18 [INFO] Sleeping for 60 seconds...
2026-04-04 10:20:18 [INFO] BAR 2026-04-04T09:00:00 | Price=66841.00 RSI=46.13 (prev=47.16) EMA50=67560.79 ATR14=796.16
2026-04-04 10:20:18 [INFO] No entry signal.
2026-04-04 10:20:18 [INFO] Sleeping for 60 seconds...
2026-04-04 10:21:18 [INFO] BAR 2026-04-04T09:00:00 | Price=66835.00 RSI=46.07 (prev=47.16) EMA50=67560.55 ATR14=796.16
2026-04-04 10:21:18 [INFO] No entry signal.
2026-04-04 10:21:18 [INFO] Sleeping for 60 seconds...
2026-04-04 10:22:18 [INFO] BAR 2026-04-04T09:00:00 | Price=66823.00 RSI=45.95 (prev=47.16) EMA50=67560.08 ATR14=796.16
2026-04-04 10:22:18 [INFO] No entry signal.
2026-04-04 10:22:18 [INFO] Sleeping for 60 seconds...
2026-04-04 10:23:18 [INFO] BAR 2026-04-04T09:00:00 | Price=66823.00 RSI=45.95 (prev=47.16) EMA50=67560.08 ATR14=796.16
2026-04-04 10:23:18 [INFO] No entry signal.
2026-04-04 10:23:18 [INFO] Sleeping for 60 seconds...
2026-04-04 10:24:18 [INFO] BAR 2026-04-04T09:00:00 | Price=66809.00 RSI=45.81 (prev=47.16) EMA50=67559.53 ATR14=796.16
2026-04-04 10:24:18 [INFO] No entry signal.
2026-04-04 10:24:18 [INFO] Sleeping for 60 seconds...
2026-04-04 10:25:18 [INFO] BAR 2026-04-04T09:00:00 | Price=66838.00 RSI=46.10 (prev=47.16) EMA50=67560.67 ATR14=796.16
2026-04-04 10:25:18 [INFO] No entry signal.
2026-04-04 10:25:18 [INFO] Sleeping for 60 seconds...
2026-04-04 10:26:18 [INFO] BAR 2026-04-04T09:00:00 | Price=66819.00 RSI=45.91 (prev=47.16) EMA50=67559.93 ATR14=796.16
2026-04-04 10:26:18 [INFO] No entry signal.
2026-04-04 10:26:18 [INFO] Sleeping for 60 seconds...
2026-04-04 10:27:18 [INFO] BAR 2026-04-04T09:00:00 | Price=66833.00 RSI=46.05 (prev=47.16) EMA50=67560.47 ATR14=796.16
2026-04-04 10:27:18 [INFO] No entry signal.
2026-04-04 10:27:18 [INFO] Sleeping for 60 seconds...
2026-04-04 10:28:19 [INFO] BAR 2026-04-04T09:00:00 | Price=66834.00 RSI=46.06 (prev=47.16) EMA50=67560.51 ATR14=796.16
2026-04-04 10:28:19 [INFO] No entry signal.
2026-04-04 10:28:19 [INFO] Sleeping for 60 seconds...
2026-04-04 10:29:19 [INFO] BAR 2026-04-04T09:00:00 | Price=66840.00 RSI=46.12 (prev=47.16) EMA50=67560.75 ATR14=796.16
2026-04-04 10:29:19 [INFO] No entry signal.
2026-04-04 10:29:19 [INFO] Sleeping for 60 seconds...
2026-04-04 10:30:19 [INFO] BAR 2026-04-04T09:00:00 | Price=66803.00 RSI=45.76 (prev=47.16) EMA50=67559.30 ATR14=796.23
2026-04-04 10:30:19 [INFO] No entry signal.
2026-04-04 10:30:19 [INFO] Sleeping for 60 seconds...
2026-04-04 10:31:19 [INFO] BAR 2026-04-04T09:00:00 | Price=66825.00 RSI=45.97 (prev=47.16) EMA50=67560.16 ATR14=796.23
2026-04-04 10:31:19 [INFO] No entry signal.
2026-04-04 10:31:19 [INFO] Sleeping for 60 seconds...
2026-04-04 10:32:19 [INFO] BAR 2026-04-04T09:00:00 | Price=66810.00 RSI=45.82 (prev=47.16) EMA50=67559.57 ATR14=796.23
2026-04-04 10:32:19 [INFO] No entry signal.
2026-04-04 10:32:19 [INFO] Sleeping for 60 seconds...
2026-04-04 10:33:19 [INFO] BAR 2026-04-04T09:00:00 | Price=66810.00 RSI=45.82 (prev=47.16) EMA50=67559.57 ATR14=796.23
2026-04-04 10:33:19 [INFO] No entry signal.
2026-04-04 10:33:19 [INFO] Sleeping for 60 seconds...
2026-04-04 10:34:19 [INFO] BAR 2026-04-04T09:00:00 | Price=66810.00 RSI=45.82 (prev=47.16) EMA50=67559.57 ATR14=796.23
2026-04-04 10:34:19 [INFO] No entry signal.
2026-04-04 10:34:19 [INFO] Sleeping for 60 seconds...
2026-04-04 10:35:19 [INFO] BAR 2026-04-04T09:00:00 | Price=66814.00 RSI=45.86 (prev=47.16) EMA50=67559.73 ATR14=796.23
2026-04-04 10:35:19 [INFO] No entry signal.
2026-04-04 10:35:19 [INFO] Sleeping for 60 seconds...
2026-04-04 10:36:19 [INFO] BAR 2026-04-04T09:00:00 | Price=66814.00 RSI=45.86 (prev=47.16) EMA50=67559.73 ATR14=796.23
2026-04-04 10:36:19 [INFO] No entry signal.
2026-04-04 10:36:19 [INFO] Sleeping for 60 seconds...
2026-04-04 10:37:19 [INFO] BAR 2026-04-04T09:00:00 | Price=66827.00 RSI=45.99 (prev=47.16) EMA50=67560.24 ATR14=796.23
2026-04-04 10:37:19 [INFO] No entry signal.
2026-04-04 10:37:19 [INFO] Sleeping for 60 seconds...
2026-04-04 10:38:19 [INFO] BAR 2026-04-04T09:00:00 | Price=66827.00 RSI=45.99 (prev=47.16) EMA50=67560.24 ATR14=796.23
2026-04-04 10:38:19 [INFO] No entry signal.
2026-04-04 10:38:19 [INFO] Sleeping for 60 seconds...
2026-04-04 10:39:19 [INFO] BAR 2026-04-04T09:00:00 | Price=66828.00 RSI=46.00 (prev=47.16) EMA50=67560.28 ATR14=796.23
2026-04-04 10:39:19 [INFO] No entry signal.
2026-04-04 10:39:19 [INFO] Sleeping for 60 seconds...
2026-04-04 10:40:19 [INFO] BAR 2026-04-04T09:00:00 | Price=66831.00 RSI=46.03 (prev=47.16) EMA50=67560.40 ATR14=796.23
2026-04-04 10:40:19 [INFO] No entry signal.
2026-04-04 10:40:19 [INFO] Sleeping for 60 seconds...
2026-04-04 10:41:19 [INFO] BAR 2026-04-04T09:00:00 | Price=66821.00 RSI=45.93 (prev=47.16) EMA50=67560.00 ATR14=796.23
2026-04-04 10:41:19 [INFO] No entry signal.
2026-04-04 10:41:19 [INFO] Sleeping for 60 seconds...
2026-04-04 10:42:19 [INFO] BAR 2026-04-04T09:00:00 | Price=66820.00 RSI=45.92 (prev=47.16) EMA50=67559.97 ATR14=796.23
2026-04-04 10:42:19 [INFO] No entry signal.
2026-04-04 10:42:19 [INFO] Sleeping for 60 seconds...
2026-04-04 10:43:20 [INFO] BAR 2026-04-04T09:00:00 | Price=66820.00 RSI=45.92 (prev=47.16) EMA50=67559.97 ATR14=796.23
2026-04-04 10:43:20 [INFO] No entry signal.
2026-04-04 10:43:20 [INFO] Sleeping for 60 seconds...
2026-04-04 10:44:20 [INFO] BAR 2026-04-04T09:00:00 | Price=66820.00 RSI=45.92 (prev=47.16) EMA50=67559.97 ATR14=796.23
2026-04-04 10:44:20 [INFO] No entry signal.
2026-04-04 10:44:20 [INFO] Sleeping for 60 seconds...
2026-04-04 10:45:20 [INFO] BAR 2026-04-04T09:00:00 | Price=66792.00 RSI=45.65 (prev=47.16) EMA50=67558.87 ATR14=797.38
2026-04-04 10:45:20 [INFO] No entry signal.
2026-04-04 10:45:20 [INFO] Sleeping for 60 seconds...
2026-04-04 10:46:20 [INFO] BAR 2026-04-04T09:00:00 | Price=66792.00 RSI=45.65 (prev=47.16) EMA50=67558.87 ATR14=797.38
2026-04-04 10:46:20 [INFO] No entry signal.
2026-04-04 10:46:20 [INFO] Sleeping for 60 seconds...
2026-04-04 10:47:20 [INFO] BAR 2026-04-04T09:00:00 | Price=66808.00 RSI=45.80 (prev=47.16) EMA50=67559.49 ATR14=797.38
2026-04-04 10:47:20 [INFO] No entry signal.
2026-04-04 10:47:20 [INFO] Sleeping for 60 seconds...
2026-04-04 10:48:20 [INFO] BAR 2026-04-04T09:00:00 | Price=66808.00 RSI=45.80 (prev=47.16) EMA50=67559.49 ATR14=797.38
2026-04-04 10:48:20 [INFO] No entry signal.
2026-04-04 10:48:20 [INFO] Sleeping for 60 seconds...
2026-04-04 10:49:20 [INFO] BAR 2026-04-04T09:00:00 | Price=66803.00 RSI=45.76 (prev=47.16) EMA50=67559.30 ATR14=797.38
2026-04-04 10:49:20 [INFO] No entry signal.
2026-04-04 10:49:20 [INFO] Sleeping for 60 seconds...
2026-04-04 10:50:20 [INFO] BAR 2026-04-04T09:00:00 | Price=66805.00 RSI=45.77 (prev=47.16) EMA50=67559.38 ATR14=797.38
2026-04-04 10:50:20 [INFO] No entry signal.
2026-04-04 10:50:20 [INFO] Sleeping for 60 seconds...
2026-04-04 10:51:20 [INFO] BAR 2026-04-04T09:00:00 | Price=66813.00 RSI=45.85 (prev=47.16) EMA50=67559.69 ATR14=797.38
2026-04-04 10:51:20 [INFO] No entry signal.
2026-04-04 10:51:20 [INFO] Sleeping for 60 seconds...
2026-04-04 10:52:20 [INFO] BAR 2026-04-04T09:00:00 | Price=66813.00 RSI=45.85 (prev=47.16) EMA50=67559.69 ATR14=797.38
2026-04-04 10:52:20 [INFO] No entry signal.
2026-04-04 10:52:20 [INFO] Sleeping for 60 seconds...
2026-04-04 10:53:20 [INFO] BAR 2026-04-04T09:00:00 | Price=66812.00 RSI=45.84 (prev=47.16) EMA50=67559.65 ATR14=797.38
2026-04-04 10:53:20 [INFO] No entry signal.
2026-04-04 10:53:20 [INFO] Sleeping for 60 seconds...
2026-04-04 10:54:20 [INFO] BAR 2026-04-04T09:00:00 | Price=66812.00 RSI=45.84 (prev=47.16) EMA50=67559.65 ATR14=797.38
2026-04-04 10:54:20 [INFO] No entry signal.
2026-04-04 10:54:20 [INFO] Sleeping for 60 seconds...
2026-04-04 10:55:21 [INFO] BAR 2026-04-04T09:00:00 | Price=66812.00 RSI=45.84 (prev=47.16) EMA50=67559.65 ATR14=797.38
2026-04-04 10:55:21 [INFO] No entry signal.
2026-04-04 10:55:21 [INFO] Sleeping for 60 seconds...
2026-04-04 10:56:21 [INFO] BAR 2026-04-04T09:00:00 | Price=66812.00 RSI=45.84 (prev=47.16) EMA50=67559.65 ATR14=797.38
2026-04-04 10:56:21 [INFO] No entry signal.
2026-04-04 10:56:21 [INFO] Sleeping for 60 seconds...
2026-04-04 10:57:21 [INFO] BAR 2026-04-04T09:00:00 | Price=66812.00 RSI=45.84 (prev=47.16) EMA50=67559.65 ATR14=797.38
2026-04-04 10:57:21 [INFO] No entry signal.
2026-04-04 10:57:21 [INFO] Sleeping for 60 seconds...
2026-04-04 10:58:21 [INFO] BAR 2026-04-04T09:00:00 | Price=66800.00 RSI=45.73 (prev=47.16) EMA50=67559.18 ATR14=797.38
2026-04-04 10:58:21 [INFO] No entry signal.
2026-04-04 10:58:21 [INFO] Sleeping for 60 seconds...
2026-04-04 10:59:21 [INFO] BAR 2026-04-04T09:00:00 | Price=66809.00 RSI=45.81 (prev=47.16) EMA50=67559.53 ATR14=797.38
2026-04-04 10:59:21 [INFO] No entry signal.
2026-04-04 10:59:21 [INFO] Sleeping for 60 seconds...
2026-04-04 11:00:21 [INFO] BAR 2026-04-04T09:00:00 | Price=66804.00 RSI=45.77 (prev=47.16) EMA50=67559.34 ATR14=797.38
2026-04-04 11:00:21 [INFO] No entry signal.
2026-04-04 11:00:21 [INFO] Sleeping for 60 seconds...
2026-04-04 11:01:21 [INFO] BAR 2026-04-04T09:00:00 | Price=66804.00 RSI=45.77 (prev=47.16) EMA50=67559.34 ATR14=797.38
2026-04-04 11:01:21 [INFO] No entry signal.
2026-04-04 11:01:21 [INFO] Sleeping for 60 seconds...
2026-04-04 11:02:21 [INFO] BAR 2026-04-04T09:00:00 | Price=66803.00 RSI=45.76 (prev=47.16) EMA50=67559.30 ATR14=797.38
2026-04-04 11:02:21 [INFO] No entry signal.
2026-04-04 11:02:21 [INFO] Sleeping for 60 seconds...
2026-04-04 11:03:21 [INFO] BAR 2026-04-04T09:00:00 | Price=66826.00 RSI=45.98 (prev=47.16) EMA50=67560.20 ATR14=797.38
2026-04-04 11:03:21 [INFO] No entry signal.
2026-04-04 11:03:21 [INFO] Sleeping for 60 seconds...
2026-04-04 11:04:22 [INFO] BAR 2026-04-04T09:00:00 | Price=66861.00 RSI=46.33 (prev=47.16) EMA50=67561.57 ATR14=797.38
2026-04-04 11:04:22 [INFO] No entry signal.
2026-04-04 11:04:22 [INFO] Sleeping for 60 seconds...
2026-04-04 11:05:22 [INFO] BAR 2026-04-04T09:00:00 | Price=66888.00 RSI=46.60 (prev=47.16) EMA50=67562.63 ATR14=797.38
2026-04-04 11:05:22 [INFO] No entry signal.
2026-04-04 11:05:22 [INFO] Sleeping for 60 seconds...
2026-04-04 11:06:22 [INFO] BAR 2026-04-04T09:00:00 | Price=66874.00 RSI=46.46 (prev=47.16) EMA50=67562.08 ATR14=797.38
2026-04-04 11:06:22 [INFO] No entry signal.
2026-04-04 11:06:22 [INFO] Sleeping for 60 seconds...
2026-04-04 11:07:22 [INFO] BAR 2026-04-04T09:00:00 | Price=66828.00 RSI=46.00 (prev=47.16) EMA50=67560.28 ATR14=797.38
2026-04-04 11:07:22 [INFO] No entry signal.
2026-04-04 11:07:22 [INFO] Sleeping for 60 seconds...
2026-04-04 11:08:22 [INFO] BAR 2026-04-04T09:00:00 | Price=66835.00 RSI=46.07 (prev=47.16) EMA50=67560.55 ATR14=797.38
2026-04-04 11:08:22 [INFO] No entry signal.
2026-04-04 11:08:22 [INFO] Sleeping for 60 seconds...
2026-04-04 11:09:22 [INFO] BAR 2026-04-04T09:00:00 | Price=66833.00 RSI=46.05 (prev=47.16) EMA50=67560.47 ATR14=797.38
2026-04-04 11:09:22 [INFO] No entry signal.
2026-04-04 11:09:22 [INFO] Sleeping for 60 seconds...
2026-04-04 11:10:22 [INFO] BAR 2026-04-04T09:00:00 | Price=66822.00 RSI=45.94 (prev=47.16) EMA50=67560.04 ATR14=797.38
2026-04-04 11:10:22 [INFO] No entry signal.
2026-04-04 11:10:22 [INFO] Sleeping for 60 seconds...
2026-04-04 11:11:22 [INFO] BAR 2026-04-04T09:00:00 | Price=66826.00 RSI=45.98 (prev=47.16) EMA50=67560.20 ATR14=797.38
2026-04-04 11:11:22 [INFO] No entry signal.
2026-04-04 11:11:22 [INFO] Sleeping for 60 seconds...
2026-04-04 11:12:23 [INFO] BAR 2026-04-04T09:00:00 | Price=66794.00 RSI=45.67 (prev=47.16) EMA50=67558.95 ATR14=797.38
2026-04-04 11:12:23 [INFO] No entry signal.
2026-04-04 11:12:23 [INFO] Sleeping for 60 seconds...
2026-04-04 11:13:23 [INFO] BAR 2026-04-04T09:00:00 | Price=66803.00 RSI=45.76 (prev=47.16) EMA50=67559.30 ATR14=797.38
2026-04-04 11:13:23 [INFO] No entry signal.
2026-04-04 11:13:23 [INFO] Sleeping for 60 seconds...
2026-04-04 11:14:23 [INFO] BAR 2026-04-04T09:00:00 | Price=66803.00 RSI=45.76 (prev=47.16) EMA50=67559.30 ATR14=797.38
2026-04-04 11:14:23 [INFO] No entry signal.
2026-04-04 11:14:23 [INFO] Sleeping for 60 seconds...
2026-04-04 11:15:23 [INFO] BAR 2026-04-04T09:00:00 | Price=66795.00 RSI=45.68 (prev=47.16) EMA50=67558.98 ATR14=797.38
2026-04-04 11:15:23 [INFO] No entry signal.
2026-04-04 11:15:23 [INFO] Sleeping for 60 seconds...
2026-04-04 11:16:23 [INFO] BAR 2026-04-04T09:00:00 | Price=66794.00 RSI=45.67 (prev=47.16) EMA50=67558.95 ATR14=797.38
2026-04-04 11:16:23 [INFO] No entry signal.
2026-04-04 11:16:23 [INFO] Sleeping for 60 seconds...
2026-04-04 11:17:23 [INFO] BAR 2026-04-04T09:00:00 | Price=66791.00 RSI=45.64 (prev=47.16) EMA50=67558.83 ATR14=798.09
2026-04-04 11:17:23 [INFO] No entry signal.
2026-04-04 11:17:23 [INFO] Sleeping for 60 seconds...
2026-04-04 11:18:23 [INFO] BAR 2026-04-04T09:00:00 | Price=66791.00 RSI=45.64 (prev=47.16) EMA50=67558.83 ATR14=798.09
2026-04-04 11:18:23 [INFO] No entry signal.
2026-04-04 11:18:23 [INFO] Sleeping for 60 seconds...
2026-04-04 11:19:23 [INFO] BAR 2026-04-04T09:00:00 | Price=66788.00 RSI=45.61 (prev=47.16) EMA50=67558.71 ATR14=798.09
2026-04-04 11:19:23 [INFO] No entry signal.
2026-04-04 11:19:23 [INFO] Sleeping for 60 seconds...
2026-04-04 11:20:23 [INFO] BAR 2026-04-04T09:00:00 | Price=66795.00 RSI=45.68 (prev=47.16) EMA50=67558.98 ATR14=798.09
2026-04-04 11:20:23 [INFO] No entry signal.
2026-04-04 11:20:23 [INFO] Sleeping for 60 seconds...
2026-04-04 11:21:23 [INFO] BAR 2026-04-04T09:00:00 | Price=66790.00 RSI=45.63 (prev=47.16) EMA50=67558.79 ATR14=798.09
2026-04-04 11:21:23 [INFO] No entry signal.
2026-04-04 11:21:23 [INFO] Sleeping for 60 seconds...
2026-04-04 11:22:23 [INFO] BAR 2026-04-04T09:00:00 | Price=66789.00 RSI=45.62 (prev=47.16) EMA50=67558.75 ATR14=798.09
2026-04-04 11:22:23 [INFO] No entry signal.
2026-04-04 11:22:23 [INFO] Sleeping for 60 seconds...
2026-04-04 11:23:23 [INFO] BAR 2026-04-04T09:00:00 | Price=66788.00 RSI=45.61 (prev=47.16) EMA50=67558.71 ATR14=798.09
2026-04-04 11:23:23 [INFO] No entry signal.
2026-04-04 11:23:23 [INFO] Sleeping for 60 seconds...
2026-04-04 11:24:24 [INFO] BAR 2026-04-04T09:00:00 | Price=66785.00 RSI=45.58 (prev=47.16) EMA50=67558.59 ATR14=798.09
2026-04-04 11:24:24 [INFO] No entry signal.
2026-04-04 11:24:24 [INFO] Sleeping for 60 seconds...
2026-04-04 11:25:24 [INFO] BAR 2026-04-04T09:00:00 | Price=66779.00 RSI=45.52 (prev=47.16) EMA50=67558.36 ATR14=798.09
2026-04-04 11:25:24 [INFO] No entry signal.
2026-04-04 11:25:24 [INFO] Sleeping for 60 seconds...
2026-04-04 11:26:24 [INFO] BAR 2026-04-04T09:00:00 | Price=66792.00 RSI=45.65 (prev=47.16) EMA50=67558.87 ATR14=798.09
2026-04-04 11:26:24 [INFO] No entry signal.
2026-04-04 11:26:24 [INFO] Sleeping for 60 seconds...
2026-04-04 11:27:24 [INFO] BAR 2026-04-04T09:00:00 | Price=66796.00 RSI=45.69 (prev=47.16) EMA50=67559.02 ATR14=798.09
2026-04-04 11:27:24 [INFO] No entry signal.
2026-04-04 11:27:24 [INFO] Sleeping for 60 seconds...
2026-04-04 11:28:24 [INFO] BAR 2026-04-04T09:00:00 | Price=66796.00 RSI=45.69 (prev=47.16) EMA50=67559.02 ATR14=798.09
2026-04-04 11:28:24 [INFO] No entry signal.
2026-04-04 11:28:24 [INFO] Sleeping for 60 seconds...
2026-04-04 11:29:24 [INFO] BAR 2026-04-04T09:00:00 | Price=66795.00 RSI=45.68 (prev=47.16) EMA50=67558.98 ATR14=798.09
2026-04-04 11:29:24 [INFO] No entry signal.
2026-04-04 11:29:24 [INFO] Sleeping for 60 seconds...
2026-04-04 11:30:24 [INFO] BAR 2026-04-04T09:00:00 | Price=66795.00 RSI=45.68 (prev=47.16) EMA50=67558.98 ATR14=798.09
2026-04-04 11:30:24 [INFO] No entry signal.
2026-04-04 11:30:24 [INFO] Sleeping for 60 seconds...
2026-04-04 11:31:24 [INFO] BAR 2026-04-04T09:00:00 | Price=66795.00 RSI=45.68 (prev=47.16) EMA50=67558.98 ATR14=798.09
2026-04-04 11:31:24 [INFO] No entry signal.
2026-04-04 11:31:24 [INFO] Sleeping for 60 seconds...
2026-04-04 11:32:24 [INFO] BAR 2026-04-04T09:00:00 | Price=66820.00 RSI=45.92 (prev=47.16) EMA50=67559.97 ATR14=798.09
2026-04-04 11:32:24 [INFO] No entry signal.
2026-04-04 11:32:24 [INFO] Sleeping for 60 seconds...
2026-04-04 11:33:24 [INFO] BAR 2026-04-04T09:00:00 | Price=66847.00 RSI=46.19 (prev=47.16) EMA50=67561.02 ATR14=798.09
2026-04-04 11:33:24 [INFO] No entry signal.
2026-04-04 11:33:24 [INFO] Sleeping for 60 seconds...
2026-04-04 11:34:24 [INFO] BAR 2026-04-04T09:00:00 | Price=66825.00 RSI=45.97 (prev=47.16) EMA50=67560.16 ATR14=798.09
2026-04-04 11:34:24 [INFO] No entry signal.
2026-04-04 11:34:24 [INFO] Sleeping for 60 seconds...
2026-04-04 11:35:24 [INFO] BAR 2026-04-04T09:00:00 | Price=66831.00 RSI=46.03 (prev=47.16) EMA50=67560.40 ATR14=798.09
2026-04-04 11:35:24 [INFO] No entry signal.
2026-04-04 11:35:24 [INFO] Sleeping for 60 seconds...
2026-04-04 11:36:24 [INFO] BAR 2026-04-04T09:00:00 | Price=66822.00 RSI=45.94 (prev=47.16) EMA50=67560.04 ATR14=798.09
2026-04-04 11:36:24 [INFO] No entry signal.
2026-04-04 11:36:24 [INFO] Sleeping for 60 seconds...
2026-04-04 11:37:25 [INFO] BAR 2026-04-04T09:00:00 | Price=66823.00 RSI=45.95 (prev=47.16) EMA50=67560.08 ATR14=798.09
2026-04-04 11:37:25 [INFO] No entry signal.
2026-04-04 11:37:25 [INFO] Sleeping for 60 seconds...
2026-04-04 11:38:25 [INFO] BAR 2026-04-04T09:00:00 | Price=66822.00 RSI=45.94 (prev=47.16) EMA50=67560.04 ATR14=798.09
2026-04-04 11:38:25 [INFO] No entry signal.
2026-04-04 11:38:25 [INFO] Sleeping for 60 seconds...
2026-04-04 11:39:25 [INFO] BAR 2026-04-04T09:00:00 | Price=66817.00 RSI=45.89 (prev=47.16) EMA50=67559.85 ATR14=798.09
2026-04-04 11:39:25 [INFO] No entry signal.
2026-04-04 11:39:25 [INFO] Sleeping for 60 seconds...
2026-04-04 11:40:25 [INFO] BAR 2026-04-04T09:00:00 | Price=66818.00 RSI=45.90 (prev=47.16) EMA50=67559.89 ATR14=798.09
2026-04-04 11:40:25 [INFO] No entry signal.
2026-04-04 11:40:25 [INFO] Sleeping for 60 seconds...
2026-04-04 11:41:25 [INFO] BAR 2026-04-04T09:00:00 | Price=66818.00 RSI=45.90 (prev=47.16) EMA50=67559.89 ATR14=798.09
2026-04-04 11:41:25 [INFO] No entry signal.
2026-04-04 11:41:25 [INFO] Sleeping for 60 seconds...
2026-04-04 11:42:25 [INFO] BAR 2026-04-04T09:00:00 | Price=66798.00 RSI=45.71 (prev=47.16) EMA50=67559.10 ATR14=798.09
2026-04-04 11:42:25 [INFO] No entry signal.
2026-04-04 11:42:25 [INFO] Sleeping for 60 seconds...
2026-04-04 11:43:25 [INFO] BAR 2026-04-04T09:00:00 | Price=66798.00 RSI=45.71 (prev=47.16) EMA50=67559.10 ATR14=798.09
2026-04-04 11:43:25 [INFO] No entry signal.
2026-04-04 11:43:25 [INFO] Sleeping for 60 seconds...
2026-04-04 11:44:25 [INFO] BAR 2026-04-04T09:00:00 | Price=66800.00 RSI=45.73 (prev=47.16) EMA50=67559.18 ATR14=798.09
2026-04-04 11:44:25 [INFO] No entry signal.
2026-04-04 11:44:25 [INFO] Sleeping for 60 seconds...
2026-04-04 11:45:25 [INFO] BAR 2026-04-04T09:00:00 | Price=66795.00 RSI=45.68 (prev=47.16) EMA50=67558.98 ATR14=798.09
2026-04-04 11:45:25 [INFO] No entry signal.
2026-04-04 11:45:25 [INFO] Sleeping for 60 seconds...
2026-04-04 11:46:25 [INFO] BAR 2026-04-04T09:00:00 | Price=66801.00 RSI=45.74 (prev=47.16) EMA50=67559.22 ATR14=798.09
2026-04-04 11:46:25 [INFO] No entry signal.
2026-04-04 11:46:25 [INFO] Sleeping for 60 seconds...
2026-04-04 11:47:25 [INFO] BAR 2026-04-04T09:00:00 | Price=66794.00 RSI=45.67 (prev=47.16) EMA50=67558.95 ATR14=798.09
2026-04-04 11:47:25 [INFO] No entry signal.
2026-04-04 11:47:25 [INFO] Sleeping for 60 seconds...
2026-04-04 11:48:25 [INFO] BAR 2026-04-04T09:00:00 | Price=66774.00 RSI=45.47 (prev=47.16) EMA50=67558.16 ATR14=798.30
2026-04-04 11:48:25 [INFO] No entry signal.
2026-04-04 11:48:25 [INFO] Sleeping for 60 seconds...
2026-04-04 11:49:25 [INFO] BAR 2026-04-04T09:00:00 | Price=66778.00 RSI=45.51 (prev=47.16) EMA50=67558.32 ATR14=798.45
2026-04-04 11:49:25 [INFO] No entry signal.
2026-04-04 11:49:25 [INFO] Sleeping for 60 seconds...
2026-04-04 11:50:25 [INFO] BAR 2026-04-04T09:00:00 | Price=66794.00 RSI=45.67 (prev=47.16) EMA50=67558.95 ATR14=798.45
2026-04-04 11:50:25 [INFO] No entry signal.
2026-04-04 11:50:25 [INFO] Sleeping for 60 seconds...
2026-04-04 11:51:25 [INFO] BAR 2026-04-04T09:00:00 | Price=66795.00 RSI=45.68 (prev=47.16) EMA50=67558.98 ATR14=798.45
2026-04-04 11:51:25 [INFO] No entry signal.
2026-04-04 11:51:25 [INFO] Sleeping for 60 seconds...
2026-04-04 11:52:26 [INFO] BAR 2026-04-04T09:00:00 | Price=66795.00 RSI=45.68 (prev=47.16) EMA50=67558.98 ATR14=798.45
2026-04-04 11:52:26 [INFO] No entry signal.
2026-04-04 11:52:26 [INFO] Sleeping for 60 seconds...
2026-04-04 11:53:26 [INFO] BAR 2026-04-04T09:00:00 | Price=66794.00 RSI=45.67 (prev=47.16) EMA50=67558.95 ATR14=798.45
2026-04-04 11:53:26 [INFO] No entry signal.
2026-04-04 11:53:26 [INFO] Sleeping for 60 seconds...
2026-04-04 11:54:26 [INFO] BAR 2026-04-04T09:00:00 | Price=66776.00 RSI=45.49 (prev=47.16) EMA50=67558.24 ATR14=798.45
2026-04-04 11:54:26 [INFO] No entry signal.
2026-04-04 11:54:26 [INFO] Sleeping for 60 seconds...
2026-04-04 11:55:26 [INFO] BAR 2026-04-04T09:00:00 | Price=66773.00 RSI=45.46 (prev=47.16) EMA50=67558.12 ATR14=798.45
2026-04-04 11:55:26 [INFO] No entry signal.
2026-04-04 11:55:26 [INFO] Sleeping for 60 seconds...
2026-04-04 11:56:26 [INFO] BAR 2026-04-04T09:00:00 | Price=66773.00 RSI=45.46 (prev=47.16) EMA50=67558.12 ATR14=798.45
2026-04-04 11:56:26 [INFO] No entry signal.
2026-04-04 11:56:26 [INFO] Sleeping for 60 seconds...
2026-04-04 11:57:26 [INFO] BAR 2026-04-04T09:00:00 | Price=66778.00 RSI=45.51 (prev=47.16) EMA50=67558.32 ATR14=798.45
2026-04-04 11:57:26 [INFO] No entry signal.
2026-04-04 11:57:26 [INFO] Sleeping for 60 seconds...
2026-04-04 11:58:26 [INFO] BAR 2026-04-04T09:00:00 | Price=66775.00 RSI=45.48 (prev=47.16) EMA50=67558.20 ATR14=798.45
2026-04-04 11:58:26 [INFO] No entry signal.
2026-04-04 11:58:26 [INFO] Sleeping for 60 seconds...
2026-04-04 11:59:26 [INFO] BAR 2026-04-04T09:00:00 | Price=66789.00 RSI=45.62 (prev=47.16) EMA50=67558.75 ATR14=798.45
2026-04-04 11:59:26 [INFO] No entry signal.
2026-04-04 11:59:26 [INFO] Sleeping for 60 seconds...
2026-04-04 12:00:26 [INFO] BAR 2026-04-04T09:00:00 | Price=66815.00 RSI=45.87 (prev=47.16) EMA50=67559.77 ATR14=798.45
2026-04-04 12:00:26 [INFO] No entry signal.
2026-04-04 12:00:26 [INFO] Sleeping for 60 seconds...
2026-04-04 12:01:26 [INFO] BAR 2026-04-04T09:00:00 | Price=66847.00 RSI=46.19 (prev=47.16) EMA50=67561.02 ATR14=798.45
2026-04-04 12:01:26 [INFO] No entry signal.
2026-04-04 12:01:26 [INFO] Sleeping for 60 seconds...
2026-04-04 12:02:26 [INFO] BAR 2026-04-04T09:00:00 | Price=66839.00 RSI=46.11 (prev=47.16) EMA50=67560.71 ATR14=798.45
2026-04-04 12:02:26 [INFO] No entry signal.
2026-04-04 12:02:26 [INFO] Sleeping for 60 seconds...
