2026-04-02 19:43:01 [INFO] ======================================================================
2026-04-02 19:43:01 [INFO]  BTC/USDT 4H RSI SWING v6 - LIVE TRADER
2026-04-02 19:43:01 [INFO] ======================================================================
2026-04-02 19:43:01 [INFO] Python version: 3.10.11 (tags/v3.10.11:7d4cc5a, Apr  5 2023, 00:38:17) [MSC v.1929 64 bit (AMD64)]
2026-04-02 19:43:01 [INFO] Working directory: C:\Users\user\Desktop\cursor\trade
2026-04-02 19:43:01 [INFO] Script file: C:\Users\user\Desktop\cursor\trade\hl_rsi_swing_v6.py
2026-04-02 19:43:01 [INFO] Log file: C:\Users\user\Desktop\cursor\trade\rsi_swing_20260402_194301.log
2026-04-02 19:43:01 [INFO] ======================================================================
2026-04-02 19:43:04 [INFO] RSI SWING live trading 有効化: env=mainnet, address=0x8455b70a5a0d942eb9a1598a0e9e1214a3b31b55
2026-04-02 19:43:04 [INFO] Initialized RSI SWING trader for BTC 1h (rsi_period=10, OS=30.0, OB=60.0)
2026-04-02 19:43:04 [INFO] RSI SWING trader initialized successfully
2026-04-02 19:43:04 [INFO] Starting RSI SWING trading loop (live mode)...
2026-04-02 19:43:04 [INFO] BAR 2026-04-02T19:00:00 | Price=66451.00 RSI=34.43 (prev=33.69) EMA50=67512.08 ATR14=470.50
2026-04-02 19:43:04 [INFO] No entry signal.
2026-04-02 19:43:04 [INFO] Sleeping for 60 seconds...
2026-04-02 19:44:04 [INFO] BAR 2026-04-02T19:00:00 | Price=66447.00 RSI=34.33 (prev=33.69) EMA50=67511.92 ATR14=470.50
2026-04-02 19:44:04 [INFO] No entry signal.
2026-04-02 19:44:04 [INFO] Sleeping for 60 seconds...
2026-04-02 19:45:04 [INFO] BAR 2026-04-02T19:00:00 | Price=66439.00 RSI=34.13 (prev=33.69) EMA50=67511.61 ATR14=470.50
2026-04-02 19:45:04 [INFO] No entry signal.
2026-04-02 19:45:04 [INFO] Sleeping for 60 seconds...
2026-04-02 19:46:04 [INFO] BAR 2026-04-02T19:00:00 | Price=66430.00 RSI=33.89 (prev=33.69) EMA50=67511.25 ATR14=470.50
2026-04-02 19:46:04 [INFO] No entry signal.
2026-04-02 19:46:04 [INFO] Sleeping for 60 seconds...
2026-04-02 19:47:04 [INFO] BAR 2026-04-02T19:00:00 | Price=66388.00 RSI=33.25 (prev=33.69) EMA50=67509.61 ATR14=470.50
2026-04-02 19:47:04 [INFO] No entry signal.
2026-04-02 19:47:04 [INFO] Sleeping for 60 seconds...
2026-04-02 19:48:04 [INFO] BAR 2026-04-02T19:00:00 | Price=66440.00 RSI=34.15 (prev=33.69) EMA50=67511.65 ATR14=470.50
2026-04-02 19:48:04 [INFO] No entry signal.
2026-04-02 19:48:04 [INFO] Sleeping for 60 seconds...
2026-04-02 19:49:05 [INFO] BAR 2026-04-02T19:00:00 | Price=66445.00 RSI=34.28 (prev=33.69) EMA50=67511.84 ATR14=470.50
2026-04-02 19:49:05 [INFO] No entry signal.
2026-04-02 19:49:05 [INFO] Sleeping for 60 seconds...
2026-04-02 19:50:05 [INFO] BAR 2026-04-02T19:00:00 | Price=66408.00 RSI=33.50 (prev=33.69) EMA50=67510.39 ATR14=470.50
2026-04-02 19:50:05 [INFO] No entry signal.
2026-04-02 19:50:05 [INFO] Sleeping for 60 seconds...
2026-04-02 19:51:05 [INFO] BAR 2026-04-02T19:00:00 | Price=66434.00 RSI=34.00 (prev=33.69) EMA50=67511.41 ATR14=470.50
2026-04-02 19:51:05 [INFO] No entry signal.
2026-04-02 19:51:05 [INFO] Sleeping for 60 seconds...
2026-04-02 19:52:05 [INFO] BAR 2026-04-02T19:00:00 | Price=66432.00 RSI=33.95 (prev=33.69) EMA50=67511.33 ATR14=470.50
2026-04-02 19:52:05 [INFO] No entry signal.
2026-04-02 19:52:05 [INFO] Sleeping for 60 seconds...
2026-04-02 19:53:05 [INFO] BAR 2026-04-02T19:00:00 | Price=66457.00 RSI=34.58 (prev=33.69) EMA50=67512.31 ATR14=470.72
2026-04-02 19:53:05 [INFO] No entry signal.
2026-04-02 19:53:05 [INFO] Sleeping for 60 seconds...
2026-04-02 19:54:05 [INFO] BAR 2026-04-02T19:00:00 | Price=66433.00 RSI=33.97 (prev=33.69) EMA50=67511.37 ATR14=470.72
2026-04-02 19:54:05 [INFO] No entry signal.
2026-04-02 19:54:05 [INFO] Sleeping for 60 seconds...
2026-04-02 19:55:05 [INFO] BAR 2026-04-02T19:00:00 | Price=66419.00 RSI=33.65 (prev=33.69) EMA50=67510.82 ATR14=470.72
2026-04-02 19:55:05 [INFO] No entry signal.
2026-04-02 19:55:05 [INFO] Sleeping for 60 seconds...
2026-04-02 19:56:05 [INFO] BAR 2026-04-02T19:00:00 | Price=66434.00 RSI=34.00 (prev=33.69) EMA50=67511.41 ATR14=470.72
2026-04-02 19:56:05 [INFO] No entry signal.
2026-04-02 19:56:05 [INFO] Sleeping for 60 seconds...
2026-04-02 19:57:05 [INFO] BAR 2026-04-02T19:00:00 | Price=66403.00 RSI=33.44 (prev=33.69) EMA50=67510.19 ATR14=470.72
2026-04-02 19:57:05 [INFO] No entry signal.
2026-04-02 19:57:05 [INFO] Sleeping for 60 seconds...
2026-04-02 19:58:05 [INFO] BAR 2026-04-02T19:00:00 | Price=66438.00 RSI=34.10 (prev=33.69) EMA50=67511.57 ATR14=470.72
2026-04-02 19:58:05 [INFO] No entry signal.
2026-04-02 19:58:05 [INFO] Sleeping for 60 seconds...
2026-04-02 19:59:05 [INFO] BAR 2026-04-02T19:00:00 | Price=66425.00 RSI=33.76 (prev=33.69) EMA50=67511.06 ATR14=470.72
2026-04-02 19:59:05 [INFO] No entry signal.
2026-04-02 19:59:05 [INFO] Sleeping for 60 seconds...
2026-04-02 20:00:05 [INFO] BAR 2026-04-02T20:00:00 | Price=66446.00 RSI=34.39 (prev=33.67) EMA50=67469.20 ATR14=438.95
2026-04-02 20:00:05 [INFO] No entry signal.
2026-04-02 20:00:05 [INFO] Sleeping for 60 seconds...
2026-04-02 20:01:05 [INFO] BAR 2026-04-02T20:00:00 | Price=66443.00 RSI=34.30 (prev=33.67) EMA50=67469.08 ATR14=438.95
2026-04-02 20:01:05 [INFO] No entry signal.
2026-04-02 20:01:05 [INFO] Sleeping for 60 seconds...
2026-04-02 20:02:06 [INFO] BAR 2026-04-02T20:00:00 | Price=66406.00 RSI=33.46 (prev=33.67) EMA50=67467.63 ATR14=440.10
2026-04-02 20:02:06 [INFO] No entry signal.
2026-04-02 20:02:06 [INFO] Sleeping for 60 seconds...
2026-04-02 20:03:06 [INFO] BAR 2026-04-02T20:00:00 | Price=66411.00 RSI=33.53 (prev=33.67) EMA50=67467.83 ATR14=443.31
2026-04-02 20:03:06 [INFO] No entry signal.
2026-04-02 20:03:06 [INFO] Sleeping for 60 seconds...
2026-04-02 20:04:06 [INFO] BAR 2026-04-02T20:00:00 | Price=66404.00 RSI=33.43 (prev=33.67) EMA50=67467.55 ATR14=443.31
2026-04-02 20:04:06 [INFO] No entry signal.
2026-04-02 20:04:06 [INFO] Sleeping for 60 seconds...
2026-04-02 20:05:06 [INFO] BAR 2026-04-02T20:00:00 | Price=66404.00 RSI=33.43 (prev=33.67) EMA50=67467.55 ATR14=443.31
2026-04-02 20:05:06 [INFO] No entry signal.
2026-04-02 20:05:06 [INFO] Sleeping for 60 seconds...
2026-04-02 20:06:06 [INFO] BAR 2026-04-02T20:00:00 | Price=66375.00 RSI=33.01 (prev=33.67) EMA50=67466.42 ATR14=443.52
2026-04-02 20:06:06 [INFO] No entry signal.
2026-04-02 20:06:06 [INFO] Sleeping for 60 seconds...
2026-04-02 20:07:06 [INFO] BAR 2026-04-02T20:00:00 | Price=66346.00 RSI=32.61 (prev=33.67) EMA50=67465.28 ATR14=444.88
2026-04-02 20:07:06 [INFO] No entry signal.
2026-04-02 20:07:06 [INFO] Sleeping for 60 seconds...
2026-04-02 20:08:06 [INFO] BAR 2026-04-02T20:00:00 | Price=66336.00 RSI=32.48 (prev=33.67) EMA50=67464.89 ATR14=446.17
2026-04-02 20:08:06 [INFO] No entry signal.
2026-04-02 20:08:06 [INFO] Sleeping for 60 seconds...
2026-04-02 20:09:06 [INFO] BAR 2026-04-02T20:00:00 | Price=66345.00 RSI=32.60 (prev=33.67) EMA50=67465.24 ATR14=446.17
2026-04-02 20:09:06 [INFO] No entry signal.
2026-04-02 20:09:06 [INFO] Sleeping for 60 seconds...
2026-04-02 20:10:07 [INFO] BAR 2026-04-02T20:00:00 | Price=66289.00 RSI=31.85 (prev=33.67) EMA50=67463.04 ATR14=448.38
2026-04-02 20:10:07 [INFO] No entry signal.
2026-04-02 20:10:07 [INFO] Sleeping for 60 seconds...
2026-04-02 20:11:07 [INFO] BAR 2026-04-02T20:00:00 | Price=66303.00 RSI=32.03 (prev=33.67) EMA50=67463.59 ATR14=448.38
2026-04-02 20:11:07 [INFO] No entry signal.
2026-04-02 20:11:07 [INFO] Sleeping for 60 seconds...
2026-04-02 20:12:07 [INFO] BAR 2026-04-02T20:00:00 | Price=66257.00 RSI=31.44 (prev=33.67) EMA50=67461.79 ATR14=450.88
2026-04-02 20:12:07 [INFO] No entry signal.
2026-04-02 20:12:07 [INFO] Sleeping for 60 seconds...
2026-04-02 20:13:07 [INFO] BAR 2026-04-02T20:00:00 | Price=66233.00 RSI=31.13 (prev=33.67) EMA50=67460.85 ATR14=452.67
2026-04-02 20:13:07 [INFO] No entry signal.
2026-04-02 20:13:07 [INFO] Sleeping for 60 seconds...
2026-04-02 20:14:07 [INFO] BAR 2026-04-02T20:00:00 | Price=66225.00 RSI=31.03 (prev=33.67) EMA50=67460.53 ATR14=452.95
2026-04-02 20:14:07 [INFO] No entry signal.
2026-04-02 20:14:07 [INFO] Sleeping for 60 seconds...
2026-04-02 20:15:07 [INFO] BAR 2026-04-02T20:00:00 | Price=66243.00 RSI=31.26 (prev=33.67) EMA50=67461.24 ATR14=453.38
2026-04-02 20:15:07 [INFO] No entry signal.
2026-04-02 20:15:07 [INFO] Sleeping for 60 seconds...
2026-04-02 20:16:08 [INFO] BAR 2026-04-02T20:00:00 | Price=66327.00 RSI=32.35 (prev=33.67) EMA50=67464.53 ATR14=461.67
2026-04-02 20:16:08 [INFO] No entry signal.
2026-04-02 20:16:08 [INFO] Sleeping for 60 seconds...
2026-04-02 20:17:08 [INFO] BAR 2026-04-02T20:00:00 | Price=66409.00 RSI=33.50 (prev=33.67) EMA50=67467.75 ATR14=461.67
2026-04-02 20:17:08 [INFO] No entry signal.
2026-04-02 20:17:08 [INFO] Sleeping for 60 seconds...
2026-04-02 20:18:08 [INFO] BAR 2026-04-02T20:00:00 | Price=66407.00 RSI=33.47 (prev=33.67) EMA50=67467.67 ATR14=461.67
2026-04-02 20:18:08 [INFO] No entry signal.
2026-04-02 20:18:08 [INFO] Sleeping for 60 seconds...
2026-04-02 20:19:09 [INFO] BAR 2026-04-02T20:00:00 | Price=66395.00 RSI=33.30 (prev=33.67) EMA50=67467.20 ATR14=461.67
2026-04-02 20:19:09 [INFO] No entry signal.
2026-04-02 20:19:09 [INFO] Sleeping for 60 seconds...
