2026-04-02 22:49:36 [INFO] ======================================================================
2026-04-02 22:49:36 [INFO]  BTC/USDT RSI SWING v6 - LIVE TRADER
2026-04-02 22:49:36 [INFO] ======================================================================
2026-04-02 22:49:36 [INFO] Python version: 3.10.11 (tags/v3.10.11:7d4cc5a, Apr  5 2023, 00:38:17) [MSC v.1929 64 bit (AMD64)]
2026-04-02 22:49:36 [INFO] Working directory: C:\Users\user\Desktop\cursor\trade
2026-04-02 22:49:36 [INFO] Script file: C:\Users\user\Desktop\cursor\trade\hl_rsi_swing_v6.py
2026-04-02 22:49:36 [INFO] Log file: C:\Users\user\Desktop\cursor\trade\rsi_swing_20260402_224936.log
2026-04-02 22:49:36 [INFO] ======================================================================
2026-04-02 22:49:36 [INFO] Live trading enabled: env=mainnet, address=0xE2Ce93147a19c5b8B1dd222499dE0A56987E1188
2026-04-02 22:49:37 [INFO] No existing open position on Hyperliquid.
2026-04-02 22:49:37 [INFO] Initialized RSI SWING trader for BTC 1h (rsi_period=14, OS=30.0, OB=70.0, SL=1.5xATR, TP=3.0xATR)
2026-04-02 22:49:37 [INFO] RSI SWING trader initialized successfully
2026-04-02 22:49:37 [INFO] Starting RSI SWING trading loop (live mode)...
2026-04-02 22:49:37 [INFO] BAR 2026-04-02T22:00:00 | Price=66001.00 RSI=32.21 (prev=32.27) EMA50=67346.70 ATR14=452.79
2026-04-02 22:49:37 [INFO] No entry signal.
2026-04-02 22:49:37 [INFO] Sleeping for 60 seconds...
2026-04-02 22:50:37 [INFO] BAR 2026-04-02T22:00:00 | Price=66031.00 RSI=32.76 (prev=32.27) EMA50=67347.88 ATR14=452.79
2026-04-02 22:50:37 [INFO] No entry signal.
2026-04-02 22:50:37 [INFO] Sleeping for 60 seconds...
2026-04-02 22:51:37 [INFO] BAR 2026-04-02T22:00:00 | Price=66066.00 RSI=33.45 (prev=32.27) EMA50=67349.25 ATR14=452.79
2026-04-02 22:51:37 [INFO] No entry signal.
2026-04-02 22:51:37 [INFO] Sleeping for 60 seconds...
