2026-03-25 19:21:33 [INFO] ======================================================================
2026-03-25 19:21:33 [INFO]  BTC/USDT 4H RSI SWING v6 - LIVE TRADER
2026-03-25 19:21:33 [INFO] ======================================================================
2026-03-25 19:21:33 [INFO] Python version: 3.10.11 (tags/v3.10.11:7d4cc5a, Apr  5 2023, 00:38:17) [MSC v.1929 64 bit (AMD64)]
2026-03-25 19:21:33 [INFO] Working directory: C:\Users\user\Desktop\cursor\trade
2026-03-25 19:21:33 [INFO] Script file: C:\Users\user\Desktop\cursor\trade\hl_rsi_swing_v6.py
2026-03-25 19:21:33 [INFO] Log file: C:\Users\user\Desktop\cursor\trade\rsi_swing_20260325_192133.log
2026-03-25 19:21:33 [INFO] ======================================================================
2026-03-25 19:21:34 [INFO] RSI SWING live trading 有効化: env=mainnet, address=0x8455b70a5a0d942eb9a1598a0e9e1214a3b31b55
2026-03-25 19:21:34 [INFO] Initialized RSI SWING trader for BTC 1h (rsi_period=10, OS=30.0, OB=60.0)
2026-03-25 19:21:34 [INFO] RSI SWING trader initialized successfully
2026-03-25 19:21:34 [INFO] Starting RSI SWING trading loop (live mode)...
2026-03-25 19:21:35 [INFO] BAR 2026-03-25T19:00:00 | Price=71405.00 RSI=68.33 (prev=66.66) EMA50=70382.05 ATR14=475.26
2026-03-25 19:21:35 [INFO] No entry signal.
2026-03-25 19:21:35 [INFO] Sleeping for 60 seconds...
2026-03-25 19:22:35 [INFO] BAR 2026-03-25T19:00:00 | Price=71428.00 RSI=68.70 (prev=66.66) EMA50=70382.95 ATR14=475.98
2026-03-25 19:22:35 [INFO] No entry signal.
2026-03-25 19:22:35 [INFO] Sleeping for 60 seconds...
2026-03-25 19:23:35 [INFO] BAR 2026-03-25T19:00:00 | Price=71379.00 RSI=67.90 (prev=66.66) EMA50=70381.03 ATR14=475.98
2026-03-25 19:23:35 [INFO] No entry signal.
2026-03-25 19:23:35 [INFO] Sleeping for 60 seconds...
2026-03-25 19:24:35 [INFO] BAR 2026-03-25T19:00:00 | Price=71370.00 RSI=67.75 (prev=66.66) EMA50=70380.68 ATR14=475.98
2026-03-25 19:24:35 [INFO] No entry signal.
2026-03-25 19:24:35 [INFO] Sleeping for 60 seconds...
2026-03-25 19:25:35 [INFO] BAR 2026-03-25T19:00:00 | Price=71380.00 RSI=67.91 (prev=66.66) EMA50=70381.07 ATR14=475.98
2026-03-25 19:25:35 [INFO] No entry signal.
2026-03-25 19:25:35 [INFO] Sleeping for 60 seconds...
2026-03-25 19:26:35 [INFO] BAR 2026-03-25T19:00:00 | Price=71365.00 RSI=67.66 (prev=66.66) EMA50=70380.48 ATR14=475.98
2026-03-25 19:26:35 [INFO] No entry signal.
2026-03-25 19:26:35 [INFO] Sleeping for 60 seconds...
2026-03-25 19:27:35 [INFO] BAR 2026-03-25T19:00:00 | Price=71374.00 RSI=67.81 (prev=66.66) EMA50=70380.84 ATR14=475.98
2026-03-25 19:27:35 [INFO] No entry signal.
2026-03-25 19:27:35 [INFO] Sleeping for 60 seconds...
2026-03-25 19:28:35 [INFO] BAR 2026-03-25T19:00:00 | Price=71387.00 RSI=68.03 (prev=66.66) EMA50=70381.35 ATR14=475.98
2026-03-25 19:28:35 [INFO] No entry signal.
2026-03-25 19:28:35 [INFO] Sleeping for 60 seconds...
2026-03-25 19:29:35 [INFO] BAR 2026-03-25T19:00:00 | Price=71378.00 RSI=67.88 (prev=66.66) EMA50=70380.99 ATR14=475.98
2026-03-25 19:29:35 [INFO] No entry signal.
2026-03-25 19:29:35 [INFO] Sleeping for 60 seconds...
2026-03-25 19:30:35 [INFO] BAR 2026-03-25T19:00:00 | Price=71352.00 RSI=67.44 (prev=66.66) EMA50=70379.97 ATR14=475.98
2026-03-25 19:30:35 [INFO] No entry signal.
2026-03-25 19:30:35 [INFO] Sleeping for 60 seconds...
2026-03-25 19:31:35 [INFO] BAR 2026-03-25T19:00:00 | Price=71374.00 RSI=67.81 (prev=66.66) EMA50=70380.84 ATR14=475.98
2026-03-25 19:31:35 [INFO] No entry signal.
2026-03-25 19:31:35 [INFO] Sleeping for 60 seconds...
2026-03-25 19:32:35 [INFO] BAR 2026-03-25T19:00:00 | Price=71293.00 RSI=66.12 (prev=66.66) EMA50=70377.66 ATR14=475.98
2026-03-25 19:32:35 [INFO] No entry signal.
2026-03-25 19:32:35 [INFO] Sleeping for 60 seconds...
2026-03-25 19:33:35 [INFO] BAR 2026-03-25T19:00:00 | Price=71288.00 RSI=65.95 (prev=66.66) EMA50=70377.46 ATR14=475.98
2026-03-25 19:33:35 [INFO] No entry signal.
2026-03-25 19:33:35 [INFO] Sleeping for 60 seconds...
2026-03-25 19:34:36 [INFO] BAR 2026-03-25T19:00:00 | Price=71340.00 RSI=67.23 (prev=66.66) EMA50=70379.50 ATR14=475.98
2026-03-25 19:34:36 [INFO] No entry signal.
2026-03-25 19:34:36 [INFO] Sleeping for 60 seconds...
2026-03-25 19:35:36 [INFO] BAR 2026-03-25T19:00:00 | Price=71327.00 RSI=67.00 (prev=66.66) EMA50=70378.99 ATR14=475.98
2026-03-25 19:35:36 [INFO] No entry signal.
2026-03-25 19:35:36 [INFO] Sleeping for 60 seconds...
2026-03-25 19:36:36 [INFO] BAR 2026-03-25T19:00:00 | Price=71312.00 RSI=66.73 (prev=66.66) EMA50=70378.41 ATR14=475.98
2026-03-25 19:36:36 [INFO] No entry signal.
2026-03-25 19:36:36 [INFO] Sleeping for 60 seconds...
2026-03-25 19:37:36 [INFO] BAR 2026-03-25T19:00:00 | Price=71309.00 RSI=66.68 (prev=66.66) EMA50=70378.29 ATR14=475.98
2026-03-25 19:37:36 [INFO] No entry signal.
2026-03-25 19:37:36 [INFO] Sleeping for 60 seconds...
2026-03-25 19:38:36 [INFO] BAR 2026-03-25T19:00:00 | Price=71344.00 RSI=67.30 (prev=66.66) EMA50=70379.66 ATR14=475.98
2026-03-25 19:38:36 [INFO] No entry signal.
2026-03-25 19:38:36 [INFO] Sleeping for 60 seconds...
2026-03-25 19:39:36 [INFO] BAR 2026-03-25T19:00:00 | Price=71316.00 RSI=66.81 (prev=66.66) EMA50=70378.56 ATR14=475.98
2026-03-25 19:39:36 [INFO] No entry signal.
2026-03-25 19:39:36 [INFO] Sleeping for 60 seconds...
2026-03-25 19:40:36 [INFO] BAR 2026-03-25T19:00:00 | Price=71300.00 RSI=66.37 (prev=66.66) EMA50=70377.93 ATR14=475.98
2026-03-25 19:40:36 [INFO] No entry signal.
2026-03-25 19:40:36 [INFO] Sleeping for 60 seconds...
2026-03-25 19:41:37 [INFO] BAR 2026-03-25T19:00:00 | Price=71308.00 RSI=66.66 (prev=66.66) EMA50=70378.25 ATR14=475.98
2026-03-25 19:41:37 [INFO] No entry signal.
2026-03-25 19:41:37 [INFO] Sleeping for 60 seconds...
2026-03-25 19:42:37 [INFO] BAR 2026-03-25T19:00:00 | Price=71281.00 RSI=65.70 (prev=66.66) EMA50=70377.19 ATR14=475.98
2026-03-25 19:42:37 [INFO] No entry signal.
2026-03-25 19:42:37 [INFO] Sleeping for 60 seconds...
2026-03-25 19:43:37 [INFO] BAR 2026-03-25T19:00:00 | Price=71333.00 RSI=67.11 (prev=66.66) EMA50=70379.23 ATR14=475.98
2026-03-25 19:43:37 [INFO] No entry signal.
2026-03-25 19:43:37 [INFO] Sleeping for 60 seconds...
2026-03-25 19:44:37 [INFO] BAR 2026-03-25T19:00:00 | Price=71378.00 RSI=67.88 (prev=66.66) EMA50=70380.99 ATR14=475.98
2026-03-25 19:44:37 [INFO] No entry signal.
2026-03-25 19:44:37 [INFO] Sleeping for 60 seconds...
2026-03-25 19:45:37 [INFO] BAR 2026-03-25T19:00:00 | Price=71444.00 RSI=68.95 (prev=66.66) EMA50=70383.58 ATR14=475.98
2026-03-25 19:45:37 [INFO] No entry signal.
2026-03-25 19:45:37 [INFO] Sleeping for 60 seconds...
2026-03-25 19:46:37 [INFO] BAR 2026-03-25T19:00:00 | Price=71463.00 RSI=69.25 (prev=66.66) EMA50=70384.33 ATR14=476.33
2026-03-25 19:46:37 [INFO] No entry signal.
2026-03-25 19:46:37 [INFO] Sleeping for 60 seconds...
2026-03-25 19:47:37 [INFO] BAR 2026-03-25T19:00:00 | Price=71449.00 RSI=69.03 (prev=66.66) EMA50=70383.78 ATR14=476.69
2026-03-25 19:47:37 [INFO] No entry signal.
2026-03-25 19:47:37 [INFO] Sleeping for 60 seconds...
2026-03-25 19:48:37 [INFO] BAR 2026-03-25T19:00:00 | Price=71521.00 RSI=70.11 (prev=66.66) EMA50=70386.60 ATR14=487.12
2026-03-25 19:48:37 [INFO] No entry signal.
2026-03-25 19:48:37 [INFO] Sleeping for 60 seconds...
2026-03-25 19:49:37 [INFO] BAR 2026-03-25T19:00:00 | Price=71500.00 RSI=69.80 (prev=66.66) EMA50=70385.78 ATR14=487.12
2026-03-25 19:49:37 [INFO] No entry signal.
2026-03-25 19:49:37 [INFO] Sleeping for 60 seconds...
2026-03-25 19:50:37 [INFO] BAR 2026-03-25T19:00:00 | Price=71515.00 RSI=70.02 (prev=66.66) EMA50=70386.37 ATR14=487.12
2026-03-25 19:50:37 [INFO] No entry signal.
2026-03-25 19:50:37 [INFO] Sleeping for 60 seconds...
2026-03-25 19:51:37 [INFO] BAR 2026-03-25T19:00:00 | Price=71534.00 RSI=70.30 (prev=66.66) EMA50=70387.11 ATR14=487.12
2026-03-25 19:51:37 [INFO] No entry signal.
2026-03-25 19:51:37 [INFO] Sleeping for 60 seconds...
2026-03-25 19:52:38 [INFO] BAR 2026-03-25T19:00:00 | Price=71530.00 RSI=70.24 (prev=66.66) EMA50=70386.95 ATR14=487.12
2026-03-25 19:52:38 [INFO] No entry signal.
2026-03-25 19:52:38 [INFO] Sleeping for 60 seconds...
2026-03-25 19:53:38 [INFO] BAR 2026-03-25T19:00:00 | Price=71523.00 RSI=70.14 (prev=66.66) EMA50=70386.68 ATR14=487.12
2026-03-25 19:53:38 [INFO] No entry signal.
2026-03-25 19:53:38 [INFO] Sleeping for 60 seconds...
2026-03-25 19:54:38 [INFO] BAR 2026-03-25T19:00:00 | Price=71552.00 RSI=70.56 (prev=66.66) EMA50=70387.82 ATR14=487.12
2026-03-25 19:54:38 [INFO] No entry signal.
2026-03-25 19:54:38 [INFO] Sleeping for 60 seconds...
2026-03-25 19:55:38 [INFO] BAR 2026-03-25T19:00:00 | Price=71551.00 RSI=70.54 (prev=66.66) EMA50=70387.78 ATR14=487.12
2026-03-25 19:55:38 [INFO] No entry signal.
2026-03-25 19:55:38 [INFO] Sleeping for 60 seconds...
2026-03-25 19:56:38 [INFO] BAR 2026-03-25T19:00:00 | Price=71509.00 RSI=69.94 (prev=66.66) EMA50=70386.13 ATR14=487.12
2026-03-25 19:56:38 [INFO] No entry signal.
2026-03-25 19:56:38 [INFO] Sleeping for 60 seconds...
2026-03-25 19:57:38 [INFO] BAR 2026-03-25T19:00:00 | Price=71506.00 RSI=69.89 (prev=66.66) EMA50=70386.01 ATR14=487.12
2026-03-25 19:57:38 [INFO] No entry signal.
2026-03-25 19:57:38 [INFO] Sleeping for 60 seconds...
2026-03-25 19:58:38 [INFO] BAR 2026-03-25T19:00:00 | Price=71504.00 RSI=69.86 (prev=66.66) EMA50=70385.93 ATR14=487.12
2026-03-25 19:58:38 [INFO] No entry signal.
2026-03-25 19:58:38 [INFO] Sleeping for 60 seconds...
2026-03-25 19:59:39 [INFO] BAR 2026-03-25T19:00:00 | Price=71459.00 RSI=69.18 (prev=66.66) EMA50=70384.17 ATR14=487.12
2026-03-25 19:59:39 [INFO] No entry signal.
2026-03-25 19:59:39 [INFO] Sleeping for 60 seconds...
2026-03-25 20:00:39 [INFO] BAR 2026-03-25T20:00:00 | Price=71447.00 RSI=68.57 (prev=69.29) EMA50=70425.88 ATR14=453.68
2026-03-25 20:00:39 [INFO] No entry signal.
2026-03-25 20:00:39 [INFO] Sleeping for 60 seconds...
2026-03-25 20:01:39 [INFO] BAR 2026-03-25T20:00:00 | Price=71474.00 RSI=69.43 (prev=69.29) EMA50=70426.94 ATR14=454.40
2026-03-25 20:01:39 [INFO] No entry signal.
2026-03-25 20:01:39 [INFO] Sleeping for 60 seconds...
2026-03-25 20:02:39 [INFO] BAR 2026-03-25T20:00:00 | Price=71453.00 RSI=68.80 (prev=69.29) EMA50=70426.12 ATR14=455.04
2026-03-25 20:02:39 [INFO] No entry signal.
2026-03-25 20:02:39 [INFO] Sleeping for 60 seconds...
2026-03-25 20:03:39 [INFO] BAR 2026-03-25T20:00:00 | Price=71446.00 RSI=68.53 (prev=69.29) EMA50=70425.84 ATR14=455.18
2026-03-25 20:03:39 [INFO] No entry signal.
2026-03-25 20:03:39 [INFO] Sleeping for 60 seconds...
2026-03-25 20:04:39 [INFO] BAR 2026-03-25T20:00:00 | Price=71460.00 RSI=69.06 (prev=69.29) EMA50=70426.39 ATR14=455.18
2026-03-25 20:04:39 [INFO] No entry signal.
2026-03-25 20:04:39 [INFO] Sleeping for 60 seconds...
2026-03-25 20:05:40 [INFO] BAR 2026-03-25T20:00:00 | Price=71492.00 RSI=69.73 (prev=69.29) EMA50=70427.65 ATR14=455.68
2026-03-25 20:05:40 [INFO] No entry signal.
2026-03-25 20:05:40 [INFO] Sleeping for 60 seconds...
2026-03-25 20:06:40 [INFO] BAR 2026-03-25T20:00:00 | Price=71449.00 RSI=68.64 (prev=69.29) EMA50=70425.96 ATR14=456.25
2026-03-25 20:06:40 [INFO] No entry signal.
2026-03-25 20:06:40 [INFO] Sleeping for 60 seconds...
2026-03-25 20:07:40 [INFO] BAR 2026-03-25T20:00:00 | Price=71475.00 RSI=69.44 (prev=69.29) EMA50=70426.98 ATR14=456.25
2026-03-25 20:07:40 [INFO] No entry signal.
2026-03-25 20:07:40 [INFO] Sleeping for 60 seconds...
2026-03-25 20:08:40 [INFO] BAR 2026-03-25T20:00:00 | Price=71502.00 RSI=69.89 (prev=69.29) EMA50=70428.04 ATR14=456.40
2026-03-25 20:08:40 [INFO] No entry signal.
2026-03-25 20:08:40 [INFO] Sleeping for 60 seconds...
2026-03-25 20:09:40 [INFO] BAR 2026-03-25T20:00:00 | Price=71502.00 RSI=69.89 (prev=69.29) EMA50=70428.04 ATR14=458.04
2026-03-25 20:09:40 [INFO] No entry signal.
2026-03-25 20:09:40 [INFO] Sleeping for 60 seconds...
2026-03-25 20:10:40 [INFO] BAR 2026-03-25T20:00:00 | Price=71486.00 RSI=69.63 (prev=69.29) EMA50=70427.41 ATR14=458.04
2026-03-25 20:10:40 [INFO] No entry signal.
2026-03-25 20:10:40 [INFO] Sleeping for 60 seconds...
2026-03-25 20:11:40 [INFO] BAR 2026-03-25T20:00:00 | Price=71519.00 RSI=70.17 (prev=69.29) EMA50=70428.70 ATR14=458.75
2026-03-25 20:11:40 [INFO] No entry signal.
2026-03-25 20:11:40 [INFO] Sleeping for 60 seconds...
2026-03-25 20:12:40 [INFO] BAR 2026-03-25T20:00:00 | Price=71518.00 RSI=70.15 (prev=69.29) EMA50=70428.67 ATR14=458.75
2026-03-25 20:12:40 [INFO] No entry signal.
2026-03-25 20:12:40 [INFO] Sleeping for 60 seconds...
2026-03-25 20:13:40 [INFO] BAR 2026-03-25T20:00:00 | Price=71550.00 RSI=70.66 (prev=69.29) EMA50=70429.92 ATR14=459.83
2026-03-25 20:13:40 [INFO] No entry signal.
2026-03-25 20:13:40 [INFO] Sleeping for 60 seconds...
2026-03-25 20:14:40 [INFO] BAR 2026-03-25T20:00:00 | Price=71555.00 RSI=70.74 (prev=69.29) EMA50=70430.12 ATR14=461.54
2026-03-25 20:14:40 [INFO] No entry signal.
2026-03-25 20:14:40 [INFO] Sleeping for 60 seconds...
2026-03-25 20:15:40 [INFO] BAR 2026-03-25T20:00:00 | Price=71616.00 RSI=71.65 (prev=69.29) EMA50=70432.51 ATR14=466.04
2026-03-25 20:15:40 [INFO] No entry signal.
2026-03-25 20:15:40 [INFO] Sleeping for 60 seconds...
2026-03-25 20:16:40 [INFO] BAR 2026-03-25T20:00:00 | Price=71616.00 RSI=71.65 (prev=69.29) EMA50=70432.51 ATR14=467.97
2026-03-25 20:16:40 [INFO] No entry signal.
2026-03-25 20:16:40 [INFO] Sleeping for 60 seconds...
2026-03-25 20:17:40 [INFO] BAR 2026-03-25T20:00:00 | Price=71608.00 RSI=71.53 (prev=69.29) EMA50=70432.19 ATR14=467.97
2026-03-25 20:17:40 [INFO] No entry signal.
2026-03-25 20:17:40 [INFO] Sleeping for 60 seconds...
2026-03-25 20:18:40 [INFO] BAR 2026-03-25T20:00:00 | Price=71653.00 RSI=72.18 (prev=69.29) EMA50=70433.96 ATR14=467.97
2026-03-25 20:18:40 [INFO] No entry signal.
2026-03-25 20:18:40 [INFO] Sleeping for 60 seconds...
2026-03-25 20:19:41 [INFO] BAR 2026-03-25T20:00:00 | Price=71657.00 RSI=72.23 (prev=69.29) EMA50=70434.12 ATR14=467.97
2026-03-25 20:19:41 [INFO] No entry signal.
2026-03-25 20:19:41 [INFO] Sleeping for 60 seconds...
2026-03-25 20:20:41 [INFO] BAR 2026-03-25T20:00:00 | Price=71700.00 RSI=72.82 (prev=69.29) EMA50=70435.80 ATR14=473.54
2026-03-25 20:20:41 [INFO] No entry signal.
2026-03-25 20:20:41 [INFO] Sleeping for 60 seconds...
2026-03-25 20:21:41 [INFO] BAR 2026-03-25T20:00:00 | Price=71664.00 RSI=72.33 (prev=69.29) EMA50=70434.39 ATR14=473.54
2026-03-25 20:21:41 [INFO] No entry signal.
2026-03-25 20:21:41 [INFO] Sleeping for 60 seconds...
2026-03-25 20:22:41 [INFO] BAR 2026-03-25T20:00:00 | Price=71645.00 RSI=72.06 (prev=69.29) EMA50=70433.65 ATR14=473.54
2026-03-25 20:22:41 [INFO] No entry signal.
2026-03-25 20:22:41 [INFO] Sleeping for 60 seconds...
2026-03-25 20:23:41 [INFO] BAR 2026-03-25T20:00:00 | Price=71682.00 RSI=72.58 (prev=69.29) EMA50=70435.10 ATR14=473.54
2026-03-25 20:23:41 [INFO] No entry signal.
2026-03-25 20:23:41 [INFO] Sleeping for 60 seconds...
2026-03-25 20:24:42 [INFO] BAR 2026-03-25T20:00:00 | Price=71687.00 RSI=72.64 (prev=69.29) EMA50=70435.29 ATR14=473.54
2026-03-25 20:24:42 [INFO] No entry signal.
2026-03-25 20:24:42 [INFO] Sleeping for 60 seconds...
2026-03-25 20:25:42 [INFO] BAR 2026-03-25T20:00:00 | Price=71669.00 RSI=72.40 (prev=69.29) EMA50=70434.59 ATR14=473.54
2026-03-25 20:25:42 [INFO] No entry signal.
2026-03-25 20:25:42 [INFO] Sleeping for 60 seconds...
2026-03-25 20:26:42 [INFO] BAR 2026-03-25T20:00:00 | Price=71773.00 RSI=73.76 (prev=69.29) EMA50=70438.67 ATR14=475.75
2026-03-25 20:26:42 [INFO] No entry signal.
2026-03-25 20:26:42 [INFO] Sleeping for 60 seconds...
2026-03-25 20:27:42 [INFO] BAR 2026-03-25T20:00:00 | Price=71768.00 RSI=73.70 (prev=69.29) EMA50=70438.47 ATR14=475.97
2026-03-25 20:27:42 [INFO] No entry signal.
2026-03-25 20:27:42 [INFO] Sleeping for 60 seconds...
2026-03-25 20:28:42 [INFO] BAR 2026-03-25T20:00:00 | Price=71778.00 RSI=73.82 (prev=69.29) EMA50=70438.86 ATR14=476.11
2026-03-25 20:28:42 [INFO] No entry signal.
2026-03-25 20:28:42 [INFO] Sleeping for 60 seconds...
2026-03-25 20:29:43 [INFO] BAR 2026-03-25T20:00:00 | Price=71774.00 RSI=73.77 (prev=69.29) EMA50=70438.70 ATR14=476.11
2026-03-25 20:29:43 [INFO] No entry signal.
2026-03-25 20:29:43 [INFO] Sleeping for 60 seconds...
2026-03-25 20:30:43 [INFO] BAR 2026-03-25T20:00:00 | Price=71903.00 RSI=75.28 (prev=69.29) EMA50=70443.76 ATR14=485.97
2026-03-25 20:30:43 [INFO] No entry signal.
2026-03-25 20:30:43 [INFO] Sleeping for 60 seconds...
2026-03-25 20:31:43 [INFO] BAR 2026-03-25T20:00:00 | Price=71938.00 RSI=75.66 (prev=69.29) EMA50=70445.14 ATR14=488.90
2026-03-25 20:31:43 [INFO] No entry signal.
2026-03-25 20:31:43 [INFO] Sleeping for 60 seconds...
2026-03-25 20:32:43 [INFO] BAR 2026-03-25T20:00:00 | Price=71887.00 RSI=75.10 (prev=69.29) EMA50=70443.14 ATR14=490.33
2026-03-25 20:32:43 [INFO] No entry signal.
2026-03-25 20:32:43 [INFO] Sleeping for 60 seconds...
2026-03-25 20:33:43 [INFO] BAR 2026-03-25T20:00:00 | Price=71965.00 RSI=75.95 (prev=69.29) EMA50=70446.19 ATR14=490.33
2026-03-25 20:33:43 [INFO] No entry signal.
2026-03-25 20:33:43 [INFO] Sleeping for 60 seconds...
2026-03-25 20:34:43 [INFO] BAR 2026-03-25T20:00:00 | Price=71916.00 RSI=75.42 (prev=69.29) EMA50=70444.27 ATR14=490.33
2026-03-25 20:34:43 [INFO] No entry signal.
2026-03-25 20:34:43 [INFO] Sleeping for 60 seconds...
2026-03-25 20:35:43 [INFO] BAR 2026-03-25T20:00:00 | Price=71961.00 RSI=75.91 (prev=69.29) EMA50=70446.04 ATR14=491.83
2026-03-25 20:35:43 [INFO] No entry signal.
2026-03-25 20:35:43 [INFO] Sleeping for 60 seconds...
2026-03-25 20:36:43 [INFO] BAR 2026-03-25T20:00:00 | Price=71814.00 RSI=74.26 (prev=69.29) EMA50=70440.27 ATR14=491.83
2026-03-25 20:36:43 [INFO] No entry signal.
2026-03-25 20:36:43 [INFO] Sleeping for 60 seconds...
2026-03-25 20:37:43 [INFO] BAR 2026-03-25T20:00:00 | Price=71861.00 RSI=74.81 (prev=69.29) EMA50=70442.12 ATR14=491.83
2026-03-25 20:37:43 [INFO] No entry signal.
2026-03-25 20:37:43 [INFO] Sleeping for 60 seconds...
2026-03-25 20:38:43 [INFO] BAR 2026-03-25T20:00:00 | Price=71890.00 RSI=75.14 (prev=69.29) EMA50=70443.25 ATR14=491.83
2026-03-25 20:38:43 [INFO] No entry signal.
2026-03-25 20:38:43 [INFO] Sleeping for 60 seconds...
2026-03-25 20:39:43 [INFO] BAR 2026-03-25T20:00:00 | Price=71898.00 RSI=75.23 (prev=69.29) EMA50=70443.57 ATR14=491.83
2026-03-25 20:39:43 [INFO] No entry signal.
2026-03-25 20:39:43 [INFO] Sleeping for 60 seconds...
2026-03-25 20:40:43 [INFO] BAR 2026-03-25T20:00:00 | Price=71842.00 RSI=74.59 (prev=69.29) EMA50=70441.37 ATR14=491.83
2026-03-25 20:40:43 [INFO] No entry signal.
2026-03-25 20:40:43 [INFO] Sleeping for 60 seconds...
2026-03-25 20:41:44 [INFO] BAR 2026-03-25T20:00:00 | Price=71808.00 RSI=74.19 (prev=69.29) EMA50=70440.04 ATR14=491.83
2026-03-25 20:41:44 [INFO] No entry signal.
2026-03-25 20:41:44 [INFO] Sleeping for 60 seconds...
2026-03-25 20:42:44 [INFO] BAR 2026-03-25T20:00:00 | Price=71783.00 RSI=73.88 (prev=69.29) EMA50=70439.06 ATR14=491.83
2026-03-25 20:42:44 [INFO] No entry signal.
2026-03-25 20:42:44 [INFO] Sleeping for 60 seconds...
2026-03-25 20:43:44 [INFO] BAR 2026-03-25T20:00:00 | Price=71763.00 RSI=73.63 (prev=69.29) EMA50=70438.27 ATR14=491.83
2026-03-25 20:43:44 [INFO] No entry signal.
2026-03-25 20:43:44 [INFO] Sleeping for 60 seconds...
2026-03-25 20:44:44 [INFO] BAR 2026-03-25T20:00:00 | Price=71770.00 RSI=73.72 (prev=69.29) EMA50=70438.55 ATR14=491.83
2026-03-25 20:44:44 [INFO] No entry signal.
2026-03-25 20:44:44 [INFO] Sleeping for 60 seconds...
2026-03-25 20:45:44 [INFO] BAR 2026-03-25T20:00:00 | Price=71755.00 RSI=73.53 (prev=69.29) EMA50=70437.96 ATR14=491.83
2026-03-25 20:45:44 [INFO] No entry signal.
2026-03-25 20:45:44 [INFO] Sleeping for 60 seconds...
2026-03-25 20:46:44 [INFO] BAR 2026-03-25T20:00:00 | Price=71756.00 RSI=73.55 (prev=69.29) EMA50=70438.00 ATR14=491.83
2026-03-25 20:46:44 [INFO] No entry signal.
2026-03-25 20:46:44 [INFO] Sleeping for 60 seconds...
2026-03-25 20:47:44 [INFO] BAR 2026-03-25T20:00:00 | Price=71634.00 RSI=71.91 (prev=69.29) EMA50=70433.21 ATR14=491.83
2026-03-25 20:47:44 [INFO] No entry signal.
2026-03-25 20:47:44 [INFO] Sleeping for 60 seconds...
2026-03-25 20:48:44 [INFO] BAR 2026-03-25T20:00:00 | Price=71587.00 RSI=71.22 (prev=69.29) EMA50=70431.37 ATR14=491.83
2026-03-25 20:48:44 [INFO] No entry signal.
2026-03-25 20:48:44 [INFO] Sleeping for 60 seconds...
2026-03-25 20:49:45 [INFO] BAR 2026-03-25T20:00:00 | Price=71505.00 RSI=69.94 (prev=69.29) EMA50=70428.16 ATR14=491.83
2026-03-25 20:49:45 [INFO] No entry signal.
2026-03-25 20:49:45 [INFO] Sleeping for 60 seconds...
2026-03-25 20:50:45 [INFO] BAR 2026-03-25T20:00:00 | Price=71620.00 RSI=71.71 (prev=69.29) EMA50=70432.67 ATR14=491.83
2026-03-25 20:50:45 [INFO] No entry signal.
2026-03-25 20:50:45 [INFO] Sleeping for 60 seconds...
2026-03-25 20:51:45 [INFO] BAR 2026-03-25T20:00:00 | Price=71563.00 RSI=70.86 (prev=69.29) EMA50=70430.43 ATR14=491.83
2026-03-25 20:51:45 [INFO] No entry signal.
2026-03-25 20:51:45 [INFO] Sleeping for 60 seconds...
2026-03-25 20:52:45 [INFO] BAR 2026-03-25T20:00:00 | Price=71595.00 RSI=71.34 (prev=69.29) EMA50=70431.68 ATR14=491.83
2026-03-25 20:52:45 [INFO] No entry signal.
2026-03-25 20:52:45 [INFO] Sleeping for 60 seconds...
2026-03-25 20:53:45 [INFO] BAR 2026-03-25T20:00:00 | Price=71573.00 RSI=71.01 (prev=69.29) EMA50=70430.82 ATR14=491.83
2026-03-25 20:53:45 [INFO] No entry signal.
2026-03-25 20:53:45 [INFO] Sleeping for 60 seconds...
2026-03-25 20:54:45 [INFO] BAR 2026-03-25T20:00:00 | Price=71599.00 RSI=71.40 (prev=69.29) EMA50=70431.84 ATR14=491.83
2026-03-25 20:54:45 [INFO] No entry signal.
2026-03-25 20:54:45 [INFO] Sleeping for 60 seconds...
2026-03-25 20:55:45 [INFO] BAR 2026-03-25T20:00:00 | Price=71644.00 RSI=72.05 (prev=69.29) EMA50=70433.61 ATR14=491.83
2026-03-25 20:55:45 [INFO] No entry signal.
2026-03-25 20:55:45 [INFO] Sleeping for 60 seconds...
2026-03-25 20:56:45 [INFO] BAR 2026-03-25T20:00:00 | Price=71633.00 RSI=71.89 (prev=69.29) EMA50=70433.18 ATR14=491.83
2026-03-25 20:56:45 [INFO] No entry signal.
2026-03-25 20:56:45 [INFO] Sleeping for 60 seconds...
2026-03-25 20:57:45 [INFO] BAR 2026-03-25T20:00:00 | Price=71612.00 RSI=71.59 (prev=69.29) EMA50=70432.35 ATR14=491.83
2026-03-25 20:57:45 [INFO] No entry signal.
2026-03-25 20:57:45 [INFO] Sleeping for 60 seconds...
2026-03-25 20:58:45 [INFO] BAR 2026-03-25T20:00:00 | Price=71661.00 RSI=72.29 (prev=69.29) EMA50=70434.27 ATR14=491.83
2026-03-25 20:58:45 [INFO] No entry signal.
2026-03-25 20:58:45 [INFO] Sleeping for 60 seconds...
2026-03-25 20:59:45 [INFO] BAR 2026-03-25T20:00:00 | Price=71647.00 RSI=72.09 (prev=69.29) EMA50=70433.72 ATR14=491.83
2026-03-25 20:59:45 [INFO] No entry signal.
2026-03-25 20:59:45 [INFO] Sleeping for 60 seconds...
2026-03-25 21:00:45 [INFO] BAR 2026-03-25T21:00:00 | Price=71701.00 RSI=72.90 (prev=72.22) EMA50=70483.69 ATR14=459.98
2026-03-25 21:00:45 [INFO] No entry signal.
2026-03-25 21:00:45 [INFO] Sleeping for 60 seconds...
2026-03-25 21:01:46 [INFO] BAR 2026-03-25T21:00:00 | Price=71701.00 RSI=72.90 (prev=72.22) EMA50=70483.69 ATR14=461.20
2026-03-25 21:01:46 [INFO] No entry signal.
2026-03-25 21:01:46 [INFO] Sleeping for 60 seconds...
2026-03-25 21:02:46 [INFO] BAR 2026-03-25T21:00:00 | Price=71750.00 RSI=73.60 (prev=72.22) EMA50=70485.61 ATR14=463.48
2026-03-25 21:02:46 [INFO] No entry signal.
2026-03-25 21:02:46 [INFO] Sleeping for 60 seconds...
2026-03-25 21:03:46 [INFO] BAR 2026-03-25T21:00:00 | Price=71737.00 RSI=73.42 (prev=72.22) EMA50=70485.10 ATR14=463.98
2026-03-25 21:03:46 [INFO] No entry signal.
2026-03-25 21:03:46 [INFO] Sleeping for 60 seconds...
2026-03-25 21:04:46 [INFO] BAR 2026-03-25T21:00:00 | Price=71758.00 RSI=73.71 (prev=72.22) EMA50=70485.93 ATR14=464.55
2026-03-25 21:04:46 [INFO] No entry signal.
2026-03-25 21:04:46 [INFO] Sleeping for 60 seconds...
2026-03-25 21:05:46 [INFO] BAR 2026-03-25T21:00:00 | Price=71746.00 RSI=73.55 (prev=72.22) EMA50=70485.46 ATR14=464.55
2026-03-25 21:05:46 [INFO] No entry signal.
2026-03-25 21:05:46 [INFO] Sleeping for 60 seconds...
2026-03-25 21:06:46 [INFO] BAR 2026-03-25T21:00:00 | Price=71799.00 RSI=74.27 (prev=72.22) EMA50=70487.53 ATR14=467.05
2026-03-25 21:06:46 [INFO] No entry signal.
2026-03-25 21:06:46 [INFO] Sleeping for 60 seconds...
2026-03-25 21:07:46 [INFO] BAR 2026-03-25T21:00:00 | Price=71803.00 RSI=74.32 (prev=72.22) EMA50=70487.69 ATR14=469.05
2026-03-25 21:07:46 [INFO] No entry signal.
2026-03-25 21:07:46 [INFO] Sleeping for 60 seconds...
2026-03-25 21:08:46 [INFO] BAR 2026-03-25T21:00:00 | Price=71801.00 RSI=74.30 (prev=72.22) EMA50=70487.61 ATR14=469.05
2026-03-25 21:08:46 [INFO] No entry signal.
2026-03-25 21:08:46 [INFO] Sleeping for 60 seconds...
2026-03-25 21:09:46 [INFO] BAR 2026-03-25T21:00:00 | Price=71794.00 RSI=74.20 (prev=72.22) EMA50=70487.34 ATR14=469.05
2026-03-25 21:09:46 [INFO] No entry signal.
2026-03-25 21:09:46 [INFO] Sleeping for 60 seconds...
2026-03-25 21:10:46 [INFO] BAR 2026-03-25T21:00:00 | Price=71774.00 RSI=73.93 (prev=72.22) EMA50=70486.55 ATR14=469.05
2026-03-25 21:10:46 [INFO] No entry signal.
2026-03-25 21:10:46 [INFO] Sleeping for 60 seconds...
2026-03-25 21:11:47 [INFO] BAR 2026-03-25T21:00:00 | Price=71806.00 RSI=74.36 (prev=72.22) EMA50=70487.81 ATR14=469.05
2026-03-25 21:11:47 [INFO] No entry signal.
2026-03-25 21:11:47 [INFO] Sleeping for 60 seconds...
2026-03-25 21:12:47 [INFO] BAR 2026-03-25T21:00:00 | Price=71773.00 RSI=73.92 (prev=72.22) EMA50=70486.51 ATR14=469.05
2026-03-25 21:12:47 [INFO] No entry signal.
2026-03-25 21:12:47 [INFO] Sleeping for 60 seconds...
2026-03-25 21:13:47 [INFO] BAR 2026-03-25T21:00:00 | Price=71744.00 RSI=73.52 (prev=72.22) EMA50=70485.38 ATR14=469.05
2026-03-25 21:13:47 [INFO] No entry signal.
2026-03-25 21:13:47 [INFO] Sleeping for 60 seconds...
2026-03-25 21:14:47 [INFO] BAR 2026-03-25T21:00:00 | Price=71725.00 RSI=73.25 (prev=72.22) EMA50=70484.63 ATR14=469.05
2026-03-25 21:14:47 [INFO] No entry signal.
2026-03-25 21:14:47 [INFO] Sleeping for 60 seconds...
2026-03-25 21:15:47 [INFO] BAR 2026-03-25T21:00:00 | Price=71702.00 RSI=72.91 (prev=72.22) EMA50=70483.73 ATR14=469.05
2026-03-25 21:15:47 [INFO] No entry signal.
2026-03-25 21:15:47 [INFO] Sleeping for 60 seconds...
2026-03-25 21:16:48 [INFO] BAR 2026-03-25T21:00:00 | Price=71544.00 RSI=67.97 (prev=72.22) EMA50=70477.53 ATR14=478.34
2026-03-25 21:16:48 [INFO] No entry signal.
2026-03-25 21:16:48 [INFO] Sleeping for 60 seconds...
2026-03-25 21:17:48 [INFO] BAR 2026-03-25T21:00:00 | Price=71468.00 RSI=65.37 (prev=72.22) EMA50=70474.55 ATR14=487.05
2026-03-25 21:17:48 [INFO] No entry signal.
2026-03-25 21:17:48 [INFO] Sleeping for 60 seconds...
2026-03-25 21:18:48 [INFO] BAR 2026-03-25T21:00:00 | Price=71385.00 RSI=62.74 (prev=72.22) EMA50=70471.30 ATR14=488.41
2026-03-25 21:18:48 [INFO] No entry signal.
2026-03-25 21:18:48 [INFO] Sleeping for 60 seconds...
2026-03-25 21:19:48 [INFO] BAR 2026-03-25T21:00:00 | Price=71431.00 RSI=64.17 (prev=72.22) EMA50=70473.10 ATR14=493.62
2026-03-25 21:19:48 [INFO] No entry signal.
2026-03-25 21:19:48 [INFO] Sleeping for 60 seconds...
2026-03-25 21:20:48 [INFO] BAR 2026-03-25T21:00:00 | Price=71399.00 RSI=63.17 (prev=72.22) EMA50=70471.85 ATR14=493.62
2026-03-25 21:20:48 [INFO] No entry signal.
2026-03-25 21:20:48 [INFO] Sleeping for 60 seconds...
2026-03-25 21:21:48 [INFO] BAR 2026-03-25T21:00:00 | Price=71318.00 RSI=60.77 (prev=72.22) EMA50=70468.67 ATR14=495.84
2026-03-25 21:21:48 [INFO] No entry signal.
2026-03-25 21:21:48 [INFO] Sleeping for 60 seconds...
2026-03-25 21:22:48 [INFO] BAR 2026-03-25T21:00:00 | Price=71266.00 RSI=59.32 (prev=72.22) EMA50=70466.63 ATR14=497.98
2026-03-25 21:22:48 [INFO] No entry signal.
2026-03-25 21:22:48 [INFO] Sleeping for 60 seconds...
2026-03-25 21:23:49 [INFO] BAR 2026-03-25T21:00:00 | Price=71180.00 RSI=57.07 (prev=72.22) EMA50=70463.26 ATR14=509.12
2026-03-25 21:23:49 [INFO] No entry signal.
2026-03-25 21:23:49 [INFO] Sleeping for 60 seconds...
2026-03-25 21:24:49 [INFO] BAR 2026-03-25T21:00:00 | Price=71200.00 RSI=57.58 (prev=72.22) EMA50=70464.04 ATR14=509.12
2026-03-25 21:24:49 [INFO] No entry signal.
2026-03-25 21:24:49 [INFO] Sleeping for 60 seconds...
2026-03-25 21:25:49 [INFO] BAR 2026-03-25T21:00:00 | Price=71230.00 RSI=58.36 (prev=72.22) EMA50=70465.22 ATR14=510.12
2026-03-25 21:25:49 [INFO] No entry signal.
2026-03-25 21:25:49 [INFO] Sleeping for 60 seconds...
2026-03-25 21:26:49 [INFO] BAR 2026-03-25T21:00:00 | Price=71259.00 RSI=59.13 (prev=72.22) EMA50=70466.36 ATR14=510.12
2026-03-25 21:26:49 [INFO] No entry signal.
2026-03-25 21:26:49 [INFO] Sleeping for 60 seconds...
2026-03-25 21:27:49 [INFO] BAR 2026-03-25T21:00:00 | Price=71277.00 RSI=59.62 (prev=72.22) EMA50=70467.06 ATR14=510.12
2026-03-25 21:27:49 [INFO] No entry signal.
2026-03-25 21:27:49 [INFO] Sleeping for 60 seconds...
2026-03-25 21:28:49 [INFO] BAR 2026-03-25T21:00:00 | Price=71215.00 RSI=57.97 (prev=72.22) EMA50=70464.63 ATR14=510.12
2026-03-25 21:28:49 [INFO] No entry signal.
2026-03-25 21:28:49 [INFO] Sleeping for 60 seconds...
2026-03-25 21:29:49 [INFO] BAR 2026-03-25T21:00:00 | Price=71292.00 RSI=60.04 (prev=72.22) EMA50=70467.65 ATR14=510.12
2026-03-25 21:29:49 [INFO] No entry signal.
2026-03-25 21:29:49 [INFO] Sleeping for 60 seconds...
2026-03-25 21:30:49 [INFO] BAR 2026-03-25T21:00:00 | Price=71200.00 RSI=57.58 (prev=72.22) EMA50=70464.04 ATR14=510.12
2026-03-25 21:30:49 [INFO] No entry signal.
2026-03-25 21:30:49 [INFO] Sleeping for 60 seconds...
2026-03-25 21:31:49 [INFO] BAR 2026-03-25T21:00:00 | Price=71170.00 RSI=56.82 (prev=72.22) EMA50=70462.87 ATR14=510.12
2026-03-25 21:31:49 [INFO] No entry signal.
2026-03-25 21:31:49 [INFO] Sleeping for 60 seconds...
2026-03-25 21:32:50 [INFO] BAR 2026-03-25T21:00:00 | Price=71203.00 RSI=57.66 (prev=72.22) EMA50=70464.16 ATR14=510.12
2026-03-25 21:32:50 [INFO] No entry signal.
2026-03-25 21:32:50 [INFO] Sleeping for 60 seconds...
2026-03-25 21:33:50 [INFO] BAR 2026-03-25T21:00:00 | Price=71265.00 RSI=59.29 (prev=72.22) EMA50=70466.59 ATR14=510.12
2026-03-25 21:33:50 [INFO] No entry signal.
2026-03-25 21:33:50 [INFO] Sleeping for 60 seconds...
2026-03-25 21:34:50 [INFO] BAR 2026-03-25T21:00:00 | Price=71337.00 RSI=61.32 (prev=72.22) EMA50=70469.42 ATR14=510.12
2026-03-25 21:34:50 [INFO] No entry signal.
2026-03-25 21:34:50 [INFO] Sleeping for 60 seconds...
2026-03-25 21:35:50 [INFO] BAR 2026-03-25T21:00:00 | Price=71293.00 RSI=60.06 (prev=72.22) EMA50=70467.69 ATR14=510.12
2026-03-25 21:35:50 [INFO] No entry signal.
2026-03-25 21:35:50 [INFO] Sleeping for 60 seconds...
2026-03-25 21:36:50 [INFO] BAR 2026-03-25T21:00:00 | Price=71325.00 RSI=60.97 (prev=72.22) EMA50=70468.95 ATR14=510.12
2026-03-25 21:36:50 [INFO] No entry signal.
2026-03-25 21:36:50 [INFO] Sleeping for 60 seconds...
2026-03-25 21:37:50 [INFO] BAR 2026-03-25T21:00:00 | Price=71305.00 RSI=60.40 (prev=72.22) EMA50=70468.16 ATR14=510.12
2026-03-25 21:37:50 [INFO] No entry signal.
2026-03-25 21:37:50 [INFO] Sleeping for 60 seconds...
2026-03-25 21:38:51 [INFO] BAR 2026-03-25T21:00:00 | Price=71321.00 RSI=60.85 (prev=72.22) EMA50=70468.79 ATR14=510.12
2026-03-25 21:38:51 [INFO] No entry signal.
2026-03-25 21:38:51 [INFO] Sleeping for 60 seconds...
2026-03-25 21:39:51 [INFO] BAR 2026-03-25T21:00:00 | Price=71355.00 RSI=61.84 (prev=72.22) EMA50=70470.12 ATR14=510.12
2026-03-25 21:39:51 [INFO] No entry signal.
2026-03-25 21:39:51 [INFO] Sleeping for 60 seconds...
2026-03-25 21:40:51 [INFO] BAR 2026-03-25T21:00:00 | Price=71380.00 RSI=62.59 (prev=72.22) EMA50=70471.10 ATR14=510.12
2026-03-25 21:40:51 [INFO] No entry signal.
2026-03-25 21:40:51 [INFO] Sleeping for 60 seconds...
2026-03-25 21:41:51 [INFO] BAR 2026-03-25T21:00:00 | Price=71401.00 RSI=63.23 (prev=72.22) EMA50=70471.93 ATR14=510.12
2026-03-25 21:41:51 [INFO] No entry signal.
2026-03-25 21:41:51 [INFO] Sleeping for 60 seconds...
2026-03-25 21:42:51 [INFO] BAR 2026-03-25T21:00:00 | Price=71438.00 RSI=64.39 (prev=72.22) EMA50=70473.38 ATR14=510.12
2026-03-25 21:42:51 [INFO] No entry signal.
2026-03-25 21:42:51 [INFO] Sleeping for 60 seconds...
2026-03-25 21:43:51 [INFO] BAR 2026-03-25T21:00:00 | Price=71400.00 RSI=63.20 (prev=72.22) EMA50=70471.89 ATR14=510.12
2026-03-25 21:43:51 [INFO] No entry signal.
2026-03-25 21:43:51 [INFO] Sleeping for 60 seconds...
2026-03-25 21:44:52 [INFO] BAR 2026-03-25T21:00:00 | Price=71337.00 RSI=61.32 (prev=72.22) EMA50=70469.42 ATR14=510.12
2026-03-25 21:44:52 [INFO] No entry signal.
2026-03-25 21:44:52 [INFO] Sleeping for 60 seconds...
2026-03-25 21:45:52 [INFO] BAR 2026-03-25T21:00:00 | Price=71316.00 RSI=60.71 (prev=72.22) EMA50=70468.59 ATR14=510.12
2026-03-25 21:45:52 [INFO] No entry signal.
2026-03-25 21:45:52 [INFO] Sleeping for 60 seconds...
2026-03-25 21:46:52 [INFO] BAR 2026-03-25T21:00:00 | Price=71308.00 RSI=60.49 (prev=72.22) EMA50=70468.28 ATR14=510.12
2026-03-25 21:46:52 [INFO] No entry signal.
2026-03-25 21:46:52 [INFO] Sleeping for 60 seconds...
2026-03-25 21:47:52 [INFO] BAR 2026-03-25T21:00:00 | Price=71283.00 RSI=59.79 (prev=72.22) EMA50=70467.30 ATR14=510.12
2026-03-25 21:47:52 [INFO] No entry signal.
2026-03-25 21:47:52 [INFO] Sleeping for 60 seconds...
2026-03-25 21:48:52 [INFO] BAR 2026-03-25T21:00:00 | Price=71261.00 RSI=59.19 (prev=72.22) EMA50=70466.44 ATR14=510.12
2026-03-25 21:48:52 [INFO] No entry signal.
2026-03-25 21:48:52 [INFO] Sleeping for 60 seconds...
2026-03-25 21:49:52 [INFO] BAR 2026-03-25T21:00:00 | Price=71290.00 RSI=59.98 (prev=72.22) EMA50=70467.57 ATR14=510.12
2026-03-25 21:49:52 [INFO] No entry signal.
2026-03-25 21:49:52 [INFO] Sleeping for 60 seconds...
2026-03-25 21:50:52 [INFO] BAR 2026-03-25T21:00:00 | Price=71298.00 RSI=60.20 (prev=72.22) EMA50=70467.89 ATR14=510.12
2026-03-25 21:50:52 [INFO] No entry signal.
2026-03-25 21:50:52 [INFO] Sleeping for 60 seconds...
2026-03-25 21:51:52 [INFO] BAR 2026-03-25T21:00:00 | Price=71275.00 RSI=59.57 (prev=72.22) EMA50=70466.98 ATR14=510.12
2026-03-25 21:51:52 [INFO] No entry signal.
2026-03-25 21:51:52 [INFO] Sleeping for 60 seconds...
2026-03-25 21:52:52 [INFO] BAR 2026-03-25T21:00:00 | Price=71300.00 RSI=60.26 (prev=72.22) EMA50=70467.96 ATR14=510.12
2026-03-25 21:52:52 [INFO] No entry signal.
2026-03-25 21:52:52 [INFO] Sleeping for 60 seconds...
2026-03-25 21:53:53 [INFO] BAR 2026-03-25T21:00:00 | Price=71325.00 RSI=60.97 (prev=72.22) EMA50=70468.95 ATR14=510.12
2026-03-25 21:53:53 [INFO] No entry signal.
2026-03-25 21:53:53 [INFO] Sleeping for 60 seconds...
2026-03-25 21:54:53 [INFO] BAR 2026-03-25T21:00:00 | Price=71368.00 RSI=62.23 (prev=72.22) EMA50=70470.63 ATR14=510.12
2026-03-25 21:54:53 [INFO] No entry signal.
2026-03-25 21:54:53 [INFO] Sleeping for 60 seconds...
2026-03-25 21:55:54 [INFO] BAR 2026-03-25T21:00:00 | Price=71550.00 RSI=68.19 (prev=72.22) EMA50=70477.77 ATR14=510.12
2026-03-25 21:55:54 [INFO] No entry signal.
2026-03-25 21:55:54 [INFO] Sleeping for 60 seconds...
2026-03-25 21:56:54 [INFO] BAR 2026-03-25T21:00:00 | Price=71729.00 RSI=73.31 (prev=72.22) EMA50=70484.79 ATR14=524.84
2026-03-25 21:56:54 [INFO] No entry signal.
2026-03-25 21:56:54 [INFO] Sleeping for 60 seconds...
2026-03-25 21:57:54 [INFO] BAR 2026-03-25T21:00:00 | Price=71726.00 RSI=73.26 (prev=72.22) EMA50=70484.67 ATR14=524.84
2026-03-25 21:57:54 [INFO] No entry signal.
2026-03-25 21:57:54 [INFO] Sleeping for 60 seconds...
2026-03-25 21:58:54 [INFO] BAR 2026-03-25T21:00:00 | Price=71680.00 RSI=72.59 (prev=72.22) EMA50=70482.87 ATR14=524.84
2026-03-25 21:58:54 [INFO] No entry signal.
2026-03-25 21:58:54 [INFO] Sleeping for 60 seconds...
2026-03-25 21:59:54 [INFO] BAR 2026-03-25T21:00:00 | Price=71695.00 RSI=72.81 (prev=72.22) EMA50=70483.46 ATR14=524.84
2026-03-25 21:59:54 [INFO] No entry signal.
2026-03-25 21:59:54 [INFO] Sleeping for 60 seconds...
2026-03-25 22:00:54 [INFO] BAR 2026-03-25T22:00:00 | Price=71734.00 RSI=73.41 (prev=73.03) EMA50=70532.99 ATR14=495.92
2026-03-25 22:00:54 [INFO] No entry signal.
2026-03-25 22:00:54 [INFO] Sleeping for 60 seconds...
2026-03-25 22:01:54 [INFO] BAR 2026-03-25T22:00:00 | Price=71741.00 RSI=73.52 (prev=73.03) EMA50=70533.27 ATR14=497.56
2026-03-25 22:01:54 [INFO] No entry signal.
2026-03-25 22:01:54 [INFO] Sleeping for 60 seconds...
2026-03-25 22:02:54 [INFO] BAR 2026-03-25T22:00:00 | Price=71840.00 RSI=74.99 (prev=73.03) EMA50=70537.15 ATR14=502.78
2026-03-25 22:02:54 [INFO] No entry signal.
2026-03-25 22:02:54 [INFO] Sleeping for 60 seconds...
2026-03-25 22:03:54 [INFO] BAR 2026-03-25T22:00:00 | Price=71741.00 RSI=73.52 (prev=73.03) EMA50=70533.27 ATR14=502.78
2026-03-25 22:03:54 [INFO] No entry signal.
2026-03-25 22:03:54 [INFO] Sleeping for 60 seconds...
2026-03-25 22:04:54 [INFO] BAR 2026-03-25T22:00:00 | Price=71744.00 RSI=73.57 (prev=73.03) EMA50=70533.39 ATR14=502.78
2026-03-25 22:04:54 [INFO] No entry signal.
2026-03-25 22:04:54 [INFO] Sleeping for 60 seconds...
2026-03-25 22:05:54 [INFO] BAR 2026-03-25T22:00:00 | Price=71712.00 RSI=73.06 (prev=73.03) EMA50=70532.13 ATR14=502.78
2026-03-25 22:05:54 [INFO] No entry signal.
2026-03-25 22:05:54 [INFO] Sleeping for 60 seconds...
2026-03-25 22:06:54 [INFO] BAR 2026-03-25T22:00:00 | Price=71705.00 RSI=72.81 (prev=73.03) EMA50=70531.86 ATR14=502.78
2026-03-25 22:06:54 [INFO] No entry signal.
2026-03-25 22:06:54 [INFO] Sleeping for 60 seconds...
2026-03-25 22:07:54 [INFO] BAR 2026-03-25T22:00:00 | Price=71660.00 RSI=70.90 (prev=73.03) EMA50=70530.09 ATR14=502.78
2026-03-25 22:07:54 [INFO] No entry signal.
2026-03-25 22:07:54 [INFO] Sleeping for 60 seconds...
2026-03-25 22:08:55 [INFO] BAR 2026-03-25T22:00:00 | Price=71649.00 RSI=70.45 (prev=73.03) EMA50=70529.66 ATR14=502.78
2026-03-25 22:08:55 [INFO] No entry signal.
2026-03-25 22:08:55 [INFO] Sleeping for 60 seconds...
2026-03-25 22:09:55 [INFO] BAR 2026-03-25T22:00:00 | Price=71644.00 RSI=70.24 (prev=73.03) EMA50=70529.46 ATR14=502.78
2026-03-25 22:09:55 [INFO] No entry signal.
2026-03-25 22:09:55 [INFO] Sleeping for 60 seconds...
2026-03-25 22:10:55 [INFO] BAR 2026-03-25T22:00:00 | Price=71670.00 RSI=71.32 (prev=73.03) EMA50=70530.48 ATR14=502.78
2026-03-25 22:10:55 [INFO] No entry signal.
2026-03-25 22:10:55 [INFO] Sleeping for 60 seconds...
2026-03-25 22:11:55 [INFO] BAR 2026-03-25T22:00:00 | Price=71701.00 RSI=72.64 (prev=73.03) EMA50=70531.70 ATR14=502.78
2026-03-25 22:11:55 [INFO] No entry signal.
2026-03-25 22:11:55 [INFO] Sleeping for 60 seconds...
2026-03-25 22:12:55 [INFO] BAR 2026-03-25T22:00:00 | Price=71741.00 RSI=73.52 (prev=73.03) EMA50=70533.27 ATR14=502.78
2026-03-25 22:12:55 [INFO] No entry signal.
2026-03-25 22:12:55 [INFO] Sleeping for 60 seconds...
2026-03-25 22:13:55 [INFO] BAR 2026-03-25T22:00:00 | Price=71687.00 RSI=72.03 (prev=73.03) EMA50=70531.15 ATR14=502.78
2026-03-25 22:13:55 [INFO] No entry signal.
2026-03-25 22:13:55 [INFO] Sleeping for 60 seconds...
2026-03-25 22:14:55 [INFO] BAR 2026-03-25T22:00:00 | Price=71693.00 RSI=72.29 (prev=73.03) EMA50=70531.39 ATR14=502.78
2026-03-25 22:14:55 [INFO] No entry signal.
2026-03-25 22:14:55 [INFO] Sleeping for 60 seconds...
2026-03-25 22:15:55 [INFO] BAR 2026-03-25T22:00:00 | Price=71641.00 RSI=70.12 (prev=73.03) EMA50=70529.35 ATR14=502.78
2026-03-25 22:15:55 [INFO] No entry signal.
2026-03-25 22:15:55 [INFO] Sleeping for 60 seconds...
2026-03-25 22:16:55 [INFO] BAR 2026-03-25T22:00:00 | Price=71611.00 RSI=68.93 (prev=73.03) EMA50=70528.17 ATR14=506.06
2026-03-25 22:16:55 [INFO] No entry signal.
2026-03-25 22:16:55 [INFO] Sleeping for 60 seconds...
2026-03-25 22:17:55 [INFO] BAR 2026-03-25T22:00:00 | Price=71613.00 RSI=69.01 (prev=73.03) EMA50=70528.25 ATR14=506.06
2026-03-25 22:17:55 [INFO] No entry signal.
2026-03-25 22:17:55 [INFO] Sleeping for 60 seconds...
2026-03-25 22:18:56 [INFO] BAR 2026-03-25T22:00:00 | Price=71623.00 RSI=69.40 (prev=73.03) EMA50=70528.64 ATR14=506.06
2026-03-25 22:18:56 [INFO] No entry signal.
2026-03-25 22:18:56 [INFO] Sleeping for 60 seconds...
2026-03-25 22:19:56 [INFO] BAR 2026-03-25T22:00:00 | Price=71634.00 RSI=69.84 (prev=73.03) EMA50=70529.07 ATR14=506.06
2026-03-25 22:19:56 [INFO] No entry signal.
2026-03-25 22:19:56 [INFO] Sleeping for 60 seconds...
2026-03-25 22:20:56 [INFO] BAR 2026-03-25T22:00:00 | Price=71666.00 RSI=71.15 (prev=73.03) EMA50=70530.33 ATR14=506.06
2026-03-25 22:20:56 [INFO] No entry signal.
2026-03-25 22:20:56 [INFO] Sleeping for 60 seconds...
2026-03-25 22:21:56 [INFO] BAR 2026-03-25T22:00:00 | Price=71654.00 RSI=70.65 (prev=73.03) EMA50=70529.86 ATR14=506.06
2026-03-25 22:21:56 [INFO] No entry signal.
2026-03-25 22:21:56 [INFO] Sleeping for 60 seconds...
2026-03-25 22:22:56 [INFO] BAR 2026-03-25T22:00:00 | Price=71601.00 RSI=68.54 (prev=73.03) EMA50=70527.78 ATR14=506.06
2026-03-25 22:22:56 [INFO] No entry signal.
2026-03-25 22:22:56 [INFO] Sleeping for 60 seconds...
2026-03-25 22:23:56 [INFO] BAR 2026-03-25T22:00:00 | Price=71613.00 RSI=69.01 (prev=73.03) EMA50=70528.25 ATR14=506.06
2026-03-25 22:23:56 [INFO] No entry signal.
2026-03-25 22:23:56 [INFO] Sleeping for 60 seconds...
2026-03-25 22:24:56 [INFO] BAR 2026-03-25T22:00:00 | Price=71609.00 RSI=68.85 (prev=73.03) EMA50=70528.09 ATR14=506.06
2026-03-25 22:24:56 [INFO] No entry signal.
2026-03-25 22:24:56 [INFO] Sleeping for 60 seconds...
2026-03-25 22:25:57 [INFO] BAR 2026-03-25T22:00:00 | Price=71606.00 RSI=68.73 (prev=73.03) EMA50=70527.97 ATR14=506.06
2026-03-25 22:25:57 [INFO] No entry signal.
2026-03-25 22:25:57 [INFO] Sleeping for 60 seconds...
2026-03-25 22:26:57 [INFO] BAR 2026-03-25T22:00:00 | Price=71587.00 RSI=68.00 (prev=73.03) EMA50=70527.23 ATR14=506.06
2026-03-25 22:26:57 [INFO] No entry signal.
2026-03-25 22:26:57 [INFO] Sleeping for 60 seconds...
2026-03-25 22:27:57 [INFO] BAR 2026-03-25T22:00:00 | Price=71590.00 RSI=68.12 (prev=73.03) EMA50=70527.35 ATR14=508.21
2026-03-25 22:27:57 [INFO] No entry signal.
2026-03-25 22:27:57 [INFO] Sleeping for 60 seconds...
2026-03-25 22:28:57 [INFO] BAR 2026-03-25T22:00:00 | Price=71597.00 RSI=68.38 (prev=73.03) EMA50=70527.62 ATR14=508.21
2026-03-25 22:28:57 [INFO] No entry signal.
2026-03-25 22:28:57 [INFO] Sleeping for 60 seconds...
2026-03-25 22:29:57 [INFO] BAR 2026-03-25T22:00:00 | Price=71619.00 RSI=69.24 (prev=73.03) EMA50=70528.48 ATR14=508.21
2026-03-25 22:29:57 [INFO] No entry signal.
2026-03-25 22:29:57 [INFO] Sleeping for 60 seconds...
2026-03-25 22:30:57 [INFO] BAR 2026-03-25T22:00:00 | Price=71771.00 RSI=73.98 (prev=73.03) EMA50=70534.44 ATR14=508.21
2026-03-25 22:30:57 [INFO] No entry signal.
2026-03-25 22:30:57 [INFO] Sleeping for 60 seconds...
2026-03-25 22:31:57 [INFO] BAR 2026-03-25T22:00:00 | Price=71790.00 RSI=74.27 (prev=73.03) EMA50=70535.19 ATR14=508.56
2026-03-25 22:31:57 [INFO] No entry signal.
2026-03-25 22:31:57 [INFO] Sleeping for 60 seconds...
2026-03-25 22:32:57 [INFO] BAR 2026-03-25T22:00:00 | Price=71827.00 RSI=74.80 (prev=73.03) EMA50=70536.64 ATR14=508.56
2026-03-25 22:32:57 [INFO] No entry signal.
2026-03-25 22:32:57 [INFO] Sleeping for 60 seconds...
2026-03-25 22:33:57 [INFO] BAR 2026-03-25T22:00:00 | Price=71751.00 RSI=73.68 (prev=73.03) EMA50=70533.66 ATR14=510.56
2026-03-25 22:33:57 [INFO] No entry signal.
2026-03-25 22:33:57 [INFO] Sleeping for 60 seconds...
2026-03-25 22:34:57 [INFO] BAR 2026-03-25T22:00:00 | Price=71751.00 RSI=73.68 (prev=73.03) EMA50=70533.66 ATR14=510.56
2026-03-25 22:34:57 [INFO] No entry signal.
2026-03-25 22:34:57 [INFO] Sleeping for 60 seconds...
2026-03-25 22:35:58 [INFO] BAR 2026-03-25T22:00:00 | Price=71790.00 RSI=74.27 (prev=73.03) EMA50=70535.19 ATR14=510.56
2026-03-25 22:35:58 [INFO] No entry signal.
2026-03-25 22:35:58 [INFO] Sleeping for 60 seconds...
2026-03-25 22:36:58 [INFO] BAR 2026-03-25T22:00:00 | Price=71872.00 RSI=75.42 (prev=73.03) EMA50=70538.41 ATR14=511.49
2026-03-25 22:36:58 [INFO] No entry signal.
2026-03-25 22:36:58 [INFO] Sleeping for 60 seconds...
2026-03-25 22:37:58 [INFO] BAR 2026-03-25T22:00:00 | Price=71868.00 RSI=75.37 (prev=73.03) EMA50=70538.25 ATR14=515.56
2026-03-25 22:37:58 [INFO] No entry signal.
2026-03-25 22:37:58 [INFO] Sleeping for 60 seconds...
2026-03-25 22:38:58 [INFO] BAR 2026-03-25T22:00:00 | Price=71842.00 RSI=75.01 (prev=73.03) EMA50=70537.23 ATR14=515.56
2026-03-25 22:38:58 [INFO] No entry signal.
2026-03-25 22:38:58 [INFO] Sleeping for 60 seconds...
2026-03-25 22:39:58 [INFO] BAR 2026-03-25T22:00:00 | Price=71815.00 RSI=74.63 (prev=73.03) EMA50=70536.17 ATR14=515.56
2026-03-25 22:39:58 [INFO] No entry signal.
2026-03-25 22:39:58 [INFO] Sleeping for 60 seconds...
2026-03-25 22:40:58 [INFO] BAR 2026-03-25T22:00:00 | Price=71908.00 RSI=75.90 (prev=73.03) EMA50=70539.82 ATR14=515.56
2026-03-25 22:40:58 [INFO] No entry signal.
2026-03-25 22:40:58 [INFO] Sleeping for 60 seconds...
2026-03-25 22:41:58 [INFO] BAR 2026-03-25T22:00:00 | Price=71882.00 RSI=75.56 (prev=73.03) EMA50=70538.80 ATR14=515.56
2026-03-25 22:41:58 [INFO] No entry signal.
2026-03-25 22:41:58 [INFO] Sleeping for 60 seconds...
2026-03-25 22:42:58 [INFO] BAR 2026-03-25T22:00:00 | Price=71838.00 RSI=74.96 (prev=73.03) EMA50=70537.07 ATR14=515.56
2026-03-25 22:42:58 [INFO] No entry signal.
2026-03-25 22:42:58 [INFO] Sleeping for 60 seconds...
2026-03-25 22:43:58 [INFO] BAR 2026-03-25T22:00:00 | Price=71735.00 RSI=73.43 (prev=73.03) EMA50=70533.03 ATR14=515.56
2026-03-25 22:43:58 [INFO] No entry signal.
2026-03-25 22:43:58 [INFO] Sleeping for 60 seconds...
2026-03-25 22:44:58 [INFO] BAR 2026-03-25T22:00:00 | Price=71703.00 RSI=72.72 (prev=73.03) EMA50=70531.78 ATR14=515.56
2026-03-25 22:44:58 [INFO] No entry signal.
2026-03-25 22:44:58 [INFO] Sleeping for 60 seconds...
2026-03-25 22:45:58 [INFO] BAR 2026-03-25T22:00:00 | Price=71740.00 RSI=73.51 (prev=73.03) EMA50=70533.23 ATR14=515.56
2026-03-25 22:45:58 [INFO] No entry signal.
2026-03-25 22:45:58 [INFO] Sleeping for 60 seconds...
2026-03-25 22:46:58 [INFO] BAR 2026-03-25T22:00:00 | Price=71672.00 RSI=71.40 (prev=73.03) EMA50=70530.56 ATR14=515.56
2026-03-25 22:46:58 [INFO] No entry signal.
2026-03-25 22:46:58 [INFO] Sleeping for 60 seconds...
2026-03-25 22:47:58 [INFO] BAR 2026-03-25T22:00:00 | Price=71718.00 RSI=73.16 (prev=73.03) EMA50=70532.37 ATR14=515.56
2026-03-25 22:47:58 [INFO] No entry signal.
2026-03-25 22:47:58 [INFO] Sleeping for 60 seconds...
2026-03-25 22:48:58 [INFO] BAR 2026-03-25T22:00:00 | Price=71710.00 RSI=73.03 (prev=73.03) EMA50=70532.05 ATR14=515.56
2026-03-25 22:48:58 [INFO] No entry signal.
2026-03-25 22:48:58 [INFO] Sleeping for 60 seconds...
2026-03-25 22:49:59 [INFO] BAR 2026-03-25T22:00:00 | Price=71647.00 RSI=70.37 (prev=73.03) EMA50=70529.58 ATR14=515.56
2026-03-25 22:49:59 [INFO] No entry signal.
2026-03-25 22:49:59 [INFO] Sleeping for 60 seconds...
2026-03-25 22:50:59 [INFO] BAR 2026-03-25T22:00:00 | Price=71574.00 RSI=67.51 (prev=73.03) EMA50=70526.72 ATR14=520.64
2026-03-25 22:50:59 [INFO] No entry signal.
2026-03-25 22:50:59 [INFO] Sleeping for 60 seconds...
2026-03-25 22:51:59 [INFO] BAR 2026-03-25T22:00:00 | Price=71608.00 RSI=68.81 (prev=73.03) EMA50=70528.05 ATR14=520.64
2026-03-25 22:51:59 [INFO] No entry signal.
2026-03-25 22:51:59 [INFO] Sleeping for 60 seconds...
2026-03-25 22:52:59 [INFO] BAR 2026-03-25T22:00:00 | Price=71626.00 RSI=69.52 (prev=73.03) EMA50=70528.76 ATR14=520.64
2026-03-25 22:52:59 [INFO] No entry signal.
2026-03-25 22:52:59 [INFO] Sleeping for 60 seconds...
2026-03-25 22:53:59 [INFO] BAR 2026-03-25T22:00:00 | Price=71627.00 RSI=69.56 (prev=73.03) EMA50=70528.80 ATR14=520.64
2026-03-25 22:53:59 [INFO] No entry signal.
2026-03-25 22:53:59 [INFO] Sleeping for 60 seconds...
2026-03-25 22:54:59 [INFO] BAR 2026-03-25T22:00:00 | Price=71625.00 RSI=69.48 (prev=73.03) EMA50=70528.72 ATR14=520.64
2026-03-25 22:54:59 [INFO] No entry signal.
2026-03-25 22:54:59 [INFO] Sleeping for 60 seconds...
2026-03-25 22:55:59 [INFO] BAR 2026-03-25T22:00:00 | Price=71706.00 RSI=72.86 (prev=73.03) EMA50=70531.90 ATR14=520.64
2026-03-25 22:55:59 [INFO] No entry signal.
2026-03-25 22:55:59 [INFO] Sleeping for 60 seconds...
2026-03-25 22:56:59 [INFO] BAR 2026-03-25T22:00:00 | Price=71689.00 RSI=72.12 (prev=73.03) EMA50=70531.23 ATR14=520.64
2026-03-25 22:56:59 [INFO] No entry signal.
2026-03-25 22:56:59 [INFO] Sleeping for 60 seconds...
2026-03-25 22:57:59 [INFO] BAR 2026-03-25T22:00:00 | Price=71679.00 RSI=71.69 (prev=73.03) EMA50=70530.84 ATR14=520.64
2026-03-25 22:57:59 [INFO] No entry signal.
2026-03-25 22:57:59 [INFO] Sleeping for 60 seconds...
2026-03-25 22:58:59 [INFO] BAR 2026-03-25T22:00:00 | Price=71639.00 RSI=70.04 (prev=73.03) EMA50=70529.27 ATR14=520.64
2026-03-25 22:58:59 [INFO] No entry signal.
2026-03-25 22:58:59 [INFO] Sleeping for 60 seconds...
2026-03-25 22:59:59 [INFO] BAR 2026-03-25T22:00:00 | Price=71561.00 RSI=67.03 (prev=73.03) EMA50=70526.21 ATR14=520.64
2026-03-25 22:59:59 [INFO] No entry signal.
2026-03-25 22:59:59 [INFO] Sleeping for 60 seconds...
2026-03-25 23:01:00 [INFO] BAR 2026-03-25T23:00:00 | Price=71452.00 RSI=62.83 (prev=67.03) EMA50=70562.53 ATR14=498.38
2026-03-25 23:01:00 [INFO] No entry signal.
2026-03-25 23:01:00 [INFO] Sleeping for 60 seconds...
2026-03-25 23:02:00 [INFO] BAR 2026-03-25T23:00:00 | Price=71618.00 RSI=68.14 (prev=67.03) EMA50=70569.04 ATR14=502.02
2026-03-25 23:02:00 [INFO] No entry signal.
2026-03-25 23:02:00 [INFO] Sleeping for 60 seconds...
2026-03-25 23:03:00 [INFO] BAR 2026-03-25T23:00:00 | Price=71597.00 RSI=67.74 (prev=67.03) EMA50=70568.22 ATR14=503.09
2026-03-25 23:03:00 [INFO] No entry signal.
2026-03-25 23:03:00 [INFO] Sleeping for 60 seconds...
2026-03-25 23:04:00 [INFO] BAR 2026-03-25T23:00:00 | Price=71507.00 RSI=64.88 (prev=67.03) EMA50=70564.69 ATR14=503.09
2026-03-25 23:04:00 [INFO] No entry signal.
2026-03-25 23:04:00 [INFO] Sleeping for 60 seconds...
2026-03-25 23:05:00 [INFO] BAR 2026-03-25T23:00:00 | Price=71518.00 RSI=65.30 (prev=67.03) EMA50=70565.12 ATR14=503.09
2026-03-25 23:05:00 [INFO] No entry signal.
2026-03-25 23:05:00 [INFO] Sleeping for 60 seconds...
2026-03-25 23:06:00 [INFO] BAR 2026-03-25T23:00:00 | Price=71450.00 RSI=62.75 (prev=67.03) EMA50=70562.45 ATR14=504.66
2026-03-25 23:06:00 [INFO] No entry signal.
2026-03-25 23:06:00 [INFO] Sleeping for 60 seconds...
2026-03-25 23:07:00 [INFO] BAR 2026-03-25T23:00:00 | Price=71460.00 RSI=63.12 (prev=67.03) EMA50=70562.84 ATR14=504.66
2026-03-25 23:07:00 [INFO] No entry signal.
2026-03-25 23:07:00 [INFO] Sleeping for 60 seconds...
2026-03-25 23:08:00 [INFO] BAR 2026-03-25T23:00:00 | Price=71493.00 RSI=64.34 (prev=67.03) EMA50=70564.14 ATR14=504.66
2026-03-25 23:08:00 [INFO] No entry signal.
2026-03-25 23:08:00 [INFO] Sleeping for 60 seconds...
2026-03-25 23:09:00 [INFO] BAR 2026-03-25T23:00:00 | Price=71499.00 RSI=64.57 (prev=67.03) EMA50=70564.37 ATR14=504.66
2026-03-25 23:09:00 [INFO] No entry signal.
2026-03-25 23:09:00 [INFO] Sleeping for 60 seconds...
2026-03-25 23:10:00 [INFO] BAR 2026-03-25T23:00:00 | Price=71524.00 RSI=65.54 (prev=67.03) EMA50=70565.35 ATR14=504.66
2026-03-25 23:10:00 [INFO] No entry signal.
2026-03-25 23:10:00 [INFO] Sleeping for 60 seconds...
2026-03-25 23:11:01 [INFO] BAR 2026-03-25T23:00:00 | Price=71411.00 RSI=61.38 (prev=67.03) EMA50=70560.92 ATR14=504.66
2026-03-25 23:11:01 [INFO] No entry signal.
2026-03-25 23:11:01 [INFO] Sleeping for 60 seconds...
2026-03-25 23:12:01 [INFO] BAR 2026-03-25T23:00:00 | Price=71329.00 RSI=58.68 (prev=67.03) EMA50=70557.71 ATR14=507.16
2026-03-25 23:12:01 [INFO] No entry signal.
2026-03-25 23:12:01 [INFO] Sleeping for 60 seconds...
2026-03-25 23:13:01 [INFO] BAR 2026-03-25T23:00:00 | Price=71394.00 RSI=60.80 (prev=67.03) EMA50=70560.25 ATR14=508.66
2026-03-25 23:13:01 [INFO] No entry signal.
2026-03-25 23:13:01 [INFO] Sleeping for 60 seconds...
2026-03-25 23:14:01 [INFO] BAR 2026-03-25T23:00:00 | Price=71323.00 RSI=58.49 (prev=67.03) EMA50=70557.47 ATR14=508.88
2026-03-25 23:14:01 [INFO] No entry signal.
2026-03-25 23:14:01 [INFO] Sleeping for 60 seconds...
2026-03-25 23:15:01 [INFO] BAR 2026-03-25T23:00:00 | Price=71369.00 RSI=59.97 (prev=67.03) EMA50=70559.27 ATR14=508.88
2026-03-25 23:15:01 [INFO] No entry signal.
2026-03-25 23:15:01 [INFO] Sleeping for 60 seconds...
2026-03-25 23:16:01 [INFO] BAR 2026-03-25T23:00:00 | Price=71417.00 RSI=61.59 (prev=67.03) EMA50=70561.16 ATR14=508.88
2026-03-25 23:16:01 [INFO] No entry signal.
2026-03-25 23:16:01 [INFO] Sleeping for 60 seconds...
2026-03-25 23:17:01 [INFO] BAR 2026-03-25T23:00:00 | Price=71503.00 RSI=64.72 (prev=67.03) EMA50=70564.53 ATR14=508.88
2026-03-25 23:17:01 [INFO] No entry signal.
2026-03-25 23:17:01 [INFO] Sleeping for 60 seconds...
2026-03-25 23:18:01 [INFO] BAR 2026-03-25T23:00:00 | Price=71460.00 RSI=63.12 (prev=67.03) EMA50=70562.84 ATR14=508.88
2026-03-25 23:18:01 [INFO] No entry signal.
2026-03-25 23:18:01 [INFO] Sleeping for 60 seconds...
2026-03-25 23:19:01 [INFO] BAR 2026-03-25T23:00:00 | Price=71389.00 RSI=60.63 (prev=67.03) EMA50=70560.06 ATR14=508.88
2026-03-25 23:19:01 [INFO] No entry signal.
2026-03-25 23:19:01 [INFO] Sleeping for 60 seconds...
2026-03-25 23:20:01 [INFO] BAR 2026-03-25T23:00:00 | Price=71324.00 RSI=58.52 (prev=67.03) EMA50=70557.51 ATR14=509.09
2026-03-25 23:20:01 [INFO] No entry signal.
2026-03-25 23:20:01 [INFO] Sleeping for 60 seconds...
2026-03-25 23:21:01 [INFO] BAR 2026-03-25T23:00:00 | Price=71388.00 RSI=60.60 (prev=67.03) EMA50=70560.02 ATR14=509.09
2026-03-25 23:21:01 [INFO] No entry signal.
2026-03-25 23:21:01 [INFO] Sleeping for 60 seconds...
2026-03-25 23:22:02 [INFO] BAR 2026-03-25T23:00:00 | Price=71452.00 RSI=62.83 (prev=67.03) EMA50=70562.53 ATR14=509.09
2026-03-25 23:22:02 [INFO] No entry signal.
2026-03-25 23:22:02 [INFO] Sleeping for 60 seconds...
2026-03-25 23:23:02 [INFO] BAR 2026-03-25T23:00:00 | Price=71433.00 RSI=62.15 (prev=67.03) EMA50=70561.78 ATR14=509.09
2026-03-25 23:23:02 [INFO] No entry signal.
2026-03-25 23:23:02 [INFO] Sleeping for 60 seconds...
2026-03-25 23:24:02 [INFO] BAR 2026-03-25T23:00:00 | Price=71379.00 RSI=60.30 (prev=67.03) EMA50=70559.67 ATR14=509.09
2026-03-25 23:24:02 [INFO] No entry signal.
2026-03-25 23:24:02 [INFO] Sleeping for 60 seconds...
2026-03-25 23:25:02 [INFO] BAR 2026-03-25T23:00:00 | Price=71276.00 RSI=57.06 (prev=67.03) EMA50=70555.63 ATR14=513.02
2026-03-25 23:25:02 [INFO] No entry signal.
2026-03-25 23:25:02 [INFO] Sleeping for 60 seconds...
2026-03-25 23:26:02 [INFO] BAR 2026-03-25T23:00:00 | Price=71391.00 RSI=60.70 (prev=67.03) EMA50=70560.14 ATR14=513.02
2026-03-25 23:26:02 [INFO] No entry signal.
2026-03-25 23:26:02 [INFO] Sleeping for 60 seconds...
2026-03-25 23:27:02 [INFO] BAR 2026-03-25T23:00:00 | Price=71328.00 RSI=58.65 (prev=67.03) EMA50=70557.67 ATR14=513.02
2026-03-25 23:27:02 [INFO] No entry signal.
2026-03-25 23:27:02 [INFO] Sleeping for 60 seconds...
2026-03-25 23:28:02 [INFO] BAR 2026-03-25T23:00:00 | Price=71395.00 RSI=60.83 (prev=67.03) EMA50=70560.29 ATR14=513.02
2026-03-25 23:28:02 [INFO] No entry signal.
2026-03-25 23:28:02 [INFO] Sleeping for 60 seconds...
2026-03-25 23:29:02 [INFO] BAR 2026-03-25T23:00:00 | Price=71269.00 RSI=56.85 (prev=67.03) EMA50=70555.35 ATR14=513.02
2026-03-25 23:29:02 [INFO] No entry signal.
2026-03-25 23:29:02 [INFO] Sleeping for 60 seconds...
2026-03-25 23:30:02 [INFO] BAR 2026-03-25T23:00:00 | Price=71349.00 RSI=59.32 (prev=67.03) EMA50=70558.49 ATR14=513.02
2026-03-25 23:30:02 [INFO] No entry signal.
2026-03-25 23:30:02 [INFO] Sleeping for 60 seconds...
2026-03-25 23:31:02 [INFO] BAR 2026-03-25T23:00:00 | Price=71338.00 RSI=58.96 (prev=67.03) EMA50=70558.06 ATR14=513.02
2026-03-25 23:31:02 [INFO] No entry signal.
2026-03-25 23:31:02 [INFO] Sleeping for 60 seconds...
2026-03-25 23:32:02 [INFO] BAR 2026-03-25T23:00:00 | Price=71449.00 RSI=62.72 (prev=67.03) EMA50=70562.41 ATR14=513.02
2026-03-25 23:32:02 [INFO] No entry signal.
2026-03-25 23:32:02 [INFO] Sleeping for 60 seconds...
2026-03-25 23:33:02 [INFO] BAR 2026-03-25T23:00:00 | Price=71485.00 RSI=64.04 (prev=67.03) EMA50=70563.82 ATR14=513.02
2026-03-25 23:33:02 [INFO] No entry signal.
2026-03-25 23:33:02 [INFO] Sleeping for 60 seconds...
2026-03-25 23:34:03 [INFO] BAR 2026-03-25T23:00:00 | Price=71446.00 RSI=62.61 (prev=67.03) EMA50=70562.29 ATR14=513.02
2026-03-25 23:34:03 [INFO] No entry signal.
2026-03-25 23:34:03 [INFO] Sleeping for 60 seconds...
2026-03-25 23:35:03 [INFO] BAR 2026-03-25T23:00:00 | Price=71483.00 RSI=63.97 (prev=67.03) EMA50=70563.74 ATR14=513.02
2026-03-25 23:35:03 [INFO] No entry signal.
2026-03-25 23:35:03 [INFO] Sleeping for 60 seconds...
2026-03-25 23:36:03 [INFO] BAR 2026-03-25T23:00:00 | Price=71448.00 RSI=62.68 (prev=67.03) EMA50=70562.37 ATR14=513.02
2026-03-25 23:36:03 [INFO] No entry signal.
2026-03-25 23:36:03 [INFO] Sleeping for 60 seconds...
2026-03-25 23:37:03 [INFO] BAR 2026-03-25T23:00:00 | Price=71376.00 RSI=60.20 (prev=67.03) EMA50=70559.55 ATR14=513.02
2026-03-25 23:37:03 [INFO] No entry signal.
2026-03-25 23:37:03 [INFO] Sleeping for 60 seconds...
2026-03-25 23:38:03 [INFO] BAR 2026-03-25T23:00:00 | Price=71340.00 RSI=59.03 (prev=67.03) EMA50=70558.14 ATR14=513.02
2026-03-25 23:38:03 [INFO] No entry signal.
2026-03-25 23:38:03 [INFO] Sleeping for 60 seconds...
2026-03-25 23:39:03 [INFO] BAR 2026-03-25T23:00:00 | Price=71332.00 RSI=58.77 (prev=67.03) EMA50=70557.82 ATR14=513.02
2026-03-25 23:39:03 [INFO] No entry signal.
2026-03-25 23:39:03 [INFO] Sleeping for 60 seconds...
2026-03-25 23:40:03 [INFO] BAR 2026-03-25T23:00:00 | Price=71333.00 RSI=58.80 (prev=67.03) EMA50=70557.86 ATR14=513.02
2026-03-25 23:40:03 [INFO] No entry signal.
2026-03-25 23:40:03 [INFO] Sleeping for 60 seconds...
2026-03-25 23:41:03 [INFO] BAR 2026-03-25T23:00:00 | Price=71332.00 RSI=58.77 (prev=67.03) EMA50=70557.82 ATR14=513.02
2026-03-25 23:41:03 [INFO] No entry signal.
2026-03-25 23:41:03 [INFO] Sleeping for 60 seconds...
2026-03-25 23:42:03 [INFO] BAR 2026-03-25T23:00:00 | Price=71308.00 RSI=58.02 (prev=67.03) EMA50=70556.88 ATR14=513.02
2026-03-25 23:42:03 [INFO] No entry signal.
2026-03-25 23:42:03 [INFO] Sleeping for 60 seconds...
2026-03-25 23:43:03 [INFO] BAR 2026-03-25T23:00:00 | Price=71354.00 RSI=59.48 (prev=67.03) EMA50=70558.69 ATR14=513.02
2026-03-25 23:43:03 [INFO] No entry signal.
2026-03-25 23:43:03 [INFO] Sleeping for 60 seconds...
2026-03-25 23:44:03 [INFO] BAR 2026-03-25T23:00:00 | Price=71353.00 RSI=59.44 (prev=67.03) EMA50=70558.65 ATR14=513.02
2026-03-25 23:44:03 [INFO] No entry signal.
2026-03-25 23:44:03 [INFO] Sleeping for 60 seconds...
