{"timestamp": "2026-03-31T08:50:29.954779", "message": "Trader process started"}
2026-03-31 08:50:29 [INFO] ======================================================================
2026-03-31 08:50:29 [INFO]  BTC/USDT 4H ADAPTIVE RSI v5 - LIVE TRADER
2026-03-31 08:50:29 [INFO] ======================================================================
2026-03-31 08:50:29 [INFO] Python version: 3.10.11 (tags/v3.10.11:7d4cc5a, Apr  5 2023, 00:38:17) [MSC v.1929 64 bit (AMD64)]
2026-03-31 08:50:29 [INFO] Working directory: C:\Users\user\Desktop\cursor\trade
2026-03-31 08:50:29 [INFO] Script file: C:\Users\user\Desktop\cursor\trade\hl_trader_v6.py
2026-03-31 08:50:29 [INFO] Log file: C:\Users\user\Desktop\cursor\trade\trader_20260331_085029.log
2026-03-31 08:50:29 [INFO] ======================================================================
2026-03-31 08:50:29 [INFO] Test message: Trader is running
2026-03-31 08:50:33 [INFO] Live trading 有効化: env=mainnet, address=0x8455b70a5a0d942eb9a1598a0e9e1214a3b31b55
2026-03-31 08:50:33 [INFO] Initialized trader for BTC with 1h timeframe
2026-03-31 08:50:33 [INFO] RSI settings: period=14, overbought=60, oversold=30
2026-03-31 08:50:33 [INFO] Trader initialized successfully
2026-03-31 08:50:33 [INFO] Starting trading loop (live mode)...
2026-03-31 08:50:34 [INFO] Current RSI: 35.71, Price: $66713.00
2026-03-31 08:50:34 [INFO] No signal (neutral/bearish, flat)
2026-03-31 08:50:34 [INFO] Sleeping for 60 seconds...
2026-03-31 08:51:34 [INFO] Current RSI: 35.79, Price: $66719.00
2026-03-31 08:51:34 [INFO] No signal (neutral/bearish, flat)
2026-03-31 08:51:34 [INFO] Sleeping for 60 seconds...
2026-03-31 08:52:34 [INFO] Current RSI: 35.74, Price: $66715.00
2026-03-31 08:52:34 [INFO] No signal (neutral/bearish, flat)
2026-03-31 08:52:34 [INFO] Sleeping for 60 seconds...
2026-03-31 08:53:34 [INFO] Current RSI: 35.75, Price: $66716.00
2026-03-31 08:53:34 [INFO] No signal (neutral/bearish, flat)
2026-03-31 08:53:34 [INFO] Sleeping for 60 seconds...
2026-03-31 08:54:34 [INFO] Current RSI: 35.61, Price: $66706.00
2026-03-31 08:54:34 [INFO] No signal (neutral/bearish, flat)
2026-03-31 08:54:34 [INFO] Sleeping for 60 seconds...
2026-03-31 08:55:34 [INFO] Current RSI: 35.61, Price: $66706.00
2026-03-31 08:55:34 [INFO] No signal (neutral/bearish, flat)
2026-03-31 08:55:34 [INFO] Sleeping for 60 seconds...
2026-03-31 08:56:34 [INFO] Current RSI: 35.72, Price: $66714.00
2026-03-31 08:56:34 [INFO] No signal (neutral/bearish, flat)
2026-03-31 08:56:34 [INFO] Sleeping for 60 seconds...
2026-03-31 08:57:34 [INFO] Current RSI: 35.45, Price: $66694.00
2026-03-31 08:57:34 [INFO] No signal (neutral/bearish, flat)
2026-03-31 08:57:34 [INFO] Sleeping for 60 seconds...
2026-03-31 08:58:34 [INFO] Current RSI: 35.74, Price: $66715.00
2026-03-31 08:58:34 [INFO] No signal (neutral/bearish, flat)
2026-03-31 08:58:34 [INFO] Sleeping for 60 seconds...
2026-03-31 08:59:35 [INFO] Current RSI: 36.02, Price: $66736.00
2026-03-31 08:59:35 [INFO] No signal (neutral/bearish, flat)
2026-03-31 08:59:35 [INFO] Sleeping for 60 seconds...
2026-03-31 09:00:35 [INFO] Current RSI: 35.96, Price: $66707.00
2026-03-31 09:00:35 [INFO] No signal (neutral/bearish, flat)
2026-03-31 09:00:35 [INFO] Sleeping for 60 seconds...
2026-03-31 09:01:35 [INFO] Current RSI: 35.72, Price: $66689.00
2026-03-31 09:01:35 [INFO] No signal (neutral/bearish, flat)
2026-03-31 09:01:35 [INFO] Sleeping for 60 seconds...
2026-03-31 09:02:35 [INFO] Current RSI: 36.56, Price: $66751.00
2026-03-31 09:02:35 [INFO] No signal (neutral/bearish, flat)
2026-03-31 09:02:35 [INFO] Sleeping for 60 seconds...
2026-03-31 09:03:35 [INFO] Current RSI: 35.71, Price: $66688.00
2026-03-31 09:03:35 [INFO] No signal (neutral/bearish, flat)
2026-03-31 09:03:35 [INFO] Sleeping for 60 seconds...
2026-03-31 09:04:35 [INFO] Current RSI: 35.92, Price: $66704.00
2026-03-31 09:04:35 [INFO] No signal (neutral/bearish, flat)
2026-03-31 09:04:35 [INFO] Sleeping for 60 seconds...
2026-03-31 09:05:35 [INFO] Current RSI: 36.07, Price: $66715.00
2026-03-31 09:05:35 [INFO] No signal (neutral/bearish, flat)
2026-03-31 09:05:35 [INFO] Sleeping for 60 seconds...
2026-03-31 09:06:36 [INFO] Current RSI: 35.96, Price: $66707.00
2026-03-31 09:06:36 [INFO] No signal (neutral/bearish, flat)
2026-03-31 09:06:36 [INFO] Sleeping for 60 seconds...
2026-03-31 09:07:36 [INFO] Current RSI: 35.77, Price: $66693.00
2026-03-31 09:07:36 [INFO] No signal (neutral/bearish, flat)
2026-03-31 09:07:36 [INFO] Sleeping for 60 seconds...
2026-03-31 09:08:36 [INFO] Current RSI: 35.31, Price: $66658.00
2026-03-31 09:08:36 [INFO] No signal (neutral/bearish, flat)
2026-03-31 09:08:36 [INFO] Sleeping for 60 seconds...
2026-03-31 09:09:36 [INFO] Current RSI: 35.35, Price: $66661.00
2026-03-31 09:09:36 [INFO] No signal (neutral/bearish, flat)
2026-03-31 09:09:36 [INFO] Sleeping for 60 seconds...
2026-03-31 09:10:36 [INFO] Current RSI: 35.36, Price: $66662.00
2026-03-31 09:10:36 [INFO] No signal (neutral/bearish, flat)
2026-03-31 09:10:36 [INFO] Sleeping for 60 seconds...
2026-03-31 09:11:36 [INFO] Current RSI: 34.86, Price: $66623.00
2026-03-31 09:11:36 [INFO] No signal (neutral/bearish, flat)
2026-03-31 09:11:36 [INFO] Sleeping for 60 seconds...
2026-03-31 09:12:36 [INFO] Current RSI: 33.76, Price: $66533.00
2026-03-31 09:12:36 [INFO] No signal (neutral/bearish, flat)
2026-03-31 09:12:36 [INFO] Sleeping for 60 seconds...
2026-03-31 09:13:36 [INFO] Current RSI: 34.30, Price: $66578.00
2026-03-31 09:13:36 [INFO] No signal (neutral/bearish, flat)
2026-03-31 09:13:36 [INFO] Sleeping for 60 seconds...
2026-03-31 09:14:36 [INFO] Current RSI: 34.81, Price: $66619.00
2026-03-31 09:14:36 [INFO] No signal (neutral/bearish, flat)
2026-03-31 09:14:36 [INFO] Sleeping for 60 seconds...
2026-03-31 09:15:36 [INFO] Current RSI: 34.61, Price: $66603.00
2026-03-31 09:15:36 [INFO] No signal (neutral/bearish, flat)
2026-03-31 09:15:36 [INFO] Sleeping for 60 seconds...
2026-03-31 09:16:36 [INFO] Current RSI: 34.55, Price: $66598.00
2026-03-31 09:16:36 [INFO] No signal (neutral/bearish, flat)
2026-03-31 09:16:36 [INFO] Sleeping for 60 seconds...
2026-03-31 09:17:36 [INFO] Current RSI: 34.15, Price: $66566.00
2026-03-31 09:17:36 [INFO] No signal (neutral/bearish, flat)
2026-03-31 09:17:36 [INFO] Sleeping for 60 seconds...
2026-03-31 09:18:37 [INFO] Current RSI: 33.43, Price: $66505.00
2026-03-31 09:18:37 [INFO] No signal (neutral/bearish, flat)
2026-03-31 09:18:37 [INFO] Sleeping for 60 seconds...
2026-03-31 09:19:37 [INFO] Current RSI: 34.03, Price: $66556.00
2026-03-31 09:19:37 [INFO] No signal (neutral/bearish, flat)
2026-03-31 09:19:37 [INFO] Sleeping for 60 seconds...
2026-03-31 09:20:37 [INFO] Current RSI: 34.77, Price: $66616.00
2026-03-31 09:20:37 [INFO] No signal (neutral/bearish, flat)
2026-03-31 09:20:37 [INFO] Sleeping for 60 seconds...
2026-03-31 09:21:37 [INFO] Current RSI: 34.80, Price: $66618.00
2026-03-31 09:21:37 [INFO] No signal (neutral/bearish, flat)
2026-03-31 09:21:37 [INFO] Sleeping for 60 seconds...
2026-03-31 09:22:37 [INFO] Current RSI: 34.82, Price: $66620.00
2026-03-31 09:22:37 [INFO] No signal (neutral/bearish, flat)
2026-03-31 09:22:37 [INFO] Sleeping for 60 seconds...
2026-03-31 09:23:37 [INFO] Current RSI: 35.18, Price: $66648.00
2026-03-31 09:23:37 [INFO] No signal (neutral/bearish, flat)
2026-03-31 09:23:37 [INFO] Sleeping for 60 seconds...
2026-03-31 09:24:37 [INFO] Current RSI: 35.43, Price: $66667.00
2026-03-31 09:24:37 [INFO] No signal (neutral/bearish, flat)
2026-03-31 09:24:37 [INFO] Sleeping for 60 seconds...
2026-03-31 09:25:38 [INFO] Current RSI: 35.34, Price: $66660.00
2026-03-31 09:25:38 [INFO] No signal (neutral/bearish, flat)
2026-03-31 09:25:38 [INFO] Sleeping for 60 seconds...
2026-03-31 09:26:38 [INFO] Current RSI: 35.93, Price: $66705.00
2026-03-31 09:26:38 [INFO] No signal (neutral/bearish, flat)
2026-03-31 09:26:38 [INFO] Sleeping for 60 seconds...
2026-03-31 09:27:38 [INFO] Current RSI: 36.52, Price: $66748.00
2026-03-31 09:27:38 [INFO] No signal (neutral/bearish, flat)
2026-03-31 09:27:38 [INFO] Sleeping for 60 seconds...
2026-03-31 09:28:38 [INFO] Current RSI: 36.36, Price: $66736.00
2026-03-31 09:28:38 [INFO] No signal (neutral/bearish, flat)
2026-03-31 09:28:38 [INFO] Sleeping for 60 seconds...
2026-03-31 09:29:38 [INFO] Current RSI: 36.73, Price: $66763.00
2026-03-31 09:29:38 [INFO] No signal (neutral/bearish, flat)
2026-03-31 09:29:38 [INFO] Sleeping for 60 seconds...
2026-03-31 09:30:38 [INFO] Current RSI: 36.70, Price: $66761.00
2026-03-31 09:30:38 [INFO] No signal (neutral/bearish, flat)
2026-03-31 09:30:38 [INFO] Sleeping for 60 seconds...
2026-03-31 09:31:39 [INFO] Current RSI: 37.76, Price: $66807.00
2026-03-31 09:31:39 [INFO] No signal (neutral/bearish, flat)
2026-03-31 09:31:39 [INFO] Sleeping for 60 seconds...
2026-03-31 09:32:39 [INFO] Current RSI: 36.48, Price: $66745.00
2026-03-31 09:32:39 [INFO] No signal (neutral/bearish, flat)
2026-03-31 09:32:39 [INFO] Sleeping for 60 seconds...
2026-03-31 09:33:39 [INFO] Current RSI: 36.54, Price: $66749.00
2026-03-31 09:33:39 [INFO] No signal (neutral/bearish, flat)
2026-03-31 09:33:39 [INFO] Sleeping for 60 seconds...
2026-03-31 09:34:40 [INFO] Current RSI: 37.42, Price: $66793.00
2026-03-31 09:34:40 [INFO] No signal (neutral/bearish, flat)
2026-03-31 09:34:40 [INFO] Sleeping for 60 seconds...
2026-03-31 19:03:50 [ERROR] Request error: ('Connection aborted.', RemoteDisconnected('Remote end closed connection without response'))
2026-03-31 19:03:50 [ERROR] Error fetching candles: ('Connection aborted.', RemoteDisconnected('Remote end closed connection without response'))
2026-03-31 19:03:50 [ERROR] No candle data available
2026-03-31 19:04:50 [INFO] Current RSI: 44.20, Price: $66189.00
2026-03-31 19:04:50 [INFO] No signal (neutral/bearish, flat)
2026-03-31 19:04:50 [INFO] Sleeping for 60 seconds...
2026-03-31 19:05:50 [INFO] Current RSI: 44.45, Price: $66205.00
2026-03-31 19:05:50 [INFO] No signal (neutral/bearish, flat)
2026-03-31 19:05:50 [INFO] Sleeping for 60 seconds...
2026-03-31 19:06:50 [INFO] Current RSI: 45.29, Price: $66260.00
2026-03-31 19:06:50 [INFO] No signal (neutral/bearish, flat)
2026-03-31 19:06:50 [INFO] Sleeping for 60 seconds...
2026-03-31 19:07:50 [INFO] Current RSI: 45.61, Price: $66282.00
2026-03-31 19:07:50 [INFO] No signal (neutral/bearish, flat)
2026-03-31 19:07:50 [INFO] Sleeping for 60 seconds...
2026-03-31 19:08:50 [INFO] Current RSI: 45.52, Price: $66276.00
2026-03-31 19:08:50 [INFO] No signal (neutral/bearish, flat)
2026-03-31 19:08:50 [INFO] Sleeping for 60 seconds...
2026-03-31 19:09:51 [INFO] Current RSI: 45.79, Price: $66294.00
2026-03-31 19:09:51 [INFO] No signal (neutral/bearish, flat)
2026-03-31 19:09:51 [INFO] Sleeping for 60 seconds...
2026-03-31 19:10:51 [INFO] Current RSI: 45.73, Price: $66290.00
2026-03-31 19:10:51 [INFO] No signal (neutral/bearish, flat)
2026-03-31 19:10:51 [INFO] Sleeping for 60 seconds...
2026-03-31 19:11:51 [INFO] Current RSI: 45.69, Price: $66287.00
2026-03-31 19:11:51 [INFO] No signal (neutral/bearish, flat)
2026-03-31 19:11:51 [INFO] Sleeping for 60 seconds...
2026-03-31 19:12:51 [INFO] Current RSI: 45.72, Price: $66289.00
2026-03-31 19:12:51 [INFO] No signal (neutral/bearish, flat)
2026-03-31 19:12:51 [INFO] Sleeping for 60 seconds...
2026-03-31 19:13:51 [INFO] Current RSI: 46.21, Price: $66323.00
2026-03-31 19:13:51 [INFO] No signal (neutral/bearish, flat)
2026-03-31 19:13:51 [INFO] Sleeping for 60 seconds...
2026-03-31 19:14:51 [INFO] Current RSI: 46.61, Price: $66351.00
2026-03-31 19:14:51 [INFO] No signal (neutral/bearish, flat)
2026-03-31 19:14:51 [INFO] Sleeping for 60 seconds...
2026-03-31 19:15:51 [INFO] Current RSI: 46.41, Price: $66337.00
2026-03-31 19:15:51 [INFO] No signal (neutral/bearish, flat)
2026-03-31 19:15:51 [INFO] Sleeping for 60 seconds...
2026-03-31 19:16:51 [INFO] Current RSI: 47.69, Price: $66428.00
2026-03-31 19:16:51 [INFO] No signal (neutral/bearish, flat)
2026-03-31 19:16:51 [INFO] Sleeping for 60 seconds...
2026-03-31 19:17:51 [INFO] Current RSI: 46.74, Price: $66360.00
2026-03-31 19:17:51 [INFO] No signal (neutral/bearish, flat)
2026-03-31 19:17:51 [INFO] Sleeping for 60 seconds...
2026-03-31 19:18:51 [INFO] Current RSI: 46.80, Price: $66364.00
2026-03-31 19:18:51 [INFO] No signal (neutral/bearish, flat)
2026-03-31 19:18:51 [INFO] Sleeping for 60 seconds...
2026-03-31 19:19:51 [INFO] Current RSI: 46.43, Price: $66338.00
2026-03-31 19:19:51 [INFO] No signal (neutral/bearish, flat)
2026-03-31 19:19:51 [INFO] Sleeping for 60 seconds...
2026-03-31 19:20:51 [INFO] Current RSI: 46.40, Price: $66336.00
2026-03-31 19:20:51 [INFO] No signal (neutral/bearish, flat)
2026-03-31 19:20:51 [INFO] Sleeping for 60 seconds...
2026-03-31 19:21:51 [INFO] Current RSI: 46.26, Price: $66326.00
2026-03-31 19:21:51 [INFO] No signal (neutral/bearish, flat)
2026-03-31 19:21:51 [INFO] Sleeping for 60 seconds...
2026-03-31 19:22:51 [INFO] Current RSI: 46.67, Price: $66355.00
2026-03-31 19:22:51 [INFO] No signal (neutral/bearish, flat)
2026-03-31 19:22:51 [INFO] Sleeping for 60 seconds...
2026-03-31 19:23:52 [INFO] Current RSI: 47.12, Price: $66387.00
2026-03-31 19:23:52 [INFO] No signal (neutral/bearish, flat)
2026-03-31 19:23:52 [INFO] Sleeping for 60 seconds...
2026-03-31 19:24:52 [INFO] Current RSI: 47.16, Price: $66390.00
2026-03-31 19:24:52 [INFO] No signal (neutral/bearish, flat)
2026-03-31 19:24:52 [INFO] Sleeping for 60 seconds...
2026-03-31 19:25:52 [INFO] Current RSI: 47.08, Price: $66384.00
2026-03-31 19:25:52 [INFO] No signal (neutral/bearish, flat)
2026-03-31 19:25:52 [INFO] Sleeping for 60 seconds...
2026-03-31 19:26:52 [INFO] Current RSI: 46.34, Price: $66332.00
2026-03-31 19:26:52 [INFO] No signal (neutral/bearish, flat)
2026-03-31 19:26:52 [INFO] Sleeping for 60 seconds...
2026-03-31 19:27:52 [INFO] Current RSI: 46.47, Price: $66341.00
2026-03-31 19:27:52 [INFO] No signal (neutral/bearish, flat)
2026-03-31 19:27:52 [INFO] Sleeping for 60 seconds...
2026-03-31 19:28:52 [INFO] Current RSI: 46.33, Price: $66331.00
2026-03-31 19:28:52 [INFO] No signal (neutral/bearish, flat)
2026-03-31 19:28:52 [INFO] Sleeping for 60 seconds...
2026-03-31 19:29:53 [INFO] Current RSI: 46.56, Price: $66347.00
2026-03-31 19:29:53 [INFO] No signal (neutral/bearish, flat)
2026-03-31 19:29:53 [INFO] Sleeping for 60 seconds...
2026-03-31 19:30:53 [INFO] Current RSI: 46.81, Price: $66365.00
2026-03-31 19:30:53 [INFO] No signal (neutral/bearish, flat)
2026-03-31 19:30:53 [INFO] Sleeping for 60 seconds...
2026-03-31 19:31:53 [INFO] Current RSI: 46.54, Price: $66346.00
2026-03-31 19:31:53 [INFO] No signal (neutral/bearish, flat)
2026-03-31 19:31:53 [INFO] Sleeping for 60 seconds...
2026-03-31 19:32:53 [INFO] Current RSI: 46.10, Price: $66315.00
2026-03-31 19:32:53 [INFO] No signal (neutral/bearish, flat)
2026-03-31 19:32:53 [INFO] Sleeping for 60 seconds...
2026-03-31 19:33:53 [INFO] Current RSI: 46.50, Price: $66343.00
2026-03-31 19:33:53 [INFO] No signal (neutral/bearish, flat)
2026-03-31 19:33:53 [INFO] Sleeping for 60 seconds...
2026-03-31 19:34:53 [INFO] Current RSI: 45.76, Price: $66292.00
2026-03-31 19:34:53 [INFO] No signal (neutral/bearish, flat)
2026-03-31 19:34:53 [INFO] Sleeping for 60 seconds...
2026-03-31 19:35:53 [INFO] Current RSI: 45.75, Price: $66291.00
2026-03-31 19:35:53 [INFO] No signal (neutral/bearish, flat)
2026-03-31 19:35:53 [INFO] Sleeping for 60 seconds...
2026-03-31 19:36:53 [INFO] Current RSI: 46.26, Price: $66326.00
2026-03-31 19:36:53 [INFO] No signal (neutral/bearish, flat)
2026-03-31 19:36:53 [INFO] Sleeping for 60 seconds...
2026-03-31 19:37:53 [INFO] Current RSI: 45.83, Price: $66297.00
2026-03-31 19:37:53 [INFO] No signal (neutral/bearish, flat)
2026-03-31 19:37:53 [INFO] Sleeping for 60 seconds...
2026-03-31 19:38:53 [INFO] Current RSI: 46.02, Price: $66310.00
2026-03-31 19:38:53 [INFO] No signal (neutral/bearish, flat)
2026-03-31 19:38:53 [INFO] Sleeping for 60 seconds...
2026-03-31 19:39:53 [INFO] Current RSI: 44.71, Price: $66222.00
2026-03-31 19:39:53 [INFO] No signal (neutral/bearish, flat)
2026-03-31 19:39:53 [INFO] Sleeping for 60 seconds...
2026-03-31 19:40:53 [INFO] Current RSI: 45.12, Price: $66249.00
2026-03-31 19:40:53 [INFO] No signal (neutral/bearish, flat)
2026-03-31 19:40:53 [INFO] Sleeping for 60 seconds...
2026-03-31 19:41:53 [INFO] Current RSI: 45.14, Price: $66250.00
2026-03-31 19:41:53 [INFO] No signal (neutral/bearish, flat)
2026-03-31 19:41:53 [INFO] Sleeping for 60 seconds...
2026-03-31 19:42:53 [INFO] Current RSI: 44.67, Price: $66219.00
2026-03-31 19:42:53 [INFO] No signal (neutral/bearish, flat)
2026-03-31 19:42:53 [INFO] Sleeping for 60 seconds...
2026-03-31 19:43:53 [INFO] Current RSI: 44.63, Price: $66217.00
2026-03-31 19:43:53 [INFO] No signal (neutral/bearish, flat)
2026-03-31 19:43:53 [INFO] Sleeping for 60 seconds...
2026-03-31 19:44:53 [INFO] Current RSI: 44.92, Price: $66236.00
2026-03-31 19:44:53 [INFO] No signal (neutral/bearish, flat)
2026-03-31 19:44:53 [INFO] Sleeping for 60 seconds...
2026-03-31 19:45:53 [INFO] Current RSI: 44.62, Price: $66216.00
2026-03-31 19:45:53 [INFO] No signal (neutral/bearish, flat)
2026-03-31 19:45:53 [INFO] Sleeping for 60 seconds...
2026-03-31 19:46:54 [INFO] Current RSI: 45.48, Price: $66273.00
2026-03-31 19:46:54 [INFO] No signal (neutral/bearish, flat)
2026-03-31 19:46:54 [INFO] Sleeping for 60 seconds...
2026-03-31 19:47:54 [INFO] Current RSI: 45.60, Price: $66281.00
2026-03-31 19:47:54 [INFO] No signal (neutral/bearish, flat)
2026-03-31 19:47:54 [INFO] Sleeping for 60 seconds...
2026-03-31 19:48:54 [INFO] Current RSI: 45.85, Price: $66298.00
2026-03-31 19:48:54 [INFO] No signal (neutral/bearish, flat)
2026-03-31 19:48:54 [INFO] Sleeping for 60 seconds...
2026-03-31 19:49:54 [INFO] Current RSI: 45.94, Price: $66304.00
2026-03-31 19:49:54 [INFO] No signal (neutral/bearish, flat)
2026-03-31 19:49:54 [INFO] Sleeping for 60 seconds...
2026-03-31 19:50:54 [INFO] Current RSI: 47.59, Price: $66421.00
2026-03-31 19:50:54 [INFO] No signal (neutral/bearish, flat)
2026-03-31 19:50:54 [INFO] Sleeping for 60 seconds...
2026-03-31 19:51:54 [INFO] Current RSI: 47.08, Price: $66384.00
2026-03-31 19:51:54 [INFO] No signal (neutral/bearish, flat)
2026-03-31 19:51:54 [INFO] Sleeping for 60 seconds...
2026-03-31 19:52:54 [INFO] Current RSI: 47.19, Price: $66392.00
2026-03-31 19:52:54 [INFO] No signal (neutral/bearish, flat)
2026-03-31 19:52:54 [INFO] Sleeping for 60 seconds...
2026-03-31 19:53:54 [INFO] Current RSI: 46.84, Price: $66367.00
2026-03-31 19:53:54 [INFO] No signal (neutral/bearish, flat)
2026-03-31 19:53:54 [INFO] Sleeping for 60 seconds...
2026-03-31 19:54:54 [INFO] Current RSI: 47.20, Price: $66393.00
2026-03-31 19:54:54 [INFO] No signal (neutral/bearish, flat)
2026-03-31 19:54:54 [INFO] Sleeping for 60 seconds...
2026-03-31 19:55:54 [INFO] Current RSI: 46.83, Price: $66366.00
2026-03-31 19:55:54 [INFO] No signal (neutral/bearish, flat)
2026-03-31 19:55:54 [INFO] Sleeping for 60 seconds...
2026-03-31 19:56:54 [INFO] Current RSI: 46.47, Price: $66341.00
2026-03-31 19:56:54 [INFO] No signal (neutral/bearish, flat)
2026-03-31 19:56:54 [INFO] Sleeping for 60 seconds...
2026-03-31 19:57:54 [INFO] Current RSI: 46.23, Price: $66324.00
2026-03-31 19:57:54 [INFO] No signal (neutral/bearish, flat)
2026-03-31 19:57:54 [INFO] Sleeping for 60 seconds...
2026-03-31 19:58:54 [INFO] Current RSI: 46.15, Price: $66319.00
2026-03-31 19:58:54 [INFO] No signal (neutral/bearish, flat)
2026-03-31 19:58:54 [INFO] Sleeping for 60 seconds...
2026-03-31 19:59:55 [INFO] Current RSI: 46.31, Price: $66330.00
2026-03-31 19:59:55 [INFO] No signal (neutral/bearish, flat)
2026-03-31 19:59:55 [INFO] Sleeping for 60 seconds...
2026-03-31 20:00:55 [INFO] Current RSI: 43.62, Price: $66314.00
2026-03-31 20:00:55 [INFO] No signal (neutral/bearish, flat)
2026-03-31 20:00:55 [INFO] Sleeping for 60 seconds...
2026-03-31 20:01:56 [INFO] Current RSI: 43.81, Price: $66328.00
2026-03-31 20:01:56 [INFO] No signal (neutral/bearish, flat)
2026-03-31 20:01:56 [INFO] Sleeping for 60 seconds...
2026-03-31 20:02:56 [INFO] Current RSI: 43.31, Price: $66288.00
2026-03-31 20:02:56 [INFO] No signal (neutral/bearish, flat)
2026-03-31 20:02:56 [INFO] Sleeping for 60 seconds...
2026-03-31 20:03:56 [INFO] Current RSI: 42.97, Price: $66260.00
2026-03-31 20:03:56 [INFO] No signal (neutral/bearish, flat)
2026-03-31 20:03:56 [INFO] Sleeping for 60 seconds...
2026-03-31 20:04:56 [INFO] Current RSI: 43.97, Price: $66338.00
2026-03-31 20:04:56 [INFO] No signal (neutral/bearish, flat)
2026-03-31 20:04:56 [INFO] Sleeping for 60 seconds...
2026-03-31 20:05:56 [INFO] Current RSI: 43.33, Price: $66290.00
2026-03-31 20:05:56 [INFO] No signal (neutral/bearish, flat)
2026-03-31 20:05:56 [INFO] Sleeping for 60 seconds...
2026-03-31 20:06:56 [INFO] Current RSI: 43.09, Price: $66270.00
2026-03-31 20:06:56 [INFO] No signal (neutral/bearish, flat)
2026-03-31 20:06:56 [INFO] Sleeping for 60 seconds...
2026-03-31 20:07:56 [INFO] Current RSI: 42.54, Price: $66223.00
2026-03-31 20:07:56 [INFO] No signal (neutral/bearish, flat)
2026-03-31 20:07:56 [INFO] Sleeping for 60 seconds...
2026-03-31 20:08:56 [INFO] Current RSI: 42.64, Price: $66232.00
2026-03-31 20:08:56 [INFO] No signal (neutral/bearish, flat)
2026-03-31 20:08:56 [INFO] Sleeping for 60 seconds...
2026-03-31 20:09:56 [INFO] Current RSI: 42.37, Price: $66209.00
2026-03-31 20:09:56 [INFO] No signal (neutral/bearish, flat)
2026-03-31 20:09:56 [INFO] Sleeping for 60 seconds...
2026-03-31 20:10:56 [INFO] Current RSI: 42.98, Price: $66261.00
2026-03-31 20:10:56 [INFO] No signal (neutral/bearish, flat)
2026-03-31 20:10:56 [INFO] Sleeping for 60 seconds...
2026-03-31 20:11:56 [INFO] Current RSI: 42.48, Price: $66218.00
2026-03-31 20:11:56 [INFO] No signal (neutral/bearish, flat)
2026-03-31 20:11:56 [INFO] Sleeping for 60 seconds...
2026-03-31 20:12:56 [INFO] Current RSI: 44.63, Price: $66381.00
2026-03-31 20:12:56 [INFO] No signal (neutral/bearish, flat)
2026-03-31 20:12:56 [INFO] Sleeping for 60 seconds...
2026-03-31 20:13:56 [INFO] Current RSI: 45.61, Price: $66446.00
2026-03-31 20:13:56 [INFO] No signal (neutral/bearish, flat)
2026-03-31 20:13:56 [INFO] Sleeping for 60 seconds...
2026-03-31 20:14:56 [INFO] Current RSI: 46.94, Price: $66538.00
2026-03-31 20:14:56 [INFO] No signal (neutral/bearish, flat)
2026-03-31 20:14:56 [INFO] Sleeping for 60 seconds...
2026-03-31 20:15:56 [INFO] Current RSI: 47.71, Price: $66594.00
2026-03-31 20:15:56 [INFO] No signal (neutral/bearish, flat)
2026-03-31 20:15:56 [INFO] Sleeping for 60 seconds...
2026-03-31 20:16:56 [INFO] Current RSI: 48.55, Price: $66656.00
2026-03-31 20:16:56 [INFO] No signal (neutral/bearish, flat)
2026-03-31 20:16:56 [INFO] Sleeping for 60 seconds...
2026-03-31 20:17:57 [INFO] Current RSI: 49.80, Price: $66753.00
2026-03-31 20:17:57 [INFO] No signal (neutral/bearish, flat)
2026-03-31 20:17:57 [INFO] Sleeping for 60 seconds...
2026-03-31 20:18:57 [INFO] Current RSI: 49.85, Price: $66757.00
2026-03-31 20:18:57 [INFO] No signal (neutral/bearish, flat)
2026-03-31 20:18:57 [INFO] Sleeping for 60 seconds...
2026-03-31 20:19:57 [INFO] Current RSI: 49.60, Price: $66737.00
2026-03-31 20:19:57 [INFO] No signal (neutral/bearish, flat)
2026-03-31 20:19:57 [INFO] Sleeping for 60 seconds...
2026-03-31 20:20:57 [INFO] Current RSI: 48.47, Price: $66650.00
2026-03-31 20:20:57 [INFO] No signal (neutral/bearish, flat)
2026-03-31 20:20:57 [INFO] Sleeping for 60 seconds...
2026-03-31 20:21:57 [INFO] Current RSI: 48.03, Price: $66617.00
2026-03-31 20:21:57 [INFO] No signal (neutral/bearish, flat)
2026-03-31 20:21:57 [INFO] Sleeping for 60 seconds...
2026-03-31 20:22:58 [INFO] Current RSI: 47.85, Price: $66604.00
2026-03-31 20:22:58 [INFO] No signal (neutral/bearish, flat)
2026-03-31 20:22:58 [INFO] Sleeping for 60 seconds...
2026-03-31 20:23:58 [INFO] Current RSI: 48.08, Price: $66621.00
2026-03-31 20:23:58 [INFO] No signal (neutral/bearish, flat)
2026-03-31 20:23:58 [INFO] Sleeping for 60 seconds...
2026-03-31 20:24:58 [INFO] Current RSI: 47.89, Price: $66607.00
2026-03-31 20:24:58 [INFO] No signal (neutral/bearish, flat)
2026-03-31 20:24:58 [INFO] Sleeping for 60 seconds...
2026-03-31 20:25:58 [INFO] Current RSI: 47.71, Price: $66594.00
2026-03-31 20:25:58 [INFO] No signal (neutral/bearish, flat)
2026-03-31 20:25:58 [INFO] Sleeping for 60 seconds...
2026-03-31 20:26:58 [INFO] Current RSI: 47.71, Price: $66594.00
2026-03-31 20:26:58 [INFO] No signal (neutral/bearish, flat)
2026-03-31 20:26:58 [INFO] Sleeping for 60 seconds...
2026-03-31 20:27:58 [INFO] Current RSI: 47.93, Price: $66610.00
2026-03-31 20:27:58 [INFO] No signal (neutral/bearish, flat)
2026-03-31 20:27:58 [INFO] Sleeping for 60 seconds...
2026-03-31 20:28:58 [INFO] Current RSI: 48.09, Price: $66622.00
2026-03-31 20:28:58 [INFO] No signal (neutral/bearish, flat)
2026-03-31 20:28:58 [INFO] Sleeping for 60 seconds...
2026-03-31 20:29:58 [INFO] Current RSI: 47.95, Price: $66611.00
2026-03-31 20:29:58 [INFO] No signal (neutral/bearish, flat)
2026-03-31 20:29:58 [INFO] Sleeping for 60 seconds...
2026-03-31 20:30:58 [INFO] Current RSI: 48.56, Price: $66657.00
2026-03-31 20:30:58 [INFO] No signal (neutral/bearish, flat)
2026-03-31 20:30:58 [INFO] Sleeping for 60 seconds...
2026-03-31 20:31:58 [INFO] Current RSI: 48.48, Price: $66651.00
2026-03-31 20:31:58 [INFO] No signal (neutral/bearish, flat)
2026-03-31 20:31:58 [INFO] Sleeping for 60 seconds...
2026-03-31 20:32:58 [INFO] Current RSI: 48.31, Price: $66638.00
2026-03-31 20:32:58 [INFO] No signal (neutral/bearish, flat)
2026-03-31 20:32:58 [INFO] Sleeping for 60 seconds...
2026-03-31 20:33:59 [INFO] Current RSI: 48.75, Price: $66671.00
2026-03-31 20:33:59 [INFO] No signal (neutral/bearish, flat)
2026-03-31 20:33:59 [INFO] Sleeping for 60 seconds...
2026-03-31 20:34:59 [INFO] Current RSI: 49.77, Price: $66751.00
2026-03-31 20:34:59 [INFO] No signal (neutral/bearish, flat)
2026-03-31 20:34:59 [INFO] Sleeping for 60 seconds...
2026-03-31 20:35:59 [INFO] Current RSI: 49.85, Price: $66757.00
2026-03-31 20:35:59 [INFO] No signal (neutral/bearish, flat)
2026-03-31 20:35:59 [INFO] Sleeping for 60 seconds...
2026-03-31 20:36:59 [INFO] Current RSI: 49.37, Price: $66719.00
2026-03-31 20:36:59 [INFO] No signal (neutral/bearish, flat)
2026-03-31 20:36:59 [INFO] Sleeping for 60 seconds...
2026-03-31 20:37:59 [INFO] Current RSI: 49.60, Price: $66737.00
2026-03-31 20:37:59 [INFO] No signal (neutral/bearish, flat)
2026-03-31 20:37:59 [INFO] Sleeping for 60 seconds...
2026-03-31 20:38:59 [INFO] Current RSI: 49.76, Price: $66750.00
2026-03-31 20:38:59 [INFO] No signal (neutral/bearish, flat)
2026-03-31 20:38:59 [INFO] Sleeping for 60 seconds...
2026-03-31 20:39:59 [INFO] Current RSI: 50.33, Price: $66796.00
2026-03-31 20:39:59 [INFO] No signal (neutral/bearish, flat)
2026-03-31 20:39:59 [INFO] Sleeping for 60 seconds...
2026-03-31 20:40:59 [INFO] Current RSI: 49.67, Price: $66743.00
2026-03-31 20:40:59 [INFO] No signal (neutral/bearish, flat)
2026-03-31 20:40:59 [INFO] Sleeping for 60 seconds...
2026-03-31 20:41:59 [INFO] Current RSI: 48.49, Price: $66652.00
2026-03-31 20:41:59 [INFO] No signal (neutral/bearish, flat)
2026-03-31 20:41:59 [INFO] Sleeping for 60 seconds...
2026-03-31 20:42:59 [INFO] Current RSI: 49.28, Price: $66712.00
2026-03-31 20:42:59 [INFO] No signal (neutral/bearish, flat)
2026-03-31 20:42:59 [INFO] Sleeping for 60 seconds...
2026-03-31 20:43:59 [INFO] Current RSI: 49.46, Price: $66726.00
2026-03-31 20:43:59 [INFO] No signal (neutral/bearish, flat)
2026-03-31 20:43:59 [INFO] Sleeping for 60 seconds...
2026-03-31 20:45:00 [INFO] Current RSI: 49.12, Price: $66700.00
2026-03-31 20:45:00 [INFO] No signal (neutral/bearish, flat)
2026-03-31 20:45:00 [INFO] Sleeping for 60 seconds...
2026-03-31 20:46:00 [INFO] Current RSI: 48.53, Price: $66655.00
2026-03-31 20:46:00 [INFO] No signal (neutral/bearish, flat)
2026-03-31 20:46:00 [INFO] Sleeping for 60 seconds...
2026-03-31 20:47:00 [INFO] Current RSI: 47.84, Price: $66603.00
2026-03-31 20:47:00 [INFO] No signal (neutral/bearish, flat)
2026-03-31 20:47:00 [INFO] Sleeping for 60 seconds...
2026-03-31 20:48:00 [INFO] Current RSI: 47.41, Price: $66572.00
2026-03-31 20:48:00 [INFO] No signal (neutral/bearish, flat)
2026-03-31 20:48:00 [INFO] Sleeping for 60 seconds...
2026-03-31 20:49:00 [INFO] Current RSI: 47.41, Price: $66572.00
2026-03-31 20:49:00 [INFO] No signal (neutral/bearish, flat)
2026-03-31 20:49:00 [INFO] Sleeping for 60 seconds...
2026-03-31 20:50:00 [INFO] Current RSI: 47.44, Price: $66574.00
2026-03-31 20:50:00 [INFO] No signal (neutral/bearish, flat)
2026-03-31 20:50:00 [INFO] Sleeping for 60 seconds...
2026-03-31 20:51:00 [INFO] Current RSI: 47.62, Price: $66587.00
2026-03-31 20:51:00 [INFO] No signal (neutral/bearish, flat)
2026-03-31 20:51:00 [INFO] Sleeping for 60 seconds...
2026-03-31 20:52:00 [INFO] Current RSI: 47.77, Price: $66598.00
2026-03-31 20:52:00 [INFO] No signal (neutral/bearish, flat)
2026-03-31 20:52:00 [INFO] Sleeping for 60 seconds...
2026-03-31 20:53:00 [INFO] Current RSI: 47.30, Price: $66564.00
2026-03-31 20:53:00 [INFO] No signal (neutral/bearish, flat)
2026-03-31 20:53:00 [INFO] Sleeping for 60 seconds...
2026-03-31 20:54:00 [INFO] Current RSI: 47.63, Price: $66588.00
2026-03-31 20:54:00 [INFO] No signal (neutral/bearish, flat)
2026-03-31 20:54:00 [INFO] Sleeping for 60 seconds...
2026-03-31 20:55:00 [INFO] Current RSI: 47.39, Price: $66570.00
2026-03-31 20:55:00 [INFO] No signal (neutral/bearish, flat)
2026-03-31 20:55:00 [INFO] Sleeping for 60 seconds...
2026-03-31 20:56:01 [INFO] Current RSI: 47.48, Price: $66577.00
2026-03-31 20:56:01 [INFO] No signal (neutral/bearish, flat)
2026-03-31 20:56:01 [INFO] Sleeping for 60 seconds...
2026-03-31 20:57:01 [INFO] Current RSI: 47.65, Price: $66589.00
2026-03-31 20:57:01 [INFO] No signal (neutral/bearish, flat)
2026-03-31 20:57:01 [INFO] Sleeping for 60 seconds...
2026-03-31 20:58:01 [INFO] Current RSI: 47.77, Price: $66598.00
2026-03-31 20:58:01 [INFO] No signal (neutral/bearish, flat)
2026-03-31 20:58:01 [INFO] Sleeping for 60 seconds...
2026-03-31 20:59:01 [INFO] Current RSI: 48.52, Price: $66654.00
2026-03-31 20:59:01 [INFO] No signal (neutral/bearish, flat)
2026-03-31 20:59:01 [INFO] Sleeping for 60 seconds...
2026-03-31 21:00:01 [INFO] Current RSI: 48.78, Price: $66651.00
2026-03-31 21:00:01 [INFO] No signal (neutral/bearish, flat)
2026-03-31 21:00:01 [INFO] Sleeping for 60 seconds...
2026-03-31 21:01:01 [INFO] Current RSI: 49.50, Price: $66706.00
2026-03-31 21:01:01 [INFO] No signal (neutral/bearish, flat)
2026-03-31 21:01:01 [INFO] Sleeping for 60 seconds...
2026-03-31 21:02:01 [INFO] Current RSI: 49.61, Price: $66714.00
2026-03-31 21:02:01 [INFO] No signal (neutral/bearish, flat)
2026-03-31 21:02:01 [INFO] Sleeping for 60 seconds...
2026-03-31 21:03:01 [INFO] Current RSI: 49.91, Price: $66738.00
2026-03-31 21:03:01 [INFO] No signal (neutral/bearish, flat)
2026-03-31 21:03:01 [INFO] Sleeping for 60 seconds...
2026-03-31 21:04:01 [INFO] Current RSI: 49.76, Price: $66726.00
2026-03-31 21:04:01 [INFO] No signal (neutral/bearish, flat)
2026-03-31 21:04:01 [INFO] Sleeping for 60 seconds...
2026-03-31 21:05:01 [INFO] Current RSI: 49.81, Price: $66730.00
2026-03-31 21:05:01 [INFO] No signal (neutral/bearish, flat)
2026-03-31 21:05:01 [INFO] Sleeping for 60 seconds...
2026-03-31 21:06:01 [INFO] Current RSI: 49.13, Price: $66677.00
2026-03-31 21:06:01 [INFO] No signal (neutral/bearish, flat)
2026-03-31 21:06:01 [INFO] Sleeping for 60 seconds...
2026-03-31 21:07:01 [INFO] Current RSI: 49.32, Price: $66692.00
2026-03-31 21:07:01 [INFO] No signal (neutral/bearish, flat)
2026-03-31 21:07:01 [INFO] Sleeping for 60 seconds...
2026-03-31 21:08:01 [INFO] Current RSI: 49.24, Price: $66686.00
2026-03-31 21:08:01 [INFO] No signal (neutral/bearish, flat)
2026-03-31 21:08:01 [INFO] Sleeping for 60 seconds...
2026-03-31 21:09:01 [INFO] Current RSI: 49.27, Price: $66688.00
2026-03-31 21:09:01 [INFO] No signal (neutral/bearish, flat)
2026-03-31 21:09:01 [INFO] Sleeping for 60 seconds...
2026-03-31 21:10:02 [INFO] Current RSI: 49.67, Price: $66719.00
2026-03-31 21:10:02 [INFO] No signal (neutral/bearish, flat)
2026-03-31 21:10:02 [INFO] Sleeping for 60 seconds...
2026-03-31 21:11:02 [INFO] Current RSI: 47.92, Price: $66581.00
2026-03-31 21:11:02 [INFO] No signal (neutral/bearish, flat)
2026-03-31 21:11:02 [INFO] Sleeping for 60 seconds...
2026-03-31 21:12:02 [INFO] Current RSI: 47.95, Price: $66584.00
2026-03-31 21:12:02 [INFO] No signal (neutral/bearish, flat)
2026-03-31 21:12:02 [INFO] Sleeping for 60 seconds...
2026-03-31 21:13:02 [INFO] Current RSI: 47.81, Price: $66572.00
2026-03-31 21:13:02 [INFO] No signal (neutral/bearish, flat)
2026-03-31 21:13:02 [INFO] Sleeping for 60 seconds...
2026-03-31 21:14:02 [INFO] Current RSI: 47.85, Price: $66576.00
2026-03-31 21:14:02 [INFO] No signal (neutral/bearish, flat)
2026-03-31 21:14:02 [INFO] Sleeping for 60 seconds...
2026-03-31 21:15:02 [INFO] Current RSI: 47.47, Price: $66544.00
2026-03-31 21:15:02 [INFO] No signal (neutral/bearish, flat)
2026-03-31 21:15:02 [INFO] Sleeping for 60 seconds...
2026-03-31 21:16:02 [INFO] Current RSI: 47.41, Price: $66539.00
2026-03-31 21:16:02 [INFO] No signal (neutral/bearish, flat)
2026-03-31 21:16:02 [INFO] Sleeping for 60 seconds...
2026-03-31 21:17:03 [INFO] Current RSI: 47.49, Price: $66546.00
2026-03-31 21:17:03 [INFO] No signal (neutral/bearish, flat)
2026-03-31 21:17:03 [INFO] Sleeping for 60 seconds...
2026-03-31 21:18:03 [INFO] Current RSI: 47.21, Price: $66522.00
2026-03-31 21:18:03 [INFO] No signal (neutral/bearish, flat)
2026-03-31 21:18:03 [INFO] Sleeping for 60 seconds...
2026-03-31 21:19:03 [INFO] Current RSI: 48.65, Price: $66640.00
2026-03-31 21:19:03 [INFO] No signal (neutral/bearish, flat)
2026-03-31 21:19:03 [INFO] Sleeping for 60 seconds...
2026-03-31 21:20:03 [INFO] Current RSI: 49.53, Price: $66708.00
2026-03-31 21:20:03 [INFO] No signal (neutral/bearish, flat)
2026-03-31 21:20:03 [INFO] Sleeping for 60 seconds...
2026-03-31 21:21:03 [INFO] Current RSI: 49.48, Price: $66704.00
2026-03-31 21:21:03 [INFO] No signal (neutral/bearish, flat)
2026-03-31 21:21:03 [INFO] Sleeping for 60 seconds...
2026-03-31 21:22:03 [INFO] Current RSI: 48.21, Price: $66605.00
2026-03-31 21:22:03 [INFO] No signal (neutral/bearish, flat)
2026-03-31 21:22:03 [INFO] Sleeping for 60 seconds...
2026-03-31 21:23:03 [INFO] Current RSI: 48.68, Price: $66643.00
2026-03-31 21:23:03 [INFO] No signal (neutral/bearish, flat)
2026-03-31 21:23:03 [INFO] Sleeping for 60 seconds...
2026-03-31 21:24:03 [INFO] Current RSI: 48.31, Price: $66613.00
2026-03-31 21:24:03 [INFO] No signal (neutral/bearish, flat)
2026-03-31 21:24:03 [INFO] Sleeping for 60 seconds...
2026-03-31 21:25:03 [INFO] Current RSI: 48.21, Price: $66605.00
2026-03-31 21:25:03 [INFO] No signal (neutral/bearish, flat)
2026-03-31 21:25:03 [INFO] Sleeping for 60 seconds...
2026-03-31 21:26:03 [INFO] Current RSI: 48.42, Price: $66622.00
2026-03-31 21:26:03 [INFO] No signal (neutral/bearish, flat)
2026-03-31 21:26:03 [INFO] Sleeping for 60 seconds...
2026-03-31 21:27:03 [INFO] Current RSI: 48.76, Price: $66649.00
2026-03-31 21:27:03 [INFO] No signal (neutral/bearish, flat)
2026-03-31 21:27:03 [INFO] Sleeping for 60 seconds...
2026-03-31 21:28:03 [INFO] Current RSI: 48.86, Price: $66657.00
2026-03-31 21:28:03 [INFO] No signal (neutral/bearish, flat)
2026-03-31 21:28:03 [INFO] Sleeping for 60 seconds...
2026-03-31 21:29:03 [INFO] Current RSI: 49.72, Price: $66723.00
2026-03-31 21:29:03 [INFO] No signal (neutral/bearish, flat)
2026-03-31 21:29:03 [INFO] Sleeping for 60 seconds...
2026-03-31 21:30:03 [INFO] Current RSI: 50.35, Price: $66773.00
2026-03-31 21:30:03 [INFO] No signal (neutral/bearish, flat)
2026-03-31 21:30:03 [INFO] Sleeping for 60 seconds...
2026-03-31 21:31:04 [INFO] Current RSI: 49.97, Price: $66743.00
2026-03-31 21:31:04 [INFO] No signal (neutral/bearish, flat)
2026-03-31 21:31:04 [INFO] Sleeping for 60 seconds...
2026-03-31 21:32:04 [INFO] Current RSI: 49.81, Price: $66730.00
2026-03-31 21:32:04 [INFO] No signal (neutral/bearish, flat)
2026-03-31 21:32:04 [INFO] Sleeping for 60 seconds...
2026-03-31 21:33:04 [INFO] Current RSI: 49.44, Price: $66701.00
2026-03-31 21:33:04 [INFO] No signal (neutral/bearish, flat)
2026-03-31 21:33:04 [INFO] Sleeping for 60 seconds...
2026-03-31 21:34:04 [INFO] Current RSI: 49.82, Price: $66731.00
2026-03-31 21:34:04 [INFO] No signal (neutral/bearish, flat)
2026-03-31 21:34:04 [INFO] Sleeping for 60 seconds...
2026-03-31 21:35:04 [INFO] Current RSI: 50.18, Price: $66759.00
2026-03-31 21:35:04 [INFO] No signal (neutral/bearish, flat)
2026-03-31 21:35:04 [INFO] Sleeping for 60 seconds...
2026-03-31 21:36:04 [INFO] Current RSI: 50.75, Price: $66805.00
2026-03-31 21:36:04 [INFO] No signal (neutral/bearish, flat)
2026-03-31 21:36:04 [INFO] Sleeping for 60 seconds...
2026-03-31 21:37:04 [INFO] Current RSI: 51.06, Price: $66831.00
2026-03-31 21:37:04 [INFO] No signal (neutral/bearish, flat)
2026-03-31 21:37:04 [INFO] Sleeping for 60 seconds...
2026-03-31 21:38:04 [INFO] Current RSI: 51.85, Price: $66897.00
2026-03-31 21:38:04 [INFO] No signal (neutral/bearish, flat)
2026-03-31 21:38:04 [INFO] Sleeping for 60 seconds...
2026-03-31 21:39:04 [INFO] Current RSI: 51.72, Price: $66886.00
2026-03-31 21:39:04 [INFO] No signal (neutral/bearish, flat)
2026-03-31 21:39:04 [INFO] Sleeping for 60 seconds...
2026-03-31 21:40:04 [INFO] Current RSI: 51.48, Price: $66866.00
2026-03-31 21:40:04 [INFO] No signal (neutral/bearish, flat)
2026-03-31 21:40:04 [INFO] Sleeping for 60 seconds...
2026-03-31 21:41:04 [INFO] Current RSI: 51.11, Price: $66835.00
2026-03-31 21:41:04 [INFO] No signal (neutral/bearish, flat)
2026-03-31 21:41:04 [INFO] Sleeping for 60 seconds...
2026-03-31 21:42:04 [INFO] Current RSI: 51.16, Price: $66839.00
2026-03-31 21:42:04 [INFO] No signal (neutral/bearish, flat)
2026-03-31 21:42:04 [INFO] Sleeping for 60 seconds...
2026-03-31 21:43:04 [INFO] Current RSI: 51.22, Price: $66844.00
2026-03-31 21:43:04 [INFO] No signal (neutral/bearish, flat)
2026-03-31 21:43:04 [INFO] Sleeping for 60 seconds...
2026-03-31 21:44:05 [INFO] Current RSI: 51.44, Price: $66862.00
2026-03-31 21:44:05 [INFO] No signal (neutral/bearish, flat)
2026-03-31 21:44:05 [INFO] Sleeping for 60 seconds...
2026-03-31 21:45:05 [INFO] Current RSI: 51.54, Price: $66871.00
2026-03-31 21:45:05 [INFO] No signal (neutral/bearish, flat)
2026-03-31 21:45:05 [INFO] Sleeping for 60 seconds...
2026-03-31 21:46:05 [INFO] Current RSI: 51.53, Price: $66870.00
2026-03-31 21:46:05 [INFO] No signal (neutral/bearish, flat)
2026-03-31 21:46:05 [INFO] Sleeping for 60 seconds...
2026-03-31 21:47:05 [INFO] Current RSI: 51.29, Price: $66850.00
2026-03-31 21:47:05 [INFO] No signal (neutral/bearish, flat)
2026-03-31 21:47:05 [INFO] Sleeping for 60 seconds...
2026-03-31 21:48:05 [INFO] Current RSI: 51.23, Price: $66845.00
2026-03-31 21:48:05 [INFO] No signal (neutral/bearish, flat)
2026-03-31 21:48:05 [INFO] Sleeping for 60 seconds...
2026-03-31 21:49:05 [INFO] Current RSI: 49.53, Price: $66708.00
2026-03-31 21:49:05 [INFO] No signal (neutral/bearish, flat)
2026-03-31 21:49:05 [INFO] Sleeping for 60 seconds...
2026-03-31 21:50:05 [INFO] Current RSI: 49.33, Price: $66693.00
2026-03-31 21:50:05 [INFO] No signal (neutral/bearish, flat)
2026-03-31 21:50:05 [INFO] Sleeping for 60 seconds...
2026-03-31 21:51:05 [INFO] Current RSI: 49.07, Price: $66673.00
2026-03-31 21:51:05 [INFO] No signal (neutral/bearish, flat)
2026-03-31 21:51:05 [INFO] Sleeping for 60 seconds...
2026-03-31 21:52:05 [INFO] Current RSI: 48.82, Price: $66654.00
2026-03-31 21:52:05 [INFO] No signal (neutral/bearish, flat)
2026-03-31 21:52:05 [INFO] Sleeping for 60 seconds...
2026-03-31 21:53:05 [INFO] Current RSI: 49.22, Price: $66684.00
2026-03-31 21:53:05 [INFO] No signal (neutral/bearish, flat)
2026-03-31 21:53:05 [INFO] Sleeping for 60 seconds...
2026-03-31 21:54:05 [INFO] Current RSI: 49.58, Price: $66712.00
2026-03-31 21:54:05 [INFO] No signal (neutral/bearish, flat)
2026-03-31 21:54:05 [INFO] Sleeping for 60 seconds...
2026-03-31 21:55:05 [INFO] Current RSI: 49.11, Price: $66676.00
2026-03-31 21:55:05 [INFO] No signal (neutral/bearish, flat)
2026-03-31 21:55:05 [INFO] Sleeping for 60 seconds...
2026-03-31 21:56:05 [INFO] Current RSI: 49.19, Price: $66682.00
2026-03-31 21:56:05 [INFO] No signal (neutral/bearish, flat)
2026-03-31 21:56:05 [INFO] Sleeping for 60 seconds...
2026-03-31 21:57:05 [INFO] Current RSI: 48.77, Price: $66650.00
2026-03-31 21:57:05 [INFO] No signal (neutral/bearish, flat)
2026-03-31 21:57:05 [INFO] Sleeping for 60 seconds...
2026-03-31 21:58:05 [INFO] Current RSI: 48.37, Price: $66618.00
2026-03-31 21:58:05 [INFO] No signal (neutral/bearish, flat)
2026-03-31 21:58:05 [INFO] Sleeping for 60 seconds...
2026-03-31 21:59:06 [INFO] Current RSI: 48.54, Price: $66632.00
2026-03-31 21:59:06 [INFO] No signal (neutral/bearish, flat)
2026-03-31 21:59:06 [INFO] Sleeping for 60 seconds...
2026-03-31 22:00:06 [INFO] Current RSI: 48.33, Price: $66636.00
2026-03-31 22:00:06 [INFO] No signal (neutral/bearish, flat)
2026-03-31 22:00:06 [INFO] Sleeping for 60 seconds...
2026-03-31 22:01:06 [INFO] Current RSI: 48.61, Price: $66657.00
2026-03-31 22:01:06 [INFO] No signal (neutral/bearish, flat)
2026-03-31 22:01:06 [INFO] Sleeping for 60 seconds...
2026-03-31 22:02:06 [INFO] Current RSI: 48.82, Price: $66673.00
2026-03-31 22:02:06 [INFO] No signal (neutral/bearish, flat)
2026-03-31 22:02:06 [INFO] Sleeping for 60 seconds...
2026-03-31 22:03:06 [INFO] Current RSI: 48.95, Price: $66683.00
2026-03-31 22:03:06 [INFO] No signal (neutral/bearish, flat)
2026-03-31 22:03:06 [INFO] Sleeping for 60 seconds...
2026-03-31 22:04:06 [INFO] Current RSI: 48.57, Price: $66654.00
2026-03-31 22:04:06 [INFO] No signal (neutral/bearish, flat)
2026-03-31 22:04:06 [INFO] Sleeping for 60 seconds...
2026-03-31 22:05:06 [INFO] Current RSI: 49.17, Price: $66700.00
2026-03-31 22:05:06 [INFO] No signal (neutral/bearish, flat)
2026-03-31 22:05:06 [INFO] Sleeping for 60 seconds...
2026-03-31 22:06:06 [INFO] Current RSI: 48.94, Price: $66682.00
2026-03-31 22:06:06 [INFO] No signal (neutral/bearish, flat)
2026-03-31 22:06:06 [INFO] Sleeping for 60 seconds...
2026-03-31 22:07:06 [INFO] Current RSI: 48.79, Price: $66671.00
2026-03-31 22:07:06 [INFO] No signal (neutral/bearish, flat)
2026-03-31 22:07:06 [INFO] Sleeping for 60 seconds...
2026-03-31 22:08:07 [INFO] Current RSI: 48.67, Price: $66662.00
2026-03-31 22:08:07 [INFO] No signal (neutral/bearish, flat)
2026-03-31 22:08:07 [INFO] Sleeping for 60 seconds...
2026-03-31 22:09:07 [INFO] Current RSI: 49.47, Price: $66724.00
2026-03-31 22:09:07 [INFO] No signal (neutral/bearish, flat)
2026-03-31 22:09:07 [INFO] Sleeping for 60 seconds...
2026-03-31 22:10:07 [INFO] Current RSI: 50.32, Price: $66792.00
2026-03-31 22:10:07 [INFO] No signal (neutral/bearish, flat)
2026-03-31 22:10:07 [INFO] Sleeping for 60 seconds...
2026-03-31 22:11:07 [INFO] Current RSI: 50.09, Price: $66773.00
2026-03-31 22:11:07 [INFO] No signal (neutral/bearish, flat)
2026-03-31 22:11:07 [INFO] Sleeping for 60 seconds...
2026-03-31 22:12:07 [INFO] Current RSI: 50.10, Price: $66774.00
2026-03-31 22:12:07 [INFO] No signal (neutral/bearish, flat)
2026-03-31 22:12:07 [INFO] Sleeping for 60 seconds...
2026-03-31 22:13:07 [INFO] Current RSI: 50.35, Price: $66794.00
2026-03-31 22:13:07 [INFO] No signal (neutral/bearish, flat)
2026-03-31 22:13:07 [INFO] Sleeping for 60 seconds...
2026-03-31 22:14:07 [INFO] Current RSI: 50.25, Price: $66786.00
2026-03-31 22:14:07 [INFO] No signal (neutral/bearish, flat)
2026-03-31 22:14:07 [INFO] Sleeping for 60 seconds...
2026-03-31 22:15:07 [INFO] Current RSI: 50.31, Price: $66791.00
2026-03-31 22:15:07 [INFO] No signal (neutral/bearish, flat)
2026-03-31 22:15:07 [INFO] Sleeping for 60 seconds...
2026-03-31 22:16:07 [INFO] Current RSI: 51.18, Price: $66863.00
2026-03-31 22:16:07 [INFO] No signal (neutral/bearish, flat)
2026-03-31 22:16:07 [INFO] Sleeping for 60 seconds...
2026-03-31 22:17:07 [INFO] Current RSI: 51.64, Price: $66903.00
2026-03-31 22:17:07 [INFO] No signal (neutral/bearish, flat)
2026-03-31 22:17:07 [INFO] Sleeping for 60 seconds...
2026-03-31 22:18:07 [INFO] Current RSI: 50.61, Price: $66816.00
2026-03-31 22:18:07 [INFO] No signal (neutral/bearish, flat)
2026-03-31 22:18:07 [INFO] Sleeping for 60 seconds...
2026-03-31 22:19:07 [INFO] Current RSI: 50.32, Price: $66792.00
2026-03-31 22:19:07 [INFO] No signal (neutral/bearish, flat)
2026-03-31 22:19:07 [INFO] Sleeping for 60 seconds...
2026-03-31 22:20:07 [INFO] Current RSI: 49.88, Price: $66756.00
2026-03-31 22:20:07 [INFO] No signal (neutral/bearish, flat)
2026-03-31 22:20:07 [INFO] Sleeping for 60 seconds...
2026-03-31 22:21:07 [INFO] Current RSI: 49.85, Price: $66754.00
2026-03-31 22:21:07 [INFO] No signal (neutral/bearish, flat)
2026-03-31 22:21:07 [INFO] Sleeping for 60 seconds...
2026-03-31 22:22:08 [INFO] Current RSI: 49.90, Price: $66758.00
2026-03-31 22:22:08 [INFO] No signal (neutral/bearish, flat)
2026-03-31 22:22:08 [INFO] Sleeping for 60 seconds...
2026-03-31 22:23:08 [INFO] Current RSI: 49.61, Price: $66735.00
2026-03-31 22:23:08 [INFO] No signal (neutral/bearish, flat)
2026-03-31 22:23:08 [INFO] Sleeping for 60 seconds...
2026-03-31 22:24:08 [INFO] Current RSI: 50.04, Price: $66769.00
2026-03-31 22:24:08 [INFO] No signal (neutral/bearish, flat)
2026-03-31 22:24:08 [INFO] Sleeping for 60 seconds...
2026-03-31 22:25:08 [INFO] Current RSI: 50.12, Price: $66776.00
2026-03-31 22:25:08 [INFO] No signal (neutral/bearish, flat)
2026-03-31 22:25:08 [INFO] Sleeping for 60 seconds...
2026-03-31 22:26:08 [INFO] Current RSI: 50.09, Price: $66773.00
2026-03-31 22:26:08 [INFO] No signal (neutral/bearish, flat)
2026-03-31 22:26:08 [INFO] Sleeping for 60 seconds...
2026-03-31 22:27:08 [INFO] Current RSI: 49.96, Price: $66763.00
2026-03-31 22:27:08 [INFO] No signal (neutral/bearish, flat)
2026-03-31 22:27:08 [INFO] Sleeping for 60 seconds...
2026-03-31 22:28:08 [INFO] Current RSI: 50.01, Price: $66767.00
2026-03-31 22:28:08 [INFO] No signal (neutral/bearish, flat)
2026-03-31 22:28:08 [INFO] Sleeping for 60 seconds...
2026-03-31 22:29:08 [INFO] Current RSI: 50.06, Price: $66771.00
2026-03-31 22:29:08 [INFO] No signal (neutral/bearish, flat)
2026-03-31 22:29:08 [INFO] Sleeping for 60 seconds...
2026-03-31 22:30:08 [INFO] Current RSI: 50.41, Price: $66799.00
2026-03-31 22:30:08 [INFO] No signal (neutral/bearish, flat)
2026-03-31 22:30:08 [INFO] Sleeping for 60 seconds...
2026-03-31 22:31:08 [INFO] Current RSI: 51.49, Price: $66890.00
2026-03-31 22:31:08 [INFO] No signal (neutral/bearish, flat)
2026-03-31 22:31:08 [INFO] Sleeping for 60 seconds...
2026-03-31 22:32:08 [INFO] Current RSI: 50.65, Price: $66819.00
2026-03-31 22:32:08 [INFO] No signal (neutral/bearish, flat)
2026-03-31 22:32:08 [INFO] Sleeping for 60 seconds...
2026-03-31 22:33:09 [INFO] Current RSI: 50.06, Price: $66771.00
2026-03-31 22:33:09 [INFO] No signal (neutral/bearish, flat)
2026-03-31 22:33:09 [INFO] Sleeping for 60 seconds...
2026-03-31 22:34:09 [INFO] Current RSI: 49.55, Price: $66730.00
2026-03-31 22:34:09 [INFO] No signal (neutral/bearish, flat)
2026-03-31 22:34:09 [INFO] Sleeping for 60 seconds...
2026-03-31 22:35:09 [INFO] Current RSI: 51.45, Price: $66886.00
2026-03-31 22:35:09 [INFO] No signal (neutral/bearish, flat)
2026-03-31 22:35:09 [INFO] Sleeping for 60 seconds...
2026-03-31 22:36:10 [INFO] Current RSI: 50.87, Price: $66837.00
2026-03-31 22:36:10 [INFO] No signal (neutral/bearish, flat)
2026-03-31 22:36:10 [INFO] Sleeping for 60 seconds...
2026-03-31 22:37:10 [INFO] Current RSI: 51.07, Price: $66854.00
2026-03-31 22:37:10 [INFO] No signal (neutral/bearish, flat)
2026-03-31 22:37:10 [INFO] Sleeping for 60 seconds...
2026-03-31 22:38:10 [INFO] Current RSI: 51.94, Price: $66929.00
2026-03-31 22:38:10 [INFO] No signal (neutral/bearish, flat)
2026-03-31 22:38:10 [INFO] Sleeping for 60 seconds...
2026-03-31 22:39:10 [INFO] Current RSI: 51.59, Price: $66898.00
2026-03-31 22:39:10 [INFO] No signal (neutral/bearish, flat)
2026-03-31 22:39:10 [INFO] Sleeping for 60 seconds...
2026-03-31 22:40:10 [INFO] Current RSI: 52.32, Price: $66962.00
2026-03-31 22:40:10 [INFO] No signal (neutral/bearish, flat)
2026-03-31 22:40:10 [INFO] Sleeping for 60 seconds...
2026-03-31 22:41:10 [INFO] Current RSI: 52.75, Price: $67000.00
2026-03-31 22:41:10 [INFO] No signal (neutral/bearish, flat)
2026-03-31 22:41:10 [INFO] Sleeping for 60 seconds...
2026-03-31 22:42:10 [INFO] Current RSI: 52.54, Price: $66982.00
2026-03-31 22:42:10 [INFO] No signal (neutral/bearish, flat)
2026-03-31 22:42:10 [INFO] Sleeping for 60 seconds...
2026-03-31 22:43:10 [INFO] Current RSI: 53.47, Price: $67066.00
2026-03-31 22:43:10 [INFO] No signal (neutral/bearish, flat)
2026-03-31 22:43:10 [INFO] Sleeping for 60 seconds...
2026-03-31 22:44:10 [INFO] Current RSI: 52.87, Price: $67011.00
2026-03-31 22:44:10 [INFO] No signal (neutral/bearish, flat)
2026-03-31 22:44:10 [INFO] Sleeping for 60 seconds...
2026-03-31 22:45:10 [INFO] Current RSI: 52.75, Price: $67000.00
2026-03-31 22:45:10 [INFO] No signal (neutral/bearish, flat)
2026-03-31 22:45:10 [INFO] Sleeping for 60 seconds...
2026-03-31 22:46:10 [INFO] Current RSI: 54.03, Price: $67119.00
2026-03-31 22:46:10 [INFO] No signal (neutral/bearish, flat)
2026-03-31 22:46:10 [INFO] Sleeping for 60 seconds...
2026-03-31 22:47:10 [INFO] Current RSI: 54.85, Price: $67199.00
2026-03-31 22:47:10 [INFO] No signal (neutral/bearish, flat)
2026-03-31 22:47:10 [INFO] Sleeping for 60 seconds...
2026-03-31 22:48:10 [INFO] Current RSI: 55.82, Price: $67297.00
2026-03-31 22:48:10 [INFO] No signal (neutral/bearish, flat)
2026-03-31 22:48:10 [INFO] Sleeping for 60 seconds...
2026-03-31 22:49:10 [INFO] Current RSI: 54.26, Price: $67141.00
2026-03-31 22:49:10 [INFO] No signal (neutral/bearish, flat)
2026-03-31 22:49:10 [INFO] Sleeping for 60 seconds...
2026-03-31 22:50:11 [INFO] Current RSI: 55.35, Price: $67249.00
2026-03-31 22:50:11 [INFO] No signal (neutral/bearish, flat)
2026-03-31 22:50:11 [INFO] Sleeping for 60 seconds...
2026-03-31 22:51:11 [INFO] Current RSI: 55.23, Price: $67237.00
2026-03-31 22:51:11 [INFO] No signal (neutral/bearish, flat)
2026-03-31 22:51:11 [INFO] Sleeping for 60 seconds...
2026-03-31 22:52:11 [INFO] Current RSI: 54.65, Price: $67179.00
2026-03-31 22:52:11 [INFO] No signal (neutral/bearish, flat)
2026-03-31 22:52:11 [INFO] Sleeping for 60 seconds...
2026-03-31 22:53:11 [INFO] Current RSI: 55.37, Price: $67251.00
2026-03-31 22:53:11 [INFO] No signal (neutral/bearish, flat)
2026-03-31 22:53:11 [INFO] Sleeping for 60 seconds...
2026-03-31 22:54:11 [INFO] Current RSI: 56.30, Price: $67347.00
2026-03-31 22:54:11 [INFO] No signal (neutral/bearish, flat)
2026-03-31 22:54:11 [INFO] Sleeping for 60 seconds...
2026-03-31 22:55:11 [INFO] Current RSI: 56.59, Price: $67378.00
2026-03-31 22:55:11 [INFO] No signal (neutral/bearish, flat)
2026-03-31 22:55:11 [INFO] Sleeping for 60 seconds...
2026-03-31 22:56:11 [INFO] Current RSI: 55.87, Price: $67302.00
2026-03-31 22:56:11 [INFO] No signal (neutral/bearish, flat)
2026-03-31 22:56:11 [INFO] Sleeping for 60 seconds...
2026-03-31 22:57:11 [INFO] Current RSI: 55.18, Price: $67232.00
2026-03-31 22:57:11 [INFO] No signal (neutral/bearish, flat)
2026-03-31 22:57:11 [INFO] Sleeping for 60 seconds...
2026-03-31 22:58:12 [INFO] Current RSI: 54.71, Price: $67185.00
2026-03-31 22:58:12 [INFO] No signal (neutral/bearish, flat)
2026-03-31 22:58:12 [INFO] Sleeping for 60 seconds...
2026-03-31 22:59:12 [INFO] Current RSI: 54.80, Price: $67194.00
2026-03-31 22:59:12 [INFO] No signal (neutral/bearish, flat)
2026-03-31 22:59:12 [INFO] Sleeping for 60 seconds...
2026-03-31 23:00:12 [INFO] Current RSI: 50.92, Price: $67253.00
2026-03-31 23:00:12 [INFO] No signal (neutral/bearish, flat)
2026-03-31 23:00:12 [INFO] Sleeping for 60 seconds...
2026-03-31 23:01:12 [INFO] Current RSI: 53.59, Price: $67489.00
2026-03-31 23:01:12 [INFO] No signal (neutral/bearish, flat)
2026-03-31 23:01:12 [INFO] Sleeping for 60 seconds...
2026-03-31 23:02:12 [INFO] Current RSI: 52.48, Price: $67387.00
2026-03-31 23:02:12 [INFO] No signal (neutral/bearish, flat)
2026-03-31 23:02:12 [INFO] Sleeping for 60 seconds...
2026-03-31 23:03:13 [INFO] Current RSI: 52.75, Price: $67411.00
2026-03-31 23:03:13 [INFO] No signal (neutral/bearish, flat)
2026-03-31 23:03:13 [INFO] Sleeping for 60 seconds...
2026-03-31 23:04:13 [INFO] Current RSI: 51.29, Price: $67284.00
2026-03-31 23:04:13 [INFO] No signal (neutral/bearish, flat)
2026-03-31 23:04:13 [INFO] Sleeping for 60 seconds...
2026-03-31 23:05:13 [INFO] Current RSI: 51.04, Price: $67263.00
2026-03-31 23:05:13 [INFO] No signal (neutral/bearish, flat)
2026-03-31 23:05:13 [INFO] Sleeping for 60 seconds...
2026-03-31 23:06:13 [INFO] Current RSI: 50.17, Price: $67191.00
2026-03-31 23:06:13 [INFO] No signal (neutral/bearish, flat)
2026-03-31 23:06:13 [INFO] Sleeping for 60 seconds...
2026-03-31 23:07:13 [INFO] Current RSI: 49.48, Price: $67133.00
2026-03-31 23:07:13 [INFO] No signal (neutral/bearish, flat)
2026-03-31 23:07:13 [INFO] Sleeping for 60 seconds...
2026-03-31 23:08:13 [INFO] Current RSI: 49.47, Price: $67132.00
2026-03-31 23:08:13 [INFO] No signal (neutral/bearish, flat)
2026-03-31 23:08:13 [INFO] Sleeping for 60 seconds...
2026-03-31 23:09:13 [INFO] Current RSI: 49.66, Price: $67148.00
2026-03-31 23:09:13 [INFO] No signal (neutral/bearish, flat)
2026-03-31 23:09:13 [INFO] Sleeping for 60 seconds...
2026-03-31 23:10:13 [INFO] Current RSI: 49.88, Price: $67167.00
2026-03-31 23:10:13 [INFO] No signal (neutral/bearish, flat)
2026-03-31 23:10:13 [INFO] Sleeping for 60 seconds...
2026-03-31 23:11:13 [INFO] Current RSI: 50.04, Price: $67180.00
2026-03-31 23:11:13 [INFO] No signal (neutral/bearish, flat)
2026-03-31 23:11:13 [INFO] Sleeping for 60 seconds...
2026-03-31 23:12:13 [INFO] Current RSI: 50.18, Price: $67192.00
2026-03-31 23:12:13 [INFO] No signal (neutral/bearish, flat)
2026-03-31 23:12:13 [INFO] Sleeping for 60 seconds...
2026-03-31 23:13:13 [INFO] Current RSI: 50.86, Price: $67248.00
2026-03-31 23:13:13 [INFO] No signal (neutral/bearish, flat)
2026-03-31 23:13:13 [INFO] Sleeping for 60 seconds...
2026-03-31 23:14:13 [INFO] Current RSI: 50.90, Price: $67251.00
2026-03-31 23:14:13 [INFO] No signal (neutral/bearish, flat)
2026-03-31 23:14:13 [INFO] Sleeping for 60 seconds...
2026-03-31 23:15:13 [INFO] Current RSI: 52.34, Price: $67375.00
2026-03-31 23:15:13 [INFO] No signal (neutral/bearish, flat)
2026-03-31 23:15:13 [INFO] Sleeping for 60 seconds...
2026-03-31 23:16:13 [INFO] Current RSI: 53.08, Price: $67441.00
2026-03-31 23:16:13 [INFO] No signal (neutral/bearish, flat)
2026-03-31 23:16:13 [INFO] Sleeping for 60 seconds...
2026-03-31 23:17:14 [INFO] Current RSI: 53.57, Price: $67487.00
2026-03-31 23:17:14 [INFO] No signal (neutral/bearish, flat)
2026-03-31 23:17:14 [INFO] Sleeping for 60 seconds...
2026-03-31 23:18:14 [INFO] Current RSI: 54.24, Price: $67550.00
2026-03-31 23:18:14 [INFO] No signal (neutral/bearish, flat)
2026-03-31 23:18:14 [INFO] Sleeping for 60 seconds...
2026-03-31 23:19:14 [INFO] Current RSI: 55.78, Price: $67704.00
2026-03-31 23:19:14 [INFO] No signal (neutral/bearish, flat)
2026-03-31 23:19:14 [INFO] Sleeping for 60 seconds...
2026-03-31 23:20:14 [INFO] Current RSI: 55.16, Price: $67641.00
2026-03-31 23:20:14 [INFO] No signal (neutral/bearish, flat)
2026-03-31 23:20:14 [INFO] Sleeping for 60 seconds...
2026-03-31 23:21:14 [INFO] Current RSI: 55.11, Price: $67636.00
2026-03-31 23:21:14 [INFO] No signal (neutral/bearish, flat)
2026-03-31 23:21:14 [INFO] Sleeping for 60 seconds...
2026-03-31 23:22:14 [INFO] Current RSI: 54.81, Price: $67606.00
2026-03-31 23:22:14 [INFO] No signal (neutral/bearish, flat)
2026-03-31 23:22:14 [INFO] Sleeping for 60 seconds...
2026-03-31 23:23:14 [INFO] Current RSI: 55.68, Price: $67693.00
2026-03-31 23:23:14 [INFO] No signal (neutral/bearish, flat)
2026-03-31 23:23:14 [INFO] Sleeping for 60 seconds...
2026-03-31 23:24:14 [INFO] Current RSI: 55.15, Price: $67640.00
2026-03-31 23:24:14 [INFO] No signal (neutral/bearish, flat)
2026-03-31 23:24:14 [INFO] Sleeping for 60 seconds...
2026-03-31 23:25:14 [INFO] Current RSI: 54.31, Price: $67557.00
2026-03-31 23:25:14 [INFO] No signal (neutral/bearish, flat)
2026-03-31 23:25:14 [INFO] Sleeping for 60 seconds...
2026-03-31 23:26:14 [INFO] Current RSI: 54.57, Price: $67582.00
2026-03-31 23:26:14 [INFO] No signal (neutral/bearish, flat)
2026-03-31 23:26:14 [INFO] Sleeping for 60 seconds...
2026-03-31 23:27:14 [INFO] Current RSI: 54.76, Price: $67601.00
2026-03-31 23:27:14 [INFO] No signal (neutral/bearish, flat)
2026-03-31 23:27:14 [INFO] Sleeping for 60 seconds...
2026-03-31 23:28:15 [INFO] Current RSI: 54.08, Price: $67535.00
2026-03-31 23:28:15 [INFO] No signal (neutral/bearish, flat)
2026-03-31 23:28:15 [INFO] Sleeping for 60 seconds...
2026-03-31 23:29:15 [INFO] Current RSI: 55.16, Price: $67641.00
2026-03-31 23:29:15 [INFO] No signal (neutral/bearish, flat)
2026-03-31 23:29:15 [INFO] Sleeping for 60 seconds...
2026-03-31 23:30:15 [INFO] Current RSI: 55.72, Price: $67697.00
2026-03-31 23:30:15 [INFO] No signal (neutral/bearish, flat)
2026-03-31 23:30:15 [INFO] Sleeping for 60 seconds...
2026-03-31 23:31:15 [INFO] Current RSI: 54.85, Price: $67610.00
2026-03-31 23:31:15 [INFO] No signal (neutral/bearish, flat)
2026-03-31 23:31:15 [INFO] Sleeping for 60 seconds...
2026-03-31 23:32:15 [INFO] Current RSI: 54.62, Price: $67587.00
2026-03-31 23:32:15 [INFO] No signal (neutral/bearish, flat)
2026-03-31 23:32:15 [INFO] Sleeping for 60 seconds...
2026-03-31 23:33:15 [INFO] Current RSI: 53.94, Price: $67522.00
2026-03-31 23:33:15 [INFO] No signal (neutral/bearish, flat)
2026-03-31 23:33:15 [INFO] Sleeping for 60 seconds...
2026-03-31 23:34:15 [INFO] Current RSI: 54.07, Price: $67534.00
2026-03-31 23:34:15 [INFO] No signal (neutral/bearish, flat)
2026-03-31 23:34:15 [INFO] Sleeping for 60 seconds...
2026-03-31 23:35:15 [INFO] Current RSI: 53.72, Price: $67501.00
2026-03-31 23:35:15 [INFO] No signal (neutral/bearish, flat)
2026-03-31 23:35:15 [INFO] Sleeping for 60 seconds...
2026-03-31 23:36:15 [INFO] Current RSI: 52.50, Price: $67389.00
2026-03-31 23:36:15 [INFO] No signal (neutral/bearish, flat)
2026-03-31 23:36:15 [INFO] Sleeping for 60 seconds...
2026-03-31 23:37:16 [INFO] Current RSI: 51.91, Price: $67337.00
2026-03-31 23:37:16 [INFO] No signal (neutral/bearish, flat)
2026-03-31 23:37:16 [INFO] Sleeping for 60 seconds...
2026-03-31 23:38:16 [INFO] Current RSI: 51.67, Price: $67316.00
2026-03-31 23:38:16 [INFO] No signal (neutral/bearish, flat)
2026-03-31 23:38:16 [INFO] Sleeping for 60 seconds...
2026-03-31 23:39:16 [INFO] Current RSI: 51.53, Price: $67304.00
2026-03-31 23:39:16 [INFO] No signal (neutral/bearish, flat)
2026-03-31 23:39:16 [INFO] Sleeping for 60 seconds...
2026-03-31 23:40:16 [INFO] Current RSI: 52.05, Price: $67349.00
2026-03-31 23:40:16 [INFO] No signal (neutral/bearish, flat)
2026-03-31 23:40:16 [INFO] Sleeping for 60 seconds...
2026-03-31 23:41:16 [INFO] Current RSI: 50.64, Price: $67230.00
2026-03-31 23:41:16 [INFO] No signal (neutral/bearish, flat)
2026-03-31 23:41:16 [INFO] Sleeping for 60 seconds...
2026-03-31 23:42:16 [INFO] Current RSI: 50.35, Price: $67206.00
2026-03-31 23:42:16 [INFO] No signal (neutral/bearish, flat)
2026-03-31 23:42:16 [INFO] Sleeping for 60 seconds...
2026-03-31 23:43:16 [INFO] Current RSI: 50.10, Price: $67185.00
2026-03-31 23:43:16 [INFO] No signal (neutral/bearish, flat)
2026-03-31 23:43:16 [INFO] Sleeping for 60 seconds...
2026-03-31 23:44:16 [INFO] Current RSI: 49.11, Price: $67101.00
2026-03-31 23:44:16 [INFO] No signal (neutral/bearish, flat)
2026-03-31 23:44:16 [INFO] Sleeping for 60 seconds...
2026-03-31 23:45:17 [INFO] Current RSI: 49.85, Price: $67164.00
2026-03-31 23:45:17 [INFO] No signal (neutral/bearish, flat)
2026-03-31 23:45:17 [INFO] Sleeping for 60 seconds...
2026-03-31 23:46:17 [INFO] Current RSI: 49.12, Price: $67102.00
2026-03-31 23:46:17 [INFO] No signal (neutral/bearish, flat)
2026-03-31 23:46:17 [INFO] Sleeping for 60 seconds...
2026-03-31 23:47:17 [INFO] Current RSI: 49.22, Price: $67110.00
2026-03-31 23:47:17 [INFO] No signal (neutral/bearish, flat)
2026-03-31 23:47:17 [INFO] Sleeping for 60 seconds...
2026-03-31 23:48:17 [INFO] Current RSI: 48.47, Price: $67044.00
2026-03-31 23:48:17 [INFO] No signal (neutral/bearish, flat)
2026-03-31 23:48:17 [INFO] Sleeping for 60 seconds...
2026-03-31 23:49:17 [INFO] Current RSI: 46.50, Price: $66860.00
2026-03-31 23:49:17 [INFO] No signal (neutral/bearish, flat)
2026-03-31 23:49:17 [INFO] Sleeping for 60 seconds...
2026-03-31 23:50:17 [INFO] Current RSI: 46.75, Price: $66885.00
2026-03-31 23:50:17 [INFO] No signal (neutral/bearish, flat)
2026-03-31 23:50:17 [INFO] Sleeping for 60 seconds...
2026-03-31 23:51:17 [INFO] Current RSI: 46.76, Price: $66886.00
2026-03-31 23:51:17 [INFO] No signal (neutral/bearish, flat)
2026-03-31 23:51:17 [INFO] Sleeping for 60 seconds...
2026-03-31 23:52:17 [INFO] Current RSI: 44.11, Price: $66615.00
2026-03-31 23:52:17 [INFO] No signal (neutral/bearish, flat)
2026-03-31 23:52:17 [INFO] Sleeping for 60 seconds...
2026-03-31 23:53:18 [INFO] Current RSI: 43.98, Price: $66601.00
2026-03-31 23:53:18 [INFO] No signal (neutral/bearish, flat)
2026-03-31 23:53:18 [INFO] Sleeping for 60 seconds...
2026-03-31 23:54:18 [INFO] Current RSI: 43.05, Price: $66498.00
2026-03-31 23:54:18 [INFO] No signal (neutral/bearish, flat)
2026-03-31 23:54:18 [INFO] Sleeping for 60 seconds...
2026-03-31 23:55:18 [INFO] Current RSI: 43.06, Price: $66499.00
2026-03-31 23:55:18 [INFO] No signal (neutral/bearish, flat)
2026-03-31 23:55:18 [INFO] Sleeping for 60 seconds...
2026-03-31 23:56:18 [INFO] Current RSI: 42.58, Price: $66444.00
2026-03-31 23:56:18 [INFO] No signal (neutral/bearish, flat)
2026-03-31 23:56:18 [INFO] Sleeping for 60 seconds...
2026-03-31 23:57:18 [INFO] Current RSI: 43.62, Price: $66562.00
2026-03-31 23:57:18 [INFO] No signal (neutral/bearish, flat)
2026-03-31 23:57:18 [INFO] Sleeping for 60 seconds...
2026-03-31 23:58:19 [INFO] Current RSI: 43.69, Price: $66570.00
2026-03-31 23:58:19 [INFO] No signal (neutral/bearish, flat)
2026-03-31 23:58:19 [INFO] Sleeping for 60 seconds...
2026-03-31 23:59:19 [INFO] Current RSI: 43.79, Price: $66580.00
2026-03-31 23:59:19 [INFO] No signal (neutral/bearish, flat)
2026-03-31 23:59:19 [INFO] Sleeping for 60 seconds...
2026-04-01 00:00:19 [INFO] Current RSI: 34.27, Price: $66606.00
2026-04-01 00:00:19 [INFO] No signal (neutral/bearish, flat)
2026-04-01 00:00:19 [INFO] Sleeping for 60 seconds...
2026-04-01 00:01:19 [INFO] Current RSI: 34.19, Price: $66601.00
2026-04-01 00:01:19 [INFO] No signal (neutral/bearish, flat)
2026-04-01 00:01:19 [INFO] Sleeping for 60 seconds...
2026-04-01 00:02:19 [INFO] Current RSI: 36.38, Price: $66743.00
2026-04-01 00:02:19 [INFO] No signal (neutral/bearish, flat)
2026-04-01 00:02:19 [INFO] Sleeping for 60 seconds...
2026-04-01 00:03:19 [INFO] Current RSI: 35.97, Price: $66716.00
2026-04-01 00:03:19 [INFO] No signal (neutral/bearish, flat)
2026-04-01 00:03:19 [INFO] Sleeping for 60 seconds...
2026-04-01 00:04:19 [INFO] Current RSI: 36.45, Price: $66748.00
2026-04-01 00:04:19 [INFO] No signal (neutral/bearish, flat)
2026-04-01 00:04:19 [INFO] Sleeping for 60 seconds...
2026-04-01 00:05:19 [INFO] Current RSI: 36.52, Price: $66753.00
2026-04-01 00:05:19 [INFO] No signal (neutral/bearish, flat)
2026-04-01 00:05:19 [INFO] Sleeping for 60 seconds...
2026-04-01 00:06:19 [INFO] Current RSI: 38.45, Price: $66887.00
2026-04-01 00:06:19 [INFO] No signal (neutral/bearish, flat)
2026-04-01 00:06:19 [INFO] Sleeping for 60 seconds...
2026-04-01 00:07:19 [INFO] Current RSI: 39.87, Price: $66992.00
2026-04-01 00:07:19 [INFO] No signal (neutral/bearish, flat)
2026-04-01 00:07:19 [INFO] Sleeping for 60 seconds...
2026-04-01 00:08:19 [INFO] Current RSI: 39.63, Price: $66974.00
2026-04-01 00:08:19 [INFO] No signal (neutral/bearish, flat)
2026-04-01 00:08:19 [INFO] Sleeping for 60 seconds...
2026-04-01 00:09:20 [INFO] Current RSI: 38.01, Price: $66856.00
2026-04-01 00:09:20 [INFO] No signal (neutral/bearish, flat)
2026-04-01 00:09:20 [INFO] Sleeping for 60 seconds...
2026-04-01 00:10:20 [INFO] Current RSI: 39.09, Price: $66934.00
2026-04-01 00:10:20 [INFO] No signal (neutral/bearish, flat)
2026-04-01 00:10:20 [INFO] Sleeping for 60 seconds...
2026-04-01 00:11:20 [INFO] Current RSI: 40.54, Price: $67043.00
2026-04-01 00:11:20 [INFO] No signal (neutral/bearish, flat)
2026-04-01 00:11:20 [INFO] Sleeping for 60 seconds...
2026-04-01 00:12:20 [INFO] Current RSI: 41.45, Price: $67114.00
2026-04-01 00:12:20 [INFO] No signal (neutral/bearish, flat)
2026-04-01 00:12:20 [INFO] Sleeping for 60 seconds...
2026-04-01 00:13:20 [INFO] Current RSI: 41.31, Price: $67103.00
2026-04-01 00:13:20 [INFO] No signal (neutral/bearish, flat)
2026-04-01 00:13:20 [INFO] Sleeping for 60 seconds...
2026-04-01 00:14:20 [INFO] Current RSI: 43.05, Price: $67245.00
2026-04-01 00:14:20 [INFO] No signal (neutral/bearish, flat)
2026-04-01 00:14:20 [INFO] Sleeping for 60 seconds...
2026-04-01 00:15:20 [INFO] Current RSI: 42.06, Price: $67163.00
2026-04-01 00:15:20 [INFO] No signal (neutral/bearish, flat)
2026-04-01 00:15:20 [INFO] Sleeping for 60 seconds...
2026-04-01 00:16:20 [INFO] Current RSI: 42.14, Price: $67170.00
2026-04-01 00:16:20 [INFO] No signal (neutral/bearish, flat)
2026-04-01 00:16:20 [INFO] Sleeping for 60 seconds...
2026-04-01 00:17:21 [INFO] Current RSI: 40.99, Price: $67078.00
2026-04-01 00:17:21 [INFO] No signal (neutral/bearish, flat)
2026-04-01 00:17:21 [INFO] Sleeping for 60 seconds...
2026-04-01 00:18:21 [INFO] Current RSI: 41.91, Price: $67151.00
2026-04-01 00:18:21 [INFO] No signal (neutral/bearish, flat)
2026-04-01 00:18:21 [INFO] Sleeping for 60 seconds...
2026-04-01 00:19:21 [INFO] Current RSI: 41.54, Price: $67121.00
2026-04-01 00:19:21 [INFO] No signal (neutral/bearish, flat)
2026-04-01 00:19:21 [INFO] Sleeping for 60 seconds...
2026-04-01 00:20:21 [INFO] Current RSI: 41.00, Price: $67079.00
2026-04-01 00:20:21 [INFO] No signal (neutral/bearish, flat)
2026-04-01 00:20:21 [INFO] Sleeping for 60 seconds...
2026-04-01 00:21:21 [INFO] Current RSI: 41.17, Price: $67092.00
2026-04-01 00:21:21 [INFO] No signal (neutral/bearish, flat)
2026-04-01 00:21:21 [INFO] Sleeping for 60 seconds...
2026-04-01 00:22:21 [INFO] Current RSI: 41.91, Price: $67151.00
2026-04-01 00:22:21 [INFO] No signal (neutral/bearish, flat)
2026-04-01 00:22:21 [INFO] Sleeping for 60 seconds...
2026-04-01 00:23:21 [INFO] Current RSI: 42.51, Price: $67200.00
2026-04-01 00:23:21 [INFO] No signal (neutral/bearish, flat)
2026-04-01 00:23:21 [INFO] Sleeping for 60 seconds...
2026-04-01 00:24:21 [INFO] Current RSI: 42.84, Price: $67227.00
2026-04-01 00:24:21 [INFO] No signal (neutral/bearish, flat)
2026-04-01 00:24:21 [INFO] Sleeping for 60 seconds...
2026-04-01 00:25:21 [INFO] Current RSI: 42.64, Price: $67211.00
2026-04-01 00:25:21 [INFO] No signal (neutral/bearish, flat)
2026-04-01 00:25:21 [INFO] Sleeping for 60 seconds...
2026-04-01 00:26:21 [INFO] Current RSI: 41.77, Price: $67140.00
2026-04-01 00:26:21 [INFO] No signal (neutral/bearish, flat)
2026-04-01 00:26:21 [INFO] Sleeping for 60 seconds...
2026-04-01 00:27:22 [INFO] Current RSI: 40.55, Price: $67044.00
2026-04-01 00:27:22 [INFO] No signal (neutral/bearish, flat)
2026-04-01 00:27:22 [INFO] Sleeping for 60 seconds...
2026-04-01 00:28:22 [INFO] Current RSI: 39.93, Price: $66996.00
2026-04-01 00:28:22 [INFO] No signal (neutral/bearish, flat)
2026-04-01 00:28:22 [INFO] Sleeping for 60 seconds...
2026-04-01 00:29:22 [INFO] Current RSI: 38.40, Price: $66884.00
2026-04-01 00:29:22 [INFO] No signal (neutral/bearish, flat)
2026-04-01 00:29:22 [INFO] Sleeping for 60 seconds...
2026-04-01 00:30:22 [INFO] Current RSI: 37.96, Price: $66852.00
2026-04-01 00:30:22 [INFO] No signal (neutral/bearish, flat)
2026-04-01 00:30:22 [INFO] Sleeping for 60 seconds...
2026-04-01 00:31:22 [INFO] Current RSI: 38.93, Price: $66922.00
2026-04-01 00:31:22 [INFO] No signal (neutral/bearish, flat)
2026-04-01 00:31:22 [INFO] Sleeping for 60 seconds...
2026-04-01 00:32:22 [INFO] Current RSI: 39.74, Price: $66982.00
2026-04-01 00:32:22 [INFO] No signal (neutral/bearish, flat)
2026-04-01 00:32:22 [INFO] Sleeping for 60 seconds...
2026-04-01 00:33:22 [INFO] Current RSI: 39.24, Price: $66945.00
2026-04-01 00:33:22 [INFO] No signal (neutral/bearish, flat)
2026-04-01 00:33:22 [INFO] Sleeping for 60 seconds...
2026-04-01 00:34:22 [INFO] Current RSI: 39.09, Price: $66934.00
2026-04-01 00:34:22 [INFO] No signal (neutral/bearish, flat)
2026-04-01 00:34:22 [INFO] Sleeping for 60 seconds...
2026-04-01 00:35:22 [INFO] Current RSI: 39.63, Price: $66974.00
2026-04-01 00:35:22 [INFO] No signal (neutral/bearish, flat)
2026-04-01 00:35:22 [INFO] Sleeping for 60 seconds...
2026-04-01 00:36:22 [INFO] Current RSI: 40.10, Price: $67009.00
2026-04-01 00:36:22 [INFO] No signal (neutral/bearish, flat)
2026-04-01 00:36:22 [INFO] Sleeping for 60 seconds...
2026-04-01 00:37:22 [INFO] Current RSI: 40.54, Price: $67043.00
2026-04-01 00:37:22 [INFO] No signal (neutral/bearish, flat)
2026-04-01 00:37:22 [INFO] Sleeping for 60 seconds...
2026-04-01 00:38:23 [INFO] Current RSI: 41.26, Price: $67099.00
2026-04-01 00:38:23 [INFO] No signal (neutral/bearish, flat)
2026-04-01 00:38:23 [INFO] Sleeping for 60 seconds...
2026-04-01 00:39:23 [INFO] Current RSI: 40.32, Price: $67026.00
2026-04-01 00:39:23 [INFO] No signal (neutral/bearish, flat)
2026-04-01 00:39:23 [INFO] Sleeping for 60 seconds...
2026-04-01 00:40:23 [INFO] Current RSI: 39.96, Price: $66999.00
2026-04-01 00:40:23 [INFO] No signal (neutral/bearish, flat)
2026-04-01 00:40:23 [INFO] Sleeping for 60 seconds...
2026-04-01 00:41:23 [INFO] Current RSI: 39.42, Price: $66958.00
2026-04-01 00:41:23 [INFO] No signal (neutral/bearish, flat)
2026-04-01 00:41:23 [INFO] Sleeping for 60 seconds...
2026-04-01 00:42:23 [INFO] Current RSI: 39.46, Price: $66961.00
2026-04-01 00:42:23 [INFO] No signal (neutral/bearish, flat)
2026-04-01 00:42:23 [INFO] Sleeping for 60 seconds...
2026-04-01 00:43:23 [INFO] Current RSI: 39.47, Price: $66962.00
2026-04-01 00:43:23 [INFO] No signal (neutral/bearish, flat)
2026-04-01 00:43:23 [INFO] Sleeping for 60 seconds...
2026-04-01 00:44:23 [INFO] Current RSI: 38.21, Price: $66870.00
2026-04-01 00:44:23 [INFO] No signal (neutral/bearish, flat)
2026-04-01 00:44:23 [INFO] Sleeping for 60 seconds...
2026-04-01 00:45:23 [INFO] Current RSI: 38.31, Price: $66877.00
2026-04-01 00:45:23 [INFO] No signal (neutral/bearish, flat)
2026-04-01 00:45:23 [INFO] Sleeping for 60 seconds...
2026-04-01 00:46:23 [INFO] Current RSI: 37.74, Price: $66837.00
2026-04-01 00:46:23 [INFO] No signal (neutral/bearish, flat)
2026-04-01 00:46:23 [INFO] Sleeping for 60 seconds...
2026-04-01 00:47:23 [INFO] Current RSI: 38.78, Price: $66911.00
2026-04-01 00:47:23 [INFO] No signal (neutral/bearish, flat)
2026-04-01 00:47:23 [INFO] Sleeping for 60 seconds...
2026-04-01 00:48:23 [INFO] Current RSI: 38.47, Price: $66889.00
2026-04-01 00:48:23 [INFO] No signal (neutral/bearish, flat)
2026-04-01 00:48:23 [INFO] Sleeping for 60 seconds...
2026-04-01 00:49:23 [INFO] Current RSI: 38.90, Price: $66920.00
2026-04-01 00:49:23 [INFO] No signal (neutral/bearish, flat)
2026-04-01 00:49:23 [INFO] Sleeping for 60 seconds...
2026-04-01 00:50:23 [INFO] Current RSI: 38.65, Price: $66902.00
2026-04-01 00:50:23 [INFO] No signal (neutral/bearish, flat)
2026-04-01 00:50:23 [INFO] Sleeping for 60 seconds...
2026-04-01 00:51:23 [INFO] Current RSI: 39.55, Price: $66968.00
2026-04-01 00:51:23 [INFO] No signal (neutral/bearish, flat)
2026-04-01 00:51:23 [INFO] Sleeping for 60 seconds...
2026-04-01 00:52:24 [INFO] Current RSI: 39.95, Price: $66998.00
2026-04-01 00:52:24 [INFO] No signal (neutral/bearish, flat)
2026-04-01 00:52:24 [INFO] Sleeping for 60 seconds...
2026-04-01 00:53:24 [INFO] Current RSI: 39.44, Price: $66960.00
2026-04-01 00:53:24 [INFO] No signal (neutral/bearish, flat)
2026-04-01 00:53:24 [INFO] Sleeping for 60 seconds...
2026-04-01 00:54:24 [INFO] Current RSI: 39.07, Price: $66932.00
2026-04-01 00:54:24 [INFO] No signal (neutral/bearish, flat)
2026-04-01 00:54:24 [INFO] Sleeping for 60 seconds...
2026-04-01 00:55:24 [INFO] Current RSI: 39.26, Price: $66946.00
2026-04-01 00:55:24 [INFO] No signal (neutral/bearish, flat)
2026-04-01 00:55:24 [INFO] Sleeping for 60 seconds...
2026-04-01 00:56:24 [INFO] Current RSI: 39.30, Price: $66949.00
2026-04-01 00:56:24 [INFO] No signal (neutral/bearish, flat)
2026-04-01 00:56:24 [INFO] Sleeping for 60 seconds...
2026-04-01 00:57:24 [INFO] Current RSI: 36.75, Price: $66768.00
2026-04-01 00:57:24 [INFO] No signal (neutral/bearish, flat)
2026-04-01 00:57:24 [INFO] Sleeping for 60 seconds...
2026-04-01 00:58:24 [INFO] Current RSI: 36.24, Price: $66734.00
2026-04-01 00:58:24 [INFO] No signal (neutral/bearish, flat)
2026-04-01 00:58:24 [INFO] Sleeping for 60 seconds...
2026-04-01 00:59:24 [INFO] Current RSI: 35.66, Price: $66695.00
2026-04-01 00:59:24 [INFO] No signal (neutral/bearish, flat)
2026-04-01 00:59:24 [INFO] Sleeping for 60 seconds...
2026-04-01 01:00:24 [INFO] Current RSI: 36.03, Price: $66729.00
2026-04-01 01:00:24 [INFO] No signal (neutral/bearish, flat)
2026-04-01 01:00:24 [INFO] Sleeping for 60 seconds...
2026-04-01 01:01:24 [INFO] Current RSI: 37.61, Price: $66837.00
2026-04-01 01:01:24 [INFO] No signal (neutral/bearish, flat)
2026-04-01 01:01:24 [INFO] Sleeping for 60 seconds...
2026-04-01 01:02:25 [INFO] Current RSI: 38.45, Price: $66896.00
2026-04-01 01:02:25 [INFO] No signal (neutral/bearish, flat)
2026-04-01 01:02:25 [INFO] Sleeping for 60 seconds...
2026-04-01 01:03:25 [INFO] Current RSI: 37.71, Price: $66844.00
2026-04-01 01:03:25 [INFO] No signal (neutral/bearish, flat)
2026-04-01 01:03:25 [INFO] Sleeping for 60 seconds...
2026-04-01 01:04:25 [INFO] Current RSI: 37.18, Price: $66807.00
2026-04-01 01:04:25 [INFO] No signal (neutral/bearish, flat)
2026-04-01 01:04:25 [INFO] Sleeping for 60 seconds...
2026-04-01 01:05:25 [INFO] Current RSI: 37.40, Price: $66822.00
2026-04-01 01:05:25 [INFO] No signal (neutral/bearish, flat)
2026-04-01 01:05:25 [INFO] Sleeping for 60 seconds...
2026-04-01 01:06:26 [INFO] Current RSI: 37.24, Price: $66811.00
2026-04-01 01:06:26 [INFO] No signal (neutral/bearish, flat)
2026-04-01 01:06:26 [INFO] Sleeping for 60 seconds...
2026-04-01 01:07:26 [INFO] Current RSI: 38.42, Price: $66894.00
2026-04-01 01:07:26 [INFO] No signal (neutral/bearish, flat)
2026-04-01 01:07:26 [INFO] Sleeping for 60 seconds...
2026-04-01 01:08:26 [INFO] Current RSI: 39.21, Price: $66952.00
2026-04-01 01:08:26 [INFO] No signal (neutral/bearish, flat)
2026-04-01 01:08:26 [INFO] Sleeping for 60 seconds...
2026-04-01 01:09:26 [INFO] Current RSI: 38.93, Price: $66931.00
2026-04-01 01:09:26 [INFO] No signal (neutral/bearish, flat)
2026-04-01 01:09:26 [INFO] Sleeping for 60 seconds...
2026-04-01 01:10:26 [INFO] Current RSI: 38.86, Price: $66926.00
2026-04-01 01:10:26 [INFO] No signal (neutral/bearish, flat)
2026-04-01 01:10:26 [INFO] Sleeping for 60 seconds...
2026-04-01 01:11:26 [INFO] Current RSI: 37.28, Price: $66814.00
2026-04-01 01:11:26 [INFO] No signal (neutral/bearish, flat)
2026-04-01 01:11:26 [INFO] Sleeping for 60 seconds...
2026-04-01 01:12:26 [INFO] Current RSI: 36.36, Price: $66751.00
2026-04-01 01:12:26 [INFO] No signal (neutral/bearish, flat)
2026-04-01 01:12:26 [INFO] Sleeping for 60 seconds...
2026-04-01 01:13:27 [INFO] Current RSI: 37.14, Price: $66804.00
2026-04-01 01:13:27 [INFO] No signal (neutral/bearish, flat)
2026-04-01 01:13:27 [INFO] Sleeping for 60 seconds...
2026-04-01 01:14:27 [INFO] Current RSI: 38.18, Price: $66877.00
2026-04-01 01:14:27 [INFO] No signal (neutral/bearish, flat)
2026-04-01 01:14:27 [INFO] Sleeping for 60 seconds...
2026-04-01 01:15:27 [INFO] Current RSI: 38.42, Price: $66894.00
2026-04-01 01:15:27 [INFO] No signal (neutral/bearish, flat)
2026-04-01 01:15:27 [INFO] Sleeping for 60 seconds...
2026-04-01 01:16:27 [INFO] Current RSI: 39.83, Price: $66998.00
2026-04-01 01:16:27 [INFO] No signal (neutral/bearish, flat)
2026-04-01 01:16:27 [INFO] Sleeping for 60 seconds...
2026-04-01 01:17:27 [INFO] Current RSI: 39.57, Price: $66978.00
2026-04-01 01:17:27 [INFO] No signal (neutral/bearish, flat)
2026-04-01 01:17:27 [INFO] Sleeping for 60 seconds...
2026-04-01 01:18:28 [INFO] Current RSI: 39.47, Price: $66971.00
2026-04-01 01:18:28 [INFO] No signal (neutral/bearish, flat)
2026-04-01 01:18:28 [INFO] Sleeping for 60 seconds...
2026-04-01 01:19:28 [INFO] Current RSI: 39.40, Price: $66966.00
2026-04-01 01:19:28 [INFO] No signal (neutral/bearish, flat)
2026-04-01 01:19:28 [INFO] Sleeping for 60 seconds...
2026-04-01 01:20:28 [INFO] Current RSI: 39.38, Price: $66964.00
2026-04-01 01:20:28 [INFO] No signal (neutral/bearish, flat)
2026-04-01 01:20:28 [INFO] Sleeping for 60 seconds...
2026-04-01 01:21:28 [INFO] Current RSI: 39.46, Price: $66970.00
2026-04-01 01:21:28 [INFO] No signal (neutral/bearish, flat)
2026-04-01 01:21:28 [INFO] Sleeping for 60 seconds...
2026-04-01 01:22:28 [INFO] Current RSI: 40.06, Price: $67015.00
2026-04-01 01:22:28 [INFO] No signal (neutral/bearish, flat)
2026-04-01 01:22:28 [INFO] Sleeping for 60 seconds...
2026-04-01 01:23:28 [INFO] Current RSI: 39.74, Price: $66991.00
2026-04-01 01:23:28 [INFO] No signal (neutral/bearish, flat)
2026-04-01 01:23:28 [INFO] Sleeping for 60 seconds...
2026-04-01 01:24:28 [INFO] Current RSI: 40.07, Price: $67016.00
2026-04-01 01:24:28 [INFO] No signal (neutral/bearish, flat)
2026-04-01 01:24:28 [INFO] Sleeping for 60 seconds...
2026-04-01 01:25:28 [INFO] Current RSI: 41.23, Price: $67106.00
2026-04-01 01:25:28 [INFO] No signal (neutral/bearish, flat)
2026-04-01 01:25:28 [INFO] Sleeping for 60 seconds...
2026-04-01 01:26:28 [INFO] Current RSI: 41.44, Price: $67122.00
2026-04-01 01:26:28 [INFO] No signal (neutral/bearish, flat)
2026-04-01 01:26:28 [INFO] Sleeping for 60 seconds...
2026-04-01 01:27:28 [INFO] Current RSI: 41.03, Price: $67090.00
2026-04-01 01:27:28 [INFO] No signal (neutral/bearish, flat)
2026-04-01 01:27:28 [INFO] Sleeping for 60 seconds...
2026-04-01 01:28:28 [INFO] Current RSI: 41.49, Price: $67126.00
2026-04-01 01:28:28 [INFO] No signal (neutral/bearish, flat)
2026-04-01 01:28:28 [INFO] Sleeping for 60 seconds...
2026-04-01 01:29:28 [INFO] Current RSI: 40.81, Price: $67073.00
2026-04-01 01:29:28 [INFO] No signal (neutral/bearish, flat)
2026-04-01 01:29:28 [INFO] Sleeping for 60 seconds...
2026-04-01 01:30:28 [INFO] Current RSI: 40.53, Price: $67051.00
2026-04-01 01:30:28 [INFO] No signal (neutral/bearish, flat)
2026-04-01 01:30:28 [INFO] Sleeping for 60 seconds...
2026-04-01 01:31:29 [INFO] Current RSI: 40.49, Price: $67048.00
2026-04-01 01:31:29 [INFO] No signal (neutral/bearish, flat)
2026-04-01 01:31:29 [INFO] Sleeping for 60 seconds...
2026-04-01 01:32:29 [INFO] Current RSI: 40.85, Price: $67076.00
2026-04-01 01:32:29 [INFO] No signal (neutral/bearish, flat)
2026-04-01 01:32:29 [INFO] Sleeping for 60 seconds...
2026-04-01 01:33:29 [INFO] Current RSI: 40.89, Price: $67079.00
2026-04-01 01:33:29 [INFO] No signal (neutral/bearish, flat)
2026-04-01 01:33:29 [INFO] Sleeping for 60 seconds...
2026-04-01 01:34:29 [INFO] Current RSI: 40.79, Price: $67071.00
2026-04-01 01:34:29 [INFO] No signal (neutral/bearish, flat)
2026-04-01 01:34:29 [INFO] Sleeping for 60 seconds...
2026-04-01 01:35:29 [INFO] Current RSI: 39.69, Price: $66987.00
2026-04-01 01:35:29 [INFO] No signal (neutral/bearish, flat)
2026-04-01 01:35:29 [INFO] Sleeping for 60 seconds...
2026-04-01 01:36:29 [INFO] Current RSI: 39.58, Price: $66979.00
2026-04-01 01:36:29 [INFO] No signal (neutral/bearish, flat)
2026-04-01 01:36:29 [INFO] Sleeping for 60 seconds...
2026-04-01 01:37:30 [INFO] Current RSI: 41.11, Price: $67096.00
2026-04-01 01:37:30 [INFO] No signal (neutral/bearish, flat)
2026-04-01 01:37:30 [INFO] Sleeping for 60 seconds...
2026-04-01 01:38:30 [INFO] Current RSI: 42.34, Price: $67195.00
2026-04-01 01:38:30 [INFO] No signal (neutral/bearish, flat)
2026-04-01 01:38:30 [INFO] Sleeping for 60 seconds...
2026-04-01 01:39:30 [INFO] Current RSI: 43.58, Price: $67299.00
2026-04-01 01:39:30 [INFO] No signal (neutral/bearish, flat)
2026-04-01 01:39:30 [INFO] Sleeping for 60 seconds...
2026-04-01 01:40:30 [INFO] Current RSI: 47.98, Price: $67707.00
2026-04-01 01:40:30 [INFO] No signal (neutral/bearish, flat)
2026-04-01 01:40:30 [INFO] Sleeping for 60 seconds...
2026-04-01 01:41:30 [INFO] Current RSI: 49.69, Price: $67885.00
2026-04-01 01:41:30 [INFO] No signal (neutral/bearish, flat)
2026-04-01 01:41:30 [INFO] Sleeping for 60 seconds...
2026-04-01 01:42:30 [INFO] Current RSI: 49.38, Price: $67852.00
2026-04-01 01:42:30 [INFO] No signal (neutral/bearish, flat)
2026-04-01 01:42:30 [INFO] Sleeping for 60 seconds...
2026-04-01 01:43:30 [INFO] Current RSI: 50.44, Price: $67967.00
2026-04-01 01:43:30 [INFO] No signal (neutral/bearish, flat)
2026-04-01 01:43:30 [INFO] Sleeping for 60 seconds...
2026-04-01 01:44:30 [INFO] Current RSI: 48.31, Price: $67741.00
2026-04-01 01:44:30 [INFO] No signal (neutral/bearish, flat)
2026-04-01 01:44:30 [INFO] Sleeping for 60 seconds...
2026-04-01 01:45:31 [INFO] Current RSI: 47.55, Price: $67664.00
2026-04-01 01:45:31 [INFO] No signal (neutral/bearish, flat)
2026-04-01 01:45:31 [INFO] Sleeping for 60 seconds...
2026-04-01 01:46:31 [INFO] Current RSI: 47.19, Price: $67629.00
2026-04-01 01:46:31 [INFO] No signal (neutral/bearish, flat)
2026-04-01 01:46:31 [INFO] Sleeping for 60 seconds...
2026-04-01 01:47:31 [INFO] Current RSI: 46.41, Price: $67554.00
2026-04-01 01:47:31 [INFO] No signal (neutral/bearish, flat)
2026-04-01 01:47:31 [INFO] Sleeping for 60 seconds...
2026-04-01 01:48:31 [INFO] Current RSI: 45.94, Price: $67510.00
2026-04-01 01:48:31 [INFO] No signal (neutral/bearish, flat)
2026-04-01 01:48:31 [INFO] Sleeping for 60 seconds...
2026-04-01 01:49:31 [INFO] Current RSI: 46.80, Price: $67591.00
2026-04-01 01:49:31 [INFO] No signal (neutral/bearish, flat)
2026-04-01 01:49:31 [INFO] Sleeping for 60 seconds...
2026-04-01 01:50:31 [INFO] Current RSI: 47.05, Price: $67615.00
2026-04-01 01:50:31 [INFO] No signal (neutral/bearish, flat)
2026-04-01 01:50:31 [INFO] Sleeping for 60 seconds...
2026-04-01 01:51:31 [INFO] Current RSI: 48.11, Price: $67720.00
2026-04-01 01:51:31 [INFO] No signal (neutral/bearish, flat)
2026-04-01 01:51:31 [INFO] Sleeping for 60 seconds...
2026-04-01 01:52:31 [INFO] Current RSI: 47.35, Price: $67645.00
2026-04-01 01:52:31 [INFO] No signal (neutral/bearish, flat)
2026-04-01 01:52:31 [INFO] Sleeping for 60 seconds...
2026-04-01 01:53:53 [ERROR] Request error: ('Connection aborted.', RemoteDisconnected('Remote end closed connection without response'))
2026-04-01 01:53:53 [ERROR] Error fetching candles: ('Connection aborted.', RemoteDisconnected('Remote end closed connection without response'))
2026-04-01 01:53:53 [ERROR] No candle data available
2026-04-01 01:54:59 [ERROR] Request error: HTTPSConnectionPool(host='api.hyperliquid.xyz', port=443): Max retries exceeded with url: /info (Caused by NameResolutionError("HTTPSConnection(host='api.hyperliquid.xyz', port=443): Failed to resolve 'api.hyperliquid.xyz' ([Errno 11001] getaddrinfo failed)"))
2026-04-01 01:54:59 [ERROR] Error fetching candles: HTTPSConnectionPool(host='api.hyperliquid.xyz', port=443): Max retries exceeded with url: /info (Caused by NameResolutionError("HTTPSConnection(host='api.hyperliquid.xyz', port=443): Failed to resolve 'api.hyperliquid.xyz' ([Errno 11001] getaddrinfo failed)"))
2026-04-01 01:54:59 [ERROR] No candle data available
2026-04-01 01:56:10 [ERROR] Request error: HTTPSConnectionPool(host='api.hyperliquid.xyz', port=443): Max retries exceeded with url: /info (Caused by NameResolutionError("HTTPSConnection(host='api.hyperliquid.xyz', port=443): Failed to resolve 'api.hyperliquid.xyz' ([Errno 11001] getaddrinfo failed)"))
2026-04-01 01:56:10 [ERROR] Error fetching candles: HTTPSConnectionPool(host='api.hyperliquid.xyz', port=443): Max retries exceeded with url: /info (Caused by NameResolutionError("HTTPSConnection(host='api.hyperliquid.xyz', port=443): Failed to resolve 'api.hyperliquid.xyz' ([Errno 11001] getaddrinfo failed)"))
2026-04-01 01:56:10 [ERROR] No candle data available
2026-04-01 01:57:21 [ERROR] Request error: HTTPSConnectionPool(host='api.hyperliquid.xyz', port=443): Max retries exceeded with url: /info (Caused by NameResolutionError("HTTPSConnection(host='api.hyperliquid.xyz', port=443): Failed to resolve 'api.hyperliquid.xyz' ([Errno 11001] getaddrinfo failed)"))
2026-04-01 01:57:21 [ERROR] Error fetching candles: HTTPSConnectionPool(host='api.hyperliquid.xyz', port=443): Max retries exceeded with url: /info (Caused by NameResolutionError("HTTPSConnection(host='api.hyperliquid.xyz', port=443): Failed to resolve 'api.hyperliquid.xyz' ([Errno 11001] getaddrinfo failed)"))
2026-04-01 01:57:21 [ERROR] No candle data available
