{"timestamp": "2026-04-02T21:19:55.647087", "message": "Trader process started"}
2026-04-02 21:19:55 [INFO] ======================================================================
2026-04-02 21:19:55 [INFO]  BTC/USDT 4H ADAPTIVE RSI v5 - LIVE TRADER
2026-04-02 21:19:55 [INFO] ======================================================================
2026-04-02 21:19:55 [INFO] Python version: 3.10.11 (tags/v3.10.11:7d4cc5a, Apr  5 2023, 00:38:17) [MSC v.1929 64 bit (AMD64)]
2026-04-02 21:19:55 [INFO] Working directory: C:\Users\user\Desktop\cursor\trade
2026-04-02 21:19:55 [INFO] Script file: C:\Users\user\Desktop\cursor\trade\hl_trader_v6.py
2026-04-02 21:19:55 [INFO] Log file: C:\Users\user\Desktop\cursor\trade\trader_20260402_211955.log
2026-04-02 21:19:55 [INFO] ======================================================================
2026-04-02 21:19:55 [INFO] Test message: Trader is running
2026-04-02 21:19:57 [INFO] Live trading 有効化: env=mainnet, address=0x8455b70a5a0d942eb9a1598a0e9e1214a3b31b55
2026-04-02 21:19:57 [INFO] Initialized trader for BTC with 1h timeframe
2026-04-02 21:19:57 [INFO] RSI settings: period=14, overbought=60, oversold=30
2026-04-02 21:19:57 [INFO] Trader initialized successfully
2026-04-02 21:19:57 [INFO] Starting trading loop (live mode)...
2026-04-02 21:19:57 [INFO] Current RSI: 25.77, Price: $66033.00
2026-04-02 21:19:57 [INFO] [LIVE] Placing BUY: coin=BTC, qty=0.007600, price=$66033.00, order_type={'limit': {}}
2026-04-02 21:19:57 [INFO] [DEBUG] BUY order params: name=BTC, is_buy=True, sz=0.0076, limit_px=66033.0, order_type={'limit': {}}, reduce_only=False
2026-04-02 21:19:57 [ERROR] [LIVE] BUY order failed: (422, None, 'Failed to deserialize the JSON body into the target type', None, {'Content-Type': 'text/plain; charset=utf-8', 'Content-Length': '56', 'Connection': 'keep-alive', 'Server': 'nginx/1.22.1', 'Date': 'Thu, 02 Apr 2026 12:19:56 GMT', 'access-control-allow-origin': '*', 'vary': 'origin, access-control-request-method, access-control-request-headers', 'access-control-expose-headers': '*', 'X-Cache': 'Error from cloudfront', 'Via': '1.1 e1eaef9dc56485b98a2fec983e90c482.cloudfront.net (CloudFront)', 'X-Amz-Cf-Pop': 'NRT57-P7', 'X-Amz-Cf-Id': 'MVmp9-33S9NR86VzTrBuP1Xyyu-17tvoQBiw1O3QheOH7df5UcJgrQ=='})
2026-04-02 21:19:57 [ERROR] [LIVE] BUY traceback: Traceback (most recent call last):
  File "C:\Users\user\AppData\Local\Programs\Python\Python310\lib\site-packages\hyperliquid\api.py", line 36, in _handle_exception
    err = json.loads(response.text)
  File "C:\Users\user\AppData\Local\Programs\Python\Python310\lib\json\__init__.py", line 346, in loads
    return _default_decoder.decode(s)
  File "C:\Users\user\AppData\Local\Programs\Python\Python310\lib\json\decoder.py", line 337, in decode
    obj, end = self.raw_decode(s, idx=_w(s, 0).end())
  File "C:\Users\user\AppData\Local\Programs\Python\Python310\lib\json\decoder.py", line 355, in raw_decode
    raise JSONDecodeError("Expecting value", s, err.value) from None
json.decoder.JSONDecodeError: Expecting value: line 1 column 1 (char 0)

During handling of the above exception, another exception occurred:

Traceback (most recent call last):
  File "C:\Users\user\Desktop\cursor\trade\hl_trader_v6.py", line 401, in run
    resp = self.exchange.order(
  File "C:\Users\user\AppData\Local\Programs\Python\Python310\lib\site-packages\hyperliquid\exchange.py", line 141, in order
    return self.bulk_orders([order], builder)
  File "C:\Users\user\AppData\Local\Programs\Python\Python310\lib\site-packages\hyperliquid\exchange.py", line 164, in bulk_orders
    return self._post_action(
  File "C:\Users\user\AppData\Local\Programs\Python\Python310\lib\site-packages\hyperliquid\exchange.py", line 90, in _post_action
    return self.post("/exchange", payload)
  File "C:\Users\user\AppData\Local\Programs\Python\Python310\lib\site-packages\hyperliquid\api.py", line 24, in post
    self._handle_exception(response)
  File "C:\Users\user\AppData\Local\Programs\Python\Python310\lib\site-packages\hyperliquid\api.py", line 38, in _handle_exception
    raise ClientError(status_code, None, response.text, None, response.headers)
hyperliquid.utils.error.ClientError: (422, None, 'Failed to deserialize the JSON body into the target type', None, {'Content-Type': 'text/plain; charset=utf-8', 'Content-Length': '56', 'Connection': 'keep-alive', 'Server': 'nginx/1.22.1', 'Date': 'Thu, 02 Apr 2026 12:19:56 GMT', 'access-control-allow-origin': '*', 'vary': 'origin, access-control-request-method, access-control-request-headers', 'access-control-expose-headers': '*', 'X-Cache': 'Error from cloudfront', 'Via': '1.1 e1eaef9dc56485b98a2fec983e90c482.cloudfront.net (CloudFront)', 'X-Amz-Cf-Pop': 'NRT57-P7', 'X-Amz-Cf-Id': 'MVmp9-33S9NR86VzTrBuP1Xyyu-17tvoQBiw1O3QheOH7df5UcJgrQ=='})

2026-04-02 21:19:57 [INFO] Sleeping for 60 seconds...
2026-04-02 21:20:57 [INFO] Current RSI: 25.42, Price: $65975.00
2026-04-02 21:20:57 [INFO] [LIVE] Placing BUY: coin=BTC, qty=0.007600, price=$65975.00, order_type={'limit': {}}
2026-04-02 21:20:57 [INFO] [DEBUG] BUY order params: name=BTC, is_buy=True, sz=0.0076, limit_px=65975.0, order_type={'limit': {}}, reduce_only=False
2026-04-02 21:20:57 [ERROR] [LIVE] BUY order failed: (422, None, 'Failed to deserialize the JSON body into the target type', None, {'Content-Type': 'text/plain; charset=utf-8', 'Content-Length': '56', 'Connection': 'keep-alive', 'Server': 'nginx/1.22.1', 'Date': 'Thu, 02 Apr 2026 12:20:56 GMT', 'access-control-allow-origin': '*', 'vary': 'origin, access-control-request-method, access-control-request-headers', 'access-control-expose-headers': '*', 'X-Cache': 'Error from cloudfront', 'Via': '1.1 e1eaef9dc56485b98a2fec983e90c482.cloudfront.net (CloudFront)', 'X-Amz-Cf-Pop': 'NRT57-P7', 'X-Amz-Cf-Id': 't4E0vffL1pgdG_6RlhvQn7CsW0UmUlQ4rxQRDUj9b8immX1lh3oZag=='})
2026-04-02 21:20:57 [ERROR] [LIVE] BUY traceback: Traceback (most recent call last):
  File "C:\Users\user\AppData\Local\Programs\Python\Python310\lib\site-packages\hyperliquid\api.py", line 36, in _handle_exception
    err = json.loads(response.text)
  File "C:\Users\user\AppData\Local\Programs\Python\Python310\lib\json\__init__.py", line 346, in loads
    return _default_decoder.decode(s)
  File "C:\Users\user\AppData\Local\Programs\Python\Python310\lib\json\decoder.py", line 337, in decode
    obj, end = self.raw_decode(s, idx=_w(s, 0).end())
  File "C:\Users\user\AppData\Local\Programs\Python\Python310\lib\json\decoder.py", line 355, in raw_decode
    raise JSONDecodeError("Expecting value", s, err.value) from None
json.decoder.JSONDecodeError: Expecting value: line 1 column 1 (char 0)

During handling of the above exception, another exception occurred:

Traceback (most recent call last):
  File "C:\Users\user\Desktop\cursor\trade\hl_trader_v6.py", line 401, in run
    resp = self.exchange.order(
  File "C:\Users\user\AppData\Local\Programs\Python\Python310\lib\site-packages\hyperliquid\exchange.py", line 141, in order
    return self.bulk_orders([order], builder)
  File "C:\Users\user\AppData\Local\Programs\Python\Python310\lib\site-packages\hyperliquid\exchange.py", line 164, in bulk_orders
    return self._post_action(
  File "C:\Users\user\AppData\Local\Programs\Python\Python310\lib\site-packages\hyperliquid\exchange.py", line 90, in _post_action
    return self.post("/exchange", payload)
  File "C:\Users\user\AppData\Local\Programs\Python\Python310\lib\site-packages\hyperliquid\api.py", line 24, in post
    self._handle_exception(response)
  File "C:\Users\user\AppData\Local\Programs\Python\Python310\lib\site-packages\hyperliquid\api.py", line 38, in _handle_exception
    raise ClientError(status_code, None, response.text, None, response.headers)
hyperliquid.utils.error.ClientError: (422, None, 'Failed to deserialize the JSON body into the target type', None, {'Content-Type': 'text/plain; charset=utf-8', 'Content-Length': '56', 'Connection': 'keep-alive', 'Server': 'nginx/1.22.1', 'Date': 'Thu, 02 Apr 2026 12:20:56 GMT', 'access-control-allow-origin': '*', 'vary': 'origin, access-control-request-method, access-control-request-headers', 'access-control-expose-headers': '*', 'X-Cache': 'Error from cloudfront', 'Via': '1.1 e1eaef9dc56485b98a2fec983e90c482.cloudfront.net (CloudFront)', 'X-Amz-Cf-Pop': 'NRT57-P7', 'X-Amz-Cf-Id': 't4E0vffL1pgdG_6RlhvQn7CsW0UmUlQ4rxQRDUj9b8immX1lh3oZag=='})

2026-04-02 21:20:57 [INFO] Sleeping for 60 seconds...
2026-04-02 21:21:32 [INFO] Trading loop stopped by user
2026-04-02 21:21:32 [INFO] Trader stopped by user
2026-04-02 21:21:32 [INFO] Test message: Trader is running
2026-04-02 21:21:32 [INFO] DEBUG: Starting live trading mode...
2026-04-02 21:21:32 [INFO] Initialized trader for BTC with 1h timeframe
2026-04-02 21:21:32 [INFO] RSI settings: period=14, overbought=60, oversold=30
2026-04-02 21:21:32 [INFO] Trader initialized successfully
2026-04-02 21:21:32 [INFO] Starting trading loop (paper mode)...
2026-04-02 21:21:32 [INFO] Current RSI: 25.27, Price: $65950.00
2026-04-02 21:21:32 [INFO] [PAPER] BUY signal: RSI 25.27 <= 30 (paper position opened, no real order sent)
2026-04-02 21:21:32 [INFO] Sleeping for 60 seconds...
2026-04-02 21:21:32 [INFO] Trading loop stopped by user
