{"timestamp": "2026-04-02T22:07:29.596502", "message": "Trader process started"}
2026-04-02 22:07:29 [INFO] ======================================================================
2026-04-02 22:07:29 [INFO]  BTC/USDT 4H ADAPTIVE RSI v5 - LIVE TRADER
2026-04-02 22:07:29 [INFO] ======================================================================
2026-04-02 22:07:29 [INFO] Python version: 3.10.11 (tags/v3.10.11:7d4cc5a, Apr  5 2023, 00:38:17) [MSC v.1929 64 bit (AMD64)]
2026-04-02 22:07:29 [INFO] Working directory: C:\Users\user\Desktop\cursor\trade
2026-04-02 22:07:29 [INFO] Script file: C:\Users\user\Desktop\cursor\trade\hl_trader_v6.py
2026-04-02 22:07:29 [INFO] Log file: C:\Users\user\Desktop\cursor\trade\trader_20260402_220729.log
2026-04-02 22:07:29 [INFO] ======================================================================
2026-04-02 22:07:29 [INFO] Test message: Trader is running
2026-04-02 22:07:30 [INFO] [DEBUG] Secret key length: 66
2026-04-02 22:07:30 [INFO] [DEBUG] Account address: 0xE2Ce93147a19c5b8B1dd222499dE0A56987E1188
2026-04-02 22:07:30 [INFO] [DEBUG] Derived account address: 0xE2Ce93147a19c5b8B1dd222499dE0A56987E1188
2026-04-02 22:07:30 [INFO] [DEBUG] Using account address: 0xE2Ce93147a19c5b8B1dd222499dE0A56987E1188
2026-04-02 22:07:30 [INFO] Live trading 有効化: env=mainnet, address=0xE2Ce93147a19c5b8B1dd222499dE0A56987E1188
2026-04-02 22:07:30 [INFO] Initialized trader for BTC with 1h timeframe
2026-04-02 22:07:30 [INFO] RSI settings: period=14, overbought=60, oversold=30
2026-04-02 22:07:30 [INFO] Trader initialized successfully
2026-04-02 22:07:30 [INFO] Starting trading loop (live mode)...
2026-04-02 22:07:30 [INFO] Current RSI: 26.70, Price: $66071.00
2026-04-02 22:07:30 [INFO] [LIVE] Placing BUY: coin=BTC, qty=0.0075, price=$66071.00, order_type={'limit': {'tif': 'Ioc'}}
2026-04-02 22:07:31 [INFO] [LIVE] BUY order response: {'status': 'ok', 'response': {'type': 'order', 'data': {'statuses': [{'error': 'Order could not immediately match against any resting orders. asset=0'}]}}}
2026-04-02 22:07:31 [INFO] Sleeping for 60 seconds...
2026-04-02 22:08:31 [INFO] Current RSI: 26.44, Price: $66056.00
2026-04-02 22:08:31 [INFO] Holding position (no sell signal)
2026-04-02 22:08:31 [INFO] Sleeping for 60 seconds...
2026-04-02 22:09:31 [INFO] Current RSI: 25.52, Price: $65995.00
2026-04-02 22:09:31 [INFO] Holding position (no sell signal)
2026-04-02 22:09:31 [INFO] Sleeping for 60 seconds...
2026-04-02 22:10:31 [INFO] Current RSI: 25.48, Price: $65988.00
2026-04-02 22:10:31 [INFO] Holding position (no sell signal)
2026-04-02 22:10:31 [INFO] Sleeping for 60 seconds...
2026-04-02 22:11:31 [INFO] Current RSI: 25.42, Price: $65978.00
2026-04-02 22:11:31 [INFO] Holding position (no sell signal)
2026-04-02 22:11:31 [INFO] Sleeping for 60 seconds...
2026-04-02 22:12:31 [INFO] Current RSI: 25.33, Price: $65963.00
2026-04-02 22:12:31 [INFO] Holding position (no sell signal)
2026-04-02 22:12:31 [INFO] Sleeping for 60 seconds...
2026-04-02 22:13:31 [INFO] Current RSI: 25.43, Price: $65980.00
2026-04-02 22:13:31 [INFO] Holding position (no sell signal)
2026-04-02 22:13:31 [INFO] Sleeping for 60 seconds...
2026-04-02 22:14:31 [INFO] Current RSI: 25.46, Price: $65985.00
2026-04-02 22:14:31 [INFO] Holding position (no sell signal)
2026-04-02 22:14:31 [INFO] Sleeping for 60 seconds...
2026-04-02 22:15:32 [INFO] Current RSI: 25.13, Price: $65928.00
2026-04-02 22:15:32 [INFO] Holding position (no sell signal)
2026-04-02 22:15:32 [INFO] Sleeping for 60 seconds...
2026-04-02 22:16:32 [INFO] Current RSI: 25.38, Price: $65971.00
2026-04-02 22:16:32 [INFO] Holding position (no sell signal)
2026-04-02 22:16:32 [INFO] Sleeping for 60 seconds...
2026-04-02 22:17:32 [INFO] Current RSI: 25.13, Price: $65928.00
2026-04-02 22:17:32 [INFO] Holding position (no sell signal)
2026-04-02 22:17:32 [INFO] Sleeping for 60 seconds...
2026-04-02 22:18:32 [INFO] Current RSI: 24.93, Price: $65893.00
2026-04-02 22:18:32 [INFO] Holding position (no sell signal)
2026-04-02 22:18:32 [INFO] Sleeping for 60 seconds...
2026-04-02 22:19:32 [INFO] Current RSI: 24.94, Price: $65895.00
2026-04-02 22:19:32 [INFO] Holding position (no sell signal)
2026-04-02 22:19:32 [INFO] Sleeping for 60 seconds...
