{"timestamp": "2026-04-02T20:24:03.325109", "message": "Trader process started"}
2026-04-02 20:24:03 [INFO] ======================================================================
2026-04-02 20:24:03 [INFO]  BTC/USDT 4H ADAPTIVE RSI v5 - LIVE TRADER
2026-04-02 20:24:03 [INFO] ======================================================================
2026-04-02 20:24:03 [INFO] Python version: 3.10.11 (tags/v3.10.11:7d4cc5a, Apr  5 2023, 00:38:17) [MSC v.1929 64 bit (AMD64)]
2026-04-02 20:24:03 [INFO] Working directory: C:\Users\user\Desktop\cursor\trade
2026-04-02 20:24:03 [INFO] Script file: C:\Users\user\Desktop\cursor\trade\hl_trader_v6.py
2026-04-02 20:24:03 [INFO] Log file: C:\Users\user\Desktop\cursor\trade\trader_20260402_202403.log
2026-04-02 20:24:03 [INFO] ======================================================================
2026-04-02 20:24:03 [INFO] Test message: Trader is running
2026-04-02 20:24:03 [INFO] Initialized trader for BTC with 1h timeframe
2026-04-02 20:24:03 [INFO] RSI settings: period=14, overbought=60, oversold=30
2026-04-02 20:24:03 [INFO] Trader initialized successfully
2026-04-02 20:24:03 [INFO] Starting trading loop (paper mode)...
2026-04-02 20:24:03 [INFO] Current RSI: 26.66, Price: $66411.00
2026-04-02 20:24:03 [INFO] [PAPER] BUY signal: RSI 26.66 <= 30 (paper position opened, no real order sent)
2026-04-02 20:24:03 [INFO] Sleeping for 60 seconds...
2026-04-02 20:25:03 [INFO] Current RSI: 26.66, Price: $66411.00
2026-04-02 20:25:03 [INFO] Holding position (no sell signal)
2026-04-02 20:25:03 [INFO] Sleeping for 60 seconds...
2026-04-02 20:26:03 [INFO] Current RSI: 26.50, Price: $66386.00
2026-04-02 20:26:03 [INFO] Holding position (no sell signal)
2026-04-02 20:26:03 [INFO] Sleeping for 60 seconds...
2026-04-02 20:27:03 [INFO] Current RSI: 26.59, Price: $66399.00
2026-04-02 20:27:03 [INFO] Holding position (no sell signal)
2026-04-02 20:27:03 [INFO] Sleeping for 60 seconds...
