{"timestamp": "2026-04-10T17:26:17.083218", "message": "Trader process started"}
2026-04-10 17:26:17 [INFO] ======================================================================
2026-04-10 17:26:17 [INFO]  BTC/USDT 4H ADAPTIVE RSI v5 - LIVE TRADER
2026-04-10 17:26:17 [INFO] ======================================================================
2026-04-10 17:26:17 [INFO] Python version: 3.10.11 (tags/v3.10.11:7d4cc5a, Apr  5 2023, 00:38:17) [MSC v.1929 64 bit (AMD64)]
2026-04-10 17:26:17 [INFO] Working directory: C:\Users\user\Desktop\cursor\trade
2026-04-10 17:26:17 [INFO] Script file: C:\Users\user\Desktop\cursor\trade\hl_trader_v6.py
2026-04-10 17:26:17 [INFO] Log file: C:\Users\user\Desktop\cursor\trade\trader_20260410_172617.log
2026-04-10 17:26:17 [INFO] ======================================================================
2026-04-10 17:26:17 [INFO] Test message: Trader is running
2026-04-10 17:26:19 [INFO] [DEBUG] Secret key length: 66
2026-04-10 17:26:19 [INFO] [DEBUG] Account address: 0x7dd9f0C23Fb61CA3f36B8414306310F963093c12
2026-04-10 17:26:19 [INFO] [DEBUG] Derived account address: 0xF8b04CEbEc49EFFdE2c9d8C65a3268e875CB3332
2026-04-10 17:26:19 [INFO] [DEBUG] Using account address: 0x7dd9f0C23Fb61CA3f36B8414306310F963093c12
2026-04-10 17:26:19 [INFO] Live trading 有効化: env=mainnet, address=0x7dd9f0C23Fb61CA3f36B8414306310F963093c12
2026-04-10 17:26:19 [INFO] Initialized trader for BTC with 4h timeframe
2026-04-10 17:26:19 [INFO] RSI settings: period=14, overbought=70, oversold=30
2026-04-10 17:26:19 [INFO] Trader initialized successfully
2026-04-10 17:26:19 [INFO] Starting trading loop (live mode)...
2026-04-10 17:26:20 [INFO] Current RSI: 55.62, Price: $71652.00
2026-04-10 17:26:20 [INFO] No signal (neutral/bearish, flat)
2026-04-10 17:26:20 [INFO] Sleeping for 60 seconds...
2026-04-10 17:27:20 [INFO] Current RSI: 55.47, Price: $71641.00
2026-04-10 17:27:20 [INFO] No signal (neutral/bearish, flat)
2026-04-10 17:27:20 [INFO] Sleeping for 60 seconds...
