{"timestamp": "2026-04-02T20:12:16.130901", "message": "Trader process started"}
2026-04-02 20:12:16 [INFO] ======================================================================
2026-04-02 20:12:16 [INFO]  BTC/USDT 4H ADAPTIVE RSI v5 - LIVE TRADER
2026-04-02 20:12:16 [INFO] ======================================================================
2026-04-02 20:12:16 [INFO] Python version: 3.14.0 (tags/v3.14.0:ebf955d, Oct  7 2025, 10:15:03) [MSC v.1944 64 bit (AMD64)]
2026-04-02 20:12:16 [INFO] Working directory: C:\Users\user\Desktop\cursor\trade
2026-04-02 20:12:16 [INFO] Script file: C:\Users\user\Desktop\cursor\trade\hl_trader_v6.py
2026-04-02 20:12:16 [INFO] Log file: C:\Users\user\Desktop\cursor\trade\trader_20260402_201216.log
2026-04-02 20:12:16 [INFO] ======================================================================
2026-04-02 20:12:16 [INFO] Test message: Trader is running
2026-04-02 20:12:16 [ERROR] Hyperliquid SDK 初期化に失敗: No module named 'eth_account'. paper モードにフォールバックします。
2026-04-02 20:12:16 [INFO] Initialized trader for BTC with 1h timeframe
2026-04-02 20:12:16 [INFO] RSI settings: period=14, overbought=60, oversold=30
2026-04-02 20:12:16 [INFO] Trader initialized successfully
2026-04-02 20:12:16 [INFO] Starting trading loop (paper mode)...
2026-04-02 20:12:16 [INFO] Current RSI: 25.57, Price: $66237.00
2026-04-02 20:12:16 [INFO] [PAPER] BUY signal: RSI 25.57 <= 30 (paper position opened, no real order sent)
2026-04-02 20:12:16 [INFO] Sleeping for 60 seconds...
2026-04-02 20:13:16 [INFO] Current RSI: 25.63, Price: $66247.00
2026-04-02 20:13:16 [INFO] Holding position (no sell signal)
2026-04-02 20:13:16 [INFO] Sleeping for 60 seconds...
2026-04-02 20:13:35 [INFO] Trading loop stopped by user
2026-04-02 20:13:35 [INFO] Trader stopped by user
2026-04-02 20:13:35 [INFO] Test message: Trader is running
2026-04-02 20:13:35 [INFO] DEBUG: Starting live trading mode...
2026-04-02 20:13:35 [ERROR] Hyperliquid SDK 初期化に失敗: No module named 'eth_account'. paper モードにフォールバックします。
2026-04-02 20:13:35 [INFO] Initialized trader for BTC with 1h timeframe
2026-04-02 20:13:35 [INFO] RSI settings: period=14, overbought=60, oversold=30
2026-04-02 20:13:35 [INFO] Trader initialized successfully
2026-04-02 20:13:35 [INFO] Starting trading loop (paper mode)...
2026-04-02 20:13:35 [INFO] Current RSI: 25.60, Price: $66242.00
2026-04-02 20:13:35 [INFO] [PAPER] BUY signal: RSI 25.60 <= 30 (paper position opened, no real order sent)
2026-04-02 20:13:35 [INFO] Sleeping for 60 seconds...
2026-04-02 20:13:36 [INFO] Trading loop stopped by user
