{"timestamp": "2026-04-02T22:05:06.898044", "message": "Trader process started"}
2026-04-02 22:05:06 [INFO] ======================================================================
2026-04-02 22:05:06 [INFO]  BTC/USDT 4H ADAPTIVE RSI v5 - LIVE TRADER
2026-04-02 22:05:06 [INFO] ======================================================================
2026-04-02 22:05:06 [INFO] Python version: 3.10.11 (tags/v3.10.11:7d4cc5a, Apr  5 2023, 00:38:17) [MSC v.1929 64 bit (AMD64)]
2026-04-02 22:05:06 [INFO] Working directory: C:\Users\user\Desktop\cursor\trade
2026-04-02 22:05:06 [INFO] Script file: C:\Users\user\Desktop\cursor\trade\hl_trader_v6.py
2026-04-02 22:05:06 [INFO] Log file: C:\Users\user\Desktop\cursor\trade\trader_20260402_220506.log
2026-04-02 22:05:06 [INFO] ======================================================================
2026-04-02 22:05:06 [INFO] Test message: Trader is running
2026-04-02 22:05:07 [INFO] [DEBUG] Secret key length: 66
2026-04-02 22:05:07 [INFO] [DEBUG] Account address: 0xE2Ce93147a19c5b8B1dd222499dE0A56987E1188
2026-04-02 22:05:07 [INFO] [DEBUG] Derived account address: 0xE2Ce93147a19c5b8B1dd222499dE0A56987E1188
2026-04-02 22:05:07 [INFO] [DEBUG] Using account address: 0xE2Ce93147a19c5b8B1dd222499dE0A56987E1188
2026-04-02 22:05:07 [INFO] Live trading 有効化: env=mainnet, address=0xE2Ce93147a19c5b8B1dd222499dE0A56987E1188
2026-04-02 22:05:07 [INFO] Initialized trader for BTC with 1h timeframe
2026-04-02 22:05:07 [INFO] RSI settings: period=14, overbought=60, oversold=30
2026-04-02 22:05:07 [INFO] Trader initialized successfully
2026-04-02 22:05:07 [INFO] Starting trading loop (live mode)...
2026-04-02 22:05:07 [INFO] Current RSI: 25.41, Price: $65977.00
2026-04-02 22:05:07 [INFO] [LIVE] Placing BUY: coin=BTC, qty=0.0075, price=$65977.00, order_type={'limit': {'tif': 'Ioc'}}
2026-04-02 22:05:08 [INFO] [LIVE] BUY order response: {'status': 'ok', 'response': {'type': 'order', 'data': {'statuses': [{'error': 'Order could not immediately match against any resting orders. asset=0'}]}}}
2026-04-02 22:05:08 [INFO] Sleeping for 60 seconds...
2026-04-02 22:06:08 [INFO] Current RSI: 26.56, Price: $66063.00
2026-04-02 22:06:08 [INFO] Holding position (no sell signal)
2026-04-02 22:06:08 [INFO] Sleeping for 60 seconds...
2026-04-02 22:07:08 [INFO] Current RSI: 27.18, Price: $66100.00
2026-04-02 22:07:08 [INFO] Holding position (no sell signal)
2026-04-02 22:07:08 [INFO] Sleeping for 60 seconds...
2026-04-02 22:08:08 [INFO] Current RSI: 26.34, Price: $66050.00
2026-04-02 22:08:08 [INFO] Holding position (no sell signal)
2026-04-02 22:08:08 [INFO] Sleeping for 60 seconds...
2026-04-02 22:09:09 [INFO] Current RSI: 25.58, Price: $66004.00
2026-04-02 22:09:09 [INFO] Holding position (no sell signal)
2026-04-02 22:09:09 [INFO] Sleeping for 60 seconds...
2026-04-02 22:10:09 [INFO] Current RSI: 25.73, Price: $66015.00
2026-04-02 22:10:09 [INFO] Holding position (no sell signal)
2026-04-02 22:10:09 [INFO] Sleeping for 60 seconds...
2026-04-02 22:11:09 [INFO] Current RSI: 25.53, Price: $65996.00
2026-04-02 22:11:09 [INFO] Holding position (no sell signal)
2026-04-02 22:11:09 [INFO] Sleeping for 60 seconds...
2026-04-02 22:12:09 [INFO] Current RSI: 25.27, Price: $65953.00
2026-04-02 22:12:09 [INFO] Holding position (no sell signal)
2026-04-02 22:12:09 [INFO] Sleeping for 60 seconds...
2026-04-02 22:13:09 [INFO] Current RSI: 25.47, Price: $65986.00
2026-04-02 22:13:09 [INFO] Holding position (no sell signal)
2026-04-02 22:13:09 [INFO] Sleeping for 60 seconds...
2026-04-02 22:14:09 [INFO] Current RSI: 25.47, Price: $65987.00
2026-04-02 22:14:09 [INFO] Holding position (no sell signal)
2026-04-02 22:14:09 [INFO] Sleeping for 60 seconds...
2026-04-02 22:15:09 [INFO] Current RSI: 25.38, Price: $65971.00
2026-04-02 22:15:09 [INFO] Holding position (no sell signal)
2026-04-02 22:15:09 [INFO] Sleeping for 60 seconds...
2026-04-02 22:16:09 [INFO] Current RSI: 25.33, Price: $65962.00
2026-04-02 22:16:09 [INFO] Holding position (no sell signal)
2026-04-02 22:16:09 [INFO] Sleeping for 60 seconds...
2026-04-02 22:17:09 [INFO] Current RSI: 25.16, Price: $65934.00
2026-04-02 22:17:09 [INFO] Holding position (no sell signal)
2026-04-02 22:17:09 [INFO] Sleeping for 60 seconds...
2026-04-02 22:18:09 [INFO] Current RSI: 25.20, Price: $65941.00
2026-04-02 22:18:09 [INFO] Holding position (no sell signal)
2026-04-02 22:18:09 [INFO] Sleeping for 60 seconds...
2026-04-02 22:19:10 [INFO] Current RSI: 24.94, Price: $65896.00
2026-04-02 22:19:10 [INFO] Holding position (no sell signal)
2026-04-02 22:19:10 [INFO] Sleeping for 60 seconds...
2026-04-02 22:20:10 [INFO] Current RSI: 24.83, Price: $65877.00
2026-04-02 22:20:10 [INFO] Holding position (no sell signal)
2026-04-02 22:20:10 [INFO] Sleeping for 60 seconds...
2026-04-02 22:21:10 [INFO] Current RSI: 25.12, Price: $65926.00
2026-04-02 22:21:10 [INFO] Holding position (no sell signal)
2026-04-02 22:21:10 [INFO] Sleeping for 60 seconds...
2026-04-02 22:22:10 [INFO] Current RSI: 25.32, Price: $65961.00
2026-04-02 22:22:10 [INFO] Holding position (no sell signal)
2026-04-02 22:22:10 [INFO] Sleeping for 60 seconds...
2026-04-02 22:23:10 [INFO] Current RSI: 25.06, Price: $65917.00
2026-04-02 22:23:10 [INFO] Holding position (no sell signal)
2026-04-02 22:23:10 [INFO] Sleeping for 60 seconds...
2026-04-02 22:24:10 [INFO] Current RSI: 25.22, Price: $65944.00
2026-04-02 22:24:10 [INFO] Holding position (no sell signal)
2026-04-02 22:24:10 [INFO] Sleeping for 60 seconds...
2026-04-02 22:25:11 [INFO] Current RSI: 25.77, Price: $66017.00
2026-04-02 22:25:11 [INFO] Holding position (no sell signal)
2026-04-02 22:25:11 [INFO] Sleeping for 60 seconds...
2026-04-02 22:26:11 [INFO] Current RSI: 26.11, Price: $66037.00
2026-04-02 22:26:11 [INFO] Holding position (no sell signal)
2026-04-02 22:26:11 [INFO] Sleeping for 60 seconds...
2026-04-02 22:27:11 [INFO] Current RSI: 26.10, Price: $66036.00
2026-04-02 22:27:11 [INFO] Holding position (no sell signal)
2026-04-02 22:27:11 [INFO] Sleeping for 60 seconds...
2026-04-02 22:28:11 [INFO] Current RSI: 27.47, Price: $66117.00
2026-04-02 22:28:11 [INFO] Holding position (no sell signal)
2026-04-02 22:28:11 [INFO] Sleeping for 60 seconds...
2026-04-02 22:29:11 [INFO] Current RSI: 27.49, Price: $66118.00
2026-04-02 22:29:11 [INFO] Holding position (no sell signal)
2026-04-02 22:29:11 [INFO] Sleeping for 60 seconds...
2026-04-02 22:30:11 [INFO] Current RSI: 27.60, Price: $66125.00
2026-04-02 22:30:11 [INFO] Holding position (no sell signal)
2026-04-02 22:30:11 [INFO] Sleeping for 60 seconds...
2026-04-02 22:31:11 [INFO] Current RSI: 27.18, Price: $66100.00
2026-04-02 22:31:11 [INFO] Holding position (no sell signal)
2026-04-02 22:31:11 [INFO] Sleeping for 60 seconds...
2026-04-02 22:32:12 [INFO] Current RSI: 26.18, Price: $66041.00
2026-04-02 22:32:12 [INFO] Holding position (no sell signal)
2026-04-02 22:32:12 [INFO] Sleeping for 60 seconds...
2026-04-02 22:33:12 [INFO] Current RSI: 24.85, Price: $65880.00
2026-04-02 22:33:12 [INFO] Holding position (no sell signal)
2026-04-02 22:33:12 [INFO] Sleeping for 60 seconds...
2026-04-02 22:34:12 [INFO] Current RSI: 24.78, Price: $65867.00
2026-04-02 22:34:12 [INFO] Holding position (no sell signal)
2026-04-02 22:34:12 [INFO] Sleeping for 60 seconds...
2026-04-02 22:35:12 [INFO] Current RSI: 23.91, Price: $65708.00
2026-04-02 22:35:12 [INFO] Holding position (no sell signal)
2026-04-02 22:35:12 [INFO] Sleeping for 60 seconds...
2026-04-02 22:36:12 [INFO] Current RSI: 24.21, Price: $65763.00
2026-04-02 22:36:12 [INFO] Holding position (no sell signal)
2026-04-02 22:36:12 [INFO] Sleeping for 60 seconds...
2026-04-02 22:37:12 [INFO] Current RSI: 24.69, Price: $65852.00
2026-04-02 22:37:12 [INFO] Holding position (no sell signal)
2026-04-02 22:37:12 [INFO] Sleeping for 60 seconds...
2026-04-02 22:38:12 [INFO] Current RSI: 24.71, Price: $65854.00
2026-04-02 22:38:12 [INFO] Holding position (no sell signal)
2026-04-02 22:38:12 [INFO] Sleeping for 60 seconds...
2026-04-02 22:39:12 [INFO] Current RSI: 24.64, Price: $65842.00
2026-04-02 22:39:12 [INFO] Holding position (no sell signal)
2026-04-02 22:39:12 [INFO] Sleeping for 60 seconds...
2026-04-02 22:40:12 [INFO] Current RSI: 23.91, Price: $65708.00
2026-04-02 22:40:12 [INFO] Holding position (no sell signal)
2026-04-02 22:40:12 [INFO] Sleeping for 60 seconds...
2026-04-02 22:41:12 [INFO] Current RSI: 24.40, Price: $65798.00
2026-04-02 22:41:12 [INFO] Holding position (no sell signal)
2026-04-02 22:41:12 [INFO] Sleeping for 60 seconds...
2026-04-02 22:42:12 [INFO] Current RSI: 24.50, Price: $65817.00
2026-04-02 22:42:12 [INFO] Holding position (no sell signal)
2026-04-02 22:42:12 [INFO] Sleeping for 60 seconds...
2026-04-02 22:43:12 [INFO] Current RSI: 24.51, Price: $65819.00
2026-04-02 22:43:12 [INFO] Holding position (no sell signal)
2026-04-02 22:43:12 [INFO] Sleeping for 60 seconds...
2026-04-02 22:44:12 [INFO] Current RSI: 24.53, Price: $65822.00
2026-04-02 22:44:12 [INFO] Holding position (no sell signal)
2026-04-02 22:44:12 [INFO] Sleeping for 60 seconds...
2026-04-02 22:45:12 [INFO] Current RSI: 24.47, Price: $65811.00
2026-04-02 22:45:12 [INFO] Holding position (no sell signal)
2026-04-02 22:45:12 [INFO] Sleeping for 60 seconds...
2026-04-02 22:46:13 [INFO] Current RSI: 24.87, Price: $65884.00
2026-04-02 22:46:13 [INFO] Holding position (no sell signal)
2026-04-02 22:46:13 [INFO] Sleeping for 60 seconds...
2026-04-02 22:47:13 [INFO] Current RSI: 25.33, Price: $65962.00
2026-04-02 22:47:13 [INFO] Holding position (no sell signal)
2026-04-02 22:47:13 [INFO] Sleeping for 60 seconds...
2026-04-02 22:48:13 [INFO] Current RSI: 25.17, Price: $65935.00
2026-04-02 22:48:13 [INFO] Holding position (no sell signal)
2026-04-02 22:48:13 [INFO] Sleeping for 60 seconds...
2026-04-02 22:49:13 [INFO] Current RSI: 25.59, Price: $66006.00
2026-04-02 22:49:13 [INFO] Holding position (no sell signal)
2026-04-02 22:49:13 [INFO] Sleeping for 60 seconds...
2026-04-02 22:49:17 [INFO] Trading loop stopped by user
2026-04-02 22:49:18 [INFO] Trader stopped by user
2026-04-02 22:49:18 [INFO] Test message: Trader is running
2026-04-02 22:49:18 [INFO] DEBUG: Starting live trading mode...
2026-04-02 22:49:18 [INFO] [DEBUG] Secret key length: 66
2026-04-02 22:49:18 [INFO] [DEBUG] Account address: 0xE2Ce93147a19c5b8B1dd222499dE0A56987E1188
2026-04-02 22:49:18 [INFO] [DEBUG] Derived account address: 0xE2Ce93147a19c5b8B1dd222499dE0A56987E1188
2026-04-02 22:49:18 [INFO] [DEBUG] Using account address: 0xE2Ce93147a19c5b8B1dd222499dE0A56987E1188
2026-04-02 22:49:18 [INFO] Live trading 有効化: env=mainnet, address=0xE2Ce93147a19c5b8B1dd222499dE0A56987E1188
2026-04-02 22:49:18 [INFO] Initialized trader for BTC with 1h timeframe
2026-04-02 22:49:18 [INFO] RSI settings: period=14, overbought=70, oversold=30
2026-04-02 22:49:18 [INFO] Trader initialized successfully
2026-04-02 22:49:18 [INFO] Starting trading loop (live mode)...
2026-04-02 22:49:19 [INFO] Current RSI: 25.37, Price: $65969.00
2026-04-02 22:49:19 [INFO] [LIVE] Placing BUY: coin=BTC, qty=0.0015, price=$65969.00, order_type={'limit': {'tif': 'Ioc'}}
2026-04-02 22:49:20 [INFO] Trading loop stopped by user
