{"timestamp": "2026-03-23T08:29:49.308184", "message": "Trader process started"}
2026-03-23 08:29:49 [INFO] ======================================================================
2026-03-23 08:29:49 [INFO]  BTC/USDT 4H ADAPTIVE RSI v5 - LIVE TRADER
2026-03-23 08:29:49 [INFO] ======================================================================
2026-03-23 08:29:49 [INFO] Python version: 3.10.11 (tags/v3.10.11:7d4cc5a, Apr  5 2023, 00:38:17) [MSC v.1929 64 bit (AMD64)]
2026-03-23 08:29:49 [INFO] Working directory: C:\Users\user\Desktop\cursor\trade
2026-03-23 08:29:49 [INFO] Script file: C:\Users\user\Desktop\cursor\trade\hl_trader_v6.py
2026-03-23 08:29:49 [INFO] Log file: C:\Users\user\Desktop\cursor\trade\trader_20260323_082949.log
2026-03-23 08:29:49 [INFO] ======================================================================
2026-03-23 08:29:49 [INFO] Test message: Trader is running
2026-03-23 08:29:51 [INFO] Live trading 有効化: env=mainnet, address=0x8455b70a5a0d942eb9a1598a0e9e1214a3b31b55
2026-03-23 08:29:51 [INFO] Initialized trader for BTC with 1h timeframe
2026-03-23 08:29:51 [INFO] RSI settings: period=14, overbought=60, oversold=30
2026-03-23 08:29:51 [INFO] Trader initialized successfully
2026-03-23 08:29:51 [INFO] Starting trading loop (live mode)...
2026-03-23 08:29:51 [INFO] Current RSI: 37.41, Price: $68070.00
2026-03-23 08:29:51 [INFO] No signal (neutral/bearish, flat)
2026-03-23 08:29:51 [INFO] Sleeping for 60 seconds...
2026-03-23 08:30:51 [INFO] Current RSI: 37.56, Price: $68081.00
2026-03-23 08:30:51 [INFO] No signal (neutral/bearish, flat)
2026-03-23 08:30:51 [INFO] Sleeping for 60 seconds...
2026-03-23 08:31:51 [INFO] Current RSI: 37.82, Price: $68101.00
2026-03-23 08:31:51 [INFO] No signal (neutral/bearish, flat)
2026-03-23 08:31:51 [INFO] Sleeping for 60 seconds...
2026-03-23 08:32:51 [INFO] Current RSI: 36.86, Price: $68027.00
2026-03-23 08:32:51 [INFO] No signal (neutral/bearish, flat)
2026-03-23 08:32:51 [INFO] Sleeping for 60 seconds...
2026-03-23 08:33:52 [INFO] Current RSI: 36.08, Price: $67964.00
2026-03-23 08:33:52 [INFO] No signal (neutral/bearish, flat)
2026-03-23 08:33:52 [INFO] Sleeping for 60 seconds...
