{"timestamp": "2026-04-02T20:16:27.175271", "message": "Trader process started"}
2026-04-02 20:16:27 [INFO] ======================================================================
2026-04-02 20:16:27 [INFO]  BTC/USDT 4H ADAPTIVE RSI v5 - LIVE TRADER
2026-04-02 20:16:27 [INFO] ======================================================================
2026-04-02 20:16:27 [INFO] Python version: 3.14.0 (tags/v3.14.0:ebf955d, Oct  7 2025, 10:15:03) [MSC v.1944 64 bit (AMD64)]
2026-04-02 20:16:27 [INFO] Working directory: C:\Users\user\Desktop\cursor\trade
2026-04-02 20:16:27 [INFO] Script file: C:\Users\user\Desktop\cursor\trade\hl_trader_v6.py
2026-04-02 20:16:27 [INFO] Log file: C:\Users\user\Desktop\cursor\trade\trader_20260402_201627.log
2026-04-02 20:16:27 [INFO] ======================================================================
2026-04-02 20:16:27 [INFO] Test message: Trader is running
2026-04-02 20:16:27 [ERROR] Hyperliquid SDK 初期化に失敗: No module named 'eth_account'. paper モードにフォールバックします。
2026-04-02 20:16:27 [INFO] Initialized trader for BTC with 1h timeframe
2026-04-02 20:16:27 [INFO] RSI settings: period=14, overbought=60, oversold=30
2026-04-02 20:16:27 [INFO] Trader initialized successfully
2026-04-02 20:16:27 [INFO] Starting trading loop (paper mode)...
2026-04-02 20:16:27 [INFO] Current RSI: 26.06, Price: $66316.00
2026-04-02 20:16:27 [INFO] [PAPER] BUY signal: RSI 26.06 <= 30 (paper position opened, no real order sent)
2026-04-02 20:16:27 [INFO] Sleeping for 60 seconds...
2026-04-02 20:16:52 [INFO] Trading loop stopped by user
2026-04-02 20:16:52 [INFO] Trader stopped by user
2026-04-02 20:16:52 [INFO] Test message: Trader is running
2026-04-02 20:16:52 [INFO] DEBUG: Starting live trading mode...
2026-04-02 20:16:52 [ERROR] Hyperliquid SDK 初期化に失敗: No module named 'eth_account'. paper モードにフォールバックします。
2026-04-02 20:16:52 [INFO] Initialized trader for BTC with 1h timeframe
2026-04-02 20:16:52 [INFO] RSI settings: period=14, overbought=60, oversold=30
2026-04-02 20:16:52 [INFO] Trader initialized successfully
2026-04-02 20:16:52 [INFO] Starting trading loop (paper mode)...
2026-04-02 20:16:52 [INFO] Current RSI: 26.37, Price: $66366.00
2026-04-02 20:16:52 [INFO] [PAPER] BUY signal: RSI 26.37 <= 30 (paper position opened, no real order sent)
2026-04-02 20:16:52 [INFO] Sleeping for 60 seconds...
2026-04-02 20:16:53 [INFO] Trading loop stopped by user
