{"timestamp": "2026-03-27T13:16:24.225599", "message": "Trader process started"}
2026-03-27 13:16:24 [INFO] ======================================================================
2026-03-27 13:16:24 [INFO]  BTC/USDT 4H ADAPTIVE RSI v5 - LIVE TRADER
2026-03-27 13:16:24 [INFO] ======================================================================
2026-03-27 13:16:24 [INFO] Python version: 3.10.11 (tags/v3.10.11:7d4cc5a, Apr  5 2023, 00:38:17) [MSC v.1929 64 bit (AMD64)]
2026-03-27 13:16:24 [INFO] Working directory: C:\Users\user\Desktop\cursor\trade
2026-03-27 13:16:24 [INFO] Script file: C:\Users\user\Desktop\cursor\trade\hl_trader_v6.py
2026-03-27 13:16:24 [INFO] Log file: C:\Users\user\Desktop\cursor\trade\trader_20260327_131624.log
2026-03-27 13:16:24 [INFO] ======================================================================
2026-03-27 13:16:24 [INFO] Test message: Trader is running
2026-03-27 13:16:25 [ERROR] Hyperliquid SDK 初期化に失敗: HTTPSConnectionPool(host='api.hyperliquid.xyz', port=443): Max retries exceeded with url: /info (Caused by NameResolutionError("HTTPSConnection(host='api.hyperliquid.xyz', port=443): Failed to resolve 'api.hyperliquid.xyz' ([Errno 11001] getaddrinfo failed)")). paper モードにフォールバックします。
2026-03-27 13:16:25 [INFO] Initialized trader for BTC with 1h timeframe
2026-03-27 13:16:25 [INFO] RSI settings: period=14, overbought=60, oversold=30
2026-03-27 13:16:25 [INFO] Trader initialized successfully
2026-03-27 13:16:25 [INFO] Starting trading loop (paper mode)...
2026-03-27 13:16:25 [ERROR] Request error: HTTPSConnectionPool(host='api.hyperliquid.xyz', port=443): Max retries exceeded with url: /info (Caused by NameResolutionError("HTTPSConnection(host='api.hyperliquid.xyz', port=443): Failed to resolve 'api.hyperliquid.xyz' ([Errno 11001] getaddrinfo failed)"))
2026-03-27 13:16:25 [ERROR] Error fetching candles: HTTPSConnectionPool(host='api.hyperliquid.xyz', port=443): Max retries exceeded with url: /info (Caused by NameResolutionError("HTTPSConnection(host='api.hyperliquid.xyz', port=443): Failed to resolve 'api.hyperliquid.xyz' ([Errno 11001] getaddrinfo failed)"))
2026-03-27 13:16:25 [ERROR] No candle data available
2026-03-27 13:17:25 [ERROR] Request error: HTTPSConnectionPool(host='api.hyperliquid.xyz', port=443): Max retries exceeded with url: /info (Caused by NameResolutionError("HTTPSConnection(host='api.hyperliquid.xyz', port=443): Failed to resolve 'api.hyperliquid.xyz' ([Errno 11001] getaddrinfo failed)"))
2026-03-27 13:17:25 [ERROR] Error fetching candles: HTTPSConnectionPool(host='api.hyperliquid.xyz', port=443): Max retries exceeded with url: /info (Caused by NameResolutionError("HTTPSConnection(host='api.hyperliquid.xyz', port=443): Failed to resolve 'api.hyperliquid.xyz' ([Errno 11001] getaddrinfo failed)"))
2026-03-27 13:17:25 [ERROR] No candle data available
