{"timestamp": "2026-04-02T22:01:35.385706", "message": "Trader process started"}
2026-04-02 22:01:35 [INFO] ======================================================================
2026-04-02 22:01:35 [INFO]  BTC/USDT 4H ADAPTIVE RSI v5 - LIVE TRADER
2026-04-02 22:01:35 [INFO] ======================================================================
2026-04-02 22:01:35 [INFO] Python version: 3.10.11 (tags/v3.10.11:7d4cc5a, Apr  5 2023, 00:38:17) [MSC v.1929 64 bit (AMD64)]
2026-04-02 22:01:35 [INFO] Working directory: C:\Users\user\Desktop\cursor\trade
2026-04-02 22:01:35 [INFO] Script file: C:\Users\user\Desktop\cursor\trade\hl_trader_v6.py
2026-04-02 22:01:35 [INFO] Log file: C:\Users\user\Desktop\cursor\trade\trader_20260402_220135.log
2026-04-02 22:01:35 [INFO] ======================================================================
2026-04-02 22:01:35 [INFO] Test message: Trader is running
2026-04-02 22:01:35 [INFO] [DEBUG] Secret key length: 66
2026-04-02 22:01:35 [INFO] [DEBUG] Account address: 0xE2Ce93147a19c5b8B1dd222499dE0A56987E1188
2026-04-02 22:01:35 [INFO] [DEBUG] Derived account address: 0xE2Ce93147a19c5b8B1dd222499dE0A56987E1188
2026-04-02 22:01:35 [INFO] [DEBUG] Using account address: 0xE2Ce93147a19c5b8B1dd222499dE0A56987E1188
2026-04-02 22:01:36 [INFO] Live trading 有効化: env=mainnet, address=0xE2Ce93147a19c5b8B1dd222499dE0A56987E1188
2026-04-02 22:01:36 [INFO] Initialized trader for BTC with 1h timeframe
2026-04-02 22:01:36 [INFO] RSI settings: period=14, overbought=60, oversold=30
2026-04-02 22:01:36 [INFO] Trader initialized successfully
2026-04-02 22:01:36 [INFO] Starting trading loop (live mode)...
2026-04-02 22:01:36 [INFO] Current RSI: 26.35, Price: $66051.00
2026-04-02 22:01:36 [INFO] [LIVE] Placing BUY: coin=BTC, qty=0.0075, price=$66051.00, order_type={'limit': {'tif': 'Ioc'}}
2026-04-02 22:01:37 [INFO] [LIVE] BUY order response: {'status': 'ok', 'response': {'type': 'order', 'data': {'statuses': [{'error': 'Order could not immediately match against any resting orders. asset=0'}]}}}
2026-04-02 22:01:37 [INFO] Sleeping for 60 seconds...
2026-04-02 22:02:37 [INFO] Current RSI: 26.05, Price: $66033.00
2026-04-02 22:02:37 [INFO] Holding position (no sell signal)
2026-04-02 22:02:37 [INFO] Sleeping for 60 seconds...
2026-04-02 22:03:37 [INFO] Current RSI: 25.26, Price: $65951.00
2026-04-02 22:03:37 [INFO] Holding position (no sell signal)
2026-04-02 22:03:37 [INFO] Sleeping for 60 seconds...
2026-04-02 22:04:37 [INFO] Current RSI: 25.38, Price: $65972.00
2026-04-02 22:04:37 [INFO] Holding position (no sell signal)
2026-04-02 22:04:37 [INFO] Sleeping for 60 seconds...
2026-04-02 22:05:37 [INFO] Current RSI: 25.42, Price: $65978.00
2026-04-02 22:05:37 [INFO] Holding position (no sell signal)
2026-04-02 22:05:37 [INFO] Sleeping for 60 seconds...
2026-04-02 22:06:37 [INFO] Current RSI: 27.53, Price: $66121.00
2026-04-02 22:06:37 [INFO] Holding position (no sell signal)
2026-04-02 22:06:37 [INFO] Sleeping for 60 seconds...
2026-04-02 22:07:38 [INFO] Current RSI: 26.44, Price: $66056.00
2026-04-02 22:07:38 [INFO] Holding position (no sell signal)
2026-04-02 22:07:38 [INFO] Sleeping for 60 seconds...
2026-04-02 22:08:38 [INFO] Current RSI: 26.34, Price: $66050.00
2026-04-02 22:08:38 [INFO] Holding position (no sell signal)
2026-04-02 22:08:38 [INFO] Sleeping for 60 seconds...
2026-04-02 22:09:38 [INFO] Current RSI: 25.55, Price: $65999.00
2026-04-02 22:09:38 [INFO] Holding position (no sell signal)
2026-04-02 22:09:38 [INFO] Sleeping for 60 seconds...
2026-04-02 22:10:38 [INFO] Current RSI: 25.34, Price: $65964.00
2026-04-02 22:10:38 [INFO] Holding position (no sell signal)
2026-04-02 22:10:38 [INFO] Sleeping for 60 seconds...
2026-04-02 22:11:38 [INFO] Current RSI: 25.42, Price: $65978.00
2026-04-02 22:11:38 [INFO] Holding position (no sell signal)
2026-04-02 22:11:38 [INFO] Sleeping for 60 seconds...
2026-04-02 22:12:38 [INFO] Current RSI: 25.36, Price: $65967.00
2026-04-02 22:12:38 [INFO] Holding position (no sell signal)
2026-04-02 22:12:38 [INFO] Sleeping for 60 seconds...
2026-04-02 22:13:38 [INFO] Current RSI: 25.41, Price: $65976.00
2026-04-02 22:13:38 [INFO] Holding position (no sell signal)
2026-04-02 22:13:38 [INFO] Sleeping for 60 seconds...
2026-04-02 22:14:38 [INFO] Current RSI: 25.44, Price: $65981.00
2026-04-02 22:14:38 [INFO] Holding position (no sell signal)
2026-04-02 22:14:38 [INFO] Sleeping for 60 seconds...
2026-04-02 22:15:38 [INFO] Current RSI: 25.19, Price: $65938.00
2026-04-02 22:15:38 [INFO] Holding position (no sell signal)
2026-04-02 22:15:38 [INFO] Sleeping for 60 seconds...
2026-04-02 22:16:38 [INFO] Current RSI: 25.39, Price: $65973.00
2026-04-02 22:16:38 [INFO] Holding position (no sell signal)
2026-04-02 22:16:38 [INFO] Sleeping for 60 seconds...
2026-04-02 22:17:39 [INFO] Current RSI: 25.13, Price: $65928.00
2026-04-02 22:17:39 [INFO] Holding position (no sell signal)
2026-04-02 22:17:39 [INFO] Sleeping for 60 seconds...
2026-04-02 22:18:39 [INFO] Current RSI: 24.93, Price: $65893.00
2026-04-02 22:18:39 [INFO] Holding position (no sell signal)
2026-04-02 22:18:39 [INFO] Sleeping for 60 seconds...
2026-04-02 22:19:39 [INFO] Current RSI: 24.94, Price: $65896.00
2026-04-02 22:19:39 [INFO] Holding position (no sell signal)
2026-04-02 22:19:39 [INFO] Sleeping for 60 seconds...
