{"timestamp": "2026-04-02T22:08:41.065973", "message": "Trader process started"}
2026-04-02 22:08:41 [INFO] ======================================================================
2026-04-02 22:08:41 [INFO]  BTC/USDT 4H ADAPTIVE RSI v5 - LIVE TRADER
2026-04-02 22:08:41 [INFO] ======================================================================
2026-04-02 22:08:41 [INFO] Python version: 3.10.11 (tags/v3.10.11:7d4cc5a, Apr  5 2023, 00:38:17) [MSC v.1929 64 bit (AMD64)]
2026-04-02 22:08:41 [INFO] Working directory: C:\Users\user\Desktop\cursor\trade
2026-04-02 22:08:41 [INFO] Script file: C:\Users\user\Desktop\cursor\trade\hl_trader_v6.py
2026-04-02 22:08:41 [INFO] Log file: C:\Users\user\Desktop\cursor\trade\trader_20260402_220841.log
2026-04-02 22:08:41 [INFO] ======================================================================
2026-04-02 22:08:41 [INFO] Test message: Trader is running
2026-04-02 22:08:41 [INFO] [DEBUG] Secret key length: 66
2026-04-02 22:08:41 [INFO] [DEBUG] Account address: 0xE2Ce93147a19c5b8B1dd222499dE0A56987E1188
2026-04-02 22:08:41 [INFO] [DEBUG] Derived account address: 0xE2Ce93147a19c5b8B1dd222499dE0A56987E1188
2026-04-02 22:08:41 [INFO] [DEBUG] Using account address: 0xE2Ce93147a19c5b8B1dd222499dE0A56987E1188
2026-04-02 22:08:41 [INFO] Live trading 有効化: env=mainnet, address=0xE2Ce93147a19c5b8B1dd222499dE0A56987E1188
2026-04-02 22:08:41 [INFO] Initialized trader for BTC with 1h timeframe
2026-04-02 22:08:41 [INFO] RSI settings: period=14, overbought=60, oversold=30
2026-04-02 22:08:41 [INFO] Trader initialized successfully
2026-04-02 22:08:41 [INFO] Starting trading loop (live mode)...
2026-04-02 22:08:42 [INFO] Current RSI: 26.37, Price: $66052.00
2026-04-02 22:08:42 [INFO] [LIVE] Placing BUY: coin=BTC, qty=0.0075, price=$66052.00, order_type={'limit': {'tif': 'Ioc'}}
2026-04-02 22:08:42 [INFO] [LIVE] BUY order response: {'status': 'ok', 'response': {'type': 'order', 'data': {'statuses': [{'filled': {'totalSz': '0.0075', 'avgPx': '66052.0', 'oid': 368708909772}}]}}}
2026-04-02 22:08:42 [INFO] Sleeping for 60 seconds...
2026-04-02 22:09:42 [INFO] Current RSI: 25.59, Price: $66007.00
2026-04-02 22:09:42 [INFO] Holding position (no sell signal)
2026-04-02 22:09:42 [INFO] Sleeping for 60 seconds...
2026-04-02 22:10:42 [INFO] Current RSI: 25.34, Price: $65964.00
2026-04-02 22:10:42 [INFO] Holding position (no sell signal)
2026-04-02 22:10:42 [INFO] Sleeping for 60 seconds...
2026-04-02 22:11:43 [INFO] Current RSI: 25.46, Price: $65985.00
2026-04-02 22:11:43 [INFO] Holding position (no sell signal)
2026-04-02 22:11:43 [INFO] Sleeping for 60 seconds...
2026-04-02 22:12:43 [INFO] Current RSI: 25.37, Price: $65969.00
2026-04-02 22:12:43 [INFO] Holding position (no sell signal)
2026-04-02 22:12:43 [INFO] Sleeping for 60 seconds...
2026-04-02 22:13:43 [INFO] Current RSI: 25.41, Price: $65976.00
2026-04-02 22:13:43 [INFO] Holding position (no sell signal)
2026-04-02 22:13:43 [INFO] Sleeping for 60 seconds...
2026-04-02 22:14:43 [INFO] Current RSI: 25.43, Price: $65980.00
2026-04-02 22:14:43 [INFO] Holding position (no sell signal)
2026-04-02 22:14:43 [INFO] Sleeping for 60 seconds...
2026-04-02 22:15:43 [INFO] Current RSI: 25.25, Price: $65949.00
2026-04-02 22:15:43 [INFO] Holding position (no sell signal)
2026-04-02 22:15:43 [INFO] Sleeping for 60 seconds...
2026-04-02 22:16:43 [INFO] Current RSI: 25.39, Price: $65973.00
2026-04-02 22:16:43 [INFO] Holding position (no sell signal)
2026-04-02 22:16:43 [INFO] Sleeping for 60 seconds...
2026-04-02 22:17:43 [INFO] Current RSI: 25.13, Price: $65929.00
2026-04-02 22:17:43 [INFO] Holding position (no sell signal)
2026-04-02 22:17:43 [INFO] Sleeping for 60 seconds...
2026-04-02 22:18:43 [INFO] Current RSI: 24.87, Price: $65884.00
2026-04-02 22:18:43 [INFO] Holding position (no sell signal)
2026-04-02 22:18:43 [INFO] Sleeping for 60 seconds...
2026-04-02 22:19:43 [INFO] Current RSI: 24.94, Price: $65896.00
2026-04-02 22:19:43 [INFO] Holding position (no sell signal)
2026-04-02 22:19:43 [INFO] Sleeping for 60 seconds...
