{"timestamp": "2026-03-21T16:25:29.950412", "message": "Trader process started"}
2026-03-21 16:25:29 [INFO] ======================================================================
2026-03-21 16:25:29 [INFO]  BTC/USDT 4H ADAPTIVE RSI v5 - LIVE TRADER
2026-03-21 16:25:29 [INFO] ======================================================================
2026-03-21 16:25:29 [INFO] Python version: 3.10.11 (tags/v3.10.11:7d4cc5a, Apr  5 2023, 00:38:17) [MSC v.1929 64 bit (AMD64)]
2026-03-21 16:25:29 [INFO] Working directory: C:\Users\user\Desktop\cursor\trade
2026-03-21 16:25:29 [INFO] Script file: C:\Users\user\Desktop\cursor\trade\hl_trader_v6.py
2026-03-21 16:25:29 [INFO] Log file: C:\Users\user\Desktop\cursor\trade\trader_20260321_162529.log
2026-03-21 16:25:29 [INFO] ======================================================================
2026-03-21 16:25:29 [INFO] Test message: Trader is running
2026-03-21 16:25:31 [INFO] Live trading 有効化: env=mainnet, address=0x8455b70a5a0d942eb9a1598a0e9e1214a3b31b55
2026-03-21 16:25:31 [INFO] Initialized trader for BTC with 1h timeframe
2026-03-21 16:25:31 [INFO] RSI settings: period=14, overbought=60, oversold=30
2026-03-21 16:25:31 [INFO] Trader initialized successfully
2026-03-21 16:25:31 [INFO] Starting trading loop (live mode)...
2026-03-21 16:25:31 [INFO] Current RSI: 65.83, Price: $70830.00
2026-03-21 16:25:31 [INFO] No signal (neutral/bearish, flat)
2026-03-21 16:25:31 [INFO] Sleeping for 60 seconds...
2026-03-21 16:26:31 [INFO] Current RSI: 65.85, Price: $70832.00
2026-03-21 16:26:31 [INFO] No signal (neutral/bearish, flat)
2026-03-21 16:26:31 [INFO] Sleeping for 60 seconds...
2026-03-21 16:27:31 [INFO] Current RSI: 66.03, Price: $70846.00
2026-03-21 16:27:31 [INFO] No signal (neutral/bearish, flat)
2026-03-21 16:27:31 [INFO] Sleeping for 60 seconds...
2026-03-21 16:28:31 [INFO] Current RSI: 66.04, Price: $70847.00
2026-03-21 16:28:31 [INFO] No signal (neutral/bearish, flat)
2026-03-21 16:28:31 [INFO] Sleeping for 60 seconds...
2026-03-21 16:29:31 [INFO] Current RSI: 66.04, Price: $70847.00
2026-03-21 16:29:31 [INFO] No signal (neutral/bearish, flat)
2026-03-21 16:29:31 [INFO] Sleeping for 60 seconds...
2026-03-21 16:30:31 [INFO] Current RSI: 66.04, Price: $70847.00
2026-03-21 16:30:31 [INFO] No signal (neutral/bearish, flat)
2026-03-21 16:30:31 [INFO] Sleeping for 60 seconds...
2026-03-21 16:31:31 [INFO] Current RSI: 65.71, Price: $70821.00
2026-03-21 16:31:31 [INFO] No signal (neutral/bearish, flat)
2026-03-21 16:31:31 [INFO] Sleeping for 60 seconds...
2026-03-21 16:32:31 [INFO] Current RSI: 65.17, Price: $70779.00
2026-03-21 16:32:31 [INFO] No signal (neutral/bearish, flat)
2026-03-21 16:32:31 [INFO] Sleeping for 60 seconds...
2026-03-21 16:33:31 [INFO] Current RSI: 64.84, Price: $70754.00
2026-03-21 16:33:31 [INFO] No signal (neutral/bearish, flat)
2026-03-21 16:33:31 [INFO] Sleeping for 60 seconds...
2026-03-21 16:34:31 [INFO] Current RSI: 64.77, Price: $70749.00
2026-03-21 16:34:31 [INFO] No signal (neutral/bearish, flat)
2026-03-21 16:34:31 [INFO] Sleeping for 60 seconds...
2026-03-21 16:35:31 [INFO] Current RSI: 64.93, Price: $70761.00
2026-03-21 16:35:31 [INFO] No signal (neutral/bearish, flat)
2026-03-21 16:35:31 [INFO] Sleeping for 60 seconds...
2026-03-21 16:36:31 [INFO] Current RSI: 64.81, Price: $70752.00
2026-03-21 16:36:31 [INFO] No signal (neutral/bearish, flat)
2026-03-21 16:36:31 [INFO] Sleeping for 60 seconds...
2026-03-21 16:37:31 [INFO] Current RSI: 64.93, Price: $70761.00
2026-03-21 16:37:31 [INFO] No signal (neutral/bearish, flat)
2026-03-21 16:37:31 [INFO] Sleeping for 60 seconds...
2026-03-21 16:38:31 [INFO] Current RSI: 64.73, Price: $70746.00
2026-03-21 16:38:31 [INFO] No signal (neutral/bearish, flat)
2026-03-21 16:38:31 [INFO] Sleeping for 60 seconds...
2026-03-21 16:39:32 [INFO] Current RSI: 64.61, Price: $70740.00
2026-03-21 16:39:32 [INFO] No signal (neutral/bearish, flat)
2026-03-21 16:39:32 [INFO] Sleeping for 60 seconds...
2026-03-21 16:40:32 [INFO] Current RSI: 64.69, Price: $70743.00
2026-03-21 16:40:32 [INFO] No signal (neutral/bearish, flat)
2026-03-21 16:40:32 [INFO] Sleeping for 60 seconds...
2026-03-21 16:41:32 [INFO] Current RSI: 64.80, Price: $70751.00
2026-03-21 16:41:32 [INFO] No signal (neutral/bearish, flat)
2026-03-21 16:41:32 [INFO] Sleeping for 60 seconds...
2026-03-21 16:42:32 [INFO] Current RSI: 64.85, Price: $70755.00
2026-03-21 16:42:32 [INFO] No signal (neutral/bearish, flat)
2026-03-21 16:42:32 [INFO] Sleeping for 60 seconds...
2026-03-21 16:43:32 [INFO] Current RSI: 64.85, Price: $70755.00
2026-03-21 16:43:32 [INFO] No signal (neutral/bearish, flat)
2026-03-21 16:43:32 [INFO] Sleeping for 60 seconds...
2026-03-21 16:44:32 [INFO] Current RSI: 64.81, Price: $70752.00
2026-03-21 16:44:32 [INFO] No signal (neutral/bearish, flat)
2026-03-21 16:44:32 [INFO] Sleeping for 60 seconds...
2026-03-21 16:45:32 [INFO] Current RSI: 64.05, Price: $70717.00
2026-03-21 16:45:32 [INFO] No signal (neutral/bearish, flat)
2026-03-21 16:45:32 [INFO] Sleeping for 60 seconds...
2026-03-21 16:46:32 [INFO] Current RSI: 63.23, Price: $70683.00
2026-03-21 16:46:32 [INFO] No signal (neutral/bearish, flat)
2026-03-21 16:46:32 [INFO] Sleeping for 60 seconds...
2026-03-21 16:47:32 [INFO] Current RSI: 63.16, Price: $70680.00
2026-03-21 16:47:32 [INFO] No signal (neutral/bearish, flat)
2026-03-21 16:47:32 [INFO] Sleeping for 60 seconds...
2026-03-21 16:48:32 [INFO] Current RSI: 64.03, Price: $70716.00
2026-03-21 16:48:32 [INFO] No signal (neutral/bearish, flat)
2026-03-21 16:48:32 [INFO] Sleeping for 60 seconds...
2026-03-21 16:49:32 [INFO] Current RSI: 64.03, Price: $70716.00
2026-03-21 16:49:32 [INFO] No signal (neutral/bearish, flat)
2026-03-21 16:49:32 [INFO] Sleeping for 60 seconds...
2026-03-21 16:50:32 [INFO] Current RSI: 63.66, Price: $70701.00
2026-03-21 16:50:32 [INFO] No signal (neutral/bearish, flat)
2026-03-21 16:50:32 [INFO] Sleeping for 60 seconds...
2026-03-21 16:51:32 [INFO] Current RSI: 62.83, Price: $70666.00
2026-03-21 16:51:32 [INFO] No signal (neutral/bearish, flat)
2026-03-21 16:51:32 [INFO] Sleeping for 60 seconds...
2026-03-21 16:52:32 [INFO] Current RSI: 63.45, Price: $70692.00
2026-03-21 16:52:32 [INFO] No signal (neutral/bearish, flat)
2026-03-21 16:52:32 [INFO] Sleeping for 60 seconds...
2026-03-21 16:53:32 [INFO] Current RSI: 63.12, Price: $70678.00
2026-03-21 16:53:32 [INFO] No signal (neutral/bearish, flat)
2026-03-21 16:53:32 [INFO] Sleeping for 60 seconds...
2026-03-21 16:54:32 [INFO] Current RSI: 63.14, Price: $70679.00
2026-03-21 16:54:32 [INFO] No signal (neutral/bearish, flat)
2026-03-21 16:54:32 [INFO] Sleeping for 60 seconds...
2026-03-21 16:55:32 [INFO] Current RSI: 62.95, Price: $70671.00
2026-03-21 16:55:32 [INFO] No signal (neutral/bearish, flat)
2026-03-21 16:55:32 [INFO] Sleeping for 60 seconds...
2026-03-21 16:56:32 [INFO] Current RSI: 62.79, Price: $70664.00
2026-03-21 16:56:32 [INFO] No signal (neutral/bearish, flat)
2026-03-21 16:56:32 [INFO] Sleeping for 60 seconds...
2026-03-21 16:57:32 [INFO] Current RSI: 62.86, Price: $70667.00
2026-03-21 16:57:32 [INFO] No signal (neutral/bearish, flat)
2026-03-21 16:57:32 [INFO] Sleeping for 60 seconds...
2026-03-21 16:58:32 [INFO] Current RSI: 62.93, Price: $70670.00
2026-03-21 16:58:32 [INFO] No signal (neutral/bearish, flat)
2026-03-21 16:58:32 [INFO] Sleeping for 60 seconds...
2026-03-21 16:59:33 [INFO] Current RSI: 62.95, Price: $70671.00
2026-03-21 16:59:33 [INFO] No signal (neutral/bearish, flat)
2026-03-21 16:59:33 [INFO] Sleeping for 60 seconds...
2026-03-21 17:00:33 [INFO] Current RSI: 68.83, Price: $70667.00
2026-03-21 17:00:33 [INFO] No signal (neutral/bearish, flat)
2026-03-21 17:00:33 [INFO] Sleeping for 60 seconds...
2026-03-21 17:01:33 [INFO] Current RSI: 68.69, Price: $70662.00
2026-03-21 17:01:33 [INFO] No signal (neutral/bearish, flat)
2026-03-21 17:01:33 [INFO] Sleeping for 60 seconds...
2026-03-21 17:02:33 [INFO] Current RSI: 68.97, Price: $70672.00
2026-03-21 17:02:33 [INFO] No signal (neutral/bearish, flat)
2026-03-21 17:02:33 [INFO] Sleeping for 60 seconds...
2026-03-21 17:03:33 [INFO] Current RSI: 69.05, Price: $70675.00
2026-03-21 17:03:33 [INFO] No signal (neutral/bearish, flat)
2026-03-21 17:03:33 [INFO] Sleeping for 60 seconds...
2026-03-21 17:04:33 [INFO] Current RSI: 68.63, Price: $70660.00
2026-03-21 17:04:33 [INFO] No signal (neutral/bearish, flat)
2026-03-21 17:04:33 [INFO] Sleeping for 60 seconds...
2026-03-21 17:05:33 [INFO] Current RSI: 68.85, Price: $70668.00
2026-03-21 17:05:33 [INFO] No signal (neutral/bearish, flat)
2026-03-21 17:05:33 [INFO] Sleeping for 60 seconds...
2026-03-21 17:06:33 [INFO] Current RSI: 69.43, Price: $70689.00
2026-03-21 17:06:33 [INFO] No signal (neutral/bearish, flat)
2026-03-21 17:06:33 [INFO] Sleeping for 60 seconds...
2026-03-21 17:07:33 [INFO] Current RSI: 69.48, Price: $70693.00
2026-03-21 17:07:33 [INFO] No signal (neutral/bearish, flat)
2026-03-21 17:07:33 [INFO] Sleeping for 60 seconds...
2026-03-21 17:08:33 [INFO] Current RSI: 69.00, Price: $70673.00
2026-03-21 17:08:33 [INFO] No signal (neutral/bearish, flat)
2026-03-21 17:08:33 [INFO] Sleeping for 60 seconds...
2026-03-21 17:09:33 [INFO] Current RSI: 69.42, Price: $70688.00
2026-03-21 17:09:33 [INFO] No signal (neutral/bearish, flat)
2026-03-21 17:09:33 [INFO] Sleeping for 60 seconds...
2026-03-21 17:10:33 [INFO] Current RSI: 69.48, Price: $70693.00
2026-03-21 17:10:33 [INFO] No signal (neutral/bearish, flat)
2026-03-21 17:10:33 [INFO] Sleeping for 60 seconds...
2026-03-21 17:11:33 [INFO] Current RSI: 69.61, Price: $70703.00
2026-03-21 17:11:33 [INFO] No signal (neutral/bearish, flat)
2026-03-21 17:11:33 [INFO] Sleeping for 60 seconds...
2026-03-21 17:12:33 [INFO] Current RSI: 68.97, Price: $70672.00
2026-03-21 17:12:33 [INFO] No signal (neutral/bearish, flat)
2026-03-21 17:12:33 [INFO] Sleeping for 60 seconds...
2026-03-21 17:13:34 [INFO] Current RSI: 69.42, Price: $70688.00
2026-03-21 17:13:34 [INFO] No signal (neutral/bearish, flat)
2026-03-21 17:13:34 [INFO] Sleeping for 60 seconds...
2026-03-21 17:14:34 [INFO] Current RSI: 69.31, Price: $70684.00
2026-03-21 17:14:34 [INFO] No signal (neutral/bearish, flat)
2026-03-21 17:14:34 [INFO] Sleeping for 60 seconds...
2026-03-21 17:15:34 [INFO] Current RSI: 68.97, Price: $70672.00
2026-03-21 17:15:34 [INFO] No signal (neutral/bearish, flat)
2026-03-21 17:15:34 [INFO] Sleeping for 60 seconds...
2026-03-21 17:16:34 [INFO] Current RSI: 68.24, Price: $70646.00
2026-03-21 17:16:34 [INFO] No signal (neutral/bearish, flat)
2026-03-21 17:16:34 [INFO] Sleeping for 60 seconds...
2026-03-21 17:17:34 [INFO] Current RSI: 67.51, Price: $70619.00
2026-03-21 17:17:34 [INFO] No signal (neutral/bearish, flat)
2026-03-21 17:17:34 [INFO] Sleeping for 60 seconds...
2026-03-21 17:18:34 [INFO] Current RSI: 67.70, Price: $70626.00
2026-03-21 17:18:34 [INFO] No signal (neutral/bearish, flat)
2026-03-21 17:18:34 [INFO] Sleeping for 60 seconds...
2026-03-21 17:19:34 [INFO] Current RSI: 66.57, Price: $70584.00
2026-03-21 17:19:34 [INFO] No signal (neutral/bearish, flat)
2026-03-21 17:19:34 [INFO] Sleeping for 60 seconds...
2026-03-21 17:20:34 [INFO] Current RSI: 66.21, Price: $70570.00
2026-03-21 17:20:34 [INFO] No signal (neutral/bearish, flat)
2026-03-21 17:20:34 [INFO] Sleeping for 60 seconds...
2026-03-21 17:21:34 [INFO] Current RSI: 65.77, Price: $70553.00
2026-03-21 17:21:34 [INFO] No signal (neutral/bearish, flat)
2026-03-21 17:21:34 [INFO] Sleeping for 60 seconds...
2026-03-21 17:22:34 [INFO] Current RSI: 65.93, Price: $70559.00
2026-03-21 17:22:34 [INFO] No signal (neutral/bearish, flat)
2026-03-21 17:22:34 [INFO] Sleeping for 60 seconds...
2026-03-21 17:23:34 [INFO] Current RSI: 65.16, Price: $70529.00
2026-03-21 17:23:34 [INFO] No signal (neutral/bearish, flat)
2026-03-21 17:23:34 [INFO] Sleeping for 60 seconds...
2026-03-21 17:24:34 [INFO] Current RSI: 65.04, Price: $70524.00
2026-03-21 17:24:34 [INFO] No signal (neutral/bearish, flat)
2026-03-21 17:24:34 [INFO] Sleeping for 60 seconds...
2026-03-21 17:25:35 [INFO] Current RSI: 65.06, Price: $70525.00
2026-03-21 17:25:35 [INFO] No signal (neutral/bearish, flat)
2026-03-21 17:25:35 [INFO] Sleeping for 60 seconds...
2026-03-21 17:26:35 [INFO] Current RSI: 65.06, Price: $70525.00
2026-03-21 17:26:35 [INFO] No signal (neutral/bearish, flat)
2026-03-21 17:26:35 [INFO] Sleeping for 60 seconds...
2026-03-21 17:27:35 [INFO] Current RSI: 65.11, Price: $70527.00
2026-03-21 17:27:35 [INFO] No signal (neutral/bearish, flat)
2026-03-21 17:27:35 [INFO] Sleeping for 60 seconds...
2026-03-21 17:28:35 [INFO] Current RSI: 64.47, Price: $70501.00
2026-03-21 17:28:35 [INFO] No signal (neutral/bearish, flat)
2026-03-21 17:28:35 [INFO] Sleeping for 60 seconds...
2026-03-21 17:29:35 [INFO] Current RSI: 64.24, Price: $70492.00
2026-03-21 17:29:35 [INFO] No signal (neutral/bearish, flat)
2026-03-21 17:29:35 [INFO] Sleeping for 60 seconds...
2026-03-21 17:30:35 [INFO] Current RSI: 63.57, Price: $70464.00
2026-03-21 17:30:35 [INFO] No signal (neutral/bearish, flat)
2026-03-21 17:30:35 [INFO] Sleeping for 60 seconds...
2026-03-21 17:31:35 [INFO] Current RSI: 64.74, Price: $70512.00
2026-03-21 17:31:35 [INFO] No signal (neutral/bearish, flat)
2026-03-21 17:31:35 [INFO] Sleeping for 60 seconds...
