{"timestamp": "2026-03-25T19:21:33.238145", "message": "Trader process started"}
2026-03-25 19:21:33 [INFO] ======================================================================
2026-03-25 19:21:33 [INFO]  BTC/USDT 4H ADAPTIVE RSI v5 - LIVE TRADER
2026-03-25 19:21:33 [INFO] ======================================================================
2026-03-25 19:21:33 [INFO] Python version: 3.10.11 (tags/v3.10.11:7d4cc5a, Apr  5 2023, 00:38:17) [MSC v.1929 64 bit (AMD64)]
2026-03-25 19:21:33 [INFO] Working directory: C:\Users\user\Desktop\cursor\trade
2026-03-25 19:21:33 [INFO] Script file: C:\Users\user\Desktop\cursor\trade\hl_trader_v6.py
2026-03-25 19:21:33 [INFO] Log file: C:\Users\user\Desktop\cursor\trade\trader_20260325_192133.log
2026-03-25 19:21:33 [INFO] ======================================================================
2026-03-25 19:21:33 [INFO] Test message: Trader is running
2026-03-25 19:21:34 [INFO] Live trading 有効化: env=mainnet, address=0x8455b70a5a0d942eb9a1598a0e9e1214a3b31b55
2026-03-25 19:21:34 [INFO] Initialized trader for BTC with 1h timeframe
2026-03-25 19:21:34 [INFO] RSI settings: period=14, overbought=60, oversold=30
2026-03-25 19:21:34 [INFO] Trader initialized successfully
2026-03-25 19:21:34 [INFO] Starting trading loop (live mode)...
2026-03-25 19:21:35 [INFO] Current RSI: 77.74, Price: $71405.00
2026-03-25 19:21:35 [INFO] No signal (neutral/bearish, flat)
2026-03-25 19:21:35 [INFO] Sleeping for 60 seconds...
2026-03-25 19:22:35 [INFO] Current RSI: 77.95, Price: $71428.00
2026-03-25 19:22:35 [INFO] No signal (neutral/bearish, flat)
2026-03-25 19:22:35 [INFO] Sleeping for 60 seconds...
2026-03-25 19:23:35 [INFO] Current RSI: 77.49, Price: $71379.00
2026-03-25 19:23:35 [INFO] No signal (neutral/bearish, flat)
2026-03-25 19:23:35 [INFO] Sleeping for 60 seconds...
2026-03-25 19:24:35 [INFO] Current RSI: 77.41, Price: $71370.00
2026-03-25 19:24:35 [INFO] No signal (neutral/bearish, flat)
2026-03-25 19:24:35 [INFO] Sleeping for 60 seconds...
2026-03-25 19:25:35 [INFO] Current RSI: 77.50, Price: $71380.00
2026-03-25 19:25:35 [INFO] No signal (neutral/bearish, flat)
2026-03-25 19:25:35 [INFO] Sleeping for 60 seconds...
2026-03-25 19:26:35 [INFO] Current RSI: 77.36, Price: $71365.00
2026-03-25 19:26:35 [INFO] No signal (neutral/bearish, flat)
2026-03-25 19:26:35 [INFO] Sleeping for 60 seconds...
2026-03-25 19:27:35 [INFO] Current RSI: 77.45, Price: $71374.00
2026-03-25 19:27:35 [INFO] No signal (neutral/bearish, flat)
2026-03-25 19:27:35 [INFO] Sleeping for 60 seconds...
2026-03-25 19:28:35 [INFO] Current RSI: 77.57, Price: $71387.00
2026-03-25 19:28:35 [INFO] No signal (neutral/bearish, flat)
2026-03-25 19:28:35 [INFO] Sleeping for 60 seconds...
2026-03-25 19:29:35 [INFO] Current RSI: 77.48, Price: $71378.00
2026-03-25 19:29:35 [INFO] No signal (neutral/bearish, flat)
2026-03-25 19:29:35 [INFO] Sleeping for 60 seconds...
2026-03-25 19:30:35 [INFO] Current RSI: 77.23, Price: $71352.00
2026-03-25 19:30:35 [INFO] No signal (neutral/bearish, flat)
2026-03-25 19:30:35 [INFO] Sleeping for 60 seconds...
2026-03-25 19:31:35 [INFO] Current RSI: 77.45, Price: $71374.00
2026-03-25 19:31:35 [INFO] No signal (neutral/bearish, flat)
2026-03-25 19:31:35 [INFO] Sleeping for 60 seconds...
2026-03-25 19:32:35 [INFO] Current RSI: 76.30, Price: $71293.00
2026-03-25 19:32:35 [INFO] No signal (neutral/bearish, flat)
2026-03-25 19:32:35 [INFO] Sleeping for 60 seconds...
2026-03-25 19:33:35 [INFO] Current RSI: 76.14, Price: $71288.00
2026-03-25 19:33:35 [INFO] No signal (neutral/bearish, flat)
2026-03-25 19:33:35 [INFO] Sleeping for 60 seconds...
2026-03-25 19:34:35 [INFO] Current RSI: 77.12, Price: $71340.00
2026-03-25 19:34:35 [INFO] No signal (neutral/bearish, flat)
2026-03-25 19:34:35 [INFO] Sleeping for 60 seconds...
2026-03-25 19:35:36 [INFO] Current RSI: 76.99, Price: $71327.00
2026-03-25 19:35:36 [INFO] No signal (neutral/bearish, flat)
2026-03-25 19:35:36 [INFO] Sleeping for 60 seconds...
2026-03-25 19:36:36 [INFO] Current RSI: 76.77, Price: $71307.00
2026-03-25 19:36:36 [INFO] No signal (neutral/bearish, flat)
2026-03-25 19:36:36 [INFO] Sleeping for 60 seconds...
2026-03-25 19:37:36 [INFO] Current RSI: 76.81, Price: $71309.00
2026-03-25 19:37:36 [INFO] No signal (neutral/bearish, flat)
2026-03-25 19:37:36 [INFO] Sleeping for 60 seconds...
2026-03-25 19:38:36 [INFO] Current RSI: 77.16, Price: $71344.00
2026-03-25 19:38:36 [INFO] No signal (neutral/bearish, flat)
2026-03-25 19:38:36 [INFO] Sleeping for 60 seconds...
2026-03-25 19:39:36 [INFO] Current RSI: 76.88, Price: $71316.00
2026-03-25 19:39:36 [INFO] No signal (neutral/bearish, flat)
2026-03-25 19:39:36 [INFO] Sleeping for 60 seconds...
2026-03-25 19:40:36 [INFO] Current RSI: 76.47, Price: $71298.00
2026-03-25 19:40:36 [INFO] No signal (neutral/bearish, flat)
2026-03-25 19:40:36 [INFO] Sleeping for 60 seconds...
2026-03-25 19:41:36 [INFO] Current RSI: 76.80, Price: $71308.00
2026-03-25 19:41:36 [INFO] No signal (neutral/bearish, flat)
2026-03-25 19:41:36 [INFO] Sleeping for 60 seconds...
2026-03-25 19:42:36 [INFO] Current RSI: 75.91, Price: $71281.00
2026-03-25 19:42:36 [INFO] No signal (neutral/bearish, flat)
2026-03-25 19:42:36 [INFO] Sleeping for 60 seconds...
2026-03-25 19:43:36 [INFO] Current RSI: 77.05, Price: $71333.00
2026-03-25 19:43:36 [INFO] No signal (neutral/bearish, flat)
2026-03-25 19:43:36 [INFO] Sleeping for 60 seconds...
2026-03-25 19:44:36 [INFO] Current RSI: 77.48, Price: $71378.00
2026-03-25 19:44:36 [INFO] No signal (neutral/bearish, flat)
2026-03-25 19:44:36 [INFO] Sleeping for 60 seconds...
2026-03-25 19:45:36 [INFO] Current RSI: 78.10, Price: $71445.00
2026-03-25 19:45:36 [INFO] No signal (neutral/bearish, flat)
2026-03-25 19:45:36 [INFO] Sleeping for 60 seconds...
2026-03-25 19:46:36 [INFO] Current RSI: 78.27, Price: $71464.00
2026-03-25 19:46:36 [INFO] No signal (neutral/bearish, flat)
2026-03-25 19:46:36 [INFO] Sleeping for 60 seconds...
2026-03-25 19:47:36 [INFO] Current RSI: 78.14, Price: $71449.00
2026-03-25 19:47:36 [INFO] No signal (neutral/bearish, flat)
2026-03-25 19:47:36 [INFO] Sleeping for 60 seconds...
2026-03-25 19:48:37 [INFO] Current RSI: 78.76, Price: $71521.00
2026-03-25 19:48:37 [INFO] No signal (neutral/bearish, flat)
2026-03-25 19:48:37 [INFO] Sleeping for 60 seconds...
2026-03-25 19:49:37 [INFO] Current RSI: 78.58, Price: $71500.00
2026-03-25 19:49:37 [INFO] No signal (neutral/bearish, flat)
2026-03-25 19:49:37 [INFO] Sleeping for 60 seconds...
2026-03-25 19:50:37 [INFO] Current RSI: 78.71, Price: $71515.00
2026-03-25 19:50:37 [INFO] No signal (neutral/bearish, flat)
2026-03-25 19:50:37 [INFO] Sleeping for 60 seconds...
2026-03-25 19:51:37 [INFO] Current RSI: 78.87, Price: $71534.00
2026-03-25 19:51:37 [INFO] No signal (neutral/bearish, flat)
2026-03-25 19:51:37 [INFO] Sleeping for 60 seconds...
2026-03-25 19:52:37 [INFO] Current RSI: 78.84, Price: $71530.00
2026-03-25 19:52:37 [INFO] No signal (neutral/bearish, flat)
2026-03-25 19:52:37 [INFO] Sleeping for 60 seconds...
2026-03-25 19:53:37 [INFO] Current RSI: 78.79, Price: $71524.00
2026-03-25 19:53:37 [INFO] No signal (neutral/bearish, flat)
2026-03-25 19:53:37 [INFO] Sleeping for 60 seconds...
2026-03-25 19:54:37 [INFO] Current RSI: 79.02, Price: $71552.00
2026-03-25 19:54:37 [INFO] No signal (neutral/bearish, flat)
2026-03-25 19:54:37 [INFO] Sleeping for 60 seconds...
2026-03-25 19:55:37 [INFO] Current RSI: 79.00, Price: $71550.00
2026-03-25 19:55:37 [INFO] No signal (neutral/bearish, flat)
2026-03-25 19:55:37 [INFO] Sleeping for 60 seconds...
2026-03-25 19:56:37 [INFO] Current RSI: 78.66, Price: $71509.00
2026-03-25 19:56:37 [INFO] No signal (neutral/bearish, flat)
2026-03-25 19:56:37 [INFO] Sleeping for 60 seconds...
2026-03-25 19:57:37 [INFO] Current RSI: 78.63, Price: $71506.00
2026-03-25 19:57:37 [INFO] No signal (neutral/bearish, flat)
2026-03-25 19:57:37 [INFO] Sleeping for 60 seconds...
2026-03-25 19:58:37 [INFO] Current RSI: 78.62, Price: $71504.00
2026-03-25 19:58:37 [INFO] No signal (neutral/bearish, flat)
2026-03-25 19:58:37 [INFO] Sleeping for 60 seconds...
2026-03-25 19:59:37 [INFO] Current RSI: 78.23, Price: $71460.00
2026-03-25 19:59:37 [INFO] No signal (neutral/bearish, flat)
2026-03-25 19:59:37 [INFO] Sleeping for 60 seconds...
2026-03-25 20:00:37 [INFO] Current RSI: 75.29, Price: $71447.00
2026-03-25 20:00:37 [INFO] No signal (neutral/bearish, flat)
2026-03-25 20:00:37 [INFO] Sleeping for 60 seconds...
2026-03-25 20:01:38 [INFO] Current RSI: 76.02, Price: $71474.00
2026-03-25 20:01:38 [INFO] No signal (neutral/bearish, flat)
2026-03-25 20:01:38 [INFO] Sleeping for 60 seconds...
2026-03-25 20:02:38 [INFO] Current RSI: 75.49, Price: $71453.00
2026-03-25 20:02:38 [INFO] No signal (neutral/bearish, flat)
2026-03-25 20:02:38 [INFO] Sleeping for 60 seconds...
2026-03-25 20:03:38 [INFO] Current RSI: 75.26, Price: $71446.00
2026-03-25 20:03:38 [INFO] No signal (neutral/bearish, flat)
2026-03-25 20:03:38 [INFO] Sleeping for 60 seconds...
2026-03-25 20:04:38 [INFO] Current RSI: 75.70, Price: $71459.00
2026-03-25 20:04:38 [INFO] No signal (neutral/bearish, flat)
2026-03-25 20:04:38 [INFO] Sleeping for 60 seconds...
2026-03-25 20:05:38 [INFO] Current RSI: 76.12, Price: $71483.00
2026-03-25 20:05:38 [INFO] No signal (neutral/bearish, flat)
2026-03-25 20:05:38 [INFO] Sleeping for 60 seconds...
2026-03-25 20:06:38 [INFO] Current RSI: 75.32, Price: $71448.00
2026-03-25 20:06:38 [INFO] No signal (neutral/bearish, flat)
2026-03-25 20:06:38 [INFO] Sleeping for 60 seconds...
2026-03-25 20:07:38 [INFO] Current RSI: 76.04, Price: $71476.00
2026-03-25 20:07:38 [INFO] No signal (neutral/bearish, flat)
2026-03-25 20:07:38 [INFO] Sleeping for 60 seconds...
2026-03-25 20:08:38 [INFO] Current RSI: 76.32, Price: $71502.00
2026-03-25 20:08:38 [INFO] No signal (neutral/bearish, flat)
2026-03-25 20:08:38 [INFO] Sleeping for 60 seconds...
2026-03-25 20:09:38 [INFO] Current RSI: 76.33, Price: $71503.00
2026-03-25 20:09:38 [INFO] No signal (neutral/bearish, flat)
2026-03-25 20:09:38 [INFO] Sleeping for 60 seconds...
2026-03-25 20:10:38 [INFO] Current RSI: 76.15, Price: $71486.00
2026-03-25 20:10:38 [INFO] No signal (neutral/bearish, flat)
2026-03-25 20:10:38 [INFO] Sleeping for 60 seconds...
2026-03-25 20:11:39 [INFO] Current RSI: 76.52, Price: $71522.00
2026-03-25 20:11:39 [INFO] No signal (neutral/bearish, flat)
2026-03-25 20:11:39 [INFO] Sleeping for 60 seconds...
2026-03-25 20:12:39 [INFO] Current RSI: 76.46, Price: $71516.00
2026-03-25 20:12:39 [INFO] No signal (neutral/bearish, flat)
2026-03-25 20:12:39 [INFO] Sleeping for 60 seconds...
2026-03-25 20:13:39 [INFO] Current RSI: 76.81, Price: $71550.00
2026-03-25 20:13:39 [INFO] No signal (neutral/bearish, flat)
2026-03-25 20:13:39 [INFO] Sleeping for 60 seconds...
2026-03-25 20:14:39 [INFO] Current RSI: 76.86, Price: $71555.00
2026-03-25 20:14:39 [INFO] No signal (neutral/bearish, flat)
2026-03-25 20:14:39 [INFO] Sleeping for 60 seconds...
2026-03-25 20:15:39 [INFO] Current RSI: 77.46, Price: $71617.00
2026-03-25 20:15:39 [INFO] No signal (neutral/bearish, flat)
2026-03-25 20:15:39 [INFO] Sleeping for 60 seconds...
2026-03-25 20:16:39 [INFO] Current RSI: 77.37, Price: $71607.00
2026-03-25 20:16:39 [INFO] No signal (neutral/bearish, flat)
2026-03-25 20:16:39 [INFO] Sleeping for 60 seconds...
2026-03-25 20:17:39 [INFO] Current RSI: 77.38, Price: $71608.00
2026-03-25 20:17:39 [INFO] No signal (neutral/bearish, flat)
2026-03-25 20:17:39 [INFO] Sleeping for 60 seconds...
2026-03-25 20:18:39 [INFO] Current RSI: 77.67, Price: $71639.00
2026-03-25 20:18:39 [INFO] No signal (neutral/bearish, flat)
2026-03-25 20:18:39 [INFO] Sleeping for 60 seconds...
2026-03-25 20:19:39 [INFO] Current RSI: 77.81, Price: $71654.00
2026-03-25 20:19:39 [INFO] No signal (neutral/bearish, flat)
2026-03-25 20:19:39 [INFO] Sleeping for 60 seconds...
2026-03-25 20:20:39 [INFO] Current RSI: 78.23, Price: $71701.00
2026-03-25 20:20:39 [INFO] No signal (neutral/bearish, flat)
2026-03-25 20:20:39 [INFO] Sleeping for 60 seconds...
2026-03-25 20:21:39 [INFO] Current RSI: 77.87, Price: $71660.00
2026-03-25 20:21:39 [INFO] No signal (neutral/bearish, flat)
2026-03-25 20:21:39 [INFO] Sleeping for 60 seconds...
2026-03-25 20:22:39 [INFO] Current RSI: 77.73, Price: $71645.00
2026-03-25 20:22:39 [INFO] No signal (neutral/bearish, flat)
2026-03-25 20:22:39 [INFO] Sleeping for 60 seconds...
2026-03-25 20:23:39 [INFO] Current RSI: 78.02, Price: $71677.00
2026-03-25 20:23:39 [INFO] No signal (neutral/bearish, flat)
2026-03-25 20:23:39 [INFO] Sleeping for 60 seconds...
2026-03-25 20:24:40 [INFO] Current RSI: 78.11, Price: $71687.00
2026-03-25 20:24:40 [INFO] No signal (neutral/bearish, flat)
2026-03-25 20:24:40 [INFO] Sleeping for 60 seconds...
2026-03-25 20:25:40 [INFO] Current RSI: 77.95, Price: $71669.00
2026-03-25 20:25:40 [INFO] No signal (neutral/bearish, flat)
2026-03-25 20:25:40 [INFO] Sleeping for 60 seconds...
2026-03-25 20:26:40 [INFO] Current RSI: 78.77, Price: $71763.00
2026-03-25 20:26:40 [INFO] No signal (neutral/bearish, flat)
2026-03-25 20:26:40 [INFO] Sleeping for 60 seconds...
2026-03-25 20:27:40 [INFO] Current RSI: 78.81, Price: $71768.00
2026-03-25 20:27:40 [INFO] No signal (neutral/bearish, flat)
2026-03-25 20:27:40 [INFO] Sleeping for 60 seconds...
2026-03-25 20:28:40 [INFO] Current RSI: 78.90, Price: $71778.00
2026-03-25 20:28:40 [INFO] No signal (neutral/bearish, flat)
2026-03-25 20:28:40 [INFO] Sleeping for 60 seconds...
2026-03-25 20:29:40 [INFO] Current RSI: 78.82, Price: $71769.00
2026-03-25 20:29:40 [INFO] No signal (neutral/bearish, flat)
2026-03-25 20:29:40 [INFO] Sleeping for 60 seconds...
2026-03-25 20:30:40 [INFO] Current RSI: 79.86, Price: $71899.00
2026-03-25 20:30:40 [INFO] No signal (neutral/bearish, flat)
2026-03-25 20:30:40 [INFO] Sleeping for 60 seconds...
2026-03-25 20:31:41 [INFO] Current RSI: 80.15, Price: $71938.00
2026-03-25 20:31:41 [INFO] No signal (neutral/bearish, flat)
2026-03-25 20:31:41 [INFO] Sleeping for 60 seconds...
2026-03-25 20:32:41 [INFO] Current RSI: 79.76, Price: $71886.00
2026-03-25 20:32:41 [INFO] No signal (neutral/bearish, flat)
2026-03-25 20:32:41 [INFO] Sleeping for 60 seconds...
2026-03-25 20:33:41 [INFO] Current RSI: 80.32, Price: $71962.00
2026-03-25 20:33:41 [INFO] No signal (neutral/bearish, flat)
2026-03-25 20:33:41 [INFO] Sleeping for 60 seconds...
2026-03-25 20:34:41 [INFO] Current RSI: 79.99, Price: $71916.00
2026-03-25 20:34:41 [INFO] No signal (neutral/bearish, flat)
2026-03-25 20:34:41 [INFO] Sleeping for 60 seconds...
2026-03-25 20:35:41 [INFO] Current RSI: 80.32, Price: $71961.00
2026-03-25 20:35:41 [INFO] No signal (neutral/bearish, flat)
2026-03-25 20:35:41 [INFO] Sleeping for 60 seconds...
2026-03-25 20:36:41 [INFO] Current RSI: 79.13, Price: $71806.00
2026-03-25 20:36:41 [INFO] No signal (neutral/bearish, flat)
2026-03-25 20:36:41 [INFO] Sleeping for 60 seconds...
2026-03-25 20:37:41 [INFO] Current RSI: 79.56, Price: $71861.00
2026-03-25 20:37:41 [INFO] No signal (neutral/bearish, flat)
2026-03-25 20:37:41 [INFO] Sleeping for 60 seconds...
2026-03-25 20:38:41 [INFO] Current RSI: 79.85, Price: $71898.00
2026-03-25 20:38:41 [INFO] No signal (neutral/bearish, flat)
2026-03-25 20:38:41 [INFO] Sleeping for 60 seconds...
2026-03-25 20:39:41 [INFO] Current RSI: 79.98, Price: $71915.00
2026-03-25 20:39:41 [INFO] No signal (neutral/bearish, flat)
2026-03-25 20:39:41 [INFO] Sleeping for 60 seconds...
2026-03-25 20:40:41 [INFO] Current RSI: 79.43, Price: $71844.00
2026-03-25 20:40:41 [INFO] No signal (neutral/bearish, flat)
2026-03-25 20:40:41 [INFO] Sleeping for 60 seconds...
2026-03-25 20:41:41 [INFO] Current RSI: 79.14, Price: $71808.00
2026-03-25 20:41:41 [INFO] No signal (neutral/bearish, flat)
2026-03-25 20:41:41 [INFO] Sleeping for 60 seconds...
2026-03-25 20:42:41 [INFO] Current RSI: 78.95, Price: $71785.00
2026-03-25 20:42:41 [INFO] No signal (neutral/bearish, flat)
2026-03-25 20:42:41 [INFO] Sleeping for 60 seconds...
2026-03-25 20:43:41 [INFO] Current RSI: 78.77, Price: $71763.00
2026-03-25 20:43:41 [INFO] No signal (neutral/bearish, flat)
2026-03-25 20:43:41 [INFO] Sleeping for 60 seconds...
2026-03-25 20:44:41 [INFO] Current RSI: 78.83, Price: $71770.00
2026-03-25 20:44:41 [INFO] No signal (neutral/bearish, flat)
2026-03-25 20:44:41 [INFO] Sleeping for 60 seconds...
2026-03-25 20:45:41 [INFO] Current RSI: 78.70, Price: $71755.00
2026-03-25 20:45:41 [INFO] No signal (neutral/bearish, flat)
2026-03-25 20:45:41 [INFO] Sleeping for 60 seconds...
2026-03-25 20:46:41 [INFO] Current RSI: 78.70, Price: $71755.00
2026-03-25 20:46:41 [INFO] No signal (neutral/bearish, flat)
2026-03-25 20:46:41 [INFO] Sleeping for 60 seconds...
2026-03-25 20:47:42 [INFO] Current RSI: 78.05, Price: $71680.00
2026-03-25 20:47:42 [INFO] No signal (neutral/bearish, flat)
2026-03-25 20:47:42 [INFO] Sleeping for 60 seconds...
2026-03-25 20:48:42 [INFO] Current RSI: 77.35, Price: $71605.00
2026-03-25 20:48:42 [INFO] No signal (neutral/bearish, flat)
2026-03-25 20:48:42 [INFO] Sleeping for 60 seconds...
2026-03-25 20:49:42 [INFO] Current RSI: 76.50, Price: $71520.00
2026-03-25 20:49:42 [INFO] No signal (neutral/bearish, flat)
2026-03-25 20:49:42 [INFO] Sleeping for 60 seconds...
2026-03-25 20:50:42 [INFO] Current RSI: 77.54, Price: $71625.00
2026-03-25 20:50:42 [INFO] No signal (neutral/bearish, flat)
2026-03-25 20:50:42 [INFO] Sleeping for 60 seconds...
2026-03-25 20:51:42 [INFO] Current RSI: 76.93, Price: $71562.00
2026-03-25 20:51:42 [INFO] No signal (neutral/bearish, flat)
2026-03-25 20:51:42 [INFO] Sleeping for 60 seconds...
2026-03-25 20:52:43 [INFO] Current RSI: 77.25, Price: $71595.00
2026-03-25 20:52:43 [INFO] No signal (neutral/bearish, flat)
2026-03-25 20:52:43 [INFO] Sleeping for 60 seconds...
2026-03-25 20:53:44 [INFO] Current RSI: 77.00, Price: $71569.00
2026-03-25 20:53:44 [INFO] No signal (neutral/bearish, flat)
2026-03-25 20:53:44 [INFO] Sleeping for 60 seconds...
2026-03-25 20:54:44 [INFO] Current RSI: 77.29, Price: $71599.00
2026-03-25 20:54:44 [INFO] No signal (neutral/bearish, flat)
2026-03-25 20:54:44 [INFO] Sleeping for 60 seconds...
2026-03-25 20:55:44 [INFO] Current RSI: 77.72, Price: $71644.00
2026-03-25 20:55:44 [INFO] No signal (neutral/bearish, flat)
2026-03-25 20:55:44 [INFO] Sleeping for 60 seconds...
2026-03-25 20:56:44 [INFO] Current RSI: 77.62, Price: $71633.00
2026-03-25 20:56:44 [INFO] No signal (neutral/bearish, flat)
2026-03-25 20:56:44 [INFO] Sleeping for 60 seconds...
2026-03-25 20:57:44 [INFO] Current RSI: 77.42, Price: $71612.00
2026-03-25 20:57:44 [INFO] No signal (neutral/bearish, flat)
2026-03-25 20:57:44 [INFO] Sleeping for 60 seconds...
2026-03-25 20:58:45 [INFO] Current RSI: 77.84, Price: $71657.00
2026-03-25 20:58:45 [INFO] No signal (neutral/bearish, flat)
2026-03-25 20:58:45 [INFO] Sleeping for 60 seconds...
2026-03-25 20:59:45 [INFO] Current RSI: 77.75, Price: $71647.00
2026-03-25 20:59:45 [INFO] No signal (neutral/bearish, flat)
2026-03-25 20:59:45 [INFO] Sleeping for 60 seconds...
2026-03-25 21:00:45 [INFO] Current RSI: 78.79, Price: $71680.00
2026-03-25 21:00:45 [INFO] No signal (neutral/bearish, flat)
2026-03-25 21:00:45 [INFO] Sleeping for 60 seconds...
2026-03-25 21:01:45 [INFO] Current RSI: 79.11, Price: $71717.00
2026-03-25 21:01:45 [INFO] No signal (neutral/bearish, flat)
2026-03-25 21:01:45 [INFO] Sleeping for 60 seconds...
2026-03-25 21:02:45 [INFO] Current RSI: 79.39, Price: $71750.00
2026-03-25 21:02:45 [INFO] No signal (neutral/bearish, flat)
2026-03-25 21:02:45 [INFO] Sleeping for 60 seconds...
2026-03-25 21:03:45 [INFO] Current RSI: 79.28, Price: $71737.00
2026-03-25 21:03:45 [INFO] No signal (neutral/bearish, flat)
2026-03-25 21:03:45 [INFO] Sleeping for 60 seconds...
2026-03-25 21:04:45 [INFO] Current RSI: 79.47, Price: $71760.00
2026-03-25 21:04:45 [INFO] No signal (neutral/bearish, flat)
2026-03-25 21:04:45 [INFO] Sleeping for 60 seconds...
2026-03-25 21:05:45 [INFO] Current RSI: 79.35, Price: $71746.00
2026-03-25 21:05:45 [INFO] No signal (neutral/bearish, flat)
2026-03-25 21:05:45 [INFO] Sleeping for 60 seconds...
2026-03-25 21:06:45 [INFO] Current RSI: 79.79, Price: $71800.00
2026-03-25 21:06:45 [INFO] No signal (neutral/bearish, flat)
2026-03-25 21:06:45 [INFO] Sleeping for 60 seconds...
2026-03-25 21:07:45 [INFO] Current RSI: 79.82, Price: $71803.00
2026-03-25 21:07:45 [INFO] No signal (neutral/bearish, flat)
2026-03-25 21:07:45 [INFO] Sleeping for 60 seconds...
2026-03-25 21:08:46 [INFO] Current RSI: 79.79, Price: $71800.00
2026-03-25 21:08:46 [INFO] No signal (neutral/bearish, flat)
2026-03-25 21:08:46 [INFO] Sleeping for 60 seconds...
2026-03-25 21:09:46 [INFO] Current RSI: 79.75, Price: $71794.00
2026-03-25 21:09:46 [INFO] No signal (neutral/bearish, flat)
2026-03-25 21:09:46 [INFO] Sleeping for 60 seconds...
2026-03-25 21:10:46 [INFO] Current RSI: 79.59, Price: $71774.00
2026-03-25 21:10:46 [INFO] No signal (neutral/bearish, flat)
2026-03-25 21:10:46 [INFO] Sleeping for 60 seconds...
2026-03-25 21:11:46 [INFO] Current RSI: 79.84, Price: $71806.00
2026-03-25 21:11:46 [INFO] No signal (neutral/bearish, flat)
2026-03-25 21:11:46 [INFO] Sleeping for 60 seconds...
2026-03-25 21:12:46 [INFO] Current RSI: 79.54, Price: $71768.00
2026-03-25 21:12:46 [INFO] No signal (neutral/bearish, flat)
2026-03-25 21:12:46 [INFO] Sleeping for 60 seconds...
2026-03-25 21:13:46 [INFO] Current RSI: 79.35, Price: $71745.00
2026-03-25 21:13:46 [INFO] No signal (neutral/bearish, flat)
2026-03-25 21:13:46 [INFO] Sleeping for 60 seconds...
2026-03-25 21:14:46 [INFO] Current RSI: 79.19, Price: $71726.00
2026-03-25 21:14:46 [INFO] No signal (neutral/bearish, flat)
2026-03-25 21:14:46 [INFO] Sleeping for 60 seconds...
2026-03-25 21:15:46 [INFO] Current RSI: 78.97, Price: $71701.00
2026-03-25 21:15:46 [INFO] No signal (neutral/bearish, flat)
2026-03-25 21:15:46 [INFO] Sleeping for 60 seconds...
2026-03-25 21:16:46 [INFO] Current RSI: 75.33, Price: $71553.00
2026-03-25 21:16:46 [INFO] No signal (neutral/bearish, flat)
2026-03-25 21:16:46 [INFO] Sleeping for 60 seconds...
2026-03-25 21:17:46 [INFO] Current RSI: 73.05, Price: $71475.00
2026-03-25 21:17:46 [INFO] No signal (neutral/bearish, flat)
2026-03-25 21:17:46 [INFO] Sleeping for 60 seconds...
2026-03-25 21:18:46 [INFO] Current RSI: 70.98, Price: $71400.00
2026-03-25 21:18:46 [INFO] No signal (neutral/bearish, flat)
2026-03-25 21:18:46 [INFO] Sleeping for 60 seconds...
2026-03-25 21:19:46 [INFO] Current RSI: 71.11, Price: $71405.00
2026-03-25 21:19:46 [INFO] No signal (neutral/bearish, flat)
2026-03-25 21:19:46 [INFO] Sleeping for 60 seconds...
2026-03-25 21:20:46 [INFO] Current RSI: 70.95, Price: $71399.00
2026-03-25 21:20:46 [INFO] No signal (neutral/bearish, flat)
2026-03-25 21:20:46 [INFO] Sleeping for 60 seconds...
2026-03-25 21:21:46 [INFO] Current RSI: 69.50, Price: $71344.00
2026-03-25 21:21:46 [INFO] No signal (neutral/bearish, flat)
2026-03-25 21:21:46 [INFO] Sleeping for 60 seconds...
2026-03-25 21:22:46 [INFO] Current RSI: 67.72, Price: $71273.00
2026-03-25 21:22:46 [INFO] No signal (neutral/bearish, flat)
2026-03-25 21:22:46 [INFO] Sleeping for 60 seconds...
2026-03-25 21:23:47 [INFO] Current RSI: 65.41, Price: $71175.00
2026-03-25 21:23:47 [INFO] No signal (neutral/bearish, flat)
2026-03-25 21:23:47 [INFO] Sleeping for 60 seconds...
2026-03-25 21:24:47 [INFO] Current RSI: 65.94, Price: $71198.00
2026-03-25 21:24:47 [INFO] No signal (neutral/bearish, flat)
2026-03-25 21:24:47 [INFO] Sleeping for 60 seconds...
2026-03-25 21:25:47 [INFO] Current RSI: 66.69, Price: $71230.00
2026-03-25 21:25:47 [INFO] No signal (neutral/bearish, flat)
2026-03-25 21:25:47 [INFO] Sleeping for 60 seconds...
2026-03-25 21:26:47 [INFO] Current RSI: 67.70, Price: $71272.00
2026-03-25 21:26:47 [INFO] No signal (neutral/bearish, flat)
2026-03-25 21:26:47 [INFO] Sleeping for 60 seconds...
2026-03-25 21:27:47 [INFO] Current RSI: 67.82, Price: $71277.00
2026-03-25 21:27:47 [INFO] No signal (neutral/bearish, flat)
2026-03-25 21:27:47 [INFO] Sleeping for 60 seconds...
2026-03-25 21:28:47 [INFO] Current RSI: 66.31, Price: $71214.00
2026-03-25 21:28:47 [INFO] No signal (neutral/bearish, flat)
2026-03-25 21:28:47 [INFO] Sleeping for 60 seconds...
2026-03-25 21:29:47 [INFO] Current RSI: 68.37, Price: $71299.00
2026-03-25 21:29:47 [INFO] No signal (neutral/bearish, flat)
2026-03-25 21:29:47 [INFO] Sleeping for 60 seconds...
2026-03-25 21:30:47 [INFO] Current RSI: 66.52, Price: $71223.00
2026-03-25 21:30:47 [INFO] No signal (neutral/bearish, flat)
2026-03-25 21:30:47 [INFO] Sleeping for 60 seconds...
2026-03-25 21:31:47 [INFO] Current RSI: 65.30, Price: $71170.00
2026-03-25 21:31:47 [INFO] No signal (neutral/bearish, flat)
2026-03-25 21:31:47 [INFO] Sleeping for 60 seconds...
2026-03-25 21:32:47 [INFO] Current RSI: 65.89, Price: $71196.00
2026-03-25 21:32:47 [INFO] No signal (neutral/bearish, flat)
2026-03-25 21:32:47 [INFO] Sleeping for 60 seconds...
2026-03-25 21:33:47 [INFO] Current RSI: 67.53, Price: $71265.00
2026-03-25 21:33:47 [INFO] No signal (neutral/bearish, flat)
2026-03-25 21:33:47 [INFO] Sleeping for 60 seconds...
2026-03-25 21:34:47 [INFO] Current RSI: 68.94, Price: $71322.00
2026-03-25 21:34:47 [INFO] No signal (neutral/bearish, flat)
2026-03-25 21:34:47 [INFO] Sleeping for 60 seconds...
2026-03-25 21:35:47 [INFO] Current RSI: 68.14, Price: $71290.00
2026-03-25 21:35:47 [INFO] No signal (neutral/bearish, flat)
2026-03-25 21:35:47 [INFO] Sleeping for 60 seconds...
2026-03-25 21:36:48 [INFO] Current RSI: 68.54, Price: $71306.00
2026-03-25 21:36:48 [INFO] No signal (neutral/bearish, flat)
2026-03-25 21:36:48 [INFO] Sleeping for 60 seconds...
2026-03-25 21:37:48 [INFO] Current RSI: 68.37, Price: $71299.00
2026-03-25 21:37:48 [INFO] No signal (neutral/bearish, flat)
2026-03-25 21:37:48 [INFO] Sleeping for 60 seconds...
2026-03-25 21:38:48 [INFO] Current RSI: 69.40, Price: $71340.00
2026-03-25 21:38:48 [INFO] No signal (neutral/bearish, flat)
2026-03-25 21:38:48 [INFO] Sleeping for 60 seconds...
2026-03-25 21:39:48 [INFO] Current RSI: 69.81, Price: $71356.00
2026-03-25 21:39:48 [INFO] No signal (neutral/bearish, flat)
2026-03-25 21:39:48 [INFO] Sleeping for 60 seconds...
2026-03-25 21:40:48 [INFO] Current RSI: 70.60, Price: $71386.00
2026-03-25 21:40:48 [INFO] No signal (neutral/bearish, flat)
2026-03-25 21:40:48 [INFO] Sleeping for 60 seconds...
2026-03-25 21:41:48 [INFO] Current RSI: 71.19, Price: $71408.00
2026-03-25 21:41:48 [INFO] No signal (neutral/bearish, flat)
2026-03-25 21:41:48 [INFO] Sleeping for 60 seconds...
2026-03-25 21:42:48 [INFO] Current RSI: 72.01, Price: $71438.00
2026-03-25 21:42:48 [INFO] No signal (neutral/bearish, flat)
2026-03-25 21:42:48 [INFO] Sleeping for 60 seconds...
2026-03-25 21:43:48 [INFO] Current RSI: 70.98, Price: $71400.00
2026-03-25 21:43:48 [INFO] No signal (neutral/bearish, flat)
2026-03-25 21:43:48 [INFO] Sleeping for 60 seconds...
2026-03-25 21:44:48 [INFO] Current RSI: 69.50, Price: $71344.00
2026-03-25 21:44:48 [INFO] No signal (neutral/bearish, flat)
2026-03-25 21:44:48 [INFO] Sleeping for 60 seconds...
2026-03-25 21:45:48 [INFO] Current RSI: 68.79, Price: $71316.00
2026-03-25 21:45:48 [INFO] No signal (neutral/bearish, flat)
2026-03-25 21:45:48 [INFO] Sleeping for 60 seconds...
2026-03-25 21:46:49 [INFO] Current RSI: 68.59, Price: $71308.00
2026-03-25 21:46:49 [INFO] No signal (neutral/bearish, flat)
2026-03-25 21:46:49 [INFO] Sleeping for 60 seconds...
2026-03-25 21:47:49 [INFO] Current RSI: 67.75, Price: $71274.00
2026-03-25 21:47:49 [INFO] No signal (neutral/bearish, flat)
2026-03-25 21:47:49 [INFO] Sleeping for 60 seconds...
2026-03-25 21:48:49 [INFO] Current RSI: 67.41, Price: $71260.00
2026-03-25 21:48:49 [INFO] No signal (neutral/bearish, flat)
2026-03-25 21:48:49 [INFO] Sleeping for 60 seconds...
2026-03-25 21:49:49 [INFO] Current RSI: 68.17, Price: $71291.00
2026-03-25 21:49:49 [INFO] No signal (neutral/bearish, flat)
2026-03-25 21:49:49 [INFO] Sleeping for 60 seconds...
2026-03-25 21:50:49 [INFO] Current RSI: 68.17, Price: $71291.00
2026-03-25 21:50:49 [INFO] No signal (neutral/bearish, flat)
2026-03-25 21:50:49 [INFO] Sleeping for 60 seconds...
2026-03-25 21:51:49 [INFO] Current RSI: 67.82, Price: $71277.00
2026-03-25 21:51:49 [INFO] No signal (neutral/bearish, flat)
2026-03-25 21:51:49 [INFO] Sleeping for 60 seconds...
2026-03-25 21:52:49 [INFO] Current RSI: 68.39, Price: $71300.00
2026-03-25 21:52:49 [INFO] No signal (neutral/bearish, flat)
2026-03-25 21:52:49 [INFO] Sleeping for 60 seconds...
2026-03-25 21:53:49 [INFO] Current RSI: 69.32, Price: $71337.00
2026-03-25 21:53:49 [INFO] No signal (neutral/bearish, flat)
2026-03-25 21:53:49 [INFO] Sleeping for 60 seconds...
2026-03-25 21:54:49 [INFO] Current RSI: 69.63, Price: $71349.00
2026-03-25 21:54:49 [INFO] No signal (neutral/bearish, flat)
2026-03-25 21:54:49 [INFO] Sleeping for 60 seconds...
2026-03-25 21:55:49 [INFO] Current RSI: 74.70, Price: $71532.00
2026-03-25 21:55:49 [INFO] No signal (neutral/bearish, flat)
2026-03-25 21:55:49 [INFO] Sleeping for 60 seconds...
2026-03-25 21:56:50 [INFO] Current RSI: 79.39, Price: $71750.00
2026-03-25 21:56:50 [INFO] No signal (neutral/bearish, flat)
2026-03-25 21:56:50 [INFO] Sleeping for 60 seconds...
2026-03-25 21:57:50 [INFO] Current RSI: 79.20, Price: $71727.00
2026-03-25 21:57:50 [INFO] No signal (neutral/bearish, flat)
2026-03-25 21:57:50 [INFO] Sleeping for 60 seconds...
2026-03-25 21:58:50 [INFO] Current RSI: 78.64, Price: $71663.00
2026-03-25 21:58:50 [INFO] No signal (neutral/bearish, flat)
2026-03-25 21:58:50 [INFO] Sleeping for 60 seconds...
2026-03-25 21:59:50 [INFO] Current RSI: 79.10, Price: $71716.00
2026-03-25 21:59:50 [INFO] No signal (neutral/bearish, flat)
2026-03-25 21:59:50 [INFO] Sleeping for 60 seconds...
2026-03-25 22:00:50 [INFO] Current RSI: 76.91, Price: $71746.00
2026-03-25 22:00:50 [INFO] No signal (neutral/bearish, flat)
2026-03-25 22:00:50 [INFO] Sleeping for 60 seconds...
2026-03-25 22:01:50 [INFO] Current RSI: 76.74, Price: $71730.00
2026-03-25 22:01:50 [INFO] No signal (neutral/bearish, flat)
2026-03-25 22:01:50 [INFO] Sleeping for 60 seconds...
2026-03-25 22:02:50 [INFO] Current RSI: 77.88, Price: $71844.00
2026-03-25 22:02:50 [INFO] No signal (neutral/bearish, flat)
2026-03-25 22:02:50 [INFO] Sleeping for 60 seconds...
2026-03-25 22:03:50 [INFO] Current RSI: 76.85, Price: $71741.00
2026-03-25 22:03:50 [INFO] No signal (neutral/bearish, flat)
2026-03-25 22:03:50 [INFO] Sleeping for 60 seconds...
2026-03-25 22:04:50 [INFO] Current RSI: 76.87, Price: $71743.00
2026-03-25 22:04:50 [INFO] No signal (neutral/bearish, flat)
2026-03-25 22:04:50 [INFO] Sleeping for 60 seconds...
2026-03-25 22:05:50 [INFO] Current RSI: 76.60, Price: $71717.00
2026-03-25 22:05:50 [INFO] No signal (neutral/bearish, flat)
2026-03-25 22:05:50 [INFO] Sleeping for 60 seconds...
2026-03-25 22:06:50 [INFO] Current RSI: 76.66, Price: $71723.00
2026-03-25 22:06:50 [INFO] No signal (neutral/bearish, flat)
2026-03-25 22:06:50 [INFO] Sleeping for 60 seconds...
2026-03-25 22:07:51 [INFO] Current RSI: 74.78, Price: $71659.00
2026-03-25 22:07:51 [INFO] No signal (neutral/bearish, flat)
2026-03-25 22:07:51 [INFO] Sleeping for 60 seconds...
2026-03-25 22:08:51 [INFO] Current RSI: 74.44, Price: $71649.00
2026-03-25 22:08:51 [INFO] No signal (neutral/bearish, flat)
2026-03-25 22:08:51 [INFO] Sleeping for 60 seconds...
2026-03-25 22:09:51 [INFO] Current RSI: 74.61, Price: $71654.00
2026-03-25 22:09:51 [INFO] No signal (neutral/bearish, flat)
2026-03-25 22:09:51 [INFO] Sleeping for 60 seconds...
2026-03-25 22:10:51 [INFO] Current RSI: 75.15, Price: $71670.00
2026-03-25 22:10:51 [INFO] No signal (neutral/bearish, flat)
2026-03-25 22:10:51 [INFO] Sleeping for 60 seconds...
2026-03-25 22:11:51 [INFO] Current RSI: 76.21, Price: $71701.00
2026-03-25 22:11:51 [INFO] No signal (neutral/bearish, flat)
2026-03-25 22:11:51 [INFO] Sleeping for 60 seconds...
2026-03-25 22:12:51 [INFO] Current RSI: 76.86, Price: $71742.00
2026-03-25 22:12:51 [INFO] No signal (neutral/bearish, flat)
2026-03-25 22:12:51 [INFO] Sleeping for 60 seconds...
2026-03-25 22:13:51 [INFO] Current RSI: 75.66, Price: $71685.00
2026-03-25 22:13:51 [INFO] No signal (neutral/bearish, flat)
2026-03-25 22:13:51 [INFO] Sleeping for 60 seconds...
2026-03-25 22:14:51 [INFO] Current RSI: 76.00, Price: $71695.00
2026-03-25 22:14:51 [INFO] No signal (neutral/bearish, flat)
2026-03-25 22:14:51 [INFO] Sleeping for 60 seconds...
2026-03-25 22:15:51 [INFO] Current RSI: 74.48, Price: $71650.00
2026-03-25 22:15:51 [INFO] No signal (neutral/bearish, flat)
2026-03-25 22:15:51 [INFO] Sleeping for 60 seconds...
2026-03-25 22:16:51 [INFO] Current RSI: 73.20, Price: $71611.00
2026-03-25 22:16:51 [INFO] No signal (neutral/bearish, flat)
2026-03-25 22:16:51 [INFO] Sleeping for 60 seconds...
2026-03-25 22:17:52 [INFO] Current RSI: 73.75, Price: $71628.00
2026-03-25 22:17:52 [INFO] No signal (neutral/bearish, flat)
2026-03-25 22:17:52 [INFO] Sleeping for 60 seconds...
2026-03-25 22:18:52 [INFO] Current RSI: 73.59, Price: $71623.00
2026-03-25 22:18:52 [INFO] No signal (neutral/bearish, flat)
2026-03-25 22:18:52 [INFO] Sleeping for 60 seconds...
2026-03-25 22:19:52 [INFO] Current RSI: 73.98, Price: $71635.00
2026-03-25 22:19:52 [INFO] No signal (neutral/bearish, flat)
2026-03-25 22:19:52 [INFO] Sleeping for 60 seconds...
2026-03-25 22:20:53 [INFO] Current RSI: 75.01, Price: $71666.00
2026-03-25 22:20:53 [INFO] No signal (neutral/bearish, flat)
2026-03-25 22:20:53 [INFO] Sleeping for 60 seconds...
2026-03-25 22:21:53 [INFO] Current RSI: 74.78, Price: $71659.00
2026-03-25 22:21:53 [INFO] No signal (neutral/bearish, flat)
2026-03-25 22:21:53 [INFO] Sleeping for 60 seconds...
2026-03-25 22:22:53 [INFO] Current RSI: 72.88, Price: $71601.00
2026-03-25 22:22:53 [INFO] No signal (neutral/bearish, flat)
2026-03-25 22:22:53 [INFO] Sleeping for 60 seconds...
2026-03-25 22:23:53 [INFO] Current RSI: 73.27, Price: $71613.00
2026-03-25 22:23:53 [INFO] No signal (neutral/bearish, flat)
2026-03-25 22:23:53 [INFO] Sleeping for 60 seconds...
2026-03-25 22:24:53 [INFO] Current RSI: 73.14, Price: $71609.00
2026-03-25 22:24:53 [INFO] No signal (neutral/bearish, flat)
2026-03-25 22:24:53 [INFO] Sleeping for 60 seconds...
2026-03-25 22:25:53 [INFO] Current RSI: 73.04, Price: $71606.00
2026-03-25 22:25:53 [INFO] No signal (neutral/bearish, flat)
2026-03-25 22:25:53 [INFO] Sleeping for 60 seconds...
2026-03-25 22:26:53 [INFO] Current RSI: 72.66, Price: $71594.00
2026-03-25 22:26:53 [INFO] No signal (neutral/bearish, flat)
2026-03-25 22:26:53 [INFO] Sleeping for 60 seconds...
2026-03-25 22:27:53 [INFO] Current RSI: 72.57, Price: $71591.00
2026-03-25 22:27:53 [INFO] No signal (neutral/bearish, flat)
2026-03-25 22:27:53 [INFO] Sleeping for 60 seconds...
2026-03-25 22:28:53 [INFO] Current RSI: 72.76, Price: $71597.00
2026-03-25 22:28:53 [INFO] No signal (neutral/bearish, flat)
2026-03-25 22:28:53 [INFO] Sleeping for 60 seconds...
2026-03-25 22:29:53 [INFO] Current RSI: 73.46, Price: $71619.00
2026-03-25 22:29:53 [INFO] No signal (neutral/bearish, flat)
2026-03-25 22:29:53 [INFO] Sleeping for 60 seconds...
2026-03-25 22:30:53 [INFO] Current RSI: 76.97, Price: $71752.00
2026-03-25 22:30:53 [INFO] No signal (neutral/bearish, flat)
2026-03-25 22:30:53 [INFO] Sleeping for 60 seconds...
2026-03-25 22:31:53 [INFO] Current RSI: 76.95, Price: $71750.00
2026-03-25 22:31:53 [INFO] No signal (neutral/bearish, flat)
2026-03-25 22:31:53 [INFO] Sleeping for 60 seconds...
2026-03-25 22:32:53 [INFO] Current RSI: 77.72, Price: $71827.00
2026-03-25 22:32:53 [INFO] No signal (neutral/bearish, flat)
2026-03-25 22:32:53 [INFO] Sleeping for 60 seconds...
2026-03-25 22:33:54 [INFO] Current RSI: 76.96, Price: $71751.00
2026-03-25 22:33:54 [INFO] No signal (neutral/bearish, flat)
2026-03-25 22:33:54 [INFO] Sleeping for 60 seconds...
2026-03-25 22:34:54 [INFO] Current RSI: 76.92, Price: $71747.00
2026-03-25 22:34:54 [INFO] No signal (neutral/bearish, flat)
2026-03-25 22:34:54 [INFO] Sleeping for 60 seconds...
2026-03-25 22:35:54 [INFO] Current RSI: 77.27, Price: $71782.00
2026-03-25 22:35:54 [INFO] No signal (neutral/bearish, flat)
2026-03-25 22:35:54 [INFO] Sleeping for 60 seconds...
2026-03-25 22:36:54 [INFO] Current RSI: 78.18, Price: $71876.00
2026-03-25 22:36:54 [INFO] No signal (neutral/bearish, flat)
2026-03-25 22:36:54 [INFO] Sleeping for 60 seconds...
2026-03-25 22:37:54 [INFO] Current RSI: 77.95, Price: $71851.00
2026-03-25 22:37:54 [INFO] No signal (neutral/bearish, flat)
2026-03-25 22:37:54 [INFO] Sleeping for 60 seconds...
2026-03-25 22:38:54 [INFO] Current RSI: 77.97, Price: $71853.00
2026-03-25 22:38:54 [INFO] No signal (neutral/bearish, flat)
2026-03-25 22:38:54 [INFO] Sleeping for 60 seconds...
2026-03-25 22:39:54 [INFO] Current RSI: 77.58, Price: $71813.00
2026-03-25 22:39:54 [INFO] No signal (neutral/bearish, flat)
2026-03-25 22:39:54 [INFO] Sleeping for 60 seconds...
2026-03-25 22:40:54 [INFO] Current RSI: 78.30, Price: $71888.00
2026-03-25 22:40:54 [INFO] No signal (neutral/bearish, flat)
2026-03-25 22:40:54 [INFO] Sleeping for 60 seconds...
2026-03-25 22:41:54 [INFO] Current RSI: 78.20, Price: $71878.00
2026-03-25 22:41:54 [INFO] No signal (neutral/bearish, flat)
2026-03-25 22:41:54 [INFO] Sleeping for 60 seconds...
2026-03-25 22:42:54 [INFO] Current RSI: 77.89, Price: $71845.00
2026-03-25 22:42:54 [INFO] No signal (neutral/bearish, flat)
2026-03-25 22:42:54 [INFO] Sleeping for 60 seconds...
2026-03-25 22:43:54 [INFO] Current RSI: 76.71, Price: $71727.00
2026-03-25 22:43:54 [INFO] No signal (neutral/bearish, flat)
2026-03-25 22:43:54 [INFO] Sleeping for 60 seconds...
2026-03-25 22:44:54 [INFO] Current RSI: 76.07, Price: $71697.00
2026-03-25 22:44:54 [INFO] No signal (neutral/bearish, flat)
2026-03-25 22:44:54 [INFO] Sleeping for 60 seconds...
2026-03-25 22:45:55 [INFO] Current RSI: 76.87, Price: $71743.00
2026-03-25 22:45:55 [INFO] No signal (neutral/bearish, flat)
2026-03-25 22:45:55 [INFO] Sleeping for 60 seconds...
2026-03-25 22:46:55 [INFO] Current RSI: 74.84, Price: $71661.00
2026-03-25 22:46:55 [INFO] No signal (neutral/bearish, flat)
2026-03-25 22:46:55 [INFO] Sleeping for 60 seconds...
2026-03-25 22:47:55 [INFO] Current RSI: 76.07, Price: $71697.00
2026-03-25 22:47:55 [INFO] No signal (neutral/bearish, flat)
2026-03-25 22:47:55 [INFO] Sleeping for 60 seconds...
2026-03-25 22:48:55 [INFO] Current RSI: 76.73, Price: $71729.00
2026-03-25 22:48:55 [INFO] No signal (neutral/bearish, flat)
2026-03-25 22:48:55 [INFO] Sleeping for 60 seconds...
2026-03-25 22:49:55 [INFO] Current RSI: 75.28, Price: $71674.00
2026-03-25 22:49:55 [INFO] No signal (neutral/bearish, flat)
2026-03-25 22:49:55 [INFO] Sleeping for 60 seconds...
2026-03-25 22:50:55 [INFO] Current RSI: 72.31, Price: $71583.00
2026-03-25 22:50:55 [INFO] No signal (neutral/bearish, flat)
2026-03-25 22:50:55 [INFO] Sleeping for 60 seconds...
2026-03-25 22:51:55 [INFO] Current RSI: 73.82, Price: $71630.00
2026-03-25 22:51:55 [INFO] No signal (neutral/bearish, flat)
2026-03-25 22:51:55 [INFO] Sleeping for 60 seconds...
2026-03-25 22:52:55 [INFO] Current RSI: 73.85, Price: $71631.00
2026-03-25 22:52:55 [INFO] No signal (neutral/bearish, flat)
2026-03-25 22:52:55 [INFO] Sleeping for 60 seconds...
2026-03-25 22:53:56 [INFO] Current RSI: 74.08, Price: $71638.00
2026-03-25 22:53:56 [INFO] No signal (neutral/bearish, flat)
2026-03-25 22:53:56 [INFO] Sleeping for 60 seconds...
2026-03-25 22:54:56 [INFO] Current RSI: 73.62, Price: $71624.00
2026-03-25 22:54:56 [INFO] No signal (neutral/bearish, flat)
2026-03-25 22:54:56 [INFO] Sleeping for 60 seconds...
2026-03-25 22:55:56 [INFO] Current RSI: 76.70, Price: $71726.00
2026-03-25 22:55:56 [INFO] No signal (neutral/bearish, flat)
2026-03-25 22:55:56 [INFO] Sleeping for 60 seconds...
2026-03-25 22:56:56 [INFO] Current RSI: 75.79, Price: $71689.00
2026-03-25 22:56:56 [INFO] No signal (neutral/bearish, flat)
2026-03-25 22:56:56 [INFO] Sleeping for 60 seconds...
2026-03-25 22:57:56 [INFO] Current RSI: 75.73, Price: $71687.00
2026-03-25 22:57:56 [INFO] No signal (neutral/bearish, flat)
2026-03-25 22:57:56 [INFO] Sleeping for 60 seconds...
2026-03-25 22:58:56 [INFO] Current RSI: 74.11, Price: $71639.00
2026-03-25 22:58:56 [INFO] No signal (neutral/bearish, flat)
2026-03-25 22:58:56 [INFO] Sleeping for 60 seconds...
2026-03-25 22:59:56 [INFO] Current RSI: 70.75, Price: $71532.00
2026-03-25 22:59:56 [INFO] No signal (neutral/bearish, flat)
2026-03-25 22:59:56 [INFO] Sleeping for 60 seconds...
2026-03-25 23:00:57 [INFO] Current RSI: 65.38, Price: $71480.00
2026-03-25 23:00:57 [INFO] No signal (neutral/bearish, flat)
2026-03-25 23:00:57 [INFO] Sleeping for 60 seconds...
2026-03-25 23:01:57 [INFO] Current RSI: 68.82, Price: $71619.00
2026-03-25 23:01:57 [INFO] No signal (neutral/bearish, flat)
2026-03-25 23:01:57 [INFO] Sleeping for 60 seconds...
2026-03-25 23:02:57 [INFO] Current RSI: 68.60, Price: $71604.00
2026-03-25 23:02:57 [INFO] No signal (neutral/bearish, flat)
2026-03-25 23:02:57 [INFO] Sleeping for 60 seconds...
2026-03-25 23:03:57 [INFO] Current RSI: 65.96, Price: $71499.00
2026-03-25 23:03:57 [INFO] No signal (neutral/bearish, flat)
2026-03-25 23:03:57 [INFO] Sleeping for 60 seconds...
2026-03-25 23:04:57 [INFO] Current RSI: 66.75, Price: $71524.00
2026-03-25 23:04:57 [INFO] No signal (neutral/bearish, flat)
2026-03-25 23:04:57 [INFO] Sleeping for 60 seconds...
2026-03-25 23:05:58 [INFO] Current RSI: 63.71, Price: $71424.00
2026-03-25 23:05:58 [INFO] No signal (neutral/bearish, flat)
2026-03-25 23:05:58 [INFO] Sleeping for 60 seconds...
2026-03-25 23:06:58 [INFO] Current RSI: 64.74, Price: $71459.00
2026-03-25 23:06:58 [INFO] No signal (neutral/bearish, flat)
2026-03-25 23:06:58 [INFO] Sleeping for 60 seconds...
2026-03-25 23:07:58 [INFO] Current RSI: 65.77, Price: $71493.00
2026-03-25 23:07:58 [INFO] No signal (neutral/bearish, flat)
2026-03-25 23:07:58 [INFO] Sleeping for 60 seconds...
2026-03-25 23:08:59 [INFO] Current RSI: 65.99, Price: $71500.00
2026-03-25 23:08:59 [INFO] No signal (neutral/bearish, flat)
2026-03-25 23:08:59 [INFO] Sleeping for 60 seconds...
2026-03-25 23:09:59 [INFO] Current RSI: 66.91, Price: $71529.00
2026-03-25 23:09:59 [INFO] No signal (neutral/bearish, flat)
2026-03-25 23:09:59 [INFO] Sleeping for 60 seconds...
2026-03-25 23:10:59 [INFO] Current RSI: 63.45, Price: $71415.00
2026-03-25 23:10:59 [INFO] No signal (neutral/bearish, flat)
2026-03-25 23:10:59 [INFO] Sleeping for 60 seconds...
2026-03-25 23:11:59 [INFO] Current RSI: 61.07, Price: $71329.00
2026-03-25 23:11:59 [INFO] No signal (neutral/bearish, flat)
2026-03-25 23:11:59 [INFO] Sleeping for 60 seconds...
2026-03-25 23:12:59 [INFO] Current RSI: 62.85, Price: $71394.00
2026-03-25 23:12:59 [INFO] No signal (neutral/bearish, flat)
2026-03-25 23:12:59 [INFO] Sleeping for 60 seconds...
2026-03-25 23:13:59 [INFO] Current RSI: 60.94, Price: $71324.00
2026-03-25 23:13:59 [INFO] No signal (neutral/bearish, flat)
2026-03-25 23:13:59 [INFO] Sleeping for 60 seconds...
2026-03-25 23:14:59 [INFO] Current RSI: 62.10, Price: $71367.00
2026-03-25 23:14:59 [INFO] No signal (neutral/bearish, flat)
2026-03-25 23:14:59 [INFO] Sleeping for 60 seconds...
2026-03-25 23:15:59 [INFO] Current RSI: 63.45, Price: $71415.00
2026-03-25 23:15:59 [INFO] No signal (neutral/bearish, flat)
2026-03-25 23:15:59 [INFO] Sleeping for 60 seconds...
2026-03-25 23:16:59 [INFO] Current RSI: 66.27, Price: $71509.00
2026-03-25 23:16:59 [INFO] No signal (neutral/bearish, flat)
2026-03-25 23:16:59 [INFO] Sleeping for 60 seconds...
2026-03-25 23:18:00 [INFO] Current RSI: 65.04, Price: $71469.00
2026-03-25 23:18:00 [INFO] No signal (neutral/bearish, flat)
2026-03-25 23:18:00 [INFO] Sleeping for 60 seconds...
2026-03-25 23:19:00 [INFO] Current RSI: 62.66, Price: $71387.00
2026-03-25 23:19:00 [INFO] No signal (neutral/bearish, flat)
2026-03-25 23:19:00 [INFO] Sleeping for 60 seconds...
2026-03-25 23:20:00 [INFO] Current RSI: 60.36, Price: $71302.00
2026-03-25 23:20:00 [INFO] No signal (neutral/bearish, flat)
2026-03-25 23:20:00 [INFO] Sleeping for 60 seconds...
2026-03-25 23:21:00 [INFO] Current RSI: 62.49, Price: $71381.00
2026-03-25 23:21:00 [INFO] No signal (neutral/bearish, flat)
2026-03-25 23:21:00 [INFO] Sleeping for 60 seconds...
2026-03-25 23:22:00 [INFO] Current RSI: 64.50, Price: $71451.00
2026-03-25 23:22:00 [INFO] No signal (neutral/bearish, flat)
2026-03-25 23:22:00 [INFO] Sleeping for 60 seconds...
2026-03-25 23:23:00 [INFO] Current RSI: 63.97, Price: $71433.00
2026-03-25 23:23:00 [INFO] No signal (neutral/bearish, flat)
2026-03-25 23:23:00 [INFO] Sleeping for 60 seconds...
2026-03-25 23:24:00 [INFO] Current RSI: 62.85, Price: $71394.00
2026-03-25 23:24:00 [INFO] No signal (neutral/bearish, flat)
2026-03-25 23:24:00 [INFO] Sleeping for 60 seconds...
2026-03-25 23:25:00 [INFO] Current RSI: 58.99, Price: $71248.00
2026-03-25 23:25:00 [INFO] No signal (neutral/bearish, flat)
2026-03-25 23:25:00 [INFO] Sleeping for 60 seconds...
2026-03-25 23:26:00 [INFO] Current RSI: 62.88, Price: $71395.00
2026-03-25 23:26:00 [INFO] No signal (neutral/bearish, flat)
2026-03-25 23:26:00 [INFO] Sleeping for 60 seconds...
2026-03-25 23:27:00 [INFO] Current RSI: 61.07, Price: $71329.00
2026-03-25 23:27:00 [INFO] No signal (neutral/bearish, flat)
2026-03-25 23:27:00 [INFO] Sleeping for 60 seconds...
2026-03-25 23:28:00 [INFO] Current RSI: 63.02, Price: $71400.00
2026-03-25 23:28:00 [INFO] No signal (neutral/bearish, flat)
2026-03-25 23:28:00 [INFO] Sleeping for 60 seconds...
2026-03-25 23:29:01 [INFO] Current RSI: 59.49, Price: $71268.00
2026-03-25 23:29:01 [INFO] No signal (neutral/bearish, flat)
2026-03-25 23:29:01 [INFO] Sleeping for 60 seconds...
2026-03-25 23:30:01 [INFO] Current RSI: 61.26, Price: $71336.00
2026-03-25 23:30:01 [INFO] No signal (neutral/bearish, flat)
2026-03-25 23:30:01 [INFO] Sleeping for 60 seconds...
2026-03-25 23:31:01 [INFO] Current RSI: 61.45, Price: $71343.00
2026-03-25 23:31:01 [INFO] No signal (neutral/bearish, flat)
2026-03-25 23:31:01 [INFO] Sleeping for 60 seconds...
2026-03-25 23:32:01 [INFO] Current RSI: 64.38, Price: $71447.00
2026-03-25 23:32:01 [INFO] No signal (neutral/bearish, flat)
2026-03-25 23:32:01 [INFO] Sleeping for 60 seconds...
2026-03-25 23:33:01 [INFO] Current RSI: 65.62, Price: $71488.00
2026-03-25 23:33:01 [INFO] No signal (neutral/bearish, flat)
2026-03-25 23:33:01 [INFO] Sleeping for 60 seconds...
2026-03-25 23:34:01 [INFO] Current RSI: 64.38, Price: $71447.00
2026-03-25 23:34:01 [INFO] No signal (neutral/bearish, flat)
2026-03-25 23:34:01 [INFO] Sleeping for 60 seconds...
2026-03-25 23:35:02 [INFO] Current RSI: 65.35, Price: $71479.00
2026-03-25 23:35:02 [INFO] No signal (neutral/bearish, flat)
2026-03-25 23:35:02 [INFO] Sleeping for 60 seconds...
2026-03-25 23:36:02 [INFO] Current RSI: 64.56, Price: $71453.00
2026-03-25 23:36:02 [INFO] No signal (neutral/bearish, flat)
2026-03-25 23:36:02 [INFO] Sleeping for 60 seconds...
2026-03-25 23:37:02 [INFO] Current RSI: 62.52, Price: $71382.00
2026-03-25 23:37:02 [INFO] No signal (neutral/bearish, flat)
2026-03-25 23:37:02 [INFO] Sleeping for 60 seconds...
2026-03-25 23:38:02 [INFO] Current RSI: 61.37, Price: $71340.00
2026-03-25 23:38:02 [INFO] No signal (neutral/bearish, flat)
2026-03-25 23:38:02 [INFO] Sleeping for 60 seconds...
2026-03-25 23:39:02 [INFO] Current RSI: 61.39, Price: $71341.00
2026-03-25 23:39:02 [INFO] No signal (neutral/bearish, flat)
2026-03-25 23:39:02 [INFO] Sleeping for 60 seconds...
2026-03-25 23:40:02 [INFO] Current RSI: 61.18, Price: $71333.00
2026-03-25 23:40:02 [INFO] No signal (neutral/bearish, flat)
2026-03-25 23:40:02 [INFO] Sleeping for 60 seconds...
2026-03-25 23:41:02 [INFO] Current RSI: 61.15, Price: $71332.00
2026-03-25 23:41:02 [INFO] No signal (neutral/bearish, flat)
2026-03-25 23:41:02 [INFO] Sleeping for 60 seconds...
2026-03-25 23:42:02 [INFO] Current RSI: 60.52, Price: $71308.00
2026-03-25 23:42:02 [INFO] No signal (neutral/bearish, flat)
2026-03-25 23:42:02 [INFO] Sleeping for 60 seconds...
2026-03-25 23:43:02 [INFO] Current RSI: 61.75, Price: $71354.00
2026-03-25 23:43:02 [INFO] No signal (neutral/bearish, flat)
2026-03-25 23:43:02 [INFO] Sleeping for 60 seconds...
2026-03-25 23:44:03 [INFO] Current RSI: 61.72, Price: $71353.00
2026-03-25 23:44:03 [INFO] No signal (neutral/bearish, flat)
2026-03-25 23:44:03 [INFO] Sleeping for 60 seconds...
