{"timestamp": "2026-04-02T20:27:35.122142", "message": "Trader process started"}
2026-04-02 20:27:35 [INFO] ======================================================================
2026-04-02 20:27:35 [INFO]  BTC/USDT 4H ADAPTIVE RSI v5 - LIVE TRADER
2026-04-02 20:27:35 [INFO] ======================================================================
2026-04-02 20:27:35 [INFO] Python version: 3.10.11 (tags/v3.10.11:7d4cc5a, Apr  5 2023, 00:38:17) [MSC v.1929 64 bit (AMD64)]
2026-04-02 20:27:35 [INFO] Working directory: C:\Users\user\Desktop\cursor\trade
2026-04-02 20:27:35 [INFO] Script file: C:\Users\user\Desktop\cursor\trade\hl_trader_v6.py
2026-04-02 20:27:35 [INFO] Log file: C:\Users\user\Desktop\cursor\trade\trader_20260402_202735.log
2026-04-02 20:27:35 [INFO] ======================================================================
2026-04-02 20:27:35 [INFO] Test message: Trader is running
2026-04-02 20:27:35 [INFO] Initialized trader for BTC with 1h timeframe
2026-04-02 20:27:35 [INFO] RSI settings: period=14, overbought=60, oversold=30
2026-04-02 20:27:35 [INFO] Trader initialized successfully
2026-04-02 20:27:35 [INFO] Starting trading loop (paper mode)...
2026-04-02 20:27:35 [INFO] Current RSI: 26.60, Price: $66401.00
2026-04-02 20:27:35 [INFO] [PAPER] BUY signal: RSI 26.60 <= 30 (paper position opened, no real order sent)
2026-04-02 20:27:35 [INFO] Sleeping for 60 seconds...
2026-04-02 20:28:35 [INFO] Current RSI: 26.65, Price: $66409.00
2026-04-02 20:28:35 [INFO] Holding position (no sell signal)
2026-04-02 20:28:35 [INFO] Sleeping for 60 seconds...
2026-04-02 20:29:35 [INFO] Current RSI: 26.68, Price: $66414.00
2026-04-02 20:29:35 [INFO] Holding position (no sell signal)
2026-04-02 20:29:35 [INFO] Sleeping for 60 seconds...
2026-04-02 20:30:35 [INFO] Current RSI: 26.82, Price: $66426.00
2026-04-02 20:30:35 [INFO] Holding position (no sell signal)
2026-04-02 20:30:35 [INFO] Sleeping for 60 seconds...
2026-04-02 20:31:35 [INFO] Current RSI: 26.85, Price: $66428.00
2026-04-02 20:31:35 [INFO] Holding position (no sell signal)
2026-04-02 20:31:35 [INFO] Sleeping for 60 seconds...
2026-04-02 20:32:35 [INFO] Current RSI: 26.70, Price: $66417.00
2026-04-02 20:32:35 [INFO] Holding position (no sell signal)
2026-04-02 20:32:35 [INFO] Sleeping for 60 seconds...
2026-04-02 20:33:35 [INFO] Current RSI: 26.61, Price: $66403.00
2026-04-02 20:33:35 [INFO] Holding position (no sell signal)
2026-04-02 20:33:35 [INFO] Sleeping for 60 seconds...
2026-04-02 20:34:35 [INFO] Current RSI: 26.39, Price: $66369.00
2026-04-02 20:34:35 [INFO] Holding position (no sell signal)
2026-04-02 20:34:35 [INFO] Sleeping for 60 seconds...
2026-04-02 20:35:35 [INFO] Current RSI: 26.38, Price: $66367.00
2026-04-02 20:35:35 [INFO] Holding position (no sell signal)
2026-04-02 20:35:35 [INFO] Sleeping for 60 seconds...
2026-04-02 20:36:36 [INFO] Current RSI: 26.39, Price: $66368.00
2026-04-02 20:36:36 [INFO] Holding position (no sell signal)
2026-04-02 20:36:36 [INFO] Sleeping for 60 seconds...
2026-04-02 20:37:36 [INFO] Current RSI: 26.21, Price: $66341.00
2026-04-02 20:37:36 [INFO] Holding position (no sell signal)
2026-04-02 20:37:36 [INFO] Sleeping for 60 seconds...
2026-04-02 20:38:36 [INFO] Current RSI: 26.09, Price: $66321.00
2026-04-02 20:38:36 [INFO] Holding position (no sell signal)
2026-04-02 20:38:36 [INFO] Sleeping for 60 seconds...
2026-04-02 20:39:36 [INFO] Current RSI: 26.05, Price: $66314.00
2026-04-02 20:39:36 [INFO] Holding position (no sell signal)
2026-04-02 20:39:36 [INFO] Sleeping for 60 seconds...
2026-04-02 20:40:36 [INFO] Current RSI: 25.92, Price: $66293.00
2026-04-02 20:40:36 [INFO] Holding position (no sell signal)
2026-04-02 20:40:36 [INFO] Sleeping for 60 seconds...
2026-04-02 20:41:36 [INFO] Current RSI: 25.97, Price: $66302.00
2026-04-02 20:41:36 [INFO] Holding position (no sell signal)
2026-04-02 20:41:36 [INFO] Sleeping for 60 seconds...
2026-04-02 20:42:36 [INFO] Current RSI: 25.87, Price: $66285.00
2026-04-02 20:42:36 [INFO] Holding position (no sell signal)
2026-04-02 20:42:36 [INFO] Sleeping for 60 seconds...
2026-04-02 20:43:36 [INFO] Current RSI: 25.97, Price: $66302.00
2026-04-02 20:43:36 [INFO] Holding position (no sell signal)
2026-04-02 20:43:36 [INFO] Sleeping for 60 seconds...
2026-04-02 20:44:36 [INFO] Current RSI: 25.94, Price: $66297.00
2026-04-02 20:44:36 [INFO] Holding position (no sell signal)
2026-04-02 20:44:36 [INFO] Sleeping for 60 seconds...
2026-04-02 20:45:37 [INFO] Current RSI: 25.93, Price: $66296.00
2026-04-02 20:45:37 [INFO] Holding position (no sell signal)
2026-04-02 20:45:37 [INFO] Sleeping for 60 seconds...
2026-04-02 20:46:37 [INFO] Current RSI: 26.01, Price: $66308.00
2026-04-02 20:46:37 [INFO] Holding position (no sell signal)
2026-04-02 20:46:37 [INFO] Sleeping for 60 seconds...
2026-04-02 20:47:37 [INFO] Current RSI: 25.98, Price: $66303.00
2026-04-02 20:47:37 [INFO] Holding position (no sell signal)
2026-04-02 20:47:37 [INFO] Sleeping for 60 seconds...
2026-04-02 20:48:37 [INFO] Current RSI: 25.93, Price: $66296.00
2026-04-02 20:48:37 [INFO] Holding position (no sell signal)
2026-04-02 20:48:37 [INFO] Sleeping for 60 seconds...
2026-04-02 20:49:37 [INFO] Current RSI: 25.80, Price: $66275.00
2026-04-02 20:49:37 [INFO] Holding position (no sell signal)
2026-04-02 20:49:37 [INFO] Sleeping for 60 seconds...
2026-04-02 20:50:37 [INFO] Current RSI: 26.19, Price: $66337.00
2026-04-02 20:50:37 [INFO] Holding position (no sell signal)
2026-04-02 20:50:37 [INFO] Sleeping for 60 seconds...
2026-04-02 20:51:37 [INFO] Current RSI: 26.20, Price: $66338.00
2026-04-02 20:51:37 [INFO] Holding position (no sell signal)
2026-04-02 20:51:37 [INFO] Sleeping for 60 seconds...
2026-04-02 20:52:37 [INFO] Current RSI: 25.74, Price: $66265.00
2026-04-02 20:52:37 [INFO] Holding position (no sell signal)
2026-04-02 20:52:37 [INFO] Sleeping for 60 seconds...
2026-04-02 20:53:37 [INFO] Current RSI: 25.62, Price: $66245.00
2026-04-02 20:53:37 [INFO] Holding position (no sell signal)
2026-04-02 20:53:37 [INFO] Sleeping for 60 seconds...
2026-04-02 20:54:37 [INFO] Current RSI: 25.54, Price: $66232.00
2026-04-02 20:54:37 [INFO] Holding position (no sell signal)
2026-04-02 20:54:37 [INFO] Sleeping for 60 seconds...
2026-04-02 20:55:37 [INFO] Current RSI: 25.18, Price: $66170.00
2026-04-02 20:55:37 [INFO] Holding position (no sell signal)
2026-04-02 20:55:37 [INFO] Sleeping for 60 seconds...
2026-04-02 20:56:37 [INFO] Current RSI: 25.17, Price: $66169.00
2026-04-02 20:56:37 [INFO] Holding position (no sell signal)
2026-04-02 20:56:37 [INFO] Sleeping for 60 seconds...
2026-04-02 20:57:37 [INFO] Current RSI: 25.06, Price: $66149.00
2026-04-02 20:57:37 [INFO] Holding position (no sell signal)
2026-04-02 20:57:37 [INFO] Sleeping for 60 seconds...
2026-04-02 20:58:37 [INFO] Current RSI: 25.25, Price: $66183.00
2026-04-02 20:58:37 [INFO] Holding position (no sell signal)
2026-04-02 20:58:37 [INFO] Sleeping for 60 seconds...
2026-04-02 20:59:37 [INFO] Current RSI: 25.37, Price: $66202.00
2026-04-02 20:59:37 [INFO] Holding position (no sell signal)
2026-04-02 20:59:37 [INFO] Sleeping for 60 seconds...
2026-04-02 21:00:37 [INFO] Current RSI: 26.46, Price: $66144.00
2026-04-02 21:00:37 [INFO] Holding position (no sell signal)
2026-04-02 21:00:37 [INFO] Sleeping for 60 seconds...
2026-04-02 21:01:38 [INFO] Current RSI: 26.55, Price: $66158.00
2026-04-02 21:01:38 [INFO] Holding position (no sell signal)
2026-04-02 21:01:38 [INFO] Sleeping for 60 seconds...
2026-04-02 21:02:38 [INFO] Current RSI: 26.16, Price: $66097.00
2026-04-02 21:02:38 [INFO] Holding position (no sell signal)
2026-04-02 21:02:38 [INFO] Sleeping for 60 seconds...
2026-04-02 21:03:38 [INFO] Current RSI: 26.61, Price: $66167.00
2026-04-02 21:03:38 [INFO] Holding position (no sell signal)
2026-04-02 21:03:38 [INFO] Sleeping for 60 seconds...
2026-04-02 21:04:38 [INFO] Current RSI: 26.29, Price: $66117.00
2026-04-02 21:04:38 [INFO] Holding position (no sell signal)
2026-04-02 21:04:38 [INFO] Sleeping for 60 seconds...
2026-04-02 21:05:38 [INFO] Current RSI: 26.47, Price: $66145.00
2026-04-02 21:05:38 [INFO] Holding position (no sell signal)
2026-04-02 21:05:38 [INFO] Sleeping for 60 seconds...
2026-04-02 21:06:38 [INFO] Current RSI: 26.61, Price: $66167.00
2026-04-02 21:06:38 [INFO] Holding position (no sell signal)
2026-04-02 21:06:38 [INFO] Sleeping for 60 seconds...
2026-04-02 21:07:38 [INFO] Current RSI: 27.05, Price: $66194.00
2026-04-02 21:07:38 [INFO] Holding position (no sell signal)
2026-04-02 21:07:38 [INFO] Sleeping for 60 seconds...
2026-04-02 21:08:38 [INFO] Current RSI: 26.13, Price: $66091.00
2026-04-02 21:08:38 [INFO] Holding position (no sell signal)
2026-04-02 21:08:38 [INFO] Sleeping for 60 seconds...
2026-04-02 21:09:38 [INFO] Current RSI: 26.03, Price: $66075.00
2026-04-02 21:09:38 [INFO] Holding position (no sell signal)
2026-04-02 21:09:38 [INFO] Sleeping for 60 seconds...
