{"timestamp": "2026-04-02T19:43:01.998221", "message": "Trader process started"}
2026-04-02 19:43:01 [INFO] ======================================================================
2026-04-02 19:43:01 [INFO]  BTC/USDT 4H ADAPTIVE RSI v5 - LIVE TRADER
2026-04-02 19:43:01 [INFO] ======================================================================
2026-04-02 19:43:01 [INFO] Python version: 3.10.11 (tags/v3.10.11:7d4cc5a, Apr  5 2023, 00:38:17) [MSC v.1929 64 bit (AMD64)]
2026-04-02 19:43:01 [INFO] Working directory: C:\Users\user\Desktop\cursor\trade
2026-04-02 19:43:01 [INFO] Script file: C:\Users\user\Desktop\cursor\trade\hl_trader_v6.py
2026-04-02 19:43:01 [INFO] Log file: C:\Users\user\Desktop\cursor\trade\trader_20260402_194301.log
2026-04-02 19:43:01 [INFO] ======================================================================
2026-04-02 19:43:01 [INFO] Test message: Trader is running
2026-04-02 19:43:04 [INFO] Live trading 有効化: env=mainnet, address=0x8455b70a5a0d942eb9a1598a0e9e1214a3b31b55
2026-04-02 19:43:04 [INFO] Initialized trader for BTC with 1h timeframe
2026-04-02 19:43:04 [INFO] RSI settings: period=14, overbought=60, oversold=30
2026-04-02 19:43:04 [INFO] Trader initialized successfully
2026-04-02 19:43:04 [INFO] Starting trading loop (live mode)...
2026-04-02 19:43:04 [INFO] Current RSI: 30.16, Price: $66451.00
2026-04-02 19:43:04 [INFO] No signal (neutral/bearish, flat)
2026-04-02 19:43:04 [INFO] Sleeping for 60 seconds...
2026-04-02 19:44:04 [INFO] Current RSI: 30.10, Price: $66447.00
2026-04-02 19:44:04 [INFO] No signal (neutral/bearish, flat)
2026-04-02 19:44:04 [INFO] Sleeping for 60 seconds...
2026-04-02 19:45:04 [INFO] Current RSI: 29.96, Price: $66439.00
2026-04-02 19:45:04 [INFO] [LIVE] Placing BUY: coin=BTC, qty=0.001505, notional~$100.00
2026-04-02 19:45:04 [ERROR] [LIVE] BUY order failed: ('float_to_wire causes rounding', 0.001505140053281958)
2026-04-02 19:45:04 [INFO] Sleeping for 60 seconds...
2026-04-02 19:46:04 [INFO] Current RSI: 29.82, Price: $66430.00
2026-04-02 19:46:04 [INFO] [LIVE] Placing BUY: coin=BTC, qty=0.001505, notional~$100.00
2026-04-02 19:46:04 [ERROR] [LIVE] BUY order failed: ('float_to_wire causes rounding', 0.0015053439710973958)
2026-04-02 19:46:04 [INFO] Sleeping for 60 seconds...
2026-04-02 19:47:04 [INFO] Current RSI: 29.45, Price: $66388.00
2026-04-02 19:47:04 [INFO] [LIVE] Placing BUY: coin=BTC, qty=0.001506, notional~$100.00
2026-04-02 19:47:04 [ERROR] [LIVE] BUY order failed: ('float_to_wire causes rounding', 0.0015062963186117974)
2026-04-02 19:47:04 [INFO] Sleeping for 60 seconds...
2026-04-02 19:48:04 [INFO] Current RSI: 29.98, Price: $66440.00
2026-04-02 19:48:04 [INFO] [LIVE] Placing BUY: coin=BTC, qty=0.001505, notional~$100.00
2026-04-02 19:48:04 [ERROR] [LIVE] BUY order failed: ('float_to_wire causes rounding', 0.0015051173991571343)
2026-04-02 19:48:04 [INFO] Sleeping for 60 seconds...
2026-04-02 19:49:04 [INFO] Current RSI: 30.06, Price: $66445.00
2026-04-02 19:49:04 [INFO] No signal (neutral/bearish, flat)
2026-04-02 19:49:04 [INFO] Sleeping for 60 seconds...
2026-04-02 19:50:04 [INFO] Current RSI: 29.63, Price: $66414.00
2026-04-02 19:50:04 [INFO] [LIVE] Placing BUY: coin=BTC, qty=0.001506, notional~$100.00
2026-04-02 19:50:04 [ERROR] [LIVE] BUY order failed: ('float_to_wire causes rounding', 0.001505706628120577)
2026-04-02 19:50:04 [INFO] Sleeping for 60 seconds...
2026-04-02 19:51:04 [INFO] Current RSI: 29.88, Price: $66434.00
2026-04-02 19:51:04 [INFO] [LIVE] Placing BUY: coin=BTC, qty=0.001505, notional~$100.00
2026-04-02 19:51:04 [ERROR] [LIVE] BUY order failed: ('float_to_wire causes rounding', 0.001505253334136135)
2026-04-02 19:51:04 [INFO] Sleeping for 60 seconds...
2026-04-02 19:52:05 [INFO] Current RSI: 29.85, Price: $66432.00
2026-04-02 19:52:05 [INFO] [LIVE] Placing BUY: coin=BTC, qty=0.001505, notional~$100.00
2026-04-02 19:52:05 [ERROR] [LIVE] BUY order failed: ('float_to_wire causes rounding', 0.0015052986512524085)
2026-04-02 19:52:05 [INFO] Sleeping for 60 seconds...
2026-04-02 19:53:05 [INFO] Current RSI: 30.26, Price: $66457.00
2026-04-02 19:53:05 [INFO] No signal (neutral/bearish, flat)
2026-04-02 19:53:05 [INFO] Sleeping for 60 seconds...
2026-04-02 19:54:05 [INFO] Current RSI: 29.87, Price: $66433.00
2026-04-02 19:54:05 [INFO] [LIVE] Placing BUY: coin=BTC, qty=0.001505, notional~$100.00
2026-04-02 19:54:05 [ERROR] [LIVE] BUY order failed: ('float_to_wire causes rounding', 0.001505275992353198)
2026-04-02 19:54:05 [INFO] Sleeping for 60 seconds...
2026-04-02 19:55:05 [INFO] Current RSI: 29.66, Price: $66419.00
2026-04-02 19:55:05 [INFO] [LIVE] Placing BUY: coin=BTC, qty=0.001506, notional~$100.00
2026-04-02 19:55:05 [ERROR] [LIVE] BUY order failed: ('float_to_wire causes rounding', 0.0015055932790316025)
2026-04-02 19:55:05 [INFO] Sleeping for 60 seconds...
2026-04-02 19:56:05 [INFO] Current RSI: 29.88, Price: $66434.00
2026-04-02 19:56:05 [INFO] [LIVE] Placing BUY: coin=BTC, qty=0.001505, notional~$100.00
2026-04-02 19:56:05 [ERROR] [LIVE] BUY order failed: ('float_to_wire causes rounding', 0.001505253334136135)
2026-04-02 19:56:05 [INFO] Sleeping for 60 seconds...
2026-04-02 19:57:05 [INFO] Current RSI: 29.55, Price: $66403.00
2026-04-02 19:57:05 [INFO] [LIVE] Placing BUY: coin=BTC, qty=0.001506, notional~$100.00
2026-04-02 19:57:05 [ERROR] [LIVE] BUY order failed: ('float_to_wire causes rounding', 0.00150595605620228)
2026-04-02 19:57:05 [INFO] Sleeping for 60 seconds...
2026-04-02 19:58:05 [INFO] Current RSI: 29.95, Price: $66438.00
2026-04-02 19:58:05 [INFO] [LIVE] Placing BUY: coin=BTC, qty=0.001505, notional~$100.00
2026-04-02 19:58:05 [ERROR] [LIVE] BUY order failed: ('float_to_wire causes rounding', 0.0015051627080887443)
2026-04-02 19:58:05 [INFO] Sleeping for 60 seconds...
2026-04-02 19:59:05 [INFO] Current RSI: 29.73, Price: $66425.00
2026-04-02 19:59:05 [INFO] [LIVE] Placing BUY: coin=BTC, qty=0.001505, notional~$100.00
2026-04-02 19:59:05 [ERROR] [LIVE] BUY order failed: ('float_to_wire causes rounding', 0.0015054572826496049)
2026-04-02 19:59:05 [INFO] Sleeping for 60 seconds...
2026-04-02 20:00:06 [INFO] Current RSI: 27.18, Price: $66446.00
2026-04-02 20:00:06 [INFO] [LIVE] Placing BUY: coin=BTC, qty=0.001505, notional~$100.00
2026-04-02 20:00:06 [ERROR] [LIVE] BUY order failed: ('float_to_wire causes rounding', 0.0015049814887276886)
2026-04-02 20:00:06 [INFO] Sleeping for 60 seconds...
2026-04-02 20:01:06 [INFO] Current RSI: 27.12, Price: $66443.00
2026-04-02 20:01:06 [INFO] [LIVE] Placing BUY: coin=BTC, qty=0.001505, notional~$100.00
2026-04-02 20:01:06 [ERROR] [LIVE] BUY order failed: ('float_to_wire causes rounding', 0.0015050494408741326)
2026-04-02 20:01:06 [INFO] Sleeping for 60 seconds...
2026-04-02 20:02:06 [INFO] Current RSI: 26.62, Price: $66404.00
2026-04-02 20:02:06 [INFO] [LIVE] Placing BUY: coin=BTC, qty=0.001506, notional~$100.00
2026-04-02 20:02:06 [ERROR] [LIVE] BUY order failed: ('float_to_wire causes rounding', 0.001505933377507379)
2026-04-02 20:02:06 [INFO] Sleeping for 60 seconds...
2026-04-02 20:03:06 [INFO] Current RSI: 26.66, Price: $66411.00
2026-04-02 20:03:06 [INFO] [LIVE] Placing BUY: coin=BTC, qty=0.001506, notional~$100.00
2026-04-02 20:03:06 [ERROR] [LIVE] BUY order failed: ('float_to_wire causes rounding', 0.0015057746457665146)
2026-04-02 20:03:06 [INFO] Sleeping for 60 seconds...
2026-04-02 20:04:06 [INFO] Current RSI: 26.62, Price: $66404.00
2026-04-02 20:04:06 [INFO] [LIVE] Placing BUY: coin=BTC, qty=0.001506, notional~$100.00
2026-04-02 20:04:06 [ERROR] [LIVE] BUY order failed: ('float_to_wire causes rounding', 0.001505933377507379)
2026-04-02 20:04:06 [INFO] Sleeping for 60 seconds...
2026-04-02 20:05:06 [INFO] Current RSI: 26.62, Price: $66404.00
2026-04-02 20:05:06 [INFO] [LIVE] Placing BUY: coin=BTC, qty=0.001506, notional~$100.00
2026-04-02 20:05:06 [ERROR] [LIVE] BUY order failed: ('float_to_wire causes rounding', 0.001505933377507379)
2026-04-02 20:05:06 [INFO] Sleeping for 60 seconds...
2026-04-02 20:06:06 [INFO] Current RSI: 26.43, Price: $66375.00
2026-04-02 20:06:06 [INFO] [LIVE] Placing BUY: coin=BTC, qty=0.001507, notional~$100.00
2026-04-02 20:06:06 [ERROR] [LIVE] BUY order failed: ('float_to_wire causes rounding', 0.0015065913370998117)
2026-04-02 20:06:06 [INFO] Sleeping for 60 seconds...
2026-04-02 20:07:06 [INFO] Current RSI: 26.25, Price: $66346.00
2026-04-02 20:07:06 [INFO] [LIVE] Placing BUY: coin=BTC, qty=0.001507, notional~$100.00
2026-04-02 20:07:06 [ERROR] [LIVE] BUY order failed: ('float_to_wire causes rounding', 0.001507249871883761)
2026-04-02 20:07:06 [INFO] Sleeping for 60 seconds...
2026-04-02 20:07:58 [INFO] Trading loop stopped by user
2026-04-02 20:07:59 [INFO] Trader stopped by user
2026-04-02 20:07:59 [INFO] Test message: Trader is running
2026-04-02 20:07:59 [INFO] DEBUG: Starting live trading mode...
2026-04-02 20:07:59 [INFO] Live trading 有効化: env=mainnet, address=0x8455b70a5a0d942eb9a1598a0e9e1214a3b31b55
2026-04-02 20:07:59 [INFO] Initialized trader for BTC with 1h timeframe
2026-04-02 20:07:59 [INFO] RSI settings: period=14, overbought=60, oversold=30
2026-04-02 20:07:59 [INFO] Trader initialized successfully
2026-04-02 20:07:59 [INFO] Starting trading loop (live mode)...
2026-04-02 20:07:59 [INFO] Current RSI: 26.08, Price: $66320.00
2026-04-02 20:07:59 [INFO] [LIVE] Placing BUY: coin=BTC, qty=0.001508, notional~$100.00
2026-04-02 20:07:59 [ERROR] [LIVE] BUY order failed: ('float_to_wire causes rounding', 0.0015078407720144752)
2026-04-02 20:07:59 [INFO] Sleeping for 60 seconds...
2026-04-02 20:08:52 [INFO] Trading loop stopped by user
