{"timestamp": "2026-04-02T21:36:24.011886", "message": "Trader process started"}
2026-04-02 21:36:24 [INFO] ======================================================================
2026-04-02 21:36:24 [INFO]  BTC/USDT 4H ADAPTIVE RSI v5 - LIVE TRADER
2026-04-02 21:36:24 [INFO] ======================================================================
2026-04-02 21:36:24 [INFO] Python version: 3.10.11 (tags/v3.10.11:7d4cc5a, Apr  5 2023, 00:38:17) [MSC v.1929 64 bit (AMD64)]
2026-04-02 21:36:24 [INFO] Working directory: C:\Users\user\Desktop\cursor\trade
2026-04-02 21:36:24 [INFO] Script file: C:\Users\user\Desktop\cursor\trade\hl_trader_v6.py
2026-04-02 21:36:24 [INFO] Log file: C:\Users\user\Desktop\cursor\trade\trader_20260402_213624.log
2026-04-02 21:36:24 [INFO] ======================================================================
2026-04-02 21:36:24 [INFO] Test message: Trader is running
2026-04-02 21:36:24 [INFO] [DEBUG] Secret key length: 66
2026-04-02 21:36:24 [INFO] [DEBUG] Account address: 0xE2Ce93147a19c5b8B1dd222499dE0A56987E1188
2026-04-02 21:36:24 [INFO] [DEBUG] Derived account address: 0xE2Ce93147a19c5b8B1dd222499dE0A56987E1188
2026-04-02 21:36:24 [INFO] [DEBUG] Using account address: 0xE2Ce93147a19c5b8B1dd222499dE0A56987E1188
2026-04-02 21:36:25 [INFO] Live trading 有効化: env=mainnet, address=0xE2Ce93147a19c5b8B1dd222499dE0A56987E1188
2026-04-02 21:36:25 [INFO] Initialized trader for BTC with 1h timeframe
2026-04-02 21:36:25 [INFO] RSI settings: period=14, overbought=60, oversold=30
2026-04-02 21:36:25 [INFO] Trader initialized successfully
2026-04-02 21:36:25 [INFO] Starting trading loop (live mode)...
2026-04-02 21:36:25 [INFO] Current RSI: 26.53, Price: $66154.00
2026-04-02 21:36:25 [INFO] [LIVE] Placing BUY: coin=BTC, qty=0.0075, price=$66154.00, order_type={'limit': {'tif': 'Ioc'}}
2026-04-02 21:36:26 [INFO] [LIVE] BUY order response: {'status': 'ok', 'response': {'type': 'order', 'data': {'statuses': [{'filled': {'totalSz': '0.0075', 'avgPx': '66151.0', 'oid': 368681175385}}]}}}
2026-04-02 21:36:26 [INFO] Sleeping for 60 seconds...
2026-04-02 21:37:26 [INFO] Current RSI: 26.27, Price: $66114.00
2026-04-02 21:37:26 [INFO] Holding position (no sell signal)
2026-04-02 21:37:26 [INFO] Sleeping for 60 seconds...
