{"timestamp": "2026-04-01T08:06:41.535168", "message": "Trader process started"}
2026-04-01 08:06:41 [INFO] ======================================================================
2026-04-01 08:06:41 [INFO]  BTC/USDT 4H ADAPTIVE RSI v5 - LIVE TRADER
2026-04-01 08:06:41 [INFO] ======================================================================
2026-04-01 08:06:41 [INFO] Python version: 3.10.11 (tags/v3.10.11:7d4cc5a, Apr  5 2023, 00:38:17) [MSC v.1929 64 bit (AMD64)]
2026-04-01 08:06:41 [INFO] Working directory: C:\Users\user\Desktop\cursor\trade
2026-04-01 08:06:41 [INFO] Script file: C:\Users\user\Desktop\cursor\trade\hl_trader_v6.py
2026-04-01 08:06:41 [INFO] Log file: C:\Users\user\Desktop\cursor\trade\trader_20260401_080641.log
2026-04-01 08:06:41 [INFO] ======================================================================
2026-04-01 08:06:41 [INFO] Test message: Trader is running
2026-04-01 08:06:43 [INFO] Live trading 有効化: env=mainnet, address=0x8455b70a5a0d942eb9a1598a0e9e1214a3b31b55
2026-04-01 08:06:43 [INFO] Initialized trader for BTC with 1h timeframe
2026-04-01 08:06:43 [INFO] RSI settings: period=14, overbought=60, oversold=30
2026-04-01 08:06:43 [INFO] Trader initialized successfully
2026-04-01 08:06:43 [INFO] Starting trading loop (live mode)...
2026-04-01 08:06:43 [INFO] Current RSI: 74.90, Price: $68108.00
2026-04-01 08:06:43 [INFO] No signal (neutral/bearish, flat)
2026-04-01 08:06:43 [INFO] Sleeping for 60 seconds...
2026-04-01 08:07:43 [INFO] Current RSI: 75.76, Price: $68211.00
2026-04-01 08:07:43 [INFO] No signal (neutral/bearish, flat)
2026-04-01 08:07:43 [INFO] Sleeping for 60 seconds...
2026-04-01 08:08:43 [INFO] Current RSI: 75.95, Price: $68243.00
2026-04-01 08:08:43 [INFO] No signal (neutral/bearish, flat)
2026-04-01 08:08:43 [INFO] Sleeping for 60 seconds...
2026-04-01 08:09:43 [INFO] Current RSI: 75.80, Price: $68218.00
2026-04-01 08:09:43 [INFO] No signal (neutral/bearish, flat)
2026-04-01 08:09:43 [INFO] Sleeping for 60 seconds...
2026-04-01 08:10:44 [INFO] Current RSI: 75.90, Price: $68234.00
2026-04-01 08:10:44 [INFO] No signal (neutral/bearish, flat)
2026-04-01 08:10:44 [INFO] Sleeping for 60 seconds...
2026-04-01 08:11:44 [INFO] Current RSI: 75.74, Price: $68207.00
2026-04-01 08:11:44 [INFO] No signal (neutral/bearish, flat)
2026-04-01 08:11:44 [INFO] Sleeping for 60 seconds...
2026-04-01 08:12:44 [INFO] Current RSI: 75.66, Price: $68193.00
2026-04-01 08:12:44 [INFO] No signal (neutral/bearish, flat)
2026-04-01 08:12:44 [INFO] Sleeping for 60 seconds...
2026-04-01 08:13:44 [INFO] Current RSI: 75.64, Price: $68191.00
2026-04-01 08:13:44 [INFO] No signal (neutral/bearish, flat)
2026-04-01 08:13:44 [INFO] Sleeping for 60 seconds...
2026-04-01 08:14:44 [INFO] Current RSI: 75.46, Price: $68161.00
2026-04-01 08:14:44 [INFO] No signal (neutral/bearish, flat)
2026-04-01 08:14:44 [INFO] Sleeping for 60 seconds...
2026-04-01 08:15:44 [INFO] Current RSI: 75.38, Price: $68147.00
2026-04-01 08:15:44 [INFO] No signal (neutral/bearish, flat)
2026-04-01 08:15:44 [INFO] Sleeping for 60 seconds...
2026-04-01 08:16:44 [INFO] Current RSI: 75.64, Price: $68191.00
2026-04-01 08:16:44 [INFO] No signal (neutral/bearish, flat)
2026-04-01 08:16:44 [INFO] Sleeping for 60 seconds...
2026-04-01 08:17:44 [INFO] Current RSI: 76.23, Price: $68293.00
2026-04-01 08:17:44 [INFO] No signal (neutral/bearish, flat)
2026-04-01 08:17:44 [INFO] Sleeping for 60 seconds...
2026-04-01 08:18:44 [INFO] Current RSI: 75.82, Price: $68221.00
2026-04-01 08:18:44 [INFO] No signal (neutral/bearish, flat)
2026-04-01 08:18:44 [INFO] Sleeping for 60 seconds...
2026-04-01 08:19:44 [INFO] Current RSI: 76.41, Price: $68324.00
2026-04-01 08:19:44 [INFO] No signal (neutral/bearish, flat)
2026-04-01 08:19:44 [INFO] Sleeping for 60 seconds...
2026-04-01 08:20:44 [INFO] Current RSI: 76.27, Price: $68300.00
2026-04-01 08:20:44 [INFO] No signal (neutral/bearish, flat)
2026-04-01 08:20:44 [INFO] Sleeping for 60 seconds...
2026-04-01 08:21:44 [INFO] Current RSI: 76.07, Price: $68264.00
2026-04-01 08:21:44 [INFO] No signal (neutral/bearish, flat)
2026-04-01 08:21:44 [INFO] Sleeping for 60 seconds...
2026-04-01 08:22:44 [INFO] Current RSI: 75.90, Price: $68234.00
2026-04-01 08:22:44 [INFO] No signal (neutral/bearish, flat)
2026-04-01 08:22:44 [INFO] Sleeping for 60 seconds...
2026-04-01 08:23:44 [INFO] Current RSI: 75.91, Price: $68236.00
2026-04-01 08:23:44 [INFO] No signal (neutral/bearish, flat)
2026-04-01 08:23:44 [INFO] Sleeping for 60 seconds...
2026-04-01 08:24:44 [INFO] Current RSI: 75.74, Price: $68207.00
2026-04-01 08:24:44 [INFO] No signal (neutral/bearish, flat)
2026-04-01 08:24:44 [INFO] Sleeping for 60 seconds...
2026-04-01 08:25:44 [INFO] Current RSI: 75.85, Price: $68226.00
2026-04-01 08:25:44 [INFO] No signal (neutral/bearish, flat)
2026-04-01 08:25:44 [INFO] Sleeping for 60 seconds...
2026-04-01 08:26:44 [INFO] Current RSI: 75.69, Price: $68199.00
2026-04-01 08:26:44 [INFO] No signal (neutral/bearish, flat)
2026-04-01 08:26:44 [INFO] Sleeping for 60 seconds...
2026-04-01 08:27:44 [INFO] Current RSI: 75.61, Price: $68186.00
2026-04-01 08:27:44 [INFO] No signal (neutral/bearish, flat)
2026-04-01 08:27:44 [INFO] Sleeping for 60 seconds...
2026-04-01 08:28:45 [INFO] Current RSI: 75.67, Price: $68195.00
2026-04-01 08:28:45 [INFO] No signal (neutral/bearish, flat)
2026-04-01 08:28:45 [INFO] Sleeping for 60 seconds...
2026-04-01 08:29:45 [INFO] Current RSI: 75.85, Price: $68227.00
2026-04-01 08:29:45 [INFO] No signal (neutral/bearish, flat)
2026-04-01 08:29:45 [INFO] Sleeping for 60 seconds...
2026-04-01 08:30:45 [INFO] Current RSI: 75.91, Price: $68236.00
2026-04-01 08:30:45 [INFO] No signal (neutral/bearish, flat)
2026-04-01 08:30:45 [INFO] Sleeping for 60 seconds...
2026-04-01 08:31:45 [INFO] Current RSI: 75.91, Price: $68236.00
2026-04-01 08:31:45 [INFO] No signal (neutral/bearish, flat)
2026-04-01 08:31:45 [INFO] Sleeping for 60 seconds...
2026-04-01 08:32:45 [INFO] Current RSI: 75.93, Price: $68240.00
2026-04-01 08:32:45 [INFO] No signal (neutral/bearish, flat)
2026-04-01 08:32:45 [INFO] Sleeping for 60 seconds...
2026-04-01 08:33:45 [INFO] Current RSI: 76.03, Price: $68257.00
2026-04-01 08:33:45 [INFO] No signal (neutral/bearish, flat)
2026-04-01 08:33:45 [INFO] Sleeping for 60 seconds...
2026-04-01 08:34:45 [INFO] Current RSI: 75.88, Price: $68231.00
2026-04-01 08:34:45 [INFO] No signal (neutral/bearish, flat)
2026-04-01 08:34:45 [INFO] Sleeping for 60 seconds...
2026-04-01 08:35:45 [INFO] Current RSI: 75.91, Price: $68236.00
2026-04-01 08:35:45 [INFO] No signal (neutral/bearish, flat)
2026-04-01 08:35:45 [INFO] Sleeping for 60 seconds...
2026-04-01 08:36:45 [INFO] Current RSI: 76.14, Price: $68277.00
2026-04-01 08:36:45 [INFO] No signal (neutral/bearish, flat)
2026-04-01 08:36:45 [INFO] Sleeping for 60 seconds...
2026-04-01 08:37:45 [INFO] Current RSI: 76.31, Price: $68306.00
2026-04-01 08:37:45 [INFO] No signal (neutral/bearish, flat)
2026-04-01 08:37:45 [INFO] Sleeping for 60 seconds...
2026-04-01 08:38:45 [INFO] Current RSI: 76.27, Price: $68299.00
2026-04-01 08:38:45 [INFO] No signal (neutral/bearish, flat)
2026-04-01 08:38:45 [INFO] Sleeping for 60 seconds...
2026-04-01 08:39:46 [INFO] Current RSI: 76.35, Price: $68314.00
2026-04-01 08:39:46 [INFO] No signal (neutral/bearish, flat)
2026-04-01 08:39:46 [INFO] Sleeping for 60 seconds...
2026-04-01 08:40:46 [INFO] Current RSI: 76.32, Price: $68308.00
2026-04-01 08:40:46 [INFO] No signal (neutral/bearish, flat)
2026-04-01 08:40:46 [INFO] Sleeping for 60 seconds...
2026-04-01 08:41:46 [INFO] Current RSI: 76.22, Price: $68290.00
2026-04-01 08:41:46 [INFO] No signal (neutral/bearish, flat)
2026-04-01 08:41:46 [INFO] Sleeping for 60 seconds...
2026-04-01 08:42:46 [INFO] Current RSI: 76.23, Price: $68293.00
2026-04-01 08:42:46 [INFO] No signal (neutral/bearish, flat)
2026-04-01 08:42:46 [INFO] Sleeping for 60 seconds...
2026-04-01 08:43:46 [INFO] Current RSI: 76.09, Price: $68268.00
2026-04-01 08:43:46 [INFO] No signal (neutral/bearish, flat)
2026-04-01 08:43:46 [INFO] Sleeping for 60 seconds...
2026-04-01 08:44:46 [INFO] Current RSI: 76.16, Price: $68280.00
2026-04-01 08:44:46 [INFO] No signal (neutral/bearish, flat)
2026-04-01 08:44:46 [INFO] Sleeping for 60 seconds...
2026-04-01 08:45:46 [INFO] Current RSI: 75.85, Price: $68226.00
2026-04-01 08:45:46 [INFO] No signal (neutral/bearish, flat)
2026-04-01 08:45:46 [INFO] Sleeping for 60 seconds...
2026-04-01 08:46:46 [INFO] Current RSI: 75.76, Price: $68210.00
2026-04-01 08:46:46 [INFO] No signal (neutral/bearish, flat)
2026-04-01 08:46:46 [INFO] Sleeping for 60 seconds...
2026-04-01 08:47:46 [INFO] Current RSI: 75.77, Price: $68212.00
2026-04-01 08:47:46 [INFO] No signal (neutral/bearish, flat)
2026-04-01 08:47:46 [INFO] Sleeping for 60 seconds...
2026-04-01 08:48:46 [INFO] Current RSI: 75.60, Price: $68183.00
2026-04-01 08:48:46 [INFO] No signal (neutral/bearish, flat)
2026-04-01 08:48:46 [INFO] Sleeping for 60 seconds...
2026-04-01 08:49:46 [INFO] Current RSI: 75.64, Price: $68191.00
2026-04-01 08:49:46 [INFO] No signal (neutral/bearish, flat)
2026-04-01 08:49:46 [INFO] Sleeping for 60 seconds...
2026-04-01 08:50:46 [INFO] Current RSI: 75.91, Price: $68237.00
2026-04-01 08:50:46 [INFO] No signal (neutral/bearish, flat)
2026-04-01 08:50:46 [INFO] Sleeping for 60 seconds...
2026-04-01 08:51:46 [INFO] Current RSI: 75.90, Price: $68234.00
2026-04-01 08:51:46 [INFO] No signal (neutral/bearish, flat)
2026-04-01 08:51:46 [INFO] Sleeping for 60 seconds...
2026-04-01 08:52:46 [INFO] Current RSI: 75.91, Price: $68236.00
2026-04-01 08:52:46 [INFO] No signal (neutral/bearish, flat)
2026-04-01 08:52:46 [INFO] Sleeping for 60 seconds...
2026-04-01 08:53:47 [INFO] Current RSI: 76.19, Price: $68285.00
2026-04-01 08:53:47 [INFO] No signal (neutral/bearish, flat)
2026-04-01 08:53:47 [INFO] Sleeping for 60 seconds...
