2026-04-12 19:35:48,981 [INFO] Device: cuda:0
2026-04-12 19:35:51,051 [INFO] Kronos-base loaded
2026-04-12 19:35:52,301 [INFO] Signal written: DOWN -> CONTRARIAN LONG
2026-04-13 01:02:34,996 [INFO] Device: cuda:0
2026-04-13 01:02:37,841 [INFO] Kronos-base loaded
2026-04-13 01:02:37,842 [INFO] Starting Contrarian predictor loop (interval=14400s)
2026-04-13 01:02:38,631 [INFO] Signal written: DOWN -> CONTRARIAN LONG
2026-04-13 01:02:38,632 [INFO] Direct Kronos signal written: SHORT (long=0.65, short=1.01)
2026-04-13 01:02:38,633 [INFO] Kronos: DOWN -> Contrarian: LONG | pred=70829 vs current=70855 | 0.6s
2026-04-13 01:02:38,633 [INFO] Sleeping 14400s...
2026-04-13 17:44:59,519 [INFO] Device: cuda:0
2026-04-13 17:45:02,421 [INFO] Kronos-base loaded
2026-04-13 17:45:02,422 [INFO] Starting Contrarian predictor loop (interval=14400s)
2026-04-13 17:45:03,096 [INFO] Signal written: DOWN -> CONTRARIAN LONG
2026-04-13 17:45:03,097 [INFO] Direct Kronos signal written: SHORT (long=0.65, short=1.02)
2026-04-13 17:45:03,097 [INFO] Kronos: DOWN -> Contrarian: LONG | pred=70503 vs current=70579 | 0.5s
2026-04-13 17:45:03,097 [INFO] Sleeping 14400s...
2026-04-20 01:51:32,809 [INFO] Device: cuda:0
2026-04-20 01:51:35,697 [INFO] Kronos-base loaded
2026-04-20 01:51:35,697 [INFO] Starting Contrarian predictor loop (interval=14400s)
2026-04-20 01:51:36,761 [INFO] Signal written: UP -> CONTRARIAN SHORT
2026-04-20 01:51:36,762 [INFO] Direct Kronos signal written: LONG (long=1.00, short=0.65)
2026-04-20 01:51:36,762 [INFO] Kronos: UP -> Contrarian: SHORT | pred=75588 vs current=75576 | 0.9s
2026-04-20 01:51:36,762 [INFO] Sleeping 14400s...
2026-04-20 08:46:26,676 [INFO] Device: cuda:0
2026-04-20 08:46:29,119 [INFO] Kronos-base loaded
2026-04-20 08:46:29,119 [INFO] Starting Contrarian predictor loop (interval=14400s)
2026-04-20 08:46:29,759 [INFO] Signal written: DOWN -> CONTRARIAN LONG
2026-04-20 08:46:29,760 [INFO] Direct Kronos signal written: SHORT (long=0.65, short=1.03)
2026-04-20 08:46:29,760 [INFO] Kronos: DOWN -> Contrarian: LONG | pred=73719 vs current=73812 | 0.5s
2026-04-20 08:46:29,760 [INFO] Sleeping 14400s...
2026-04-20 21:00:18,500 [INFO] Signal written: DOWN -> CONTRARIAN LONG
2026-04-20 21:00:18,504 [INFO] Direct Kronos signal written: SHORT (long=0.65, short=1.19)
2026-04-20 21:00:18,504 [INFO] Kronos: DOWN -> Contrarian: LONG | pred=74440 vs current=75136 | 1.7s
2026-04-20 21:00:18,504 [INFO] Sleeping 14400s...
2026-04-21 01:00:18,904 [INFO] Signal written: UP -> CONTRARIAN SHORT
2026-04-21 01:00:18,906 [INFO] Direct Kronos signal written: LONG (long=1.04, short=0.65)
2026-04-21 01:00:18,906 [INFO] Kronos: UP -> Contrarian: SHORT | pred=75773 vs current=75621 | 0.4s
2026-04-21 01:00:18,906 [INFO] Sleeping 14400s...
2026-04-22 02:24:55,704 [INFO] Signal written: DOWN -> CONTRARIAN LONG
2026-04-22 02:24:55,707 [INFO] Direct Kronos signal written: SHORT (long=0.65, short=1.00)
2026-04-22 02:24:55,707 [INFO] Kronos: DOWN -> Contrarian: LONG | pred=75264 vs current=75267 | 2.0s
2026-04-22 02:24:55,707 [INFO] Sleeping 14400s...
2026-04-22 06:24:56,931 [INFO] Signal written: DOWN -> CONTRARIAN LONG
2026-04-22 06:24:56,935 [INFO] Direct Kronos signal written: SHORT (long=0.65, short=1.07)
2026-04-22 06:24:56,935 [INFO] Kronos: DOWN -> Contrarian: LONG | pred=75311 vs current=75568 | 0.5s
2026-04-22 06:24:56,936 [INFO] Sleeping 14400s...
2026-04-23 00:56:02,925 [INFO] Signal written: DOWN -> CONTRARIAN LONG
2026-04-23 00:56:02,926 [INFO] Direct Kronos signal written: SHORT (long=0.65, short=1.24)
2026-04-23 00:56:02,927 [INFO] Kronos: DOWN -> Contrarian: LONG | pred=78384 vs current=79350 | 0.9s
2026-04-23 00:56:02,927 [INFO] Sleeping 14400s...
2026-04-23 04:56:03,232 [INFO] Signal written: DOWN -> CONTRARIAN LONG
2026-04-23 04:56:03,237 [INFO] Direct Kronos signal written: SHORT (long=0.65, short=1.23)
2026-04-23 04:56:03,237 [INFO] Kronos: DOWN -> Contrarian: LONG | pred=77915 vs current=78837 | 0.5s
2026-04-23 04:56:03,237 [INFO] Sleeping 14400s...
2026-04-23 08:56:04,046 [INFO] Signal written: DOWN -> CONTRARIAN LONG
2026-04-23 08:56:04,049 [INFO] Direct Kronos signal written: SHORT (long=0.65, short=1.11)
2026-04-23 08:56:04,049 [INFO] Kronos: DOWN -> Contrarian: LONG | pred=77771 vs current=78196 | 0.6s
2026-04-23 08:56:04,049 [INFO] Sleeping 14400s...
