2026-03-02 23:54:35 [INFO] ======================================================================
2026-03-02 23:54:35 [INFO]  BTC/USDT 4H ADAPTIVE RSI v5 - LIVE TRADER
2026-03-02 23:54:35 [INFO] ======================================================================
2026-03-02 23:54:35 [INFO] Mode: LIVE TRADING
2026-03-02 23:54:35 [INFO] API: Hyperliquid
2026-03-02 23:54:35 [INFO] Lookback: 180 days
2026-03-02 23:54:35 [INFO] ======================================================================
2026-03-02 23:54:35 [INFO] Mode: LIVE | v5 Adaptive RSI
2026-03-02 23:54:35 [INFO] API Key: 0x8455b7...1b55
2026-03-02 23:54:35 [INFO] Initializing Hyperliquid API (LIVE mode)
2026-03-02 23:54:35 [INFO] Initial equity: $100.00
2026-03-02 23:54:35 [INFO] Unrealized PnL: $0.00
2026-03-02 23:54:35 [INFO] CSV cache: btc_usdt_4h.csv (2190 bars)
2026-03-02 23:54:35 [INFO] Data: 2025-03-02 16:00:00 -> 2026-03-02 12:00:00 (2190 bars)
2026-03-02 23:54:35 [INFO] Regimes: {'RANGE': 877, 'BEAR': 748, 'BULL': 565}
2026-03-02 23:54:35 [INFO] Long signals: 5, Short signals: 10
2026-03-02 23:54:35 [INFO] Waiting for next 4h bar (interval: 240 min)...
2026-03-02 23:54:36 [INFO] 
======================================================================
2026-03-02 23:54:36 [INFO] Time: 2026-03-02 23:54:36
2026-03-02 23:54:36 [INFO] Price: $50000.00 | Bid: $49990.00 | Ask: $50010.00
2026-03-02 23:54:36 [INFO] Equity: $100.00 | PnL: $+0.00 | DD: 0.00%
2026-03-02 23:54:36 [INFO] Position:  0.0 @ $0.00 | Stop: $0.00
2026-03-02 23:54:36 [INFO] Trade: 0 | Consecutive losses: 0
2026-03-02 23:58:36 [INFO] 
======================================================================
2026-03-02 23:58:36 [INFO] Time: 2026-03-02 23:58:36
2026-03-02 23:58:36 [INFO] Price: $50000.00 | Bid: $49990.00 | Ask: $50010.00
2026-03-02 23:58:36 [INFO] Equity: $100.00 | PnL: $+0.00 | DD: 0.00%
2026-03-02 23:58:36 [INFO] Position:  0.0 @ $0.00 | Stop: $0.00
2026-03-02 23:58:36 [INFO] Trade: 0 | Consecutive losses: 0
2026-03-03 00:02:36 [INFO] 
======================================================================
2026-03-03 00:02:36 [INFO] Time: 2026-03-03 00:02:36
2026-03-03 00:02:36 [INFO] Price: $50000.00 | Bid: $49990.00 | Ask: $50010.00
2026-03-03 00:02:36 [INFO] Equity: $100.00 | PnL: $+0.00 | DD: 0.00%
2026-03-03 00:02:36 [INFO] Position:  0.0 @ $0.00 | Stop: $0.00
2026-03-03 00:02:36 [INFO] Trade: 0 | Consecutive losses: 0
2026-03-03 00:06:37 [INFO] 
======================================================================
2026-03-03 00:06:37 [INFO] Time: 2026-03-03 00:06:37
2026-03-03 00:06:37 [INFO] Price: $50000.00 | Bid: $49990.00 | Ask: $50010.00
2026-03-03 00:06:37 [INFO] Equity: $100.00 | PnL: $+0.00 | DD: 0.00%
2026-03-03 00:06:37 [INFO] Position:  0.0 @ $0.00 | Stop: $0.00
2026-03-03 00:06:37 [INFO] Trade: 0 | Consecutive losses: 0
2026-03-03 00:10:37 [INFO] 
======================================================================
2026-03-03 00:10:37 [INFO] Time: 2026-03-03 00:10:37
2026-03-03 00:10:37 [INFO] Price: $50000.00 | Bid: $49990.00 | Ask: $50010.00
2026-03-03 00:10:37 [INFO] Equity: $100.00 | PnL: $+0.00 | DD: 0.00%
2026-03-03 00:10:37 [INFO] Position:  0.0 @ $0.00 | Stop: $0.00
2026-03-03 00:10:37 [INFO] Trade: 0 | Consecutive losses: 0
2026-03-03 00:14:37 [INFO] 
======================================================================
2026-03-03 00:14:37 [INFO] Time: 2026-03-03 00:14:37
2026-03-03 00:14:37 [INFO] Price: $50000.00 | Bid: $49990.00 | Ask: $50010.00
2026-03-03 00:14:37 [INFO] Equity: $100.00 | PnL: $+0.00 | DD: 0.00%
2026-03-03 00:14:37 [INFO] Position:  0.0 @ $0.00 | Stop: $0.00
2026-03-03 00:14:37 [INFO] Trade: 0 | Consecutive losses: 0
2026-03-03 00:18:38 [INFO] 
======================================================================
2026-03-03 00:18:38 [INFO] Time: 2026-03-03 00:18:38
2026-03-03 00:18:38 [INFO] Price: $50000.00 | Bid: $49990.00 | Ask: $50010.00
2026-03-03 00:18:38 [INFO] Equity: $100.00 | PnL: $+0.00 | DD: 0.00%
2026-03-03 00:18:38 [INFO] Position:  0.0 @ $0.00 | Stop: $0.00
2026-03-03 00:18:38 [INFO] Trade: 0 | Consecutive losses: 0
2026-03-03 00:22:38 [INFO] 
======================================================================
2026-03-03 00:22:38 [INFO] Time: 2026-03-03 00:22:38
2026-03-03 00:22:38 [INFO] Price: $50000.00 | Bid: $49990.00 | Ask: $50010.00
2026-03-03 00:22:38 [INFO] Equity: $100.00 | PnL: $+0.00 | DD: 0.00%
2026-03-03 00:22:38 [INFO] Position:  0.0 @ $0.00 | Stop: $0.00
2026-03-03 00:22:38 [INFO] Trade: 0 | Consecutive losses: 0
2026-03-03 00:26:38 [INFO] 
======================================================================
2026-03-03 00:26:38 [INFO] Time: 2026-03-03 00:26:38
2026-03-03 00:26:38 [INFO] Price: $50000.00 | Bid: $49990.00 | Ask: $50010.00
2026-03-03 00:26:38 [INFO] Equity: $100.00 | PnL: $+0.00 | DD: 0.00%
2026-03-03 00:26:38 [INFO] Position:  0.0 @ $0.00 | Stop: $0.00
2026-03-03 00:26:38 [INFO] Trade: 0 | Consecutive losses: 0
2026-03-03 00:30:38 [INFO] 
======================================================================
2026-03-03 00:30:38 [INFO] Time: 2026-03-03 00:30:38
2026-03-03 00:30:38 [INFO] Price: $50000.00 | Bid: $49990.00 | Ask: $50010.00
2026-03-03 00:30:38 [INFO] Equity: $100.00 | PnL: $+0.00 | DD: 0.00%
2026-03-03 00:30:38 [INFO] Position:  0.0 @ $0.00 | Stop: $0.00
2026-03-03 00:30:38 [INFO] Trade: 0 | Consecutive losses: 0
2026-03-03 00:34:39 [INFO] 
======================================================================
2026-03-03 00:34:39 [INFO] Time: 2026-03-03 00:34:39
2026-03-03 00:34:39 [INFO] Price: $50000.00 | Bid: $49990.00 | Ask: $50010.00
2026-03-03 00:34:39 [INFO] Equity: $100.00 | PnL: $+0.00 | DD: 0.00%
2026-03-03 00:34:39 [INFO] Position:  0.0 @ $0.00 | Stop: $0.00
2026-03-03 00:34:39 [INFO] Trade: 0 | Consecutive losses: 0
2026-03-03 00:38:39 [INFO] 
======================================================================
2026-03-03 00:38:39 [INFO] Time: 2026-03-03 00:38:39
2026-03-03 00:38:39 [INFO] Price: $50000.00 | Bid: $49990.00 | Ask: $50010.00
2026-03-03 00:38:39 [INFO] Equity: $100.00 | PnL: $+0.00 | DD: 0.00%
2026-03-03 00:38:39 [INFO] Position:  0.0 @ $0.00 | Stop: $0.00
2026-03-03 00:38:39 [INFO] Trade: 0 | Consecutive losses: 0
2026-03-03 00:42:39 [INFO] 
======================================================================
2026-03-03 00:42:39 [INFO] Time: 2026-03-03 00:42:39
2026-03-03 00:42:39 [INFO] Price: $50000.00 | Bid: $49990.00 | Ask: $50010.00
2026-03-03 00:42:39 [INFO] Equity: $100.00 | PnL: $+0.00 | DD: 0.00%
2026-03-03 00:42:39 [INFO] Position:  0.0 @ $0.00 | Stop: $0.00
2026-03-03 00:42:39 [INFO] Trade: 0 | Consecutive losses: 0
2026-03-03 00:46:40 [INFO] 
======================================================================
2026-03-03 00:46:40 [INFO] Time: 2026-03-03 00:46:40
2026-03-03 00:46:40 [INFO] Price: $50000.00 | Bid: $49990.00 | Ask: $50010.00
2026-03-03 00:46:40 [INFO] Equity: $100.00 | PnL: $+0.00 | DD: 0.00%
2026-03-03 00:46:40 [INFO] Position:  0.0 @ $0.00 | Stop: $0.00
2026-03-03 00:46:40 [INFO] Trade: 0 | Consecutive losses: 0
2026-03-03 00:50:40 [INFO] 
======================================================================
2026-03-03 00:50:40 [INFO] Time: 2026-03-03 00:50:40
2026-03-03 00:50:40 [INFO] Price: $50000.00 | Bid: $49990.00 | Ask: $50010.00
2026-03-03 00:50:40 [INFO] Equity: $100.00 | PnL: $+0.00 | DD: 0.00%
2026-03-03 00:50:40 [INFO] Position:  0.0 @ $0.00 | Stop: $0.00
2026-03-03 00:50:40 [INFO] Trade: 0 | Consecutive losses: 0
2026-03-03 00:54:40 [INFO] 
======================================================================
2026-03-03 00:54:40 [INFO] Time: 2026-03-03 00:54:40
2026-03-03 00:54:40 [INFO] Price: $50000.00 | Bid: $49990.00 | Ask: $50010.00
2026-03-03 00:54:40 [INFO] Equity: $100.00 | PnL: $+0.00 | DD: 0.00%
2026-03-03 00:54:40 [INFO] Position:  0.0 @ $0.00 | Stop: $0.00
2026-03-03 00:54:40 [INFO] Trade: 0 | Consecutive losses: 0
2026-03-03 00:58:40 [INFO] 
======================================================================
2026-03-03 00:58:40 [INFO] Time: 2026-03-03 00:58:40
2026-03-03 00:58:40 [INFO] Price: $50000.00 | Bid: $49990.00 | Ask: $50010.00
2026-03-03 00:58:40 [INFO] Equity: $100.00 | PnL: $+0.00 | DD: 0.00%
2026-03-03 00:58:40 [INFO] Position:  0.0 @ $0.00 | Stop: $0.00
2026-03-03 00:58:40 [INFO] Trade: 0 | Consecutive losses: 0
2026-03-03 01:02:41 [INFO] 
======================================================================
2026-03-03 01:02:41 [INFO] Time: 2026-03-03 01:02:41
2026-03-03 01:02:41 [INFO] Price: $50000.00 | Bid: $49990.00 | Ask: $50010.00
2026-03-03 01:02:41 [INFO] Equity: $100.00 | PnL: $+0.00 | DD: 0.00%
2026-03-03 01:02:41 [INFO] Position:  0.0 @ $0.00 | Stop: $0.00
2026-03-03 01:02:41 [INFO] Trade: 0 | Consecutive losses: 0
2026-03-03 01:06:41 [INFO] 
======================================================================
2026-03-03 01:06:41 [INFO] Time: 2026-03-03 01:06:41
2026-03-03 01:06:41 [INFO] Price: $50000.00 | Bid: $49990.00 | Ask: $50010.00
2026-03-03 01:06:41 [INFO] Equity: $100.00 | PnL: $+0.00 | DD: 0.00%
2026-03-03 01:06:41 [INFO] Position:  0.0 @ $0.00 | Stop: $0.00
2026-03-03 01:06:41 [INFO] Trade: 0 | Consecutive losses: 0
2026-03-03 01:10:41 [INFO] 
======================================================================
2026-03-03 01:10:41 [INFO] Time: 2026-03-03 01:10:41
2026-03-03 01:10:41 [INFO] Price: $50000.00 | Bid: $49990.00 | Ask: $50010.00
2026-03-03 01:10:41 [INFO] Equity: $100.00 | PnL: $+0.00 | DD: 0.00%
2026-03-03 01:10:41 [INFO] Position:  0.0 @ $0.00 | Stop: $0.00
2026-03-03 01:10:41 [INFO] Trade: 0 | Consecutive losses: 0
2026-03-03 01:14:41 [INFO] 
======================================================================
2026-03-03 01:14:41 [INFO] Time: 2026-03-03 01:14:41
2026-03-03 01:14:41 [INFO] Price: $50000.00 | Bid: $49990.00 | Ask: $50010.00
2026-03-03 01:14:41 [INFO] Equity: $100.00 | PnL: $+0.00 | DD: 0.00%
2026-03-03 01:14:41 [INFO] Position:  0.0 @ $0.00 | Stop: $0.00
2026-03-03 01:14:41 [INFO] Trade: 0 | Consecutive losses: 0
2026-03-03 01:18:42 [INFO] 
======================================================================
2026-03-03 01:18:42 [INFO] Time: 2026-03-03 01:18:42
2026-03-03 01:18:42 [INFO] Price: $50000.00 | Bid: $49990.00 | Ask: $50010.00
2026-03-03 01:18:42 [INFO] Equity: $100.00 | PnL: $+0.00 | DD: 0.00%
2026-03-03 01:18:42 [INFO] Position:  0.0 @ $0.00 | Stop: $0.00
2026-03-03 01:18:42 [INFO] Trade: 0 | Consecutive losses: 0
2026-03-03 01:22:42 [INFO] 
======================================================================
2026-03-03 01:22:42 [INFO] Time: 2026-03-03 01:22:42
2026-03-03 01:22:42 [INFO] Price: $50000.00 | Bid: $49990.00 | Ask: $50010.00
2026-03-03 01:22:42 [INFO] Equity: $100.00 | PnL: $+0.00 | DD: 0.00%
2026-03-03 01:22:42 [INFO] Position:  0.0 @ $0.00 | Stop: $0.00
2026-03-03 01:22:42 [INFO] Trade: 0 | Consecutive losses: 0
2026-03-03 01:26:42 [INFO] 
======================================================================
2026-03-03 01:26:42 [INFO] Time: 2026-03-03 01:26:42
2026-03-03 01:26:42 [INFO] Price: $50000.00 | Bid: $49990.00 | Ask: $50010.00
2026-03-03 01:26:42 [INFO] Equity: $100.00 | PnL: $+0.00 | DD: 0.00%
2026-03-03 01:26:42 [INFO] Position:  0.0 @ $0.00 | Stop: $0.00
2026-03-03 01:26:42 [INFO] Trade: 0 | Consecutive losses: 0
2026-03-03 01:30:43 [INFO] 
======================================================================
2026-03-03 01:30:43 [INFO] Time: 2026-03-03 01:30:43
2026-03-03 01:30:43 [INFO] Price: $50000.00 | Bid: $49990.00 | Ask: $50010.00
2026-03-03 01:30:43 [INFO] Equity: $100.00 | PnL: $+0.00 | DD: 0.00%
2026-03-03 01:30:43 [INFO] Position:  0.0 @ $0.00 | Stop: $0.00
2026-03-03 01:30:43 [INFO] Trade: 0 | Consecutive losses: 0
2026-03-03 01:34:43 [INFO] 
======================================================================
2026-03-03 01:34:43 [INFO] Time: 2026-03-03 01:34:43
2026-03-03 01:34:43 [INFO] Price: $50000.00 | Bid: $49990.00 | Ask: $50010.00
2026-03-03 01:34:43 [INFO] Equity: $100.00 | PnL: $+0.00 | DD: 0.00%
2026-03-03 01:34:43 [INFO] Position:  0.0 @ $0.00 | Stop: $0.00
2026-03-03 01:34:43 [INFO] Trade: 0 | Consecutive losses: 0
2026-03-03 01:38:43 [INFO] 
======================================================================
2026-03-03 01:38:43 [INFO] Time: 2026-03-03 01:38:43
2026-03-03 01:38:43 [INFO] Price: $50000.00 | Bid: $49990.00 | Ask: $50010.00
2026-03-03 01:38:43 [INFO] Equity: $100.00 | PnL: $+0.00 | DD: 0.00%
2026-03-03 01:38:43 [INFO] Position:  0.0 @ $0.00 | Stop: $0.00
2026-03-03 01:38:43 [INFO] Trade: 0 | Consecutive losses: 0
2026-03-03 01:42:44 [INFO] 
======================================================================
2026-03-03 01:42:44 [INFO] Time: 2026-03-03 01:42:44
2026-03-03 01:42:44 [INFO] Price: $50000.00 | Bid: $49990.00 | Ask: $50010.00
2026-03-03 01:42:44 [INFO] Equity: $100.00 | PnL: $+0.00 | DD: 0.00%
2026-03-03 01:42:44 [INFO] Position:  0.0 @ $0.00 | Stop: $0.00
2026-03-03 01:42:44 [INFO] Trade: 0 | Consecutive losses: 0
2026-03-03 01:46:44 [INFO] 
======================================================================
2026-03-03 01:46:44 [INFO] Time: 2026-03-03 01:46:44
2026-03-03 01:46:44 [INFO] Price: $50000.00 | Bid: $49990.00 | Ask: $50010.00
2026-03-03 01:46:44 [INFO] Equity: $100.00 | PnL: $+0.00 | DD: 0.00%
2026-03-03 01:46:44 [INFO] Position:  0.0 @ $0.00 | Stop: $0.00
2026-03-03 01:46:44 [INFO] Trade: 0 | Consecutive losses: 0
2026-03-03 01:50:44 [INFO] 
======================================================================
2026-03-03 01:50:44 [INFO] Time: 2026-03-03 01:50:44
2026-03-03 01:50:44 [INFO] Price: $50000.00 | Bid: $49990.00 | Ask: $50010.00
2026-03-03 01:50:44 [INFO] Equity: $100.00 | PnL: $+0.00 | DD: 0.00%
2026-03-03 01:50:44 [INFO] Position:  0.0 @ $0.00 | Stop: $0.00
2026-03-03 01:50:44 [INFO] Trade: 0 | Consecutive losses: 0
2026-03-03 01:54:44 [INFO] 
======================================================================
2026-03-03 01:54:44 [INFO] Time: 2026-03-03 01:54:44
2026-03-03 01:54:44 [INFO] Price: $50000.00 | Bid: $49990.00 | Ask: $50010.00
2026-03-03 01:54:44 [INFO] Equity: $100.00 | PnL: $+0.00 | DD: 0.00%
2026-03-03 01:54:44 [INFO] Position:  0.0 @ $0.00 | Stop: $0.00
2026-03-03 01:54:44 [INFO] Trade: 0 | Consecutive losses: 0
2026-03-03 01:58:45 [INFO] 
======================================================================
2026-03-03 01:58:45 [INFO] Time: 2026-03-03 01:58:45
2026-03-03 01:58:45 [INFO] Price: $50000.00 | Bid: $49990.00 | Ask: $50010.00
2026-03-03 01:58:45 [INFO] Equity: $100.00 | PnL: $+0.00 | DD: 0.00%
2026-03-03 01:58:45 [INFO] Position:  0.0 @ $0.00 | Stop: $0.00
2026-03-03 01:58:45 [INFO] Trade: 0 | Consecutive losses: 0
2026-03-03 02:02:45 [INFO] 
======================================================================
2026-03-03 02:02:45 [INFO] Time: 2026-03-03 02:02:45
2026-03-03 02:02:45 [INFO] Price: $50000.00 | Bid: $49990.00 | Ask: $50010.00
2026-03-03 02:02:45 [INFO] Equity: $100.00 | PnL: $+0.00 | DD: 0.00%
2026-03-03 02:02:45 [INFO] Position:  0.0 @ $0.00 | Stop: $0.00
2026-03-03 02:02:45 [INFO] Trade: 0 | Consecutive losses: 0
2026-03-03 02:06:45 [INFO] 
======================================================================
2026-03-03 02:06:45 [INFO] Time: 2026-03-03 02:06:45
2026-03-03 02:06:45 [INFO] Price: $50000.00 | Bid: $49990.00 | Ask: $50010.00
2026-03-03 02:06:45 [INFO] Equity: $100.00 | PnL: $+0.00 | DD: 0.00%
2026-03-03 02:06:45 [INFO] Position:  0.0 @ $0.00 | Stop: $0.00
2026-03-03 02:06:45 [INFO] Trade: 0 | Consecutive losses: 0
2026-03-03 02:10:45 [INFO] 
======================================================================
2026-03-03 02:10:45 [INFO] Time: 2026-03-03 02:10:45
2026-03-03 02:10:45 [INFO] Price: $50000.00 | Bid: $49990.00 | Ask: $50010.00
2026-03-03 02:10:45 [INFO] Equity: $100.00 | PnL: $+0.00 | DD: 0.00%
2026-03-03 02:10:45 [INFO] Position:  0.0 @ $0.00 | Stop: $0.00
2026-03-03 02:10:45 [INFO] Trade: 0 | Consecutive losses: 0
2026-03-03 02:14:46 [INFO] 
======================================================================
2026-03-03 02:14:46 [INFO] Time: 2026-03-03 02:14:46
2026-03-03 02:14:46 [INFO] Price: $50000.00 | Bid: $49990.00 | Ask: $50010.00
2026-03-03 02:14:46 [INFO] Equity: $100.00 | PnL: $+0.00 | DD: 0.00%
2026-03-03 02:14:46 [INFO] Position:  0.0 @ $0.00 | Stop: $0.00
2026-03-03 02:14:46 [INFO] Trade: 0 | Consecutive losses: 0
2026-03-03 02:18:46 [INFO] 
======================================================================
2026-03-03 02:18:46 [INFO] Time: 2026-03-03 02:18:46
2026-03-03 02:18:46 [INFO] Price: $50000.00 | Bid: $49990.00 | Ask: $50010.00
2026-03-03 02:18:46 [INFO] Equity: $100.00 | PnL: $+0.00 | DD: 0.00%
2026-03-03 02:18:46 [INFO] Position:  0.0 @ $0.00 | Stop: $0.00
2026-03-03 02:18:46 [INFO] Trade: 0 | Consecutive losses: 0
2026-03-03 02:22:46 [INFO] 
======================================================================
2026-03-03 02:22:46 [INFO] Time: 2026-03-03 02:22:46
2026-03-03 02:22:46 [INFO] Price: $50000.00 | Bid: $49990.00 | Ask: $50010.00
2026-03-03 02:22:46 [INFO] Equity: $100.00 | PnL: $+0.00 | DD: 0.00%
2026-03-03 02:22:46 [INFO] Position:  0.0 @ $0.00 | Stop: $0.00
2026-03-03 02:22:46 [INFO] Trade: 0 | Consecutive losses: 0
2026-03-03 02:26:46 [INFO] 
======================================================================
2026-03-03 02:26:46 [INFO] Time: 2026-03-03 02:26:46
2026-03-03 02:26:46 [INFO] Price: $50000.00 | Bid: $49990.00 | Ask: $50010.00
2026-03-03 02:26:46 [INFO] Equity: $100.00 | PnL: $+0.00 | DD: 0.00%
2026-03-03 02:26:46 [INFO] Position:  0.0 @ $0.00 | Stop: $0.00
2026-03-03 02:26:46 [INFO] Trade: 0 | Consecutive losses: 0
2026-03-03 02:30:47 [INFO] 
======================================================================
2026-03-03 02:30:47 [INFO] Time: 2026-03-03 02:30:47
2026-03-03 02:30:47 [INFO] Price: $50000.00 | Bid: $49990.00 | Ask: $50010.00
2026-03-03 02:30:47 [INFO] Equity: $100.00 | PnL: $+0.00 | DD: 0.00%
2026-03-03 02:30:47 [INFO] Position:  0.0 @ $0.00 | Stop: $0.00
2026-03-03 02:30:47 [INFO] Trade: 0 | Consecutive losses: 0
2026-03-03 02:34:48 [INFO] 
======================================================================
2026-03-03 02:34:48 [INFO] Time: 2026-03-03 02:34:48
2026-03-03 02:34:48 [INFO] Price: $50000.00 | Bid: $49990.00 | Ask: $50010.00
2026-03-03 02:34:48 [INFO] Equity: $100.00 | PnL: $+0.00 | DD: 0.00%
2026-03-03 02:34:48 [INFO] Position:  0.0 @ $0.00 | Stop: $0.00
2026-03-03 02:34:48 [INFO] Trade: 0 | Consecutive losses: 0
2026-03-03 02:38:48 [INFO] 
======================================================================
2026-03-03 02:38:48 [INFO] Time: 2026-03-03 02:38:48
2026-03-03 02:38:48 [INFO] Price: $50000.00 | Bid: $49990.00 | Ask: $50010.00
2026-03-03 02:38:48 [INFO] Equity: $100.00 | PnL: $+0.00 | DD: 0.00%
2026-03-03 02:38:48 [INFO] Position:  0.0 @ $0.00 | Stop: $0.00
2026-03-03 02:38:48 [INFO] Trade: 0 | Consecutive losses: 0
2026-03-03 02:42:49 [INFO] 
======================================================================
2026-03-03 02:42:49 [INFO] Time: 2026-03-03 02:42:49
2026-03-03 02:42:49 [INFO] Price: $50000.00 | Bid: $49990.00 | Ask: $50010.00
2026-03-03 02:42:49 [INFO] Equity: $100.00 | PnL: $+0.00 | DD: 0.00%
2026-03-03 02:42:49 [INFO] Position:  0.0 @ $0.00 | Stop: $0.00
2026-03-03 02:42:49 [INFO] Trade: 0 | Consecutive losses: 0
2026-03-03 02:46:49 [INFO] 
======================================================================
2026-03-03 02:46:49 [INFO] Time: 2026-03-03 02:46:49
2026-03-03 02:46:49 [INFO] Price: $50000.00 | Bid: $49990.00 | Ask: $50010.00
2026-03-03 02:46:49 [INFO] Equity: $100.00 | PnL: $+0.00 | DD: 0.00%
2026-03-03 02:46:49 [INFO] Position:  0.0 @ $0.00 | Stop: $0.00
2026-03-03 02:46:49 [INFO] Trade: 0 | Consecutive losses: 0
2026-03-03 02:50:49 [INFO] 
======================================================================
2026-03-03 02:50:49 [INFO] Time: 2026-03-03 02:50:49
2026-03-03 02:50:49 [INFO] Price: $50000.00 | Bid: $49990.00 | Ask: $50010.00
2026-03-03 02:50:49 [INFO] Equity: $100.00 | PnL: $+0.00 | DD: 0.00%
2026-03-03 02:50:49 [INFO] Position:  0.0 @ $0.00 | Stop: $0.00
2026-03-03 02:50:49 [INFO] Trade: 0 | Consecutive losses: 0
2026-03-03 02:54:49 [INFO] 
======================================================================
2026-03-03 02:54:49 [INFO] Time: 2026-03-03 02:54:49
2026-03-03 02:54:49 [INFO] Price: $50000.00 | Bid: $49990.00 | Ask: $50010.00
2026-03-03 02:54:49 [INFO] Equity: $100.00 | PnL: $+0.00 | DD: 0.00%
2026-03-03 02:54:49 [INFO] Position:  0.0 @ $0.00 | Stop: $0.00
2026-03-03 02:54:49 [INFO] Trade: 0 | Consecutive losses: 0
2026-03-03 02:58:49 [INFO] 
======================================================================
2026-03-03 02:58:49 [INFO] Time: 2026-03-03 02:58:49
2026-03-03 02:58:49 [INFO] Price: $50000.00 | Bid: $49990.00 | Ask: $50010.00
2026-03-03 02:58:49 [INFO] Equity: $100.00 | PnL: $+0.00 | DD: 0.00%
2026-03-03 02:58:49 [INFO] Position:  0.0 @ $0.00 | Stop: $0.00
2026-03-03 02:58:49 [INFO] Trade: 0 | Consecutive losses: 0
2026-03-03 03:02:50 [INFO] 
======================================================================
2026-03-03 03:02:50 [INFO] Time: 2026-03-03 03:02:50
2026-03-03 03:02:50 [INFO] Price: $50000.00 | Bid: $49990.00 | Ask: $50010.00
2026-03-03 03:02:50 [INFO] Equity: $100.00 | PnL: $+0.00 | DD: 0.00%
2026-03-03 03:02:50 [INFO] Position:  0.0 @ $0.00 | Stop: $0.00
2026-03-03 03:02:50 [INFO] Trade: 0 | Consecutive losses: 0
2026-03-03 03:06:50 [INFO] 
======================================================================
2026-03-03 03:06:50 [INFO] Time: 2026-03-03 03:06:50
2026-03-03 03:06:50 [INFO] Price: $50000.00 | Bid: $49990.00 | Ask: $50010.00
2026-03-03 03:06:50 [INFO] Equity: $100.00 | PnL: $+0.00 | DD: 0.00%
2026-03-03 03:06:50 [INFO] Position:  0.0 @ $0.00 | Stop: $0.00
2026-03-03 03:06:50 [INFO] Trade: 0 | Consecutive losses: 0
2026-03-03 03:10:50 [INFO] 
======================================================================
2026-03-03 03:10:50 [INFO] Time: 2026-03-03 03:10:50
2026-03-03 03:10:50 [INFO] Price: $50000.00 | Bid: $49990.00 | Ask: $50010.00
2026-03-03 03:10:50 [INFO] Equity: $100.00 | PnL: $+0.00 | DD: 0.00%
2026-03-03 03:10:50 [INFO] Position:  0.0 @ $0.00 | Stop: $0.00
2026-03-03 03:10:50 [INFO] Trade: 0 | Consecutive losses: 0
2026-03-03 03:14:50 [INFO] 
======================================================================
2026-03-03 03:14:50 [INFO] Time: 2026-03-03 03:14:50
2026-03-03 03:14:50 [INFO] Price: $50000.00 | Bid: $49990.00 | Ask: $50010.00
2026-03-03 03:14:50 [INFO] Equity: $100.00 | PnL: $+0.00 | DD: 0.00%
2026-03-03 03:14:50 [INFO] Position:  0.0 @ $0.00 | Stop: $0.00
2026-03-03 03:14:50 [INFO] Trade: 0 | Consecutive losses: 0
2026-03-03 03:18:51 [INFO] 
======================================================================
2026-03-03 03:18:51 [INFO] Time: 2026-03-03 03:18:51
2026-03-03 03:18:51 [INFO] Price: $50000.00 | Bid: $49990.00 | Ask: $50010.00
2026-03-03 03:18:51 [INFO] Equity: $100.00 | PnL: $+0.00 | DD: 0.00%
2026-03-03 03:18:51 [INFO] Position:  0.0 @ $0.00 | Stop: $0.00
2026-03-03 03:18:51 [INFO] Trade: 0 | Consecutive losses: 0
2026-03-03 03:22:51 [INFO] 
======================================================================
2026-03-03 03:22:51 [INFO] Time: 2026-03-03 03:22:51
2026-03-03 03:22:51 [INFO] Price: $50000.00 | Bid: $49990.00 | Ask: $50010.00
2026-03-03 03:22:51 [INFO] Equity: $100.00 | PnL: $+0.00 | DD: 0.00%
2026-03-03 03:22:51 [INFO] Position:  0.0 @ $0.00 | Stop: $0.00
2026-03-03 03:22:51 [INFO] Trade: 0 | Consecutive losses: 0
2026-03-03 03:26:51 [INFO] 
======================================================================
2026-03-03 03:26:51 [INFO] Time: 2026-03-03 03:26:51
2026-03-03 03:26:51 [INFO] Price: $50000.00 | Bid: $49990.00 | Ask: $50010.00
2026-03-03 03:26:51 [INFO] Equity: $100.00 | PnL: $+0.00 | DD: 0.00%
2026-03-03 03:26:51 [INFO] Position:  0.0 @ $0.00 | Stop: $0.00
2026-03-03 03:26:51 [INFO] Trade: 0 | Consecutive losses: 0
2026-03-03 03:30:51 [INFO] 
======================================================================
2026-03-03 03:30:51 [INFO] Time: 2026-03-03 03:30:51
2026-03-03 03:30:51 [INFO] Price: $50000.00 | Bid: $49990.00 | Ask: $50010.00
2026-03-03 03:30:51 [INFO] Equity: $100.00 | PnL: $+0.00 | DD: 0.00%
2026-03-03 03:30:51 [INFO] Position:  0.0 @ $0.00 | Stop: $0.00
2026-03-03 03:30:51 [INFO] Trade: 0 | Consecutive losses: 0
2026-03-03 03:34:53 [INFO] 
======================================================================
2026-03-03 03:34:53 [INFO] Time: 2026-03-03 03:34:53
2026-03-03 03:34:53 [INFO] Price: $50000.00 | Bid: $49990.00 | Ask: $50010.00
2026-03-03 03:34:53 [INFO] Equity: $100.00 | PnL: $+0.00 | DD: 0.00%
2026-03-03 03:34:53 [INFO] Position:  0.0 @ $0.00 | Stop: $0.00
2026-03-03 03:34:53 [INFO] Trade: 0 | Consecutive losses: 0
2026-03-03 03:38:53 [INFO] 
======================================================================
2026-03-03 03:38:53 [INFO] Time: 2026-03-03 03:38:53
2026-03-03 03:38:53 [INFO] Price: $50000.00 | Bid: $49990.00 | Ask: $50010.00
2026-03-03 03:38:53 [INFO] Equity: $100.00 | PnL: $+0.00 | DD: 0.00%
2026-03-03 03:38:53 [INFO] Position:  0.0 @ $0.00 | Stop: $0.00
2026-03-03 03:38:53 [INFO] Trade: 0 | Consecutive losses: 0
2026-03-03 03:42:53 [ERROR] Get market state error: ('Connection aborted.', RemoteDisconnected('Remote end closed connection without response'))
2026-03-03 03:42:53 [INFO] 
======================================================================
2026-03-03 03:42:53 [INFO] Time: 2026-03-03 03:42:53
2026-03-03 03:42:53 [INFO] Price: $50000.00 | Bid: $49990.00 | Ask: $50010.00
2026-03-03 03:42:53 [INFO] Equity: $100.00 | PnL: $+0.00 | DD: 0.00%
2026-03-03 03:42:53 [INFO] Position:  0.0 @ $0.00 | Stop: $0.00
2026-03-03 03:42:53 [INFO] Trade: 0 | Consecutive losses: 0
2026-03-03 03:46:54 [INFO] 
======================================================================
2026-03-03 03:46:54 [INFO] Time: 2026-03-03 03:46:54
2026-03-03 03:46:54 [INFO] Price: $50000.00 | Bid: $49990.00 | Ask: $50010.00
2026-03-03 03:46:54 [INFO] Equity: $100.00 | PnL: $+0.00 | DD: 0.00%
2026-03-03 03:46:54 [INFO] Position:  0.0 @ $0.00 | Stop: $0.00
2026-03-03 03:46:54 [INFO] Trade: 0 | Consecutive losses: 0
2026-03-03 03:50:54 [ERROR] Get market state error: ('Connection aborted.', RemoteDisconnected('Remote end closed connection without response'))
2026-03-03 03:50:54 [INFO] 
======================================================================
2026-03-03 03:50:54 [INFO] Time: 2026-03-03 03:50:54
2026-03-03 03:50:54 [INFO] Price: $50000.00 | Bid: $49990.00 | Ask: $50010.00
2026-03-03 03:50:54 [INFO] Equity: $100.00 | PnL: $+0.00 | DD: 0.00%
2026-03-03 03:50:54 [INFO] Position:  0.0 @ $0.00 | Stop: $0.00
2026-03-03 03:50:54 [INFO] Trade: 0 | Consecutive losses: 0
2026-03-03 03:54:54 [INFO] 
======================================================================
2026-03-03 03:54:54 [INFO] Time: 2026-03-03 03:54:54
2026-03-03 03:54:54 [INFO] Price: $50000.00 | Bid: $49990.00 | Ask: $50010.00
2026-03-03 03:54:54 [INFO] Equity: $100.00 | PnL: $+0.00 | DD: 0.00%
2026-03-03 03:54:54 [INFO] Position:  0.0 @ $0.00 | Stop: $0.00
2026-03-03 03:54:54 [INFO] Trade: 0 | Consecutive losses: 0
2026-03-03 03:58:54 [INFO] 
======================================================================
2026-03-03 03:58:54 [INFO] Time: 2026-03-03 03:58:54
2026-03-03 03:58:54 [INFO] Price: $50000.00 | Bid: $49990.00 | Ask: $50010.00
2026-03-03 03:58:54 [INFO] Equity: $100.00 | PnL: $+0.00 | DD: 0.00%
2026-03-03 03:58:54 [INFO] Position:  0.0 @ $0.00 | Stop: $0.00
2026-03-03 03:58:54 [INFO] Trade: 0 | Consecutive losses: 0
2026-03-03 04:02:54 [INFO] 
======================================================================
2026-03-03 04:02:54 [INFO] Time: 2026-03-03 04:02:54
2026-03-03 04:02:54 [INFO] Price: $50000.00 | Bid: $49990.00 | Ask: $50010.00
2026-03-03 04:02:54 [INFO] Equity: $100.00 | PnL: $+0.00 | DD: 0.00%
2026-03-03 04:02:54 [INFO] Position:  0.0 @ $0.00 | Stop: $0.00
2026-03-03 04:02:54 [INFO] Trade: 0 | Consecutive losses: 0
2026-03-03 04:06:54 [INFO] 
======================================================================
2026-03-03 04:06:54 [INFO] Time: 2026-03-03 04:06:54
2026-03-03 04:06:54 [INFO] Price: $50000.00 | Bid: $49990.00 | Ask: $50010.00
2026-03-03 04:06:54 [INFO] Equity: $100.00 | PnL: $+0.00 | DD: 0.00%
2026-03-03 04:06:54 [INFO] Position:  0.0 @ $0.00 | Stop: $0.00
2026-03-03 04:06:54 [INFO] Trade: 0 | Consecutive losses: 0
2026-03-03 04:10:55 [INFO] 
======================================================================
2026-03-03 04:10:55 [INFO] Time: 2026-03-03 04:10:55
2026-03-03 04:10:55 [INFO] Price: $50000.00 | Bid: $49990.00 | Ask: $50010.00
2026-03-03 04:10:55 [INFO] Equity: $100.00 | PnL: $+0.00 | DD: 0.00%
2026-03-03 04:10:55 [INFO] Position:  0.0 @ $0.00 | Stop: $0.00
2026-03-03 04:10:55 [INFO] Trade: 0 | Consecutive losses: 0
2026-03-03 04:14:55 [INFO] 
======================================================================
2026-03-03 04:14:55 [INFO] Time: 2026-03-03 04:14:55
2026-03-03 04:14:55 [INFO] Price: $50000.00 | Bid: $49990.00 | Ask: $50010.00
2026-03-03 04:14:55 [INFO] Equity: $100.00 | PnL: $+0.00 | DD: 0.00%
2026-03-03 04:14:55 [INFO] Position:  0.0 @ $0.00 | Stop: $0.00
2026-03-03 04:14:55 [INFO] Trade: 0 | Consecutive losses: 0
2026-03-03 04:18:55 [INFO] 
======================================================================
2026-03-03 04:18:55 [INFO] Time: 2026-03-03 04:18:55
2026-03-03 04:18:55 [INFO] Price: $50000.00 | Bid: $49990.00 | Ask: $50010.00
2026-03-03 04:18:55 [INFO] Equity: $100.00 | PnL: $+0.00 | DD: 0.00%
2026-03-03 04:18:55 [INFO] Position:  0.0 @ $0.00 | Stop: $0.00
2026-03-03 04:18:55 [INFO] Trade: 0 | Consecutive losses: 0
2026-03-03 04:22:55 [INFO] 
======================================================================
2026-03-03 04:22:55 [INFO] Time: 2026-03-03 04:22:55
2026-03-03 04:22:55 [INFO] Price: $50000.00 | Bid: $49990.00 | Ask: $50010.00
2026-03-03 04:22:55 [INFO] Equity: $100.00 | PnL: $+0.00 | DD: 0.00%
2026-03-03 04:22:55 [INFO] Position:  0.0 @ $0.00 | Stop: $0.00
2026-03-03 04:22:55 [INFO] Trade: 0 | Consecutive losses: 0
2026-03-03 04:26:56 [INFO] 
======================================================================
2026-03-03 04:26:56 [INFO] Time: 2026-03-03 04:26:56
2026-03-03 04:26:56 [INFO] Price: $50000.00 | Bid: $49990.00 | Ask: $50010.00
2026-03-03 04:26:56 [INFO] Equity: $100.00 | PnL: $+0.00 | DD: 0.00%
2026-03-03 04:26:56 [INFO] Position:  0.0 @ $0.00 | Stop: $0.00
2026-03-03 04:26:56 [INFO] Trade: 0 | Consecutive losses: 0
2026-03-03 04:30:56 [INFO] 
======================================================================
2026-03-03 04:30:56 [INFO] Time: 2026-03-03 04:30:56
2026-03-03 04:30:56 [INFO] Price: $50000.00 | Bid: $49990.00 | Ask: $50010.00
2026-03-03 04:30:56 [INFO] Equity: $100.00 | PnL: $+0.00 | DD: 0.00%
2026-03-03 04:30:56 [INFO] Position:  0.0 @ $0.00 | Stop: $0.00
2026-03-03 04:30:56 [INFO] Trade: 0 | Consecutive losses: 0
2026-03-03 04:34:56 [INFO] 
======================================================================
2026-03-03 04:34:56 [INFO] Time: 2026-03-03 04:34:56
2026-03-03 04:34:56 [INFO] Price: $50000.00 | Bid: $49990.00 | Ask: $50010.00
2026-03-03 04:34:56 [INFO] Equity: $100.00 | PnL: $+0.00 | DD: 0.00%
2026-03-03 04:34:56 [INFO] Position:  0.0 @ $0.00 | Stop: $0.00
2026-03-03 04:34:56 [INFO] Trade: 0 | Consecutive losses: 0
2026-03-03 04:38:56 [INFO] 
======================================================================
2026-03-03 04:38:56 [INFO] Time: 2026-03-03 04:38:56
2026-03-03 04:38:56 [INFO] Price: $50000.00 | Bid: $49990.00 | Ask: $50010.00
2026-03-03 04:38:56 [INFO] Equity: $100.00 | PnL: $+0.00 | DD: 0.00%
2026-03-03 04:38:56 [INFO] Position:  0.0 @ $0.00 | Stop: $0.00
2026-03-03 04:38:56 [INFO] Trade: 0 | Consecutive losses: 0
2026-03-03 04:42:57 [INFO] 
======================================================================
2026-03-03 04:42:57 [INFO] Time: 2026-03-03 04:42:57
2026-03-03 04:42:57 [INFO] Price: $50000.00 | Bid: $49990.00 | Ask: $50010.00
2026-03-03 04:42:57 [INFO] Equity: $100.00 | PnL: $+0.00 | DD: 0.00%
2026-03-03 04:42:57 [INFO] Position:  0.0 @ $0.00 | Stop: $0.00
2026-03-03 04:42:57 [INFO] Trade: 0 | Consecutive losses: 0
2026-03-03 04:46:58 [INFO] 
======================================================================
2026-03-03 04:46:58 [INFO] Time: 2026-03-03 04:46:58
2026-03-03 04:46:58 [INFO] Price: $50000.00 | Bid: $49990.00 | Ask: $50010.00
2026-03-03 04:46:58 [INFO] Equity: $100.00 | PnL: $+0.00 | DD: 0.00%
2026-03-03 04:46:58 [INFO] Position:  0.0 @ $0.00 | Stop: $0.00
2026-03-03 04:46:58 [INFO] Trade: 0 | Consecutive losses: 0
2026-03-03 04:50:58 [INFO] 
======================================================================
2026-03-03 04:50:58 [INFO] Time: 2026-03-03 04:50:58
2026-03-03 04:50:58 [INFO] Price: $50000.00 | Bid: $49990.00 | Ask: $50010.00
2026-03-03 04:50:58 [INFO] Equity: $100.00 | PnL: $+0.00 | DD: 0.00%
2026-03-03 04:50:58 [INFO] Position:  0.0 @ $0.00 | Stop: $0.00
2026-03-03 04:50:58 [INFO] Trade: 0 | Consecutive losses: 0
2026-03-03 04:54:58 [INFO] 
======================================================================
2026-03-03 04:54:58 [INFO] Time: 2026-03-03 04:54:58
2026-03-03 04:54:58 [INFO] Price: $50000.00 | Bid: $49990.00 | Ask: $50010.00
2026-03-03 04:54:58 [INFO] Equity: $100.00 | PnL: $+0.00 | DD: 0.00%
2026-03-03 04:54:58 [INFO] Position:  0.0 @ $0.00 | Stop: $0.00
2026-03-03 04:54:58 [INFO] Trade: 0 | Consecutive losses: 0
2026-03-03 04:58:59 [INFO] 
======================================================================
2026-03-03 04:58:59 [INFO] Time: 2026-03-03 04:58:59
2026-03-03 04:58:59 [INFO] Price: $50000.00 | Bid: $49990.00 | Ask: $50010.00
2026-03-03 04:58:59 [INFO] Equity: $100.00 | PnL: $+0.00 | DD: 0.00%
2026-03-03 04:58:59 [INFO] Position:  0.0 @ $0.00 | Stop: $0.00
2026-03-03 04:58:59 [INFO] Trade: 0 | Consecutive losses: 0
2026-03-03 05:02:59 [INFO] 
======================================================================
2026-03-03 05:02:59 [INFO] Time: 2026-03-03 05:02:59
2026-03-03 05:02:59 [INFO] Price: $50000.00 | Bid: $49990.00 | Ask: $50010.00
2026-03-03 05:02:59 [INFO] Equity: $100.00 | PnL: $+0.00 | DD: 0.00%
2026-03-03 05:02:59 [INFO] Position:  0.0 @ $0.00 | Stop: $0.00
2026-03-03 05:02:59 [INFO] Trade: 0 | Consecutive losses: 0
2026-03-03 05:06:59 [INFO] 
======================================================================
2026-03-03 05:06:59 [INFO] Time: 2026-03-03 05:06:59
2026-03-03 05:06:59 [INFO] Price: $50000.00 | Bid: $49990.00 | Ask: $50010.00
2026-03-03 05:06:59 [INFO] Equity: $100.00 | PnL: $+0.00 | DD: 0.00%
2026-03-03 05:06:59 [INFO] Position:  0.0 @ $0.00 | Stop: $0.00
2026-03-03 05:06:59 [INFO] Trade: 0 | Consecutive losses: 0
2026-03-03 05:10:59 [INFO] 
======================================================================
2026-03-03 05:10:59 [INFO] Time: 2026-03-03 05:10:59
2026-03-03 05:10:59 [INFO] Price: $50000.00 | Bid: $49990.00 | Ask: $50010.00
2026-03-03 05:10:59 [INFO] Equity: $100.00 | PnL: $+0.00 | DD: 0.00%
2026-03-03 05:10:59 [INFO] Position:  0.0 @ $0.00 | Stop: $0.00
2026-03-03 05:10:59 [INFO] Trade: 0 | Consecutive losses: 0
2026-03-03 05:15:00 [INFO] 
======================================================================
2026-03-03 05:15:00 [INFO] Time: 2026-03-03 05:15:00
2026-03-03 05:15:00 [INFO] Price: $50000.00 | Bid: $49990.00 | Ask: $50010.00
2026-03-03 05:15:00 [INFO] Equity: $100.00 | PnL: $+0.00 | DD: 0.00%
2026-03-03 05:15:00 [INFO] Position:  0.0 @ $0.00 | Stop: $0.00
2026-03-03 05:15:00 [INFO] Trade: 0 | Consecutive losses: 0
2026-03-03 05:19:00 [INFO] 
======================================================================
2026-03-03 05:19:00 [INFO] Time: 2026-03-03 05:19:00
2026-03-03 05:19:00 [INFO] Price: $50000.00 | Bid: $49990.00 | Ask: $50010.00
2026-03-03 05:19:00 [INFO] Equity: $100.00 | PnL: $+0.00 | DD: 0.00%
2026-03-03 05:19:00 [INFO] Position:  0.0 @ $0.00 | Stop: $0.00
2026-03-03 05:19:00 [INFO] Trade: 0 | Consecutive losses: 0
2026-03-03 05:23:00 [INFO] 
======================================================================
2026-03-03 05:23:00 [INFO] Time: 2026-03-03 05:23:00
2026-03-03 05:23:00 [INFO] Price: $50000.00 | Bid: $49990.00 | Ask: $50010.00
2026-03-03 05:23:00 [INFO] Equity: $100.00 | PnL: $+0.00 | DD: 0.00%
2026-03-03 05:23:00 [INFO] Position:  0.0 @ $0.00 | Stop: $0.00
2026-03-03 05:23:00 [INFO] Trade: 0 | Consecutive losses: 0
2026-03-03 05:27:01 [INFO] 
======================================================================
2026-03-03 05:27:01 [INFO] Time: 2026-03-03 05:27:01
2026-03-03 05:27:01 [INFO] Price: $50000.00 | Bid: $49990.00 | Ask: $50010.00
2026-03-03 05:27:01 [INFO] Equity: $100.00 | PnL: $+0.00 | DD: 0.00%
2026-03-03 05:27:01 [INFO] Position:  0.0 @ $0.00 | Stop: $0.00
2026-03-03 05:27:01 [INFO] Trade: 0 | Consecutive losses: 0
2026-03-03 05:31:02 [INFO] 
======================================================================
2026-03-03 05:31:02 [INFO] Time: 2026-03-03 05:31:02
2026-03-03 05:31:02 [INFO] Price: $50000.00 | Bid: $49990.00 | Ask: $50010.00
2026-03-03 05:31:02 [INFO] Equity: $100.00 | PnL: $+0.00 | DD: 0.00%
2026-03-03 05:31:02 [INFO] Position:  0.0 @ $0.00 | Stop: $0.00
2026-03-03 05:31:02 [INFO] Trade: 0 | Consecutive losses: 0
2026-03-03 05:35:02 [INFO] 
======================================================================
2026-03-03 05:35:02 [INFO] Time: 2026-03-03 05:35:02
2026-03-03 05:35:02 [INFO] Price: $50000.00 | Bid: $49990.00 | Ask: $50010.00
2026-03-03 05:35:02 [INFO] Equity: $100.00 | PnL: $+0.00 | DD: 0.00%
2026-03-03 05:35:02 [INFO] Position:  0.0 @ $0.00 | Stop: $0.00
2026-03-03 05:35:02 [INFO] Trade: 0 | Consecutive losses: 0
2026-03-03 05:39:03 [INFO] 
======================================================================
2026-03-03 05:39:03 [INFO] Time: 2026-03-03 05:39:03
2026-03-03 05:39:03 [INFO] Price: $50000.00 | Bid: $49990.00 | Ask: $50010.00
2026-03-03 05:39:03 [INFO] Equity: $100.00 | PnL: $+0.00 | DD: 0.00%
2026-03-03 05:39:03 [INFO] Position:  0.0 @ $0.00 | Stop: $0.00
2026-03-03 05:39:03 [INFO] Trade: 0 | Consecutive losses: 0
2026-03-03 05:43:04 [INFO] 
======================================================================
2026-03-03 05:43:04 [INFO] Time: 2026-03-03 05:43:04
2026-03-03 05:43:04 [INFO] Price: $50000.00 | Bid: $49990.00 | Ask: $50010.00
2026-03-03 05:43:04 [INFO] Equity: $100.00 | PnL: $+0.00 | DD: 0.00%
2026-03-03 05:43:04 [INFO] Position:  0.0 @ $0.00 | Stop: $0.00
2026-03-03 05:43:04 [INFO] Trade: 0 | Consecutive losses: 0
2026-03-03 05:47:04 [INFO] 
======================================================================
2026-03-03 05:47:04 [INFO] Time: 2026-03-03 05:47:04
2026-03-03 05:47:04 [INFO] Price: $50000.00 | Bid: $49990.00 | Ask: $50010.00
2026-03-03 05:47:04 [INFO] Equity: $100.00 | PnL: $+0.00 | DD: 0.00%
2026-03-03 05:47:04 [INFO] Position:  0.0 @ $0.00 | Stop: $0.00
2026-03-03 05:47:04 [INFO] Trade: 0 | Consecutive losses: 0
2026-03-03 05:51:04 [INFO] 
======================================================================
2026-03-03 05:51:04 [INFO] Time: 2026-03-03 05:51:04
2026-03-03 05:51:04 [INFO] Price: $50000.00 | Bid: $49990.00 | Ask: $50010.00
2026-03-03 05:51:04 [INFO] Equity: $100.00 | PnL: $+0.00 | DD: 0.00%
2026-03-03 05:51:04 [INFO] Position:  0.0 @ $0.00 | Stop: $0.00
2026-03-03 05:51:04 [INFO] Trade: 0 | Consecutive losses: 0
2026-03-03 05:55:04 [INFO] 
======================================================================
2026-03-03 05:55:04 [INFO] Time: 2026-03-03 05:55:04
2026-03-03 05:55:04 [INFO] Price: $50000.00 | Bid: $49990.00 | Ask: $50010.00
2026-03-03 05:55:04 [INFO] Equity: $100.00 | PnL: $+0.00 | DD: 0.00%
2026-03-03 05:55:04 [INFO] Position:  0.0 @ $0.00 | Stop: $0.00
2026-03-03 05:55:04 [INFO] Trade: 0 | Consecutive losses: 0
2026-03-03 05:59:05 [INFO] 
======================================================================
2026-03-03 05:59:05 [INFO] Time: 2026-03-03 05:59:05
2026-03-03 05:59:05 [INFO] Price: $50000.00 | Bid: $49990.00 | Ask: $50010.00
2026-03-03 05:59:05 [INFO] Equity: $100.00 | PnL: $+0.00 | DD: 0.00%
2026-03-03 05:59:05 [INFO] Position:  0.0 @ $0.00 | Stop: $0.00
2026-03-03 05:59:05 [INFO] Trade: 0 | Consecutive losses: 0
2026-03-03 06:03:05 [INFO] 
======================================================================
2026-03-03 06:03:05 [INFO] Time: 2026-03-03 06:03:05
2026-03-03 06:03:05 [INFO] Price: $50000.00 | Bid: $49990.00 | Ask: $50010.00
2026-03-03 06:03:05 [INFO] Equity: $100.00 | PnL: $+0.00 | DD: 0.00%
2026-03-03 06:03:05 [INFO] Position:  0.0 @ $0.00 | Stop: $0.00
2026-03-03 06:03:05 [INFO] Trade: 0 | Consecutive losses: 0
2026-03-03 06:07:06 [INFO] 
======================================================================
2026-03-03 06:07:06 [INFO] Time: 2026-03-03 06:07:06
2026-03-03 06:07:06 [INFO] Price: $50000.00 | Bid: $49990.00 | Ask: $50010.00
2026-03-03 06:07:06 [INFO] Equity: $100.00 | PnL: $+0.00 | DD: 0.00%
2026-03-03 06:07:06 [INFO] Position:  0.0 @ $0.00 | Stop: $0.00
2026-03-03 06:07:06 [INFO] Trade: 0 | Consecutive losses: 0
2026-03-03 06:11:06 [INFO] 
======================================================================
2026-03-03 06:11:06 [INFO] Time: 2026-03-03 06:11:06
2026-03-03 06:11:06 [INFO] Price: $50000.00 | Bid: $49990.00 | Ask: $50010.00
2026-03-03 06:11:06 [INFO] Equity: $100.00 | PnL: $+0.00 | DD: 0.00%
2026-03-03 06:11:06 [INFO] Position:  0.0 @ $0.00 | Stop: $0.00
2026-03-03 06:11:06 [INFO] Trade: 0 | Consecutive losses: 0
2026-03-03 06:15:06 [INFO] 
======================================================================
2026-03-03 06:15:06 [INFO] Time: 2026-03-03 06:15:06
2026-03-03 06:15:06 [INFO] Price: $50000.00 | Bid: $49990.00 | Ask: $50010.00
2026-03-03 06:15:06 [INFO] Equity: $100.00 | PnL: $+0.00 | DD: 0.00%
2026-03-03 06:15:06 [INFO] Position:  0.0 @ $0.00 | Stop: $0.00
2026-03-03 06:15:06 [INFO] Trade: 0 | Consecutive losses: 0
2026-03-03 06:19:06 [INFO] 
======================================================================
2026-03-03 06:19:06 [INFO] Time: 2026-03-03 06:19:06
2026-03-03 06:19:06 [INFO] Price: $50000.00 | Bid: $49990.00 | Ask: $50010.00
2026-03-03 06:19:06 [INFO] Equity: $100.00 | PnL: $+0.00 | DD: 0.00%
2026-03-03 06:19:06 [INFO] Position:  0.0 @ $0.00 | Stop: $0.00
2026-03-03 06:19:06 [INFO] Trade: 0 | Consecutive losses: 0
2026-03-03 06:23:07 [INFO] 
======================================================================
2026-03-03 06:23:07 [INFO] Time: 2026-03-03 06:23:07
2026-03-03 06:23:07 [INFO] Price: $50000.00 | Bid: $49990.00 | Ask: $50010.00
2026-03-03 06:23:07 [INFO] Equity: $100.00 | PnL: $+0.00 | DD: 0.00%
2026-03-03 06:23:07 [INFO] Position:  0.0 @ $0.00 | Stop: $0.00
2026-03-03 06:23:07 [INFO] Trade: 0 | Consecutive losses: 0
2026-03-03 06:27:26 [ERROR] Get market state error: ('Connection aborted.', RemoteDisconnected('Remote end closed connection without response'))
2026-03-03 06:27:37 [ERROR] Get position error: HTTPSConnectionPool(host='api.hyperliquid.xyz', port=443): Max retries exceeded with url: /info (Caused by NameResolutionError("HTTPSConnection(host='api.hyperliquid.xyz', port=443): Failed to resolve 'api.hyperliquid.xyz' ([Errno 11001] getaddrinfo failed)"))
2026-03-03 06:27:37 [INFO] 
======================================================================
2026-03-03 06:27:37 [INFO] Time: 2026-03-03 06:27:37
2026-03-03 06:27:37 [INFO] Price: $50000.00 | Bid: $49990.00 | Ask: $50010.00
2026-03-03 06:27:37 [INFO] Equity: $100.00 | PnL: $+0.00 | DD: 0.00%
2026-03-03 06:27:37 [INFO] Position:  0.0 @ $0.00 | Stop: $0.00
2026-03-03 06:27:37 [INFO] Trade: 0 | Consecutive losses: 0
