2026-03-02 23:59:12 [INFO] ======================================================================
2026-03-02 23:59:12 [INFO]  BTC/USDT 4H ADAPTIVE RSI v5 - LIVE TRADER
2026-03-02 23:59:12 [INFO] ======================================================================
2026-03-02 23:59:12 [INFO] Mode: LIVE TRADING
2026-03-02 23:59:12 [INFO] API: Hyperliquid
2026-03-02 23:59:12 [INFO] Lookback: 180 days
2026-03-02 23:59:12 [INFO] ======================================================================
2026-03-02 23:59:12 [INFO] Mode: LIVE | v5 Adaptive RSI
2026-03-02 23:59:12 [INFO] API Key: 0x8455b7...1b55
2026-03-02 23:59:12 [INFO] Initializing Hyperliquid API (LIVE mode)
2026-03-02 23:59:12 [INFO] Initial equity: $100.00
2026-03-02 23:59:12 [INFO] Unrealized PnL: $0.00
2026-03-02 23:59:12 [INFO] CSV cache: btc_usdt_4h.csv (2190 bars)
2026-03-02 23:59:12 [INFO] Data: 2025-03-02 16:00:00 -> 2026-03-02 12:00:00 (2190 bars)
2026-03-02 23:59:12 [INFO] Regimes: {'RANGE': 877, 'BEAR': 748, 'BULL': 565}
2026-03-02 23:59:12 [INFO] Long signals: 5, Short signals: 10
2026-03-02 23:59:12 [INFO] Waiting for next 4h bar (interval: 240 min)...
2026-03-02 23:59:12 [INFO] 
======================================================================
2026-03-02 23:59:12 [INFO] Time: 2026-03-02 23:59:12
2026-03-02 23:59:12 [INFO] Price: $50000.00 | Bid: $49990.00 | Ask: $50010.00
2026-03-02 23:59:12 [INFO] Equity: $100.00 | PnL: $+0.00 | DD: 0.00%
2026-03-02 23:59:12 [INFO] Position:  0.0 @ $0.00 | Stop: $0.00
2026-03-02 23:59:12 [INFO] Trade: 0 | Consecutive losses: 0
