2026-03-02 23:41:47 [INFO] ======================================================================
2026-03-02 23:41:47 [INFO]  BTC/USDT 4H ADAPTIVE RSI v5 - LIVE TRADER
2026-03-02 23:41:47 [INFO] ======================================================================
2026-03-02 23:41:47 [INFO] Mode: LIVE TRADING
2026-03-02 23:41:47 [INFO] API: Hyperliquid
2026-03-02 23:41:47 [INFO] Lookback: 180 days
2026-03-02 23:41:47 [INFO] ======================================================================
2026-03-02 23:41:47 [INFO] Mode: LIVE | v5 Adaptive RSI
2026-03-02 23:41:47 [INFO] API Key: 0x8455b7...1b55
2026-03-02 23:41:47 [INFO] Initializing Hyperliquid API (LIVE mode)
2026-03-02 23:41:49 [INFO] Initial equity: $100.00
2026-03-02 23:41:49 [INFO] Unrealized PnL: $0.00
2026-03-02 23:41:49 [INFO] CSV cache: btc_usdt_4h.csv (2190 bars)
2026-03-02 23:41:49 [INFO] Data: 2025-03-02 16:00:00 -> 2026-03-02 12:00:00 (2190 bars)
2026-03-02 23:41:49 [INFO] Regimes: {'RANGE': 877, 'BEAR': 748, 'BULL': 565}
2026-03-02 23:41:49 [INFO] Long signals: 5, Short signals: 10
2026-03-02 23:41:49 [INFO] Waiting for next 4h bar (interval: 240 min)...
2026-03-02 23:41:49 [INFO] 
======================================================================
2026-03-02 23:41:49 [INFO] Time: 2026-03-02 23:41:49
2026-03-02 23:41:49 [INFO] Price: $50000.00 | Bid: $49990.00 | Ask: $50010.00
2026-03-02 23:41:49 [INFO] Equity: $100.00 | PnL: $+0.00 | DD: 0.00%
2026-03-02 23:41:49 [INFO] Position:  0.0 @ $0.00 | Stop: $0.00
2026-03-02 23:41:49 [INFO] Trade: 0 | Consecutive losses: 0
2026-03-02 23:45:50 [INFO] 
======================================================================
2026-03-02 23:45:50 [INFO] Time: 2026-03-02 23:45:50
2026-03-02 23:45:50 [INFO] Price: $50000.00 | Bid: $49990.00 | Ask: $50010.00
2026-03-02 23:45:50 [INFO] Equity: $100.00 | PnL: $+0.00 | DD: 0.00%
2026-03-02 23:45:50 [INFO] Position:  0.0 @ $0.00 | Stop: $0.00
2026-03-02 23:45:50 [INFO] Trade: 0 | Consecutive losses: 0
2026-03-02 23:49:50 [INFO] 
======================================================================
2026-03-02 23:49:50 [INFO] Time: 2026-03-02 23:49:50
2026-03-02 23:49:50 [INFO] Price: $50000.00 | Bid: $49990.00 | Ask: $50010.00
2026-03-02 23:49:50 [INFO] Equity: $100.00 | PnL: $+0.00 | DD: 0.00%
2026-03-02 23:49:50 [INFO] Position:  0.0 @ $0.00 | Stop: $0.00
2026-03-02 23:49:50 [INFO] Trade: 0 | Consecutive losses: 0
2026-03-02 23:53:50 [INFO] 
======================================================================
2026-03-02 23:53:50 [INFO] Time: 2026-03-02 23:53:50
2026-03-02 23:53:50 [INFO] Price: $50000.00 | Bid: $49990.00 | Ask: $50010.00
2026-03-02 23:53:50 [INFO] Equity: $100.00 | PnL: $+0.00 | DD: 0.00%
2026-03-02 23:53:50 [INFO] Position:  0.0 @ $0.00 | Stop: $0.00
2026-03-02 23:53:50 [INFO] Trade: 0 | Consecutive losses: 0
2026-03-02 23:57:51 [INFO] 
======================================================================
2026-03-02 23:57:51 [INFO] Time: 2026-03-02 23:57:51
2026-03-02 23:57:51 [INFO] Price: $50000.00 | Bid: $49990.00 | Ask: $50010.00
2026-03-02 23:57:51 [INFO] Equity: $100.00 | PnL: $+0.00 | DD: 0.00%
2026-03-02 23:57:51 [INFO] Position:  0.0 @ $0.00 | Stop: $0.00
2026-03-02 23:57:51 [INFO] Trade: 0 | Consecutive losses: 0
2026-03-03 00:01:51 [INFO] 
======================================================================
2026-03-03 00:01:51 [INFO] Time: 2026-03-03 00:01:51
2026-03-03 00:01:51 [INFO] Price: $50000.00 | Bid: $49990.00 | Ask: $50010.00
2026-03-03 00:01:51 [INFO] Equity: $100.00 | PnL: $+0.00 | DD: 0.00%
2026-03-03 00:01:51 [INFO] Position:  0.0 @ $0.00 | Stop: $0.00
2026-03-03 00:01:51 [INFO] Trade: 0 | Consecutive losses: 0
2026-03-03 00:05:51 [INFO] 
======================================================================
2026-03-03 00:05:51 [INFO] Time: 2026-03-03 00:05:51
2026-03-03 00:05:51 [INFO] Price: $50000.00 | Bid: $49990.00 | Ask: $50010.00
2026-03-03 00:05:51 [INFO] Equity: $100.00 | PnL: $+0.00 | DD: 0.00%
2026-03-03 00:05:51 [INFO] Position:  0.0 @ $0.00 | Stop: $0.00
2026-03-03 00:05:51 [INFO] Trade: 0 | Consecutive losses: 0
2026-03-03 00:09:51 [INFO] 
======================================================================
2026-03-03 00:09:51 [INFO] Time: 2026-03-03 00:09:51
2026-03-03 00:09:51 [INFO] Price: $50000.00 | Bid: $49990.00 | Ask: $50010.00
2026-03-03 00:09:51 [INFO] Equity: $100.00 | PnL: $+0.00 | DD: 0.00%
2026-03-03 00:09:51 [INFO] Position:  0.0 @ $0.00 | Stop: $0.00
2026-03-03 00:09:51 [INFO] Trade: 0 | Consecutive losses: 0
2026-03-03 00:13:51 [INFO] 
======================================================================
2026-03-03 00:13:51 [INFO] Time: 2026-03-03 00:13:51
2026-03-03 00:13:51 [INFO] Price: $50000.00 | Bid: $49990.00 | Ask: $50010.00
2026-03-03 00:13:51 [INFO] Equity: $100.00 | PnL: $+0.00 | DD: 0.00%
2026-03-03 00:13:51 [INFO] Position:  0.0 @ $0.00 | Stop: $0.00
2026-03-03 00:13:51 [INFO] Trade: 0 | Consecutive losses: 0
2026-03-03 00:17:52 [INFO] 
======================================================================
2026-03-03 00:17:52 [INFO] Time: 2026-03-03 00:17:52
2026-03-03 00:17:52 [INFO] Price: $50000.00 | Bid: $49990.00 | Ask: $50010.00
2026-03-03 00:17:52 [INFO] Equity: $100.00 | PnL: $+0.00 | DD: 0.00%
2026-03-03 00:17:52 [INFO] Position:  0.0 @ $0.00 | Stop: $0.00
2026-03-03 00:17:52 [INFO] Trade: 0 | Consecutive losses: 0
2026-03-03 00:21:53 [INFO] 
======================================================================
2026-03-03 00:21:53 [INFO] Time: 2026-03-03 00:21:53
2026-03-03 00:21:53 [INFO] Price: $50000.00 | Bid: $49990.00 | Ask: $50010.00
2026-03-03 00:21:53 [INFO] Equity: $100.00 | PnL: $+0.00 | DD: 0.00%
2026-03-03 00:21:53 [INFO] Position:  0.0 @ $0.00 | Stop: $0.00
2026-03-03 00:21:53 [INFO] Trade: 0 | Consecutive losses: 0
2026-03-03 00:25:53 [INFO] 
======================================================================
2026-03-03 00:25:53 [INFO] Time: 2026-03-03 00:25:53
2026-03-03 00:25:53 [INFO] Price: $50000.00 | Bid: $49990.00 | Ask: $50010.00
2026-03-03 00:25:53 [INFO] Equity: $100.00 | PnL: $+0.00 | DD: 0.00%
2026-03-03 00:25:53 [INFO] Position:  0.0 @ $0.00 | Stop: $0.00
2026-03-03 00:25:53 [INFO] Trade: 0 | Consecutive losses: 0
2026-03-03 00:29:54 [INFO] 
======================================================================
2026-03-03 00:29:54 [INFO] Time: 2026-03-03 00:29:54
2026-03-03 00:29:54 [INFO] Price: $50000.00 | Bid: $49990.00 | Ask: $50010.00
2026-03-03 00:29:54 [INFO] Equity: $100.00 | PnL: $+0.00 | DD: 0.00%
2026-03-03 00:29:54 [INFO] Position:  0.0 @ $0.00 | Stop: $0.00
2026-03-03 00:29:54 [INFO] Trade: 0 | Consecutive losses: 0
2026-03-03 00:33:54 [INFO] 
======================================================================
2026-03-03 00:33:54 [INFO] Time: 2026-03-03 00:33:54
2026-03-03 00:33:54 [INFO] Price: $50000.00 | Bid: $49990.00 | Ask: $50010.00
2026-03-03 00:33:54 [INFO] Equity: $100.00 | PnL: $+0.00 | DD: 0.00%
2026-03-03 00:33:54 [INFO] Position:  0.0 @ $0.00 | Stop: $0.00
2026-03-03 00:33:54 [INFO] Trade: 0 | Consecutive losses: 0
2026-03-03 00:37:54 [INFO] 
======================================================================
2026-03-03 00:37:54 [INFO] Time: 2026-03-03 00:37:54
2026-03-03 00:37:54 [INFO] Price: $50000.00 | Bid: $49990.00 | Ask: $50010.00
2026-03-03 00:37:54 [INFO] Equity: $100.00 | PnL: $+0.00 | DD: 0.00%
2026-03-03 00:37:54 [INFO] Position:  0.0 @ $0.00 | Stop: $0.00
2026-03-03 00:37:54 [INFO] Trade: 0 | Consecutive losses: 0
2026-03-03 00:41:54 [INFO] 
======================================================================
2026-03-03 00:41:54 [INFO] Time: 2026-03-03 00:41:54
2026-03-03 00:41:54 [INFO] Price: $50000.00 | Bid: $49990.00 | Ask: $50010.00
2026-03-03 00:41:54 [INFO] Equity: $100.00 | PnL: $+0.00 | DD: 0.00%
2026-03-03 00:41:54 [INFO] Position:  0.0 @ $0.00 | Stop: $0.00
2026-03-03 00:41:54 [INFO] Trade: 0 | Consecutive losses: 0
2026-03-03 00:45:54 [INFO] 
======================================================================
2026-03-03 00:45:54 [INFO] Time: 2026-03-03 00:45:54
2026-03-03 00:45:54 [INFO] Price: $50000.00 | Bid: $49990.00 | Ask: $50010.00
2026-03-03 00:45:54 [INFO] Equity: $100.00 | PnL: $+0.00 | DD: 0.00%
2026-03-03 00:45:54 [INFO] Position:  0.0 @ $0.00 | Stop: $0.00
2026-03-03 00:45:54 [INFO] Trade: 0 | Consecutive losses: 0
2026-03-03 00:49:55 [INFO] 
======================================================================
2026-03-03 00:49:55 [INFO] Time: 2026-03-03 00:49:55
2026-03-03 00:49:55 [INFO] Price: $50000.00 | Bid: $49990.00 | Ask: $50010.00
2026-03-03 00:49:55 [INFO] Equity: $100.00 | PnL: $+0.00 | DD: 0.00%
2026-03-03 00:49:55 [INFO] Position:  0.0 @ $0.00 | Stop: $0.00
2026-03-03 00:49:55 [INFO] Trade: 0 | Consecutive losses: 0
2026-03-03 00:53:55 [INFO] 
======================================================================
2026-03-03 00:53:55 [INFO] Time: 2026-03-03 00:53:55
2026-03-03 00:53:55 [INFO] Price: $50000.00 | Bid: $49990.00 | Ask: $50010.00
2026-03-03 00:53:55 [INFO] Equity: $100.00 | PnL: $+0.00 | DD: 0.00%
2026-03-03 00:53:55 [INFO] Position:  0.0 @ $0.00 | Stop: $0.00
2026-03-03 00:53:55 [INFO] Trade: 0 | Consecutive losses: 0
2026-03-03 00:57:55 [INFO] 
======================================================================
2026-03-03 00:57:55 [INFO] Time: 2026-03-03 00:57:55
2026-03-03 00:57:55 [INFO] Price: $50000.00 | Bid: $49990.00 | Ask: $50010.00
2026-03-03 00:57:55 [INFO] Equity: $100.00 | PnL: $+0.00 | DD: 0.00%
2026-03-03 00:57:55 [INFO] Position:  0.0 @ $0.00 | Stop: $0.00
2026-03-03 00:57:55 [INFO] Trade: 0 | Consecutive losses: 0
2026-03-03 01:01:55 [INFO] 
======================================================================
2026-03-03 01:01:55 [INFO] Time: 2026-03-03 01:01:55
2026-03-03 01:01:55 [INFO] Price: $50000.00 | Bid: $49990.00 | Ask: $50010.00
2026-03-03 01:01:55 [INFO] Equity: $100.00 | PnL: $+0.00 | DD: 0.00%
2026-03-03 01:01:55 [INFO] Position:  0.0 @ $0.00 | Stop: $0.00
2026-03-03 01:01:55 [INFO] Trade: 0 | Consecutive losses: 0
2026-03-03 01:05:56 [INFO] 
======================================================================
2026-03-03 01:05:56 [INFO] Time: 2026-03-03 01:05:56
2026-03-03 01:05:56 [INFO] Price: $50000.00 | Bid: $49990.00 | Ask: $50010.00
2026-03-03 01:05:56 [INFO] Equity: $100.00 | PnL: $+0.00 | DD: 0.00%
2026-03-03 01:05:56 [INFO] Position:  0.0 @ $0.00 | Stop: $0.00
2026-03-03 01:05:56 [INFO] Trade: 0 | Consecutive losses: 0
2026-03-03 01:09:56 [INFO] 
======================================================================
2026-03-03 01:09:56 [INFO] Time: 2026-03-03 01:09:56
2026-03-03 01:09:56 [INFO] Price: $50000.00 | Bid: $49990.00 | Ask: $50010.00
2026-03-03 01:09:56 [INFO] Equity: $100.00 | PnL: $+0.00 | DD: 0.00%
2026-03-03 01:09:56 [INFO] Position:  0.0 @ $0.00 | Stop: $0.00
2026-03-03 01:09:56 [INFO] Trade: 0 | Consecutive losses: 0
2026-03-03 01:13:56 [INFO] 
======================================================================
2026-03-03 01:13:56 [INFO] Time: 2026-03-03 01:13:56
2026-03-03 01:13:56 [INFO] Price: $50000.00 | Bid: $49990.00 | Ask: $50010.00
2026-03-03 01:13:56 [INFO] Equity: $100.00 | PnL: $+0.00 | DD: 0.00%
2026-03-03 01:13:56 [INFO] Position:  0.0 @ $0.00 | Stop: $0.00
2026-03-03 01:13:56 [INFO] Trade: 0 | Consecutive losses: 0
2026-03-03 01:17:56 [INFO] 
======================================================================
2026-03-03 01:17:56 [INFO] Time: 2026-03-03 01:17:56
2026-03-03 01:17:56 [INFO] Price: $50000.00 | Bid: $49990.00 | Ask: $50010.00
2026-03-03 01:17:56 [INFO] Equity: $100.00 | PnL: $+0.00 | DD: 0.00%
2026-03-03 01:17:56 [INFO] Position:  0.0 @ $0.00 | Stop: $0.00
2026-03-03 01:17:56 [INFO] Trade: 0 | Consecutive losses: 0
2026-03-03 01:21:57 [INFO] 
======================================================================
2026-03-03 01:21:57 [INFO] Time: 2026-03-03 01:21:57
2026-03-03 01:21:57 [INFO] Price: $50000.00 | Bid: $49990.00 | Ask: $50010.00
2026-03-03 01:21:57 [INFO] Equity: $100.00 | PnL: $+0.00 | DD: 0.00%
2026-03-03 01:21:57 [INFO] Position:  0.0 @ $0.00 | Stop: $0.00
2026-03-03 01:21:57 [INFO] Trade: 0 | Consecutive losses: 0
2026-03-03 01:25:57 [INFO] 
======================================================================
2026-03-03 01:25:57 [INFO] Time: 2026-03-03 01:25:57
2026-03-03 01:25:57 [INFO] Price: $50000.00 | Bid: $49990.00 | Ask: $50010.00
2026-03-03 01:25:57 [INFO] Equity: $100.00 | PnL: $+0.00 | DD: 0.00%
2026-03-03 01:25:57 [INFO] Position:  0.0 @ $0.00 | Stop: $0.00
2026-03-03 01:25:57 [INFO] Trade: 0 | Consecutive losses: 0
2026-03-03 01:29:58 [INFO] 
======================================================================
2026-03-03 01:29:58 [INFO] Time: 2026-03-03 01:29:58
2026-03-03 01:29:58 [INFO] Price: $50000.00 | Bid: $49990.00 | Ask: $50010.00
2026-03-03 01:29:58 [INFO] Equity: $100.00 | PnL: $+0.00 | DD: 0.00%
2026-03-03 01:29:58 [INFO] Position:  0.0 @ $0.00 | Stop: $0.00
2026-03-03 01:29:58 [INFO] Trade: 0 | Consecutive losses: 0
2026-03-03 01:33:58 [INFO] 
======================================================================
2026-03-03 01:33:58 [INFO] Time: 2026-03-03 01:33:58
2026-03-03 01:33:58 [INFO] Price: $50000.00 | Bid: $49990.00 | Ask: $50010.00
2026-03-03 01:33:58 [INFO] Equity: $100.00 | PnL: $+0.00 | DD: 0.00%
2026-03-03 01:33:58 [INFO] Position:  0.0 @ $0.00 | Stop: $0.00
2026-03-03 01:33:58 [INFO] Trade: 0 | Consecutive losses: 0
2026-03-03 01:37:58 [INFO] 
======================================================================
2026-03-03 01:37:58 [INFO] Time: 2026-03-03 01:37:58
2026-03-03 01:37:58 [INFO] Price: $50000.00 | Bid: $49990.00 | Ask: $50010.00
2026-03-03 01:37:58 [INFO] Equity: $100.00 | PnL: $+0.00 | DD: 0.00%
2026-03-03 01:37:58 [INFO] Position:  0.0 @ $0.00 | Stop: $0.00
2026-03-03 01:37:58 [INFO] Trade: 0 | Consecutive losses: 0
2026-03-03 01:41:59 [INFO] 
======================================================================
2026-03-03 01:41:59 [INFO] Time: 2026-03-03 01:41:59
2026-03-03 01:41:59 [INFO] Price: $50000.00 | Bid: $49990.00 | Ask: $50010.00
2026-03-03 01:41:59 [INFO] Equity: $100.00 | PnL: $+0.00 | DD: 0.00%
2026-03-03 01:41:59 [INFO] Position:  0.0 @ $0.00 | Stop: $0.00
2026-03-03 01:41:59 [INFO] Trade: 0 | Consecutive losses: 0
2026-03-03 01:45:59 [INFO] 
======================================================================
2026-03-03 01:45:59 [INFO] Time: 2026-03-03 01:45:59
2026-03-03 01:45:59 [INFO] Price: $50000.00 | Bid: $49990.00 | Ask: $50010.00
2026-03-03 01:45:59 [INFO] Equity: $100.00 | PnL: $+0.00 | DD: 0.00%
2026-03-03 01:45:59 [INFO] Position:  0.0 @ $0.00 | Stop: $0.00
2026-03-03 01:45:59 [INFO] Trade: 0 | Consecutive losses: 0
2026-03-03 01:49:59 [INFO] 
======================================================================
2026-03-03 01:49:59 [INFO] Time: 2026-03-03 01:49:59
2026-03-03 01:49:59 [INFO] Price: $50000.00 | Bid: $49990.00 | Ask: $50010.00
2026-03-03 01:49:59 [INFO] Equity: $100.00 | PnL: $+0.00 | DD: 0.00%
2026-03-03 01:49:59 [INFO] Position:  0.0 @ $0.00 | Stop: $0.00
2026-03-03 01:49:59 [INFO] Trade: 0 | Consecutive losses: 0
2026-03-03 01:53:59 [INFO] 
======================================================================
2026-03-03 01:53:59 [INFO] Time: 2026-03-03 01:53:59
2026-03-03 01:53:59 [INFO] Price: $50000.00 | Bid: $49990.00 | Ask: $50010.00
2026-03-03 01:53:59 [INFO] Equity: $100.00 | PnL: $+0.00 | DD: 0.00%
2026-03-03 01:53:59 [INFO] Position:  0.0 @ $0.00 | Stop: $0.00
2026-03-03 01:53:59 [INFO] Trade: 0 | Consecutive losses: 0
2026-03-03 01:58:00 [INFO] 
======================================================================
2026-03-03 01:58:00 [INFO] Time: 2026-03-03 01:58:00
2026-03-03 01:58:00 [INFO] Price: $50000.00 | Bid: $49990.00 | Ask: $50010.00
2026-03-03 01:58:00 [INFO] Equity: $100.00 | PnL: $+0.00 | DD: 0.00%
2026-03-03 01:58:00 [INFO] Position:  0.0 @ $0.00 | Stop: $0.00
2026-03-03 01:58:00 [INFO] Trade: 0 | Consecutive losses: 0
2026-03-03 02:02:00 [INFO] 
======================================================================
2026-03-03 02:02:00 [INFO] Time: 2026-03-03 02:02:00
2026-03-03 02:02:00 [INFO] Price: $50000.00 | Bid: $49990.00 | Ask: $50010.00
2026-03-03 02:02:00 [INFO] Equity: $100.00 | PnL: $+0.00 | DD: 0.00%
2026-03-03 02:02:00 [INFO] Position:  0.0 @ $0.00 | Stop: $0.00
2026-03-03 02:02:00 [INFO] Trade: 0 | Consecutive losses: 0
2026-03-03 02:06:00 [INFO] 
======================================================================
2026-03-03 02:06:00 [INFO] Time: 2026-03-03 02:06:00
2026-03-03 02:06:00 [INFO] Price: $50000.00 | Bid: $49990.00 | Ask: $50010.00
2026-03-03 02:06:00 [INFO] Equity: $100.00 | PnL: $+0.00 | DD: 0.00%
2026-03-03 02:06:00 [INFO] Position:  0.0 @ $0.00 | Stop: $0.00
2026-03-03 02:06:00 [INFO] Trade: 0 | Consecutive losses: 0
2026-03-03 02:10:00 [INFO] 
======================================================================
2026-03-03 02:10:00 [INFO] Time: 2026-03-03 02:10:00
2026-03-03 02:10:00 [INFO] Price: $50000.00 | Bid: $49990.00 | Ask: $50010.00
2026-03-03 02:10:00 [INFO] Equity: $100.00 | PnL: $+0.00 | DD: 0.00%
2026-03-03 02:10:00 [INFO] Position:  0.0 @ $0.00 | Stop: $0.00
2026-03-03 02:10:00 [INFO] Trade: 0 | Consecutive losses: 0
2026-03-03 02:14:01 [INFO] 
======================================================================
2026-03-03 02:14:01 [INFO] Time: 2026-03-03 02:14:01
2026-03-03 02:14:01 [INFO] Price: $50000.00 | Bid: $49990.00 | Ask: $50010.00
2026-03-03 02:14:01 [INFO] Equity: $100.00 | PnL: $+0.00 | DD: 0.00%
2026-03-03 02:14:01 [INFO] Position:  0.0 @ $0.00 | Stop: $0.00
2026-03-03 02:14:01 [INFO] Trade: 0 | Consecutive losses: 0
2026-03-03 02:18:01 [INFO] 
======================================================================
2026-03-03 02:18:01 [INFO] Time: 2026-03-03 02:18:01
2026-03-03 02:18:01 [INFO] Price: $50000.00 | Bid: $49990.00 | Ask: $50010.00
2026-03-03 02:18:01 [INFO] Equity: $100.00 | PnL: $+0.00 | DD: 0.00%
2026-03-03 02:18:01 [INFO] Position:  0.0 @ $0.00 | Stop: $0.00
2026-03-03 02:18:01 [INFO] Trade: 0 | Consecutive losses: 0
2026-03-03 02:22:01 [INFO] 
======================================================================
2026-03-03 02:22:01 [INFO] Time: 2026-03-03 02:22:01
2026-03-03 02:22:01 [INFO] Price: $50000.00 | Bid: $49990.00 | Ask: $50010.00
2026-03-03 02:22:01 [INFO] Equity: $100.00 | PnL: $+0.00 | DD: 0.00%
2026-03-03 02:22:01 [INFO] Position:  0.0 @ $0.00 | Stop: $0.00
2026-03-03 02:22:01 [INFO] Trade: 0 | Consecutive losses: 0
2026-03-03 02:26:02 [INFO] 
======================================================================
2026-03-03 02:26:02 [INFO] Time: 2026-03-03 02:26:02
2026-03-03 02:26:02 [INFO] Price: $50000.00 | Bid: $49990.00 | Ask: $50010.00
2026-03-03 02:26:02 [INFO] Equity: $100.00 | PnL: $+0.00 | DD: 0.00%
2026-03-03 02:26:02 [INFO] Position:  0.0 @ $0.00 | Stop: $0.00
2026-03-03 02:26:02 [INFO] Trade: 0 | Consecutive losses: 0
2026-03-03 02:30:02 [INFO] 
======================================================================
2026-03-03 02:30:02 [INFO] Time: 2026-03-03 02:30:02
2026-03-03 02:30:02 [INFO] Price: $50000.00 | Bid: $49990.00 | Ask: $50010.00
2026-03-03 02:30:02 [INFO] Equity: $100.00 | PnL: $+0.00 | DD: 0.00%
2026-03-03 02:30:02 [INFO] Position:  0.0 @ $0.00 | Stop: $0.00
2026-03-03 02:30:02 [INFO] Trade: 0 | Consecutive losses: 0
2026-03-03 02:34:02 [INFO] 
======================================================================
2026-03-03 02:34:02 [INFO] Time: 2026-03-03 02:34:02
2026-03-03 02:34:02 [INFO] Price: $50000.00 | Bid: $49990.00 | Ask: $50010.00
2026-03-03 02:34:02 [INFO] Equity: $100.00 | PnL: $+0.00 | DD: 0.00%
2026-03-03 02:34:02 [INFO] Position:  0.0 @ $0.00 | Stop: $0.00
2026-03-03 02:34:02 [INFO] Trade: 0 | Consecutive losses: 0
2026-03-03 02:38:02 [INFO] 
======================================================================
2026-03-03 02:38:02 [INFO] Time: 2026-03-03 02:38:02
2026-03-03 02:38:02 [INFO] Price: $50000.00 | Bid: $49990.00 | Ask: $50010.00
2026-03-03 02:38:02 [INFO] Equity: $100.00 | PnL: $+0.00 | DD: 0.00%
2026-03-03 02:38:02 [INFO] Position:  0.0 @ $0.00 | Stop: $0.00
2026-03-03 02:38:02 [INFO] Trade: 0 | Consecutive losses: 0
2026-03-03 02:42:02 [ERROR] Get market state error: ('Connection aborted.', RemoteDisconnected('Remote end closed connection without response'))
2026-03-03 02:42:02 [INFO] 
======================================================================
2026-03-03 02:42:02 [INFO] Time: 2026-03-03 02:42:02
2026-03-03 02:42:02 [INFO] Price: $50000.00 | Bid: $49990.00 | Ask: $50010.00
2026-03-03 02:42:02 [INFO] Equity: $100.00 | PnL: $+0.00 | DD: 0.00%
2026-03-03 02:42:02 [INFO] Position:  0.0 @ $0.00 | Stop: $0.00
2026-03-03 02:42:02 [INFO] Trade: 0 | Consecutive losses: 0
2026-03-03 02:46:04 [INFO] 
======================================================================
2026-03-03 02:46:04 [INFO] Time: 2026-03-03 02:46:04
2026-03-03 02:46:04 [INFO] Price: $50000.00 | Bid: $49990.00 | Ask: $50010.00
2026-03-03 02:46:04 [INFO] Equity: $100.00 | PnL: $+0.00 | DD: 0.00%
2026-03-03 02:46:04 [INFO] Position:  0.0 @ $0.00 | Stop: $0.00
2026-03-03 02:46:04 [INFO] Trade: 0 | Consecutive losses: 0
2026-03-03 02:50:04 [INFO] 
======================================================================
2026-03-03 02:50:04 [INFO] Time: 2026-03-03 02:50:04
2026-03-03 02:50:04 [INFO] Price: $50000.00 | Bid: $49990.00 | Ask: $50010.00
2026-03-03 02:50:04 [INFO] Equity: $100.00 | PnL: $+0.00 | DD: 0.00%
2026-03-03 02:50:04 [INFO] Position:  0.0 @ $0.00 | Stop: $0.00
2026-03-03 02:50:04 [INFO] Trade: 0 | Consecutive losses: 0
2026-03-03 02:54:05 [INFO] 
======================================================================
2026-03-03 02:54:05 [INFO] Time: 2026-03-03 02:54:05
2026-03-03 02:54:05 [INFO] Price: $50000.00 | Bid: $49990.00 | Ask: $50010.00
2026-03-03 02:54:05 [INFO] Equity: $100.00 | PnL: $+0.00 | DD: 0.00%
2026-03-03 02:54:05 [INFO] Position:  0.0 @ $0.00 | Stop: $0.00
2026-03-03 02:54:05 [INFO] Trade: 0 | Consecutive losses: 0
2026-03-03 02:58:05 [INFO] 
======================================================================
2026-03-03 02:58:05 [INFO] Time: 2026-03-03 02:58:05
2026-03-03 02:58:05 [INFO] Price: $50000.00 | Bid: $49990.00 | Ask: $50010.00
2026-03-03 02:58:05 [INFO] Equity: $100.00 | PnL: $+0.00 | DD: 0.00%
2026-03-03 02:58:05 [INFO] Position:  0.0 @ $0.00 | Stop: $0.00
2026-03-03 02:58:05 [INFO] Trade: 0 | Consecutive losses: 0
2026-03-03 03:02:05 [INFO] 
======================================================================
2026-03-03 03:02:05 [INFO] Time: 2026-03-03 03:02:05
2026-03-03 03:02:05 [INFO] Price: $50000.00 | Bid: $49990.00 | Ask: $50010.00
2026-03-03 03:02:05 [INFO] Equity: $100.00 | PnL: $+0.00 | DD: 0.00%
2026-03-03 03:02:05 [INFO] Position:  0.0 @ $0.00 | Stop: $0.00
2026-03-03 03:02:05 [INFO] Trade: 0 | Consecutive losses: 0
2026-03-03 03:06:06 [INFO] 
======================================================================
2026-03-03 03:06:06 [INFO] Time: 2026-03-03 03:06:06
2026-03-03 03:06:06 [INFO] Price: $50000.00 | Bid: $49990.00 | Ask: $50010.00
2026-03-03 03:06:06 [INFO] Equity: $100.00 | PnL: $+0.00 | DD: 0.00%
2026-03-03 03:06:06 [INFO] Position:  0.0 @ $0.00 | Stop: $0.00
2026-03-03 03:06:06 [INFO] Trade: 0 | Consecutive losses: 0
2026-03-03 03:10:06 [INFO] 
======================================================================
2026-03-03 03:10:06 [INFO] Time: 2026-03-03 03:10:06
2026-03-03 03:10:06 [INFO] Price: $50000.00 | Bid: $49990.00 | Ask: $50010.00
2026-03-03 03:10:06 [INFO] Equity: $100.00 | PnL: $+0.00 | DD: 0.00%
2026-03-03 03:10:06 [INFO] Position:  0.0 @ $0.00 | Stop: $0.00
2026-03-03 03:10:06 [INFO] Trade: 0 | Consecutive losses: 0
2026-03-03 03:14:06 [INFO] 
======================================================================
2026-03-03 03:14:06 [INFO] Time: 2026-03-03 03:14:06
2026-03-03 03:14:06 [INFO] Price: $50000.00 | Bid: $49990.00 | Ask: $50010.00
2026-03-03 03:14:06 [INFO] Equity: $100.00 | PnL: $+0.00 | DD: 0.00%
2026-03-03 03:14:06 [INFO] Position:  0.0 @ $0.00 | Stop: $0.00
2026-03-03 03:14:06 [INFO] Trade: 0 | Consecutive losses: 0
2026-03-03 03:18:06 [INFO] 
======================================================================
2026-03-03 03:18:06 [INFO] Time: 2026-03-03 03:18:06
2026-03-03 03:18:06 [INFO] Price: $50000.00 | Bid: $49990.00 | Ask: $50010.00
2026-03-03 03:18:06 [INFO] Equity: $100.00 | PnL: $+0.00 | DD: 0.00%
2026-03-03 03:18:06 [INFO] Position:  0.0 @ $0.00 | Stop: $0.00
2026-03-03 03:18:06 [INFO] Trade: 0 | Consecutive losses: 0
2026-03-03 03:22:06 [INFO] 
======================================================================
2026-03-03 03:22:06 [INFO] Time: 2026-03-03 03:22:06
2026-03-03 03:22:06 [INFO] Price: $50000.00 | Bid: $49990.00 | Ask: $50010.00
2026-03-03 03:22:06 [INFO] Equity: $100.00 | PnL: $+0.00 | DD: 0.00%
2026-03-03 03:22:06 [INFO] Position:  0.0 @ $0.00 | Stop: $0.00
2026-03-03 03:22:06 [INFO] Trade: 0 | Consecutive losses: 0
2026-03-03 03:26:06 [ERROR] Get market state error: ('Connection aborted.', RemoteDisconnected('Remote end closed connection without response'))
2026-03-03 03:26:06 [INFO] 
======================================================================
2026-03-03 03:26:06 [INFO] Time: 2026-03-03 03:26:06
2026-03-03 03:26:06 [INFO] Price: $50000.00 | Bid: $49990.00 | Ask: $50010.00
2026-03-03 03:26:06 [INFO] Equity: $100.00 | PnL: $+0.00 | DD: 0.00%
2026-03-03 03:26:06 [INFO] Position:  0.0 @ $0.00 | Stop: $0.00
2026-03-03 03:26:06 [INFO] Trade: 0 | Consecutive losses: 0
2026-03-03 03:30:07 [INFO] 
======================================================================
2026-03-03 03:30:07 [INFO] Time: 2026-03-03 03:30:07
2026-03-03 03:30:07 [INFO] Price: $50000.00 | Bid: $49990.00 | Ask: $50010.00
2026-03-03 03:30:07 [INFO] Equity: $100.00 | PnL: $+0.00 | DD: 0.00%
2026-03-03 03:30:07 [INFO] Position:  0.0 @ $0.00 | Stop: $0.00
2026-03-03 03:30:07 [INFO] Trade: 0 | Consecutive losses: 0
2026-03-03 03:34:08 [INFO] 
======================================================================
2026-03-03 03:34:08 [INFO] Time: 2026-03-03 03:34:08
2026-03-03 03:34:08 [INFO] Price: $50000.00 | Bid: $49990.00 | Ask: $50010.00
2026-03-03 03:34:08 [INFO] Equity: $100.00 | PnL: $+0.00 | DD: 0.00%
2026-03-03 03:34:08 [INFO] Position:  0.0 @ $0.00 | Stop: $0.00
2026-03-03 03:34:08 [INFO] Trade: 0 | Consecutive losses: 0
2026-03-03 03:38:08 [INFO] 
======================================================================
2026-03-03 03:38:08 [INFO] Time: 2026-03-03 03:38:08
2026-03-03 03:38:08 [INFO] Price: $50000.00 | Bid: $49990.00 | Ask: $50010.00
2026-03-03 03:38:08 [INFO] Equity: $100.00 | PnL: $+0.00 | DD: 0.00%
2026-03-03 03:38:08 [INFO] Position:  0.0 @ $0.00 | Stop: $0.00
2026-03-03 03:38:08 [INFO] Trade: 0 | Consecutive losses: 0
2026-03-03 03:42:09 [INFO] 
======================================================================
2026-03-03 03:42:09 [INFO] Time: 2026-03-03 03:42:09
2026-03-03 03:42:09 [INFO] Price: $50000.00 | Bid: $49990.00 | Ask: $50010.00
2026-03-03 03:42:09 [INFO] Equity: $100.00 | PnL: $+0.00 | DD: 0.00%
2026-03-03 03:42:09 [INFO] Position:  0.0 @ $0.00 | Stop: $0.00
2026-03-03 03:42:09 [INFO] Trade: 0 | Consecutive losses: 0
2026-03-03 03:46:09 [INFO] 
======================================================================
2026-03-03 03:46:09 [INFO] Time: 2026-03-03 03:46:09
2026-03-03 03:46:09 [INFO] Price: $50000.00 | Bid: $49990.00 | Ask: $50010.00
2026-03-03 03:46:09 [INFO] Equity: $100.00 | PnL: $+0.00 | DD: 0.00%
2026-03-03 03:46:09 [INFO] Position:  0.0 @ $0.00 | Stop: $0.00
2026-03-03 03:46:09 [INFO] Trade: 0 | Consecutive losses: 0
2026-03-03 03:50:09 [INFO] 
======================================================================
2026-03-03 03:50:09 [INFO] Time: 2026-03-03 03:50:09
2026-03-03 03:50:09 [INFO] Price: $50000.00 | Bid: $49990.00 | Ask: $50010.00
2026-03-03 03:50:09 [INFO] Equity: $100.00 | PnL: $+0.00 | DD: 0.00%
2026-03-03 03:50:09 [INFO] Position:  0.0 @ $0.00 | Stop: $0.00
2026-03-03 03:50:09 [INFO] Trade: 0 | Consecutive losses: 0
2026-03-03 03:54:09 [INFO] 
======================================================================
2026-03-03 03:54:09 [INFO] Time: 2026-03-03 03:54:09
2026-03-03 03:54:09 [INFO] Price: $50000.00 | Bid: $49990.00 | Ask: $50010.00
2026-03-03 03:54:09 [INFO] Equity: $100.00 | PnL: $+0.00 | DD: 0.00%
2026-03-03 03:54:09 [INFO] Position:  0.0 @ $0.00 | Stop: $0.00
2026-03-03 03:54:09 [INFO] Trade: 0 | Consecutive losses: 0
2026-03-03 03:58:10 [INFO] 
======================================================================
2026-03-03 03:58:10 [INFO] Time: 2026-03-03 03:58:10
2026-03-03 03:58:10 [INFO] Price: $50000.00 | Bid: $49990.00 | Ask: $50010.00
2026-03-03 03:58:10 [INFO] Equity: $100.00 | PnL: $+0.00 | DD: 0.00%
2026-03-03 03:58:10 [INFO] Position:  0.0 @ $0.00 | Stop: $0.00
2026-03-03 03:58:10 [INFO] Trade: 0 | Consecutive losses: 0
2026-03-03 04:02:10 [INFO] 
======================================================================
2026-03-03 04:02:10 [INFO] Time: 2026-03-03 04:02:10
2026-03-03 04:02:10 [INFO] Price: $50000.00 | Bid: $49990.00 | Ask: $50010.00
2026-03-03 04:02:10 [INFO] Equity: $100.00 | PnL: $+0.00 | DD: 0.00%
2026-03-03 04:02:10 [INFO] Position:  0.0 @ $0.00 | Stop: $0.00
2026-03-03 04:02:10 [INFO] Trade: 0 | Consecutive losses: 0
2026-03-03 04:06:10 [INFO] 
======================================================================
2026-03-03 04:06:10 [INFO] Time: 2026-03-03 04:06:10
2026-03-03 04:06:10 [INFO] Price: $50000.00 | Bid: $49990.00 | Ask: $50010.00
2026-03-03 04:06:10 [INFO] Equity: $100.00 | PnL: $+0.00 | DD: 0.00%
2026-03-03 04:06:10 [INFO] Position:  0.0 @ $0.00 | Stop: $0.00
2026-03-03 04:06:10 [INFO] Trade: 0 | Consecutive losses: 0
2026-03-03 04:10:11 [INFO] 
======================================================================
2026-03-03 04:10:11 [INFO] Time: 2026-03-03 04:10:11
2026-03-03 04:10:11 [INFO] Price: $50000.00 | Bid: $49990.00 | Ask: $50010.00
2026-03-03 04:10:11 [INFO] Equity: $100.00 | PnL: $+0.00 | DD: 0.00%
2026-03-03 04:10:11 [INFO] Position:  0.0 @ $0.00 | Stop: $0.00
2026-03-03 04:10:11 [INFO] Trade: 0 | Consecutive losses: 0
2026-03-03 04:14:12 [INFO] 
======================================================================
2026-03-03 04:14:12 [INFO] Time: 2026-03-03 04:14:12
2026-03-03 04:14:12 [INFO] Price: $50000.00 | Bid: $49990.00 | Ask: $50010.00
2026-03-03 04:14:12 [INFO] Equity: $100.00 | PnL: $+0.00 | DD: 0.00%
2026-03-03 04:14:12 [INFO] Position:  0.0 @ $0.00 | Stop: $0.00
2026-03-03 04:14:12 [INFO] Trade: 0 | Consecutive losses: 0
2026-03-03 04:18:13 [INFO] 
======================================================================
2026-03-03 04:18:13 [INFO] Time: 2026-03-03 04:18:13
2026-03-03 04:18:13 [INFO] Price: $50000.00 | Bid: $49990.00 | Ask: $50010.00
2026-03-03 04:18:13 [INFO] Equity: $100.00 | PnL: $+0.00 | DD: 0.00%
2026-03-03 04:18:13 [INFO] Position:  0.0 @ $0.00 | Stop: $0.00
2026-03-03 04:18:13 [INFO] Trade: 0 | Consecutive losses: 0
2026-03-03 04:22:13 [INFO] 
======================================================================
2026-03-03 04:22:13 [INFO] Time: 2026-03-03 04:22:13
2026-03-03 04:22:13 [INFO] Price: $50000.00 | Bid: $49990.00 | Ask: $50010.00
2026-03-03 04:22:13 [INFO] Equity: $100.00 | PnL: $+0.00 | DD: 0.00%
2026-03-03 04:22:13 [INFO] Position:  0.0 @ $0.00 | Stop: $0.00
2026-03-03 04:22:13 [INFO] Trade: 0 | Consecutive losses: 0
2026-03-03 04:26:13 [INFO] 
======================================================================
2026-03-03 04:26:13 [INFO] Time: 2026-03-03 04:26:13
2026-03-03 04:26:13 [INFO] Price: $50000.00 | Bid: $49990.00 | Ask: $50010.00
2026-03-03 04:26:13 [INFO] Equity: $100.00 | PnL: $+0.00 | DD: 0.00%
2026-03-03 04:26:13 [INFO] Position:  0.0 @ $0.00 | Stop: $0.00
2026-03-03 04:26:13 [INFO] Trade: 0 | Consecutive losses: 0
2026-03-03 04:30:13 [INFO] 
======================================================================
2026-03-03 04:30:13 [INFO] Time: 2026-03-03 04:30:13
2026-03-03 04:30:13 [INFO] Price: $50000.00 | Bid: $49990.00 | Ask: $50010.00
2026-03-03 04:30:13 [INFO] Equity: $100.00 | PnL: $+0.00 | DD: 0.00%
2026-03-03 04:30:13 [INFO] Position:  0.0 @ $0.00 | Stop: $0.00
2026-03-03 04:30:13 [INFO] Trade: 0 | Consecutive losses: 0
2026-03-03 04:34:13 [INFO] 
======================================================================
2026-03-03 04:34:13 [INFO] Time: 2026-03-03 04:34:13
2026-03-03 04:34:13 [INFO] Price: $50000.00 | Bid: $49990.00 | Ask: $50010.00
2026-03-03 04:34:13 [INFO] Equity: $100.00 | PnL: $+0.00 | DD: 0.00%
2026-03-03 04:34:13 [INFO] Position:  0.0 @ $0.00 | Stop: $0.00
2026-03-03 04:34:13 [INFO] Trade: 0 | Consecutive losses: 0
2026-03-03 04:38:14 [INFO] 
======================================================================
2026-03-03 04:38:14 [INFO] Time: 2026-03-03 04:38:14
2026-03-03 04:38:14 [INFO] Price: $50000.00 | Bid: $49990.00 | Ask: $50010.00
2026-03-03 04:38:14 [INFO] Equity: $100.00 | PnL: $+0.00 | DD: 0.00%
2026-03-03 04:38:14 [INFO] Position:  0.0 @ $0.00 | Stop: $0.00
2026-03-03 04:38:14 [INFO] Trade: 0 | Consecutive losses: 0
2026-03-03 04:42:14 [INFO] 
======================================================================
2026-03-03 04:42:14 [INFO] Time: 2026-03-03 04:42:14
2026-03-03 04:42:14 [INFO] Price: $50000.00 | Bid: $49990.00 | Ask: $50010.00
2026-03-03 04:42:14 [INFO] Equity: $100.00 | PnL: $+0.00 | DD: 0.00%
2026-03-03 04:42:14 [INFO] Position:  0.0 @ $0.00 | Stop: $0.00
2026-03-03 04:42:14 [INFO] Trade: 0 | Consecutive losses: 0
2026-03-03 04:46:14 [INFO] 
======================================================================
2026-03-03 04:46:14 [INFO] Time: 2026-03-03 04:46:14
2026-03-03 04:46:14 [INFO] Price: $50000.00 | Bid: $49990.00 | Ask: $50010.00
2026-03-03 04:46:14 [INFO] Equity: $100.00 | PnL: $+0.00 | DD: 0.00%
2026-03-03 04:46:14 [INFO] Position:  0.0 @ $0.00 | Stop: $0.00
2026-03-03 04:46:14 [INFO] Trade: 0 | Consecutive losses: 0
2026-03-03 04:50:14 [INFO] 
======================================================================
2026-03-03 04:50:14 [INFO] Time: 2026-03-03 04:50:14
2026-03-03 04:50:14 [INFO] Price: $50000.00 | Bid: $49990.00 | Ask: $50010.00
2026-03-03 04:50:14 [INFO] Equity: $100.00 | PnL: $+0.00 | DD: 0.00%
2026-03-03 04:50:14 [INFO] Position:  0.0 @ $0.00 | Stop: $0.00
2026-03-03 04:50:14 [INFO] Trade: 0 | Consecutive losses: 0
2026-03-03 04:54:15 [INFO] 
======================================================================
2026-03-03 04:54:15 [INFO] Time: 2026-03-03 04:54:15
2026-03-03 04:54:15 [INFO] Price: $50000.00 | Bid: $49990.00 | Ask: $50010.00
2026-03-03 04:54:15 [INFO] Equity: $100.00 | PnL: $+0.00 | DD: 0.00%
2026-03-03 04:54:15 [INFO] Position:  0.0 @ $0.00 | Stop: $0.00
2026-03-03 04:54:15 [INFO] Trade: 0 | Consecutive losses: 0
2026-03-03 04:58:15 [INFO] 
======================================================================
2026-03-03 04:58:15 [INFO] Time: 2026-03-03 04:58:15
2026-03-03 04:58:15 [INFO] Price: $50000.00 | Bid: $49990.00 | Ask: $50010.00
2026-03-03 04:58:15 [INFO] Equity: $100.00 | PnL: $+0.00 | DD: 0.00%
2026-03-03 04:58:15 [INFO] Position:  0.0 @ $0.00 | Stop: $0.00
2026-03-03 04:58:15 [INFO] Trade: 0 | Consecutive losses: 0
2026-03-03 05:02:15 [INFO] 
======================================================================
2026-03-03 05:02:15 [INFO] Time: 2026-03-03 05:02:15
2026-03-03 05:02:15 [INFO] Price: $50000.00 | Bid: $49990.00 | Ask: $50010.00
2026-03-03 05:02:15 [INFO] Equity: $100.00 | PnL: $+0.00 | DD: 0.00%
2026-03-03 05:02:15 [INFO] Position:  0.0 @ $0.00 | Stop: $0.00
2026-03-03 05:02:15 [INFO] Trade: 0 | Consecutive losses: 0
2026-03-03 05:06:15 [INFO] 
======================================================================
2026-03-03 05:06:15 [INFO] Time: 2026-03-03 05:06:15
2026-03-03 05:06:15 [INFO] Price: $50000.00 | Bid: $49990.00 | Ask: $50010.00
2026-03-03 05:06:15 [INFO] Equity: $100.00 | PnL: $+0.00 | DD: 0.00%
2026-03-03 05:06:15 [INFO] Position:  0.0 @ $0.00 | Stop: $0.00
2026-03-03 05:06:15 [INFO] Trade: 0 | Consecutive losses: 0
2026-03-03 05:10:15 [INFO] 
======================================================================
2026-03-03 05:10:15 [INFO] Time: 2026-03-03 05:10:15
2026-03-03 05:10:15 [INFO] Price: $50000.00 | Bid: $49990.00 | Ask: $50010.00
2026-03-03 05:10:15 [INFO] Equity: $100.00 | PnL: $+0.00 | DD: 0.00%
2026-03-03 05:10:15 [INFO] Position:  0.0 @ $0.00 | Stop: $0.00
2026-03-03 05:10:15 [INFO] Trade: 0 | Consecutive losses: 0
2026-03-03 05:14:15 [ERROR] Get market state error: ('Connection aborted.', RemoteDisconnected('Remote end closed connection without response'))
2026-03-03 05:14:15 [INFO] 
======================================================================
2026-03-03 05:14:15 [INFO] Time: 2026-03-03 05:14:15
2026-03-03 05:14:15 [INFO] Price: $50000.00 | Bid: $49990.00 | Ask: $50010.00
2026-03-03 05:14:15 [INFO] Equity: $100.00 | PnL: $+0.00 | DD: 0.00%
2026-03-03 05:14:15 [INFO] Position:  0.0 @ $0.00 | Stop: $0.00
2026-03-03 05:14:15 [INFO] Trade: 0 | Consecutive losses: 0
2026-03-03 05:18:17 [INFO] 
======================================================================
2026-03-03 05:18:17 [INFO] Time: 2026-03-03 05:18:17
2026-03-03 05:18:17 [INFO] Price: $50000.00 | Bid: $49990.00 | Ask: $50010.00
2026-03-03 05:18:17 [INFO] Equity: $100.00 | PnL: $+0.00 | DD: 0.00%
2026-03-03 05:18:17 [INFO] Position:  0.0 @ $0.00 | Stop: $0.00
2026-03-03 05:18:17 [INFO] Trade: 0 | Consecutive losses: 0
2026-03-03 05:22:17 [INFO] 
======================================================================
2026-03-03 05:22:17 [INFO] Time: 2026-03-03 05:22:17
2026-03-03 05:22:17 [INFO] Price: $50000.00 | Bid: $49990.00 | Ask: $50010.00
2026-03-03 05:22:17 [INFO] Equity: $100.00 | PnL: $+0.00 | DD: 0.00%
2026-03-03 05:22:17 [INFO] Position:  0.0 @ $0.00 | Stop: $0.00
2026-03-03 05:22:17 [INFO] Trade: 0 | Consecutive losses: 0
2026-03-03 05:26:17 [INFO] 
======================================================================
2026-03-03 05:26:17 [INFO] Time: 2026-03-03 05:26:17
2026-03-03 05:26:17 [INFO] Price: $50000.00 | Bid: $49990.00 | Ask: $50010.00
2026-03-03 05:26:17 [INFO] Equity: $100.00 | PnL: $+0.00 | DD: 0.00%
2026-03-03 05:26:17 [INFO] Position:  0.0 @ $0.00 | Stop: $0.00
2026-03-03 05:26:17 [INFO] Trade: 0 | Consecutive losses: 0
2026-03-03 05:30:17 [INFO] 
======================================================================
2026-03-03 05:30:17 [INFO] Time: 2026-03-03 05:30:17
2026-03-03 05:30:17 [INFO] Price: $50000.00 | Bid: $49990.00 | Ask: $50010.00
2026-03-03 05:30:17 [INFO] Equity: $100.00 | PnL: $+0.00 | DD: 0.00%
2026-03-03 05:30:17 [INFO] Position:  0.0 @ $0.00 | Stop: $0.00
2026-03-03 05:30:17 [INFO] Trade: 0 | Consecutive losses: 0
2026-03-03 05:34:18 [INFO] 
======================================================================
2026-03-03 05:34:18 [INFO] Time: 2026-03-03 05:34:18
2026-03-03 05:34:18 [INFO] Price: $50000.00 | Bid: $49990.00 | Ask: $50010.00
2026-03-03 05:34:18 [INFO] Equity: $100.00 | PnL: $+0.00 | DD: 0.00%
2026-03-03 05:34:18 [INFO] Position:  0.0 @ $0.00 | Stop: $0.00
2026-03-03 05:34:18 [INFO] Trade: 0 | Consecutive losses: 0
2026-03-03 05:38:18 [INFO] 
======================================================================
2026-03-03 05:38:18 [INFO] Time: 2026-03-03 05:38:18
2026-03-03 05:38:18 [INFO] Price: $50000.00 | Bid: $49990.00 | Ask: $50010.00
2026-03-03 05:38:18 [INFO] Equity: $100.00 | PnL: $+0.00 | DD: 0.00%
2026-03-03 05:38:18 [INFO] Position:  0.0 @ $0.00 | Stop: $0.00
2026-03-03 05:38:18 [INFO] Trade: 0 | Consecutive losses: 0
2026-03-03 05:42:19 [INFO] 
======================================================================
2026-03-03 05:42:19 [INFO] Time: 2026-03-03 05:42:19
2026-03-03 05:42:19 [INFO] Price: $50000.00 | Bid: $49990.00 | Ask: $50010.00
2026-03-03 05:42:19 [INFO] Equity: $100.00 | PnL: $+0.00 | DD: 0.00%
2026-03-03 05:42:19 [INFO] Position:  0.0 @ $0.00 | Stop: $0.00
2026-03-03 05:42:19 [INFO] Trade: 0 | Consecutive losses: 0
2026-03-03 05:46:19 [INFO] 
======================================================================
2026-03-03 05:46:19 [INFO] Time: 2026-03-03 05:46:19
2026-03-03 05:46:19 [INFO] Price: $50000.00 | Bid: $49990.00 | Ask: $50010.00
2026-03-03 05:46:19 [INFO] Equity: $100.00 | PnL: $+0.00 | DD: 0.00%
2026-03-03 05:46:19 [INFO] Position:  0.0 @ $0.00 | Stop: $0.00
2026-03-03 05:46:19 [INFO] Trade: 0 | Consecutive losses: 0
2026-03-03 05:50:19 [INFO] 
======================================================================
2026-03-03 05:50:19 [INFO] Time: 2026-03-03 05:50:19
2026-03-03 05:50:19 [INFO] Price: $50000.00 | Bid: $49990.00 | Ask: $50010.00
2026-03-03 05:50:19 [INFO] Equity: $100.00 | PnL: $+0.00 | DD: 0.00%
2026-03-03 05:50:19 [INFO] Position:  0.0 @ $0.00 | Stop: $0.00
2026-03-03 05:50:19 [INFO] Trade: 0 | Consecutive losses: 0
2026-03-03 05:54:19 [INFO] 
======================================================================
2026-03-03 05:54:19 [INFO] Time: 2026-03-03 05:54:19
2026-03-03 05:54:19 [INFO] Price: $50000.00 | Bid: $49990.00 | Ask: $50010.00
2026-03-03 05:54:19 [INFO] Equity: $100.00 | PnL: $+0.00 | DD: 0.00%
2026-03-03 05:54:19 [INFO] Position:  0.0 @ $0.00 | Stop: $0.00
2026-03-03 05:54:19 [INFO] Trade: 0 | Consecutive losses: 0
2026-03-03 05:58:20 [INFO] 
======================================================================
2026-03-03 05:58:20 [INFO] Time: 2026-03-03 05:58:20
2026-03-03 05:58:20 [INFO] Price: $50000.00 | Bid: $49990.00 | Ask: $50010.00
2026-03-03 05:58:20 [INFO] Equity: $100.00 | PnL: $+0.00 | DD: 0.00%
2026-03-03 05:58:20 [INFO] Position:  0.0 @ $0.00 | Stop: $0.00
2026-03-03 05:58:20 [INFO] Trade: 0 | Consecutive losses: 0
2026-03-03 06:02:20 [INFO] 
======================================================================
2026-03-03 06:02:20 [INFO] Time: 2026-03-03 06:02:20
2026-03-03 06:02:20 [INFO] Price: $50000.00 | Bid: $49990.00 | Ask: $50010.00
2026-03-03 06:02:20 [INFO] Equity: $100.00 | PnL: $+0.00 | DD: 0.00%
2026-03-03 06:02:20 [INFO] Position:  0.0 @ $0.00 | Stop: $0.00
2026-03-03 06:02:20 [INFO] Trade: 0 | Consecutive losses: 0
2026-03-03 06:06:20 [INFO] 
======================================================================
2026-03-03 06:06:20 [INFO] Time: 2026-03-03 06:06:20
2026-03-03 06:06:20 [INFO] Price: $50000.00 | Bid: $49990.00 | Ask: $50010.00
2026-03-03 06:06:20 [INFO] Equity: $100.00 | PnL: $+0.00 | DD: 0.00%
2026-03-03 06:06:20 [INFO] Position:  0.0 @ $0.00 | Stop: $0.00
2026-03-03 06:06:20 [INFO] Trade: 0 | Consecutive losses: 0
2026-03-03 06:10:20 [ERROR] Get market state error: ('Connection aborted.', RemoteDisconnected('Remote end closed connection without response'))
2026-03-03 06:10:20 [INFO] 
======================================================================
2026-03-03 06:10:20 [INFO] Time: 2026-03-03 06:10:20
2026-03-03 06:10:20 [INFO] Price: $50000.00 | Bid: $49990.00 | Ask: $50010.00
2026-03-03 06:10:20 [INFO] Equity: $100.00 | PnL: $+0.00 | DD: 0.00%
2026-03-03 06:10:20 [INFO] Position:  0.0 @ $0.00 | Stop: $0.00
2026-03-03 06:10:20 [INFO] Trade: 0 | Consecutive losses: 0
2026-03-03 06:14:20 [INFO] 
======================================================================
2026-03-03 06:14:20 [INFO] Time: 2026-03-03 06:14:20
2026-03-03 06:14:20 [INFO] Price: $50000.00 | Bid: $49990.00 | Ask: $50010.00
2026-03-03 06:14:20 [INFO] Equity: $100.00 | PnL: $+0.00 | DD: 0.00%
2026-03-03 06:14:20 [INFO] Position:  0.0 @ $0.00 | Stop: $0.00
2026-03-03 06:14:20 [INFO] Trade: 0 | Consecutive losses: 0
2026-03-03 06:18:22 [INFO] 
======================================================================
2026-03-03 06:18:22 [INFO] Time: 2026-03-03 06:18:22
2026-03-03 06:18:22 [INFO] Price: $50000.00 | Bid: $49990.00 | Ask: $50010.00
2026-03-03 06:18:22 [INFO] Equity: $100.00 | PnL: $+0.00 | DD: 0.00%
2026-03-03 06:18:22 [INFO] Position:  0.0 @ $0.00 | Stop: $0.00
2026-03-03 06:18:22 [INFO] Trade: 0 | Consecutive losses: 0
2026-03-03 06:22:23 [INFO] 
======================================================================
2026-03-03 06:22:23 [INFO] Time: 2026-03-03 06:22:23
2026-03-03 06:22:23 [INFO] Price: $50000.00 | Bid: $49990.00 | Ask: $50010.00
2026-03-03 06:22:23 [INFO] Equity: $100.00 | PnL: $+0.00 | DD: 0.00%
2026-03-03 06:22:23 [INFO] Position:  0.0 @ $0.00 | Stop: $0.00
2026-03-03 06:22:23 [INFO] Trade: 0 | Consecutive losses: 0
2026-03-03 06:26:42 [ERROR] Get market state error: ('Connection aborted.', RemoteDisconnected('Remote end closed connection without response'))
2026-03-03 06:26:53 [ERROR] Get position error: HTTPSConnectionPool(host='api.hyperliquid.xyz', port=443): Max retries exceeded with url: /info (Caused by NameResolutionError("HTTPSConnection(host='api.hyperliquid.xyz', port=443): Failed to resolve 'api.hyperliquid.xyz' ([Errno 11001] getaddrinfo failed)"))
2026-03-03 06:26:53 [INFO] 
======================================================================
2026-03-03 06:26:53 [INFO] Time: 2026-03-03 06:26:53
2026-03-03 06:26:53 [INFO] Price: $50000.00 | Bid: $49990.00 | Ask: $50010.00
2026-03-03 06:26:53 [INFO] Equity: $100.00 | PnL: $+0.00 | DD: 0.00%
2026-03-03 06:26:53 [INFO] Position:  0.0 @ $0.00 | Stop: $0.00
2026-03-03 06:26:53 [INFO] Trade: 0 | Consecutive losses: 0
