2026-03-02 23:00:04 [INFO] ======================================================================
2026-03-02 23:00:04 [INFO]  BTC/USDT 4H ADAPTIVE RSI v5 - LIVE TRADER
2026-03-02 23:00:04 [INFO] ======================================================================
2026-03-02 23:00:04 [INFO] Mode: DRY RUN (Simulation)
2026-03-02 23:00:04 [INFO] API: Simulation
2026-03-02 23:00:04 [INFO] Lookback: 180 days
2026-03-02 23:00:04 [INFO] ======================================================================
2026-03-02 23:00:04 [INFO] Mode: DRY RUN | v5 Adaptive RSI
2026-03-02 23:00:04 [INFO] API Key: ...
2026-03-02 23:00:04 [INFO] Initializing Hyperliquid API (DRY RUN mode)
2026-03-02 23:00:04 [INFO] Initial equity: $100.00
2026-03-02 23:00:04 [INFO] Unrealized PnL: $0.00
2026-03-02 23:00:04 [INFO] CSV cache: btc_usdt_4h.csv (2190 bars)
2026-03-02 23:00:04 [INFO] Data: 2025-03-02 16:00:00 -> 2026-03-02 12:00:00 (2190 bars)
2026-03-02 23:00:04 [INFO] Regimes: {'RANGE': 877, 'BEAR': 748, 'BULL': 565}
2026-03-02 23:00:04 [INFO] Long signals: 5, Short signals: 10
2026-03-02 23:00:04 [INFO] Waiting for next 4h bar (interval: 240 min)...
2026-03-02 23:00:04 [INFO] 
======================================================================
2026-03-02 23:00:04 [INFO] Time: 2026-03-02 23:00:04
2026-03-02 23:00:04 [INFO] Price: $50000.00 | Bid: $49990.00 | Ask: $50010.00
2026-03-02 23:00:04 [INFO] Equity: $100.00 | PnL: $+0.00 | DD: 0.00%
2026-03-02 23:00:04 [INFO] Position:  0.0 @ $0.00 | Stop: $0.00
2026-03-02 23:00:04 [INFO] Trade: 0 | Consecutive losses: 0
2026-03-02 23:04:04 [INFO] 
======================================================================
2026-03-02 23:04:04 [INFO] Time: 2026-03-02 23:04:04
2026-03-02 23:04:04 [INFO] Price: $50000.00 | Bid: $49990.00 | Ask: $50010.00
2026-03-02 23:04:04 [INFO] Equity: $100.00 | PnL: $+0.00 | DD: 0.00%
2026-03-02 23:04:04 [INFO] Position:  0.0 @ $0.00 | Stop: $0.00
2026-03-02 23:04:04 [INFO] Trade: 0 | Consecutive losses: 0
2026-03-02 23:08:04 [INFO] 
======================================================================
2026-03-02 23:08:04 [INFO] Time: 2026-03-02 23:08:04
2026-03-02 23:08:04 [INFO] Price: $50000.00 | Bid: $49990.00 | Ask: $50010.00
2026-03-02 23:08:04 [INFO] Equity: $100.00 | PnL: $+0.00 | DD: 0.00%
2026-03-02 23:08:04 [INFO] Position:  0.0 @ $0.00 | Stop: $0.00
2026-03-02 23:08:04 [INFO] Trade: 0 | Consecutive losses: 0
2026-03-02 23:12:04 [INFO] 
======================================================================
2026-03-02 23:12:04 [INFO] Time: 2026-03-02 23:12:04
2026-03-02 23:12:04 [INFO] Price: $50000.00 | Bid: $49990.00 | Ask: $50010.00
2026-03-02 23:12:04 [INFO] Equity: $100.00 | PnL: $+0.00 | DD: 0.00%
2026-03-02 23:12:04 [INFO] Position:  0.0 @ $0.00 | Stop: $0.00
2026-03-02 23:12:04 [INFO] Trade: 0 | Consecutive losses: 0
2026-03-02 23:16:04 [INFO] 
======================================================================
2026-03-02 23:16:04 [INFO] Time: 2026-03-02 23:16:04
2026-03-02 23:16:04 [INFO] Price: $50000.00 | Bid: $49990.00 | Ask: $50010.00
2026-03-02 23:16:04 [INFO] Equity: $100.00 | PnL: $+0.00 | DD: 0.00%
2026-03-02 23:16:04 [INFO] Position:  0.0 @ $0.00 | Stop: $0.00
2026-03-02 23:16:04 [INFO] Trade: 0 | Consecutive losses: 0
2026-03-02 23:20:04 [INFO] 
======================================================================
2026-03-02 23:20:04 [INFO] Time: 2026-03-02 23:20:04
2026-03-02 23:20:04 [INFO] Price: $50000.00 | Bid: $49990.00 | Ask: $50010.00
2026-03-02 23:20:04 [INFO] Equity: $100.00 | PnL: $+0.00 | DD: 0.00%
2026-03-02 23:20:04 [INFO] Position:  0.0 @ $0.00 | Stop: $0.00
2026-03-02 23:20:04 [INFO] Trade: 0 | Consecutive losses: 0
2026-03-02 23:24:04 [INFO] 
======================================================================
2026-03-02 23:24:04 [INFO] Time: 2026-03-02 23:24:04
2026-03-02 23:24:04 [INFO] Price: $50000.00 | Bid: $49990.00 | Ask: $50010.00
2026-03-02 23:24:04 [INFO] Equity: $100.00 | PnL: $+0.00 | DD: 0.00%
2026-03-02 23:24:04 [INFO] Position:  0.0 @ $0.00 | Stop: $0.00
2026-03-02 23:24:04 [INFO] Trade: 0 | Consecutive losses: 0
2026-03-02 23:28:04 [INFO] 
======================================================================
2026-03-02 23:28:04 [INFO] Time: 2026-03-02 23:28:04
2026-03-02 23:28:04 [INFO] Price: $50000.00 | Bid: $49990.00 | Ask: $50010.00
2026-03-02 23:28:04 [INFO] Equity: $100.00 | PnL: $+0.00 | DD: 0.00%
2026-03-02 23:28:04 [INFO] Position:  0.0 @ $0.00 | Stop: $0.00
2026-03-02 23:28:04 [INFO] Trade: 0 | Consecutive losses: 0
2026-03-02 23:32:04 [INFO] 
======================================================================
2026-03-02 23:32:04 [INFO] Time: 2026-03-02 23:32:04
2026-03-02 23:32:04 [INFO] Price: $50000.00 | Bid: $49990.00 | Ask: $50010.00
2026-03-02 23:32:04 [INFO] Equity: $100.00 | PnL: $+0.00 | DD: 0.00%
2026-03-02 23:32:04 [INFO] Position:  0.0 @ $0.00 | Stop: $0.00
2026-03-02 23:32:04 [INFO] Trade: 0 | Consecutive losses: 0
2026-03-02 23:36:04 [INFO] 
======================================================================
2026-03-02 23:36:04 [INFO] Time: 2026-03-02 23:36:04
2026-03-02 23:36:04 [INFO] Price: $50000.00 | Bid: $49990.00 | Ask: $50010.00
2026-03-02 23:36:04 [INFO] Equity: $100.00 | PnL: $+0.00 | DD: 0.00%
2026-03-02 23:36:04 [INFO] Position:  0.0 @ $0.00 | Stop: $0.00
2026-03-02 23:36:04 [INFO] Trade: 0 | Consecutive losses: 0
2026-03-02 23:40:04 [INFO] 
======================================================================
2026-03-02 23:40:04 [INFO] Time: 2026-03-02 23:40:04
2026-03-02 23:40:04 [INFO] Price: $50000.00 | Bid: $49990.00 | Ask: $50010.00
2026-03-02 23:40:04 [INFO] Equity: $100.00 | PnL: $+0.00 | DD: 0.00%
2026-03-02 23:40:04 [INFO] Position:  0.0 @ $0.00 | Stop: $0.00
2026-03-02 23:40:04 [INFO] Trade: 0 | Consecutive losses: 0
2026-03-02 23:44:04 [INFO] 
======================================================================
2026-03-02 23:44:04 [INFO] Time: 2026-03-02 23:44:04
2026-03-02 23:44:04 [INFO] Price: $50000.00 | Bid: $49990.00 | Ask: $50010.00
2026-03-02 23:44:04 [INFO] Equity: $100.00 | PnL: $+0.00 | DD: 0.00%
2026-03-02 23:44:04 [INFO] Position:  0.0 @ $0.00 | Stop: $0.00
2026-03-02 23:44:04 [INFO] Trade: 0 | Consecutive losses: 0
2026-03-02 23:48:04 [INFO] 
======================================================================
2026-03-02 23:48:04 [INFO] Time: 2026-03-02 23:48:04
2026-03-02 23:48:04 [INFO] Price: $50000.00 | Bid: $49990.00 | Ask: $50010.00
2026-03-02 23:48:04 [INFO] Equity: $100.00 | PnL: $+0.00 | DD: 0.00%
2026-03-02 23:48:04 [INFO] Position:  0.0 @ $0.00 | Stop: $0.00
2026-03-02 23:48:04 [INFO] Trade: 0 | Consecutive losses: 0
2026-03-02 23:52:04 [INFO] 
======================================================================
2026-03-02 23:52:04 [INFO] Time: 2026-03-02 23:52:04
2026-03-02 23:52:04 [INFO] Price: $50000.00 | Bid: $49990.00 | Ask: $50010.00
2026-03-02 23:52:04 [INFO] Equity: $100.00 | PnL: $+0.00 | DD: 0.00%
2026-03-02 23:52:04 [INFO] Position:  0.0 @ $0.00 | Stop: $0.00
2026-03-02 23:52:04 [INFO] Trade: 0 | Consecutive losses: 0
2026-03-02 23:56:04 [INFO] 
======================================================================
2026-03-02 23:56:04 [INFO] Time: 2026-03-02 23:56:04
2026-03-02 23:56:04 [INFO] Price: $50000.00 | Bid: $49990.00 | Ask: $50010.00
2026-03-02 23:56:04 [INFO] Equity: $100.00 | PnL: $+0.00 | DD: 0.00%
2026-03-02 23:56:04 [INFO] Position:  0.0 @ $0.00 | Stop: $0.00
2026-03-02 23:56:04 [INFO] Trade: 0 | Consecutive losses: 0
2026-03-03 00:00:04 [INFO] 
======================================================================
2026-03-03 00:00:04 [INFO] Time: 2026-03-03 00:00:04
2026-03-03 00:00:04 [INFO] Price: $50000.00 | Bid: $49990.00 | Ask: $50010.00
2026-03-03 00:00:04 [INFO] Equity: $100.00 | PnL: $+0.00 | DD: 0.00%
2026-03-03 00:00:04 [INFO] Position:  0.0 @ $0.00 | Stop: $0.00
2026-03-03 00:00:04 [INFO] Trade: 0 | Consecutive losses: 0
2026-03-03 00:04:04 [INFO] 
======================================================================
2026-03-03 00:04:04 [INFO] Time: 2026-03-03 00:04:04
2026-03-03 00:04:04 [INFO] Price: $50000.00 | Bid: $49990.00 | Ask: $50010.00
2026-03-03 00:04:04 [INFO] Equity: $100.00 | PnL: $+0.00 | DD: 0.00%
2026-03-03 00:04:04 [INFO] Position:  0.0 @ $0.00 | Stop: $0.00
2026-03-03 00:04:04 [INFO] Trade: 0 | Consecutive losses: 0
2026-03-03 00:08:04 [INFO] 
======================================================================
2026-03-03 00:08:04 [INFO] Time: 2026-03-03 00:08:04
2026-03-03 00:08:04 [INFO] Price: $50000.00 | Bid: $49990.00 | Ask: $50010.00
2026-03-03 00:08:04 [INFO] Equity: $100.00 | PnL: $+0.00 | DD: 0.00%
2026-03-03 00:08:04 [INFO] Position:  0.0 @ $0.00 | Stop: $0.00
2026-03-03 00:08:04 [INFO] Trade: 0 | Consecutive losses: 0
2026-03-03 00:12:04 [INFO] 
======================================================================
2026-03-03 00:12:04 [INFO] Time: 2026-03-03 00:12:04
2026-03-03 00:12:04 [INFO] Price: $50000.00 | Bid: $49990.00 | Ask: $50010.00
2026-03-03 00:12:04 [INFO] Equity: $100.00 | PnL: $+0.00 | DD: 0.00%
2026-03-03 00:12:04 [INFO] Position:  0.0 @ $0.00 | Stop: $0.00
2026-03-03 00:12:04 [INFO] Trade: 0 | Consecutive losses: 0
2026-03-03 00:16:04 [INFO] 
======================================================================
2026-03-03 00:16:04 [INFO] Time: 2026-03-03 00:16:04
2026-03-03 00:16:04 [INFO] Price: $50000.00 | Bid: $49990.00 | Ask: $50010.00
2026-03-03 00:16:04 [INFO] Equity: $100.00 | PnL: $+0.00 | DD: 0.00%
2026-03-03 00:16:04 [INFO] Position:  0.0 @ $0.00 | Stop: $0.00
2026-03-03 00:16:04 [INFO] Trade: 0 | Consecutive losses: 0
2026-03-03 00:20:04 [INFO] 
======================================================================
2026-03-03 00:20:04 [INFO] Time: 2026-03-03 00:20:04
2026-03-03 00:20:04 [INFO] Price: $50000.00 | Bid: $49990.00 | Ask: $50010.00
2026-03-03 00:20:04 [INFO] Equity: $100.00 | PnL: $+0.00 | DD: 0.00%
2026-03-03 00:20:04 [INFO] Position:  0.0 @ $0.00 | Stop: $0.00
2026-03-03 00:20:04 [INFO] Trade: 0 | Consecutive losses: 0
2026-03-03 00:24:04 [INFO] 
======================================================================
2026-03-03 00:24:04 [INFO] Time: 2026-03-03 00:24:04
2026-03-03 00:24:04 [INFO] Price: $50000.00 | Bid: $49990.00 | Ask: $50010.00
2026-03-03 00:24:04 [INFO] Equity: $100.00 | PnL: $+0.00 | DD: 0.00%
2026-03-03 00:24:04 [INFO] Position:  0.0 @ $0.00 | Stop: $0.00
2026-03-03 00:24:04 [INFO] Trade: 0 | Consecutive losses: 0
2026-03-03 00:28:04 [INFO] 
======================================================================
2026-03-03 00:28:04 [INFO] Time: 2026-03-03 00:28:04
2026-03-03 00:28:04 [INFO] Price: $50000.00 | Bid: $49990.00 | Ask: $50010.00
2026-03-03 00:28:04 [INFO] Equity: $100.00 | PnL: $+0.00 | DD: 0.00%
2026-03-03 00:28:04 [INFO] Position:  0.0 @ $0.00 | Stop: $0.00
2026-03-03 00:28:04 [INFO] Trade: 0 | Consecutive losses: 0
2026-03-03 00:32:04 [INFO] 
======================================================================
2026-03-03 00:32:04 [INFO] Time: 2026-03-03 00:32:04
2026-03-03 00:32:04 [INFO] Price: $50000.00 | Bid: $49990.00 | Ask: $50010.00
2026-03-03 00:32:04 [INFO] Equity: $100.00 | PnL: $+0.00 | DD: 0.00%
2026-03-03 00:32:04 [INFO] Position:  0.0 @ $0.00 | Stop: $0.00
2026-03-03 00:32:04 [INFO] Trade: 0 | Consecutive losses: 0
2026-03-03 00:36:04 [INFO] 
======================================================================
2026-03-03 00:36:04 [INFO] Time: 2026-03-03 00:36:04
2026-03-03 00:36:04 [INFO] Price: $50000.00 | Bid: $49990.00 | Ask: $50010.00
2026-03-03 00:36:04 [INFO] Equity: $100.00 | PnL: $+0.00 | DD: 0.00%
2026-03-03 00:36:04 [INFO] Position:  0.0 @ $0.00 | Stop: $0.00
2026-03-03 00:36:04 [INFO] Trade: 0 | Consecutive losses: 0
2026-03-03 00:40:04 [INFO] 
======================================================================
2026-03-03 00:40:04 [INFO] Time: 2026-03-03 00:40:04
2026-03-03 00:40:04 [INFO] Price: $50000.00 | Bid: $49990.00 | Ask: $50010.00
2026-03-03 00:40:04 [INFO] Equity: $100.00 | PnL: $+0.00 | DD: 0.00%
2026-03-03 00:40:04 [INFO] Position:  0.0 @ $0.00 | Stop: $0.00
2026-03-03 00:40:04 [INFO] Trade: 0 | Consecutive losses: 0
2026-03-03 00:44:04 [INFO] 
======================================================================
2026-03-03 00:44:04 [INFO] Time: 2026-03-03 00:44:04
2026-03-03 00:44:04 [INFO] Price: $50000.00 | Bid: $49990.00 | Ask: $50010.00
2026-03-03 00:44:04 [INFO] Equity: $100.00 | PnL: $+0.00 | DD: 0.00%
2026-03-03 00:44:04 [INFO] Position:  0.0 @ $0.00 | Stop: $0.00
2026-03-03 00:44:04 [INFO] Trade: 0 | Consecutive losses: 0
2026-03-03 00:48:04 [INFO] 
======================================================================
2026-03-03 00:48:04 [INFO] Time: 2026-03-03 00:48:04
2026-03-03 00:48:04 [INFO] Price: $50000.00 | Bid: $49990.00 | Ask: $50010.00
2026-03-03 00:48:04 [INFO] Equity: $100.00 | PnL: $+0.00 | DD: 0.00%
2026-03-03 00:48:04 [INFO] Position:  0.0 @ $0.00 | Stop: $0.00
2026-03-03 00:48:04 [INFO] Trade: 0 | Consecutive losses: 0
2026-03-03 00:52:04 [INFO] 
======================================================================
2026-03-03 00:52:04 [INFO] Time: 2026-03-03 00:52:04
2026-03-03 00:52:04 [INFO] Price: $50000.00 | Bid: $49990.00 | Ask: $50010.00
2026-03-03 00:52:04 [INFO] Equity: $100.00 | PnL: $+0.00 | DD: 0.00%
2026-03-03 00:52:04 [INFO] Position:  0.0 @ $0.00 | Stop: $0.00
2026-03-03 00:52:04 [INFO] Trade: 0 | Consecutive losses: 0
2026-03-03 00:56:04 [INFO] 
======================================================================
2026-03-03 00:56:04 [INFO] Time: 2026-03-03 00:56:04
2026-03-03 00:56:04 [INFO] Price: $50000.00 | Bid: $49990.00 | Ask: $50010.00
2026-03-03 00:56:04 [INFO] Equity: $100.00 | PnL: $+0.00 | DD: 0.00%
2026-03-03 00:56:04 [INFO] Position:  0.0 @ $0.00 | Stop: $0.00
2026-03-03 00:56:04 [INFO] Trade: 0 | Consecutive losses: 0
2026-03-03 01:00:04 [INFO] 
======================================================================
2026-03-03 01:00:04 [INFO] Time: 2026-03-03 01:00:04
2026-03-03 01:00:04 [INFO] Price: $50000.00 | Bid: $49990.00 | Ask: $50010.00
2026-03-03 01:00:04 [INFO] Equity: $100.00 | PnL: $+0.00 | DD: 0.00%
2026-03-03 01:00:04 [INFO] Position:  0.0 @ $0.00 | Stop: $0.00
2026-03-03 01:00:04 [INFO] Trade: 0 | Consecutive losses: 0
2026-03-03 01:04:04 [INFO] 
======================================================================
2026-03-03 01:04:04 [INFO] Time: 2026-03-03 01:04:04
2026-03-03 01:04:04 [INFO] Price: $50000.00 | Bid: $49990.00 | Ask: $50010.00
2026-03-03 01:04:04 [INFO] Equity: $100.00 | PnL: $+0.00 | DD: 0.00%
2026-03-03 01:04:04 [INFO] Position:  0.0 @ $0.00 | Stop: $0.00
2026-03-03 01:04:04 [INFO] Trade: 0 | Consecutive losses: 0
2026-03-03 01:08:04 [INFO] 
======================================================================
2026-03-03 01:08:04 [INFO] Time: 2026-03-03 01:08:04
2026-03-03 01:08:04 [INFO] Price: $50000.00 | Bid: $49990.00 | Ask: $50010.00
2026-03-03 01:08:04 [INFO] Equity: $100.00 | PnL: $+0.00 | DD: 0.00%
2026-03-03 01:08:04 [INFO] Position:  0.0 @ $0.00 | Stop: $0.00
2026-03-03 01:08:04 [INFO] Trade: 0 | Consecutive losses: 0
2026-03-03 01:12:04 [INFO] 
======================================================================
2026-03-03 01:12:04 [INFO] Time: 2026-03-03 01:12:04
2026-03-03 01:12:04 [INFO] Price: $50000.00 | Bid: $49990.00 | Ask: $50010.00
2026-03-03 01:12:04 [INFO] Equity: $100.00 | PnL: $+0.00 | DD: 0.00%
2026-03-03 01:12:04 [INFO] Position:  0.0 @ $0.00 | Stop: $0.00
2026-03-03 01:12:04 [INFO] Trade: 0 | Consecutive losses: 0
2026-03-03 01:16:04 [INFO] 
======================================================================
2026-03-03 01:16:04 [INFO] Time: 2026-03-03 01:16:04
2026-03-03 01:16:04 [INFO] Price: $50000.00 | Bid: $49990.00 | Ask: $50010.00
2026-03-03 01:16:04 [INFO] Equity: $100.00 | PnL: $+0.00 | DD: 0.00%
2026-03-03 01:16:04 [INFO] Position:  0.0 @ $0.00 | Stop: $0.00
2026-03-03 01:16:04 [INFO] Trade: 0 | Consecutive losses: 0
2026-03-03 01:20:04 [INFO] 
======================================================================
2026-03-03 01:20:04 [INFO] Time: 2026-03-03 01:20:04
2026-03-03 01:20:04 [INFO] Price: $50000.00 | Bid: $49990.00 | Ask: $50010.00
2026-03-03 01:20:04 [INFO] Equity: $100.00 | PnL: $+0.00 | DD: 0.00%
2026-03-03 01:20:04 [INFO] Position:  0.0 @ $0.00 | Stop: $0.00
2026-03-03 01:20:04 [INFO] Trade: 0 | Consecutive losses: 0
2026-03-03 01:24:04 [INFO] 
======================================================================
2026-03-03 01:24:04 [INFO] Time: 2026-03-03 01:24:04
2026-03-03 01:24:04 [INFO] Price: $50000.00 | Bid: $49990.00 | Ask: $50010.00
2026-03-03 01:24:04 [INFO] Equity: $100.00 | PnL: $+0.00 | DD: 0.00%
2026-03-03 01:24:04 [INFO] Position:  0.0 @ $0.00 | Stop: $0.00
2026-03-03 01:24:04 [INFO] Trade: 0 | Consecutive losses: 0
2026-03-03 01:28:04 [INFO] 
======================================================================
2026-03-03 01:28:04 [INFO] Time: 2026-03-03 01:28:04
2026-03-03 01:28:04 [INFO] Price: $50000.00 | Bid: $49990.00 | Ask: $50010.00
2026-03-03 01:28:04 [INFO] Equity: $100.00 | PnL: $+0.00 | DD: 0.00%
2026-03-03 01:28:04 [INFO] Position:  0.0 @ $0.00 | Stop: $0.00
2026-03-03 01:28:04 [INFO] Trade: 0 | Consecutive losses: 0
2026-03-03 01:32:04 [INFO] 
======================================================================
2026-03-03 01:32:04 [INFO] Time: 2026-03-03 01:32:04
2026-03-03 01:32:04 [INFO] Price: $50000.00 | Bid: $49990.00 | Ask: $50010.00
2026-03-03 01:32:04 [INFO] Equity: $100.00 | PnL: $+0.00 | DD: 0.00%
2026-03-03 01:32:04 [INFO] Position:  0.0 @ $0.00 | Stop: $0.00
2026-03-03 01:32:04 [INFO] Trade: 0 | Consecutive losses: 0
2026-03-03 01:36:04 [INFO] 
======================================================================
2026-03-03 01:36:04 [INFO] Time: 2026-03-03 01:36:04
2026-03-03 01:36:04 [INFO] Price: $50000.00 | Bid: $49990.00 | Ask: $50010.00
2026-03-03 01:36:04 [INFO] Equity: $100.00 | PnL: $+0.00 | DD: 0.00%
2026-03-03 01:36:04 [INFO] Position:  0.0 @ $0.00 | Stop: $0.00
2026-03-03 01:36:04 [INFO] Trade: 0 | Consecutive losses: 0
2026-03-03 01:40:04 [INFO] 
======================================================================
2026-03-03 01:40:04 [INFO] Time: 2026-03-03 01:40:04
2026-03-03 01:40:04 [INFO] Price: $50000.00 | Bid: $49990.00 | Ask: $50010.00
2026-03-03 01:40:04 [INFO] Equity: $100.00 | PnL: $+0.00 | DD: 0.00%
2026-03-03 01:40:04 [INFO] Position:  0.0 @ $0.00 | Stop: $0.00
2026-03-03 01:40:04 [INFO] Trade: 0 | Consecutive losses: 0
2026-03-03 01:44:04 [INFO] 
======================================================================
2026-03-03 01:44:04 [INFO] Time: 2026-03-03 01:44:04
2026-03-03 01:44:04 [INFO] Price: $50000.00 | Bid: $49990.00 | Ask: $50010.00
2026-03-03 01:44:04 [INFO] Equity: $100.00 | PnL: $+0.00 | DD: 0.00%
2026-03-03 01:44:04 [INFO] Position:  0.0 @ $0.00 | Stop: $0.00
2026-03-03 01:44:04 [INFO] Trade: 0 | Consecutive losses: 0
2026-03-03 01:48:04 [INFO] 
======================================================================
2026-03-03 01:48:04 [INFO] Time: 2026-03-03 01:48:04
2026-03-03 01:48:04 [INFO] Price: $50000.00 | Bid: $49990.00 | Ask: $50010.00
2026-03-03 01:48:04 [INFO] Equity: $100.00 | PnL: $+0.00 | DD: 0.00%
2026-03-03 01:48:04 [INFO] Position:  0.0 @ $0.00 | Stop: $0.00
2026-03-03 01:48:04 [INFO] Trade: 0 | Consecutive losses: 0
2026-03-03 01:52:04 [INFO] 
======================================================================
2026-03-03 01:52:04 [INFO] Time: 2026-03-03 01:52:04
2026-03-03 01:52:04 [INFO] Price: $50000.00 | Bid: $49990.00 | Ask: $50010.00
2026-03-03 01:52:04 [INFO] Equity: $100.00 | PnL: $+0.00 | DD: 0.00%
2026-03-03 01:52:04 [INFO] Position:  0.0 @ $0.00 | Stop: $0.00
2026-03-03 01:52:04 [INFO] Trade: 0 | Consecutive losses: 0
2026-03-03 01:56:04 [INFO] 
======================================================================
2026-03-03 01:56:04 [INFO] Time: 2026-03-03 01:56:04
2026-03-03 01:56:04 [INFO] Price: $50000.00 | Bid: $49990.00 | Ask: $50010.00
2026-03-03 01:56:04 [INFO] Equity: $100.00 | PnL: $+0.00 | DD: 0.00%
2026-03-03 01:56:04 [INFO] Position:  0.0 @ $0.00 | Stop: $0.00
2026-03-03 01:56:04 [INFO] Trade: 0 | Consecutive losses: 0
2026-03-03 02:00:04 [INFO] 
======================================================================
2026-03-03 02:00:04 [INFO] Time: 2026-03-03 02:00:04
2026-03-03 02:00:04 [INFO] Price: $50000.00 | Bid: $49990.00 | Ask: $50010.00
2026-03-03 02:00:04 [INFO] Equity: $100.00 | PnL: $+0.00 | DD: 0.00%
2026-03-03 02:00:04 [INFO] Position:  0.0 @ $0.00 | Stop: $0.00
2026-03-03 02:00:04 [INFO] Trade: 0 | Consecutive losses: 0
2026-03-03 02:04:04 [INFO] 
======================================================================
2026-03-03 02:04:04 [INFO] Time: 2026-03-03 02:04:04
2026-03-03 02:04:04 [INFO] Price: $50000.00 | Bid: $49990.00 | Ask: $50010.00
2026-03-03 02:04:04 [INFO] Equity: $100.00 | PnL: $+0.00 | DD: 0.00%
2026-03-03 02:04:04 [INFO] Position:  0.0 @ $0.00 | Stop: $0.00
2026-03-03 02:04:04 [INFO] Trade: 0 | Consecutive losses: 0
2026-03-03 02:08:04 [INFO] 
======================================================================
2026-03-03 02:08:04 [INFO] Time: 2026-03-03 02:08:04
2026-03-03 02:08:04 [INFO] Price: $50000.00 | Bid: $49990.00 | Ask: $50010.00
2026-03-03 02:08:04 [INFO] Equity: $100.00 | PnL: $+0.00 | DD: 0.00%
2026-03-03 02:08:04 [INFO] Position:  0.0 @ $0.00 | Stop: $0.00
2026-03-03 02:08:04 [INFO] Trade: 0 | Consecutive losses: 0
2026-03-03 02:12:04 [INFO] 
======================================================================
2026-03-03 02:12:04 [INFO] Time: 2026-03-03 02:12:04
2026-03-03 02:12:04 [INFO] Price: $50000.00 | Bid: $49990.00 | Ask: $50010.00
2026-03-03 02:12:04 [INFO] Equity: $100.00 | PnL: $+0.00 | DD: 0.00%
2026-03-03 02:12:04 [INFO] Position:  0.0 @ $0.00 | Stop: $0.00
2026-03-03 02:12:04 [INFO] Trade: 0 | Consecutive losses: 0
2026-03-03 02:16:04 [INFO] 
======================================================================
2026-03-03 02:16:04 [INFO] Time: 2026-03-03 02:16:04
2026-03-03 02:16:04 [INFO] Price: $50000.00 | Bid: $49990.00 | Ask: $50010.00
2026-03-03 02:16:04 [INFO] Equity: $100.00 | PnL: $+0.00 | DD: 0.00%
2026-03-03 02:16:04 [INFO] Position:  0.0 @ $0.00 | Stop: $0.00
2026-03-03 02:16:04 [INFO] Trade: 0 | Consecutive losses: 0
2026-03-03 02:20:04 [INFO] 
======================================================================
2026-03-03 02:20:04 [INFO] Time: 2026-03-03 02:20:04
2026-03-03 02:20:04 [INFO] Price: $50000.00 | Bid: $49990.00 | Ask: $50010.00
2026-03-03 02:20:04 [INFO] Equity: $100.00 | PnL: $+0.00 | DD: 0.00%
2026-03-03 02:20:04 [INFO] Position:  0.0 @ $0.00 | Stop: $0.00
2026-03-03 02:20:04 [INFO] Trade: 0 | Consecutive losses: 0
2026-03-03 02:24:04 [INFO] 
======================================================================
2026-03-03 02:24:04 [INFO] Time: 2026-03-03 02:24:04
2026-03-03 02:24:04 [INFO] Price: $50000.00 | Bid: $49990.00 | Ask: $50010.00
2026-03-03 02:24:04 [INFO] Equity: $100.00 | PnL: $+0.00 | DD: 0.00%
2026-03-03 02:24:04 [INFO] Position:  0.0 @ $0.00 | Stop: $0.00
2026-03-03 02:24:04 [INFO] Trade: 0 | Consecutive losses: 0
2026-03-03 02:28:04 [INFO] 
======================================================================
2026-03-03 02:28:04 [INFO] Time: 2026-03-03 02:28:04
2026-03-03 02:28:04 [INFO] Price: $50000.00 | Bid: $49990.00 | Ask: $50010.00
2026-03-03 02:28:04 [INFO] Equity: $100.00 | PnL: $+0.00 | DD: 0.00%
2026-03-03 02:28:04 [INFO] Position:  0.0 @ $0.00 | Stop: $0.00
2026-03-03 02:28:04 [INFO] Trade: 0 | Consecutive losses: 0
2026-03-03 02:32:04 [INFO] 
======================================================================
2026-03-03 02:32:04 [INFO] Time: 2026-03-03 02:32:04
2026-03-03 02:32:04 [INFO] Price: $50000.00 | Bid: $49990.00 | Ask: $50010.00
2026-03-03 02:32:04 [INFO] Equity: $100.00 | PnL: $+0.00 | DD: 0.00%
2026-03-03 02:32:04 [INFO] Position:  0.0 @ $0.00 | Stop: $0.00
2026-03-03 02:32:04 [INFO] Trade: 0 | Consecutive losses: 0
2026-03-03 02:36:04 [INFO] 
======================================================================
2026-03-03 02:36:04 [INFO] Time: 2026-03-03 02:36:04
2026-03-03 02:36:04 [INFO] Price: $50000.00 | Bid: $49990.00 | Ask: $50010.00
2026-03-03 02:36:04 [INFO] Equity: $100.00 | PnL: $+0.00 | DD: 0.00%
2026-03-03 02:36:04 [INFO] Position:  0.0 @ $0.00 | Stop: $0.00
2026-03-03 02:36:04 [INFO] Trade: 0 | Consecutive losses: 0
2026-03-03 02:40:04 [INFO] 
======================================================================
2026-03-03 02:40:04 [INFO] Time: 2026-03-03 02:40:04
2026-03-03 02:40:04 [INFO] Price: $50000.00 | Bid: $49990.00 | Ask: $50010.00
2026-03-03 02:40:04 [INFO] Equity: $100.00 | PnL: $+0.00 | DD: 0.00%
2026-03-03 02:40:04 [INFO] Position:  0.0 @ $0.00 | Stop: $0.00
2026-03-03 02:40:04 [INFO] Trade: 0 | Consecutive losses: 0
2026-03-03 02:44:04 [INFO] 
======================================================================
2026-03-03 02:44:04 [INFO] Time: 2026-03-03 02:44:04
2026-03-03 02:44:04 [INFO] Price: $50000.00 | Bid: $49990.00 | Ask: $50010.00
2026-03-03 02:44:04 [INFO] Equity: $100.00 | PnL: $+0.00 | DD: 0.00%
2026-03-03 02:44:04 [INFO] Position:  0.0 @ $0.00 | Stop: $0.00
2026-03-03 02:44:04 [INFO] Trade: 0 | Consecutive losses: 0
2026-03-03 02:48:04 [INFO] 
======================================================================
2026-03-03 02:48:04 [INFO] Time: 2026-03-03 02:48:04
2026-03-03 02:48:04 [INFO] Price: $50000.00 | Bid: $49990.00 | Ask: $50010.00
2026-03-03 02:48:04 [INFO] Equity: $100.00 | PnL: $+0.00 | DD: 0.00%
2026-03-03 02:48:04 [INFO] Position:  0.0 @ $0.00 | Stop: $0.00
2026-03-03 02:48:04 [INFO] Trade: 0 | Consecutive losses: 0
2026-03-03 02:52:04 [INFO] 
======================================================================
2026-03-03 02:52:04 [INFO] Time: 2026-03-03 02:52:04
2026-03-03 02:52:04 [INFO] Price: $50000.00 | Bid: $49990.00 | Ask: $50010.00
2026-03-03 02:52:04 [INFO] Equity: $100.00 | PnL: $+0.00 | DD: 0.00%
2026-03-03 02:52:04 [INFO] Position:  0.0 @ $0.00 | Stop: $0.00
2026-03-03 02:52:04 [INFO] Trade: 0 | Consecutive losses: 0
2026-03-03 02:56:04 [INFO] 
======================================================================
2026-03-03 02:56:04 [INFO] Time: 2026-03-03 02:56:04
2026-03-03 02:56:04 [INFO] Price: $50000.00 | Bid: $49990.00 | Ask: $50010.00
2026-03-03 02:56:04 [INFO] Equity: $100.00 | PnL: $+0.00 | DD: 0.00%
2026-03-03 02:56:04 [INFO] Position:  0.0 @ $0.00 | Stop: $0.00
2026-03-03 02:56:04 [INFO] Trade: 0 | Consecutive losses: 0
2026-03-03 03:00:04 [INFO] 
======================================================================
2026-03-03 03:00:04 [INFO] Time: 2026-03-03 03:00:04
2026-03-03 03:00:04 [INFO] Price: $50000.00 | Bid: $49990.00 | Ask: $50010.00
2026-03-03 03:00:04 [INFO] Equity: $100.00 | PnL: $+0.00 | DD: 0.00%
2026-03-03 03:00:04 [INFO] Position:  0.0 @ $0.00 | Stop: $0.00
2026-03-03 03:00:04 [INFO] Trade: 0 | Consecutive losses: 0
2026-03-03 03:04:04 [INFO] 
======================================================================
2026-03-03 03:04:04 [INFO] Time: 2026-03-03 03:04:04
2026-03-03 03:04:04 [INFO] Price: $50000.00 | Bid: $49990.00 | Ask: $50010.00
2026-03-03 03:04:04 [INFO] Equity: $100.00 | PnL: $+0.00 | DD: 0.00%
2026-03-03 03:04:04 [INFO] Position:  0.0 @ $0.00 | Stop: $0.00
2026-03-03 03:04:04 [INFO] Trade: 0 | Consecutive losses: 0
2026-03-03 03:08:04 [INFO] 
======================================================================
2026-03-03 03:08:04 [INFO] Time: 2026-03-03 03:08:04
2026-03-03 03:08:04 [INFO] Price: $50000.00 | Bid: $49990.00 | Ask: $50010.00
2026-03-03 03:08:04 [INFO] Equity: $100.00 | PnL: $+0.00 | DD: 0.00%
2026-03-03 03:08:04 [INFO] Position:  0.0 @ $0.00 | Stop: $0.00
2026-03-03 03:08:04 [INFO] Trade: 0 | Consecutive losses: 0
2026-03-03 03:12:04 [INFO] 
======================================================================
2026-03-03 03:12:04 [INFO] Time: 2026-03-03 03:12:04
2026-03-03 03:12:04 [INFO] Price: $50000.00 | Bid: $49990.00 | Ask: $50010.00
2026-03-03 03:12:04 [INFO] Equity: $100.00 | PnL: $+0.00 | DD: 0.00%
2026-03-03 03:12:04 [INFO] Position:  0.0 @ $0.00 | Stop: $0.00
2026-03-03 03:12:04 [INFO] Trade: 0 | Consecutive losses: 0
2026-03-03 03:16:05 [INFO] 
======================================================================
2026-03-03 03:16:05 [INFO] Time: 2026-03-03 03:16:05
2026-03-03 03:16:05 [INFO] Price: $50000.00 | Bid: $49990.00 | Ask: $50010.00
2026-03-03 03:16:05 [INFO] Equity: $100.00 | PnL: $+0.00 | DD: 0.00%
2026-03-03 03:16:05 [INFO] Position:  0.0 @ $0.00 | Stop: $0.00
2026-03-03 03:16:05 [INFO] Trade: 0 | Consecutive losses: 0
2026-03-03 03:20:05 [INFO] 
======================================================================
2026-03-03 03:20:05 [INFO] Time: 2026-03-03 03:20:05
2026-03-03 03:20:05 [INFO] Price: $50000.00 | Bid: $49990.00 | Ask: $50010.00
2026-03-03 03:20:05 [INFO] Equity: $100.00 | PnL: $+0.00 | DD: 0.00%
2026-03-03 03:20:05 [INFO] Position:  0.0 @ $0.00 | Stop: $0.00
2026-03-03 03:20:05 [INFO] Trade: 0 | Consecutive losses: 0
2026-03-03 03:24:05 [INFO] 
======================================================================
2026-03-03 03:24:05 [INFO] Time: 2026-03-03 03:24:05
2026-03-03 03:24:05 [INFO] Price: $50000.00 | Bid: $49990.00 | Ask: $50010.00
2026-03-03 03:24:05 [INFO] Equity: $100.00 | PnL: $+0.00 | DD: 0.00%
2026-03-03 03:24:05 [INFO] Position:  0.0 @ $0.00 | Stop: $0.00
2026-03-03 03:24:05 [INFO] Trade: 0 | Consecutive losses: 0
2026-03-03 03:28:05 [INFO] 
======================================================================
2026-03-03 03:28:05 [INFO] Time: 2026-03-03 03:28:05
2026-03-03 03:28:05 [INFO] Price: $50000.00 | Bid: $49990.00 | Ask: $50010.00
2026-03-03 03:28:05 [INFO] Equity: $100.00 | PnL: $+0.00 | DD: 0.00%
2026-03-03 03:28:05 [INFO] Position:  0.0 @ $0.00 | Stop: $0.00
2026-03-03 03:28:05 [INFO] Trade: 0 | Consecutive losses: 0
2026-03-03 03:32:05 [INFO] 
======================================================================
2026-03-03 03:32:05 [INFO] Time: 2026-03-03 03:32:05
2026-03-03 03:32:05 [INFO] Price: $50000.00 | Bid: $49990.00 | Ask: $50010.00
2026-03-03 03:32:05 [INFO] Equity: $100.00 | PnL: $+0.00 | DD: 0.00%
2026-03-03 03:32:05 [INFO] Position:  0.0 @ $0.00 | Stop: $0.00
2026-03-03 03:32:05 [INFO] Trade: 0 | Consecutive losses: 0
2026-03-03 03:36:05 [INFO] 
======================================================================
2026-03-03 03:36:05 [INFO] Time: 2026-03-03 03:36:05
2026-03-03 03:36:05 [INFO] Price: $50000.00 | Bid: $49990.00 | Ask: $50010.00
2026-03-03 03:36:05 [INFO] Equity: $100.00 | PnL: $+0.00 | DD: 0.00%
2026-03-03 03:36:05 [INFO] Position:  0.0 @ $0.00 | Stop: $0.00
2026-03-03 03:36:05 [INFO] Trade: 0 | Consecutive losses: 0
2026-03-03 03:40:05 [INFO] 
======================================================================
2026-03-03 03:40:05 [INFO] Time: 2026-03-03 03:40:05
2026-03-03 03:40:05 [INFO] Price: $50000.00 | Bid: $49990.00 | Ask: $50010.00
2026-03-03 03:40:05 [INFO] Equity: $100.00 | PnL: $+0.00 | DD: 0.00%
2026-03-03 03:40:05 [INFO] Position:  0.0 @ $0.00 | Stop: $0.00
2026-03-03 03:40:05 [INFO] Trade: 0 | Consecutive losses: 0
2026-03-03 03:44:05 [INFO] 
======================================================================
2026-03-03 03:44:05 [INFO] Time: 2026-03-03 03:44:05
2026-03-03 03:44:05 [INFO] Price: $50000.00 | Bid: $49990.00 | Ask: $50010.00
2026-03-03 03:44:05 [INFO] Equity: $100.00 | PnL: $+0.00 | DD: 0.00%
2026-03-03 03:44:05 [INFO] Position:  0.0 @ $0.00 | Stop: $0.00
2026-03-03 03:44:05 [INFO] Trade: 0 | Consecutive losses: 0
2026-03-03 03:48:05 [INFO] 
======================================================================
2026-03-03 03:48:05 [INFO] Time: 2026-03-03 03:48:05
2026-03-03 03:48:05 [INFO] Price: $50000.00 | Bid: $49990.00 | Ask: $50010.00
2026-03-03 03:48:05 [INFO] Equity: $100.00 | PnL: $+0.00 | DD: 0.00%
2026-03-03 03:48:05 [INFO] Position:  0.0 @ $0.00 | Stop: $0.00
2026-03-03 03:48:05 [INFO] Trade: 0 | Consecutive losses: 0
2026-03-03 03:52:05 [INFO] 
======================================================================
2026-03-03 03:52:05 [INFO] Time: 2026-03-03 03:52:05
2026-03-03 03:52:05 [INFO] Price: $50000.00 | Bid: $49990.00 | Ask: $50010.00
2026-03-03 03:52:05 [INFO] Equity: $100.00 | PnL: $+0.00 | DD: 0.00%
2026-03-03 03:52:05 [INFO] Position:  0.0 @ $0.00 | Stop: $0.00
2026-03-03 03:52:05 [INFO] Trade: 0 | Consecutive losses: 0
2026-03-03 03:56:05 [INFO] 
======================================================================
2026-03-03 03:56:05 [INFO] Time: 2026-03-03 03:56:05
2026-03-03 03:56:05 [INFO] Price: $50000.00 | Bid: $49990.00 | Ask: $50010.00
2026-03-03 03:56:05 [INFO] Equity: $100.00 | PnL: $+0.00 | DD: 0.00%
2026-03-03 03:56:05 [INFO] Position:  0.0 @ $0.00 | Stop: $0.00
2026-03-03 03:56:05 [INFO] Trade: 0 | Consecutive losses: 0
2026-03-03 04:00:05 [INFO] 
======================================================================
2026-03-03 04:00:05 [INFO] Time: 2026-03-03 04:00:05
2026-03-03 04:00:05 [INFO] Price: $50000.00 | Bid: $49990.00 | Ask: $50010.00
2026-03-03 04:00:05 [INFO] Equity: $100.00 | PnL: $+0.00 | DD: 0.00%
2026-03-03 04:00:05 [INFO] Position:  0.0 @ $0.00 | Stop: $0.00
2026-03-03 04:00:05 [INFO] Trade: 0 | Consecutive losses: 0
2026-03-03 04:04:05 [INFO] 
======================================================================
2026-03-03 04:04:05 [INFO] Time: 2026-03-03 04:04:05
2026-03-03 04:04:05 [INFO] Price: $50000.00 | Bid: $49990.00 | Ask: $50010.00
2026-03-03 04:04:05 [INFO] Equity: $100.00 | PnL: $+0.00 | DD: 0.00%
2026-03-03 04:04:05 [INFO] Position:  0.0 @ $0.00 | Stop: $0.00
2026-03-03 04:04:05 [INFO] Trade: 0 | Consecutive losses: 0
2026-03-03 04:08:05 [INFO] 
======================================================================
2026-03-03 04:08:05 [INFO] Time: 2026-03-03 04:08:05
2026-03-03 04:08:05 [INFO] Price: $50000.00 | Bid: $49990.00 | Ask: $50010.00
2026-03-03 04:08:05 [INFO] Equity: $100.00 | PnL: $+0.00 | DD: 0.00%
2026-03-03 04:08:05 [INFO] Position:  0.0 @ $0.00 | Stop: $0.00
2026-03-03 04:08:05 [INFO] Trade: 0 | Consecutive losses: 0
2026-03-03 04:12:05 [INFO] 
======================================================================
2026-03-03 04:12:05 [INFO] Time: 2026-03-03 04:12:05
2026-03-03 04:12:05 [INFO] Price: $50000.00 | Bid: $49990.00 | Ask: $50010.00
2026-03-03 04:12:05 [INFO] Equity: $100.00 | PnL: $+0.00 | DD: 0.00%
2026-03-03 04:12:05 [INFO] Position:  0.0 @ $0.00 | Stop: $0.00
2026-03-03 04:12:05 [INFO] Trade: 0 | Consecutive losses: 0
2026-03-03 04:16:05 [INFO] 
======================================================================
2026-03-03 04:16:05 [INFO] Time: 2026-03-03 04:16:05
2026-03-03 04:16:05 [INFO] Price: $50000.00 | Bid: $49990.00 | Ask: $50010.00
2026-03-03 04:16:05 [INFO] Equity: $100.00 | PnL: $+0.00 | DD: 0.00%
2026-03-03 04:16:05 [INFO] Position:  0.0 @ $0.00 | Stop: $0.00
2026-03-03 04:16:05 [INFO] Trade: 0 | Consecutive losses: 0
2026-03-03 04:20:05 [INFO] 
======================================================================
2026-03-03 04:20:05 [INFO] Time: 2026-03-03 04:20:05
2026-03-03 04:20:05 [INFO] Price: $50000.00 | Bid: $49990.00 | Ask: $50010.00
2026-03-03 04:20:05 [INFO] Equity: $100.00 | PnL: $+0.00 | DD: 0.00%
2026-03-03 04:20:05 [INFO] Position:  0.0 @ $0.00 | Stop: $0.00
2026-03-03 04:20:05 [INFO] Trade: 0 | Consecutive losses: 0
2026-03-03 04:24:05 [INFO] 
======================================================================
2026-03-03 04:24:05 [INFO] Time: 2026-03-03 04:24:05
2026-03-03 04:24:05 [INFO] Price: $50000.00 | Bid: $49990.00 | Ask: $50010.00
2026-03-03 04:24:05 [INFO] Equity: $100.00 | PnL: $+0.00 | DD: 0.00%
2026-03-03 04:24:05 [INFO] Position:  0.0 @ $0.00 | Stop: $0.00
2026-03-03 04:24:05 [INFO] Trade: 0 | Consecutive losses: 0
2026-03-03 04:28:05 [INFO] 
======================================================================
2026-03-03 04:28:05 [INFO] Time: 2026-03-03 04:28:05
2026-03-03 04:28:05 [INFO] Price: $50000.00 | Bid: $49990.00 | Ask: $50010.00
2026-03-03 04:28:05 [INFO] Equity: $100.00 | PnL: $+0.00 | DD: 0.00%
2026-03-03 04:28:05 [INFO] Position:  0.0 @ $0.00 | Stop: $0.00
2026-03-03 04:28:05 [INFO] Trade: 0 | Consecutive losses: 0
2026-03-03 04:32:05 [INFO] 
======================================================================
2026-03-03 04:32:05 [INFO] Time: 2026-03-03 04:32:05
2026-03-03 04:32:05 [INFO] Price: $50000.00 | Bid: $49990.00 | Ask: $50010.00
2026-03-03 04:32:05 [INFO] Equity: $100.00 | PnL: $+0.00 | DD: 0.00%
2026-03-03 04:32:05 [INFO] Position:  0.0 @ $0.00 | Stop: $0.00
2026-03-03 04:32:05 [INFO] Trade: 0 | Consecutive losses: 0
2026-03-03 04:36:05 [INFO] 
======================================================================
2026-03-03 04:36:05 [INFO] Time: 2026-03-03 04:36:05
2026-03-03 04:36:05 [INFO] Price: $50000.00 | Bid: $49990.00 | Ask: $50010.00
2026-03-03 04:36:05 [INFO] Equity: $100.00 | PnL: $+0.00 | DD: 0.00%
2026-03-03 04:36:05 [INFO] Position:  0.0 @ $0.00 | Stop: $0.00
2026-03-03 04:36:05 [INFO] Trade: 0 | Consecutive losses: 0
2026-03-03 04:40:05 [INFO] 
======================================================================
2026-03-03 04:40:05 [INFO] Time: 2026-03-03 04:40:05
2026-03-03 04:40:05 [INFO] Price: $50000.00 | Bid: $49990.00 | Ask: $50010.00
2026-03-03 04:40:05 [INFO] Equity: $100.00 | PnL: $+0.00 | DD: 0.00%
2026-03-03 04:40:05 [INFO] Position:  0.0 @ $0.00 | Stop: $0.00
2026-03-03 04:40:05 [INFO] Trade: 0 | Consecutive losses: 0
2026-03-03 04:44:05 [INFO] 
======================================================================
2026-03-03 04:44:05 [INFO] Time: 2026-03-03 04:44:05
2026-03-03 04:44:05 [INFO] Price: $50000.00 | Bid: $49990.00 | Ask: $50010.00
2026-03-03 04:44:05 [INFO] Equity: $100.00 | PnL: $+0.00 | DD: 0.00%
2026-03-03 04:44:05 [INFO] Position:  0.0 @ $0.00 | Stop: $0.00
2026-03-03 04:44:05 [INFO] Trade: 0 | Consecutive losses: 0
2026-03-03 04:48:05 [INFO] 
======================================================================
2026-03-03 04:48:05 [INFO] Time: 2026-03-03 04:48:05
2026-03-03 04:48:05 [INFO] Price: $50000.00 | Bid: $49990.00 | Ask: $50010.00
2026-03-03 04:48:05 [INFO] Equity: $100.00 | PnL: $+0.00 | DD: 0.00%
2026-03-03 04:48:05 [INFO] Position:  0.0 @ $0.00 | Stop: $0.00
2026-03-03 04:48:05 [INFO] Trade: 0 | Consecutive losses: 0
2026-03-03 04:52:05 [INFO] 
======================================================================
2026-03-03 04:52:05 [INFO] Time: 2026-03-03 04:52:05
2026-03-03 04:52:05 [INFO] Price: $50000.00 | Bid: $49990.00 | Ask: $50010.00
2026-03-03 04:52:05 [INFO] Equity: $100.00 | PnL: $+0.00 | DD: 0.00%
2026-03-03 04:52:05 [INFO] Position:  0.0 @ $0.00 | Stop: $0.00
2026-03-03 04:52:05 [INFO] Trade: 0 | Consecutive losses: 0
2026-03-03 04:56:05 [INFO] 
======================================================================
2026-03-03 04:56:05 [INFO] Time: 2026-03-03 04:56:05
2026-03-03 04:56:05 [INFO] Price: $50000.00 | Bid: $49990.00 | Ask: $50010.00
2026-03-03 04:56:05 [INFO] Equity: $100.00 | PnL: $+0.00 | DD: 0.00%
2026-03-03 04:56:05 [INFO] Position:  0.0 @ $0.00 | Stop: $0.00
2026-03-03 04:56:05 [INFO] Trade: 0 | Consecutive losses: 0
2026-03-03 05:00:05 [INFO] 
======================================================================
2026-03-03 05:00:05 [INFO] Time: 2026-03-03 05:00:05
2026-03-03 05:00:05 [INFO] Price: $50000.00 | Bid: $49990.00 | Ask: $50010.00
2026-03-03 05:00:05 [INFO] Equity: $100.00 | PnL: $+0.00 | DD: 0.00%
2026-03-03 05:00:05 [INFO] Position:  0.0 @ $0.00 | Stop: $0.00
2026-03-03 05:00:05 [INFO] Trade: 0 | Consecutive losses: 0
2026-03-03 05:04:05 [INFO] 
======================================================================
2026-03-03 05:04:05 [INFO] Time: 2026-03-03 05:04:05
2026-03-03 05:04:05 [INFO] Price: $50000.00 | Bid: $49990.00 | Ask: $50010.00
2026-03-03 05:04:05 [INFO] Equity: $100.00 | PnL: $+0.00 | DD: 0.00%
2026-03-03 05:04:05 [INFO] Position:  0.0 @ $0.00 | Stop: $0.00
2026-03-03 05:04:05 [INFO] Trade: 0 | Consecutive losses: 0
2026-03-03 05:08:05 [INFO] 
======================================================================
2026-03-03 05:08:05 [INFO] Time: 2026-03-03 05:08:05
2026-03-03 05:08:05 [INFO] Price: $50000.00 | Bid: $49990.00 | Ask: $50010.00
2026-03-03 05:08:05 [INFO] Equity: $100.00 | PnL: $+0.00 | DD: 0.00%
2026-03-03 05:08:05 [INFO] Position:  0.0 @ $0.00 | Stop: $0.00
2026-03-03 05:08:05 [INFO] Trade: 0 | Consecutive losses: 0
2026-03-03 05:12:05 [INFO] 
======================================================================
2026-03-03 05:12:05 [INFO] Time: 2026-03-03 05:12:05
2026-03-03 05:12:05 [INFO] Price: $50000.00 | Bid: $49990.00 | Ask: $50010.00
2026-03-03 05:12:05 [INFO] Equity: $100.00 | PnL: $+0.00 | DD: 0.00%
2026-03-03 05:12:05 [INFO] Position:  0.0 @ $0.00 | Stop: $0.00
2026-03-03 05:12:05 [INFO] Trade: 0 | Consecutive losses: 0
2026-03-03 05:16:05 [INFO] 
======================================================================
2026-03-03 05:16:05 [INFO] Time: 2026-03-03 05:16:05
2026-03-03 05:16:05 [INFO] Price: $50000.00 | Bid: $49990.00 | Ask: $50010.00
2026-03-03 05:16:05 [INFO] Equity: $100.00 | PnL: $+0.00 | DD: 0.00%
2026-03-03 05:16:05 [INFO] Position:  0.0 @ $0.00 | Stop: $0.00
2026-03-03 05:16:05 [INFO] Trade: 0 | Consecutive losses: 0
2026-03-03 05:20:05 [INFO] 
======================================================================
2026-03-03 05:20:05 [INFO] Time: 2026-03-03 05:20:05
2026-03-03 05:20:05 [INFO] Price: $50000.00 | Bid: $49990.00 | Ask: $50010.00
2026-03-03 05:20:05 [INFO] Equity: $100.00 | PnL: $+0.00 | DD: 0.00%
2026-03-03 05:20:05 [INFO] Position:  0.0 @ $0.00 | Stop: $0.00
2026-03-03 05:20:05 [INFO] Trade: 0 | Consecutive losses: 0
2026-03-03 05:24:05 [INFO] 
======================================================================
2026-03-03 05:24:05 [INFO] Time: 2026-03-03 05:24:05
2026-03-03 05:24:05 [INFO] Price: $50000.00 | Bid: $49990.00 | Ask: $50010.00
2026-03-03 05:24:05 [INFO] Equity: $100.00 | PnL: $+0.00 | DD: 0.00%
2026-03-03 05:24:05 [INFO] Position:  0.0 @ $0.00 | Stop: $0.00
2026-03-03 05:24:05 [INFO] Trade: 0 | Consecutive losses: 0
2026-03-03 05:28:05 [INFO] 
======================================================================
2026-03-03 05:28:05 [INFO] Time: 2026-03-03 05:28:05
2026-03-03 05:28:05 [INFO] Price: $50000.00 | Bid: $49990.00 | Ask: $50010.00
2026-03-03 05:28:05 [INFO] Equity: $100.00 | PnL: $+0.00 | DD: 0.00%
2026-03-03 05:28:05 [INFO] Position:  0.0 @ $0.00 | Stop: $0.00
2026-03-03 05:28:05 [INFO] Trade: 0 | Consecutive losses: 0
2026-03-03 05:32:05 [INFO] 
======================================================================
2026-03-03 05:32:05 [INFO] Time: 2026-03-03 05:32:05
2026-03-03 05:32:05 [INFO] Price: $50000.00 | Bid: $49990.00 | Ask: $50010.00
2026-03-03 05:32:05 [INFO] Equity: $100.00 | PnL: $+0.00 | DD: 0.00%
2026-03-03 05:32:05 [INFO] Position:  0.0 @ $0.00 | Stop: $0.00
2026-03-03 05:32:05 [INFO] Trade: 0 | Consecutive losses: 0
2026-03-03 05:36:05 [INFO] 
======================================================================
2026-03-03 05:36:05 [INFO] Time: 2026-03-03 05:36:05
2026-03-03 05:36:05 [INFO] Price: $50000.00 | Bid: $49990.00 | Ask: $50010.00
2026-03-03 05:36:05 [INFO] Equity: $100.00 | PnL: $+0.00 | DD: 0.00%
2026-03-03 05:36:05 [INFO] Position:  0.0 @ $0.00 | Stop: $0.00
2026-03-03 05:36:05 [INFO] Trade: 0 | Consecutive losses: 0
2026-03-03 05:40:05 [INFO] 
======================================================================
2026-03-03 05:40:05 [INFO] Time: 2026-03-03 05:40:05
2026-03-03 05:40:05 [INFO] Price: $50000.00 | Bid: $49990.00 | Ask: $50010.00
2026-03-03 05:40:05 [INFO] Equity: $100.00 | PnL: $+0.00 | DD: 0.00%
2026-03-03 05:40:05 [INFO] Position:  0.0 @ $0.00 | Stop: $0.00
2026-03-03 05:40:05 [INFO] Trade: 0 | Consecutive losses: 0
2026-03-03 05:44:05 [INFO] 
======================================================================
2026-03-03 05:44:05 [INFO] Time: 2026-03-03 05:44:05
2026-03-03 05:44:05 [INFO] Price: $50000.00 | Bid: $49990.00 | Ask: $50010.00
2026-03-03 05:44:05 [INFO] Equity: $100.00 | PnL: $+0.00 | DD: 0.00%
2026-03-03 05:44:05 [INFO] Position:  0.0 @ $0.00 | Stop: $0.00
2026-03-03 05:44:05 [INFO] Trade: 0 | Consecutive losses: 0
2026-03-03 05:48:05 [INFO] 
======================================================================
2026-03-03 05:48:05 [INFO] Time: 2026-03-03 05:48:05
2026-03-03 05:48:05 [INFO] Price: $50000.00 | Bid: $49990.00 | Ask: $50010.00
2026-03-03 05:48:05 [INFO] Equity: $100.00 | PnL: $+0.00 | DD: 0.00%
2026-03-03 05:48:05 [INFO] Position:  0.0 @ $0.00 | Stop: $0.00
2026-03-03 05:48:05 [INFO] Trade: 0 | Consecutive losses: 0
2026-03-03 05:52:05 [INFO] 
======================================================================
2026-03-03 05:52:05 [INFO] Time: 2026-03-03 05:52:05
2026-03-03 05:52:05 [INFO] Price: $50000.00 | Bid: $49990.00 | Ask: $50010.00
2026-03-03 05:52:05 [INFO] Equity: $100.00 | PnL: $+0.00 | DD: 0.00%
2026-03-03 05:52:05 [INFO] Position:  0.0 @ $0.00 | Stop: $0.00
2026-03-03 05:52:05 [INFO] Trade: 0 | Consecutive losses: 0
2026-03-03 05:56:05 [INFO] 
======================================================================
2026-03-03 05:56:05 [INFO] Time: 2026-03-03 05:56:05
2026-03-03 05:56:05 [INFO] Price: $50000.00 | Bid: $49990.00 | Ask: $50010.00
2026-03-03 05:56:05 [INFO] Equity: $100.00 | PnL: $+0.00 | DD: 0.00%
2026-03-03 05:56:05 [INFO] Position:  0.0 @ $0.00 | Stop: $0.00
2026-03-03 05:56:05 [INFO] Trade: 0 | Consecutive losses: 0
2026-03-03 06:00:05 [INFO] 
======================================================================
2026-03-03 06:00:05 [INFO] Time: 2026-03-03 06:00:05
2026-03-03 06:00:05 [INFO] Price: $50000.00 | Bid: $49990.00 | Ask: $50010.00
2026-03-03 06:00:05 [INFO] Equity: $100.00 | PnL: $+0.00 | DD: 0.00%
2026-03-03 06:00:05 [INFO] Position:  0.0 @ $0.00 | Stop: $0.00
2026-03-03 06:00:05 [INFO] Trade: 0 | Consecutive losses: 0
2026-03-03 06:04:05 [INFO] 
======================================================================
2026-03-03 06:04:05 [INFO] Time: 2026-03-03 06:04:05
2026-03-03 06:04:05 [INFO] Price: $50000.00 | Bid: $49990.00 | Ask: $50010.00
2026-03-03 06:04:05 [INFO] Equity: $100.00 | PnL: $+0.00 | DD: 0.00%
2026-03-03 06:04:05 [INFO] Position:  0.0 @ $0.00 | Stop: $0.00
2026-03-03 06:04:05 [INFO] Trade: 0 | Consecutive losses: 0
2026-03-03 06:08:05 [INFO] 
======================================================================
2026-03-03 06:08:05 [INFO] Time: 2026-03-03 06:08:05
2026-03-03 06:08:05 [INFO] Price: $50000.00 | Bid: $49990.00 | Ask: $50010.00
2026-03-03 06:08:05 [INFO] Equity: $100.00 | PnL: $+0.00 | DD: 0.00%
2026-03-03 06:08:05 [INFO] Position:  0.0 @ $0.00 | Stop: $0.00
2026-03-03 06:08:05 [INFO] Trade: 0 | Consecutive losses: 0
2026-03-03 06:12:05 [INFO] 
======================================================================
2026-03-03 06:12:05 [INFO] Time: 2026-03-03 06:12:05
2026-03-03 06:12:05 [INFO] Price: $50000.00 | Bid: $49990.00 | Ask: $50010.00
2026-03-03 06:12:05 [INFO] Equity: $100.00 | PnL: $+0.00 | DD: 0.00%
2026-03-03 06:12:05 [INFO] Position:  0.0 @ $0.00 | Stop: $0.00
2026-03-03 06:12:05 [INFO] Trade: 0 | Consecutive losses: 0
2026-03-03 06:16:05 [INFO] 
======================================================================
2026-03-03 06:16:05 [INFO] Time: 2026-03-03 06:16:05
2026-03-03 06:16:05 [INFO] Price: $50000.00 | Bid: $49990.00 | Ask: $50010.00
2026-03-03 06:16:05 [INFO] Equity: $100.00 | PnL: $+0.00 | DD: 0.00%
2026-03-03 06:16:05 [INFO] Position:  0.0 @ $0.00 | Stop: $0.00
2026-03-03 06:16:05 [INFO] Trade: 0 | Consecutive losses: 0
2026-03-03 06:20:05 [INFO] 
======================================================================
2026-03-03 06:20:05 [INFO] Time: 2026-03-03 06:20:05
2026-03-03 06:20:05 [INFO] Price: $50000.00 | Bid: $49990.00 | Ask: $50010.00
2026-03-03 06:20:05 [INFO] Equity: $100.00 | PnL: $+0.00 | DD: 0.00%
2026-03-03 06:20:05 [INFO] Position:  0.0 @ $0.00 | Stop: $0.00
2026-03-03 06:20:05 [INFO] Trade: 0 | Consecutive losses: 0
2026-03-03 06:24:05 [INFO] 
======================================================================
2026-03-03 06:24:05 [INFO] Time: 2026-03-03 06:24:05
2026-03-03 06:24:05 [INFO] Price: $50000.00 | Bid: $49990.00 | Ask: $50010.00
2026-03-03 06:24:05 [INFO] Equity: $100.00 | PnL: $+0.00 | DD: 0.00%
2026-03-03 06:24:05 [INFO] Position:  0.0 @ $0.00 | Stop: $0.00
2026-03-03 06:24:05 [INFO] Trade: 0 | Consecutive losses: 0
2026-03-03 06:28:05 [INFO] 
======================================================================
2026-03-03 06:28:05 [INFO] Time: 2026-03-03 06:28:05
2026-03-03 06:28:05 [INFO] Price: $50000.00 | Bid: $49990.00 | Ask: $50010.00
2026-03-03 06:28:05 [INFO] Equity: $100.00 | PnL: $+0.00 | DD: 0.00%
2026-03-03 06:28:05 [INFO] Position:  0.0 @ $0.00 | Stop: $0.00
2026-03-03 06:28:05 [INFO] Trade: 0 | Consecutive losses: 0
