2026-04-12 14:13:07,270 [INFO] Starting loop with interval 3600s (1 hour)
2026-04-12 14:13:07,270 [INFO] === Run Once ===
2026-04-12 14:13:07,421 [INFO] Loaded 20 calendar events
2026-04-12 14:13:07,427 [INFO] State written: regime=LOW, atr=0.0128, caution=False
2026-04-12 15:13:07,440 [INFO] === Run Once ===
2026-04-12 15:13:07,543 [INFO] Loaded 20 calendar events
2026-04-12 15:13:07,549 [INFO] State written: regime=LOW, atr=0.0129, caution=False
2026-04-12 16:13:07,559 [INFO] === Run Once ===
2026-04-12 16:13:07,661 [INFO] Loaded 20 calendar events
2026-04-12 16:13:07,667 [INFO] State written: regime=LOW, atr=0.0129, caution=False
2026-04-12 17:13:07,682 [INFO] === Run Once ===
2026-04-12 17:13:07,857 [INFO] Loaded 20 calendar events
2026-04-12 17:13:07,868 [INFO] State written: regime=LOW, atr=0.0122, caution=False
2026-04-12 18:13:07,880 [INFO] === Run Once ===
2026-04-12 18:13:08,170 [INFO] Loaded 20 calendar events
2026-04-12 18:13:08,176 [INFO] State written: regime=LOW, atr=0.0124, caution=False
2026-04-12 19:13:08,180 [INFO] === Run Once ===
2026-04-12 19:13:08,294 [INFO] Loaded 20 calendar events
2026-04-12 19:13:08,302 [INFO] State written: regime=LOW, atr=0.0124, caution=False
2026-04-12 20:13:08,306 [INFO] === Run Once ===
2026-04-12 20:13:08,312 [WARNING] HL API error: HTTPSConnectionPool(host='api.hyperliquid.xyz', port=443): Max retries exceeded with url: /info (Caused by NameResolutionError("HTTPSConnection(host='api.hyperliquid.xyz', port=443): Failed to resolve 'api.hyperliquid.xyz' ([Errno 11001] getaddrinfo failed)"))
2026-04-12 20:13:08,312 [WARNING] No candles fetched, using last known state
2026-04-12 21:13:08,327 [INFO] === Run Once ===
2026-04-12 21:13:08,330 [WARNING] HL API error: HTTPSConnectionPool(host='api.hyperliquid.xyz', port=443): Max retries exceeded with url: /info (Caused by NameResolutionError("HTTPSConnection(host='api.hyperliquid.xyz', port=443): Failed to resolve 'api.hyperliquid.xyz' ([Errno 11001] getaddrinfo failed)"))
2026-04-12 21:13:08,330 [WARNING] No candles fetched, using last known state
2026-04-12 22:13:08,337 [INFO] === Run Once ===
2026-04-12 22:13:08,341 [WARNING] HL API error: HTTPSConnectionPool(host='api.hyperliquid.xyz', port=443): Max retries exceeded with url: /info (Caused by NameResolutionError("HTTPSConnection(host='api.hyperliquid.xyz', port=443): Failed to resolve 'api.hyperliquid.xyz' ([Errno 11001] getaddrinfo failed)"))
2026-04-12 22:13:08,342 [WARNING] No candles fetched, using last known state
2026-04-12 23:13:08,356 [INFO] === Run Once ===
2026-04-12 23:13:08,359 [WARNING] HL API error: HTTPSConnectionPool(host='api.hyperliquid.xyz', port=443): Max retries exceeded with url: /info (Caused by NameResolutionError("HTTPSConnection(host='api.hyperliquid.xyz', port=443): Failed to resolve 'api.hyperliquid.xyz' ([Errno 11001] getaddrinfo failed)"))
2026-04-12 23:13:08,359 [WARNING] No candles fetched, using last known state
2026-04-13 00:13:08,363 [INFO] === Run Once ===
2026-04-13 00:13:08,366 [WARNING] HL API error: HTTPSConnectionPool(host='api.hyperliquid.xyz', port=443): Max retries exceeded with url: /info (Caused by NameResolutionError("HTTPSConnection(host='api.hyperliquid.xyz', port=443): Failed to resolve 'api.hyperliquid.xyz' ([Errno 11001] getaddrinfo failed)"))
2026-04-13 00:13:08,367 [WARNING] No candles fetched, using last known state
