2026-04-05 00:47:09 [INFO] Mode: live | On-Chain Pullback Momentum | Days: 365
2026-04-05 00:47:09 [INFO] Timeframe: 4h | Exchange: Mainnet
2026-04-05 00:47:09 [INFO] Entering LIVE mode
2026-04-05 00:47:09 [WARNING] REAL MONEY TRADING - Be careful!
2026-04-05 00:47:10 [INFO] Hyperliquid Info API initialized (Mainnet)
2026-04-05 00:47:10 [INFO] Starting live loop (interval=60s)
2026-04-05 00:47:10 [INFO] Exchange: Hyperliquid Mainnet
2026-04-05 00:47:10 [INFO] --- Iteration 1 ---
2026-04-05 00:47:10 [INFO] CSV cache: btc_usdt_4h_ocpm.csv (4380 bars)
2026-04-05 00:47:10 [INFO] Sleeping 60s until next bar...
2026-04-05 00:48:10 [INFO] --- Iteration 2 ---
2026-04-05 00:48:10 [INFO] CSV cache: btc_usdt_4h_ocpm.csv (4380 bars)
2026-04-05 00:48:10 [INFO] Sleeping 60s until next bar...
2026-04-05 00:49:10 [INFO] --- Iteration 3 ---
2026-04-05 00:49:10 [INFO] CSV cache: btc_usdt_4h_ocpm.csv (4380 bars)
2026-04-05 00:49:10 [INFO] Sleeping 60s until next bar...
2026-04-05 00:50:10 [INFO] --- Iteration 4 ---
2026-04-05 00:50:10 [INFO] CSV cache: btc_usdt_4h_ocpm.csv (4380 bars)
2026-04-05 00:50:10 [INFO] Sleeping 60s until next bar...
2026-04-05 00:51:10 [INFO] --- Iteration 5 ---
2026-04-05 00:51:10 [INFO] CSV cache: btc_usdt_4h_ocpm.csv (4380 bars)
2026-04-05 00:51:11 [INFO] Sleeping 60s until next bar...
