2026-04-04 21:39:43 [INFO] Mode: backtest | On-Chain Pullback Momentum | Days: 730
2026-04-04 21:39:43 [INFO] Timeframe: 4h | Exchange: Mainnet
2026-04-04 21:39:43 [INFO] Entering BACKTEST mode
2026-04-04 21:39:43 [INFO] Fetching BTC USDT 4h from Binance (730 days)...
2026-04-04 21:39:44 [INFO] Saved 4380 bars
2026-04-04 21:39:44 [INFO] Data: 2024-04-04 16:00:00 -> 2026-04-04 12:00:00 (4380 bars)
2026-04-04 21:39:44 [INFO] Trend Regimes: {'UPTREND': 1581, 'DOWNTREND': 1576, 'RANGE': 1223}
2026-04-04 21:39:44 [INFO] Long signals: 49, Short signals: 40
2026-04-04 21:39:44 [DEBUG]   LONG @69336.28 RSI=47.2 SL=66118.43 ADX=42.5 [UPTREND]
2026-04-04 21:39:44 [DEBUG]   SHORT @63647.99 RSI=51.1 SL=66352.15 ADX=24.1 [DOWNTREND]
2026-04-04 21:39:44 [DEBUG]   LONG @62893.99 RSI=49.2 SL=59807.77 ADX=27.1 [UPTREND]
2026-04-04 21:39:44 [DEBUG]   LONG @67969.65 RSI=45.5 SL=64597.02 ADX=30.6 [UPTREND]
2026-04-04 21:39:44 [DEBUG]   SHORT @67736.95 RSI=46.7 SL=69683.46 ADX=12.5 [DOWNTREND]
2026-04-04 21:39:44 [DEBUG]   SHORT @57814.00 RSI=51.7 SL=60646.26 ADX=10.8 [DOWNTREND]
2026-04-04 21:39:44 [DEBUG]   LONG @65936.01 RSI=45.8 SL=63044.73 ADX=21.6 [UPTREND]
2026-04-04 21:39:44 [DEBUG]   LONG @66952.00 RSI=44.8 SL=63858.80 ADX=23.1 [UPTREND]
2026-04-04 21:39:44 [DEBUG]   SHORT @59043.98 RSI=46.3 SL=63091.14 ADX=19.8 [DOWNTREND]
2026-04-04 21:39:44 [DEBUG]   SHORT @58874.60 RSI=49.4 SL=62732.53 ADX=15.0 [DOWNTREND]
2026-04-04 21:39:44 [DEBUG]   LONG @59511.99 RSI=51.0 SL=56564.62 ADX=12.8 [UPTREND]
2026-04-04 21:39:44 [DEBUG]   SHORT @59110.99 RSI=52.3 SL=61634.81 ADX=35.2 [DOWNTREND]
2026-04-04 21:39:44 [DEBUG]   LONG @58911.10 RSI=49.1 SL=56808.04 ADX=20.4 [UPTREND]
2026-04-04 21:39:44 [DEBUG]   LONG @63514.34 RSI=52.2 SL=61208.73 ADX=22.6 [UPTREND]
2026-04-04 21:39:44 [DEBUG]   LONG @64562.01 RSI=42.4 SL=62779.35 ADX=34.9 [UPTREND]
2026-04-04 21:39:44 [DEBUG]   SHORT @62086.00 RSI=50.3 SL=64720.33 ADX=48.2 [DOWNTREND]
2026-04-04 21:39:44 [DEBUG]   LONG @67763.00 RSI=48.4 SL=65705.06 ADX=46.0 [UPTREND]
2026-04-04 21:39:44 [DEBUG]   LONG @70292.01 RSI=46.2 SL=67668.78 ADX=35.9 [UPTREND]
2026-04-04 21:39:44 [DEBUG]   SHORT @68995.99 RSI=49.6 SL=72028.14 ADX=22.2 [DOWNTREND]
2026-04-04 21:39:44 [DEBUG]   LONG @96320.02 RSI=47.5 SL=92763.72 ADX=24.0 [UPTREND]
2026-04-04 21:39:44 [DEBUG]   LONG @97048.00 RSI=54.4 SL=93455.32 ADX=16.9 [UPTREND]
2026-04-04 21:39:44 [DEBUG]   LONG @97735.29 RSI=49.7 SL=90447.91 ADX=22.6 [UPTREND]
2026-04-04 21:39:44 [DEBUG]   SHORT @97581.09 RSI=53.6 SL=103492.59 ADX=40.3 [DOWNTREND]
2026-04-04 21:39:44 [DEBUG]   SHORT @94166.88 RSI=48.7 SL=98647.93 ADX=19.8 [DOWNTREND]
2026-04-04 21:39:44 [DEBUG]   LONG @101891.93 RSI=48.5 SL=95945.61 ADX=30.0 [UPTREND]
2026-04-04 21:39:44 [DEBUG]   LONG @102936.01 RSI=49.5 SL=94436.80 ADX=25.6 [UPTREND]
2026-04-04 21:39:44 [DEBUG]   SHORT @101328.52 RSI=53.5 SL=107950.17 ADX=29.6 [DOWNTREND]
2026-04-04 21:39:44 [DEBUG]   SHORT @97218.69 RSI=50.4 SL=100921.91 ADX=13.0 [DOWNTREND]
2026-04-04 21:39:44 [DEBUG]   SHORT @95943.74 RSI=48.4 SL=99043.97 ADX=16.8 [DOWNTREND]
2026-04-04 21:39:44 [DEBUG]   SHORT @87281.98 RSI=50.6 SL=95602.00 ADX=25.0 [DOWNTREND]
2026-04-04 21:39:44 [DEBUG]   SHORT @83577.14 RSI=52.0 SL=89423.87 ADX=26.0 [DOWNTREND]
2026-04-04 21:39:44 [DEBUG]   SHORT @83889.87 RSI=51.4 SL=88467.53 ADX=19.8 [DOWNTREND]
2026-04-04 21:39:44 [DEBUG]   LONG @83695.66 RSI=48.3 SL=79998.44 ADX=24.0 [UPTREND]
2026-04-04 21:39:44 [DEBUG]   LONG @84344.66 RSI=46.3 SL=82319.46 ADX=17.2 [UPTREND]
2026-04-04 21:39:44 [DEBUG]   LONG @94152.01 RSI=48.9 SL=90997.63 ADX=22.6 [UPTREND]
2026-04-04 21:39:44 [DEBUG]   LONG @102791.32 RSI=51.9 SL=98672.58 ADX=51.6 [UPTREND]
2026-04-04 21:39:44 [DEBUG]   LONG @103158.60 RSI=48.7 SL=100282.59 ADX=15.3 [UPTREND]
2026-04-04 21:39:44 [DEBUG]   LONG @104786.41 RSI=54.9 SL=100498.90 ADX=20.5 [UPTREND]
2026-04-04 21:39:44 [DEBUG]   LONG @108366.30 RSI=50.3 SL=103457.74 ADX=35.6 [UPTREND]
2026-04-04 21:39:44 [DEBUG]   SHORT @105482.02 RSI=51.2 SL=108758.79 ADX=26.0 [DOWNTREND]
2026-04-04 21:39:44 [DEBUG]   SHORT @104219.80 RSI=48.8 SL=107833.05 ADX=15.6 [DOWNTREND]
2026-04-04 21:39:44 [DEBUG]   LONG @107984.24 RSI=48.8 SL=105304.48 ADX=20.1 [UPTREND]
2026-04-04 21:39:44 [DEBUG]   LONG @117113.98 RSI=47.9 SL=112935.76 ADX=41.9 [UPTREND]
2026-04-04 21:39:44 [DEBUG]   LONG @117924.84 RSI=47.8 SL=113448.66 ADX=23.0 [UPTREND]
2026-04-04 21:39:44 [DEBUG]   SHORT @114992.27 RSI=53.2 SL=118006.23 ADX=17.1 [DOWNTREND]
2026-04-04 21:39:44 [DEBUG]   LONG @118968.91 RSI=46.7 SL=114716.29 ADX=25.7 [UPTREND]
2026-04-04 21:39:44 [DEBUG]   SHORT @112909.18 RSI=54.3 SL=116709.16 ADX=20.9 [DOWNTREND]
2026-04-04 21:39:44 [DEBUG]   SHORT @110233.92 RSI=55.5 SL=113682.47 ADX=24.4 [DOWNTREND]
2026-04-04 21:39:44 [DEBUG]   LONG @111301.53 RSI=49.2 SL=108452.76 ADX=12.9 [UPTREND]
2026-04-04 21:39:44 [DEBUG]   LONG @115632.38 RSI=44.9 SL=112998.61 ADX=17.3 [UPTREND]
2026-04-04 21:39:44 [DEBUG]   LONG @121374.75 RSI=44.5 SL=117416.58 ADX=39.9 [UPTREND]
2026-04-04 21:39:44 [DEBUG]   LONG @113577.90 RSI=53.5 SL=110078.50 ADX=29.1 [UPTREND]
2026-04-04 21:39:44 [DEBUG]   SHORT @110117.48 RSI=46.9 SL=113488.25 ADX=19.8 [DOWNTREND]
2026-04-04 21:39:44 [DEBUG]   LONG @90634.34 RSI=50.8 SL=86698.02 ADX=22.0 [UPTREND]
2026-04-04 21:39:44 [DEBUG]   SHORT @87951.87 RSI=52.2 SL=92604.31 ADX=18.4 [DOWNTREND]
2026-04-04 21:39:44 [DEBUG]   LONG @91364.16 RSI=45.8 SL=88224.76 ADX=31.8 [UPTREND]
2026-04-04 21:39:44 [DEBUG]   SHORT @89126.67 RSI=54.0 SL=91977.86 ADX=26.4 [DOWNTREND]
2026-04-04 21:39:44 [DEBUG]   SHORT @70330.38 RSI=48.1 SL=76121.52 ADX=40.8 [DOWNTREND]
2026-04-04 21:39:44 [DEBUG]   SHORT @68853.96 RSI=54.2 SL=73011.68 ADX=19.7 [DOWNTREND]
2026-04-04 21:39:44 [DEBUG]   SHORT @67318.41 RSI=48.1 SL=70283.70 ADX=13.5 [DOWNTREND]
2026-04-04 21:39:44 [DEBUG]   SHORT @66468.03 RSI=50.8 SL=70427.57 ADX=19.0 [DOWNTREND]
2026-04-04 21:39:44 [DEBUG]   SHORT @67367.69 RSI=49.4 SL=70282.87 ADX=27.4 [DOWNTREND]
2026-04-04 21:39:44 [INFO] 
======================================================================
  On-Chain Pullback Momentum - PERFORMANCE REPORT
======================================================================
  Final Value    : $105.46
  Total Return   : +5.46%
  Max Drawdown   : 8.10%
  Sharpe (ann.)  : -0.2455
----------------------------------------------------------------------
  Trades         : 62
  Win Rate       : 53.2%
  Profit Factor  : 1.24
  Avg Win        : $+1.03
  Avg Loss       : $-0.95
  Expectancy     : $+0.11
  Avg Hold       : 14.8 bars
----------------------------------------------------------------------
  RSI Exit rate  : 17.7%
  Stop Loss rate : 40.3%
----------------------------------------------------------------------
  LONG trades    : 33 (WR 48%)
  SHORT trades   : 29 (WR 59%)
======================================================================

======================================================================
 GO CHECK
======================================================================
  PASS Return > 0%: +5.46%
  PASS MaxDD < 15%: 8.10%
  PASS PF > 1.2: 1.24
  PASS EV > $0: $+0.11
  PASS WR > 40%: 53.2%

  Score: 5/5
  >>> GO <<<
======================================================================
