2026-04-04 22:55:32 [INFO] Mode: live | On-Chain Pullback Momentum | Days: 365
2026-04-04 22:55:32 [INFO] Timeframe: 4h | Exchange: Mainnet
2026-04-04 22:55:32 [INFO] Entering LIVE mode
2026-04-04 22:55:32 [WARNING] REAL MONEY TRADING - Be careful!
2026-04-04 22:55:33 [INFO] Hyperliquid Info API initialized (Mainnet)
2026-04-04 22:55:33 [INFO] Starting live loop (interval=60s)
2026-04-04 22:55:33 [INFO] Exchange: Hyperliquid Mainnet
2026-04-04 22:55:33 [INFO] --- Iteration 1 ---
2026-04-04 22:55:33 [INFO] CSV cache: btc_usdt_4h_ocpm.csv (4380 bars)
2026-04-04 22:55:34 [INFO] Sleeping 60s until next bar...
2026-04-04 22:56:34 [INFO] --- Iteration 2 ---
2026-04-04 22:56:34 [INFO] CSV cache: btc_usdt_4h_ocpm.csv (4380 bars)
2026-04-04 22:56:34 [INFO] Sleeping 60s until next bar...
2026-04-04 22:57:34 [INFO] --- Iteration 3 ---
2026-04-04 22:57:34 [INFO] CSV cache: btc_usdt_4h_ocpm.csv (4380 bars)
2026-04-04 22:57:34 [INFO] Sleeping 60s until next bar...
2026-04-04 22:58:34 [INFO] --- Iteration 4 ---
2026-04-04 22:58:34 [INFO] CSV cache: btc_usdt_4h_ocpm.csv (4380 bars)
2026-04-04 22:58:34 [INFO] Sleeping 60s until next bar...
2026-04-04 22:59:34 [INFO] --- Iteration 5 ---
2026-04-04 22:59:34 [INFO] CSV cache: btc_usdt_4h_ocpm.csv (4380 bars)
2026-04-04 22:59:34 [INFO] Sleeping 60s until next bar...
2026-04-04 23:00:34 [INFO] --- Iteration 6 ---
2026-04-04 23:00:34 [INFO] CSV cache: btc_usdt_4h_ocpm.csv (4380 bars)
2026-04-04 23:00:34 [INFO] Sleeping 60s until next bar...
2026-04-04 23:01:34 [INFO] --- Iteration 7 ---
2026-04-04 23:01:34 [INFO] CSV cache: btc_usdt_4h_ocpm.csv (4380 bars)
2026-04-04 23:01:34 [INFO] Sleeping 60s until next bar...
2026-04-04 23:02:34 [INFO] --- Iteration 8 ---
2026-04-04 23:02:34 [INFO] CSV cache: btc_usdt_4h_ocpm.csv (4380 bars)
2026-04-04 23:02:34 [INFO] Sleeping 60s until next bar...
2026-04-04 23:03:34 [INFO] --- Iteration 9 ---
2026-04-04 23:03:34 [INFO] CSV cache: btc_usdt_4h_ocpm.csv (4380 bars)
2026-04-04 23:03:34 [INFO] Sleeping 60s until next bar...
2026-04-04 23:04:34 [INFO] --- Iteration 10 ---
2026-04-04 23:04:34 [INFO] CSV cache: btc_usdt_4h_ocpm.csv (4380 bars)
2026-04-04 23:04:35 [INFO] Sleeping 60s until next bar...
2026-04-04 23:05:35 [INFO] --- Iteration 11 ---
2026-04-04 23:05:35 [INFO] CSV cache: btc_usdt_4h_ocpm.csv (4380 bars)
2026-04-04 23:05:35 [INFO] Sleeping 60s until next bar...
2026-04-04 23:06:35 [INFO] --- Iteration 12 ---
2026-04-04 23:06:35 [INFO] CSV cache: btc_usdt_4h_ocpm.csv (4380 bars)
2026-04-04 23:06:35 [INFO] Sleeping 60s until next bar...
2026-04-04 23:07:35 [INFO] --- Iteration 13 ---
2026-04-04 23:07:35 [INFO] CSV cache: btc_usdt_4h_ocpm.csv (4380 bars)
2026-04-04 23:07:35 [INFO] Sleeping 60s until next bar...
2026-04-04 23:08:35 [INFO] --- Iteration 14 ---
2026-04-04 23:08:35 [INFO] CSV cache: btc_usdt_4h_ocpm.csv (4380 bars)
2026-04-04 23:08:35 [INFO] Sleeping 60s until next bar...
2026-04-04 23:09:35 [INFO] --- Iteration 15 ---
2026-04-04 23:09:35 [INFO] CSV cache: btc_usdt_4h_ocpm.csv (4380 bars)
2026-04-04 23:09:35 [INFO] Sleeping 60s until next bar...
2026-04-04 23:10:35 [INFO] --- Iteration 16 ---
2026-04-04 23:10:35 [INFO] CSV cache: btc_usdt_4h_ocpm.csv (4380 bars)
2026-04-04 23:10:35 [INFO] Sleeping 60s until next bar...
2026-04-04 23:11:35 [INFO] --- Iteration 17 ---
2026-04-04 23:11:35 [INFO] CSV cache: btc_usdt_4h_ocpm.csv (4380 bars)
2026-04-04 23:11:35 [INFO] Sleeping 60s until next bar...
2026-04-04 23:12:36 [INFO] --- Iteration 18 ---
2026-04-04 23:12:36 [INFO] CSV cache: btc_usdt_4h_ocpm.csv (4380 bars)
2026-04-04 23:12:36 [INFO] Sleeping 60s until next bar...
2026-04-04 23:13:36 [INFO] --- Iteration 19 ---
2026-04-04 23:13:36 [INFO] CSV cache: btc_usdt_4h_ocpm.csv (4380 bars)
2026-04-04 23:13:36 [INFO] Sleeping 60s until next bar...
2026-04-04 23:14:36 [INFO] --- Iteration 20 ---
2026-04-04 23:14:36 [INFO] CSV cache: btc_usdt_4h_ocpm.csv (4380 bars)
2026-04-04 23:14:36 [INFO] Sleeping 60s until next bar...
2026-04-04 23:15:36 [INFO] --- Iteration 21 ---
2026-04-04 23:15:36 [INFO] CSV cache: btc_usdt_4h_ocpm.csv (4380 bars)
2026-04-04 23:15:36 [INFO] Sleeping 60s until next bar...
2026-04-04 23:16:36 [INFO] --- Iteration 22 ---
2026-04-04 23:16:36 [INFO] CSV cache: btc_usdt_4h_ocpm.csv (4380 bars)
2026-04-04 23:16:36 [INFO] Sleeping 60s until next bar...
2026-04-04 23:17:36 [INFO] --- Iteration 23 ---
2026-04-04 23:17:36 [INFO] CSV cache: btc_usdt_4h_ocpm.csv (4380 bars)
2026-04-04 23:17:36 [INFO] Sleeping 60s until next bar...
2026-04-04 23:18:36 [INFO] --- Iteration 24 ---
2026-04-04 23:18:36 [INFO] CSV cache: btc_usdt_4h_ocpm.csv (4380 bars)
2026-04-04 23:18:36 [INFO] Sleeping 60s until next bar...
2026-04-04 23:19:36 [INFO] --- Iteration 25 ---
2026-04-04 23:19:36 [INFO] CSV cache: btc_usdt_4h_ocpm.csv (4380 bars)
2026-04-04 23:19:36 [INFO] Sleeping 60s until next bar...
2026-04-04 23:20:36 [INFO] --- Iteration 26 ---
2026-04-04 23:20:37 [INFO] CSV cache: btc_usdt_4h_ocpm.csv (4380 bars)
2026-04-04 23:20:37 [INFO] Sleeping 60s until next bar...
2026-04-04 23:21:37 [INFO] --- Iteration 27 ---
2026-04-04 23:21:37 [INFO] CSV cache: btc_usdt_4h_ocpm.csv (4380 bars)
2026-04-04 23:21:37 [INFO] Sleeping 60s until next bar...
2026-04-04 23:22:37 [INFO] --- Iteration 28 ---
2026-04-04 23:22:37 [INFO] CSV cache: btc_usdt_4h_ocpm.csv (4380 bars)
2026-04-04 23:22:37 [INFO] Sleeping 60s until next bar...
2026-04-04 23:23:37 [INFO] --- Iteration 29 ---
2026-04-04 23:23:37 [INFO] CSV cache: btc_usdt_4h_ocpm.csv (4380 bars)
2026-04-04 23:23:37 [INFO] Sleeping 60s until next bar...
2026-04-04 23:24:37 [INFO] --- Iteration 30 ---
2026-04-04 23:24:37 [INFO] CSV cache: btc_usdt_4h_ocpm.csv (4380 bars)
2026-04-04 23:24:37 [INFO] Sleeping 60s until next bar...
2026-04-04 23:25:37 [INFO] --- Iteration 31 ---
2026-04-04 23:25:37 [INFO] CSV cache: btc_usdt_4h_ocpm.csv (4380 bars)
2026-04-04 23:25:37 [INFO] Sleeping 60s until next bar...
2026-04-04 23:26:37 [INFO] --- Iteration 32 ---
2026-04-04 23:26:37 [INFO] CSV cache: btc_usdt_4h_ocpm.csv (4380 bars)
2026-04-04 23:26:37 [INFO] Sleeping 60s until next bar...
2026-04-04 23:27:37 [INFO] --- Iteration 33 ---
2026-04-04 23:27:37 [INFO] CSV cache: btc_usdt_4h_ocpm.csv (4380 bars)
2026-04-04 23:27:38 [INFO] Sleeping 60s until next bar...
2026-04-04 23:28:38 [INFO] --- Iteration 34 ---
2026-04-04 23:28:38 [INFO] CSV cache: btc_usdt_4h_ocpm.csv (4380 bars)
2026-04-04 23:28:38 [INFO] Sleeping 60s until next bar...
2026-04-04 23:29:38 [INFO] --- Iteration 35 ---
2026-04-04 23:29:38 [INFO] CSV cache: btc_usdt_4h_ocpm.csv (4380 bars)
2026-04-04 23:29:38 [INFO] Sleeping 60s until next bar...
2026-04-04 23:30:38 [INFO] --- Iteration 36 ---
2026-04-04 23:30:38 [INFO] CSV cache: btc_usdt_4h_ocpm.csv (4380 bars)
2026-04-04 23:30:38 [INFO] Sleeping 60s until next bar...
2026-04-04 23:31:38 [INFO] --- Iteration 37 ---
2026-04-04 23:31:38 [INFO] CSV cache: btc_usdt_4h_ocpm.csv (4380 bars)
2026-04-04 23:31:38 [INFO] Sleeping 60s until next bar...
2026-04-04 23:32:38 [INFO] --- Iteration 38 ---
2026-04-04 23:32:38 [INFO] CSV cache: btc_usdt_4h_ocpm.csv (4380 bars)
2026-04-04 23:32:38 [INFO] Sleeping 60s until next bar...
2026-04-04 23:33:38 [INFO] --- Iteration 39 ---
2026-04-04 23:33:38 [INFO] CSV cache: btc_usdt_4h_ocpm.csv (4380 bars)
2026-04-04 23:33:38 [INFO] Sleeping 60s until next bar...
2026-04-04 23:34:38 [INFO] --- Iteration 40 ---
2026-04-04 23:34:38 [INFO] CSV cache: btc_usdt_4h_ocpm.csv (4380 bars)
2026-04-04 23:34:38 [INFO] Sleeping 60s until next bar...
2026-04-04 23:35:38 [INFO] --- Iteration 41 ---
2026-04-04 23:35:38 [INFO] CSV cache: btc_usdt_4h_ocpm.csv (4380 bars)
2026-04-04 23:35:39 [INFO] Sleeping 60s until next bar...
2026-04-04 23:36:39 [INFO] --- Iteration 42 ---
2026-04-04 23:36:39 [INFO] CSV cache: btc_usdt_4h_ocpm.csv (4380 bars)
2026-04-04 23:36:39 [INFO] Sleeping 60s until next bar...
2026-04-04 23:37:39 [INFO] --- Iteration 43 ---
2026-04-04 23:37:39 [INFO] CSV cache: btc_usdt_4h_ocpm.csv (4380 bars)
2026-04-04 23:37:39 [INFO] Sleeping 60s until next bar...
2026-04-04 23:38:39 [INFO] --- Iteration 44 ---
2026-04-04 23:38:39 [INFO] CSV cache: btc_usdt_4h_ocpm.csv (4380 bars)
2026-04-04 23:38:39 [INFO] Sleeping 60s until next bar...
2026-04-04 23:39:39 [INFO] --- Iteration 45 ---
2026-04-04 23:39:39 [INFO] CSV cache: btc_usdt_4h_ocpm.csv (4380 bars)
2026-04-04 23:39:39 [INFO] Sleeping 60s until next bar...
2026-04-04 23:40:39 [INFO] --- Iteration 46 ---
2026-04-04 23:40:39 [INFO] CSV cache: btc_usdt_4h_ocpm.csv (4380 bars)
2026-04-04 23:40:39 [INFO] Sleeping 60s until next bar...
2026-04-04 23:41:39 [INFO] --- Iteration 47 ---
2026-04-04 23:41:39 [INFO] CSV cache: btc_usdt_4h_ocpm.csv (4380 bars)
2026-04-04 23:41:39 [INFO] Sleeping 60s until next bar...
2026-04-04 23:42:39 [INFO] --- Iteration 48 ---
2026-04-04 23:42:39 [INFO] CSV cache: btc_usdt_4h_ocpm.csv (4380 bars)
2026-04-04 23:42:39 [INFO] Sleeping 60s until next bar...
2026-04-04 23:43:40 [INFO] --- Iteration 49 ---
2026-04-04 23:43:40 [INFO] CSV cache: btc_usdt_4h_ocpm.csv (4380 bars)
2026-04-04 23:43:40 [INFO] Sleeping 60s until next bar...
2026-04-04 23:44:40 [INFO] --- Iteration 50 ---
2026-04-04 23:44:40 [INFO] CSV cache: btc_usdt_4h_ocpm.csv (4380 bars)
2026-04-04 23:44:40 [INFO] Sleeping 60s until next bar...
2026-04-04 23:45:40 [INFO] --- Iteration 51 ---
2026-04-04 23:45:40 [INFO] CSV cache: btc_usdt_4h_ocpm.csv (4380 bars)
2026-04-04 23:45:40 [INFO] Sleeping 60s until next bar...
2026-04-04 23:46:40 [INFO] --- Iteration 52 ---
2026-04-04 23:46:40 [INFO] CSV cache: btc_usdt_4h_ocpm.csv (4380 bars)
2026-04-04 23:46:40 [INFO] Sleeping 60s until next bar...
2026-04-04 23:47:40 [INFO] --- Iteration 53 ---
2026-04-04 23:47:40 [INFO] CSV cache: btc_usdt_4h_ocpm.csv (4380 bars)
2026-04-04 23:47:40 [INFO] Sleeping 60s until next bar...
2026-04-04 23:48:40 [INFO] --- Iteration 54 ---
2026-04-04 23:48:40 [INFO] CSV cache: btc_usdt_4h_ocpm.csv (4380 bars)
2026-04-04 23:48:40 [INFO] Sleeping 60s until next bar...
2026-04-04 23:49:40 [INFO] --- Iteration 55 ---
2026-04-04 23:49:40 [INFO] CSV cache: btc_usdt_4h_ocpm.csv (4380 bars)
2026-04-04 23:49:40 [INFO] Sleeping 60s until next bar...
2026-04-04 23:50:40 [INFO] --- Iteration 56 ---
2026-04-04 23:50:40 [INFO] CSV cache: btc_usdt_4h_ocpm.csv (4380 bars)
2026-04-04 23:50:40 [INFO] Sleeping 60s until next bar...
2026-04-04 23:51:40 [INFO] --- Iteration 57 ---
2026-04-04 23:51:40 [INFO] CSV cache: btc_usdt_4h_ocpm.csv (4380 bars)
2026-04-04 23:51:40 [INFO] Sleeping 60s until next bar...
2026-04-04 23:52:40 [INFO] --- Iteration 58 ---
2026-04-04 23:52:40 [INFO] CSV cache: btc_usdt_4h_ocpm.csv (4380 bars)
2026-04-04 23:52:41 [INFO] Sleeping 60s until next bar...
2026-04-04 23:53:41 [INFO] --- Iteration 59 ---
2026-04-04 23:53:41 [INFO] CSV cache: btc_usdt_4h_ocpm.csv (4380 bars)
2026-04-04 23:53:41 [INFO] Sleeping 60s until next bar...
2026-04-04 23:54:41 [INFO] --- Iteration 60 ---
2026-04-04 23:54:41 [INFO] CSV cache: btc_usdt_4h_ocpm.csv (4380 bars)
2026-04-04 23:54:41 [INFO] Sleeping 60s until next bar...
2026-04-04 23:55:41 [INFO] --- Iteration 61 ---
2026-04-04 23:55:41 [INFO] CSV cache: btc_usdt_4h_ocpm.csv (4380 bars)
2026-04-04 23:55:41 [INFO] Sleeping 60s until next bar...
2026-04-04 23:56:41 [INFO] --- Iteration 62 ---
2026-04-04 23:56:41 [INFO] CSV cache: btc_usdt_4h_ocpm.csv (4380 bars)
2026-04-04 23:56:41 [INFO] Sleeping 60s until next bar...
2026-04-04 23:57:41 [INFO] --- Iteration 63 ---
2026-04-04 23:57:41 [INFO] CSV cache: btc_usdt_4h_ocpm.csv (4380 bars)
2026-04-04 23:57:41 [INFO] Sleeping 60s until next bar...
2026-04-04 23:58:41 [INFO] --- Iteration 64 ---
2026-04-04 23:58:41 [INFO] CSV cache: btc_usdt_4h_ocpm.csv (4380 bars)
2026-04-04 23:58:41 [INFO] Sleeping 60s until next bar...
2026-04-04 23:59:41 [INFO] --- Iteration 65 ---
2026-04-04 23:59:41 [INFO] CSV cache: btc_usdt_4h_ocpm.csv (4380 bars)
2026-04-04 23:59:41 [INFO] Sleeping 60s until next bar...
2026-04-05 00:00:41 [INFO] --- Iteration 66 ---
2026-04-05 00:00:41 [INFO] CSV cache: btc_usdt_4h_ocpm.csv (4380 bars)
2026-04-05 00:00:41 [INFO] Sleeping 60s until next bar...
2026-04-05 00:01:41 [INFO] --- Iteration 67 ---
2026-04-05 00:01:41 [INFO] CSV cache: btc_usdt_4h_ocpm.csv (4380 bars)
2026-04-05 00:01:41 [INFO] Sleeping 60s until next bar...
2026-04-05 00:02:41 [INFO] --- Iteration 68 ---
2026-04-05 00:02:41 [INFO] CSV cache: btc_usdt_4h_ocpm.csv (4380 bars)
2026-04-05 00:02:41 [INFO] Sleeping 60s until next bar...
2026-04-05 00:03:41 [INFO] --- Iteration 69 ---
2026-04-05 00:03:41 [INFO] CSV cache: btc_usdt_4h_ocpm.csv (4380 bars)
2026-04-05 00:03:42 [INFO] Sleeping 60s until next bar...
2026-04-05 00:04:42 [INFO] --- Iteration 70 ---
2026-04-05 00:04:42 [INFO] CSV cache: btc_usdt_4h_ocpm.csv (4380 bars)
2026-04-05 00:04:42 [INFO] Sleeping 60s until next bar...
2026-04-05 00:05:42 [INFO] --- Iteration 71 ---
2026-04-05 00:05:42 [INFO] CSV cache: btc_usdt_4h_ocpm.csv (4380 bars)
2026-04-05 00:05:42 [INFO] Sleeping 60s until next bar...
2026-04-05 00:06:42 [INFO] --- Iteration 72 ---
2026-04-05 00:06:42 [INFO] CSV cache: btc_usdt_4h_ocpm.csv (4380 bars)
2026-04-05 00:06:42 [INFO] Sleeping 60s until next bar...
2026-04-05 00:07:42 [INFO] --- Iteration 73 ---
2026-04-05 00:07:42 [INFO] CSV cache: btc_usdt_4h_ocpm.csv (4380 bars)
2026-04-05 00:07:42 [INFO] Sleeping 60s until next bar...
2026-04-05 00:08:42 [INFO] --- Iteration 74 ---
2026-04-05 00:08:42 [INFO] CSV cache: btc_usdt_4h_ocpm.csv (4380 bars)
2026-04-05 00:08:42 [INFO] Sleeping 60s until next bar...
2026-04-05 00:09:42 [INFO] --- Iteration 75 ---
2026-04-05 00:09:42 [INFO] CSV cache: btc_usdt_4h_ocpm.csv (4380 bars)
2026-04-05 00:09:42 [INFO] Sleeping 60s until next bar...
2026-04-05 00:10:42 [INFO] --- Iteration 76 ---
2026-04-05 00:10:42 [INFO] CSV cache: btc_usdt_4h_ocpm.csv (4380 bars)
2026-04-05 00:10:43 [INFO] Sleeping 60s until next bar...
2026-04-05 00:11:43 [INFO] --- Iteration 77 ---
2026-04-05 00:11:43 [INFO] CSV cache: btc_usdt_4h_ocpm.csv (4380 bars)
2026-04-05 00:11:43 [INFO] Sleeping 60s until next bar...
2026-04-05 00:12:43 [INFO] --- Iteration 78 ---
2026-04-05 00:12:43 [INFO] CSV cache: btc_usdt_4h_ocpm.csv (4380 bars)
2026-04-05 00:12:43 [INFO] Sleeping 60s until next bar...
2026-04-05 00:13:43 [INFO] --- Iteration 79 ---
2026-04-05 00:13:43 [INFO] CSV cache: btc_usdt_4h_ocpm.csv (4380 bars)
2026-04-05 00:13:43 [INFO] Sleeping 60s until next bar...
2026-04-05 00:14:43 [INFO] --- Iteration 80 ---
2026-04-05 00:14:43 [INFO] CSV cache: btc_usdt_4h_ocpm.csv (4380 bars)
2026-04-05 00:14:43 [INFO] Sleeping 60s until next bar...
2026-04-05 00:15:43 [INFO] --- Iteration 81 ---
2026-04-05 00:15:43 [INFO] CSV cache: btc_usdt_4h_ocpm.csv (4380 bars)
2026-04-05 00:15:43 [INFO] Sleeping 60s until next bar...
2026-04-05 00:16:43 [INFO] --- Iteration 82 ---
2026-04-05 00:16:43 [INFO] CSV cache: btc_usdt_4h_ocpm.csv (4380 bars)
2026-04-05 00:16:43 [INFO] Sleeping 60s until next bar...
2026-04-05 00:17:43 [INFO] --- Iteration 83 ---
2026-04-05 00:17:43 [INFO] CSV cache: btc_usdt_4h_ocpm.csv (4380 bars)
2026-04-05 00:17:43 [INFO] Sleeping 60s until next bar...
2026-04-05 00:18:43 [INFO] --- Iteration 84 ---
2026-04-05 00:18:43 [INFO] CSV cache: btc_usdt_4h_ocpm.csv (4380 bars)
2026-04-05 00:18:43 [INFO] Sleeping 60s until next bar...
2026-04-05 00:19:43 [INFO] --- Iteration 85 ---
2026-04-05 00:19:43 [INFO] CSV cache: btc_usdt_4h_ocpm.csv (4380 bars)
2026-04-05 00:19:44 [INFO] Sleeping 60s until next bar...
2026-04-05 00:20:44 [INFO] --- Iteration 86 ---
2026-04-05 00:20:44 [INFO] CSV cache: btc_usdt_4h_ocpm.csv (4380 bars)
2026-04-05 00:20:44 [INFO] Sleeping 60s until next bar...
2026-04-05 00:21:44 [INFO] --- Iteration 87 ---
2026-04-05 00:21:44 [INFO] CSV cache: btc_usdt_4h_ocpm.csv (4380 bars)
2026-04-05 00:21:44 [INFO] Sleeping 60s until next bar...
2026-04-05 00:22:44 [INFO] --- Iteration 88 ---
2026-04-05 00:22:44 [INFO] CSV cache: btc_usdt_4h_ocpm.csv (4380 bars)
2026-04-05 00:22:44 [INFO] Sleeping 60s until next bar...
