2026-04-05 00:07:03 [INFO] Mode: live | On-Chain Pullback Momentum | Days: 365
2026-04-05 00:07:03 [INFO] Timeframe: 4h | Exchange: Mainnet
2026-04-05 00:07:03 [INFO] Entering LIVE mode
2026-04-05 00:07:03 [WARNING] REAL MONEY TRADING - Be careful!
2026-04-05 00:07:04 [INFO] Hyperliquid Info API initialized (Mainnet)
2026-04-05 00:07:04 [INFO] Starting live loop (interval=60s)
2026-04-05 00:07:04 [INFO] Exchange: Hyperliquid Mainnet
2026-04-05 00:07:04 [INFO] --- Iteration 1 ---
2026-04-05 00:07:04 [INFO] CSV cache: btc_usdt_4h_ocpm.csv (4380 bars)
2026-04-05 00:07:04 [INFO] Sleeping 60s until next bar...
2026-04-05 00:08:04 [INFO] --- Iteration 2 ---
2026-04-05 00:08:04 [INFO] CSV cache: btc_usdt_4h_ocpm.csv (4380 bars)
2026-04-05 00:08:04 [INFO] Sleeping 60s until next bar...
2026-04-05 00:09:04 [INFO] --- Iteration 3 ---
2026-04-05 00:09:04 [INFO] CSV cache: btc_usdt_4h_ocpm.csv (4380 bars)
2026-04-05 00:09:04 [INFO] Sleeping 60s until next bar...
2026-04-05 00:10:04 [INFO] --- Iteration 4 ---
2026-04-05 00:10:04 [INFO] CSV cache: btc_usdt_4h_ocpm.csv (4380 bars)
2026-04-05 00:10:05 [INFO] Sleeping 60s until next bar...
2026-04-05 00:11:05 [INFO] --- Iteration 5 ---
2026-04-05 00:11:05 [INFO] CSV cache: btc_usdt_4h_ocpm.csv (4380 bars)
2026-04-05 00:11:05 [INFO] Sleeping 60s until next bar...
2026-04-05 00:12:05 [INFO] --- Iteration 6 ---
2026-04-05 00:12:05 [INFO] CSV cache: btc_usdt_4h_ocpm.csv (4380 bars)
2026-04-05 00:12:05 [INFO] Sleeping 60s until next bar...
2026-04-05 00:13:05 [INFO] --- Iteration 7 ---
2026-04-05 00:13:05 [INFO] CSV cache: btc_usdt_4h_ocpm.csv (4380 bars)
2026-04-05 00:13:05 [INFO] Sleeping 60s until next bar...
2026-04-05 00:14:05 [INFO] --- Iteration 8 ---
2026-04-05 00:14:05 [INFO] CSV cache: btc_usdt_4h_ocpm.csv (4380 bars)
2026-04-05 00:14:05 [INFO] Sleeping 60s until next bar...
2026-04-05 00:15:05 [INFO] --- Iteration 9 ---
2026-04-05 00:15:05 [INFO] CSV cache: btc_usdt_4h_ocpm.csv (4380 bars)
2026-04-05 00:15:05 [INFO] Sleeping 60s until next bar...
2026-04-05 00:16:05 [INFO] --- Iteration 10 ---
2026-04-05 00:16:05 [INFO] CSV cache: btc_usdt_4h_ocpm.csv (4380 bars)
2026-04-05 00:16:05 [INFO] Sleeping 60s until next bar...
2026-04-05 00:17:05 [INFO] --- Iteration 11 ---
2026-04-05 00:17:05 [INFO] CSV cache: btc_usdt_4h_ocpm.csv (4380 bars)
2026-04-05 00:17:05 [INFO] Sleeping 60s until next bar...
2026-04-05 00:18:05 [INFO] --- Iteration 12 ---
2026-04-05 00:18:05 [INFO] CSV cache: btc_usdt_4h_ocpm.csv (4380 bars)
2026-04-05 00:18:06 [INFO] Sleeping 60s until next bar...
2026-04-05 00:19:06 [INFO] --- Iteration 13 ---
2026-04-05 00:19:06 [INFO] CSV cache: btc_usdt_4h_ocpm.csv (4380 bars)
2026-04-05 00:19:06 [INFO] Sleeping 60s until next bar...
2026-04-05 00:20:06 [INFO] --- Iteration 14 ---
2026-04-05 00:20:06 [INFO] CSV cache: btc_usdt_4h_ocpm.csv (4380 bars)
2026-04-05 00:20:06 [INFO] Sleeping 60s until next bar...
2026-04-05 00:21:06 [INFO] --- Iteration 15 ---
2026-04-05 00:21:06 [INFO] CSV cache: btc_usdt_4h_ocpm.csv (4380 bars)
2026-04-05 00:21:06 [INFO] Sleeping 60s until next bar...
2026-04-05 00:22:06 [INFO] --- Iteration 16 ---
2026-04-05 00:22:06 [INFO] CSV cache: btc_usdt_4h_ocpm.csv (4380 bars)
2026-04-05 00:22:06 [INFO] Sleeping 60s until next bar...
2026-04-05 00:23:06 [INFO] --- Iteration 17 ---
2026-04-05 00:23:06 [INFO] CSV cache: btc_usdt_4h_ocpm.csv (4380 bars)
2026-04-05 00:23:06 [INFO] Sleeping 60s until next bar...
2026-04-05 00:24:06 [INFO] --- Iteration 18 ---
2026-04-05 00:24:06 [INFO] CSV cache: btc_usdt_4h_ocpm.csv (4380 bars)
2026-04-05 00:24:06 [INFO] Sleeping 60s until next bar...
2026-04-05 00:25:06 [INFO] --- Iteration 19 ---
2026-04-05 00:25:06 [INFO] CSV cache: btc_usdt_4h_ocpm.csv (4380 bars)
2026-04-05 00:25:07 [INFO] Sleeping 60s until next bar...
2026-04-05 00:26:07 [INFO] --- Iteration 20 ---
2026-04-05 00:26:07 [INFO] CSV cache: btc_usdt_4h_ocpm.csv (4380 bars)
2026-04-05 00:26:07 [INFO] Sleeping 60s until next bar...
2026-04-05 00:27:07 [INFO] --- Iteration 21 ---
2026-04-05 00:27:07 [INFO] CSV cache: btc_usdt_4h_ocpm.csv (4380 bars)
2026-04-05 00:27:08 [INFO] Sleeping 60s until next bar...
2026-04-05 00:28:08 [INFO] --- Iteration 22 ---
2026-04-05 00:28:08 [INFO] CSV cache: btc_usdt_4h_ocpm.csv (4380 bars)
2026-04-05 00:28:08 [INFO] Sleeping 60s until next bar...
2026-04-05 00:29:08 [INFO] --- Iteration 23 ---
2026-04-05 00:29:08 [INFO] CSV cache: btc_usdt_4h_ocpm.csv (4380 bars)
2026-04-05 00:29:08 [INFO] Sleeping 60s until next bar...
2026-04-05 00:30:08 [INFO] --- Iteration 24 ---
2026-04-05 00:30:08 [INFO] CSV cache: btc_usdt_4h_ocpm.csv (4380 bars)
2026-04-05 00:30:08 [INFO] Sleeping 60s until next bar...
2026-04-05 00:31:08 [INFO] --- Iteration 25 ---
2026-04-05 00:31:08 [INFO] CSV cache: btc_usdt_4h_ocpm.csv (4380 bars)
2026-04-05 00:31:08 [INFO] Sleeping 60s until next bar...
2026-04-05 00:32:08 [INFO] --- Iteration 26 ---
2026-04-05 00:32:08 [INFO] CSV cache: btc_usdt_4h_ocpm.csv (4380 bars)
2026-04-05 00:32:08 [INFO] Sleeping 60s until next bar...
2026-04-05 00:33:08 [INFO] --- Iteration 27 ---
2026-04-05 00:33:08 [INFO] CSV cache: btc_usdt_4h_ocpm.csv (4380 bars)
2026-04-05 00:33:09 [INFO] Sleeping 60s until next bar...
2026-04-05 00:34:09 [INFO] --- Iteration 28 ---
2026-04-05 00:34:09 [INFO] CSV cache: btc_usdt_4h_ocpm.csv (4380 bars)
2026-04-05 00:34:09 [INFO] Sleeping 60s until next bar...
2026-04-05 00:35:09 [INFO] --- Iteration 29 ---
2026-04-05 00:35:09 [INFO] CSV cache: btc_usdt_4h_ocpm.csv (4380 bars)
2026-04-05 00:35:10 [INFO] Sleeping 60s until next bar...
2026-04-05 00:36:10 [INFO] --- Iteration 30 ---
2026-04-05 00:36:10 [INFO] CSV cache: btc_usdt_4h_ocpm.csv (4380 bars)
2026-04-05 00:36:10 [INFO] Sleeping 60s until next bar...
2026-04-05 00:37:10 [INFO] --- Iteration 31 ---
2026-04-05 00:37:10 [INFO] CSV cache: btc_usdt_4h_ocpm.csv (4380 bars)
2026-04-05 00:37:10 [INFO] Sleeping 60s until next bar...
2026-04-05 00:38:10 [INFO] --- Iteration 32 ---
2026-04-05 00:38:10 [INFO] CSV cache: btc_usdt_4h_ocpm.csv (4380 bars)
2026-04-05 00:38:10 [INFO] Sleeping 60s until next bar...
