2026-04-04 21:37:33 [INFO] Mode: backtest | On-Chain Pullback Momentum | Days: 365
2026-04-04 21:37:33 [INFO] Timeframe: 4h | Exchange: Mainnet
2026-04-04 21:37:33 [INFO] Entering BACKTEST mode
2026-04-04 21:37:34 [INFO] Fetching BTC USDT 4h from Binance (365 days)...
2026-04-04 21:37:35 [INFO] Saved 2190 bars
2026-04-04 21:37:35 [INFO] Data: 2025-04-04 16:00:00 -> 2026-04-04 12:00:00 (2190 bars)
2026-04-04 21:37:35 [INFO] Trend Regimes: {'DOWNTREND': 932, 'UPTREND': 898, 'RANGE': 360}
2026-04-04 21:37:35 [INFO] Long signals: 94, Short signals: 90
2026-04-04 21:37:35 [DEBUG]   SHORT @78757.00 RSI=45.8 SL=84138.90 [DOWNTREND]
2026-04-04 21:37:35 [DEBUG]   LONG @83695.66 RSI=48.2 SL=80619.38 [UPTREND]
2026-04-04 21:37:35 [DEBUG]   LONG @94152.01 RSI=48.9 SL=91523.37 [UPTREND]
2026-04-04 21:37:35 [DEBUG]   LONG @94761.91 RSI=43.4 SL=92668.25 [UPTREND]
2026-04-04 21:37:35 [DEBUG]   LONG @102791.32 RSI=51.9 SL=99359.04 [UPTREND]
2026-04-04 21:37:35 [DEBUG]   LONG @103158.60 RSI=48.7 SL=100761.93 [UPTREND]
2026-04-04 21:37:35 [DEBUG]   LONG @104786.41 RSI=54.9 SL=101213.49 [UPTREND]
2026-04-04 21:37:35 [DEBUG]   LONG @108366.30 RSI=50.3 SL=104275.84 [UPTREND]
2026-04-04 21:37:35 [DEBUG]   LONG @108044.88 RSI=46.1 SL=105025.82 [UPTREND]
2026-04-04 21:37:35 [DEBUG]   SHORT @104829.27 RSI=44.8 SL=107407.91 [DOWNTREND]
2026-04-04 21:37:35 [DEBUG]   SHORT @105376.89 RSI=49.5 SL=108009.18 [DOWNTREND]
2026-04-04 21:37:35 [DEBUG]   SHORT @104219.80 RSI=48.8 SL=107230.84 [DOWNTREND]
2026-04-04 21:37:35 [DEBUG]   SHORT @104217.99 RSI=43.8 SL=106998.93 [DOWNTREND]
2026-04-04 21:37:35 [DEBUG]   LONG @107192.38 RSI=49.1 SL=105279.74 [UPTREND]
2026-04-04 21:37:35 [DEBUG]   LONG @107080.00 RSI=51.8 SL=104926.55 [UPTREND]
2026-04-04 21:37:35 [DEBUG]   LONG @107984.24 RSI=48.8 SL=105751.11 [UPTREND]
2026-04-04 21:37:35 [DEBUG]   LONG @108262.94 RSI=48.7 SL=106500.55 [UPTREND]
2026-04-04 21:37:35 [DEBUG]   LONG @117113.98 RSI=47.9 SL=113632.13 [UPTREND]
2026-04-04 21:37:35 [DEBUG]   LONG @118671.11 RSI=54.4 SL=116057.64 [UPTREND]
2026-04-04 21:37:35 [DEBUG]   LONG @117983.68 RSI=49.9 SL=114650.69 [UPTREND]
2026-04-04 21:37:35 [DEBUG]   LONG @118764.85 RSI=55.0 SL=116363.23 [UPTREND]
2026-04-04 21:37:35 [DEBUG]   LONG @118466.14 RSI=53.3 SL=115761.33 [UPTREND]
2026-04-04 21:37:35 [DEBUG]   SHORT @114256.85 RSI=44.5 SL=116679.36 [DOWNTREND]
2026-04-04 21:37:35 [DEBUG]   LONG @118968.91 RSI=46.7 SL=115425.06 [UPTREND]
2026-04-04 21:37:35 [DEBUG]   SHORT @115310.13 RSI=52.8 SL=118345.77 [DOWNTREND]
2026-04-04 21:37:35 [DEBUG]   SHORT @112909.18 RSI=54.3 SL=116075.83 [DOWNTREND]
2026-04-04 21:37:35 [DEBUG]   SHORT @110233.92 RSI=55.5 SL=113107.71 [DOWNTREND]
2026-04-04 21:37:35 [DEBUG]   LONG @111614.54 RSI=54.2 SL=108280.52 [UPTREND]
2026-04-04 21:37:35 [DEBUG]   LONG @115307.78 RSI=52.9 SL=113337.42 [UPTREND]
2026-04-04 21:37:35 [DEBUG]   LONG @116447.59 RSI=56.2 SL=114059.15 [UPTREND]
2026-04-04 21:37:35 [DEBUG]   LONG @115632.38 RSI=44.9 SL=113437.57 [UPTREND]
2026-04-04 21:37:35 [DEBUG]   LONG @121374.75 RSI=44.5 SL=118076.27 [UPTREND]
2026-04-04 21:37:35 [DEBUG]   LONG @121554.55 RSI=47.5 SL=118143.19 [UPTREND]
2026-04-04 21:37:35 [DEBUG]   SHORT @115166.00 RSI=48.5 SL=119820.56 [DOWNTREND]
2026-04-04 21:37:35 [DEBUG]   SHORT @108642.78 RSI=49.9 SL=112054.25 [DOWNTREND]
2026-04-04 21:37:35 [DEBUG]   SHORT @108297.67 RSI=45.7 SL=113090.57 [DOWNTREND]
2026-04-04 21:37:35 [DEBUG]   LONG @113577.90 RSI=53.5 SL=110661.73 [UPTREND]
2026-04-04 21:37:35 [DEBUG]   SHORT @110117.48 RSI=46.9 SL=112926.46 [DOWNTREND]
2026-04-04 21:37:35 [DEBUG]   SHORT @104783.98 RSI=52.4 SL=108292.59 [DOWNTREND]
2026-04-04 21:37:35 [DEBUG]   SHORT @86830.00 RSI=48.1 SL=90955.50 [DOWNTREND]
2026-04-04 21:37:35 [DEBUG]   LONG @90634.34 RSI=50.8 SL=87354.07 [UPTREND]
2026-04-04 21:37:35 [DEBUG]   LONG @92513.38 RSI=56.6 SL=88720.01 [UPTREND]
2026-04-04 21:37:35 [DEBUG]   SHORT @87951.87 RSI=52.2 SL=91828.91 [DOWNTREND]
2026-04-04 21:37:35 [DEBUG]   SHORT @87837.59 RSI=50.0 SL=90063.76 [DOWNTREND]
2026-04-04 21:37:35 [DEBUG]   SHORT @87137.81 RSI=44.2 SL=89859.51 [DOWNTREND]
2026-04-04 21:37:35 [DEBUG]   LONG @91364.16 RSI=45.8 SL=88748.00 [UPTREND]
2026-04-04 21:37:35 [DEBUG]   LONG @95002.09 RSI=52.7 SL=92335.45 [UPTREND]
2026-04-04 21:37:35 [DEBUG]   SHORT @89126.67 RSI=54.0 SL=91502.66 [DOWNTREND]
2026-04-04 21:37:35 [DEBUG]   SHORT @70330.38 RSI=48.1 SL=75156.33 [DOWNTREND]
2026-04-04 21:37:35 [DEBUG]   SHORT @69778.28 RSI=57.3 SL=72986.07 [DOWNTREND]
2026-04-04 21:37:35 [DEBUG]   SHORT @67318.41 RSI=48.1 SL=69789.49 [DOWNTREND]
2026-04-04 21:37:35 [DEBUG]   SHORT @66126.99 RSI=45.7 SL=69255.89 [DOWNTREND]
2026-04-04 21:37:35 [DEBUG]   SHORT @66468.03 RSI=50.8 SL=69767.65 [DOWNTREND]
2026-04-04 21:37:35 [DEBUG]   LONG @67725.81 RSI=53.6 SL=64025.47 [UPTREND]
2026-04-04 21:37:35 [DEBUG]   SHORT @69873.04 RSI=47.9 SL=72790.52 [DOWNTREND]
2026-04-04 21:37:35 [DEBUG]   SHORT @67629.40 RSI=50.9 SL=69881.01 [DOWNTREND]
2026-04-04 21:37:35 [DEBUG]   SHORT @68176.84 RSI=53.5 SL=70755.76 [DOWNTREND]
2026-04-04 21:37:35 [INFO] 
======================================================================
  On-Chain Pullback Momentum - PERFORMANCE REPORT
======================================================================
  Final Value    : $100.09
  Total Return   : +0.09%
  Max Drawdown   : 11.78%
  Sharpe (ann.)  : -0.3085
----------------------------------------------------------------------
  Trades         : 57
  Win Rate       : 42.1%
  Profit Factor  : 1.05
  Avg Win        : $+1.39
  Avg Loss       : $-0.97
  Expectancy     : $+0.03
  Avg Hold       : 15.9 bars
----------------------------------------------------------------------
  RSI Exit rate  : 5.3%
  Stop Loss rate : 75.4%
----------------------------------------------------------------------
  LONG trades    : 30 (WR 33%)
  SHORT trades   : 27 (WR 52%)
======================================================================

======================================================================
 GO CHECK
======================================================================
  PASS Return > 0%: +0.09%
  PASS MaxDD < 15%: 11.78%
  FAIL PF > 1.2: 1.05
  PASS EV > $0: $+0.03
  PASS WR > 40%: 42.1%

  Score: 4/5
  >>> CONDITIONAL <<<
======================================================================
