2026-04-04 21:38:51 [INFO] Mode: backtest | On-Chain Pullback Momentum | Days: 365
2026-04-04 21:38:51 [INFO] Timeframe: 4h | Exchange: Mainnet
2026-04-04 21:38:51 [INFO] Entering BACKTEST mode
2026-04-04 21:38:51 [INFO] CSV cache: btc_usdt_4h_ocpm.csv (2190 bars)
2026-04-04 21:38:51 [INFO] Data: 2025-04-04 16:00:00 -> 2026-04-04 12:00:00 (2190 bars)
2026-04-04 21:38:51 [INFO] Trend Regimes: {'RANGE': 1040, 'DOWNTREND': 611, 'UPTREND': 539}
2026-04-04 21:38:51 [INFO] Long signals: 0, Short signals: 0
2026-04-04 21:38:51 [INFO] 
======================================================================
  On-Chain Pullback Momentum - PERFORMANCE REPORT
======================================================================
  Final Value    : $100.00
  Total Return   : +0.00%
  Max Drawdown   : 0.00%
  Sharpe (ann.)  : 0.0000
----------------------------------------------------------------------
  Trades         : 0
  Win Rate       : 0.0%
  Profit Factor  : 0.00
  Avg Win        : $+0.00
  Avg Loss       : $+0.00
  Expectancy     : $+0.00
  Avg Hold       : 0.0 bars
----------------------------------------------------------------------
  RSI Exit rate  : 0.0%
  Stop Loss rate : 0.0%
----------------------------------------------------------------------
  LONG trades    : 0 (WR 0%)
  SHORT trades   : 0 (WR 0%)
======================================================================

======================================================================
 GO CHECK
======================================================================
  FAIL Return > 0%: +0.00%
  PASS MaxDD < 15%: 0.00%
  FAIL PF > 1.2: 0.00
  FAIL EV > $0: $+0.00
  FAIL WR > 40%: 0.0%

  Score: 1/5
  >>> STOP <<<
======================================================================
