2026-04-05 00:38:52 [INFO] Mode: live | On-Chain Pullback Momentum | Days: 365
2026-04-05 00:38:52 [INFO] Timeframe: 4h | Exchange: Mainnet
2026-04-05 00:38:52 [INFO] Entering LIVE mode
2026-04-05 00:38:52 [WARNING] REAL MONEY TRADING - Be careful!
2026-04-05 00:38:53 [INFO] Hyperliquid Info API initialized (Mainnet)
2026-04-05 00:38:53 [INFO] Starting live loop (interval=60s)
2026-04-05 00:38:53 [INFO] Exchange: Hyperliquid Mainnet
2026-04-05 00:38:53 [INFO] --- Iteration 1 ---
2026-04-05 00:38:53 [INFO] CSV cache: btc_usdt_4h_ocpm.csv (4380 bars)
2026-04-05 00:38:53 [INFO] Sleeping 60s until next bar...
2026-04-05 00:39:53 [INFO] --- Iteration 2 ---
2026-04-05 00:39:53 [INFO] CSV cache: btc_usdt_4h_ocpm.csv (4380 bars)
2026-04-05 00:39:53 [INFO] Sleeping 60s until next bar...
2026-04-05 00:40:53 [INFO] --- Iteration 3 ---
2026-04-05 00:40:53 [INFO] CSV cache: btc_usdt_4h_ocpm.csv (4380 bars)
2026-04-05 00:40:53 [INFO] Sleeping 60s until next bar...
2026-04-05 00:41:53 [INFO] --- Iteration 4 ---
2026-04-05 00:41:53 [INFO] CSV cache: btc_usdt_4h_ocpm.csv (4380 bars)
2026-04-05 00:41:54 [INFO] Sleeping 60s until next bar...
2026-04-05 00:42:54 [INFO] --- Iteration 5 ---
2026-04-05 00:42:54 [INFO] CSV cache: btc_usdt_4h_ocpm.csv (4380 bars)
2026-04-05 00:42:54 [INFO] Sleeping 60s until next bar...
2026-04-05 00:43:54 [INFO] --- Iteration 6 ---
2026-04-05 00:43:54 [INFO] CSV cache: btc_usdt_4h_ocpm.csv (4380 bars)
2026-04-05 00:43:54 [INFO] Sleeping 60s until next bar...
2026-04-05 00:44:54 [INFO] --- Iteration 7 ---
2026-04-05 00:44:54 [INFO] CSV cache: btc_usdt_4h_ocpm.csv (4380 bars)
2026-04-05 00:44:54 [INFO] Sleeping 60s until next bar...
