2026-04-05 00:44:18 [INFO] Range Mean Reversion Backtest | Days: 730
2026-04-05 00:44:21 [INFO] Data: 2024-04-04 16:00:00 -> 2026-04-04 12:00:00 (4380 bars)
2026-04-05 00:44:21 [INFO] Range bars: 2082 (47.5%)
2026-04-05 00:44:21 [INFO] Long signals: 9, Short signals: 11
2026-04-05 00:44:21 [DEBUG]   SHORT @63277.84 RSI=67.8 SL=64572.93
2026-04-05 00:44:21 [DEBUG]   SHORT @63832.01 RSI=69.2 SL=65929.31
2026-04-05 00:44:21 [DEBUG]   SHORT @60329.37 RSI=69.1 SL=62024.61
2026-04-05 00:44:21 [DEBUG]   SHORT @102236.10 RSI=71.6 SL=105775.34
2026-04-05 00:44:21 [DEBUG]   LONG @101112.03 RSI=40.4 SL=97642.39
2026-04-05 00:44:21 [DEBUG]   LONG @99643.30 RSI=32.8 SL=96929.41
2026-04-05 00:44:21 [DEBUG]   LONG @95671.74 RSI=45.8 SL=93542.13
2026-04-05 00:44:21 [DEBUG]   SHORT @88222.00 RSI=76.1 SL=90008.81
2026-04-05 00:44:21 [DEBUG]   SHORT @86971.92 RSI=66.9 SL=88588.13
2026-04-05 00:44:21 [DEBUG]   LONG @102493.30 RSI=37.0 SL=100127.78
2026-04-05 00:44:21 [DEBUG]   SHORT @109568.02 RSI=70.8 SL=111579.96
2026-04-05 00:44:21 [DEBUG]   LONG @104895.00 RSI=35.1 SL=102443.62
2026-04-05 00:44:21 [DEBUG]   SHORT @111233.99 RSI=67.4 SL=113145.30
2026-04-05 00:44:21 [DEBUG]   LONG @107090.00 RSI=38.0 SL=104273.04
2026-04-05 00:44:21 [DEBUG]   LONG @86550.30 RSI=29.7 SL=84180.54
2026-04-05 00:44:21 [DEBUG]   LONG @86432.08 RSI=31.0 SL=84053.01
2026-04-05 00:44:21 [DEBUG]   LONG @65958.94 RSI=39.2 SL=64058.04
2026-04-05 00:44:21 [DEBUG]   SHORT @72666.77 RSI=67.4 SL=75985.76
2026-04-05 00:44:21 [INFO] 
======================================================================
  Range Mean Reversion - PERFORMANCE REPORT
======================================================================
  Final Value    : $99.83
  Total Return   : -0.17%
  Max Drawdown   : 4.42%
  Sharpe (ann.)  : -1.8941
----------------------------------------------------------------------
  Trades         : 18
  Win Rate       : 61.1%
  Profit Factor  : 1.03
  Avg Win        : $+0.59
  Avg Loss       : $-0.90
  Expectancy     : $+0.01
  Avg Hold       : 6.1 bars
----------------------------------------------------------------------
  TP rate        : 33.3%
  Stop Loss rate : 33.3%
----------------------------------------------------------------------
  LONG trades    : 9 (WR 56%)
  SHORT trades   : 9 (WR 67%)
======================================================================

======================================================================
 GO CHECK
======================================================================
  FAIL Return > 0%: -0.17%
  PASS MaxDD < 15%: 4.42%
  FAIL PF > 1.2: 1.03
  PASS EV > $0: $+0.01
  PASS WR > 50%: 61.1%

  Score: 3/5
  >>> CONDITIONAL <<<
======================================================================
