2026-04-05 00:42:47 [INFO] Range Mean Reversion Backtest | Days: 730
2026-04-05 00:42:48 [INFO] Data: 2024-04-04 16:00:00 -> 2026-04-04 12:00:00 (4380 bars)
2026-04-05 00:42:48 [INFO] Range bars: 553 (12.6%)
2026-04-05 00:42:48 [INFO] Long signals: 0, Short signals: 0
2026-04-05 00:42:48 [INFO] 
======================================================================
  Range Mean Reversion - PERFORMANCE REPORT
======================================================================
  Final Value    : $100.00
  Total Return   : +0.00%
  Max Drawdown   : 0.00%
  Sharpe (ann.)  : 0.0000
----------------------------------------------------------------------
  Trades         : 0
  Win Rate       : 0.0%
  Profit Factor  : 0.00
  Avg Win        : $+0.00
  Avg Loss       : $+0.00
  Expectancy     : $+0.00
  Avg Hold       : 0.0 bars
----------------------------------------------------------------------
  TP rate        : 0.0%
  Stop Loss rate : 0.0%
----------------------------------------------------------------------
  LONG trades    : 0 (WR 0%)
  SHORT trades   : 0 (WR 0%)
======================================================================

======================================================================
 GO CHECK
======================================================================
  FAIL Return > 0%: +0.00%
  PASS MaxDD < 15%: 0.00%
  FAIL PF > 1.2: 0.00
  FAIL EV > $0: $+0.00
  FAIL WR > 50%: 0.0%

  Score: 1/5
  >>> STOP <<<
======================================================================
