2026-04-05 00:43:33 [INFO] Range Mean Reversion Backtest | Days: 730
2026-04-05 00:43:35 [INFO] Data: 2024-04-04 16:00:00 -> 2026-04-04 12:00:00 (4380 bars)
2026-04-05 00:43:35 [INFO] Range bars: 2082 (47.5%)
2026-04-05 00:43:35 [INFO] Long signals: 27, Short signals: 37
2026-04-05 00:43:35 [DEBUG]   LONG @67116.52 RSI=34.7 SL=65163.38
2026-04-05 00:43:35 [DEBUG]   SHORT @66435.01 RSI=62.2 SL=68054.83
2026-04-05 00:43:35 [DEBUG]   SHORT @69204.00 RSI=61.1 SL=70355.36
2026-04-05 00:43:35 [DEBUG]   LONG @66691.99 RSI=51.1 SL=65584.06
2026-04-05 00:43:35 [DEBUG]   LONG @64232.01 RSI=40.8 SL=63067.58
2026-04-05 00:43:35 [DEBUG]   SHORT @63277.84 RSI=67.8 SL=64249.16
2026-04-05 00:43:35 [DEBUG]   LONG @64134.00 RSI=33.5 SL=62710.68
2026-04-05 00:43:35 [DEBUG]   SHORT @68104.00 RSI=52.8 SL=69636.08
2026-04-05 00:43:35 [DEBUG]   SHORT @63832.01 RSI=69.2 SL=65404.98
2026-04-05 00:43:35 [DEBUG]   SHORT @60329.37 RSI=69.1 SL=61600.80
2026-04-05 00:43:35 [DEBUG]   SHORT @59967.99 RSI=56.8 SL=61342.45
2026-04-05 00:43:35 [DEBUG]   SHORT @64711.06 RSI=60.8 SL=65959.57
2026-04-05 00:43:35 [DEBUG]   LONG @60865.29 RSI=36.0 SL=59730.91
2026-04-05 00:43:35 [DEBUG]   SHORT @68494.20 RSI=61.2 SL=69504.01
2026-04-05 00:43:35 [DEBUG]   LONG @68679.00 RSI=40.6 SL=67387.98
2026-04-05 00:43:35 [DEBUG]   LONG @94464.00 RSI=41.1 SL=92092.97
2026-04-05 00:43:35 [DEBUG]   SHORT @102236.10 RSI=71.6 SL=104890.53
2026-04-05 00:43:35 [DEBUG]   LONG @94417.04 RSI=47.8 SL=92471.96
2026-04-05 00:43:35 [DEBUG]   LONG @101112.03 RSI=40.4 SL=98509.80
2026-04-05 00:43:35 [DEBUG]   LONG @99643.30 RSI=32.8 SL=97607.88
2026-04-05 00:43:35 [DEBUG]   LONG @95671.74 RSI=45.8 SL=94074.53
2026-04-05 00:43:35 [DEBUG]   SHORT @98305.00 RSI=64.0 SL=99807.54
2026-04-05 00:43:35 [DEBUG]   SHORT @85891.02 RSI=61.9 SL=87854.47
2026-04-05 00:43:35 [DEBUG]   SHORT @88222.00 RSI=76.1 SL=89562.11
2026-04-05 00:43:35 [DEBUG]   SHORT @86971.92 RSI=66.9 SL=88184.08
2026-04-05 00:43:35 [DEBUG]   SHORT @87415.10 RSI=65.5 SL=88829.56
2026-04-05 00:43:35 [DEBUG]   SHORT @96523.26 RSI=62.6 SL=98107.00
2026-04-05 00:43:35 [DEBUG]   SHORT @103883.97 RSI=52.5 SL=105383.75
2026-04-05 00:43:35 [DEBUG]   SHORT @103605.88 RSI=49.4 SL=105617.71
2026-04-05 00:43:35 [DEBUG]   LONG @102493.30 RSI=37.0 SL=100719.16
2026-04-05 00:43:35 [DEBUG]   SHORT @107635.91 RSI=67.0 SL=109007.77
2026-04-05 00:43:35 [DEBUG]   SHORT @109568.02 RSI=70.8 SL=111076.98
2026-04-05 00:43:35 [DEBUG]   LONG @104895.00 RSI=35.1 SL=103056.47
2026-04-05 00:43:35 [DEBUG]   SHORT @106794.53 RSI=52.9 SL=108479.66
2026-04-05 00:43:35 [DEBUG]   SHORT @107750.72 RSI=58.0 SL=108885.53
2026-04-05 00:43:35 [DEBUG]   LONG @105681.14 RSI=37.6 SL=104442.53
2026-04-05 00:43:35 [DEBUG]   SHORT @108849.60 RSI=60.7 SL=110232.26
2026-04-05 00:43:35 [DEBUG]   SHORT @111233.99 RSI=67.4 SL=112667.47
2026-04-05 00:43:35 [DEBUG]   LONG @116543.58 RSI=41.3 SL=114422.68
2026-04-05 00:43:35 [DEBUG]   LONG @108377.40 RSI=33.8 SL=106358.33
2026-04-05 00:43:35 [DEBUG]   SHORT @113585.99 RSI=68.6 SL=115119.11
2026-04-05 00:43:35 [DEBUG]   LONG @107787.42 RSI=36.4 SL=105970.53
2026-04-05 00:43:35 [DEBUG]   LONG @107090.00 RSI=38.0 SL=104977.28
2026-04-05 00:43:35 [DEBUG]   LONG @99692.02 RSI=38.3 SL=97086.26
2026-04-05 00:43:35 [DEBUG]   SHORT @91371.88 RSI=68.1 SL=93563.02
2026-04-05 00:43:35 [DEBUG]   LONG @86550.30 RSI=29.7 SL=84772.98
2026-04-05 00:43:35 [DEBUG]   SHORT @92678.80 RSI=59.1 SL=94784.73
2026-04-05 00:43:35 [DEBUG]   LONG @86432.08 RSI=31.0 SL=84647.78
2026-04-05 00:43:35 [DEBUG]   SHORT @89726.92 RSI=62.6 SL=91266.84
2026-04-05 00:43:35 [DEBUG]   SHORT @89617.71 RSI=63.8 SL=90752.05
2026-04-05 00:43:35 [DEBUG]   SHORT @89577.13 RSI=58.4 SL=90847.53
2026-04-05 00:43:35 [DEBUG]   LONG @92841.62 RSI=34.6 SL=91632.87
2026-04-05 00:43:35 [DEBUG]   LONG @65958.94 RSI=39.2 SL=64533.26
2026-04-05 00:43:35 [DEBUG]   LONG @64656.02 RSI=34.9 SL=63127.04
2026-04-05 00:43:35 [DEBUG]   LONG @63844.20 RSI=34.8 SL=62014.18
2026-04-05 00:43:35 [DEBUG]   SHORT @72666.77 RSI=67.4 SL=75156.01
2026-04-05 00:43:35 [DEBUG]   SHORT @70043.63 RSI=56.9 SL=72072.13
2026-04-05 00:43:35 [DEBUG]   SHORT @71831.46 RSI=63.1 SL=73632.24
2026-04-05 00:43:35 [INFO] 
======================================================================
  Range Mean Reversion - PERFORMANCE REPORT
======================================================================
  Final Value    : $98.63
  Total Return   : -1.37%
  Max Drawdown   : 5.59%
  Sharpe (ann.)  : -1.2854
----------------------------------------------------------------------
  Trades         : 58
  Win Rate       : 50.0%
  Profit Factor  : 0.99
  Avg Win        : $+0.60
  Avg Loss       : $-0.61
  Expectancy     : $-0.00
  Avg Hold       : 4.7 bars
----------------------------------------------------------------------
  TP rate        : 53.4%
  Stop Loss rate : 39.7%
----------------------------------------------------------------------
  LONG trades    : 25 (WR 40%)
  SHORT trades   : 33 (WR 58%)
======================================================================

======================================================================
 GO CHECK
======================================================================
  FAIL Return > 0%: -1.37%
  PASS MaxDD < 15%: 5.59%
  FAIL PF > 1.2: 0.99
  FAIL EV > $0: $-0.00
  FAIL WR > 50%: 50.0%

  Score: 1/5
  >>> STOP <<<
======================================================================
