2026-04-10 17:48:27,346 [INFO] ================================================================================
2026-04-10 17:48:27,346 [INFO] REAL ACTIVE TRADER DISCOVERY
2026-04-10 17:48:27,346 [INFO] ================================================================================
2026-04-10 17:48:27,346 [INFO] Scanning last 7 days of BTC activity...
2026-04-10 17:48:27,346 [INFO] [1/10] Testing 0x863b676e5e4fea...
2026-04-10 17:48:27,542 [DEBUG]   [X] Not qualified
2026-04-10 17:48:27,542 [INFO] [2/10] Testing 0x932bdd2d5e2147...
2026-04-10 17:48:27,853 [INFO]   [OK] Qualified: 20 trades, EV: 3.21%
2026-04-10 17:48:27,853 [INFO] [3/10] Testing 0x523852be2db1a7...
2026-04-10 17:48:28,115 [DEBUG]   [X] Not qualified
2026-04-10 17:48:28,115 [INFO] [4/10] Testing 0x7B4eA7b8aE1d8e...
2026-04-10 17:48:28,187 [DEBUG]   [X] Not qualified
2026-04-10 17:48:28,187 [INFO] [5/10] Testing 0x9A5B6C7D8E9F0A...
2026-04-10 17:48:28,287 [DEBUG]   [X] Not qualified
2026-04-10 17:48:28,287 [INFO] [6/10] Testing 0x1C2D3E4F5A6B7C...
2026-04-10 17:48:28,354 [DEBUG]   [X] Not qualified
2026-04-10 17:48:28,354 [INFO] [7/10] Testing 0x3D4E5F6A7B8C9D...
2026-04-10 17:48:28,862 [DEBUG]   [X] Not qualified
2026-04-10 17:48:28,863 [INFO] [8/10] Testing 0x4E5F6A7B8C9D0E...
2026-04-10 17:48:28,956 [DEBUG]   [X] Not qualified
2026-04-10 17:48:28,956 [INFO] [9/10] Testing 0x1234567890abcd...
2026-04-10 17:48:29,061 [DEBUG]   [X] Not qualified
2026-04-10 17:48:29,062 [INFO] [10/10] Testing 0x9876543210fedc...
2026-04-10 17:48:29,143 [DEBUG]   [X] Not qualified
2026-04-10 17:48:29,143 [INFO] 
Qualified active traders: 1
