2026-03-04 23:34:41 [INFO] ======================================================================
2026-03-04 23:34:41 [INFO]  BTC/USDT 4H RSI SWING v6 - LIVE TRADER
2026-03-04 23:34:41 [INFO] ======================================================================
2026-03-04 23:34:41 [INFO] Python version: 3.10.11 (tags/v3.10.11:7d4cc5a, Apr  5 2023, 00:38:17) [MSC v.1929 64 bit (AMD64)]
2026-03-04 23:34:41 [INFO] Working directory: C:\Users\user\Desktop\cursor\trade
2026-03-04 23:34:41 [INFO] Script file: C:\Users\user\Desktop\cursor\trade\hl_rsi_swing_v6.py
2026-03-04 23:34:41 [INFO] Log file: C:\Users\user\Desktop\cursor\trade\rsi_swing_20260304_233441.log
2026-03-04 23:34:41 [INFO] ======================================================================
2026-03-04 23:34:42 [INFO] RSI SWING live trading 有効化: env=mainnet, address=0x8455b70a5a0d942eb9a1598a0e9e1214a3b31b55
2026-03-04 23:34:42 [INFO] Initialized RSI SWING trader for BTC 4h (rsi_period=14, OS=30.0, OB=70.0)
2026-03-04 23:34:42 [INFO] RSI SWING trader initialized successfully
2026-03-04 23:34:42 [INFO] Starting RSI SWING trading loop (live mode)...
2026-03-04 23:34:42 [ERROR] Error in RSI SWING loop: name 'rsi_ind' is not defined
2026-03-04 23:34:42 [INFO] Retrying in 60 seconds...
2026-03-04 23:35:42 [ERROR] Error in RSI SWING loop: name 'rsi_ind' is not defined
2026-03-04 23:35:42 [INFO] Retrying in 60 seconds...
2026-03-04 23:36:42 [ERROR] Error in RSI SWING loop: name 'rsi_ind' is not defined
2026-03-04 23:36:42 [INFO] Retrying in 60 seconds...
2026-03-04 23:37:42 [ERROR] Error in RSI SWING loop: name 'rsi_ind' is not defined
2026-03-04 23:37:42 [INFO] Retrying in 60 seconds...
2026-03-04 23:38:42 [ERROR] Error in RSI SWING loop: name 'rsi_ind' is not defined
2026-03-04 23:38:42 [INFO] Retrying in 60 seconds...
2026-03-04 23:39:42 [ERROR] Error in RSI SWING loop: name 'rsi_ind' is not defined
2026-03-04 23:39:42 [INFO] Retrying in 60 seconds...
2026-03-04 23:40:42 [ERROR] Error in RSI SWING loop: name 'rsi_ind' is not defined
2026-03-04 23:40:42 [INFO] Retrying in 60 seconds...
2026-03-04 23:41:42 [ERROR] Error in RSI SWING loop: name 'rsi_ind' is not defined
2026-03-04 23:41:42 [INFO] Retrying in 60 seconds...
2026-03-04 23:42:42 [ERROR] Error in RSI SWING loop: name 'rsi_ind' is not defined
2026-03-04 23:42:42 [INFO] Retrying in 60 seconds...
2026-03-04 23:43:42 [ERROR] Error in RSI SWING loop: name 'rsi_ind' is not defined
2026-03-04 23:43:42 [INFO] Retrying in 60 seconds...
2026-03-04 23:44:43 [ERROR] Error in RSI SWING loop: name 'rsi_ind' is not defined
2026-03-04 23:44:43 [INFO] Retrying in 60 seconds...
2026-03-04 23:45:43 [ERROR] Error in RSI SWING loop: name 'rsi_ind' is not defined
2026-03-04 23:45:43 [INFO] Retrying in 60 seconds...
2026-03-04 23:46:43 [ERROR] Error in RSI SWING loop: name 'rsi_ind' is not defined
2026-03-04 23:46:43 [INFO] Retrying in 60 seconds...
2026-03-04 23:47:43 [ERROR] Error in RSI SWING loop: name 'rsi_ind' is not defined
2026-03-04 23:47:43 [INFO] Retrying in 60 seconds...
2026-03-04 23:48:44 [ERROR] Error in RSI SWING loop: name 'rsi_ind' is not defined
2026-03-04 23:48:44 [INFO] Retrying in 60 seconds...
2026-03-04 23:49:44 [ERROR] Error in RSI SWING loop: name 'rsi_ind' is not defined
2026-03-04 23:49:44 [INFO] Retrying in 60 seconds...
2026-03-04 23:50:44 [ERROR] Error in RSI SWING loop: name 'rsi_ind' is not defined
2026-03-04 23:50:44 [INFO] Retrying in 60 seconds...
2026-03-04 23:51:45 [ERROR] Error in RSI SWING loop: name 'rsi_ind' is not defined
2026-03-04 23:51:45 [INFO] Retrying in 60 seconds...
2026-03-04 23:52:45 [ERROR] Error in RSI SWING loop: name 'rsi_ind' is not defined
2026-03-04 23:52:45 [INFO] Retrying in 60 seconds...
2026-03-04 23:53:45 [ERROR] Error in RSI SWING loop: name 'rsi_ind' is not defined
2026-03-04 23:53:45 [INFO] Retrying in 60 seconds...
2026-03-04 23:54:45 [ERROR] Error in RSI SWING loop: name 'rsi_ind' is not defined
2026-03-04 23:54:45 [INFO] Retrying in 60 seconds...
2026-03-04 23:55:45 [ERROR] Error in RSI SWING loop: name 'rsi_ind' is not defined
2026-03-04 23:55:45 [INFO] Retrying in 60 seconds...
2026-03-04 23:56:45 [ERROR] Error in RSI SWING loop: name 'rsi_ind' is not defined
2026-03-04 23:56:45 [INFO] Retrying in 60 seconds...
2026-03-04 23:57:45 [ERROR] Error in RSI SWING loop: name 'rsi_ind' is not defined
2026-03-04 23:57:45 [INFO] Retrying in 60 seconds...
2026-03-04 23:58:46 [ERROR] Error in RSI SWING loop: name 'rsi_ind' is not defined
2026-03-04 23:58:46 [INFO] Retrying in 60 seconds...
2026-03-04 23:59:46 [ERROR] Error in RSI SWING loop: name 'rsi_ind' is not defined
2026-03-04 23:59:46 [INFO] Retrying in 60 seconds...
2026-03-05 00:00:46 [ERROR] Error in RSI SWING loop: name 'rsi_ind' is not defined
2026-03-05 00:00:46 [INFO] Retrying in 60 seconds...
2026-03-05 00:01:46 [ERROR] Error in RSI SWING loop: name 'rsi_ind' is not defined
2026-03-05 00:01:46 [INFO] Retrying in 60 seconds...
2026-03-05 00:02:46 [ERROR] Error in RSI SWING loop: name 'rsi_ind' is not defined
2026-03-05 00:02:46 [INFO] Retrying in 60 seconds...
2026-03-05 00:03:46 [ERROR] Error in RSI SWING loop: name 'rsi_ind' is not defined
2026-03-05 00:03:46 [INFO] Retrying in 60 seconds...
2026-03-05 00:04:46 [ERROR] Error in RSI SWING loop: name 'rsi_ind' is not defined
2026-03-05 00:04:46 [INFO] Retrying in 60 seconds...
2026-03-05 00:05:46 [ERROR] Error in RSI SWING loop: name 'rsi_ind' is not defined
2026-03-05 00:05:46 [INFO] Retrying in 60 seconds...
