2026-03-05 00:06:53 [INFO] ======================================================================
2026-03-05 00:06:53 [INFO]  BTC/USDT 4H RSI SWING v6 - LIVE TRADER
2026-03-05 00:06:53 [INFO] ======================================================================
2026-03-05 00:06:53 [INFO] Python version: 3.10.11 (tags/v3.10.11:7d4cc5a, Apr  5 2023, 00:38:17) [MSC v.1929 64 bit (AMD64)]
2026-03-05 00:06:53 [INFO] Working directory: C:\Users\user\Desktop\cursor\trade
2026-03-05 00:06:53 [INFO] Script file: C:\Users\user\Desktop\cursor\trade\hl_rsi_swing_v6.py
2026-03-05 00:06:53 [INFO] Log file: C:\Users\user\Desktop\cursor\trade\rsi_swing_20260305_000653.log
2026-03-05 00:06:53 [INFO] ======================================================================
2026-03-05 00:06:54 [INFO] RSI SWING live trading 有効化: env=mainnet, address=0x8455b70a5a0d942eb9a1598a0e9e1214a3b31b55
2026-03-05 00:06:54 [INFO] Initialized RSI SWING trader for BTC 4h (rsi_period=14, OS=30.0, OB=70.0)
2026-03-05 00:06:54 [INFO] RSI SWING trader initialized successfully
2026-03-05 00:06:54 [INFO] Starting RSI SWING trading loop (live mode)...
2026-03-05 00:06:54 [INFO] BAR 2026-03-04T21:00:00 | Price=71700.00 RSI=68.60 (prev=66.68) EMA50=67456.60 ATR14=1627.66
2026-03-05 00:06:54 [INFO] No entry signal.
2026-03-05 00:06:54 [INFO] Sleeping for 60 seconds...
2026-03-05 00:07:54 [INFO] BAR 2026-03-04T21:00:00 | Price=71729.00 RSI=68.68 (prev=66.68) EMA50=67457.74 ATR14=1627.66
2026-03-05 00:07:54 [INFO] No entry signal.
2026-03-05 00:07:54 [INFO] Sleeping for 60 seconds...
2026-03-05 00:08:54 [INFO] BAR 2026-03-04T21:00:00 | Price=72057.00 RSI=69.60 (prev=66.68) EMA50=67470.60 ATR14=1627.66
2026-03-05 00:08:54 [INFO] No entry signal.
2026-03-05 00:08:54 [INFO] Sleeping for 60 seconds...
2026-03-05 00:09:54 [INFO] BAR 2026-03-04T21:00:00 | Price=71969.00 RSI=69.36 (prev=66.68) EMA50=67467.15 ATR14=1627.66
2026-03-05 00:09:54 [INFO] No entry signal.
2026-03-05 00:09:54 [INFO] Sleeping for 60 seconds...
2026-03-05 00:10:54 [INFO] BAR 2026-03-04T21:00:00 | Price=71982.00 RSI=69.40 (prev=66.68) EMA50=67467.66 ATR14=1627.66
2026-03-05 00:10:54 [INFO] No entry signal.
2026-03-05 00:10:54 [INFO] Sleeping for 60 seconds...
2026-03-05 00:11:55 [INFO] BAR 2026-03-04T21:00:00 | Price=72100.00 RSI=69.72 (prev=66.68) EMA50=67472.28 ATR14=1627.66
2026-03-05 00:11:55 [INFO] No entry signal.
2026-03-05 00:11:55 [INFO] Sleeping for 60 seconds...
2026-03-05 00:12:55 [INFO] BAR 2026-03-04T21:00:00 | Price=72045.00 RSI=69.57 (prev=66.68) EMA50=67470.13 ATR14=1627.66
2026-03-05 00:12:55 [INFO] No entry signal.
2026-03-05 00:12:55 [INFO] Sleeping for 60 seconds...
2026-03-05 00:13:55 [INFO] BAR 2026-03-04T21:00:00 | Price=72183.00 RSI=69.94 (prev=66.68) EMA50=67475.54 ATR14=1627.66
2026-03-05 00:13:55 [INFO] No entry signal.
2026-03-05 00:13:55 [INFO] Sleeping for 60 seconds...
2026-03-05 00:14:55 [INFO] BAR 2026-03-04T21:00:00 | Price=71956.00 RSI=69.33 (prev=66.68) EMA50=67466.64 ATR14=1627.66
2026-03-05 00:14:55 [INFO] No entry signal.
2026-03-05 00:14:55 [INFO] Sleeping for 60 seconds...
2026-03-05 00:15:55 [INFO] BAR 2026-03-04T21:00:00 | Price=71990.00 RSI=69.42 (prev=66.68) EMA50=67467.97 ATR14=1627.66
2026-03-05 00:15:55 [INFO] No entry signal.
2026-03-05 00:15:55 [INFO] Sleeping for 60 seconds...
2026-03-05 00:16:55 [INFO] BAR 2026-03-04T21:00:00 | Price=72151.00 RSI=69.86 (prev=66.68) EMA50=67474.28 ATR14=1627.66
2026-03-05 00:16:55 [INFO] No entry signal.
2026-03-05 00:16:55 [INFO] Sleeping for 60 seconds...
2026-03-05 00:17:55 [INFO] BAR 2026-03-04T21:00:00 | Price=72196.00 RSI=69.98 (prev=66.68) EMA50=67476.05 ATR14=1627.66
2026-03-05 00:17:55 [INFO] No entry signal.
2026-03-05 00:17:55 [INFO] Sleeping for 60 seconds...
2026-03-05 00:18:55 [INFO] BAR 2026-03-04T21:00:00 | Price=72124.00 RSI=69.78 (prev=66.68) EMA50=67473.23 ATR14=1627.66
2026-03-05 00:18:55 [INFO] No entry signal.
2026-03-05 00:18:55 [INFO] Sleeping for 60 seconds...
2026-03-05 00:19:55 [INFO] BAR 2026-03-04T21:00:00 | Price=72324.00 RSI=70.31 (prev=66.68) EMA50=67481.07 ATR14=1627.66
2026-03-05 00:19:55 [INFO] No entry signal.
2026-03-05 00:19:55 [INFO] Sleeping for 60 seconds...
2026-03-05 00:20:56 [INFO] BAR 2026-03-04T21:00:00 | Price=72459.00 RSI=70.66 (prev=66.68) EMA50=67486.36 ATR14=1627.66
2026-03-05 00:20:56 [INFO] No entry signal.
2026-03-05 00:20:56 [INFO] Sleeping for 60 seconds...
2026-03-05 00:21:56 [INFO] BAR 2026-03-04T21:00:00 | Price=72282.00 RSI=70.20 (prev=66.68) EMA50=67479.42 ATR14=1627.66
2026-03-05 00:21:56 [INFO] No entry signal.
2026-03-05 00:21:56 [INFO] Sleeping for 60 seconds...
2026-03-05 00:22:56 [INFO] BAR 2026-03-04T21:00:00 | Price=72273.00 RSI=70.18 (prev=66.68) EMA50=67479.07 ATR14=1627.66
2026-03-05 00:22:56 [INFO] No entry signal.
2026-03-05 00:22:56 [INFO] Sleeping for 60 seconds...
2026-03-05 00:23:56 [INFO] BAR 2026-03-04T21:00:00 | Price=72167.00 RSI=69.90 (prev=66.68) EMA50=67474.91 ATR14=1627.66
2026-03-05 00:23:56 [INFO] No entry signal.
2026-03-05 00:23:56 [INFO] Sleeping for 60 seconds...
2026-03-05 00:24:56 [INFO] BAR 2026-03-04T21:00:00 | Price=72252.00 RSI=70.13 (prev=66.68) EMA50=67478.25 ATR14=1627.66
2026-03-05 00:24:56 [INFO] No entry signal.
2026-03-05 00:24:56 [INFO] Sleeping for 60 seconds...
2026-03-05 00:25:56 [INFO] BAR 2026-03-04T21:00:00 | Price=72284.00 RSI=70.21 (prev=66.68) EMA50=67479.50 ATR14=1627.66
2026-03-05 00:25:56 [INFO] No entry signal.
2026-03-05 00:25:56 [INFO] Sleeping for 60 seconds...
2026-03-05 00:26:56 [INFO] BAR 2026-03-04T21:00:00 | Price=72667.00 RSI=71.18 (prev=66.68) EMA50=67494.52 ATR14=1639.52
2026-03-05 00:26:56 [INFO] No entry signal.
2026-03-05 00:26:56 [INFO] Sleeping for 60 seconds...
2026-03-05 00:27:56 [INFO] BAR 2026-03-04T21:00:00 | Price=72729.00 RSI=71.33 (prev=66.68) EMA50=67496.95 ATR14=1641.24
2026-03-05 00:27:56 [INFO] No entry signal.
2026-03-05 00:27:56 [INFO] Sleeping for 60 seconds...
2026-03-05 00:28:56 [INFO] BAR 2026-03-04T21:00:00 | Price=72740.00 RSI=71.36 (prev=66.68) EMA50=67497.38 ATR14=1641.24
2026-03-05 00:28:56 [INFO] No entry signal.
2026-03-05 00:28:56 [INFO] Sleeping for 60 seconds...
2026-03-05 00:29:56 [INFO] BAR 2026-03-04T21:00:00 | Price=72907.00 RSI=71.75 (prev=66.68) EMA50=67503.93 ATR14=1653.45
2026-03-05 00:29:56 [INFO] No entry signal.
2026-03-05 00:29:56 [INFO] Sleeping for 60 seconds...
2026-03-05 00:30:56 [INFO] BAR 2026-03-04T21:00:00 | Price=72785.00 RSI=71.46 (prev=66.68) EMA50=67499.15 ATR14=1653.95
2026-03-05 00:30:56 [INFO] No entry signal.
2026-03-05 00:30:56 [INFO] Sleeping for 60 seconds...
2026-03-05 00:31:56 [INFO] BAR 2026-03-04T21:00:00 | Price=73009.00 RSI=71.99 (prev=66.68) EMA50=67507.93 ATR14=1660.38
2026-03-05 00:31:56 [INFO] No entry signal.
2026-03-05 00:31:56 [INFO] Sleeping for 60 seconds...
2026-03-05 00:32:57 [INFO] BAR 2026-03-04T21:00:00 | Price=72815.00 RSI=71.54 (prev=66.68) EMA50=67500.32 ATR14=1660.38
2026-03-05 00:32:57 [INFO] No entry signal.
2026-03-05 00:32:57 [INFO] Sleeping for 60 seconds...
2026-03-05 00:33:57 [INFO] BAR 2026-03-04T21:00:00 | Price=72791.00 RSI=71.48 (prev=66.68) EMA50=67499.38 ATR14=1660.38
2026-03-05 00:33:57 [INFO] No entry signal.
2026-03-05 00:33:57 [INFO] Sleeping for 60 seconds...
2026-03-05 00:34:57 [INFO] BAR 2026-03-04T21:00:00 | Price=72830.00 RSI=71.57 (prev=66.68) EMA50=67500.91 ATR14=1660.38
2026-03-05 00:34:57 [INFO] No entry signal.
2026-03-05 00:34:57 [INFO] Sleeping for 60 seconds...
2026-03-05 00:35:57 [INFO] BAR 2026-03-04T21:00:00 | Price=72720.00 RSI=71.31 (prev=66.68) EMA50=67496.60 ATR14=1660.38
2026-03-05 00:35:57 [INFO] No entry signal.
2026-03-05 00:35:57 [INFO] Sleeping for 60 seconds...
2026-03-05 00:36:57 [INFO] BAR 2026-03-04T21:00:00 | Price=72714.00 RSI=71.29 (prev=66.68) EMA50=67496.36 ATR14=1660.38
2026-03-05 00:36:57 [INFO] No entry signal.
2026-03-05 00:36:57 [INFO] Sleeping for 60 seconds...
2026-03-05 00:37:57 [INFO] BAR 2026-03-04T21:00:00 | Price=72762.00 RSI=71.41 (prev=66.68) EMA50=67498.25 ATR14=1660.38
2026-03-05 00:37:57 [INFO] No entry signal.
2026-03-05 00:37:57 [INFO] Sleeping for 60 seconds...
2026-03-05 00:38:57 [INFO] BAR 2026-03-04T21:00:00 | Price=72637.00 RSI=71.10 (prev=66.68) EMA50=67493.34 ATR14=1660.38
2026-03-05 00:38:57 [INFO] No entry signal.
2026-03-05 00:38:57 [INFO] Sleeping for 60 seconds...
2026-03-05 00:39:57 [INFO] BAR 2026-03-04T21:00:00 | Price=72634.00 RSI=71.10 (prev=66.68) EMA50=67493.23 ATR14=1660.38
2026-03-05 00:39:57 [INFO] No entry signal.
2026-03-05 00:39:57 [INFO] Sleeping for 60 seconds...
2026-03-05 00:40:57 [INFO] BAR 2026-03-04T21:00:00 | Price=72672.00 RSI=71.19 (prev=66.68) EMA50=67494.72 ATR14=1660.38
2026-03-05 00:40:57 [INFO] No entry signal.
2026-03-05 00:40:57 [INFO] Sleeping for 60 seconds...
2026-03-05 00:41:57 [INFO] BAR 2026-03-04T21:00:00 | Price=72618.00 RSI=71.06 (prev=66.68) EMA50=67492.60 ATR14=1660.38
2026-03-05 00:41:57 [INFO] No entry signal.
2026-03-05 00:41:57 [INFO] Sleeping for 60 seconds...
2026-03-05 00:42:58 [INFO] BAR 2026-03-04T21:00:00 | Price=72700.00 RSI=71.26 (prev=66.68) EMA50=67495.81 ATR14=1660.38
2026-03-05 00:42:58 [INFO] No entry signal.
2026-03-05 00:42:58 [INFO] Sleeping for 60 seconds...
2026-03-05 00:43:58 [INFO] BAR 2026-03-04T21:00:00 | Price=72706.00 RSI=71.27 (prev=66.68) EMA50=67496.05 ATR14=1660.38
2026-03-05 00:43:58 [INFO] No entry signal.
2026-03-05 00:43:58 [INFO] Sleeping for 60 seconds...
2026-03-05 00:44:58 [INFO] BAR 2026-03-04T21:00:00 | Price=72641.00 RSI=71.11 (prev=66.68) EMA50=67493.50 ATR14=1660.38
2026-03-05 00:44:58 [INFO] No entry signal.
2026-03-05 00:44:58 [INFO] Sleeping for 60 seconds...
2026-03-05 00:45:58 [INFO] BAR 2026-03-04T21:00:00 | Price=72704.00 RSI=71.27 (prev=66.68) EMA50=67495.97 ATR14=1660.38
2026-03-05 00:45:58 [INFO] No entry signal.
2026-03-05 00:45:58 [INFO] Sleeping for 60 seconds...
2026-03-05 00:46:58 [INFO] BAR 2026-03-04T21:00:00 | Price=72861.00 RSI=71.65 (prev=66.68) EMA50=67502.13 ATR14=1660.38
2026-03-05 00:46:58 [INFO] No entry signal.
2026-03-05 00:46:58 [INFO] Sleeping for 60 seconds...
2026-03-05 00:48:17 [ERROR] Request error: ('Connection aborted.', RemoteDisconnected('Remote end closed connection without response'))
2026-03-05 00:48:17 [ERROR] Error fetching candles: ('Connection aborted.', RemoteDisconnected('Remote end closed connection without response'))
2026-03-05 00:48:17 [ERROR] No candle data. Sleeping 60 seconds.
2026-03-05 00:49:25 [ERROR] Request error: HTTPSConnectionPool(host='api.hyperliquid.xyz', port=443): Max retries exceeded with url: /info (Caused by NameResolutionError("HTTPSConnection(host='api.hyperliquid.xyz', port=443): Failed to resolve 'api.hyperliquid.xyz' ([Errno 11001] getaddrinfo failed)"))
2026-03-05 00:49:25 [ERROR] Error fetching candles: HTTPSConnectionPool(host='api.hyperliquid.xyz', port=443): Max retries exceeded with url: /info (Caused by NameResolutionError("HTTPSConnection(host='api.hyperliquid.xyz', port=443): Failed to resolve 'api.hyperliquid.xyz' ([Errno 11001] getaddrinfo failed)"))
2026-03-05 00:49:25 [ERROR] No candle data. Sleeping 60 seconds.
2026-03-05 00:50:36 [ERROR] Request error: HTTPSConnectionPool(host='api.hyperliquid.xyz', port=443): Max retries exceeded with url: /info (Caused by NameResolutionError("HTTPSConnection(host='api.hyperliquid.xyz', port=443): Failed to resolve 'api.hyperliquid.xyz' ([Errno 11001] getaddrinfo failed)"))
2026-03-05 00:50:36 [ERROR] Error fetching candles: HTTPSConnectionPool(host='api.hyperliquid.xyz', port=443): Max retries exceeded with url: /info (Caused by NameResolutionError("HTTPSConnection(host='api.hyperliquid.xyz', port=443): Failed to resolve 'api.hyperliquid.xyz' ([Errno 11001] getaddrinfo failed)"))
2026-03-05 00:50:36 [ERROR] No candle data. Sleeping 60 seconds.
2026-03-05 00:51:47 [ERROR] Request error: HTTPSConnectionPool(host='api.hyperliquid.xyz', port=443): Max retries exceeded with url: /info (Caused by NameResolutionError("HTTPSConnection(host='api.hyperliquid.xyz', port=443): Failed to resolve 'api.hyperliquid.xyz' ([Errno 11001] getaddrinfo failed)"))
2026-03-05 00:51:47 [ERROR] Error fetching candles: HTTPSConnectionPool(host='api.hyperliquid.xyz', port=443): Max retries exceeded with url: /info (Caused by NameResolutionError("HTTPSConnection(host='api.hyperliquid.xyz', port=443): Failed to resolve 'api.hyperliquid.xyz' ([Errno 11001] getaddrinfo failed)"))
2026-03-05 00:51:47 [ERROR] No candle data. Sleeping 60 seconds.
