2026-03-07 23:29:56 [INFO] ======================================================================
2026-03-07 23:29:56 [INFO]  BTC/USDT 4H RSI SWING v6 - LIVE TRADER
2026-03-07 23:29:56 [INFO] ======================================================================
2026-03-07 23:29:56 [INFO] Python version: 3.10.11 (tags/v3.10.11:7d4cc5a, Apr  5 2023, 00:38:17) [MSC v.1929 64 bit (AMD64)]
2026-03-07 23:29:56 [INFO] Working directory: C:\Users\user\Desktop\cursor\trade
2026-03-07 23:29:56 [INFO] Script file: C:\Users\user\Desktop\cursor\trade\hl_rsi_swing_v6.py
2026-03-07 23:29:56 [INFO] Log file: C:\Users\user\Desktop\cursor\trade\rsi_swing_20260307_232956.log
2026-03-07 23:29:56 [INFO] ======================================================================
2026-03-07 23:29:57 [ERROR] RSI SWING Hyperliquid SDK 初期化失敗: HTTPSConnectionPool(host='api.hyperliquid.xyz', port=443): Max retries exceeded with url: /info (Caused by NameResolutionError("HTTPSConnection(host='api.hyperliquid.xyz', port=443): Failed to resolve 'api.hyperliquid.xyz' ([Errno 11001] getaddrinfo failed)")) -> paper モード
2026-03-07 23:29:57 [INFO] Initialized RSI SWING trader for BTC 4h (rsi_period=14, OS=30.0, OB=70.0)
2026-03-07 23:29:57 [INFO] RSI SWING trader initialized successfully
2026-03-07 23:29:57 [INFO] Starting RSI SWING trading loop (paper mode)...
2026-03-07 23:29:57 [ERROR] Request error: HTTPSConnectionPool(host='api.hyperliquid.xyz', port=443): Max retries exceeded with url: /info (Caused by NameResolutionError("HTTPSConnection(host='api.hyperliquid.xyz', port=443): Failed to resolve 'api.hyperliquid.xyz' ([Errno 11001] getaddrinfo failed)"))
2026-03-07 23:29:57 [ERROR] Error fetching candles: HTTPSConnectionPool(host='api.hyperliquid.xyz', port=443): Max retries exceeded with url: /info (Caused by NameResolutionError("HTTPSConnection(host='api.hyperliquid.xyz', port=443): Failed to resolve 'api.hyperliquid.xyz' ([Errno 11001] getaddrinfo failed)"))
2026-03-07 23:29:57 [ERROR] No candle data. Sleeping 60 seconds.
2026-03-07 23:30:57 [INFO] BAR 2026-03-07T21:00:00 | Price=67797.00 RSI=40.07 (prev=41.06) EMA50=68748.26 ATR14=1170.83
2026-03-07 23:30:57 [INFO] No entry signal.
2026-03-07 23:30:57 [INFO] Sleeping for 60 seconds...
2026-03-07 23:31:57 [INFO] BAR 2026-03-07T21:00:00 | Price=67778.00 RSI=39.97 (prev=41.06) EMA50=68747.52 ATR14=1170.83
2026-03-07 23:31:57 [INFO] No entry signal.
2026-03-07 23:31:57 [INFO] Sleeping for 60 seconds...
2026-03-07 23:32:58 [INFO] BAR 2026-03-07T21:00:00 | Price=67776.00 RSI=39.96 (prev=41.06) EMA50=68747.44 ATR14=1170.83
2026-03-07 23:32:58 [INFO] No entry signal.
2026-03-07 23:32:58 [INFO] Sleeping for 60 seconds...
2026-03-07 23:33:58 [INFO] BAR 2026-03-07T21:00:00 | Price=67787.00 RSI=40.02 (prev=41.06) EMA50=68747.87 ATR14=1170.83
2026-03-07 23:33:58 [INFO] No entry signal.
2026-03-07 23:33:58 [INFO] Sleeping for 60 seconds...
2026-03-07 23:34:58 [INFO] BAR 2026-03-07T21:00:00 | Price=67778.00 RSI=39.97 (prev=41.06) EMA50=68747.52 ATR14=1170.83
2026-03-07 23:34:58 [INFO] No entry signal.
2026-03-07 23:34:58 [INFO] Sleeping for 60 seconds...
2026-03-07 23:35:58 [INFO] BAR 2026-03-07T21:00:00 | Price=67831.00 RSI=40.25 (prev=41.06) EMA50=68749.59 ATR14=1170.83
2026-03-07 23:35:58 [INFO] No entry signal.
2026-03-07 23:35:58 [INFO] Sleeping for 60 seconds...
2026-03-07 23:36:58 [INFO] BAR 2026-03-07T21:00:00 | Price=67819.00 RSI=40.18 (prev=41.06) EMA50=68749.12 ATR14=1170.83
2026-03-07 23:36:58 [INFO] No entry signal.
2026-03-07 23:36:58 [INFO] Sleeping for 60 seconds...
2026-03-07 23:37:58 [INFO] BAR 2026-03-07T21:00:00 | Price=67822.00 RSI=40.20 (prev=41.06) EMA50=68749.24 ATR14=1170.83
2026-03-07 23:37:58 [INFO] No entry signal.
2026-03-07 23:37:58 [INFO] Sleeping for 60 seconds...
2026-03-07 23:38:58 [INFO] BAR 2026-03-07T21:00:00 | Price=67890.00 RSI=40.56 (prev=41.06) EMA50=68751.91 ATR14=1170.83
2026-03-07 23:38:58 [INFO] No entry signal.
2026-03-07 23:38:58 [INFO] Sleeping for 60 seconds...
2026-03-07 23:39:58 [INFO] BAR 2026-03-07T21:00:00 | Price=68050.00 RSI=41.60 (prev=41.06) EMA50=68758.18 ATR14=1170.83
2026-03-07 23:39:58 [INFO] No entry signal.
2026-03-07 23:39:58 [INFO] Sleeping for 60 seconds...
2026-03-07 23:40:58 [INFO] BAR 2026-03-07T21:00:00 | Price=68000.00 RSI=41.21 (prev=41.06) EMA50=68756.22 ATR14=1170.83
2026-03-07 23:40:58 [INFO] No entry signal.
2026-03-07 23:40:58 [INFO] Sleeping for 60 seconds...
2026-03-07 23:41:58 [INFO] BAR 2026-03-07T21:00:00 | Price=68018.00 RSI=41.35 (prev=41.06) EMA50=68756.93 ATR14=1170.83
2026-03-07 23:41:58 [INFO] No entry signal.
2026-03-07 23:41:58 [INFO] Sleeping for 60 seconds...
2026-03-07 23:42:58 [INFO] BAR 2026-03-07T21:00:00 | Price=68019.00 RSI=41.36 (prev=41.06) EMA50=68756.97 ATR14=1170.83
2026-03-07 23:42:58 [INFO] No entry signal.
2026-03-07 23:42:58 [INFO] Sleeping for 60 seconds...
2026-03-07 23:43:59 [INFO] BAR 2026-03-07T21:00:00 | Price=68001.00 RSI=41.22 (prev=41.06) EMA50=68756.26 ATR14=1170.83
2026-03-07 23:43:59 [INFO] No entry signal.
2026-03-07 23:43:59 [INFO] Sleeping for 60 seconds...
2026-03-07 23:44:59 [INFO] BAR 2026-03-07T21:00:00 | Price=67995.00 RSI=41.17 (prev=41.06) EMA50=68756.03 ATR14=1170.83
2026-03-07 23:44:59 [INFO] No entry signal.
2026-03-07 23:44:59 [INFO] Sleeping for 60 seconds...
2026-03-07 23:45:59 [INFO] BAR 2026-03-07T21:00:00 | Price=68010.00 RSI=41.29 (prev=41.06) EMA50=68756.61 ATR14=1170.83
2026-03-07 23:45:59 [INFO] No entry signal.
2026-03-07 23:45:59 [INFO] Sleeping for 60 seconds...
2026-03-07 23:46:59 [INFO] BAR 2026-03-07T21:00:00 | Price=68018.00 RSI=41.35 (prev=41.06) EMA50=68756.93 ATR14=1170.83
2026-03-07 23:46:59 [INFO] No entry signal.
2026-03-07 23:46:59 [INFO] Sleeping for 60 seconds...
2026-03-07 23:47:59 [INFO] BAR 2026-03-07T21:00:00 | Price=67995.00 RSI=41.17 (prev=41.06) EMA50=68756.03 ATR14=1170.83
2026-03-07 23:47:59 [INFO] No entry signal.
2026-03-07 23:47:59 [INFO] Sleeping for 60 seconds...
2026-03-07 23:48:59 [INFO] BAR 2026-03-07T21:00:00 | Price=67965.00 RSI=40.97 (prev=41.06) EMA50=68754.85 ATR14=1170.83
2026-03-07 23:48:59 [INFO] No entry signal.
2026-03-07 23:48:59 [INFO] Sleeping for 60 seconds...
2026-03-07 23:49:59 [INFO] BAR 2026-03-07T21:00:00 | Price=68009.00 RSI=41.28 (prev=41.06) EMA50=68756.57 ATR14=1170.83
2026-03-07 23:49:59 [INFO] No entry signal.
2026-03-07 23:49:59 [INFO] Sleeping for 60 seconds...
2026-03-07 23:50:59 [INFO] BAR 2026-03-07T21:00:00 | Price=68003.00 RSI=41.23 (prev=41.06) EMA50=68756.34 ATR14=1170.83
2026-03-07 23:50:59 [INFO] No entry signal.
2026-03-07 23:50:59 [INFO] Sleeping for 60 seconds...
2026-03-07 23:51:59 [INFO] BAR 2026-03-07T21:00:00 | Price=68025.00 RSI=41.41 (prev=41.06) EMA50=68757.20 ATR14=1170.83
2026-03-07 23:51:59 [INFO] No entry signal.
2026-03-07 23:51:59 [INFO] Sleeping for 60 seconds...
2026-03-07 23:52:59 [INFO] BAR 2026-03-07T21:00:00 | Price=68001.00 RSI=41.22 (prev=41.06) EMA50=68756.26 ATR14=1170.83
2026-03-07 23:52:59 [INFO] No entry signal.
2026-03-07 23:52:59 [INFO] Sleeping for 60 seconds...
2026-03-07 23:54:00 [INFO] BAR 2026-03-07T21:00:00 | Price=68016.00 RSI=41.34 (prev=41.06) EMA50=68756.85 ATR14=1170.83
2026-03-07 23:54:00 [INFO] No entry signal.
2026-03-07 23:54:00 [INFO] Sleeping for 60 seconds...
2026-03-07 23:55:00 [INFO] BAR 2026-03-07T21:00:00 | Price=68021.00 RSI=41.38 (prev=41.06) EMA50=68757.05 ATR14=1170.83
2026-03-07 23:55:00 [INFO] No entry signal.
2026-03-07 23:55:00 [INFO] Sleeping for 60 seconds...
2026-03-07 23:56:00 [INFO] BAR 2026-03-07T21:00:00 | Price=68014.00 RSI=41.32 (prev=41.06) EMA50=68756.77 ATR14=1170.83
2026-03-07 23:56:00 [INFO] No entry signal.
2026-03-07 23:56:00 [INFO] Sleeping for 60 seconds...
2026-03-07 23:57:00 [INFO] BAR 2026-03-07T21:00:00 | Price=68009.00 RSI=41.28 (prev=41.06) EMA50=68756.57 ATR14=1170.83
2026-03-07 23:57:00 [INFO] No entry signal.
2026-03-07 23:57:00 [INFO] Sleeping for 60 seconds...
2026-03-07 23:58:00 [INFO] BAR 2026-03-07T21:00:00 | Price=68007.00 RSI=41.27 (prev=41.06) EMA50=68756.50 ATR14=1170.83
2026-03-07 23:58:00 [INFO] No entry signal.
2026-03-07 23:58:00 [INFO] Sleeping for 60 seconds...
2026-03-07 23:59:00 [INFO] BAR 2026-03-07T21:00:00 | Price=68010.00 RSI=41.29 (prev=41.06) EMA50=68756.61 ATR14=1170.83
2026-03-07 23:59:00 [INFO] No entry signal.
2026-03-07 23:59:00 [INFO] Sleeping for 60 seconds...
2026-03-08 00:00:01 [INFO] BAR 2026-03-07T21:00:00 | Price=68000.00 RSI=41.21 (prev=41.06) EMA50=68756.22 ATR14=1170.83
2026-03-08 00:00:01 [INFO] No entry signal.
2026-03-08 00:00:01 [INFO] Sleeping for 60 seconds...
2026-03-08 00:01:01 [INFO] BAR 2026-03-07T21:00:00 | Price=67987.00 RSI=41.11 (prev=41.06) EMA50=68755.71 ATR14=1170.83
2026-03-08 00:01:01 [INFO] No entry signal.
2026-03-08 00:01:01 [INFO] Sleeping for 60 seconds...
2026-03-08 00:02:01 [INFO] BAR 2026-03-07T21:00:00 | Price=67969.00 RSI=40.99 (prev=41.06) EMA50=68755.01 ATR14=1170.83
2026-03-08 00:02:01 [INFO] No entry signal.
2026-03-08 00:02:01 [INFO] Sleeping for 60 seconds...
2026-03-08 00:03:01 [INFO] BAR 2026-03-07T21:00:00 | Price=67968.00 RSI=40.99 (prev=41.06) EMA50=68754.97 ATR14=1170.83
2026-03-08 00:03:01 [INFO] No entry signal.
2026-03-08 00:03:01 [INFO] Sleeping for 60 seconds...
2026-03-08 00:04:01 [INFO] BAR 2026-03-07T21:00:00 | Price=67983.00 RSI=41.08 (prev=41.06) EMA50=68755.55 ATR14=1170.83
2026-03-08 00:04:01 [INFO] No entry signal.
2026-03-08 00:04:01 [INFO] Sleeping for 60 seconds...
2026-03-08 00:05:01 [INFO] BAR 2026-03-07T21:00:00 | Price=67972.00 RSI=41.01 (prev=41.06) EMA50=68755.12 ATR14=1170.83
2026-03-08 00:05:01 [INFO] No entry signal.
2026-03-08 00:05:01 [INFO] Sleeping for 60 seconds...
2026-03-08 00:06:01 [INFO] BAR 2026-03-07T21:00:00 | Price=67954.00 RSI=40.91 (prev=41.06) EMA50=68754.42 ATR14=1170.83
2026-03-08 00:06:01 [INFO] No entry signal.
2026-03-08 00:06:01 [INFO] Sleeping for 60 seconds...
2026-03-08 00:07:01 [INFO] BAR 2026-03-07T21:00:00 | Price=67983.00 RSI=41.08 (prev=41.06) EMA50=68755.55 ATR14=1170.83
2026-03-08 00:07:01 [INFO] No entry signal.
2026-03-08 00:07:01 [INFO] Sleeping for 60 seconds...
2026-03-08 00:08:02 [INFO] BAR 2026-03-07T21:00:00 | Price=67993.00 RSI=41.16 (prev=41.06) EMA50=68755.95 ATR14=1170.83
2026-03-08 00:08:02 [INFO] No entry signal.
2026-03-08 00:08:02 [INFO] Sleeping for 60 seconds...
2026-03-08 00:09:02 [INFO] BAR 2026-03-07T21:00:00 | Price=67984.00 RSI=41.08 (prev=41.06) EMA50=68755.59 ATR14=1170.83
2026-03-08 00:09:02 [INFO] No entry signal.
2026-03-08 00:09:02 [INFO] Sleeping for 60 seconds...
2026-03-08 00:10:02 [INFO] BAR 2026-03-07T21:00:00 | Price=67980.00 RSI=41.05 (prev=41.06) EMA50=68755.44 ATR14=1170.83
2026-03-08 00:10:02 [INFO] No entry signal.
2026-03-08 00:10:02 [INFO] Sleeping for 60 seconds...
2026-03-08 00:11:03 [INFO] BAR 2026-03-07T21:00:00 | Price=67938.00 RSI=40.82 (prev=41.06) EMA50=68753.79 ATR14=1170.83
2026-03-08 00:11:03 [INFO] No entry signal.
2026-03-08 00:11:03 [INFO] Sleeping for 60 seconds...
2026-03-08 00:12:03 [INFO] BAR 2026-03-07T21:00:00 | Price=67930.00 RSI=40.78 (prev=41.06) EMA50=68753.48 ATR14=1170.83
2026-03-08 00:12:03 [INFO] No entry signal.
2026-03-08 00:12:03 [INFO] Sleeping for 60 seconds...
2026-03-08 00:13:03 [INFO] BAR 2026-03-07T21:00:00 | Price=67929.00 RSI=40.78 (prev=41.06) EMA50=68753.44 ATR14=1170.83
2026-03-08 00:13:03 [INFO] No entry signal.
2026-03-08 00:13:03 [INFO] Sleeping for 60 seconds...
2026-03-08 00:14:03 [INFO] BAR 2026-03-07T21:00:00 | Price=67935.00 RSI=40.81 (prev=41.06) EMA50=68753.67 ATR14=1170.83
2026-03-08 00:14:03 [INFO] No entry signal.
2026-03-08 00:14:03 [INFO] Sleeping for 60 seconds...
2026-03-08 00:15:03 [INFO] BAR 2026-03-07T21:00:00 | Price=67908.00 RSI=40.66 (prev=41.06) EMA50=68752.61 ATR14=1170.83
2026-03-08 00:15:03 [INFO] No entry signal.
2026-03-08 00:15:03 [INFO] Sleeping for 60 seconds...
2026-03-08 00:16:03 [INFO] BAR 2026-03-07T21:00:00 | Price=67957.00 RSI=40.93 (prev=41.06) EMA50=68754.54 ATR14=1170.83
2026-03-08 00:16:03 [INFO] No entry signal.
2026-03-08 00:16:03 [INFO] Sleeping for 60 seconds...
2026-03-08 00:17:03 [INFO] BAR 2026-03-07T21:00:00 | Price=67967.00 RSI=40.98 (prev=41.06) EMA50=68754.93 ATR14=1170.83
2026-03-08 00:17:03 [INFO] No entry signal.
2026-03-08 00:17:03 [INFO] Sleeping for 60 seconds...
2026-03-08 00:18:03 [INFO] BAR 2026-03-07T21:00:00 | Price=67970.00 RSI=41.00 (prev=41.06) EMA50=68755.05 ATR14=1170.83
2026-03-08 00:18:03 [INFO] No entry signal.
2026-03-08 00:18:03 [INFO] Sleeping for 60 seconds...
2026-03-08 00:19:03 [INFO] BAR 2026-03-07T21:00:00 | Price=67947.00 RSI=40.87 (prev=41.06) EMA50=68754.14 ATR14=1170.83
2026-03-08 00:19:03 [INFO] No entry signal.
2026-03-08 00:19:03 [INFO] Sleeping for 60 seconds...
2026-03-08 00:20:03 [INFO] BAR 2026-03-07T21:00:00 | Price=67900.00 RSI=40.62 (prev=41.06) EMA50=68752.30 ATR14=1170.83
2026-03-08 00:20:03 [INFO] No entry signal.
2026-03-08 00:20:03 [INFO] Sleeping for 60 seconds...
2026-03-08 00:21:03 [INFO] BAR 2026-03-07T21:00:00 | Price=67881.00 RSI=40.52 (prev=41.06) EMA50=68751.55 ATR14=1170.83
2026-03-08 00:21:03 [INFO] No entry signal.
2026-03-08 00:21:03 [INFO] Sleeping for 60 seconds...
2026-03-08 00:22:03 [INFO] BAR 2026-03-07T21:00:00 | Price=67863.00 RSI=40.42 (prev=41.06) EMA50=68750.85 ATR14=1170.83
2026-03-08 00:22:03 [INFO] No entry signal.
2026-03-08 00:22:03 [INFO] Sleeping for 60 seconds...
2026-03-08 00:23:03 [INFO] BAR 2026-03-07T21:00:00 | Price=67899.00 RSI=40.61 (prev=41.06) EMA50=68752.26 ATR14=1170.83
2026-03-08 00:23:03 [INFO] No entry signal.
2026-03-08 00:23:03 [INFO] Sleeping for 60 seconds...
2026-03-08 00:24:03 [INFO] BAR 2026-03-07T21:00:00 | Price=67927.00 RSI=40.76 (prev=41.06) EMA50=68753.36 ATR14=1170.83
2026-03-08 00:24:03 [INFO] No entry signal.
2026-03-08 00:24:03 [INFO] Sleeping for 60 seconds...
2026-03-08 00:25:03 [INFO] BAR 2026-03-07T21:00:00 | Price=67930.00 RSI=40.78 (prev=41.06) EMA50=68753.48 ATR14=1170.83
2026-03-08 00:25:03 [INFO] No entry signal.
2026-03-08 00:25:03 [INFO] Sleeping for 60 seconds...
2026-03-08 00:26:04 [INFO] BAR 2026-03-07T21:00:00 | Price=67927.00 RSI=40.76 (prev=41.06) EMA50=68753.36 ATR14=1170.83
2026-03-08 00:26:04 [INFO] No entry signal.
2026-03-08 00:26:04 [INFO] Sleeping for 60 seconds...
2026-03-08 00:27:04 [INFO] BAR 2026-03-07T21:00:00 | Price=67911.00 RSI=40.68 (prev=41.06) EMA50=68752.73 ATR14=1170.83
2026-03-08 00:27:04 [INFO] No entry signal.
2026-03-08 00:27:04 [INFO] Sleeping for 60 seconds...
2026-03-08 00:28:04 [INFO] BAR 2026-03-07T21:00:00 | Price=67906.00 RSI=40.65 (prev=41.06) EMA50=68752.54 ATR14=1170.83
2026-03-08 00:28:04 [INFO] No entry signal.
2026-03-08 00:28:04 [INFO] Sleeping for 60 seconds...
2026-03-08 00:29:04 [INFO] BAR 2026-03-07T21:00:00 | Price=67906.00 RSI=40.65 (prev=41.06) EMA50=68752.54 ATR14=1170.83
2026-03-08 00:29:04 [INFO] No entry signal.
2026-03-08 00:29:04 [INFO] Sleeping for 60 seconds...
2026-03-08 00:30:04 [INFO] BAR 2026-03-07T21:00:00 | Price=67937.00 RSI=40.82 (prev=41.06) EMA50=68753.75 ATR14=1170.83
2026-03-08 00:30:04 [INFO] No entry signal.
2026-03-08 00:30:04 [INFO] Sleeping for 60 seconds...
2026-03-08 00:31:04 [INFO] BAR 2026-03-07T21:00:00 | Price=67916.00 RSI=40.70 (prev=41.06) EMA50=68752.93 ATR14=1170.83
2026-03-08 00:31:04 [INFO] No entry signal.
2026-03-08 00:31:04 [INFO] Sleeping for 60 seconds...
2026-03-08 00:32:04 [INFO] BAR 2026-03-07T21:00:00 | Price=67896.00 RSI=40.60 (prev=41.06) EMA50=68752.14 ATR14=1170.83
2026-03-08 00:32:04 [INFO] No entry signal.
2026-03-08 00:32:04 [INFO] Sleeping for 60 seconds...
2026-03-08 00:33:04 [INFO] BAR 2026-03-07T21:00:00 | Price=67944.00 RSI=40.86 (prev=41.06) EMA50=68754.03 ATR14=1170.83
2026-03-08 00:33:04 [INFO] No entry signal.
2026-03-08 00:33:04 [INFO] Sleeping for 60 seconds...
2026-03-08 00:34:04 [INFO] BAR 2026-03-07T21:00:00 | Price=67986.00 RSI=41.10 (prev=41.06) EMA50=68755.67 ATR14=1170.83
2026-03-08 00:34:04 [INFO] No entry signal.
2026-03-08 00:34:04 [INFO] Sleeping for 60 seconds...
2026-03-08 00:35:04 [INFO] BAR 2026-03-07T21:00:00 | Price=67985.00 RSI=41.09 (prev=41.06) EMA50=68755.63 ATR14=1170.83
2026-03-08 00:35:04 [INFO] No entry signal.
2026-03-08 00:35:04 [INFO] Sleeping for 60 seconds...
2026-03-08 00:36:04 [INFO] BAR 2026-03-07T21:00:00 | Price=68004.00 RSI=41.24 (prev=41.06) EMA50=68756.38 ATR14=1170.83
2026-03-08 00:36:04 [INFO] No entry signal.
2026-03-08 00:36:04 [INFO] Sleeping for 60 seconds...
2026-03-08 00:37:04 [INFO] BAR 2026-03-07T21:00:00 | Price=67968.00 RSI=40.99 (prev=41.06) EMA50=68754.97 ATR14=1170.83
2026-03-08 00:37:04 [INFO] No entry signal.
2026-03-08 00:37:04 [INFO] Sleeping for 60 seconds...
2026-03-08 00:38:04 [INFO] BAR 2026-03-07T21:00:00 | Price=67932.00 RSI=40.79 (prev=41.06) EMA50=68753.55 ATR14=1170.83
2026-03-08 00:38:04 [INFO] No entry signal.
2026-03-08 00:38:04 [INFO] Sleeping for 60 seconds...
2026-03-08 00:39:04 [INFO] BAR 2026-03-07T21:00:00 | Price=67876.00 RSI=40.49 (prev=41.06) EMA50=68751.36 ATR14=1170.83
2026-03-08 00:39:04 [INFO] No entry signal.
2026-03-08 00:39:04 [INFO] Sleeping for 60 seconds...
2026-03-08 00:40:04 [INFO] BAR 2026-03-07T21:00:00 | Price=67818.00 RSI=40.18 (prev=41.06) EMA50=68749.08 ATR14=1170.83
2026-03-08 00:40:04 [INFO] No entry signal.
2026-03-08 00:40:04 [INFO] Sleeping for 60 seconds...
2026-03-08 00:41:04 [INFO] BAR 2026-03-07T21:00:00 | Price=67773.00 RSI=39.94 (prev=41.06) EMA50=68747.32 ATR14=1170.83
2026-03-08 00:41:04 [INFO] No entry signal.
2026-03-08 00:41:04 [INFO] Sleeping for 60 seconds...
2026-03-08 00:42:04 [INFO] BAR 2026-03-07T21:00:00 | Price=67796.00 RSI=40.06 (prev=41.06) EMA50=68748.22 ATR14=1170.83
2026-03-08 00:42:04 [INFO] No entry signal.
2026-03-08 00:42:04 [INFO] Sleeping for 60 seconds...
2026-03-08 00:43:05 [INFO] BAR 2026-03-07T21:00:00 | Price=67790.00 RSI=40.03 (prev=41.06) EMA50=68747.99 ATR14=1170.83
2026-03-08 00:43:05 [INFO] No entry signal.
2026-03-08 00:43:05 [INFO] Sleeping for 60 seconds...
2026-03-08 00:44:05 [INFO] BAR 2026-03-07T21:00:00 | Price=67791.00 RSI=40.04 (prev=41.06) EMA50=68748.03 ATR14=1170.83
2026-03-08 00:44:05 [INFO] No entry signal.
2026-03-08 00:44:05 [INFO] Sleeping for 60 seconds...
2026-03-08 00:45:05 [INFO] BAR 2026-03-07T21:00:00 | Price=67805.00 RSI=40.11 (prev=41.06) EMA50=68748.57 ATR14=1170.83
2026-03-08 00:45:05 [INFO] No entry signal.
2026-03-08 00:45:05 [INFO] Sleeping for 60 seconds...
2026-03-08 00:46:05 [INFO] BAR 2026-03-07T21:00:00 | Price=67765.00 RSI=39.90 (prev=41.06) EMA50=68747.01 ATR14=1170.83
2026-03-08 00:46:05 [INFO] No entry signal.
2026-03-08 00:46:05 [INFO] Sleeping for 60 seconds...
2026-03-08 00:47:05 [INFO] BAR 2026-03-07T21:00:00 | Price=67811.00 RSI=40.14 (prev=41.06) EMA50=68748.81 ATR14=1170.83
2026-03-08 00:47:05 [INFO] No entry signal.
2026-03-08 00:47:05 [INFO] Sleeping for 60 seconds...
2026-03-08 00:48:05 [INFO] BAR 2026-03-07T21:00:00 | Price=67828.00 RSI=40.23 (prev=41.06) EMA50=68749.48 ATR14=1170.83
2026-03-08 00:48:05 [INFO] No entry signal.
2026-03-08 00:48:05 [INFO] Sleeping for 60 seconds...
2026-03-08 00:49:05 [INFO] BAR 2026-03-07T21:00:00 | Price=67838.00 RSI=40.29 (prev=41.06) EMA50=68749.87 ATR14=1170.83
2026-03-08 00:49:05 [INFO] No entry signal.
2026-03-08 00:49:05 [INFO] Sleeping for 60 seconds...
2026-03-08 00:50:05 [INFO] BAR 2026-03-07T21:00:00 | Price=67822.00 RSI=40.20 (prev=41.06) EMA50=68749.24 ATR14=1170.83
2026-03-08 00:50:05 [INFO] No entry signal.
2026-03-08 00:50:05 [INFO] Sleeping for 60 seconds...
2026-03-08 00:51:05 [INFO] BAR 2026-03-07T21:00:00 | Price=67831.00 RSI=40.25 (prev=41.06) EMA50=68749.59 ATR14=1170.83
2026-03-08 00:51:05 [INFO] No entry signal.
2026-03-08 00:51:05 [INFO] Sleeping for 60 seconds...
2026-03-08 00:52:05 [INFO] BAR 2026-03-07T21:00:00 | Price=67816.00 RSI=40.17 (prev=41.06) EMA50=68749.01 ATR14=1170.83
2026-03-08 00:52:05 [INFO] No entry signal.
2026-03-08 00:52:05 [INFO] Sleeping for 60 seconds...
2026-03-08 00:53:05 [INFO] BAR 2026-03-07T21:00:00 | Price=67855.00 RSI=40.38 (prev=41.06) EMA50=68750.54 ATR14=1170.83
2026-03-08 00:53:05 [INFO] No entry signal.
2026-03-08 00:53:05 [INFO] Sleeping for 60 seconds...
2026-03-08 00:54:05 [INFO] BAR 2026-03-07T21:00:00 | Price=67866.00 RSI=40.43 (prev=41.06) EMA50=68750.97 ATR14=1170.83
2026-03-08 00:54:05 [INFO] No entry signal.
2026-03-08 00:54:05 [INFO] Sleeping for 60 seconds...
2026-03-08 00:55:06 [INFO] BAR 2026-03-07T21:00:00 | Price=67874.00 RSI=40.48 (prev=41.06) EMA50=68751.28 ATR14=1170.83
2026-03-08 00:55:06 [INFO] No entry signal.
2026-03-08 00:55:06 [INFO] Sleeping for 60 seconds...
2026-03-08 00:56:06 [INFO] BAR 2026-03-07T21:00:00 | Price=67876.00 RSI=40.49 (prev=41.06) EMA50=68751.36 ATR14=1170.83
2026-03-08 00:56:06 [INFO] No entry signal.
2026-03-08 00:56:06 [INFO] Sleeping for 60 seconds...
2026-03-08 00:57:06 [INFO] BAR 2026-03-07T21:00:00 | Price=67871.00 RSI=40.46 (prev=41.06) EMA50=68751.16 ATR14=1170.83
2026-03-08 00:57:06 [INFO] No entry signal.
2026-03-08 00:57:06 [INFO] Sleeping for 60 seconds...
2026-03-08 00:58:06 [INFO] BAR 2026-03-07T21:00:00 | Price=67886.00 RSI=40.54 (prev=41.06) EMA50=68751.75 ATR14=1170.83
2026-03-08 00:58:06 [INFO] No entry signal.
2026-03-08 00:58:06 [INFO] Sleeping for 60 seconds...
2026-03-08 00:59:06 [INFO] BAR 2026-03-07T21:00:00 | Price=67886.00 RSI=40.54 (prev=41.06) EMA50=68751.75 ATR14=1170.83
2026-03-08 00:59:06 [INFO] No entry signal.
2026-03-08 00:59:06 [INFO] Sleeping for 60 seconds...
2026-03-08 01:00:06 [INFO] BAR 2026-03-08T01:00:00 | Price=67834.00 RSI=40.26 (prev=40.36) EMA50=68714.84 ATR14=1088.49
2026-03-08 01:00:06 [INFO] No entry signal.
2026-03-08 01:00:06 [INFO] Sleeping for 60 seconds...
2026-03-08 01:01:07 [INFO] BAR 2026-03-08T01:00:00 | Price=67828.00 RSI=40.22 (prev=40.36) EMA50=68714.60 ATR14=1089.77
2026-03-08 01:01:07 [INFO] No entry signal.
2026-03-08 01:01:07 [INFO] Sleeping for 60 seconds...
2026-03-08 01:02:07 [INFO] BAR 2026-03-08T01:00:00 | Price=67824.00 RSI=40.20 (prev=40.36) EMA50=68714.45 ATR14=1090.13
2026-03-08 01:02:07 [INFO] No entry signal.
2026-03-08 01:02:07 [INFO] Sleeping for 60 seconds...
2026-03-08 01:03:07 [INFO] BAR 2026-03-08T01:00:00 | Price=67846.00 RSI=40.33 (prev=40.36) EMA50=68715.31 ATR14=1090.13
2026-03-08 01:03:07 [INFO] No entry signal.
2026-03-08 01:03:07 [INFO] Sleeping for 60 seconds...
2026-03-08 01:04:07 [INFO] BAR 2026-03-08T01:00:00 | Price=67850.00 RSI=40.35 (prev=40.36) EMA50=68715.47 ATR14=1090.49
2026-03-08 01:04:07 [INFO] No entry signal.
2026-03-08 01:04:07 [INFO] Sleeping for 60 seconds...
2026-03-08 01:05:07 [INFO] BAR 2026-03-08T01:00:00 | Price=67819.00 RSI=40.17 (prev=40.36) EMA50=68714.25 ATR14=1090.49
2026-03-08 01:05:07 [INFO] No entry signal.
2026-03-08 01:05:07 [INFO] Sleeping for 60 seconds...
2026-03-08 01:06:07 [INFO] BAR 2026-03-08T01:00:00 | Price=67806.00 RSI=40.10 (prev=40.36) EMA50=68713.74 ATR14=1092.42
2026-03-08 01:06:07 [INFO] No entry signal.
2026-03-08 01:06:07 [INFO] Sleeping for 60 seconds...
2026-03-08 01:07:07 [INFO] BAR 2026-03-08T01:00:00 | Price=67807.00 RSI=40.10 (prev=40.36) EMA50=68713.78 ATR14=1092.42
2026-03-08 01:07:07 [INFO] No entry signal.
2026-03-08 01:07:07 [INFO] Sleeping for 60 seconds...
2026-03-08 01:08:07 [INFO] BAR 2026-03-08T01:00:00 | Price=67826.00 RSI=40.21 (prev=40.36) EMA50=68714.52 ATR14=1092.42
2026-03-08 01:08:07 [INFO] No entry signal.
2026-03-08 01:08:07 [INFO] Sleeping for 60 seconds...
2026-03-08 01:09:08 [INFO] BAR 2026-03-08T01:00:00 | Price=67857.00 RSI=40.40 (prev=40.36) EMA50=68715.74 ATR14=1093.20
2026-03-08 01:09:08 [INFO] No entry signal.
2026-03-08 01:09:08 [INFO] Sleeping for 60 seconds...
2026-03-08 01:10:08 [INFO] BAR 2026-03-08T01:00:00 | Price=67852.00 RSI=40.36 (prev=40.36) EMA50=68715.54 ATR14=1093.20
2026-03-08 01:10:08 [INFO] No entry signal.
2026-03-08 01:10:08 [INFO] Sleeping for 60 seconds...
2026-03-08 01:11:08 [INFO] BAR 2026-03-08T01:00:00 | Price=67852.00 RSI=40.36 (prev=40.36) EMA50=68715.54 ATR14=1093.20
2026-03-08 01:11:08 [INFO] No entry signal.
2026-03-08 01:11:08 [INFO] Sleeping for 60 seconds...
2026-03-08 01:12:09 [INFO] BAR 2026-03-08T01:00:00 | Price=67850.00 RSI=40.35 (prev=40.36) EMA50=68715.47 ATR14=1093.20
2026-03-08 01:12:09 [INFO] No entry signal.
2026-03-08 01:12:09 [INFO] Sleeping for 60 seconds...
2026-03-08 01:13:09 [INFO] BAR 2026-03-08T01:00:00 | Price=67850.00 RSI=40.35 (prev=40.36) EMA50=68715.47 ATR14=1093.20
2026-03-08 01:13:09 [INFO] No entry signal.
2026-03-08 01:13:09 [INFO] Sleeping for 60 seconds...
2026-03-08 01:14:09 [INFO] BAR 2026-03-08T01:00:00 | Price=67853.00 RSI=40.37 (prev=40.36) EMA50=68715.58 ATR14=1093.20
2026-03-08 01:14:09 [INFO] No entry signal.
2026-03-08 01:14:09 [INFO] Sleeping for 60 seconds...
2026-03-08 01:15:09 [INFO] BAR 2026-03-08T01:00:00 | Price=67854.00 RSI=40.38 (prev=40.36) EMA50=68715.62 ATR14=1093.20
2026-03-08 01:15:09 [INFO] No entry signal.
2026-03-08 01:15:09 [INFO] Sleeping for 60 seconds...
2026-03-08 01:16:09 [INFO] BAR 2026-03-08T01:00:00 | Price=67827.00 RSI=40.22 (prev=40.36) EMA50=68714.56 ATR14=1093.20
2026-03-08 01:16:09 [INFO] No entry signal.
2026-03-08 01:16:09 [INFO] Sleeping for 60 seconds...
2026-03-08 01:17:09 [INFO] BAR 2026-03-08T01:00:00 | Price=67770.00 RSI=39.89 (prev=40.36) EMA50=68712.33 ATR14=1094.20
2026-03-08 01:17:09 [INFO] No entry signal.
2026-03-08 01:17:09 [INFO] Sleeping for 60 seconds...
2026-03-08 01:18:09 [INFO] BAR 2026-03-08T01:00:00 | Price=67754.00 RSI=39.80 (prev=40.36) EMA50=68711.70 ATR14=1096.13
2026-03-08 01:18:09 [INFO] No entry signal.
2026-03-08 01:18:09 [INFO] Sleeping for 60 seconds...
2026-03-08 01:19:09 [INFO] BAR 2026-03-08T01:00:00 | Price=67756.00 RSI=39.82 (prev=40.36) EMA50=68711.78 ATR14=1096.13
2026-03-08 01:19:09 [INFO] No entry signal.
2026-03-08 01:19:09 [INFO] Sleeping for 60 seconds...
2026-03-08 01:20:09 [INFO] BAR 2026-03-08T01:00:00 | Price=67748.00 RSI=39.77 (prev=40.36) EMA50=68711.47 ATR14=1096.13
2026-03-08 01:20:09 [INFO] No entry signal.
2026-03-08 01:20:09 [INFO] Sleeping for 60 seconds...
2026-03-08 01:21:10 [INFO] BAR 2026-03-08T01:00:00 | Price=67777.00 RSI=39.93 (prev=40.36) EMA50=68712.60 ATR14=1097.77
2026-03-08 01:21:10 [INFO] No entry signal.
2026-03-08 01:21:10 [INFO] Sleeping for 60 seconds...
2026-03-08 01:22:10 [INFO] BAR 2026-03-08T01:00:00 | Price=67790.00 RSI=40.01 (prev=40.36) EMA50=68713.11 ATR14=1097.77
2026-03-08 01:22:10 [INFO] No entry signal.
2026-03-08 01:22:10 [INFO] Sleeping for 60 seconds...
2026-03-08 01:23:10 [INFO] BAR 2026-03-08T01:00:00 | Price=67803.00 RSI=40.08 (prev=40.36) EMA50=68713.62 ATR14=1097.77
2026-03-08 01:23:10 [INFO] No entry signal.
2026-03-08 01:23:10 [INFO] Sleeping for 60 seconds...
2026-03-08 01:24:10 [INFO] BAR 2026-03-08T01:00:00 | Price=67795.00 RSI=40.03 (prev=40.36) EMA50=68713.31 ATR14=1097.77
2026-03-08 01:24:10 [INFO] No entry signal.
2026-03-08 01:24:10 [INFO] Sleeping for 60 seconds...
2026-03-08 01:25:10 [INFO] BAR 2026-03-08T01:00:00 | Price=67786.00 RSI=39.98 (prev=40.36) EMA50=68712.96 ATR14=1097.77
2026-03-08 01:25:10 [INFO] No entry signal.
2026-03-08 01:25:10 [INFO] Sleeping for 60 seconds...
2026-03-08 01:26:10 [INFO] BAR 2026-03-08T01:00:00 | Price=67791.00 RSI=40.01 (prev=40.36) EMA50=68713.15 ATR14=1097.77
2026-03-08 01:26:10 [INFO] No entry signal.
2026-03-08 01:26:10 [INFO] Sleeping for 60 seconds...
2026-03-08 01:27:10 [INFO] BAR 2026-03-08T01:00:00 | Price=67791.00 RSI=40.01 (prev=40.36) EMA50=68713.15 ATR14=1097.77
2026-03-08 01:27:10 [INFO] No entry signal.
2026-03-08 01:27:10 [INFO] Sleeping for 60 seconds...
2026-03-08 01:28:10 [INFO] BAR 2026-03-08T01:00:00 | Price=67785.00 RSI=39.98 (prev=40.36) EMA50=68712.92 ATR14=1097.77
2026-03-08 01:28:10 [INFO] No entry signal.
2026-03-08 01:28:10 [INFO] Sleeping for 60 seconds...
2026-03-08 01:29:10 [INFO] BAR 2026-03-08T01:00:00 | Price=67775.00 RSI=39.92 (prev=40.36) EMA50=68712.52 ATR14=1097.77
2026-03-08 01:29:10 [INFO] No entry signal.
2026-03-08 01:29:10 [INFO] Sleeping for 60 seconds...
2026-03-08 01:30:10 [INFO] BAR 2026-03-08T01:00:00 | Price=67774.00 RSI=39.92 (prev=40.36) EMA50=68712.49 ATR14=1097.77
2026-03-08 01:30:10 [INFO] No entry signal.
2026-03-08 01:30:10 [INFO] Sleeping for 60 seconds...
2026-03-08 01:31:10 [INFO] BAR 2026-03-08T01:00:00 | Price=67762.00 RSI=39.85 (prev=40.36) EMA50=68712.02 ATR14=1097.77
2026-03-08 01:31:10 [INFO] No entry signal.
2026-03-08 01:31:10 [INFO] Sleeping for 60 seconds...
2026-03-08 01:32:10 [INFO] BAR 2026-03-08T01:00:00 | Price=67758.00 RSI=39.83 (prev=40.36) EMA50=68711.86 ATR14=1097.77
2026-03-08 01:32:10 [INFO] No entry signal.
2026-03-08 01:32:10 [INFO] Sleeping for 60 seconds...
2026-03-08 01:33:10 [INFO] BAR 2026-03-08T01:00:00 | Price=67788.00 RSI=40.00 (prev=40.36) EMA50=68713.03 ATR14=1097.77
2026-03-08 01:33:10 [INFO] No entry signal.
2026-03-08 01:33:10 [INFO] Sleeping for 60 seconds...
2026-03-08 01:34:11 [INFO] BAR 2026-03-08T01:00:00 | Price=67806.00 RSI=40.10 (prev=40.36) EMA50=68713.74 ATR14=1097.77
2026-03-08 01:34:11 [INFO] No entry signal.
2026-03-08 01:34:11 [INFO] Sleeping for 60 seconds...
