2026-03-04 23:35:45 [INFO] ======================================================================
2026-03-04 23:35:45 [INFO]  BTC/USDT 4H RSI SWING v6 - LIVE TRADER
2026-03-04 23:35:45 [INFO] ======================================================================
2026-03-04 23:35:45 [INFO] Python version: 3.10.11 (tags/v3.10.11:7d4cc5a, Apr  5 2023, 00:38:17) [MSC v.1929 64 bit (AMD64)]
2026-03-04 23:35:45 [INFO] Working directory: C:\Users\user\Desktop\cursor\trade
2026-03-04 23:35:45 [INFO] Script file: C:\Users\user\Desktop\cursor\trade\hl_rsi_swing_v6.py
2026-03-04 23:35:45 [INFO] Log file: C:\Users\user\Desktop\cursor\trade\rsi_swing_20260304_233545.log
2026-03-04 23:35:45 [INFO] ======================================================================
2026-03-04 23:35:47 [INFO] RSI SWING live trading 有効化: env=mainnet, address=0x8455b70a5a0d942eb9a1598a0e9e1214a3b31b55
2026-03-04 23:35:47 [INFO] Initialized RSI SWING trader for BTC 4h (rsi_period=14, OS=30.0, OB=70.0)
2026-03-04 23:35:47 [INFO] RSI SWING trader initialized successfully
2026-03-04 23:35:47 [INFO] Starting RSI SWING trading loop (live mode)...
2026-03-04 23:35:47 [INFO] BAR 2026-03-04T21:00:00 | Price=72067.00 RSI=69.63 (prev=66.68) EMA50=67470.99 ATR14=1627.66
2026-03-04 23:35:47 [INFO] No entry signal.
2026-03-04 23:35:47 [INFO] Sleeping for 60 seconds...
2026-03-04 23:36:48 [INFO] BAR 2026-03-04T21:00:00 | Price=71707.00 RSI=68.62 (prev=66.68) EMA50=67456.87 ATR14=1627.66
2026-03-04 23:36:48 [INFO] No entry signal.
2026-03-04 23:36:48 [INFO] Sleeping for 60 seconds...
2026-03-04 23:37:48 [INFO] BAR 2026-03-04T21:00:00 | Price=71775.00 RSI=68.82 (prev=66.68) EMA50=67459.54 ATR14=1627.66
2026-03-04 23:37:48 [INFO] No entry signal.
2026-03-04 23:37:48 [INFO] Sleeping for 60 seconds...
2026-03-04 23:38:48 [INFO] BAR 2026-03-04T21:00:00 | Price=71877.00 RSI=69.10 (prev=66.68) EMA50=67463.54 ATR14=1627.66
2026-03-04 23:38:48 [INFO] No entry signal.
2026-03-04 23:38:48 [INFO] Sleeping for 60 seconds...
2026-03-04 23:39:48 [INFO] BAR 2026-03-04T21:00:00 | Price=71805.00 RSI=68.90 (prev=66.68) EMA50=67460.72 ATR14=1627.66
2026-03-04 23:39:48 [INFO] No entry signal.
2026-03-04 23:39:48 [INFO] Sleeping for 60 seconds...
2026-03-04 23:40:48 [INFO] BAR 2026-03-04T21:00:00 | Price=71914.00 RSI=69.21 (prev=66.68) EMA50=67464.99 ATR14=1627.66
2026-03-04 23:40:48 [INFO] No entry signal.
2026-03-04 23:40:48 [INFO] Sleeping for 60 seconds...
2026-03-04 23:41:48 [INFO] BAR 2026-03-04T21:00:00 | Price=71754.00 RSI=68.75 (prev=66.68) EMA50=67458.72 ATR14=1627.66
2026-03-04 23:41:48 [INFO] No entry signal.
2026-03-04 23:41:48 [INFO] Sleeping for 60 seconds...
2026-03-04 23:42:48 [INFO] BAR 2026-03-04T21:00:00 | Price=71609.00 RSI=68.33 (prev=66.68) EMA50=67453.03 ATR14=1627.66
2026-03-04 23:42:48 [INFO] No entry signal.
2026-03-04 23:42:48 [INFO] Sleeping for 60 seconds...
2026-03-04 23:43:48 [INFO] BAR 2026-03-04T21:00:00 | Price=71519.00 RSI=68.06 (prev=66.68) EMA50=67449.50 ATR14=1627.66
2026-03-04 23:43:48 [INFO] No entry signal.
2026-03-04 23:43:48 [INFO] Sleeping for 60 seconds...
2026-03-04 23:44:48 [INFO] BAR 2026-03-04T21:00:00 | Price=71368.00 RSI=67.60 (prev=66.68) EMA50=67443.58 ATR14=1627.66
2026-03-04 23:44:48 [INFO] No entry signal.
2026-03-04 23:44:48 [INFO] Sleeping for 60 seconds...
2026-03-04 23:45:48 [INFO] BAR 2026-03-04T21:00:00 | Price=71353.00 RSI=67.56 (prev=66.68) EMA50=67442.99 ATR14=1627.66
2026-03-04 23:45:48 [INFO] No entry signal.
2026-03-04 23:45:48 [INFO] Sleeping for 60 seconds...
2026-03-04 23:46:49 [INFO] BAR 2026-03-04T21:00:00 | Price=71357.00 RSI=67.57 (prev=66.68) EMA50=67443.15 ATR14=1627.66
2026-03-04 23:46:49 [INFO] No entry signal.
2026-03-04 23:46:49 [INFO] Sleeping for 60 seconds...
2026-03-04 23:47:49 [INFO] BAR 2026-03-04T21:00:00 | Price=71477.00 RSI=67.94 (prev=66.68) EMA50=67447.85 ATR14=1627.66
2026-03-04 23:47:49 [INFO] No entry signal.
2026-03-04 23:47:49 [INFO] Sleeping for 60 seconds...
2026-03-04 23:48:49 [INFO] BAR 2026-03-04T21:00:00 | Price=71529.00 RSI=68.09 (prev=66.68) EMA50=67449.89 ATR14=1627.66
2026-03-04 23:48:49 [INFO] No entry signal.
2026-03-04 23:48:49 [INFO] Sleeping for 60 seconds...
2026-03-04 23:49:49 [INFO] BAR 2026-03-04T21:00:00 | Price=71533.00 RSI=68.11 (prev=66.68) EMA50=67450.05 ATR14=1627.66
2026-03-04 23:49:49 [INFO] No entry signal.
2026-03-04 23:49:49 [INFO] Sleeping for 60 seconds...
2026-03-04 23:50:49 [INFO] BAR 2026-03-04T21:00:00 | Price=71600.00 RSI=68.31 (prev=66.68) EMA50=67452.68 ATR14=1627.66
2026-03-04 23:50:49 [INFO] No entry signal.
2026-03-04 23:50:49 [INFO] Sleeping for 60 seconds...
2026-03-04 23:51:49 [INFO] BAR 2026-03-04T21:00:00 | Price=71573.00 RSI=68.22 (prev=66.68) EMA50=67451.62 ATR14=1627.66
2026-03-04 23:51:49 [INFO] No entry signal.
2026-03-04 23:51:49 [INFO] Sleeping for 60 seconds...
2026-03-04 23:52:49 [INFO] BAR 2026-03-04T21:00:00 | Price=71737.00 RSI=68.71 (prev=66.68) EMA50=67458.05 ATR14=1627.66
2026-03-04 23:52:49 [INFO] No entry signal.
2026-03-04 23:52:49 [INFO] Sleeping for 60 seconds...
2026-03-04 23:53:49 [INFO] BAR 2026-03-04T21:00:00 | Price=71658.00 RSI=68.48 (prev=66.68) EMA50=67454.95 ATR14=1627.66
2026-03-04 23:53:49 [INFO] No entry signal.
2026-03-04 23:53:49 [INFO] Sleeping for 60 seconds...
2026-03-04 23:54:49 [INFO] BAR 2026-03-04T21:00:00 | Price=71634.00 RSI=68.41 (prev=66.68) EMA50=67454.01 ATR14=1627.66
2026-03-04 23:54:49 [INFO] No entry signal.
2026-03-04 23:54:49 [INFO] Sleeping for 60 seconds...
2026-03-04 23:55:49 [INFO] BAR 2026-03-04T21:00:00 | Price=71540.00 RSI=68.13 (prev=66.68) EMA50=67450.32 ATR14=1627.66
2026-03-04 23:55:49 [INFO] No entry signal.
2026-03-04 23:55:49 [INFO] Sleeping for 60 seconds...
2026-03-04 23:56:49 [INFO] BAR 2026-03-04T21:00:00 | Price=71684.00 RSI=68.55 (prev=66.68) EMA50=67455.97 ATR14=1627.66
2026-03-04 23:56:49 [INFO] No entry signal.
2026-03-04 23:56:49 [INFO] Sleeping for 60 seconds...
2026-03-04 23:57:49 [INFO] BAR 2026-03-04T21:00:00 | Price=71590.00 RSI=68.28 (prev=66.68) EMA50=67452.28 ATR14=1627.66
2026-03-04 23:57:49 [INFO] No entry signal.
2026-03-04 23:57:49 [INFO] Sleeping for 60 seconds...
2026-03-04 23:58:49 [INFO] BAR 2026-03-04T21:00:00 | Price=71496.00 RSI=67.99 (prev=66.68) EMA50=67448.60 ATR14=1627.66
2026-03-04 23:58:49 [INFO] No entry signal.
2026-03-04 23:58:49 [INFO] Sleeping for 60 seconds...
2026-03-04 23:59:50 [INFO] BAR 2026-03-04T21:00:00 | Price=71501.00 RSI=68.01 (prev=66.68) EMA50=67448.79 ATR14=1627.66
2026-03-04 23:59:50 [INFO] No entry signal.
2026-03-04 23:59:50 [INFO] Sleeping for 60 seconds...
2026-03-05 00:00:50 [INFO] BAR 2026-03-04T21:00:00 | Price=71806.00 RSI=68.90 (prev=66.68) EMA50=67460.76 ATR14=1627.66
2026-03-05 00:00:50 [INFO] No entry signal.
2026-03-05 00:00:50 [INFO] Sleeping for 60 seconds...
2026-03-05 00:01:50 [INFO] BAR 2026-03-04T21:00:00 | Price=71802.00 RSI=68.89 (prev=66.68) EMA50=67460.60 ATR14=1627.66
2026-03-05 00:01:50 [INFO] No entry signal.
2026-03-05 00:01:50 [INFO] Sleeping for 60 seconds...
2026-03-05 00:02:50 [INFO] BAR 2026-03-04T21:00:00 | Price=71887.00 RSI=69.13 (prev=66.68) EMA50=67463.93 ATR14=1627.66
2026-03-05 00:02:50 [INFO] No entry signal.
2026-03-05 00:02:50 [INFO] Sleeping for 60 seconds...
2026-03-05 00:03:50 [INFO] BAR 2026-03-04T21:00:00 | Price=71688.00 RSI=68.56 (prev=66.68) EMA50=67456.13 ATR14=1627.66
2026-03-05 00:03:50 [INFO] No entry signal.
2026-03-05 00:03:50 [INFO] Sleeping for 60 seconds...
2026-03-05 00:04:50 [INFO] BAR 2026-03-04T21:00:00 | Price=71649.00 RSI=68.45 (prev=66.68) EMA50=67454.60 ATR14=1627.66
2026-03-05 00:04:50 [INFO] No entry signal.
2026-03-05 00:04:50 [INFO] Sleeping for 60 seconds...
2026-03-05 00:05:50 [INFO] BAR 2026-03-04T21:00:00 | Price=71629.00 RSI=68.39 (prev=66.68) EMA50=67453.81 ATR14=1627.66
2026-03-05 00:05:50 [INFO] No entry signal.
2026-03-05 00:05:50 [INFO] Sleeping for 60 seconds...
2026-03-05 00:06:51 [INFO] BAR 2026-03-04T21:00:00 | Price=71688.00 RSI=68.56 (prev=66.68) EMA50=67456.13 ATR14=1627.66
2026-03-05 00:06:51 [INFO] No entry signal.
2026-03-05 00:06:51 [INFO] Sleeping for 60 seconds...
2026-03-05 00:07:51 [INFO] BAR 2026-03-04T21:00:00 | Price=71734.00 RSI=68.70 (prev=66.68) EMA50=67457.93 ATR14=1627.66
2026-03-05 00:07:51 [INFO] No entry signal.
2026-03-05 00:07:51 [INFO] Sleeping for 60 seconds...
2026-03-05 00:08:51 [INFO] BAR 2026-03-04T21:00:00 | Price=71990.00 RSI=69.42 (prev=66.68) EMA50=67467.97 ATR14=1627.66
2026-03-05 00:08:51 [INFO] No entry signal.
2026-03-05 00:08:51 [INFO] Sleeping for 60 seconds...
2026-03-05 00:09:51 [INFO] BAR 2026-03-04T21:00:00 | Price=71991.00 RSI=69.42 (prev=66.68) EMA50=67468.01 ATR14=1627.66
2026-03-05 00:09:51 [INFO] No entry signal.
2026-03-05 00:09:51 [INFO] Sleeping for 60 seconds...
2026-03-05 00:10:51 [INFO] BAR 2026-03-04T21:00:00 | Price=71965.00 RSI=69.35 (prev=66.68) EMA50=67466.99 ATR14=1627.66
2026-03-05 00:10:51 [INFO] No entry signal.
2026-03-05 00:10:51 [INFO] Sleeping for 60 seconds...
2026-03-05 00:11:51 [INFO] BAR 2026-03-04T21:00:00 | Price=72072.00 RSI=69.64 (prev=66.68) EMA50=67471.19 ATR14=1627.66
2026-03-05 00:11:51 [INFO] No entry signal.
2026-03-05 00:11:51 [INFO] Sleeping for 60 seconds...
2026-03-05 00:12:51 [INFO] BAR 2026-03-04T21:00:00 | Price=72086.00 RSI=69.68 (prev=66.68) EMA50=67471.74 ATR14=1627.66
2026-03-05 00:12:51 [INFO] No entry signal.
2026-03-05 00:12:51 [INFO] Sleeping for 60 seconds...
2026-03-05 00:13:51 [INFO] BAR 2026-03-04T21:00:00 | Price=72177.00 RSI=69.93 (prev=66.68) EMA50=67475.30 ATR14=1627.66
2026-03-05 00:13:51 [INFO] No entry signal.
2026-03-05 00:13:51 [INFO] Sleeping for 60 seconds...
2026-03-05 00:14:52 [INFO] BAR 2026-03-04T21:00:00 | Price=71949.00 RSI=69.31 (prev=66.68) EMA50=67466.36 ATR14=1627.66
2026-03-05 00:14:52 [INFO] No entry signal.
2026-03-05 00:14:52 [INFO] Sleeping for 60 seconds...
2026-03-05 00:15:52 [INFO] BAR 2026-03-04T21:00:00 | Price=71989.00 RSI=69.42 (prev=66.68) EMA50=67467.93 ATR14=1627.66
2026-03-05 00:15:52 [INFO] No entry signal.
2026-03-05 00:15:52 [INFO] Sleeping for 60 seconds...
2026-03-05 00:16:52 [INFO] BAR 2026-03-04T21:00:00 | Price=72122.00 RSI=69.78 (prev=66.68) EMA50=67473.15 ATR14=1627.66
2026-03-05 00:16:52 [INFO] No entry signal.
2026-03-05 00:16:52 [INFO] Sleeping for 60 seconds...
2026-03-05 00:17:52 [INFO] BAR 2026-03-04T21:00:00 | Price=72209.00 RSI=70.01 (prev=66.68) EMA50=67476.56 ATR14=1627.66
2026-03-05 00:17:52 [INFO] No entry signal.
2026-03-05 00:17:52 [INFO] Sleeping for 60 seconds...
2026-03-05 00:18:52 [INFO] BAR 2026-03-04T21:00:00 | Price=72165.00 RSI=69.89 (prev=66.68) EMA50=67474.83 ATR14=1627.66
2026-03-05 00:18:52 [INFO] No entry signal.
2026-03-05 00:18:52 [INFO] Sleeping for 60 seconds...
2026-03-05 00:19:52 [INFO] BAR 2026-03-04T21:00:00 | Price=72314.00 RSI=70.29 (prev=66.68) EMA50=67480.68 ATR14=1627.66
2026-03-05 00:19:52 [INFO] No entry signal.
2026-03-05 00:19:52 [INFO] Sleeping for 60 seconds...
2026-03-05 00:20:52 [INFO] BAR 2026-03-04T21:00:00 | Price=72419.00 RSI=70.56 (prev=66.68) EMA50=67484.79 ATR14=1627.66
2026-03-05 00:20:52 [INFO] No entry signal.
2026-03-05 00:20:52 [INFO] Sleeping for 60 seconds...
2026-03-05 00:21:52 [INFO] BAR 2026-03-04T21:00:00 | Price=72304.00 RSI=70.26 (prev=66.68) EMA50=67480.28 ATR14=1627.66
2026-03-05 00:21:52 [INFO] No entry signal.
2026-03-05 00:21:52 [INFO] Sleeping for 60 seconds...
2026-03-05 00:22:52 [INFO] BAR 2026-03-04T21:00:00 | Price=72255.00 RSI=70.13 (prev=66.68) EMA50=67478.36 ATR14=1627.66
2026-03-05 00:22:52 [INFO] No entry signal.
2026-03-05 00:22:52 [INFO] Sleeping for 60 seconds...
2026-03-05 00:23:52 [INFO] BAR 2026-03-04T21:00:00 | Price=72166.00 RSI=69.90 (prev=66.68) EMA50=67474.87 ATR14=1627.66
2026-03-05 00:23:52 [INFO] No entry signal.
2026-03-05 00:23:52 [INFO] Sleeping for 60 seconds...
2026-03-05 00:24:53 [INFO] BAR 2026-03-04T21:00:00 | Price=72252.00 RSI=70.13 (prev=66.68) EMA50=67478.25 ATR14=1627.66
2026-03-05 00:24:53 [INFO] No entry signal.
2026-03-05 00:24:53 [INFO] Sleeping for 60 seconds...
2026-03-05 00:25:53 [INFO] BAR 2026-03-04T21:00:00 | Price=72284.00 RSI=70.21 (prev=66.68) EMA50=67479.50 ATR14=1627.66
2026-03-05 00:25:53 [INFO] No entry signal.
2026-03-05 00:25:53 [INFO] Sleeping for 60 seconds...
2026-03-05 00:26:53 [INFO] BAR 2026-03-04T21:00:00 | Price=72653.00 RSI=71.14 (prev=66.68) EMA50=67493.97 ATR14=1639.52
2026-03-05 00:26:53 [INFO] No entry signal.
2026-03-05 00:26:53 [INFO] Sleeping for 60 seconds...
2026-03-05 00:27:53 [INFO] BAR 2026-03-04T21:00:00 | Price=72717.00 RSI=71.30 (prev=66.68) EMA50=67496.48 ATR14=1641.24
2026-03-05 00:27:53 [INFO] No entry signal.
2026-03-05 00:27:53 [INFO] Sleeping for 60 seconds...
2026-03-05 00:28:53 [INFO] BAR 2026-03-04T21:00:00 | Price=72748.00 RSI=71.38 (prev=66.68) EMA50=67497.70 ATR14=1641.24
2026-03-05 00:28:53 [INFO] No entry signal.
2026-03-05 00:28:53 [INFO] Sleeping for 60 seconds...
2026-03-05 00:29:53 [INFO] BAR 2026-03-04T21:00:00 | Price=72945.00 RSI=71.84 (prev=66.68) EMA50=67505.42 ATR14=1652.16
2026-03-05 00:29:53 [INFO] No entry signal.
2026-03-05 00:29:53 [INFO] Sleeping for 60 seconds...
2026-03-05 00:30:53 [INFO] BAR 2026-03-04T21:00:00 | Price=72786.00 RSI=71.47 (prev=66.68) EMA50=67499.19 ATR14=1653.95
2026-03-05 00:30:53 [INFO] No entry signal.
2026-03-05 00:30:53 [INFO] Sleeping for 60 seconds...
2026-03-05 00:31:53 [INFO] BAR 2026-03-04T21:00:00 | Price=73039.00 RSI=72.06 (prev=66.68) EMA50=67509.11 ATR14=1660.38
2026-03-05 00:31:53 [INFO] No entry signal.
2026-03-05 00:31:53 [INFO] Sleeping for 60 seconds...
2026-03-05 00:32:53 [INFO] BAR 2026-03-04T21:00:00 | Price=72858.00 RSI=71.64 (prev=66.68) EMA50=67502.01 ATR14=1660.38
2026-03-05 00:32:53 [INFO] No entry signal.
2026-03-05 00:32:53 [INFO] Sleeping for 60 seconds...
2026-03-05 00:33:53 [INFO] BAR 2026-03-04T21:00:00 | Price=72782.00 RSI=71.46 (prev=66.68) EMA50=67499.03 ATR14=1660.38
2026-03-05 00:33:53 [INFO] No entry signal.
2026-03-05 00:33:53 [INFO] Sleeping for 60 seconds...
2026-03-05 00:34:53 [INFO] BAR 2026-03-04T21:00:00 | Price=72849.00 RSI=71.62 (prev=66.68) EMA50=67501.66 ATR14=1660.38
2026-03-05 00:34:53 [INFO] No entry signal.
2026-03-05 00:34:53 [INFO] Sleeping for 60 seconds...
2026-03-05 00:35:53 [INFO] BAR 2026-03-04T21:00:00 | Price=72720.00 RSI=71.31 (prev=66.68) EMA50=67496.60 ATR14=1660.38
2026-03-05 00:35:53 [INFO] No entry signal.
2026-03-05 00:35:53 [INFO] Sleeping for 60 seconds...
2026-03-05 00:36:53 [INFO] BAR 2026-03-04T21:00:00 | Price=72712.00 RSI=71.29 (prev=66.68) EMA50=67496.28 ATR14=1660.38
2026-03-05 00:36:53 [INFO] No entry signal.
2026-03-05 00:36:53 [INFO] Sleeping for 60 seconds...
2026-03-05 00:37:53 [INFO] BAR 2026-03-04T21:00:00 | Price=72760.00 RSI=71.40 (prev=66.68) EMA50=67498.17 ATR14=1660.38
2026-03-05 00:37:53 [INFO] No entry signal.
2026-03-05 00:37:53 [INFO] Sleeping for 60 seconds...
2026-03-05 00:38:53 [INFO] BAR 2026-03-04T21:00:00 | Price=72620.00 RSI=71.06 (prev=66.68) EMA50=67492.68 ATR14=1660.38
2026-03-05 00:38:53 [INFO] No entry signal.
2026-03-05 00:38:53 [INFO] Sleeping for 60 seconds...
2026-03-05 00:39:54 [INFO] BAR 2026-03-04T21:00:00 | Price=72634.00 RSI=71.10 (prev=66.68) EMA50=67493.23 ATR14=1660.38
2026-03-05 00:39:54 [INFO] No entry signal.
2026-03-05 00:39:54 [INFO] Sleeping for 60 seconds...
2026-03-05 00:40:54 [INFO] BAR 2026-03-04T21:00:00 | Price=72689.00 RSI=71.23 (prev=66.68) EMA50=67495.38 ATR14=1660.38
2026-03-05 00:40:54 [INFO] No entry signal.
2026-03-05 00:40:54 [INFO] Sleeping for 60 seconds...
2026-03-05 00:41:54 [INFO] BAR 2026-03-04T21:00:00 | Price=72618.00 RSI=71.06 (prev=66.68) EMA50=67492.60 ATR14=1660.38
2026-03-05 00:41:54 [INFO] No entry signal.
2026-03-05 00:41:54 [INFO] Sleeping for 60 seconds...
2026-03-05 00:42:54 [INFO] BAR 2026-03-04T21:00:00 | Price=72663.00 RSI=71.17 (prev=66.68) EMA50=67494.36 ATR14=1660.38
2026-03-05 00:42:54 [INFO] No entry signal.
2026-03-05 00:42:54 [INFO] Sleeping for 60 seconds...
2026-03-05 00:43:54 [INFO] BAR 2026-03-04T21:00:00 | Price=72718.00 RSI=71.30 (prev=66.68) EMA50=67496.52 ATR14=1660.38
2026-03-05 00:43:54 [INFO] No entry signal.
2026-03-05 00:43:54 [INFO] Sleeping for 60 seconds...
2026-03-05 00:44:54 [INFO] BAR 2026-03-04T21:00:00 | Price=72626.00 RSI=71.08 (prev=66.68) EMA50=67492.91 ATR14=1660.38
2026-03-05 00:44:54 [INFO] No entry signal.
2026-03-05 00:44:54 [INFO] Sleeping for 60 seconds...
2026-03-05 00:45:54 [INFO] BAR 2026-03-04T21:00:00 | Price=72707.00 RSI=71.28 (prev=66.68) EMA50=67496.09 ATR14=1660.38
2026-03-05 00:45:54 [INFO] No entry signal.
2026-03-05 00:45:54 [INFO] Sleeping for 60 seconds...
2026-03-05 00:46:54 [INFO] BAR 2026-03-04T21:00:00 | Price=72861.00 RSI=71.65 (prev=66.68) EMA50=67502.13 ATR14=1660.38
2026-03-05 00:46:54 [INFO] No entry signal.
2026-03-05 00:46:54 [INFO] Sleeping for 60 seconds...
2026-03-05 00:48:16 [ERROR] Request error: ('Connection aborted.', RemoteDisconnected('Remote end closed connection without response'))
2026-03-05 00:48:16 [ERROR] Error fetching candles: ('Connection aborted.', RemoteDisconnected('Remote end closed connection without response'))
2026-03-05 00:48:16 [ERROR] No candle data. Sleeping 60 seconds.
2026-03-05 00:49:25 [ERROR] Request error: HTTPSConnectionPool(host='api.hyperliquid.xyz', port=443): Max retries exceeded with url: /info (Caused by NameResolutionError("HTTPSConnection(host='api.hyperliquid.xyz', port=443): Failed to resolve 'api.hyperliquid.xyz' ([Errno 11001] getaddrinfo failed)"))
2026-03-05 00:49:25 [ERROR] Error fetching candles: HTTPSConnectionPool(host='api.hyperliquid.xyz', port=443): Max retries exceeded with url: /info (Caused by NameResolutionError("HTTPSConnection(host='api.hyperliquid.xyz', port=443): Failed to resolve 'api.hyperliquid.xyz' ([Errno 11001] getaddrinfo failed)"))
2026-03-05 00:49:25 [ERROR] No candle data. Sleeping 60 seconds.
2026-03-05 00:50:36 [ERROR] Request error: HTTPSConnectionPool(host='api.hyperliquid.xyz', port=443): Max retries exceeded with url: /info (Caused by NameResolutionError("HTTPSConnection(host='api.hyperliquid.xyz', port=443): Failed to resolve 'api.hyperliquid.xyz' ([Errno 11001] getaddrinfo failed)"))
2026-03-05 00:50:36 [ERROR] Error fetching candles: HTTPSConnectionPool(host='api.hyperliquid.xyz', port=443): Max retries exceeded with url: /info (Caused by NameResolutionError("HTTPSConnection(host='api.hyperliquid.xyz', port=443): Failed to resolve 'api.hyperliquid.xyz' ([Errno 11001] getaddrinfo failed)"))
2026-03-05 00:50:36 [ERROR] No candle data. Sleeping 60 seconds.
2026-03-05 00:51:47 [ERROR] Request error: HTTPSConnectionPool(host='api.hyperliquid.xyz', port=443): Max retries exceeded with url: /info (Caused by NameResolutionError("HTTPSConnection(host='api.hyperliquid.xyz', port=443): Failed to resolve 'api.hyperliquid.xyz' ([Errno 11001] getaddrinfo failed)"))
2026-03-05 00:51:47 [ERROR] Error fetching candles: HTTPSConnectionPool(host='api.hyperliquid.xyz', port=443): Max retries exceeded with url: /info (Caused by NameResolutionError("HTTPSConnection(host='api.hyperliquid.xyz', port=443): Failed to resolve 'api.hyperliquid.xyz' ([Errno 11001] getaddrinfo failed)"))
2026-03-05 00:51:47 [ERROR] No candle data. Sleeping 60 seconds.
