2026-03-18 04:53:42 [INFO] ======================================================================
2026-03-18 04:53:42 [INFO]  BTC SHORT TRADING BOT - HYPERLIQUID
2026-03-18 04:53:42 [INFO] ======================================================================
2026-03-18 04:53:42 [INFO] Start time: 2026-03-18T04:53:42.526392
2026-03-18 04:53:42 [INFO] Log file: C:\Users\user\Desktop\cursor\trade\short_bot_20260318_045342.log
2026-03-18 04:53:42 [INFO] ======================================================================
2026-03-18 04:53:42 [INFO] Loaded config from C:\Users\user\Desktop\cursor\trade\config.json
2026-03-18 04:53:42 [INFO] ShortBot initialized: symbol=BTC, timeframe=1h, paper_mode=False, rsi_overbought=60
2026-03-18 04:53:42 [WARNING] ⚠️  LIVE TRADING MODE
2026-03-18 04:53:42 [WARNING] Real money trades will be placed
2026-03-18 04:53:42 [INFO] Starting short trading loop...
2026-03-18 04:53:42 [INFO] Paper mode: False
2026-03-18 04:53:42 [INFO] Check interval: 60 seconds

2026-03-18 04:53:42 [INFO] === Bot cycle 2026-03-18T04:53:42.527558 ===
2026-03-18 04:53:43 [INFO] Price: $74,498.00 | RSI: 55.8 | ATR: $625.70 | 24h change: -1.07%
2026-03-18 04:53:43 [INFO] Sleeping 60s...

2026-03-18 04:54:43 [INFO] === Bot cycle 2026-03-18T04:54:43.063940 ===
2026-03-18 04:54:43 [INFO] Price: $74,503.00 | RSI: 55.9 | ATR: $625.70 | 24h change: -1.06%
2026-03-18 04:54:43 [INFO] Sleeping 60s...

2026-03-18 04:55:43 [INFO] === Bot cycle 2026-03-18T04:55:43.203123 ===
2026-03-18 04:55:43 [INFO] Price: $74,431.00 | RSI: 54.9 | ATR: $625.70 | 24h change: -1.15%
2026-03-18 04:55:43 [INFO] Sleeping 60s...

2026-03-18 04:56:43 [INFO] === Bot cycle 2026-03-18T04:56:43.294488 ===
2026-03-18 04:56:43 [INFO] Price: $74,476.00 | RSI: 55.5 | ATR: $627.49 | 24h change: -1.09%
2026-03-18 04:56:43 [INFO] Sleeping 60s...

2026-03-18 04:57:43 [INFO] === Bot cycle 2026-03-18T04:57:43.340702 ===
2026-03-18 04:57:43 [INFO] Price: $74,469.00 | RSI: 55.4 | ATR: $627.49 | 24h change: -1.10%
2026-03-18 04:57:43 [INFO] Sleeping 60s...

2026-03-18 04:58:43 [INFO] === Bot cycle 2026-03-18T04:58:43.426890 ===
2026-03-18 04:58:43 [INFO] Price: $74,443.00 | RSI: 55.0 | ATR: $627.49 | 24h change: -1.14%
2026-03-18 04:58:43 [INFO] Sleeping 60s...

2026-03-18 04:59:43 [INFO] === Bot cycle 2026-03-18T04:59:43.466212 ===
2026-03-18 04:59:43 [INFO] Price: $74,470.00 | RSI: 55.4 | ATR: $627.49 | 24h change: -1.10%
2026-03-18 04:59:43 [INFO] Sleeping 60s...

2026-03-18 05:00:19 [INFO] Shutting down gracefully...
2026-03-18 05:00:19 [INFO] Short trading bot stopped
