2026-03-18 05:00:24 [INFO] ======================================================================
2026-03-18 05:00:24 [INFO]  BTC SHORT TRADING BOT - HYPERLIQUID
2026-03-18 05:00:24 [INFO] ======================================================================
2026-03-18 05:00:24 [INFO] Start time: 2026-03-18T05:00:24.500890
2026-03-18 05:00:24 [INFO] Log file: C:\Users\user\Desktop\cursor\trade\short_bot_20260318_050024.log
2026-03-18 05:00:24 [INFO] ======================================================================
2026-03-18 05:00:24 [INFO] Loaded config from C:\Users\user\Desktop\cursor\trade\config.json
2026-03-18 05:00:24 [INFO] ShortBot initialized: symbol=BTC, timeframe=1h, paper_mode=False, rsi_overbought=60
2026-03-18 05:00:24 [WARNING] ⚠️  LIVE TRADING MODE
2026-03-18 05:00:24 [WARNING] Real money trades will be placed
2026-03-18 05:00:24 [INFO] Starting short trading loop...
2026-03-18 05:00:24 [INFO] Paper mode: False
2026-03-18 05:00:24 [INFO] Check interval: 60 seconds

2026-03-18 05:00:24 [INFO] === Bot cycle 2026-03-18T05:00:24.506015 ===
2026-03-18 05:00:24 [INFO] Price: $74,444.00 | RSI: 55.0 | ATR: $587.70 | 24h change: -1.51%
2026-03-18 05:00:24 [INFO] Sleeping 60s...

2026-03-18 05:01:24 [INFO] === Bot cycle 2026-03-18T05:01:24.772181 ===
2026-03-18 05:01:24 [INFO] Price: $74,442.00 | RSI: 55.0 | ATR: $587.70 | 24h change: -1.51%
2026-03-18 05:01:24 [INFO] Sleeping 60s...

2026-03-18 05:02:24 [INFO] === Bot cycle 2026-03-18T05:02:24.836482 ===
2026-03-18 05:02:24 [INFO] Price: $74,449.00 | RSI: 55.1 | ATR: $588.56 | 24h change: -1.50%
2026-03-18 05:02:24 [INFO] Sleeping 60s...

2026-03-18 05:03:24 [INFO] === Bot cycle 2026-03-18T05:03:24.888480 ===
2026-03-18 05:03:24 [INFO] Price: $74,459.00 | RSI: 55.2 | ATR: $588.56 | 24h change: -1.49%
2026-03-18 05:03:24 [INFO] Sleeping 60s...

2026-03-18 05:04:24 [INFO] === Bot cycle 2026-03-18T05:04:24.935490 ===
2026-03-18 05:04:24 [INFO] Price: $74,439.00 | RSI: 54.9 | ATR: $588.56 | 24h change: -1.52%
2026-03-18 05:04:24 [INFO] Sleeping 60s...

2026-03-18 05:05:24 [INFO] === Bot cycle 2026-03-18T05:05:24.981594 ===
2026-03-18 05:05:25 [INFO] Price: $74,403.00 | RSI: 54.4 | ATR: $592.85 | 24h change: -1.56%
2026-03-18 05:05:25 [INFO] Sleeping 60s...

2026-03-18 05:05:28 [INFO] Shutting down gracefully...
2026-03-18 05:05:28 [INFO] Short trading bot stopped
