{"timestamp": "2026-03-04T23:27:14.104934", "message": "Trader process started"}
2026-03-04 23:27:14 [INFO] ======================================================================
2026-03-04 23:27:14 [INFO]  BTC/USDT 4H ADAPTIVE RSI v5 - LIVE TRADER
2026-03-04 23:27:14 [INFO] ======================================================================
2026-03-04 23:27:14 [INFO] Python version: 3.10.11 (tags/v3.10.11:7d4cc5a, Apr  5 2023, 00:38:17) [MSC v.1929 64 bit (AMD64)]
2026-03-04 23:27:14 [INFO] Working directory: C:\Users\user\Desktop\cursor\trade
2026-03-04 23:27:14 [INFO] Script file: C:\Users\user\Desktop\cursor\trade\hl_trader_v6.py
2026-03-04 23:27:14 [INFO] Log file: C:\Users\user\Desktop\cursor\trade\trader_20260304_232714.log
2026-03-04 23:27:14 [INFO] ======================================================================
2026-03-04 23:27:14 [INFO] Test message: Trader is running
2026-03-04 23:27:14 [INFO] Live trading 有効化: env=mainnet, address=0x8455b70a5a0d942eb9a1598a0e9e1214a3b31b55
2026-03-04 23:27:14 [INFO] Initialized trader for BTC with 4h timeframe
2026-03-04 23:27:14 [INFO] RSI settings: period=14, overbought=70, oversold=30
2026-03-04 23:27:14 [INFO] Trader initialized successfully
2026-03-04 23:27:14 [INFO] Starting trading loop (live mode)...
2026-03-04 23:27:14 [INFO] Current RSI: 75.08, Price: $71557.00
2026-03-04 23:27:14 [INFO] No signal (neutral/bearish, flat)
2026-03-04 23:27:14 [INFO] Sleeping for 60 seconds...
2026-03-04 23:28:14 [INFO] Current RSI: 75.17, Price: $71600.00
2026-03-04 23:28:14 [INFO] No signal (neutral/bearish, flat)
2026-03-04 23:28:14 [INFO] Sleeping for 60 seconds...
2026-03-04 23:29:14 [INFO] Current RSI: 75.36, Price: $71683.00
2026-03-04 23:29:14 [INFO] No signal (neutral/bearish, flat)
2026-03-04 23:29:14 [INFO] Sleeping for 60 seconds...
2026-03-04 23:30:15 [INFO] Current RSI: 75.39, Price: $71697.00
2026-03-04 23:30:15 [INFO] No signal (neutral/bearish, flat)
2026-03-04 23:30:15 [INFO] Sleeping for 60 seconds...
2026-03-04 23:31:15 [INFO] Current RSI: 76.42, Price: $72190.00
2026-03-04 23:31:15 [INFO] No signal (neutral/bearish, flat)
2026-03-04 23:31:15 [INFO] Sleeping for 60 seconds...
2026-03-04 23:32:15 [INFO] Current RSI: 76.82, Price: $72396.00
2026-03-04 23:32:15 [INFO] No signal (neutral/bearish, flat)
2026-03-04 23:32:15 [INFO] Sleeping for 60 seconds...
2026-03-04 23:33:15 [INFO] Current RSI: 76.82, Price: $72394.00
2026-03-04 23:33:15 [INFO] No signal (neutral/bearish, flat)
2026-03-04 23:33:15 [INFO] Sleeping for 60 seconds...
2026-03-04 23:34:15 [INFO] Current RSI: 76.76, Price: $72361.00
2026-03-04 23:34:15 [INFO] No signal (neutral/bearish, flat)
2026-03-04 23:34:15 [INFO] Sleeping for 60 seconds...
