{"timestamp": "2026-03-04T21:45:36.860832", "message": "Trader process started"}
2026-03-04 21:45:36 [INFO] ======================================================================
2026-03-04 21:45:36 [INFO]  BTC/USDT 4H ADAPTIVE RSI v5 - LIVE TRADER
2026-03-04 21:45:36 [INFO] ======================================================================
2026-03-04 21:45:36 [INFO] Python version: 3.10.11 (tags/v3.10.11:7d4cc5a, Apr  5 2023, 00:38:17) [MSC v.1929 64 bit (AMD64)]
2026-03-04 21:45:36 [INFO] Working directory: C:\Users\user\Desktop\cursor\trade
2026-03-04 21:45:36 [INFO] Script file: C:\Users\user\Desktop\cursor\trade\hl_trader_v6.py
2026-03-04 21:45:36 [INFO] Log file: C:\Users\user\Desktop\cursor\trade\trader_20260304_214536.log
2026-03-04 21:45:36 [INFO] ======================================================================
2026-03-04 21:45:36 [INFO] Test message: Trader is running
2026-03-04 21:45:37 [INFO] Live trading 有効化: env=mainnet, address=0x8455b70a5a0d942eb9a1598a0e9e1214a3b31b55
2026-03-04 21:45:37 [INFO] Initialized trader for BTC with 4h timeframe
2026-03-04 21:45:37 [INFO] RSI settings: period=14, overbought=70, oversold=30
2026-03-04 21:45:37 [INFO] Trader initialized successfully
2026-03-04 21:45:37 [INFO] Starting trading loop (live mode)...
2026-03-04 21:45:37 [INFO] Current RSI: 72.63, Price: $70882.00
2026-03-04 21:45:37 [INFO] No signal (neutral/bearish, flat)
2026-03-04 21:45:37 [INFO] Sleeping for 60 seconds...
2026-03-04 21:46:37 [INFO] Current RSI: 72.58, Price: $70875.00
2026-03-04 21:46:37 [INFO] No signal (neutral/bearish, flat)
2026-03-04 21:46:37 [INFO] Sleeping for 60 seconds...
2026-03-04 21:47:37 [INFO] Current RSI: 72.98, Price: $70934.00
2026-03-04 21:47:37 [INFO] No signal (neutral/bearish, flat)
2026-03-04 21:47:37 [INFO] Sleeping for 60 seconds...
2026-03-04 21:48:37 [INFO] Current RSI: 73.39, Price: $70994.00
2026-03-04 21:48:37 [INFO] No signal (neutral/bearish, flat)
2026-03-04 21:48:37 [INFO] Sleeping for 60 seconds...
2026-03-04 21:49:37 [INFO] Current RSI: 73.41, Price: $70997.00
2026-03-04 21:49:37 [INFO] No signal (neutral/bearish, flat)
2026-03-04 21:49:37 [INFO] Sleeping for 60 seconds...
2026-03-04 21:50:38 [INFO] Current RSI: 73.95, Price: $71076.00
2026-03-04 21:50:38 [INFO] No signal (neutral/bearish, flat)
2026-03-04 21:50:38 [INFO] Sleeping for 60 seconds...
2026-03-04 21:51:38 [INFO] Current RSI: 73.96, Price: $71080.00
2026-03-04 21:51:38 [INFO] No signal (neutral/bearish, flat)
2026-03-04 21:51:38 [INFO] Sleeping for 60 seconds...
2026-03-04 21:52:38 [INFO] Current RSI: 74.01, Price: $71100.00
2026-03-04 21:52:38 [INFO] No signal (neutral/bearish, flat)
2026-03-04 21:52:38 [INFO] Sleeping for 60 seconds...
2026-03-04 21:53:38 [INFO] Current RSI: 74.02, Price: $71101.00
2026-03-04 21:53:38 [INFO] No signal (neutral/bearish, flat)
2026-03-04 21:53:38 [INFO] Sleeping for 60 seconds...
2026-03-04 21:54:38 [INFO] Current RSI: 74.01, Price: $71097.00
2026-03-04 21:54:38 [INFO] No signal (neutral/bearish, flat)
2026-03-04 21:54:38 [INFO] Sleeping for 60 seconds...
2026-03-04 21:55:38 [INFO] Current RSI: 73.93, Price: $71073.00
2026-03-04 21:55:38 [INFO] No signal (neutral/bearish, flat)
2026-03-04 21:55:38 [INFO] Sleeping for 60 seconds...
2026-03-04 21:56:38 [INFO] Current RSI: 74.16, Price: $71161.00
2026-03-04 21:56:38 [INFO] No signal (neutral/bearish, flat)
2026-03-04 21:56:38 [INFO] Sleeping for 60 seconds...
2026-03-04 21:57:38 [INFO] Current RSI: 74.36, Price: $71245.00
2026-03-04 21:57:38 [INFO] No signal (neutral/bearish, flat)
2026-03-04 21:57:38 [INFO] Sleeping for 60 seconds...
2026-03-04 21:58:38 [INFO] Current RSI: 74.47, Price: $71290.00
2026-03-04 21:58:38 [INFO] No signal (neutral/bearish, flat)
2026-03-04 21:58:38 [INFO] Sleeping for 60 seconds...
2026-03-04 21:59:38 [INFO] Current RSI: 74.45, Price: $71281.00
2026-03-04 21:59:38 [INFO] No signal (neutral/bearish, flat)
2026-03-04 21:59:38 [INFO] Sleeping for 60 seconds...
2026-03-04 22:00:38 [INFO] Current RSI: 74.45, Price: $71284.00
2026-03-04 22:00:38 [INFO] No signal (neutral/bearish, flat)
2026-03-04 22:00:38 [INFO] Sleeping for 60 seconds...
2026-03-04 22:01:38 [INFO] Current RSI: 74.49, Price: $71300.00
2026-03-04 22:01:38 [INFO] No signal (neutral/bearish, flat)
2026-03-04 22:01:38 [INFO] Sleeping for 60 seconds...
2026-03-04 22:02:38 [INFO] Current RSI: 74.46, Price: $71286.00
2026-03-04 22:02:38 [INFO] No signal (neutral/bearish, flat)
2026-03-04 22:02:38 [INFO] Sleeping for 60 seconds...
2026-03-04 22:03:38 [INFO] Current RSI: 74.37, Price: $71250.00
2026-03-04 22:03:38 [INFO] No signal (neutral/bearish, flat)
2026-03-04 22:03:38 [INFO] Sleeping for 60 seconds...
2026-03-04 22:04:38 [INFO] Current RSI: 74.59, Price: $71343.00
2026-03-04 22:04:38 [INFO] No signal (neutral/bearish, flat)
2026-03-04 22:04:38 [INFO] Sleeping for 60 seconds...
2026-03-04 22:05:38 [INFO] Current RSI: 74.46, Price: $71289.00
2026-03-04 22:05:38 [INFO] No signal (neutral/bearish, flat)
2026-03-04 22:05:38 [INFO] Sleeping for 60 seconds...
2026-03-04 22:06:39 [INFO] Current RSI: 74.75, Price: $71411.00
2026-03-04 22:06:39 [INFO] No signal (neutral/bearish, flat)
2026-03-04 22:06:39 [INFO] Sleeping for 60 seconds...
2026-03-04 22:07:39 [INFO] Current RSI: 74.94, Price: $71496.00
2026-03-04 22:07:39 [INFO] No signal (neutral/bearish, flat)
2026-03-04 22:07:39 [INFO] Sleeping for 60 seconds...
2026-03-04 22:08:39 [INFO] Current RSI: 75.00, Price: $71522.00
2026-03-04 22:08:39 [INFO] No signal (neutral/bearish, flat)
2026-03-04 22:08:39 [INFO] Sleeping for 60 seconds...
2026-03-04 22:09:39 [INFO] Current RSI: 74.96, Price: $71505.00
2026-03-04 22:09:39 [INFO] No signal (neutral/bearish, flat)
2026-03-04 22:09:39 [INFO] Sleeping for 60 seconds...
2026-03-04 22:10:39 [INFO] Current RSI: 74.86, Price: $71460.00
2026-03-04 22:10:39 [INFO] No signal (neutral/bearish, flat)
2026-03-04 22:10:39 [INFO] Sleeping for 60 seconds...
2026-03-04 22:11:39 [INFO] Current RSI: 74.76, Price: $71416.00
2026-03-04 22:11:39 [INFO] No signal (neutral/bearish, flat)
2026-03-04 22:11:39 [INFO] Sleeping for 60 seconds...
2026-03-04 22:12:39 [INFO] Current RSI: 74.53, Price: $71319.00
2026-03-04 22:12:39 [INFO] No signal (neutral/bearish, flat)
2026-03-04 22:12:39 [INFO] Sleeping for 60 seconds...
2026-03-04 22:13:39 [INFO] Current RSI: 74.45, Price: $71283.00
2026-03-04 22:13:39 [INFO] No signal (neutral/bearish, flat)
2026-03-04 22:13:39 [INFO] Sleeping for 60 seconds...
2026-03-04 22:14:39 [INFO] Current RSI: 74.36, Price: $71245.00
2026-03-04 22:14:39 [INFO] No signal (neutral/bearish, flat)
2026-03-04 22:14:39 [INFO] Sleeping for 60 seconds...
2026-03-04 22:15:39 [INFO] Current RSI: 74.55, Price: $71325.00
2026-03-04 22:15:39 [INFO] No signal (neutral/bearish, flat)
2026-03-04 22:15:39 [INFO] Sleeping for 60 seconds...
2026-03-04 22:16:39 [INFO] Current RSI: 74.40, Price: $71260.00
2026-03-04 22:16:39 [INFO] No signal (neutral/bearish, flat)
2026-03-04 22:16:39 [INFO] Sleeping for 60 seconds...
2026-03-04 22:17:39 [INFO] Current RSI: 74.53, Price: $71316.00
2026-03-04 22:17:39 [INFO] No signal (neutral/bearish, flat)
2026-03-04 22:17:39 [INFO] Sleeping for 60 seconds...
2026-03-04 22:18:40 [INFO] Current RSI: 74.50, Price: $71305.00
2026-03-04 22:18:40 [INFO] No signal (neutral/bearish, flat)
2026-03-04 22:18:40 [INFO] Sleeping for 60 seconds...
2026-03-04 22:19:40 [INFO] Current RSI: 74.40, Price: $71262.00
2026-03-04 22:19:40 [INFO] No signal (neutral/bearish, flat)
2026-03-04 22:19:40 [INFO] Sleeping for 60 seconds...
2026-03-04 22:20:40 [INFO] Current RSI: 74.44, Price: $71277.00
2026-03-04 22:20:40 [INFO] No signal (neutral/bearish, flat)
2026-03-04 22:20:40 [INFO] Sleeping for 60 seconds...
2026-03-04 22:21:40 [INFO] Current RSI: 74.49, Price: $71300.00
2026-03-04 22:21:40 [INFO] No signal (neutral/bearish, flat)
2026-03-04 22:21:40 [INFO] Sleeping for 60 seconds...
2026-03-04 22:22:40 [INFO] Current RSI: 74.33, Price: $71232.00
2026-03-04 22:22:40 [INFO] No signal (neutral/bearish, flat)
2026-03-04 22:22:40 [INFO] Sleeping for 60 seconds...
2026-03-04 22:23:40 [INFO] Current RSI: 74.30, Price: $71218.00
2026-03-04 22:23:40 [INFO] No signal (neutral/bearish, flat)
2026-03-04 22:23:40 [INFO] Sleeping for 60 seconds...
2026-03-04 22:24:40 [INFO] Current RSI: 74.26, Price: $71201.00
2026-03-04 22:24:40 [INFO] No signal (neutral/bearish, flat)
2026-03-04 22:24:40 [INFO] Sleeping for 60 seconds...
2026-03-04 22:25:40 [INFO] Current RSI: 74.35, Price: $71239.00
2026-03-04 22:25:40 [INFO] No signal (neutral/bearish, flat)
2026-03-04 22:25:40 [INFO] Sleeping for 60 seconds...
2026-03-04 22:26:40 [INFO] Current RSI: 74.39, Price: $71258.00
2026-03-04 22:26:40 [INFO] No signal (neutral/bearish, flat)
2026-03-04 22:26:40 [INFO] Sleeping for 60 seconds...
2026-03-04 22:27:40 [INFO] Current RSI: 74.48, Price: $71294.00
2026-03-04 22:27:40 [INFO] No signal (neutral/bearish, flat)
2026-03-04 22:27:40 [INFO] Sleeping for 60 seconds...
2026-03-04 22:28:40 [INFO] Current RSI: 74.57, Price: $71334.00
2026-03-04 22:28:40 [INFO] No signal (neutral/bearish, flat)
2026-03-04 22:28:40 [INFO] Sleeping for 60 seconds...
2026-03-04 22:29:40 [INFO] Current RSI: 74.53, Price: $71319.00
2026-03-04 22:29:40 [INFO] No signal (neutral/bearish, flat)
2026-03-04 22:29:40 [INFO] Sleeping for 60 seconds...
2026-03-04 22:30:40 [INFO] Current RSI: 74.44, Price: $71280.00
2026-03-04 22:30:40 [INFO] No signal (neutral/bearish, flat)
2026-03-04 22:30:40 [INFO] Sleeping for 60 seconds...
2026-03-04 22:31:40 [INFO] Current RSI: 74.49, Price: $71301.00
2026-03-04 22:31:40 [INFO] No signal (neutral/bearish, flat)
2026-03-04 22:31:40 [INFO] Sleeping for 60 seconds...
2026-03-04 22:32:40 [INFO] Current RSI: 74.55, Price: $71326.00
2026-03-04 22:32:40 [INFO] No signal (neutral/bearish, flat)
2026-03-04 22:32:40 [INFO] Sleeping for 60 seconds...
2026-03-04 22:33:40 [INFO] Current RSI: 74.60, Price: $71345.00
2026-03-04 22:33:40 [INFO] No signal (neutral/bearish, flat)
2026-03-04 22:33:40 [INFO] Sleeping for 60 seconds...
2026-03-04 22:34:40 [INFO] Current RSI: 74.47, Price: $71293.00
2026-03-04 22:34:40 [INFO] No signal (neutral/bearish, flat)
2026-03-04 22:34:40 [INFO] Sleeping for 60 seconds...
2026-03-04 22:35:41 [INFO] Current RSI: 74.35, Price: $71239.00
2026-03-04 22:35:41 [INFO] No signal (neutral/bearish, flat)
2026-03-04 22:35:41 [INFO] Sleeping for 60 seconds...
2026-03-04 22:36:41 [INFO] Current RSI: 74.52, Price: $71311.00
2026-03-04 22:36:41 [INFO] No signal (neutral/bearish, flat)
2026-03-04 22:36:41 [INFO] Sleeping for 60 seconds...
2026-03-04 22:37:41 [INFO] Current RSI: 74.45, Price: $71281.00
2026-03-04 22:37:41 [INFO] No signal (neutral/bearish, flat)
2026-03-04 22:37:41 [INFO] Sleeping for 60 seconds...
2026-03-04 22:38:41 [INFO] Current RSI: 74.63, Price: $71361.00
2026-03-04 22:38:41 [INFO] No signal (neutral/bearish, flat)
2026-03-04 22:38:41 [INFO] Sleeping for 60 seconds...
2026-03-04 22:39:41 [INFO] Current RSI: 74.74, Price: $71406.00
2026-03-04 22:39:41 [INFO] No signal (neutral/bearish, flat)
2026-03-04 22:39:41 [INFO] Sleeping for 60 seconds...
2026-03-04 22:40:41 [INFO] Current RSI: 74.70, Price: $71390.00
2026-03-04 22:40:41 [INFO] No signal (neutral/bearish, flat)
2026-03-04 22:40:41 [INFO] Sleeping for 60 seconds...
2026-03-04 22:41:41 [INFO] Current RSI: 74.87, Price: $71463.00
2026-03-04 22:41:41 [INFO] No signal (neutral/bearish, flat)
2026-03-04 22:41:41 [INFO] Sleeping for 60 seconds...
2026-03-04 22:42:41 [INFO] Current RSI: 74.92, Price: $71488.00
2026-03-04 22:42:41 [INFO] No signal (neutral/bearish, flat)
2026-03-04 22:42:41 [INFO] Sleeping for 60 seconds...
2026-03-04 22:43:42 [INFO] Current RSI: 74.84, Price: $71450.00
2026-03-04 22:43:42 [INFO] No signal (neutral/bearish, flat)
2026-03-04 22:43:42 [INFO] Sleeping for 60 seconds...
2026-03-04 22:44:42 [INFO] Current RSI: 74.74, Price: $71409.00
2026-03-04 22:44:42 [INFO] No signal (neutral/bearish, flat)
2026-03-04 22:44:42 [INFO] Sleeping for 60 seconds...
2026-03-04 22:45:42 [INFO] Current RSI: 74.72, Price: $71399.00
2026-03-04 22:45:42 [INFO] No signal (neutral/bearish, flat)
2026-03-04 22:45:42 [INFO] Sleeping for 60 seconds...
2026-03-04 22:46:42 [INFO] Current RSI: 74.69, Price: $71388.00
2026-03-04 22:46:42 [INFO] No signal (neutral/bearish, flat)
2026-03-04 22:46:42 [INFO] Sleeping for 60 seconds...
2026-03-04 22:47:42 [INFO] Current RSI: 74.74, Price: $71409.00
2026-03-04 22:47:42 [INFO] No signal (neutral/bearish, flat)
2026-03-04 22:47:42 [INFO] Sleeping for 60 seconds...
2026-03-04 22:48:42 [INFO] Current RSI: 74.58, Price: $71340.00
2026-03-04 22:48:42 [INFO] No signal (neutral/bearish, flat)
2026-03-04 22:48:42 [INFO] Sleeping for 60 seconds...
2026-03-04 22:49:42 [INFO] Current RSI: 74.68, Price: $71380.00
2026-03-04 22:49:42 [INFO] No signal (neutral/bearish, flat)
2026-03-04 22:49:42 [INFO] Sleeping for 60 seconds...
2026-03-04 22:50:42 [INFO] Current RSI: 74.56, Price: $71332.00
2026-03-04 22:50:42 [INFO] No signal (neutral/bearish, flat)
2026-03-04 22:50:42 [INFO] Sleeping for 60 seconds...
2026-03-04 22:51:42 [INFO] Current RSI: 74.44, Price: $71277.00
2026-03-04 22:51:42 [INFO] No signal (neutral/bearish, flat)
2026-03-04 22:51:42 [INFO] Sleeping for 60 seconds...
2026-03-04 22:52:42 [INFO] Current RSI: 74.64, Price: $71363.00
2026-03-04 22:52:42 [INFO] No signal (neutral/bearish, flat)
2026-03-04 22:52:42 [INFO] Sleeping for 60 seconds...
2026-03-04 22:53:42 [INFO] Current RSI: 74.60, Price: $71347.00
2026-03-04 22:53:42 [INFO] No signal (neutral/bearish, flat)
2026-03-04 22:53:42 [INFO] Sleeping for 60 seconds...
2026-03-04 22:54:42 [INFO] Current RSI: 74.73, Price: $71402.00
2026-03-04 22:54:42 [INFO] No signal (neutral/bearish, flat)
2026-03-04 22:54:42 [INFO] Sleeping for 60 seconds...
2026-03-04 22:55:42 [INFO] Current RSI: 74.76, Price: $71416.00
2026-03-04 22:55:42 [INFO] No signal (neutral/bearish, flat)
2026-03-04 22:55:42 [INFO] Sleeping for 60 seconds...
2026-03-04 22:56:42 [INFO] Current RSI: 74.83, Price: $71447.00
2026-03-04 22:56:42 [INFO] No signal (neutral/bearish, flat)
2026-03-04 22:56:42 [INFO] Sleeping for 60 seconds...
2026-03-04 22:57:42 [INFO] Current RSI: 74.80, Price: $71436.00
2026-03-04 22:57:42 [INFO] No signal (neutral/bearish, flat)
2026-03-04 22:57:42 [INFO] Sleeping for 60 seconds...
2026-03-04 22:58:43 [INFO] Current RSI: 74.83, Price: $71448.00
2026-03-04 22:58:43 [INFO] No signal (neutral/bearish, flat)
2026-03-04 22:58:43 [INFO] Sleeping for 60 seconds...
2026-03-04 22:59:43 [INFO] Current RSI: 74.78, Price: $71426.00
2026-03-04 22:59:43 [INFO] No signal (neutral/bearish, flat)
2026-03-04 22:59:43 [INFO] Sleeping for 60 seconds...
2026-03-04 23:00:43 [INFO] Current RSI: 74.81, Price: $71439.00
2026-03-04 23:00:43 [INFO] No signal (neutral/bearish, flat)
2026-03-04 23:00:43 [INFO] Sleeping for 60 seconds...
2026-03-04 23:01:43 [INFO] Current RSI: 74.78, Price: $71427.00
2026-03-04 23:01:43 [INFO] No signal (neutral/bearish, flat)
2026-03-04 23:01:43 [INFO] Sleeping for 60 seconds...
2026-03-04 23:02:43 [INFO] Current RSI: 74.73, Price: $71403.00
2026-03-04 23:02:43 [INFO] No signal (neutral/bearish, flat)
2026-03-04 23:02:43 [INFO] Sleeping for 60 seconds...
2026-03-04 23:03:43 [INFO] Current RSI: 74.69, Price: $71385.00
2026-03-04 23:03:43 [INFO] No signal (neutral/bearish, flat)
2026-03-04 23:03:43 [INFO] Sleeping for 60 seconds...
2026-03-04 23:04:43 [INFO] Current RSI: 74.72, Price: $71399.00
2026-03-04 23:04:43 [INFO] No signal (neutral/bearish, flat)
2026-03-04 23:04:43 [INFO] Sleeping for 60 seconds...
2026-03-04 23:05:43 [INFO] Current RSI: 74.83, Price: $71445.00
2026-03-04 23:05:43 [INFO] No signal (neutral/bearish, flat)
2026-03-04 23:05:43 [INFO] Sleeping for 60 seconds...
2026-03-04 23:06:43 [INFO] Current RSI: 74.77, Price: $71421.00
2026-03-04 23:06:43 [INFO] No signal (neutral/bearish, flat)
2026-03-04 23:06:43 [INFO] Sleeping for 60 seconds...
2026-03-04 23:07:43 [INFO] Current RSI: 75.20, Price: $71610.00
2026-03-04 23:07:43 [INFO] No signal (neutral/bearish, flat)
2026-03-04 23:07:43 [INFO] Sleeping for 60 seconds...
2026-03-04 23:08:43 [INFO] Current RSI: 74.90, Price: $71477.00
2026-03-04 23:08:43 [INFO] No signal (neutral/bearish, flat)
2026-03-04 23:08:43 [INFO] Sleeping for 60 seconds...
2026-03-04 23:09:44 [INFO] Current RSI: 74.98, Price: $71515.00
2026-03-04 23:09:44 [INFO] No signal (neutral/bearish, flat)
2026-03-04 23:09:44 [INFO] Sleeping for 60 seconds...
2026-03-04 23:10:44 [INFO] Current RSI: 75.16, Price: $71595.00
2026-03-04 23:10:44 [INFO] No signal (neutral/bearish, flat)
2026-03-04 23:10:44 [INFO] Sleeping for 60 seconds...
2026-03-04 23:11:44 [INFO] Current RSI: 75.17, Price: $71596.00
2026-03-04 23:11:44 [INFO] No signal (neutral/bearish, flat)
2026-03-04 23:11:44 [INFO] Sleeping for 60 seconds...
2026-03-04 23:12:44 [INFO] Current RSI: 75.23, Price: $71626.00
2026-03-04 23:12:44 [INFO] No signal (neutral/bearish, flat)
2026-03-04 23:12:44 [INFO] Sleeping for 60 seconds...
2026-03-04 23:13:44 [INFO] Current RSI: 75.26, Price: $71640.00
2026-03-04 23:13:44 [INFO] No signal (neutral/bearish, flat)
2026-03-04 23:13:44 [INFO] Sleeping for 60 seconds...
2026-03-04 23:14:44 [INFO] Current RSI: 75.53, Price: $71764.00
2026-03-04 23:14:44 [INFO] No signal (neutral/bearish, flat)
2026-03-04 23:14:44 [INFO] Sleeping for 60 seconds...
2026-03-04 23:15:44 [INFO] Current RSI: 75.55, Price: $71770.00
2026-03-04 23:15:44 [INFO] No signal (neutral/bearish, flat)
2026-03-04 23:15:44 [INFO] Sleeping for 60 seconds...
2026-03-04 23:16:44 [INFO] Current RSI: 75.70, Price: $71840.00
2026-03-04 23:16:44 [INFO] No signal (neutral/bearish, flat)
2026-03-04 23:16:44 [INFO] Sleeping for 60 seconds...
2026-03-04 23:17:44 [INFO] Current RSI: 75.36, Price: $71684.00
2026-03-04 23:17:44 [INFO] No signal (neutral/bearish, flat)
2026-03-04 23:17:44 [INFO] Sleeping for 60 seconds...
2026-03-04 23:18:44 [INFO] Current RSI: 75.50, Price: $71751.00
2026-03-04 23:18:44 [INFO] No signal (neutral/bearish, flat)
2026-03-04 23:18:44 [INFO] Sleeping for 60 seconds...
2026-03-04 23:19:45 [INFO] Current RSI: 75.33, Price: $71671.00
2026-03-04 23:19:45 [INFO] No signal (neutral/bearish, flat)
2026-03-04 23:19:45 [INFO] Sleeping for 60 seconds...
2026-03-04 23:20:45 [INFO] Current RSI: 75.12, Price: $71574.00
2026-03-04 23:20:45 [INFO] No signal (neutral/bearish, flat)
2026-03-04 23:20:45 [INFO] Sleeping for 60 seconds...
2026-03-04 23:21:45 [INFO] Current RSI: 75.08, Price: $71557.00
2026-03-04 23:21:45 [INFO] No signal (neutral/bearish, flat)
2026-03-04 23:21:45 [INFO] Sleeping for 60 seconds...
2026-03-04 23:22:45 [INFO] Current RSI: 75.09, Price: $71562.00
2026-03-04 23:22:45 [INFO] No signal (neutral/bearish, flat)
2026-03-04 23:22:45 [INFO] Sleeping for 60 seconds...
2026-03-04 23:23:45 [INFO] Current RSI: 75.21, Price: $71618.00
2026-03-04 23:23:45 [INFO] No signal (neutral/bearish, flat)
2026-03-04 23:23:45 [INFO] Sleeping for 60 seconds...
2026-03-04 23:24:46 [INFO] Current RSI: 75.05, Price: $71544.00
2026-03-04 23:24:46 [INFO] No signal (neutral/bearish, flat)
2026-03-04 23:24:46 [INFO] Sleeping for 60 seconds...
2026-03-04 23:25:46 [INFO] Current RSI: 75.07, Price: $71554.00
2026-03-04 23:25:46 [INFO] No signal (neutral/bearish, flat)
2026-03-04 23:25:46 [INFO] Sleeping for 60 seconds...
2026-03-04 23:26:46 [INFO] Current RSI: 75.11, Price: $71572.00
2026-03-04 23:26:46 [INFO] No signal (neutral/bearish, flat)
2026-03-04 23:26:46 [INFO] Sleeping for 60 seconds...
2026-03-04 23:27:46 [INFO] Current RSI: 75.15, Price: $71589.00
2026-03-04 23:27:46 [INFO] No signal (neutral/bearish, flat)
2026-03-04 23:27:46 [INFO] Sleeping for 60 seconds...
2026-03-04 23:28:46 [INFO] Current RSI: 75.38, Price: $71694.00
2026-03-04 23:28:46 [INFO] No signal (neutral/bearish, flat)
2026-03-04 23:28:46 [INFO] Sleeping for 60 seconds...
2026-03-04 23:29:46 [INFO] Current RSI: 75.39, Price: $71699.00
2026-03-04 23:29:46 [INFO] No signal (neutral/bearish, flat)
2026-03-04 23:29:46 [INFO] Sleeping for 60 seconds...
2026-03-04 23:30:46 [INFO] Current RSI: 75.85, Price: $71914.00
2026-03-04 23:30:46 [INFO] No signal (neutral/bearish, flat)
2026-03-04 23:30:46 [INFO] Sleeping for 60 seconds...
2026-03-04 23:31:46 [INFO] Current RSI: 76.83, Price: $72399.00
2026-03-04 23:31:46 [INFO] No signal (neutral/bearish, flat)
2026-03-04 23:31:46 [INFO] Sleeping for 60 seconds...
2026-03-04 23:32:46 [INFO] Current RSI: 76.93, Price: $72450.00
2026-03-04 23:32:46 [INFO] No signal (neutral/bearish, flat)
2026-03-04 23:32:46 [INFO] Sleeping for 60 seconds...
2026-03-04 23:33:46 [INFO] Current RSI: 76.30, Price: $72130.00
2026-03-04 23:33:46 [INFO] No signal (neutral/bearish, flat)
2026-03-04 23:33:46 [INFO] Sleeping for 60 seconds...
2026-03-04 23:34:46 [INFO] Current RSI: 76.79, Price: $72380.00
2026-03-04 23:34:46 [INFO] No signal (neutral/bearish, flat)
2026-03-04 23:34:46 [INFO] Sleeping for 60 seconds...
2026-03-04 23:35:47 [INFO] Current RSI: 76.19, Price: $72077.00
2026-03-04 23:35:47 [INFO] No signal (neutral/bearish, flat)
2026-03-04 23:35:47 [INFO] Sleeping for 60 seconds...
2026-03-04 23:36:47 [INFO] Current RSI: 75.51, Price: $71755.00
2026-03-04 23:36:47 [INFO] No signal (neutral/bearish, flat)
2026-03-04 23:36:47 [INFO] Sleeping for 60 seconds...
2026-03-04 23:37:47 [INFO] Current RSI: 75.52, Price: $71760.00
2026-03-04 23:37:47 [INFO] No signal (neutral/bearish, flat)
2026-03-04 23:37:47 [INFO] Sleeping for 60 seconds...
2026-03-04 23:38:47 [INFO] Current RSI: 75.80, Price: $71888.00
2026-03-04 23:38:47 [INFO] No signal (neutral/bearish, flat)
2026-03-04 23:38:47 [INFO] Sleeping for 60 seconds...
2026-03-04 23:39:47 [INFO] Current RSI: 75.66, Price: $71822.00
2026-03-04 23:39:47 [INFO] No signal (neutral/bearish, flat)
2026-03-04 23:39:47 [INFO] Sleeping for 60 seconds...
2026-03-04 23:40:47 [INFO] Current RSI: 75.85, Price: $71914.00
2026-03-04 23:40:47 [INFO] No signal (neutral/bearish, flat)
2026-03-04 23:40:47 [INFO] Sleeping for 60 seconds...
2026-03-04 23:41:47 [INFO] Current RSI: 75.50, Price: $71750.00
2026-03-04 23:41:47 [INFO] No signal (neutral/bearish, flat)
2026-03-04 23:41:47 [INFO] Sleeping for 60 seconds...
2026-03-04 23:42:47 [INFO] Current RSI: 75.19, Price: $71608.00
2026-03-04 23:42:47 [INFO] No signal (neutral/bearish, flat)
2026-03-04 23:42:47 [INFO] Sleeping for 60 seconds...
2026-03-04 23:43:47 [INFO] Current RSI: 75.04, Price: $71540.00
2026-03-04 23:43:47 [INFO] No signal (neutral/bearish, flat)
2026-03-04 23:43:47 [INFO] Sleeping for 60 seconds...
2026-03-04 23:44:47 [INFO] Current RSI: 74.65, Price: $71368.00
2026-03-04 23:44:47 [INFO] No signal (neutral/bearish, flat)
2026-03-04 23:44:47 [INFO] Sleeping for 60 seconds...
2026-03-04 23:45:48 [INFO] Current RSI: 74.62, Price: $71354.00
2026-03-04 23:45:48 [INFO] No signal (neutral/bearish, flat)
2026-03-04 23:45:48 [INFO] Sleeping for 60 seconds...
2026-03-04 23:46:48 [INFO] Current RSI: 74.62, Price: $71357.00
2026-03-04 23:46:48 [INFO] No signal (neutral/bearish, flat)
2026-03-04 23:46:48 [INFO] Sleeping for 60 seconds...
2026-03-04 23:47:48 [INFO] Current RSI: 74.90, Price: $71479.00
2026-03-04 23:47:48 [INFO] No signal (neutral/bearish, flat)
2026-03-04 23:47:48 [INFO] Sleeping for 60 seconds...
2026-03-04 23:48:48 [INFO] Current RSI: 74.98, Price: $71512.00
2026-03-04 23:48:48 [INFO] No signal (neutral/bearish, flat)
2026-03-04 23:48:48 [INFO] Sleeping for 60 seconds...
2026-03-04 23:49:48 [INFO] Current RSI: 75.02, Price: $71533.00
2026-03-04 23:49:48 [INFO] No signal (neutral/bearish, flat)
2026-03-04 23:49:48 [INFO] Sleeping for 60 seconds...
2026-03-04 23:50:48 [INFO] Current RSI: 75.17, Price: $71600.00
2026-03-04 23:50:48 [INFO] No signal (neutral/bearish, flat)
2026-03-04 23:50:48 [INFO] Sleeping for 60 seconds...
2026-03-04 23:51:48 [INFO] Current RSI: 75.11, Price: $71573.00
2026-03-04 23:51:48 [INFO] No signal (neutral/bearish, flat)
2026-03-04 23:51:48 [INFO] Sleeping for 60 seconds...
2026-03-04 23:52:48 [INFO] Current RSI: 75.47, Price: $71736.00
2026-03-04 23:52:48 [INFO] No signal (neutral/bearish, flat)
2026-03-04 23:52:48 [INFO] Sleeping for 60 seconds...
2026-03-04 23:53:48 [INFO] Current RSI: 75.30, Price: $71658.00
2026-03-04 23:53:48 [INFO] No signal (neutral/bearish, flat)
2026-03-04 23:53:48 [INFO] Sleeping for 60 seconds...
2026-03-04 23:54:48 [INFO] Current RSI: 75.27, Price: $71642.00
2026-03-04 23:54:48 [INFO] No signal (neutral/bearish, flat)
2026-03-04 23:54:48 [INFO] Sleeping for 60 seconds...
2026-03-04 23:55:48 [INFO] Current RSI: 75.06, Price: $71549.00
2026-03-04 23:55:48 [INFO] No signal (neutral/bearish, flat)
2026-03-04 23:55:48 [INFO] Sleeping for 60 seconds...
2026-03-04 23:56:48 [INFO] Current RSI: 75.35, Price: $71682.00
2026-03-04 23:56:48 [INFO] No signal (neutral/bearish, flat)
2026-03-04 23:56:48 [INFO] Sleeping for 60 seconds...
2026-03-04 23:57:48 [INFO] Current RSI: 75.15, Price: $71587.00
2026-03-04 23:57:48 [INFO] No signal (neutral/bearish, flat)
2026-03-04 23:57:48 [INFO] Sleeping for 60 seconds...
2026-03-04 23:58:48 [INFO] Current RSI: 74.95, Price: $71502.00
2026-03-04 23:58:48 [INFO] No signal (neutral/bearish, flat)
2026-03-04 23:58:48 [INFO] Sleeping for 60 seconds...
2026-03-04 23:59:48 [INFO] Current RSI: 74.95, Price: $71500.00
2026-03-04 23:59:48 [INFO] No signal (neutral/bearish, flat)
2026-03-04 23:59:48 [INFO] Sleeping for 60 seconds...
2026-03-05 00:00:49 [INFO] Current RSI: 75.55, Price: $71773.00
2026-03-05 00:00:49 [INFO] No signal (neutral/bearish, flat)
2026-03-05 00:00:49 [INFO] Sleeping for 60 seconds...
2026-03-05 00:01:49 [INFO] Current RSI: 75.68, Price: $71833.00
2026-03-05 00:01:49 [INFO] No signal (neutral/bearish, flat)
2026-03-05 00:01:49 [INFO] Sleeping for 60 seconds...
2026-03-05 00:02:49 [INFO] Current RSI: 75.83, Price: $71903.00
2026-03-05 00:02:49 [INFO] No signal (neutral/bearish, flat)
2026-03-05 00:02:49 [INFO] Sleeping for 60 seconds...
2026-03-05 00:03:49 [INFO] Current RSI: 75.37, Price: $71688.00
2026-03-05 00:03:49 [INFO] No signal (neutral/bearish, flat)
2026-03-05 00:03:49 [INFO] Sleeping for 60 seconds...
2026-03-05 00:04:49 [INFO] Current RSI: 75.28, Price: $71649.00
2026-03-05 00:04:49 [INFO] No signal (neutral/bearish, flat)
2026-03-05 00:04:49 [INFO] Sleeping for 60 seconds...
2026-03-05 00:05:49 [INFO] Current RSI: 75.23, Price: $71625.00
2026-03-05 00:05:49 [INFO] No signal (neutral/bearish, flat)
2026-03-05 00:05:49 [INFO] Sleeping for 60 seconds...
2026-03-05 00:06:49 [INFO] Current RSI: 75.39, Price: $71700.00
2026-03-05 00:06:49 [INFO] No signal (neutral/bearish, flat)
2026-03-05 00:06:49 [INFO] Sleeping for 60 seconds...
2026-03-05 00:07:49 [INFO] Current RSI: 75.47, Price: $71735.00
2026-03-05 00:07:49 [INFO] No signal (neutral/bearish, flat)
2026-03-05 00:07:49 [INFO] Sleeping for 60 seconds...
2026-03-05 00:08:49 [INFO] Current RSI: 76.03, Price: $72001.00
2026-03-05 00:08:49 [INFO] No signal (neutral/bearish, flat)
2026-03-05 00:08:49 [INFO] Sleeping for 60 seconds...
2026-03-05 00:09:49 [INFO] Current RSI: 76.01, Price: $71990.00
2026-03-05 00:09:49 [INFO] No signal (neutral/bearish, flat)
2026-03-05 00:09:49 [INFO] Sleeping for 60 seconds...
2026-03-05 00:10:49 [INFO] Current RSI: 75.96, Price: $71966.00
2026-03-05 00:10:49 [INFO] No signal (neutral/bearish, flat)
2026-03-05 00:10:49 [INFO] Sleeping for 60 seconds...
2026-03-05 00:11:49 [INFO] Current RSI: 76.18, Price: $72072.00
2026-03-05 00:11:49 [INFO] No signal (neutral/bearish, flat)
2026-03-05 00:11:49 [INFO] Sleeping for 60 seconds...
2026-03-05 00:12:49 [INFO] Current RSI: 76.20, Price: $72082.00
2026-03-05 00:12:49 [INFO] No signal (neutral/bearish, flat)
2026-03-05 00:12:49 [INFO] Sleeping for 60 seconds...
2026-03-05 00:13:49 [INFO] Current RSI: 76.39, Price: $72178.00
2026-03-05 00:13:49 [INFO] No signal (neutral/bearish, flat)
2026-03-05 00:13:49 [INFO] Sleeping for 60 seconds...
2026-03-05 00:14:49 [INFO] Current RSI: 75.92, Price: $71948.00
2026-03-05 00:14:49 [INFO] No signal (neutral/bearish, flat)
2026-03-05 00:14:49 [INFO] Sleeping for 60 seconds...
2026-03-05 00:15:50 [INFO] Current RSI: 76.01, Price: $71989.00
2026-03-05 00:15:50 [INFO] No signal (neutral/bearish, flat)
2026-03-05 00:15:50 [INFO] Sleeping for 60 seconds...
2026-03-05 00:16:50 [INFO] Current RSI: 76.28, Price: $72123.00
2026-03-05 00:16:50 [INFO] No signal (neutral/bearish, flat)
2026-03-05 00:16:50 [INFO] Sleeping for 60 seconds...
2026-03-05 00:17:50 [INFO] Current RSI: 76.44, Price: $72200.00
2026-03-05 00:17:50 [INFO] No signal (neutral/bearish, flat)
2026-03-05 00:17:50 [INFO] Sleeping for 60 seconds...
2026-03-05 00:18:50 [INFO] Current RSI: 76.44, Price: $72203.00
2026-03-05 00:18:50 [INFO] No signal (neutral/bearish, flat)
2026-03-05 00:18:50 [INFO] Sleeping for 60 seconds...
2026-03-05 00:19:50 [INFO] Current RSI: 76.66, Price: $72312.00
2026-03-05 00:19:50 [INFO] No signal (neutral/bearish, flat)
2026-03-05 00:19:50 [INFO] Sleeping for 60 seconds...
2026-03-05 00:20:50 [INFO] Current RSI: 76.84, Price: $72406.00
2026-03-05 00:20:50 [INFO] No signal (neutral/bearish, flat)
2026-03-05 00:20:50 [INFO] Sleeping for 60 seconds...
2026-03-05 00:21:50 [INFO] Current RSI: 76.65, Price: $72307.00
2026-03-05 00:21:50 [INFO] No signal (neutral/bearish, flat)
2026-03-05 00:21:50 [INFO] Sleeping for 60 seconds...
2026-03-05 00:22:50 [INFO] Current RSI: 76.61, Price: $72287.00
2026-03-05 00:22:50 [INFO] No signal (neutral/bearish, flat)
2026-03-05 00:22:50 [INFO] Sleeping for 60 seconds...
2026-03-05 00:23:50 [INFO] Current RSI: 76.37, Price: $72166.00
2026-03-05 00:23:50 [INFO] No signal (neutral/bearish, flat)
2026-03-05 00:23:50 [INFO] Sleeping for 60 seconds...
2026-03-05 00:24:50 [INFO] Current RSI: 76.52, Price: $72242.00
2026-03-05 00:24:50 [INFO] No signal (neutral/bearish, flat)
2026-03-05 00:24:50 [INFO] Sleeping for 60 seconds...
2026-03-05 00:25:50 [INFO] Current RSI: 76.60, Price: $72284.00
2026-03-05 00:25:50 [INFO] No signal (neutral/bearish, flat)
2026-03-05 00:25:50 [INFO] Sleeping for 60 seconds...
2026-03-05 00:26:50 [INFO] Current RSI: 77.27, Price: $72631.00
2026-03-05 00:26:50 [INFO] No signal (neutral/bearish, flat)
2026-03-05 00:26:50 [INFO] Sleeping for 60 seconds...
2026-03-05 00:27:50 [INFO] Current RSI: 77.49, Price: $72748.00
2026-03-05 00:27:50 [INFO] No signal (neutral/bearish, flat)
2026-03-05 00:27:50 [INFO] Sleeping for 60 seconds...
2026-03-05 00:28:51 [INFO] Current RSI: 77.49, Price: $72752.00
2026-03-05 00:28:51 [INFO] No signal (neutral/bearish, flat)
2026-03-05 00:28:51 [INFO] Sleeping for 60 seconds...
2026-03-05 00:29:51 [INFO] Current RSI: 77.81, Price: $72929.00
2026-03-05 00:29:51 [INFO] No signal (neutral/bearish, flat)
2026-03-05 00:29:51 [INFO] Sleeping for 60 seconds...
2026-03-05 00:30:51 [INFO] Current RSI: 77.55, Price: $72784.00
2026-03-05 00:30:51 [INFO] No signal (neutral/bearish, flat)
2026-03-05 00:30:51 [INFO] Sleeping for 60 seconds...
2026-03-05 00:31:51 [INFO] Current RSI: 78.00, Price: $73037.00
2026-03-05 00:31:51 [INFO] No signal (neutral/bearish, flat)
2026-03-05 00:31:51 [INFO] Sleeping for 60 seconds...
2026-03-05 00:32:51 [INFO] Current RSI: 77.68, Price: $72854.00
2026-03-05 00:32:51 [INFO] No signal (neutral/bearish, flat)
2026-03-05 00:32:51 [INFO] Sleeping for 60 seconds...
2026-03-05 00:33:51 [INFO] Current RSI: 77.47, Price: $72742.00
2026-03-05 00:33:51 [INFO] No signal (neutral/bearish, flat)
2026-03-05 00:33:51 [INFO] Sleeping for 60 seconds...
2026-03-05 00:34:51 [INFO] Current RSI: 77.65, Price: $72841.00
2026-03-05 00:34:51 [INFO] No signal (neutral/bearish, flat)
2026-03-05 00:34:51 [INFO] Sleeping for 60 seconds...
2026-03-05 00:35:51 [INFO] Current RSI: 77.44, Price: $72723.00
2026-03-05 00:35:51 [INFO] No signal (neutral/bearish, flat)
2026-03-05 00:35:51 [INFO] Sleeping for 60 seconds...
2026-03-05 00:36:51 [INFO] Current RSI: 77.44, Price: $72723.00
2026-03-05 00:36:51 [INFO] No signal (neutral/bearish, flat)
2026-03-05 00:36:51 [INFO] Sleeping for 60 seconds...
2026-03-05 00:37:51 [INFO] Current RSI: 77.54, Price: $72777.00
2026-03-05 00:37:51 [INFO] No signal (neutral/bearish, flat)
2026-03-05 00:37:51 [INFO] Sleeping for 60 seconds...
2026-03-05 00:38:51 [INFO] Current RSI: 77.23, Price: $72611.00
2026-03-05 00:38:51 [INFO] No signal (neutral/bearish, flat)
2026-03-05 00:38:51 [INFO] Sleeping for 60 seconds...
2026-03-05 00:39:52 [INFO] Current RSI: 77.23, Price: $72610.00
2026-03-05 00:39:52 [INFO] No signal (neutral/bearish, flat)
2026-03-05 00:39:52 [INFO] Sleeping for 60 seconds...
2026-03-05 00:40:52 [INFO] Current RSI: 77.40, Price: $72700.00
2026-03-05 00:40:52 [INFO] No signal (neutral/bearish, flat)
2026-03-05 00:40:52 [INFO] Sleeping for 60 seconds...
2026-03-05 00:41:52 [INFO] Current RSI: 77.22, Price: $72605.00
2026-03-05 00:41:52 [INFO] No signal (neutral/bearish, flat)
2026-03-05 00:41:52 [INFO] Sleeping for 60 seconds...
2026-03-05 00:42:52 [INFO] Current RSI: 77.32, Price: $72657.00
2026-03-05 00:42:52 [INFO] No signal (neutral/bearish, flat)
2026-03-05 00:42:52 [INFO] Sleeping for 60 seconds...
2026-03-05 00:43:52 [INFO] Current RSI: 77.43, Price: $72717.00
2026-03-05 00:43:52 [INFO] No signal (neutral/bearish, flat)
2026-03-05 00:43:52 [INFO] Sleeping for 60 seconds...
2026-03-05 00:44:52 [INFO] Current RSI: 77.26, Price: $72626.00
2026-03-05 00:44:52 [INFO] No signal (neutral/bearish, flat)
2026-03-05 00:44:52 [INFO] Sleeping for 60 seconds...
2026-03-05 00:45:52 [INFO] Current RSI: 77.41, Price: $72705.00
2026-03-05 00:45:52 [INFO] No signal (neutral/bearish, flat)
2026-03-05 00:45:52 [INFO] Sleeping for 60 seconds...
2026-03-05 00:46:53 [INFO] Current RSI: 77.73, Price: $72884.00
2026-03-05 00:46:53 [INFO] No signal (neutral/bearish, flat)
2026-03-05 00:46:53 [INFO] Sleeping for 60 seconds...
2026-03-05 00:48:14 [ERROR] Request error: ('Connection aborted.', RemoteDisconnected('Remote end closed connection without response'))
2026-03-05 00:48:14 [ERROR] Error fetching candles: ('Connection aborted.', RemoteDisconnected('Remote end closed connection without response'))
2026-03-05 00:48:14 [ERROR] No candle data available
2026-03-05 00:49:25 [ERROR] Request error: HTTPSConnectionPool(host='api.hyperliquid.xyz', port=443): Max retries exceeded with url: /info (Caused by NameResolutionError("HTTPSConnection(host='api.hyperliquid.xyz', port=443): Failed to resolve 'api.hyperliquid.xyz' ([Errno 11001] getaddrinfo failed)"))
2026-03-05 00:49:25 [ERROR] Error fetching candles: HTTPSConnectionPool(host='api.hyperliquid.xyz', port=443): Max retries exceeded with url: /info (Caused by NameResolutionError("HTTPSConnection(host='api.hyperliquid.xyz', port=443): Failed to resolve 'api.hyperliquid.xyz' ([Errno 11001] getaddrinfo failed)"))
2026-03-05 00:49:25 [ERROR] No candle data available
2026-03-05 00:50:36 [ERROR] Request error: HTTPSConnectionPool(host='api.hyperliquid.xyz', port=443): Max retries exceeded with url: /info (Caused by NameResolutionError("HTTPSConnection(host='api.hyperliquid.xyz', port=443): Failed to resolve 'api.hyperliquid.xyz' ([Errno 11001] getaddrinfo failed)"))
2026-03-05 00:50:36 [ERROR] Error fetching candles: HTTPSConnectionPool(host='api.hyperliquid.xyz', port=443): Max retries exceeded with url: /info (Caused by NameResolutionError("HTTPSConnection(host='api.hyperliquid.xyz', port=443): Failed to resolve 'api.hyperliquid.xyz' ([Errno 11001] getaddrinfo failed)"))
2026-03-05 00:50:36 [ERROR] No candle data available
2026-03-05 00:51:47 [ERROR] Request error: HTTPSConnectionPool(host='api.hyperliquid.xyz', port=443): Max retries exceeded with url: /info (Caused by NameResolutionError("HTTPSConnection(host='api.hyperliquid.xyz', port=443): Failed to resolve 'api.hyperliquid.xyz' ([Errno 11001] getaddrinfo failed)"))
2026-03-05 00:51:47 [ERROR] Error fetching candles: HTTPSConnectionPool(host='api.hyperliquid.xyz', port=443): Max retries exceeded with url: /info (Caused by NameResolutionError("HTTPSConnection(host='api.hyperliquid.xyz', port=443): Failed to resolve 'api.hyperliquid.xyz' ([Errno 11001] getaddrinfo failed)"))
2026-03-05 00:51:47 [ERROR] No candle data available
