{"timestamp": "2026-03-04T21:42:53.076407", "message": "Trader process started"}
2026-03-04 21:42:53 [INFO] ======================================================================
2026-03-04 21:42:53 [INFO]  BTC/USDT 4H ADAPTIVE RSI v5 - LIVE TRADER
2026-03-04 21:42:53 [INFO] ======================================================================
2026-03-04 21:42:53 [INFO] Python version: 3.10.11 (tags/v3.10.11:7d4cc5a, Apr  5 2023, 00:38:17) [MSC v.1929 64 bit (AMD64)]
2026-03-04 21:42:53 [INFO] Working directory: C:\Users\user\Desktop\cursor\trade
2026-03-04 21:42:53 [INFO] Script file: C:\Users\user\Desktop\cursor\trade\hl_trader_v6.py
2026-03-04 21:42:53 [INFO] Log file: C:\Users\user\Desktop\cursor\trade\trader_20260304_214253.log
2026-03-04 21:42:53 [INFO] ======================================================================
2026-03-04 21:42:53 [INFO] Test message: Trader is running
2026-03-04 21:42:54 [INFO] Live trading 有効化: env=mainnet, address=0x8455b70a5a0d942eb9a1598a0e9e1214a3b31b55
2026-03-04 21:42:54 [INFO] Initialized trader for BTC with 4h timeframe
2026-03-04 21:42:54 [INFO] RSI settings: period=14, overbought=70, oversold=30
2026-03-04 21:42:54 [INFO] Trader initialized successfully
2026-03-04 21:42:54 [INFO] Starting trading loop (paper mode, no real orders)...
2026-03-04 21:42:54 [INFO] Current RSI: 72.68, Price: $70889.00
2026-03-04 21:42:54 [INFO] No signal (neutral/bearish, flat)
2026-03-04 21:42:54 [INFO] Sleeping for 60 seconds...
2026-03-04 21:43:54 [INFO] Current RSI: 73.43, Price: $71001.00
2026-03-04 21:43:54 [INFO] No signal (neutral/bearish, flat)
2026-03-04 21:43:54 [INFO] Sleeping for 60 seconds...
2026-03-04 21:44:54 [INFO] Current RSI: 73.00, Price: $70938.00
2026-03-04 21:44:54 [INFO] No signal (neutral/bearish, flat)
2026-03-04 21:44:54 [INFO] Sleeping for 60 seconds...
2026-03-04 21:45:55 [INFO] Current RSI: 72.67, Price: $70888.00
2026-03-04 21:45:55 [INFO] No signal (neutral/bearish, flat)
2026-03-04 21:45:55 [INFO] Sleeping for 60 seconds...
2026-03-04 21:46:55 [INFO] Current RSI: 72.54, Price: $70869.00
2026-03-04 21:46:55 [INFO] No signal (neutral/bearish, flat)
2026-03-04 21:46:55 [INFO] Sleeping for 60 seconds...
2026-03-04 21:47:55 [INFO] Current RSI: 73.13, Price: $70957.00
2026-03-04 21:47:55 [INFO] No signal (neutral/bearish, flat)
2026-03-04 21:47:55 [INFO] Sleeping for 60 seconds...
2026-03-04 21:48:55 [INFO] Current RSI: 73.11, Price: $70954.00
2026-03-04 21:48:55 [INFO] No signal (neutral/bearish, flat)
2026-03-04 21:48:55 [INFO] Sleeping for 60 seconds...
2026-03-04 21:49:55 [INFO] Current RSI: 73.96, Price: $71077.00
2026-03-04 21:49:55 [INFO] No signal (neutral/bearish, flat)
2026-03-04 21:49:55 [INFO] Sleeping for 60 seconds...
2026-03-04 21:50:55 [INFO] Current RSI: 74.01, Price: $71099.00
2026-03-04 21:50:55 [INFO] No signal (neutral/bearish, flat)
2026-03-04 21:50:55 [INFO] Sleeping for 60 seconds...
2026-03-04 21:51:55 [INFO] Current RSI: 73.80, Price: $71055.00
2026-03-04 21:51:55 [INFO] No signal (neutral/bearish, flat)
2026-03-04 21:51:55 [INFO] Sleeping for 60 seconds...
2026-03-04 21:52:56 [INFO] Current RSI: 73.98, Price: $71085.00
2026-03-04 21:52:56 [INFO] No signal (neutral/bearish, flat)
2026-03-04 21:52:56 [INFO] Sleeping for 60 seconds...
2026-03-04 21:53:56 [INFO] Current RSI: 73.81, Price: $71056.00
2026-03-04 21:53:56 [INFO] No signal (neutral/bearish, flat)
2026-03-04 21:53:56 [INFO] Sleeping for 60 seconds...
2026-03-04 21:54:56 [INFO] Current RSI: 74.00, Price: $71094.00
2026-03-04 21:54:56 [INFO] No signal (neutral/bearish, flat)
2026-03-04 21:54:56 [INFO] Sleeping for 60 seconds...
2026-03-04 21:55:56 [INFO] Current RSI: 73.89, Price: $71067.00
2026-03-04 21:55:56 [INFO] No signal (neutral/bearish, flat)
2026-03-04 21:55:56 [INFO] Sleeping for 60 seconds...
2026-03-04 21:56:56 [INFO] Current RSI: 74.22, Price: $71185.00
2026-03-04 21:56:56 [INFO] No signal (neutral/bearish, flat)
2026-03-04 21:56:56 [INFO] Sleeping for 60 seconds...
2026-03-04 21:57:56 [INFO] Current RSI: 74.48, Price: $71297.00
2026-03-04 21:57:56 [INFO] No signal (neutral/bearish, flat)
2026-03-04 21:57:56 [INFO] Sleeping for 60 seconds...
2026-03-04 21:58:57 [INFO] Current RSI: 74.49, Price: $71299.00
2026-03-04 21:58:57 [INFO] No signal (neutral/bearish, flat)
2026-03-04 21:58:57 [INFO] Sleeping for 60 seconds...
2026-03-04 21:59:57 [INFO] Current RSI: 74.48, Price: $71294.00
2026-03-04 21:59:57 [INFO] No signal (neutral/bearish, flat)
2026-03-04 21:59:57 [INFO] Sleeping for 60 seconds...
2026-03-04 22:00:57 [INFO] Current RSI: 74.40, Price: $71261.00
2026-03-04 22:00:57 [INFO] No signal (neutral/bearish, flat)
2026-03-04 22:00:57 [INFO] Sleeping for 60 seconds...
2026-03-04 22:01:58 [INFO] Current RSI: 74.49, Price: $71300.00
2026-03-04 22:01:58 [INFO] No signal (neutral/bearish, flat)
2026-03-04 22:01:58 [INFO] Sleeping for 60 seconds...
2026-03-04 22:02:58 [INFO] Current RSI: 74.39, Price: $71258.00
2026-03-04 22:02:58 [INFO] No signal (neutral/bearish, flat)
2026-03-04 22:02:58 [INFO] Sleeping for 60 seconds...
2026-03-04 22:03:58 [INFO] Current RSI: 74.35, Price: $71241.00
2026-03-04 22:03:58 [INFO] No signal (neutral/bearish, flat)
2026-03-04 22:03:58 [INFO] Sleeping for 60 seconds...
2026-03-04 22:04:58 [INFO] Current RSI: 74.47, Price: $71291.00
2026-03-04 22:04:58 [INFO] No signal (neutral/bearish, flat)
2026-03-04 22:04:58 [INFO] Sleeping for 60 seconds...
2026-03-04 22:05:58 [INFO] Current RSI: 74.51, Price: $71309.00
2026-03-04 22:05:58 [INFO] No signal (neutral/bearish, flat)
2026-03-04 22:05:58 [INFO] Sleeping for 60 seconds...
2026-03-04 22:06:58 [INFO] Current RSI: 74.91, Price: $71484.00
2026-03-04 22:06:58 [INFO] No signal (neutral/bearish, flat)
2026-03-04 22:06:58 [INFO] Sleeping for 60 seconds...
2026-03-04 22:07:58 [INFO] Current RSI: 74.97, Price: $71510.00
2026-03-04 22:07:58 [INFO] No signal (neutral/bearish, flat)
2026-03-04 22:07:58 [INFO] Sleeping for 60 seconds...
2026-03-04 22:08:58 [INFO] Current RSI: 75.04, Price: $71539.00
2026-03-04 22:08:58 [INFO] No signal (neutral/bearish, flat)
2026-03-04 22:08:58 [INFO] Sleeping for 60 seconds...
2026-03-04 22:09:58 [INFO] Current RSI: 74.88, Price: $71468.00
2026-03-04 22:09:58 [INFO] No signal (neutral/bearish, flat)
2026-03-04 22:09:58 [INFO] Sleeping for 60 seconds...
2026-03-04 22:10:58 [INFO] Current RSI: 74.73, Price: $71404.00
2026-03-04 22:10:58 [INFO] No signal (neutral/bearish, flat)
2026-03-04 22:10:58 [INFO] Sleeping for 60 seconds...
2026-03-04 22:11:59 [INFO] Current RSI: 74.69, Price: $71385.00
2026-03-04 22:11:59 [INFO] No signal (neutral/bearish, flat)
2026-03-04 22:11:59 [INFO] Sleeping for 60 seconds...
2026-03-04 22:12:59 [INFO] Current RSI: 74.53, Price: $71319.00
2026-03-04 22:12:59 [INFO] No signal (neutral/bearish, flat)
2026-03-04 22:12:59 [INFO] Sleeping for 60 seconds...
2026-03-04 22:13:59 [INFO] Current RSI: 74.37, Price: $71250.00
2026-03-04 22:13:59 [INFO] No signal (neutral/bearish, flat)
2026-03-04 22:13:59 [INFO] Sleeping for 60 seconds...
2026-03-04 22:14:59 [INFO] Current RSI: 74.38, Price: $71255.00
2026-03-04 22:14:59 [INFO] No signal (neutral/bearish, flat)
2026-03-04 22:14:59 [INFO] Sleeping for 60 seconds...
2026-03-04 22:15:59 [INFO] Current RSI: 74.45, Price: $71281.00
2026-03-04 22:15:59 [INFO] No signal (neutral/bearish, flat)
2026-03-04 22:15:59 [INFO] Sleeping for 60 seconds...
2026-03-04 22:16:59 [INFO] Current RSI: 74.40, Price: $71262.00
2026-03-04 22:16:59 [INFO] No signal (neutral/bearish, flat)
2026-03-04 22:16:59 [INFO] Sleeping for 60 seconds...
2026-03-04 22:17:59 [INFO] Current RSI: 74.61, Price: $71351.00
2026-03-04 22:17:59 [INFO] No signal (neutral/bearish, flat)
2026-03-04 22:17:59 [INFO] Sleeping for 60 seconds...
2026-03-04 22:18:59 [INFO] Current RSI: 74.62, Price: $71357.00
2026-03-04 22:18:59 [INFO] No signal (neutral/bearish, flat)
2026-03-04 22:18:59 [INFO] Sleeping for 60 seconds...
2026-03-04 22:19:59 [INFO] Current RSI: 74.42, Price: $71271.00
2026-03-04 22:19:59 [INFO] No signal (neutral/bearish, flat)
2026-03-04 22:19:59 [INFO] Sleeping for 60 seconds...
2026-03-04 22:20:59 [INFO] Current RSI: 74.45, Price: $71284.00
2026-03-04 22:20:59 [INFO] No signal (neutral/bearish, flat)
2026-03-04 22:20:59 [INFO] Sleeping for 60 seconds...
2026-03-04 22:22:00 [INFO] Current RSI: 74.48, Price: $71295.00
2026-03-04 22:22:00 [INFO] No signal (neutral/bearish, flat)
2026-03-04 22:22:00 [INFO] Sleeping for 60 seconds...
2026-03-04 22:23:00 [INFO] Current RSI: 74.24, Price: $71196.00
2026-03-04 22:23:00 [INFO] No signal (neutral/bearish, flat)
2026-03-04 22:23:00 [INFO] Sleeping for 60 seconds...
2026-03-04 22:24:00 [INFO] Current RSI: 74.19, Price: $71175.00
2026-03-04 22:24:00 [INFO] No signal (neutral/bearish, flat)
2026-03-04 22:24:00 [INFO] Sleeping for 60 seconds...
2026-03-04 22:25:00 [INFO] Current RSI: 74.26, Price: $71204.00
2026-03-04 22:25:00 [INFO] No signal (neutral/bearish, flat)
2026-03-04 22:25:00 [INFO] Sleeping for 60 seconds...
2026-03-04 22:26:00 [INFO] Current RSI: 74.34, Price: $71237.00
2026-03-04 22:26:00 [INFO] No signal (neutral/bearish, flat)
2026-03-04 22:26:00 [INFO] Sleeping for 60 seconds...
2026-03-04 22:27:00 [INFO] Current RSI: 74.35, Price: $71241.00
2026-03-04 22:27:00 [INFO] No signal (neutral/bearish, flat)
2026-03-04 22:27:00 [INFO] Sleeping for 60 seconds...
2026-03-04 22:28:00 [INFO] Current RSI: 74.53, Price: $71318.00
2026-03-04 22:28:00 [INFO] No signal (neutral/bearish, flat)
2026-03-04 22:28:00 [INFO] Sleeping for 60 seconds...
2026-03-04 22:29:00 [INFO] Current RSI: 74.54, Price: $71320.00
2026-03-04 22:29:00 [INFO] No signal (neutral/bearish, flat)
2026-03-04 22:29:00 [INFO] Sleeping for 60 seconds...
2026-03-04 22:30:00 [INFO] Current RSI: 74.54, Price: $71320.00
2026-03-04 22:30:00 [INFO] No signal (neutral/bearish, flat)
2026-03-04 22:30:00 [INFO] Sleeping for 60 seconds...
2026-03-04 22:31:00 [INFO] Current RSI: 74.40, Price: $71263.00
2026-03-04 22:31:00 [INFO] No signal (neutral/bearish, flat)
2026-03-04 22:31:00 [INFO] Sleeping for 60 seconds...
2026-03-04 22:32:00 [INFO] Current RSI: 74.47, Price: $71290.00
2026-03-04 22:32:00 [INFO] No signal (neutral/bearish, flat)
2026-03-04 22:32:00 [INFO] Sleeping for 60 seconds...
2026-03-04 22:33:00 [INFO] Current RSI: 74.53, Price: $71318.00
2026-03-04 22:33:00 [INFO] No signal (neutral/bearish, flat)
2026-03-04 22:33:00 [INFO] Sleeping for 60 seconds...
2026-03-04 22:34:00 [INFO] Current RSI: 74.56, Price: $71330.00
2026-03-04 22:34:00 [INFO] No signal (neutral/bearish, flat)
2026-03-04 22:34:00 [INFO] Sleeping for 60 seconds...
2026-03-04 22:35:00 [INFO] Current RSI: 74.46, Price: $71289.00
2026-03-04 22:35:00 [INFO] No signal (neutral/bearish, flat)
2026-03-04 22:35:00 [INFO] Sleeping for 60 seconds...
2026-03-04 22:36:00 [INFO] Current RSI: 74.41, Price: $71265.00
2026-03-04 22:36:00 [INFO] No signal (neutral/bearish, flat)
2026-03-04 22:36:00 [INFO] Sleeping for 60 seconds...
2026-03-04 22:37:00 [INFO] Current RSI: 74.46, Price: $71286.00
2026-03-04 22:37:00 [INFO] No signal (neutral/bearish, flat)
2026-03-04 22:37:00 [INFO] Sleeping for 60 seconds...
2026-03-04 22:38:01 [INFO] Current RSI: 74.44, Price: $71279.00
2026-03-04 22:38:01 [INFO] No signal (neutral/bearish, flat)
2026-03-04 22:38:01 [INFO] Sleeping for 60 seconds...
2026-03-04 22:39:01 [INFO] Current RSI: 74.64, Price: $71366.00
2026-03-04 22:39:01 [INFO] No signal (neutral/bearish, flat)
2026-03-04 22:39:01 [INFO] Sleeping for 60 seconds...
2026-03-04 22:40:01 [INFO] Current RSI: 74.72, Price: $71398.00
2026-03-04 22:40:01 [INFO] No signal (neutral/bearish, flat)
2026-03-04 22:40:01 [INFO] Sleeping for 60 seconds...
2026-03-04 22:41:01 [INFO] Current RSI: 74.73, Price: $71402.00
2026-03-04 22:41:01 [INFO] No signal (neutral/bearish, flat)
2026-03-04 22:41:01 [INFO] Sleeping for 60 seconds...
2026-03-04 22:42:01 [INFO] Current RSI: 74.84, Price: $71451.00
2026-03-04 22:42:01 [INFO] No signal (neutral/bearish, flat)
2026-03-04 22:42:01 [INFO] Sleeping for 60 seconds...
2026-03-04 22:43:01 [INFO] Current RSI: 74.84, Price: $71451.00
2026-03-04 22:43:01 [INFO] No signal (neutral/bearish, flat)
2026-03-04 22:43:01 [INFO] Sleeping for 60 seconds...
2026-03-04 22:44:01 [INFO] Current RSI: 74.92, Price: $71486.00
2026-03-04 22:44:01 [INFO] No signal (neutral/bearish, flat)
2026-03-04 22:44:01 [INFO] Sleeping for 60 seconds...
2026-03-04 22:45:01 [INFO] Current RSI: 74.70, Price: $71389.00
2026-03-04 22:45:01 [INFO] No signal (neutral/bearish, flat)
2026-03-04 22:45:01 [INFO] Sleeping for 60 seconds...
2026-03-04 22:46:01 [INFO] Current RSI: 74.72, Price: $71398.00
2026-03-04 22:46:01 [INFO] No signal (neutral/bearish, flat)
2026-03-04 22:46:01 [INFO] Sleeping for 60 seconds...
2026-03-04 22:47:01 [INFO] Current RSI: 74.73, Price: $71405.00
2026-03-04 22:47:01 [INFO] No signal (neutral/bearish, flat)
2026-03-04 22:47:01 [INFO] Sleeping for 60 seconds...
2026-03-04 22:48:01 [INFO] Current RSI: 74.71, Price: $71393.00
2026-03-04 22:48:01 [INFO] No signal (neutral/bearish, flat)
2026-03-04 22:48:01 [INFO] Sleeping for 60 seconds...
2026-03-04 22:49:01 [INFO] Current RSI: 74.61, Price: $71350.00
2026-03-04 22:49:01 [INFO] No signal (neutral/bearish, flat)
2026-03-04 22:49:01 [INFO] Sleeping for 60 seconds...
2026-03-04 22:50:02 [INFO] Current RSI: 74.62, Price: $71354.00
2026-03-04 22:50:02 [INFO] No signal (neutral/bearish, flat)
2026-03-04 22:50:02 [INFO] Sleeping for 60 seconds...
2026-03-04 22:51:02 [INFO] Current RSI: 74.56, Price: $71329.00
2026-03-04 22:51:02 [INFO] No signal (neutral/bearish, flat)
2026-03-04 22:51:02 [INFO] Sleeping for 60 seconds...
2026-03-04 22:52:02 [INFO] Current RSI: 74.52, Price: $71311.00
2026-03-04 22:52:02 [INFO] No signal (neutral/bearish, flat)
2026-03-04 22:52:02 [INFO] Sleeping for 60 seconds...
2026-03-04 22:53:02 [INFO] Current RSI: 74.52, Price: $71313.00
2026-03-04 22:53:02 [INFO] No signal (neutral/bearish, flat)
2026-03-04 22:53:02 [INFO] Sleeping for 60 seconds...
2026-03-04 22:54:02 [INFO] Current RSI: 74.63, Price: $71361.00
2026-03-04 22:54:02 [INFO] No signal (neutral/bearish, flat)
2026-03-04 22:54:02 [INFO] Sleeping for 60 seconds...
2026-03-04 22:55:02 [INFO] Current RSI: 74.65, Price: $71369.00
2026-03-04 22:55:02 [INFO] No signal (neutral/bearish, flat)
2026-03-04 22:55:02 [INFO] Sleeping for 60 seconds...
2026-03-04 22:56:02 [INFO] Current RSI: 74.77, Price: $71420.00
2026-03-04 22:56:02 [INFO] No signal (neutral/bearish, flat)
2026-03-04 22:56:02 [INFO] Sleeping for 60 seconds...
2026-03-04 22:57:03 [INFO] Current RSI: 74.85, Price: $71454.00
2026-03-04 22:57:03 [INFO] No signal (neutral/bearish, flat)
2026-03-04 22:57:03 [INFO] Sleeping for 60 seconds...
2026-03-04 22:58:03 [INFO] Current RSI: 74.88, Price: $71469.00
2026-03-04 22:58:03 [INFO] No signal (neutral/bearish, flat)
2026-03-04 22:58:03 [INFO] Sleeping for 60 seconds...
2026-03-04 22:59:03 [INFO] Current RSI: 74.78, Price: $71427.00
2026-03-04 22:59:03 [INFO] No signal (neutral/bearish, flat)
2026-03-04 22:59:03 [INFO] Sleeping for 60 seconds...
2026-03-04 23:00:03 [INFO] Current RSI: 74.75, Price: $71412.00
2026-03-04 23:00:03 [INFO] No signal (neutral/bearish, flat)
2026-03-04 23:00:03 [INFO] Sleeping for 60 seconds...
2026-03-04 23:01:03 [INFO] Current RSI: 74.77, Price: $71421.00
2026-03-04 23:01:03 [INFO] No signal (neutral/bearish, flat)
2026-03-04 23:01:03 [INFO] Sleeping for 60 seconds...
2026-03-04 23:02:03 [INFO] Current RSI: 74.91, Price: $71482.00
2026-03-04 23:02:03 [INFO] No signal (neutral/bearish, flat)
2026-03-04 23:02:03 [INFO] Sleeping for 60 seconds...
2026-03-04 23:03:03 [INFO] Current RSI: 74.75, Price: $71414.00
2026-03-04 23:03:03 [INFO] No signal (neutral/bearish, flat)
2026-03-04 23:03:03 [INFO] Sleeping for 60 seconds...
2026-03-04 23:04:03 [INFO] Current RSI: 74.70, Price: $71391.00
2026-03-04 23:04:03 [INFO] No signal (neutral/bearish, flat)
2026-03-04 23:04:03 [INFO] Sleeping for 60 seconds...
2026-03-04 23:05:03 [INFO] Current RSI: 74.74, Price: $71406.00
2026-03-04 23:05:03 [INFO] No signal (neutral/bearish, flat)
2026-03-04 23:05:03 [INFO] Sleeping for 60 seconds...
2026-03-04 23:06:03 [INFO] Current RSI: 74.81, Price: $71440.00
2026-03-04 23:06:03 [INFO] No signal (neutral/bearish, flat)
2026-03-04 23:06:03 [INFO] Sleeping for 60 seconds...
2026-03-04 23:07:03 [INFO] Current RSI: 74.99, Price: $71517.00
2026-03-04 23:07:03 [INFO] No signal (neutral/bearish, flat)
2026-03-04 23:07:03 [INFO] Sleeping for 60 seconds...
2026-03-04 23:08:03 [INFO] Current RSI: 75.16, Price: $71595.00
2026-03-04 23:08:03 [INFO] No signal (neutral/bearish, flat)
2026-03-04 23:08:03 [INFO] Sleeping for 60 seconds...
2026-03-04 23:09:03 [INFO] Current RSI: 74.81, Price: $71439.00
2026-03-04 23:09:03 [INFO] No signal (neutral/bearish, flat)
2026-03-04 23:09:03 [INFO] Sleeping for 60 seconds...
2026-03-04 23:10:03 [INFO] Current RSI: 74.96, Price: $71504.00
2026-03-04 23:10:03 [INFO] No signal (neutral/bearish, flat)
2026-03-04 23:10:03 [INFO] Sleeping for 60 seconds...
2026-03-04 23:11:04 [INFO] Current RSI: 75.16, Price: $71592.00
2026-03-04 23:11:04 [INFO] No signal (neutral/bearish, flat)
2026-03-04 23:11:04 [INFO] Sleeping for 60 seconds...
2026-03-04 23:12:04 [INFO] Current RSI: 75.20, Price: $71611.00
2026-03-04 23:12:04 [INFO] No signal (neutral/bearish, flat)
2026-03-04 23:12:04 [INFO] Sleeping for 60 seconds...
2026-03-04 23:13:04 [INFO] Current RSI: 75.23, Price: $71626.00
2026-03-04 23:13:04 [INFO] No signal (neutral/bearish, flat)
2026-03-04 23:13:04 [INFO] Sleeping for 60 seconds...
2026-03-04 23:14:04 [INFO] Current RSI: 75.26, Price: $71640.00
2026-03-04 23:14:04 [INFO] No signal (neutral/bearish, flat)
2026-03-04 23:14:04 [INFO] Sleeping for 60 seconds...
2026-03-04 23:15:04 [INFO] Current RSI: 75.48, Price: $71740.00
2026-03-04 23:15:04 [INFO] No signal (neutral/bearish, flat)
2026-03-04 23:15:04 [INFO] Sleeping for 60 seconds...
2026-03-04 23:16:04 [INFO] Current RSI: 75.65, Price: $71817.00
2026-03-04 23:16:04 [INFO] No signal (neutral/bearish, flat)
2026-03-04 23:16:04 [INFO] Sleeping for 60 seconds...
2026-03-04 23:17:05 [INFO] Current RSI: 75.90, Price: $71939.00
2026-03-04 23:17:05 [INFO] No signal (neutral/bearish, flat)
2026-03-04 23:17:05 [INFO] Sleeping for 60 seconds...
2026-03-04 23:18:05 [INFO] Current RSI: 75.38, Price: $71694.00
2026-03-04 23:18:05 [INFO] No signal (neutral/bearish, flat)
2026-03-04 23:18:05 [INFO] Sleeping for 60 seconds...
2026-03-04 23:19:05 [INFO] Current RSI: 75.57, Price: $71781.00
2026-03-04 23:19:05 [INFO] No signal (neutral/bearish, flat)
2026-03-04 23:19:05 [INFO] Sleeping for 60 seconds...
2026-03-04 23:20:05 [INFO] Current RSI: 75.29, Price: $71654.00
2026-03-04 23:20:05 [INFO] No signal (neutral/bearish, flat)
2026-03-04 23:20:05 [INFO] Sleeping for 60 seconds...
2026-03-04 23:21:05 [INFO] Current RSI: 75.16, Price: $71594.00
2026-03-04 23:21:05 [INFO] No signal (neutral/bearish, flat)
2026-03-04 23:21:05 [INFO] Sleeping for 60 seconds...
2026-03-04 23:22:05 [INFO] Current RSI: 75.17, Price: $71599.00
2026-03-04 23:22:05 [INFO] No signal (neutral/bearish, flat)
2026-03-04 23:22:05 [INFO] Sleeping for 60 seconds...
2026-03-04 23:23:05 [INFO] Current RSI: 75.16, Price: $71593.00
2026-03-04 23:23:05 [INFO] No signal (neutral/bearish, flat)
2026-03-04 23:23:05 [INFO] Sleeping for 60 seconds...
2026-03-04 23:24:05 [INFO] Current RSI: 75.11, Price: $71572.00
2026-03-04 23:24:05 [INFO] No signal (neutral/bearish, flat)
2026-03-04 23:24:05 [INFO] Sleeping for 60 seconds...
2026-03-04 23:25:05 [INFO] Current RSI: 75.15, Price: $71588.00
2026-03-04 23:25:05 [INFO] No signal (neutral/bearish, flat)
2026-03-04 23:25:05 [INFO] Sleeping for 60 seconds...
2026-03-04 23:26:06 [INFO] Current RSI: 75.14, Price: $71585.00
2026-03-04 23:26:06 [INFO] No signal (neutral/bearish, flat)
2026-03-04 23:26:06 [INFO] Sleeping for 60 seconds...
2026-03-04 23:27:06 [INFO] Current RSI: 75.06, Price: $71547.00
2026-03-04 23:27:06 [INFO] No signal (neutral/bearish, flat)
2026-03-04 23:27:06 [INFO] Sleeping for 60 seconds...
2026-03-04 23:28:06 [INFO] Current RSI: 75.14, Price: $71586.00
2026-03-04 23:28:06 [INFO] No signal (neutral/bearish, flat)
2026-03-04 23:28:06 [INFO] Sleeping for 60 seconds...
2026-03-04 23:29:06 [INFO] Current RSI: 75.29, Price: $71651.00
2026-03-04 23:29:06 [INFO] No signal (neutral/bearish, flat)
2026-03-04 23:29:06 [INFO] Sleeping for 60 seconds...
2026-03-04 23:30:06 [INFO] Current RSI: 75.30, Price: $71657.00
2026-03-04 23:30:06 [INFO] No signal (neutral/bearish, flat)
2026-03-04 23:30:06 [INFO] Sleeping for 60 seconds...
2026-03-04 23:31:06 [INFO] Current RSI: 76.13, Price: $72049.00
2026-03-04 23:31:06 [INFO] No signal (neutral/bearish, flat)
2026-03-04 23:31:06 [INFO] Sleeping for 60 seconds...
2026-03-04 23:32:06 [INFO] Current RSI: 76.77, Price: $72366.00
2026-03-04 23:32:06 [INFO] No signal (neutral/bearish, flat)
2026-03-04 23:32:06 [INFO] Sleeping for 60 seconds...
2026-03-04 23:33:06 [INFO] Current RSI: 76.70, Price: $72331.00
2026-03-04 23:33:06 [INFO] No signal (neutral/bearish, flat)
2026-03-04 23:33:06 [INFO] Sleeping for 60 seconds...
2026-03-04 23:34:06 [INFO] Current RSI: 76.65, Price: $72305.00
2026-03-04 23:34:06 [INFO] No signal (neutral/bearish, flat)
2026-03-04 23:34:06 [INFO] Sleeping for 60 seconds...
2026-03-04 23:35:06 [INFO] Current RSI: 76.80, Price: $72385.00
2026-03-04 23:35:06 [INFO] No signal (neutral/bearish, flat)
2026-03-04 23:35:06 [INFO] Sleeping for 60 seconds...
2026-03-04 23:36:06 [INFO] Current RSI: 76.27, Price: $72115.00
2026-03-04 23:36:06 [INFO] No signal (neutral/bearish, flat)
2026-03-04 23:36:06 [INFO] Sleeping for 60 seconds...
2026-03-04 23:37:07 [INFO] Current RSI: 75.50, Price: $71747.00
2026-03-04 23:37:07 [INFO] No signal (neutral/bearish, flat)
2026-03-04 23:37:07 [INFO] Sleeping for 60 seconds...
2026-03-04 23:38:07 [INFO] Current RSI: 75.69, Price: $71835.00
2026-03-04 23:38:07 [INFO] No signal (neutral/bearish, flat)
2026-03-04 23:38:07 [INFO] Sleeping for 60 seconds...
2026-03-04 23:39:07 [INFO] Current RSI: 76.01, Price: $71988.00
2026-03-04 23:39:07 [INFO] No signal (neutral/bearish, flat)
2026-03-04 23:39:07 [INFO] Sleeping for 60 seconds...
2026-03-04 23:40:07 [INFO] Current RSI: 75.75, Price: $71867.00
2026-03-04 23:40:07 [INFO] No signal (neutral/bearish, flat)
2026-03-04 23:40:07 [INFO] Sleeping for 60 seconds...
2026-03-04 23:41:07 [INFO] Current RSI: 75.98, Price: $71974.00
2026-03-04 23:41:07 [INFO] No signal (neutral/bearish, flat)
2026-03-04 23:41:07 [INFO] Sleeping for 60 seconds...
2026-03-04 23:42:07 [INFO] Current RSI: 75.55, Price: $71770.00
2026-03-04 23:42:07 [INFO] No signal (neutral/bearish, flat)
2026-03-04 23:42:07 [INFO] Sleeping for 60 seconds...
2026-03-04 23:43:07 [INFO] Current RSI: 75.25, Price: $71632.00
2026-03-04 23:43:07 [INFO] No signal (neutral/bearish, flat)
2026-03-04 23:43:07 [INFO] Sleeping for 60 seconds...
2026-03-04 23:44:07 [INFO] Current RSI: 74.72, Price: $71400.00
2026-03-04 23:44:07 [INFO] No signal (neutral/bearish, flat)
2026-03-04 23:44:07 [INFO] Sleeping for 60 seconds...
2026-03-04 23:45:08 [INFO] Current RSI: 74.65, Price: $71370.00
2026-03-04 23:45:08 [INFO] No signal (neutral/bearish, flat)
2026-03-04 23:45:08 [INFO] Sleeping for 60 seconds...
2026-03-04 23:46:08 [INFO] Current RSI: 74.67, Price: $71378.00
2026-03-04 23:46:08 [INFO] No signal (neutral/bearish, flat)
2026-03-04 23:46:08 [INFO] Sleeping for 60 seconds...
2026-03-04 23:47:08 [INFO] Current RSI: 74.65, Price: $71369.00
2026-03-04 23:47:08 [INFO] No signal (neutral/bearish, flat)
2026-03-04 23:47:08 [INFO] Sleeping for 60 seconds...
2026-03-04 23:48:08 [INFO] Current RSI: 74.98, Price: $71513.00
2026-03-04 23:48:08 [INFO] No signal (neutral/bearish, flat)
2026-03-04 23:48:08 [INFO] Sleeping for 60 seconds...
2026-03-04 23:49:08 [INFO] Current RSI: 75.03, Price: $71534.00
2026-03-04 23:49:08 [INFO] No signal (neutral/bearish, flat)
2026-03-04 23:49:08 [INFO] Sleeping for 60 seconds...
2026-03-04 23:50:08 [INFO] Current RSI: 75.25, Price: $71633.00
2026-03-04 23:50:08 [INFO] No signal (neutral/bearish, flat)
2026-03-04 23:50:08 [INFO] Sleeping for 60 seconds...
2026-03-04 23:51:08 [INFO] Current RSI: 75.17, Price: $71598.00
2026-03-04 23:51:08 [INFO] No signal (neutral/bearish, flat)
2026-03-04 23:51:08 [INFO] Sleeping for 60 seconds...
2026-03-04 23:52:08 [INFO] Current RSI: 75.20, Price: $71611.00
2026-03-04 23:52:08 [INFO] No signal (neutral/bearish, flat)
2026-03-04 23:52:08 [INFO] Sleeping for 60 seconds...
2026-03-04 23:53:09 [INFO] Current RSI: 75.37, Price: $71690.00
2026-03-04 23:53:09 [INFO] No signal (neutral/bearish, flat)
2026-03-04 23:53:09 [INFO] Sleeping for 60 seconds...
2026-03-04 23:54:09 [INFO] Current RSI: 75.38, Price: $71693.00
2026-03-04 23:54:09 [INFO] No signal (neutral/bearish, flat)
2026-03-04 23:54:09 [INFO] Sleeping for 60 seconds...
2026-03-04 23:55:09 [INFO] Current RSI: 75.18, Price: $71603.00
2026-03-04 23:55:09 [INFO] No signal (neutral/bearish, flat)
2026-03-04 23:55:09 [INFO] Sleeping for 60 seconds...
2026-03-04 23:56:09 [INFO] Current RSI: 75.17, Price: $71599.00
2026-03-04 23:56:09 [INFO] No signal (neutral/bearish, flat)
2026-03-04 23:56:09 [INFO] Sleeping for 60 seconds...
2026-03-04 23:57:09 [INFO] Current RSI: 75.29, Price: $71653.00
2026-03-04 23:57:09 [INFO] No signal (neutral/bearish, flat)
2026-03-04 23:57:09 [INFO] Sleeping for 60 seconds...
2026-03-04 23:58:09 [INFO] Current RSI: 74.96, Price: $71504.00
2026-03-04 23:58:09 [INFO] No signal (neutral/bearish, flat)
2026-03-04 23:58:09 [INFO] Sleeping for 60 seconds...
2026-03-04 23:59:09 [INFO] Current RSI: 75.03, Price: $71535.00
2026-03-04 23:59:09 [INFO] No signal (neutral/bearish, flat)
2026-03-04 23:59:09 [INFO] Sleeping for 60 seconds...
2026-03-05 00:00:09 [INFO] Current RSI: 75.47, Price: $71734.00
2026-03-05 00:00:09 [INFO] No signal (neutral/bearish, flat)
2026-03-05 00:00:09 [INFO] Sleeping for 60 seconds...
2026-03-05 00:01:09 [INFO] Current RSI: 75.82, Price: $71900.00
2026-03-05 00:01:09 [INFO] No signal (neutral/bearish, flat)
2026-03-05 00:01:09 [INFO] Sleeping for 60 seconds...
2026-03-05 00:02:09 [INFO] Current RSI: 75.69, Price: $71838.00
2026-03-05 00:02:09 [INFO] No signal (neutral/bearish, flat)
2026-03-05 00:02:09 [INFO] Sleeping for 60 seconds...
2026-03-05 00:03:09 [INFO] Current RSI: 75.72, Price: $71851.00
2026-03-05 00:03:09 [INFO] No signal (neutral/bearish, flat)
2026-03-05 00:03:09 [INFO] Sleeping for 60 seconds...
2026-03-05 00:04:09 [INFO] Current RSI: 75.55, Price: $71774.00
2026-03-05 00:04:09 [INFO] No signal (neutral/bearish, flat)
2026-03-05 00:04:09 [INFO] Sleeping for 60 seconds...
2026-03-05 00:05:09 [INFO] Current RSI: 75.35, Price: $71681.00
2026-03-05 00:05:09 [INFO] No signal (neutral/bearish, flat)
2026-03-05 00:05:09 [INFO] Sleeping for 60 seconds...
2026-03-05 00:06:09 [INFO] Current RSI: 75.20, Price: $71612.00
2026-03-05 00:06:09 [INFO] No signal (neutral/bearish, flat)
2026-03-05 00:06:09 [INFO] Sleeping for 60 seconds...
2026-03-05 00:07:09 [INFO] Current RSI: 75.36, Price: $71685.00
2026-03-05 00:07:09 [INFO] No signal (neutral/bearish, flat)
2026-03-05 00:07:09 [INFO] Sleeping for 60 seconds...
2026-03-05 00:08:09 [INFO] Current RSI: 75.65, Price: $71818.00
2026-03-05 00:08:09 [INFO] No signal (neutral/bearish, flat)
2026-03-05 00:08:09 [INFO] Sleeping for 60 seconds...
2026-03-05 00:09:10 [INFO] Current RSI: 75.89, Price: $71932.00
2026-03-05 00:09:10 [INFO] No signal (neutral/bearish, flat)
2026-03-05 00:09:10 [INFO] Sleeping for 60 seconds...
2026-03-05 00:10:10 [INFO] Current RSI: 76.00, Price: $71984.00
2026-03-05 00:10:10 [INFO] No signal (neutral/bearish, flat)
2026-03-05 00:10:10 [INFO] Sleeping for 60 seconds...
2026-03-05 00:11:11 [INFO] Current RSI: 76.07, Price: $72018.00
2026-03-05 00:11:11 [INFO] No signal (neutral/bearish, flat)
2026-03-05 00:11:11 [INFO] Sleeping for 60 seconds...
2026-03-05 00:12:11 [INFO] Current RSI: 76.17, Price: $72067.00
2026-03-05 00:12:11 [INFO] No signal (neutral/bearish, flat)
2026-03-05 00:12:11 [INFO] Sleeping for 60 seconds...
2026-03-05 00:13:11 [INFO] Current RSI: 76.32, Price: $72140.00
2026-03-05 00:13:11 [INFO] No signal (neutral/bearish, flat)
2026-03-05 00:13:11 [INFO] Sleeping for 60 seconds...
2026-03-05 00:14:11 [INFO] Current RSI: 76.27, Price: $72116.00
2026-03-05 00:14:11 [INFO] No signal (neutral/bearish, flat)
2026-03-05 00:14:11 [INFO] Sleeping for 60 seconds...
2026-03-05 00:15:11 [INFO] Current RSI: 76.00, Price: $71987.00
2026-03-05 00:15:11 [INFO] No signal (neutral/bearish, flat)
2026-03-05 00:15:11 [INFO] Sleeping for 60 seconds...
2026-03-05 00:16:11 [INFO] Current RSI: 76.22, Price: $72093.00
2026-03-05 00:16:11 [INFO] No signal (neutral/bearish, flat)
2026-03-05 00:16:11 [INFO] Sleeping for 60 seconds...
2026-03-05 00:17:11 [INFO] Current RSI: 76.42, Price: $72189.00
2026-03-05 00:17:11 [INFO] No signal (neutral/bearish, flat)
2026-03-05 00:17:11 [INFO] Sleeping for 60 seconds...
2026-03-05 00:18:11 [INFO] Current RSI: 76.30, Price: $72132.00
2026-03-05 00:18:11 [INFO] No signal (neutral/bearish, flat)
2026-03-05 00:18:11 [INFO] Sleeping for 60 seconds...
2026-03-05 00:19:11 [INFO] Current RSI: 76.37, Price: $72168.00
2026-03-05 00:19:11 [INFO] No signal (neutral/bearish, flat)
2026-03-05 00:19:11 [INFO] Sleeping for 60 seconds...
2026-03-05 00:20:12 [INFO] Current RSI: 76.65, Price: $72307.00
2026-03-05 00:20:12 [INFO] No signal (neutral/bearish, flat)
2026-03-05 00:20:12 [INFO] Sleeping for 60 seconds...
2026-03-05 00:21:12 [INFO] Current RSI: 76.91, Price: $72440.00
2026-03-05 00:21:12 [INFO] No signal (neutral/bearish, flat)
2026-03-05 00:21:12 [INFO] Sleeping for 60 seconds...
2026-03-05 00:22:12 [INFO] Current RSI: 76.56, Price: $72262.00
2026-03-05 00:22:12 [INFO] No signal (neutral/bearish, flat)
2026-03-05 00:22:12 [INFO] Sleeping for 60 seconds...
2026-03-05 00:23:12 [INFO] Current RSI: 76.54, Price: $72250.00
2026-03-05 00:23:12 [INFO] No signal (neutral/bearish, flat)
2026-03-05 00:23:12 [INFO] Sleeping for 60 seconds...
2026-03-05 00:24:12 [INFO] Current RSI: 76.26, Price: $72114.00
2026-03-05 00:24:12 [INFO] No signal (neutral/bearish, flat)
2026-03-05 00:24:12 [INFO] Sleeping for 60 seconds...
2026-03-05 00:25:12 [INFO] Current RSI: 76.60, Price: $72282.00
2026-03-05 00:25:12 [INFO] No signal (neutral/bearish, flat)
2026-03-05 00:25:12 [INFO] Sleeping for 60 seconds...
2026-03-05 00:26:12 [INFO] Current RSI: 76.65, Price: $72307.00
2026-03-05 00:26:12 [INFO] No signal (neutral/bearish, flat)
2026-03-05 00:26:12 [INFO] Sleeping for 60 seconds...
2026-03-05 00:27:12 [INFO] Current RSI: 77.24, Price: $72615.00
2026-03-05 00:27:12 [INFO] No signal (neutral/bearish, flat)
2026-03-05 00:27:12 [INFO] Sleeping for 60 seconds...
2026-03-05 00:28:12 [INFO] Current RSI: 77.38, Price: $72690.00
2026-03-05 00:28:12 [INFO] No signal (neutral/bearish, flat)
2026-03-05 00:28:12 [INFO] Sleeping for 60 seconds...
2026-03-05 00:29:12 [INFO] Current RSI: 77.54, Price: $72776.00
2026-03-05 00:29:12 [INFO] No signal (neutral/bearish, flat)
2026-03-05 00:29:12 [INFO] Sleeping for 60 seconds...
2026-03-05 00:30:12 [INFO] Current RSI: 77.57, Price: $72793.00
2026-03-05 00:30:12 [INFO] No signal (neutral/bearish, flat)
2026-03-05 00:30:12 [INFO] Sleeping for 60 seconds...
2026-03-05 00:31:12 [INFO] Current RSI: 77.87, Price: $72960.00
2026-03-05 00:31:12 [INFO] No signal (neutral/bearish, flat)
2026-03-05 00:31:12 [INFO] Sleeping for 60 seconds...
2026-03-05 00:32:12 [INFO] Current RSI: 77.90, Price: $72977.00
2026-03-05 00:32:12 [INFO] No signal (neutral/bearish, flat)
2026-03-05 00:32:12 [INFO] Sleeping for 60 seconds...
2026-03-05 00:33:12 [INFO] Current RSI: 77.55, Price: $72782.00
2026-03-05 00:33:12 [INFO] No signal (neutral/bearish, flat)
2026-03-05 00:33:12 [INFO] Sleeping for 60 seconds...
2026-03-05 00:34:13 [INFO] Current RSI: 77.54, Price: $72777.00
2026-03-05 00:34:13 [INFO] No signal (neutral/bearish, flat)
2026-03-05 00:34:13 [INFO] Sleeping for 60 seconds...
2026-03-05 00:35:13 [INFO] Current RSI: 77.43, Price: $72718.00
2026-03-05 00:35:13 [INFO] No signal (neutral/bearish, flat)
2026-03-05 00:35:13 [INFO] Sleeping for 60 seconds...
2026-03-05 00:36:13 [INFO] Current RSI: 77.34, Price: $72671.00
2026-03-05 00:36:13 [INFO] No signal (neutral/bearish, flat)
2026-03-05 00:36:13 [INFO] Sleeping for 60 seconds...
2026-03-05 00:37:13 [INFO] Current RSI: 77.36, Price: $72680.00
2026-03-05 00:37:13 [INFO] No signal (neutral/bearish, flat)
2026-03-05 00:37:13 [INFO] Sleeping for 60 seconds...
2026-03-05 00:38:13 [INFO] Current RSI: 77.50, Price: $72754.00
2026-03-05 00:38:13 [INFO] No signal (neutral/bearish, flat)
2026-03-05 00:38:13 [INFO] Sleeping for 60 seconds...
2026-03-05 00:39:13 [INFO] Current RSI: 77.26, Price: $72625.00
2026-03-05 00:39:13 [INFO] No signal (neutral/bearish, flat)
2026-03-05 00:39:13 [INFO] Sleeping for 60 seconds...
2026-03-05 00:40:13 [INFO] Current RSI: 77.26, Price: $72624.00
2026-03-05 00:40:13 [INFO] No signal (neutral/bearish, flat)
2026-03-05 00:40:13 [INFO] Sleeping for 60 seconds...
2026-03-05 00:41:13 [INFO] Current RSI: 77.22, Price: $72607.00
2026-03-05 00:41:13 [INFO] No signal (neutral/bearish, flat)
2026-03-05 00:41:13 [INFO] Sleeping for 60 seconds...
2026-03-05 00:42:13 [INFO] Current RSI: 77.39, Price: $72697.00
2026-03-05 00:42:13 [INFO] No signal (neutral/bearish, flat)
2026-03-05 00:42:13 [INFO] Sleeping for 60 seconds...
2026-03-05 00:43:13 [INFO] Current RSI: 77.49, Price: $72753.00
2026-03-05 00:43:13 [INFO] No signal (neutral/bearish, flat)
2026-03-05 00:43:13 [INFO] Sleeping for 60 seconds...
2026-03-05 00:44:14 [INFO] Current RSI: 77.32, Price: $72658.00
2026-03-05 00:44:14 [INFO] No signal (neutral/bearish, flat)
2026-03-05 00:44:14 [INFO] Sleeping for 60 seconds...
2026-03-05 00:45:14 [INFO] Current RSI: 77.38, Price: $72693.00
2026-03-05 00:45:14 [INFO] No signal (neutral/bearish, flat)
2026-03-05 00:45:14 [INFO] Sleeping for 60 seconds...
2026-03-05 00:46:14 [INFO] Current RSI: 77.40, Price: $72700.00
2026-03-05 00:46:14 [INFO] No signal (neutral/bearish, flat)
2026-03-05 00:46:14 [INFO] Sleeping for 60 seconds...
2026-03-05 00:47:14 [INFO] Current RSI: 77.65, Price: $72837.00
2026-03-05 00:47:14 [INFO] No signal (neutral/bearish, flat)
2026-03-05 00:47:14 [INFO] Sleeping for 60 seconds...
2026-03-05 00:48:35 [ERROR] Request error: ('Connection aborted.', RemoteDisconnected('Remote end closed connection without response'))
2026-03-05 00:48:35 [ERROR] Error fetching candles: ('Connection aborted.', RemoteDisconnected('Remote end closed connection without response'))
2026-03-05 00:48:35 [ERROR] No candle data available
2026-03-05 00:49:47 [ERROR] Request error: HTTPSConnectionPool(host='api.hyperliquid.xyz', port=443): Max retries exceeded with url: /info (Caused by NameResolutionError("HTTPSConnection(host='api.hyperliquid.xyz', port=443): Failed to resolve 'api.hyperliquid.xyz' ([Errno 11001] getaddrinfo failed)"))
2026-03-05 00:49:47 [ERROR] Error fetching candles: HTTPSConnectionPool(host='api.hyperliquid.xyz', port=443): Max retries exceeded with url: /info (Caused by NameResolutionError("HTTPSConnection(host='api.hyperliquid.xyz', port=443): Failed to resolve 'api.hyperliquid.xyz' ([Errno 11001] getaddrinfo failed)"))
2026-03-05 00:49:47 [ERROR] No candle data available
2026-03-05 00:50:58 [ERROR] Request error: HTTPSConnectionPool(host='api.hyperliquid.xyz', port=443): Max retries exceeded with url: /info (Caused by NameResolutionError("HTTPSConnection(host='api.hyperliquid.xyz', port=443): Failed to resolve 'api.hyperliquid.xyz' ([Errno 11001] getaddrinfo failed)"))
2026-03-05 00:50:58 [ERROR] Error fetching candles: HTTPSConnectionPool(host='api.hyperliquid.xyz', port=443): Max retries exceeded with url: /info (Caused by NameResolutionError("HTTPSConnection(host='api.hyperliquid.xyz', port=443): Failed to resolve 'api.hyperliquid.xyz' ([Errno 11001] getaddrinfo failed)"))
2026-03-05 00:50:58 [ERROR] No candle data available
2026-03-05 00:52:09 [ERROR] Request error: HTTPSConnectionPool(host='api.hyperliquid.xyz', port=443): Max retries exceeded with url: /info (Caused by NameResolutionError("HTTPSConnection(host='api.hyperliquid.xyz', port=443): Failed to resolve 'api.hyperliquid.xyz' ([Errno 11001] getaddrinfo failed)"))
2026-03-05 00:52:09 [ERROR] Error fetching candles: HTTPSConnectionPool(host='api.hyperliquid.xyz', port=443): Max retries exceeded with url: /info (Caused by NameResolutionError("HTTPSConnection(host='api.hyperliquid.xyz', port=443): Failed to resolve 'api.hyperliquid.xyz' ([Errno 11001] getaddrinfo failed)"))
2026-03-05 00:52:09 [ERROR] No candle data available
