{"timestamp": "2026-03-05T08:20:50.590769", "message": "Trader process started"}
2026-03-05 08:20:50 [INFO] ======================================================================
2026-03-05 08:20:50 [INFO]  BTC/USDT 4H ADAPTIVE RSI v5 - LIVE TRADER
2026-03-05 08:20:50 [INFO] ======================================================================
2026-03-05 08:20:50 [INFO] Python version: 3.10.11 (tags/v3.10.11:7d4cc5a, Apr  5 2023, 00:38:17) [MSC v.1929 64 bit (AMD64)]
2026-03-05 08:20:50 [INFO] Working directory: C:\Users\user\Desktop\cursor\trade
2026-03-05 08:20:50 [INFO] Script file: C:\Users\user\Desktop\cursor\trade\hl_trader_v6.py
2026-03-05 08:20:50 [INFO] Log file: C:\Users\user\Desktop\cursor\trade\trader_20260305_082050.log
2026-03-05 08:20:50 [INFO] ======================================================================
2026-03-05 08:20:50 [INFO] Test message: Trader is running
2026-03-05 08:20:51 [INFO] Live trading 有効化: env=mainnet, address=0x8455b70a5a0d942eb9a1598a0e9e1214a3b31b55
2026-03-05 08:20:51 [INFO] Initialized trader for BTC with 4h timeframe
2026-03-05 08:20:51 [INFO] RSI settings: period=14, overbought=70, oversold=30
2026-03-05 08:20:51 [INFO] Trader initialized successfully
2026-03-05 08:20:51 [INFO] Starting trading loop (live mode)...
2026-03-05 08:20:52 [INFO] Current RSI: 65.17, Price: $72467.00
2026-03-05 08:20:52 [INFO] No signal (neutral/bearish, flat)
2026-03-05 08:20:52 [INFO] Sleeping for 60 seconds...
2026-03-05 08:21:52 [INFO] Current RSI: 65.37, Price: $72500.00
2026-03-05 08:21:52 [INFO] No signal (neutral/bearish, flat)
2026-03-05 08:21:52 [INFO] Sleeping for 60 seconds...
2026-03-05 08:22:52 [INFO] Current RSI: 65.43, Price: $72511.00
2026-03-05 08:22:52 [INFO] No signal (neutral/bearish, flat)
2026-03-05 08:22:52 [INFO] Sleeping for 60 seconds...
2026-03-05 08:23:52 [INFO] Current RSI: 65.36, Price: $72498.00
2026-03-05 08:23:52 [INFO] No signal (neutral/bearish, flat)
2026-03-05 08:23:52 [INFO] Sleeping for 60 seconds...
2026-03-05 08:24:52 [INFO] Current RSI: 65.65, Price: $72548.00
2026-03-05 08:24:52 [INFO] No signal (neutral/bearish, flat)
2026-03-05 08:24:52 [INFO] Sleeping for 60 seconds...
2026-03-05 08:25:52 [INFO] Current RSI: 65.70, Price: $72556.00
2026-03-05 08:25:52 [INFO] No signal (neutral/bearish, flat)
2026-03-05 08:25:52 [INFO] Sleeping for 60 seconds...
2026-03-05 08:26:52 [INFO] Current RSI: 65.83, Price: $72578.00
2026-03-05 08:26:52 [INFO] No signal (neutral/bearish, flat)
2026-03-05 08:26:52 [INFO] Sleeping for 60 seconds...
2026-03-05 08:27:52 [INFO] Current RSI: 65.69, Price: $72555.00
2026-03-05 08:27:52 [INFO] No signal (neutral/bearish, flat)
2026-03-05 08:27:52 [INFO] Sleeping for 60 seconds...
2026-03-05 08:28:52 [INFO] Current RSI: 65.43, Price: $72510.00
2026-03-05 08:28:52 [INFO] No signal (neutral/bearish, flat)
2026-03-05 08:28:52 [INFO] Sleeping for 60 seconds...
2026-03-05 08:29:52 [INFO] Current RSI: 65.26, Price: $72481.00
2026-03-05 08:29:52 [INFO] No signal (neutral/bearish, flat)
2026-03-05 08:29:52 [INFO] Sleeping for 60 seconds...
2026-03-05 08:30:52 [INFO] Current RSI: 64.88, Price: $72417.00
2026-03-05 08:30:52 [INFO] No signal (neutral/bearish, flat)
2026-03-05 08:30:52 [INFO] Sleeping for 60 seconds...
2026-03-05 08:31:53 [INFO] Current RSI: 65.08, Price: $72451.00
2026-03-05 08:31:53 [INFO] No signal (neutral/bearish, flat)
2026-03-05 08:31:53 [INFO] Sleeping for 60 seconds...
2026-03-05 08:32:53 [INFO] Current RSI: 64.40, Price: $72333.00
2026-03-05 08:32:53 [INFO] No signal (neutral/bearish, flat)
2026-03-05 08:32:53 [INFO] Sleeping for 60 seconds...
2026-03-05 08:33:53 [INFO] Current RSI: 64.11, Price: $72282.00
2026-03-05 08:33:53 [INFO] No signal (neutral/bearish, flat)
2026-03-05 08:33:53 [INFO] Sleeping for 60 seconds...
2026-03-05 08:34:53 [INFO] Current RSI: 64.24, Price: $72306.00
2026-03-05 08:34:53 [INFO] No signal (neutral/bearish, flat)
2026-03-05 08:34:53 [INFO] Sleeping for 60 seconds...
2026-03-05 08:35:53 [INFO] Current RSI: 64.45, Price: $72343.00
2026-03-05 08:35:53 [INFO] No signal (neutral/bearish, flat)
2026-03-05 08:35:53 [INFO] Sleeping for 60 seconds...
2026-03-05 08:36:53 [INFO] Current RSI: 65.01, Price: $72439.00
2026-03-05 08:36:53 [INFO] No signal (neutral/bearish, flat)
2026-03-05 08:36:53 [INFO] Sleeping for 60 seconds...
2026-03-05 08:37:53 [INFO] Current RSI: 65.76, Price: $72566.00
2026-03-05 08:37:53 [INFO] No signal (neutral/bearish, flat)
2026-03-05 08:37:53 [INFO] Sleeping for 60 seconds...
2026-03-05 08:38:53 [INFO] Current RSI: 65.92, Price: $72593.00
2026-03-05 08:38:53 [INFO] No signal (neutral/bearish, flat)
2026-03-05 08:38:53 [INFO] Sleeping for 60 seconds...
2026-03-05 08:39:53 [INFO] Current RSI: 66.22, Price: $72643.00
2026-03-05 08:39:53 [INFO] No signal (neutral/bearish, flat)
2026-03-05 08:39:53 [INFO] Sleeping for 60 seconds...
2026-03-05 08:40:53 [INFO] Current RSI: 66.15, Price: $72631.00
2026-03-05 08:40:53 [INFO] No signal (neutral/bearish, flat)
2026-03-05 08:40:53 [INFO] Sleeping for 60 seconds...
2026-03-05 08:41:53 [INFO] Current RSI: 66.21, Price: $72641.00
2026-03-05 08:41:53 [INFO] No signal (neutral/bearish, flat)
2026-03-05 08:41:53 [INFO] Sleeping for 60 seconds...
2026-03-05 08:42:53 [INFO] Current RSI: 66.22, Price: $72642.00
2026-03-05 08:42:53 [INFO] No signal (neutral/bearish, flat)
2026-03-05 08:42:53 [INFO] Sleeping for 60 seconds...
2026-03-05 08:43:53 [INFO] Current RSI: 66.47, Price: $72684.00
2026-03-05 08:43:53 [INFO] No signal (neutral/bearish, flat)
2026-03-05 08:43:53 [INFO] Sleeping for 60 seconds...
2026-03-05 08:44:54 [INFO] Current RSI: 66.63, Price: $72710.00
2026-03-05 08:44:54 [INFO] No signal (neutral/bearish, flat)
2026-03-05 08:44:54 [INFO] Sleeping for 60 seconds...
2026-03-05 08:45:54 [INFO] Current RSI: 66.69, Price: $72719.00
2026-03-05 08:45:54 [INFO] No signal (neutral/bearish, flat)
2026-03-05 08:45:54 [INFO] Sleeping for 60 seconds...
2026-03-05 08:46:54 [INFO] Current RSI: 66.93, Price: $72759.00
2026-03-05 08:46:54 [INFO] No signal (neutral/bearish, flat)
2026-03-05 08:46:54 [INFO] Sleeping for 60 seconds...
2026-03-05 08:47:54 [INFO] Current RSI: 66.86, Price: $72748.00
2026-03-05 08:47:54 [INFO] No signal (neutral/bearish, flat)
2026-03-05 08:47:54 [INFO] Sleeping for 60 seconds...
2026-03-05 08:48:54 [INFO] Current RSI: 66.45, Price: $72681.00
2026-03-05 08:48:54 [INFO] No signal (neutral/bearish, flat)
2026-03-05 08:48:54 [INFO] Sleeping for 60 seconds...
2026-03-05 08:49:54 [INFO] Current RSI: 66.30, Price: $72656.00
2026-03-05 08:49:54 [INFO] No signal (neutral/bearish, flat)
2026-03-05 08:49:54 [INFO] Sleeping for 60 seconds...
2026-03-05 08:50:54 [INFO] Current RSI: 66.35, Price: $72664.00
2026-03-05 08:50:54 [INFO] No signal (neutral/bearish, flat)
2026-03-05 08:50:54 [INFO] Sleeping for 60 seconds...
2026-03-05 08:51:54 [INFO] Current RSI: 65.85, Price: $72581.00
2026-03-05 08:51:54 [INFO] No signal (neutral/bearish, flat)
2026-03-05 08:51:54 [INFO] Sleeping for 60 seconds...
2026-03-05 08:52:54 [INFO] Current RSI: 65.83, Price: $72578.00
2026-03-05 08:52:54 [INFO] No signal (neutral/bearish, flat)
2026-03-05 08:52:54 [INFO] Sleeping for 60 seconds...
2026-03-05 08:53:54 [INFO] Current RSI: 65.81, Price: $72574.00
2026-03-05 08:53:54 [INFO] No signal (neutral/bearish, flat)
2026-03-05 08:53:54 [INFO] Sleeping for 60 seconds...
2026-03-05 08:54:55 [INFO] Current RSI: 65.78, Price: $72570.00
2026-03-05 08:54:55 [INFO] No signal (neutral/bearish, flat)
2026-03-05 08:54:55 [INFO] Sleeping for 60 seconds...
2026-03-05 08:55:55 [INFO] Current RSI: 65.93, Price: $72594.00
2026-03-05 08:55:55 [INFO] No signal (neutral/bearish, flat)
2026-03-05 08:55:55 [INFO] Sleeping for 60 seconds...
2026-03-05 08:56:55 [INFO] Current RSI: 66.02, Price: $72609.00
2026-03-05 08:56:55 [INFO] No signal (neutral/bearish, flat)
2026-03-05 08:56:55 [INFO] Sleeping for 60 seconds...
2026-03-05 08:57:55 [INFO] Current RSI: 66.10, Price: $72622.00
2026-03-05 08:57:55 [INFO] No signal (neutral/bearish, flat)
2026-03-05 08:57:55 [INFO] Sleeping for 60 seconds...
2026-03-05 08:58:55 [INFO] Current RSI: 66.54, Price: $72696.00
2026-03-05 08:58:55 [INFO] No signal (neutral/bearish, flat)
2026-03-05 08:58:55 [INFO] Sleeping for 60 seconds...
2026-03-05 08:59:55 [INFO] Current RSI: 66.41, Price: $72674.00
2026-03-05 08:59:55 [INFO] No signal (neutral/bearish, flat)
2026-03-05 08:59:55 [INFO] Sleeping for 60 seconds...
2026-03-05 09:00:55 [INFO] Current RSI: 67.37, Price: $72674.00
2026-03-05 09:00:55 [INFO] No signal (neutral/bearish, flat)
2026-03-05 09:00:55 [INFO] Sleeping for 60 seconds...
2026-03-05 09:01:55 [INFO] Current RSI: 67.59, Price: $72747.00
2026-03-05 09:01:55 [INFO] No signal (neutral/bearish, flat)
2026-03-05 09:01:55 [INFO] Sleeping for 60 seconds...
2026-03-05 09:02:55 [INFO] Current RSI: 67.65, Price: $72768.00
2026-03-05 09:02:55 [INFO] No signal (neutral/bearish, flat)
2026-03-05 09:02:55 [INFO] Sleeping for 60 seconds...
2026-03-05 09:03:55 [INFO] Current RSI: 67.55, Price: $72733.00
2026-03-05 09:03:55 [INFO] No signal (neutral/bearish, flat)
2026-03-05 09:03:55 [INFO] Sleeping for 60 seconds...
2026-03-05 09:04:55 [INFO] Current RSI: 67.36, Price: $72669.00
2026-03-05 09:04:55 [INFO] No signal (neutral/bearish, flat)
2026-03-05 09:04:55 [INFO] Sleeping for 60 seconds...
2026-03-05 09:05:55 [INFO] Current RSI: 67.37, Price: $72673.00
2026-03-05 09:05:55 [INFO] No signal (neutral/bearish, flat)
2026-03-05 09:05:55 [INFO] Sleeping for 60 seconds...
2026-03-05 09:06:55 [INFO] Current RSI: 67.35, Price: $72668.00
2026-03-05 09:06:55 [INFO] No signal (neutral/bearish, flat)
2026-03-05 09:06:55 [INFO] Sleeping for 60 seconds...
2026-03-05 09:07:56 [INFO] Current RSI: 67.38, Price: $72675.00
2026-03-05 09:07:56 [INFO] No signal (neutral/bearish, flat)
2026-03-05 09:07:56 [INFO] Sleeping for 60 seconds...
2026-03-05 09:08:56 [INFO] Current RSI: 67.30, Price: $72650.00
2026-03-05 09:08:56 [INFO] No signal (neutral/bearish, flat)
2026-03-05 09:08:56 [INFO] Sleeping for 60 seconds...
2026-03-05 09:09:56 [INFO] Current RSI: 66.59, Price: $72527.00
2026-03-05 09:09:56 [INFO] No signal (neutral/bearish, flat)
2026-03-05 09:09:56 [INFO] Sleeping for 60 seconds...
2026-03-05 09:10:56 [INFO] Current RSI: 66.43, Price: $72500.00
2026-03-05 09:10:56 [INFO] No signal (neutral/bearish, flat)
2026-03-05 09:10:56 [INFO] Sleeping for 60 seconds...
2026-03-05 09:11:56 [INFO] Current RSI: 66.67, Price: $72540.00
2026-03-05 09:11:56 [INFO] No signal (neutral/bearish, flat)
2026-03-05 09:11:56 [INFO] Sleeping for 60 seconds...
2026-03-05 09:12:56 [INFO] Current RSI: 66.76, Price: $72554.00
2026-03-05 09:12:56 [INFO] No signal (neutral/bearish, flat)
2026-03-05 09:12:56 [INFO] Sleeping for 60 seconds...
2026-03-05 09:13:56 [INFO] Current RSI: 67.23, Price: $72630.00
2026-03-05 09:13:56 [INFO] No signal (neutral/bearish, flat)
2026-03-05 09:13:56 [INFO] Sleeping for 60 seconds...
2026-03-05 09:14:56 [INFO] Current RSI: 67.28, Price: $72643.00
2026-03-05 09:14:56 [INFO] No signal (neutral/bearish, flat)
2026-03-05 09:14:56 [INFO] Sleeping for 60 seconds...
2026-03-05 09:15:56 [INFO] Current RSI: 67.49, Price: $72713.00
2026-03-05 09:15:56 [INFO] No signal (neutral/bearish, flat)
2026-03-05 09:15:56 [INFO] Sleeping for 60 seconds...
2026-03-05 09:16:56 [INFO] Current RSI: 67.66, Price: $72771.00
2026-03-05 09:16:56 [INFO] No signal (neutral/bearish, flat)
2026-03-05 09:16:56 [INFO] Sleeping for 60 seconds...
2026-03-05 09:17:56 [INFO] Current RSI: 67.84, Price: $72830.00
2026-03-05 09:17:56 [INFO] No signal (neutral/bearish, flat)
2026-03-05 09:17:56 [INFO] Sleeping for 60 seconds...
2026-03-05 09:18:56 [INFO] Current RSI: 67.80, Price: $72817.00
2026-03-05 09:18:56 [INFO] No signal (neutral/bearish, flat)
2026-03-05 09:18:56 [INFO] Sleeping for 60 seconds...
2026-03-05 09:19:56 [INFO] Current RSI: 67.89, Price: $72847.00
2026-03-05 09:19:56 [INFO] No signal (neutral/bearish, flat)
2026-03-05 09:19:56 [INFO] Sleeping for 60 seconds...
2026-03-05 09:20:56 [INFO] Current RSI: 67.89, Price: $72850.00
2026-03-05 09:20:56 [INFO] No signal (neutral/bearish, flat)
2026-03-05 09:20:56 [INFO] Sleeping for 60 seconds...
2026-03-05 09:21:56 [INFO] Current RSI: 67.76, Price: $72804.00
2026-03-05 09:21:56 [INFO] No signal (neutral/bearish, flat)
2026-03-05 09:21:56 [INFO] Sleeping for 60 seconds...
2026-03-05 09:22:56 [INFO] Current RSI: 67.99, Price: $72884.00
2026-03-05 09:22:56 [INFO] No signal (neutral/bearish, flat)
2026-03-05 09:22:56 [INFO] Sleeping for 60 seconds...
2026-03-05 09:23:56 [INFO] Current RSI: 68.03, Price: $72896.00
2026-03-05 09:23:56 [INFO] No signal (neutral/bearish, flat)
2026-03-05 09:23:56 [INFO] Sleeping for 60 seconds...
2026-03-05 09:24:56 [INFO] Current RSI: 67.85, Price: $72835.00
2026-03-05 09:24:56 [INFO] No signal (neutral/bearish, flat)
2026-03-05 09:24:56 [INFO] Sleeping for 60 seconds...
2026-03-05 09:25:56 [INFO] Current RSI: 67.80, Price: $72817.00
2026-03-05 09:25:56 [INFO] No signal (neutral/bearish, flat)
2026-03-05 09:25:56 [INFO] Sleeping for 60 seconds...
2026-03-05 09:26:57 [INFO] Current RSI: 67.53, Price: $72727.00
2026-03-05 09:26:57 [INFO] No signal (neutral/bearish, flat)
2026-03-05 09:26:57 [INFO] Sleeping for 60 seconds...
2026-03-05 09:27:57 [INFO] Current RSI: 67.46, Price: $72704.00
2026-03-05 09:27:57 [INFO] No signal (neutral/bearish, flat)
2026-03-05 09:27:57 [INFO] Sleeping for 60 seconds...
2026-03-05 09:28:57 [INFO] Current RSI: 67.73, Price: $72795.00
2026-03-05 09:28:57 [INFO] No signal (neutral/bearish, flat)
2026-03-05 09:28:57 [INFO] Sleeping for 60 seconds...
2026-03-05 09:29:57 [INFO] Current RSI: 67.71, Price: $72787.00
2026-03-05 09:29:57 [INFO] No signal (neutral/bearish, flat)
2026-03-05 09:29:57 [INFO] Sleeping for 60 seconds...
2026-03-05 09:30:57 [INFO] Current RSI: 67.58, Price: $72743.00
2026-03-05 09:30:57 [INFO] No signal (neutral/bearish, flat)
2026-03-05 09:30:57 [INFO] Sleeping for 60 seconds...
2026-03-05 18:56:31 [ERROR] Request error: ('Connection aborted.', RemoteDisconnected('Remote end closed connection without response'))
2026-03-05 18:56:31 [ERROR] Error fetching candles: ('Connection aborted.', RemoteDisconnected('Remote end closed connection without response'))
2026-03-05 18:56:31 [ERROR] No candle data available
2026-03-05 18:57:31 [INFO] Current RSI: 68.59, Price: $72527.00
2026-03-05 18:57:31 [INFO] No signal (neutral/bearish, flat)
2026-03-05 18:57:31 [INFO] Sleeping for 60 seconds...
2026-03-05 18:58:31 [INFO] Current RSI: 68.63, Price: $72542.00
2026-03-05 18:58:31 [INFO] No signal (neutral/bearish, flat)
2026-03-05 18:58:31 [INFO] Sleeping for 60 seconds...
2026-03-05 18:59:31 [INFO] Current RSI: 68.69, Price: $72563.00
2026-03-05 18:59:31 [INFO] No signal (neutral/bearish, flat)
2026-03-05 18:59:31 [INFO] Sleeping for 60 seconds...
2026-03-05 19:00:31 [INFO] Current RSI: 68.70, Price: $72569.00
2026-03-05 19:00:31 [INFO] No signal (neutral/bearish, flat)
2026-03-05 19:00:31 [INFO] Sleeping for 60 seconds...
2026-03-05 19:01:32 [INFO] Current RSI: 68.72, Price: $72575.00
2026-03-05 19:01:32 [INFO] No signal (neutral/bearish, flat)
2026-03-05 19:01:32 [INFO] Sleeping for 60 seconds...
2026-03-05 19:02:32 [INFO] Current RSI: 68.76, Price: $72589.00
2026-03-05 19:02:32 [INFO] No signal (neutral/bearish, flat)
2026-03-05 19:02:32 [INFO] Sleeping for 60 seconds...
2026-03-05 19:03:32 [INFO] Current RSI: 68.70, Price: $72568.00
2026-03-05 19:03:32 [INFO] No signal (neutral/bearish, flat)
2026-03-05 19:03:32 [INFO] Sleeping for 60 seconds...
2026-03-05 19:04:32 [INFO] Current RSI: 68.72, Price: $72576.00
2026-03-05 19:04:32 [INFO] No signal (neutral/bearish, flat)
2026-03-05 19:04:32 [INFO] Sleeping for 60 seconds...
2026-03-05 19:05:32 [INFO] Current RSI: 68.48, Price: $72488.00
2026-03-05 19:05:32 [INFO] No signal (neutral/bearish, flat)
2026-03-05 19:05:32 [INFO] Sleeping for 60 seconds...
2026-03-05 19:06:32 [INFO] Current RSI: 68.72, Price: $72576.00
2026-03-05 19:06:32 [INFO] No signal (neutral/bearish, flat)
2026-03-05 19:06:32 [INFO] Sleeping for 60 seconds...
2026-03-05 19:07:32 [INFO] Current RSI: 68.97, Price: $72667.00
2026-03-05 19:07:32 [INFO] No signal (neutral/bearish, flat)
2026-03-05 19:07:32 [INFO] Sleeping for 60 seconds...
2026-03-05 19:08:32 [INFO] Current RSI: 68.96, Price: $72663.00
2026-03-05 19:08:32 [INFO] No signal (neutral/bearish, flat)
2026-03-05 19:08:32 [INFO] Sleeping for 60 seconds...
2026-03-05 19:09:32 [INFO] Current RSI: 69.10, Price: $72716.00
2026-03-05 19:09:32 [INFO] No signal (neutral/bearish, flat)
2026-03-05 19:09:32 [INFO] Sleeping for 60 seconds...
2026-03-05 19:10:32 [INFO] Current RSI: 68.96, Price: $72664.00
2026-03-05 19:10:32 [INFO] No signal (neutral/bearish, flat)
2026-03-05 19:10:32 [INFO] Sleeping for 60 seconds...
2026-03-05 19:11:32 [INFO] Current RSI: 69.02, Price: $72684.00
2026-03-05 19:11:32 [INFO] No signal (neutral/bearish, flat)
2026-03-05 19:11:32 [INFO] Sleeping for 60 seconds...
2026-03-05 19:12:32 [INFO] Current RSI: 69.03, Price: $72689.00
2026-03-05 19:12:32 [INFO] No signal (neutral/bearish, flat)
2026-03-05 19:12:32 [INFO] Sleeping for 60 seconds...
2026-03-05 19:13:32 [INFO] Current RSI: 69.00, Price: $72678.00
2026-03-05 19:13:32 [INFO] No signal (neutral/bearish, flat)
2026-03-05 19:13:32 [INFO] Sleeping for 60 seconds...
2026-03-05 19:14:32 [INFO] Current RSI: 68.97, Price: $72666.00
2026-03-05 19:14:32 [INFO] No signal (neutral/bearish, flat)
2026-03-05 19:14:32 [INFO] Sleeping for 60 seconds...
2026-03-05 19:15:33 [INFO] Current RSI: 68.99, Price: $72672.00
2026-03-05 19:15:33 [INFO] No signal (neutral/bearish, flat)
2026-03-05 19:15:33 [INFO] Sleeping for 60 seconds...
2026-03-05 19:16:33 [INFO] Current RSI: 68.85, Price: $72622.00
2026-03-05 19:16:33 [INFO] No signal (neutral/bearish, flat)
2026-03-05 19:16:33 [INFO] Sleeping for 60 seconds...
2026-03-05 19:17:33 [INFO] Current RSI: 69.16, Price: $72737.00
2026-03-05 19:17:33 [INFO] No signal (neutral/bearish, flat)
2026-03-05 19:17:33 [INFO] Sleeping for 60 seconds...
2026-03-05 19:18:33 [INFO] Current RSI: 69.27, Price: $72777.00
2026-03-05 19:18:33 [INFO] No signal (neutral/bearish, flat)
2026-03-05 19:18:33 [INFO] Sleeping for 60 seconds...
2026-03-05 19:19:33 [INFO] Current RSI: 69.29, Price: $72785.00
2026-03-05 19:19:33 [INFO] No signal (neutral/bearish, flat)
2026-03-05 19:19:33 [INFO] Sleeping for 60 seconds...
2026-03-05 19:20:33 [INFO] Current RSI: 69.29, Price: $72786.00
2026-03-05 19:20:33 [INFO] No signal (neutral/bearish, flat)
2026-03-05 19:20:33 [INFO] Sleeping for 60 seconds...
2026-03-05 19:21:33 [INFO] Current RSI: 69.13, Price: $72725.00
2026-03-05 19:21:33 [INFO] No signal (neutral/bearish, flat)
2026-03-05 19:21:33 [INFO] Sleeping for 60 seconds...
2026-03-05 19:22:33 [INFO] Current RSI: 69.21, Price: $72756.00
2026-03-05 19:22:33 [INFO] No signal (neutral/bearish, flat)
2026-03-05 19:22:33 [INFO] Sleeping for 60 seconds...
2026-03-05 19:23:33 [INFO] Current RSI: 69.49, Price: $72860.00
2026-03-05 19:23:33 [INFO] No signal (neutral/bearish, flat)
2026-03-05 19:23:33 [INFO] Sleeping for 60 seconds...
2026-03-05 19:24:33 [INFO] Current RSI: 69.56, Price: $72888.00
2026-03-05 19:24:33 [INFO] No signal (neutral/bearish, flat)
2026-03-05 19:24:33 [INFO] Sleeping for 60 seconds...
2026-03-05 19:25:33 [INFO] Current RSI: 69.51, Price: $72867.00
2026-03-05 19:25:33 [INFO] No signal (neutral/bearish, flat)
2026-03-05 19:25:33 [INFO] Sleeping for 60 seconds...
2026-03-05 19:26:33 [INFO] Current RSI: 69.96, Price: $73045.00
2026-03-05 19:26:33 [INFO] No signal (neutral/bearish, flat)
2026-03-05 19:26:33 [INFO] Sleeping for 60 seconds...
2026-03-05 19:27:33 [INFO] Current RSI: 70.19, Price: $73133.00
2026-03-05 19:27:33 [INFO] No signal (neutral/bearish, flat)
2026-03-05 19:27:33 [INFO] Sleeping for 60 seconds...
2026-03-05 19:28:33 [INFO] Current RSI: 70.45, Price: $73239.00
2026-03-05 19:28:33 [INFO] No signal (neutral/bearish, flat)
2026-03-05 19:28:33 [INFO] Sleeping for 60 seconds...
2026-03-05 19:29:33 [INFO] Current RSI: 70.18, Price: $73132.00
2026-03-05 19:29:33 [INFO] No signal (neutral/bearish, flat)
2026-03-05 19:29:33 [INFO] Sleeping for 60 seconds...
2026-03-05 19:30:33 [INFO] Current RSI: 70.21, Price: $73141.00
2026-03-05 19:30:33 [INFO] No signal (neutral/bearish, flat)
2026-03-05 19:30:33 [INFO] Sleeping for 60 seconds...
2026-03-05 19:31:33 [INFO] Current RSI: 70.39, Price: $73215.00
2026-03-05 19:31:33 [INFO] No signal (neutral/bearish, flat)
2026-03-05 19:31:33 [INFO] Sleeping for 60 seconds...
2026-03-05 19:32:33 [INFO] Current RSI: 70.55, Price: $73279.00
2026-03-05 19:32:33 [INFO] No signal (neutral/bearish, flat)
2026-03-05 19:32:33 [INFO] Sleeping for 60 seconds...
2026-03-05 19:33:34 [INFO] Current RSI: 70.91, Price: $73428.00
2026-03-05 19:33:34 [INFO] No signal (neutral/bearish, flat)
2026-03-05 19:33:34 [INFO] Sleeping for 60 seconds...
2026-03-05 19:34:34 [INFO] Current RSI: 70.84, Price: $73398.00
2026-03-05 19:34:34 [INFO] No signal (neutral/bearish, flat)
2026-03-05 19:34:34 [INFO] Sleeping for 60 seconds...
2026-03-05 19:35:34 [INFO] Current RSI: 70.85, Price: $73404.00
2026-03-05 19:35:34 [INFO] No signal (neutral/bearish, flat)
2026-03-05 19:35:34 [INFO] Sleeping for 60 seconds...
2026-03-05 19:36:34 [INFO] Current RSI: 70.73, Price: $73352.00
2026-03-05 19:36:34 [INFO] No signal (neutral/bearish, flat)
2026-03-05 19:36:34 [INFO] Sleeping for 60 seconds...
2026-03-05 19:37:34 [INFO] Current RSI: 70.65, Price: $73323.00
2026-03-05 19:37:34 [INFO] No signal (neutral/bearish, flat)
2026-03-05 19:37:34 [INFO] Sleeping for 60 seconds...
2026-03-05 19:38:34 [INFO] Current RSI: 70.49, Price: $73255.00
2026-03-05 19:38:34 [INFO] No signal (neutral/bearish, flat)
2026-03-05 19:38:34 [INFO] Sleeping for 60 seconds...
2026-03-05 19:39:34 [INFO] Current RSI: 70.50, Price: $73260.00
2026-03-05 19:39:34 [INFO] No signal (neutral/bearish, flat)
2026-03-05 19:39:34 [INFO] Sleeping for 60 seconds...
2026-03-05 19:40:34 [INFO] Current RSI: 70.31, Price: $73182.00
2026-03-05 19:40:34 [INFO] No signal (neutral/bearish, flat)
2026-03-05 19:40:34 [INFO] Sleeping for 60 seconds...
2026-03-05 19:41:34 [INFO] Current RSI: 70.38, Price: $73212.00
2026-03-05 19:41:34 [INFO] No signal (neutral/bearish, flat)
2026-03-05 19:41:34 [INFO] Sleeping for 60 seconds...
2026-03-05 19:42:34 [INFO] Current RSI: 70.41, Price: $73223.00
2026-03-05 19:42:34 [INFO] No signal (neutral/bearish, flat)
2026-03-05 19:42:34 [INFO] Sleeping for 60 seconds...
2026-03-05 19:43:34 [INFO] Current RSI: 70.49, Price: $73255.00
2026-03-05 19:43:34 [INFO] No signal (neutral/bearish, flat)
2026-03-05 19:43:34 [INFO] Sleeping for 60 seconds...
2026-03-05 19:44:34 [INFO] Current RSI: 70.52, Price: $73268.00
2026-03-05 19:44:34 [INFO] No signal (neutral/bearish, flat)
2026-03-05 19:44:34 [INFO] Sleeping for 60 seconds...
2026-03-05 19:45:34 [INFO] Current RSI: 70.48, Price: $73253.00
2026-03-05 19:45:34 [INFO] No signal (neutral/bearish, flat)
2026-03-05 19:45:34 [INFO] Sleeping for 60 seconds...
2026-03-05 19:46:34 [INFO] Current RSI: 70.49, Price: $73257.00
2026-03-05 19:46:34 [INFO] No signal (neutral/bearish, flat)
2026-03-05 19:46:34 [INFO] Sleeping for 60 seconds...
2026-03-05 19:47:34 [INFO] Current RSI: 70.67, Price: $73328.00
2026-03-05 19:47:34 [INFO] No signal (neutral/bearish, flat)
2026-03-05 19:47:34 [INFO] Sleeping for 60 seconds...
2026-03-05 19:48:34 [INFO] Current RSI: 70.54, Price: $73277.00
2026-03-05 19:48:34 [INFO] No signal (neutral/bearish, flat)
2026-03-05 19:48:34 [INFO] Sleeping for 60 seconds...
2026-03-05 19:49:34 [INFO] Current RSI: 70.68, Price: $73335.00
2026-03-05 19:49:34 [INFO] No signal (neutral/bearish, flat)
2026-03-05 19:49:34 [INFO] Sleeping for 60 seconds...
2026-03-05 19:50:35 [INFO] Current RSI: 70.62, Price: $73308.00
2026-03-05 19:50:35 [INFO] No signal (neutral/bearish, flat)
2026-03-05 19:50:35 [INFO] Sleeping for 60 seconds...
2026-03-05 19:51:35 [INFO] Current RSI: 70.70, Price: $73343.00
2026-03-05 19:51:35 [INFO] No signal (neutral/bearish, flat)
2026-03-05 19:51:35 [INFO] Sleeping for 60 seconds...
2026-03-05 19:52:35 [INFO] Current RSI: 70.86, Price: $73408.00
2026-03-05 19:52:35 [INFO] No signal (neutral/bearish, flat)
2026-03-05 19:52:35 [INFO] Sleeping for 60 seconds...
2026-03-05 19:53:35 [INFO] Current RSI: 70.82, Price: $73391.00
2026-03-05 19:53:35 [INFO] No signal (neutral/bearish, flat)
2026-03-05 19:53:35 [INFO] Sleeping for 60 seconds...
2026-03-05 19:54:35 [INFO] Current RSI: 70.78, Price: $73374.00
2026-03-05 19:54:35 [INFO] No signal (neutral/bearish, flat)
2026-03-05 19:54:35 [INFO] Sleeping for 60 seconds...
2026-03-05 19:55:35 [INFO] Current RSI: 71.07, Price: $73497.00
2026-03-05 19:55:35 [INFO] No signal (neutral/bearish, flat)
2026-03-05 19:55:35 [INFO] Sleeping for 60 seconds...
2026-03-05 19:56:35 [INFO] Current RSI: 70.96, Price: $73449.00
2026-03-05 19:56:35 [INFO] No signal (neutral/bearish, flat)
2026-03-05 19:56:35 [INFO] Sleeping for 60 seconds...
2026-03-05 19:57:35 [INFO] Current RSI: 70.83, Price: $73394.00
2026-03-05 19:57:35 [INFO] No signal (neutral/bearish, flat)
2026-03-05 19:57:35 [INFO] Sleeping for 60 seconds...
2026-03-05 19:58:35 [INFO] Current RSI: 70.64, Price: $73317.00
2026-03-05 19:58:35 [INFO] No signal (neutral/bearish, flat)
2026-03-05 19:58:35 [INFO] Sleeping for 60 seconds...
2026-03-05 19:59:35 [INFO] Current RSI: 70.72, Price: $73349.00
2026-03-05 19:59:35 [INFO] No signal (neutral/bearish, flat)
2026-03-05 19:59:35 [INFO] Sleeping for 60 seconds...
2026-03-05 20:00:35 [INFO] Current RSI: 70.77, Price: $73371.00
2026-03-05 20:00:35 [INFO] No signal (neutral/bearish, flat)
2026-03-05 20:00:35 [INFO] Sleeping for 60 seconds...
2026-03-05 20:01:35 [INFO] Current RSI: 70.78, Price: $73374.00
2026-03-05 20:01:35 [INFO] No signal (neutral/bearish, flat)
2026-03-05 20:01:35 [INFO] Sleeping for 60 seconds...
2026-03-05 20:02:36 [INFO] Current RSI: 70.55, Price: $73281.00
2026-03-05 20:02:36 [INFO] No signal (neutral/bearish, flat)
2026-03-05 20:02:36 [INFO] Sleeping for 60 seconds...
2026-03-05 20:03:36 [INFO] Current RSI: 70.42, Price: $73228.00
2026-03-05 20:03:36 [INFO] No signal (neutral/bearish, flat)
2026-03-05 20:03:36 [INFO] Sleeping for 60 seconds...
2026-03-05 20:04:36 [INFO] Current RSI: 70.35, Price: $73198.00
2026-03-05 20:04:36 [INFO] No signal (neutral/bearish, flat)
2026-03-05 20:04:36 [INFO] Sleeping for 60 seconds...
2026-03-05 20:05:36 [INFO] Current RSI: 70.24, Price: $73153.00
2026-03-05 20:05:36 [INFO] No signal (neutral/bearish, flat)
2026-03-05 20:05:36 [INFO] Sleeping for 60 seconds...
2026-03-05 20:06:36 [INFO] Current RSI: 70.01, Price: $73064.00
2026-03-05 20:06:36 [INFO] No signal (neutral/bearish, flat)
2026-03-05 20:06:36 [INFO] Sleeping for 60 seconds...
2026-03-05 20:07:37 [INFO] Current RSI: 70.00, Price: $73060.00
2026-03-05 20:07:37 [INFO] No signal (neutral/bearish, flat)
2026-03-05 20:07:37 [INFO] Sleeping for 60 seconds...
2026-03-05 20:08:37 [INFO] Current RSI: 70.07, Price: $73086.00
2026-03-05 20:08:37 [INFO] No signal (neutral/bearish, flat)
2026-03-05 20:08:37 [INFO] Sleeping for 60 seconds...
2026-03-05 20:09:37 [INFO] Current RSI: 70.11, Price: $73104.00
2026-03-05 20:09:37 [INFO] No signal (neutral/bearish, flat)
2026-03-05 20:09:37 [INFO] Sleeping for 60 seconds...
2026-03-05 20:10:37 [INFO] Current RSI: 70.02, Price: $73065.00
2026-03-05 20:10:37 [INFO] No signal (neutral/bearish, flat)
2026-03-05 20:10:37 [INFO] Sleeping for 60 seconds...
2026-03-05 20:11:37 [INFO] Current RSI: 70.05, Price: $73080.00
2026-03-05 20:11:37 [INFO] No signal (neutral/bearish, flat)
2026-03-05 20:11:37 [INFO] Sleeping for 60 seconds...
2026-03-05 20:12:37 [INFO] Current RSI: 70.09, Price: $73095.00
2026-03-05 20:12:37 [INFO] No signal (neutral/bearish, flat)
2026-03-05 20:12:37 [INFO] Sleeping for 60 seconds...
2026-03-05 20:13:37 [INFO] Current RSI: 70.18, Price: $73129.00
2026-03-05 20:13:37 [INFO] No signal (neutral/bearish, flat)
2026-03-05 20:13:37 [INFO] Sleeping for 60 seconds...
2026-03-05 20:14:37 [INFO] Current RSI: 70.22, Price: $73146.00
2026-03-05 20:14:37 [INFO] No signal (neutral/bearish, flat)
2026-03-05 20:14:37 [INFO] Sleeping for 60 seconds...
2026-03-05 20:15:37 [INFO] Current RSI: 70.05, Price: $73080.00
2026-03-05 20:15:37 [INFO] No signal (neutral/bearish, flat)
2026-03-05 20:15:37 [INFO] Sleeping for 60 seconds...
2026-03-05 20:16:37 [INFO] Current RSI: 70.16, Price: $73121.00
2026-03-05 20:16:37 [INFO] No signal (neutral/bearish, flat)
2026-03-05 20:16:37 [INFO] Sleeping for 60 seconds...
2026-03-05 20:17:37 [INFO] Current RSI: 70.20, Price: $73138.00
2026-03-05 20:17:37 [INFO] No signal (neutral/bearish, flat)
2026-03-05 20:17:37 [INFO] Sleeping for 60 seconds...
2026-03-05 20:18:37 [INFO] Current RSI: 70.09, Price: $73094.00
2026-03-05 20:18:37 [INFO] No signal (neutral/bearish, flat)
2026-03-05 20:18:37 [INFO] Sleeping for 60 seconds...
2026-03-05 20:19:37 [INFO] Current RSI: 69.96, Price: $73045.00
2026-03-05 20:19:37 [INFO] No signal (neutral/bearish, flat)
2026-03-05 20:19:37 [INFO] Sleeping for 60 seconds...
2026-03-05 20:20:37 [INFO] Current RSI: 70.00, Price: $73059.00
2026-03-05 20:20:37 [INFO] No signal (neutral/bearish, flat)
2026-03-05 20:20:37 [INFO] Sleeping for 60 seconds...
2026-03-05 20:21:38 [INFO] Current RSI: 70.04, Price: $73075.00
2026-03-05 20:21:38 [INFO] No signal (neutral/bearish, flat)
2026-03-05 20:21:38 [INFO] Sleeping for 60 seconds...
2026-03-05 20:22:38 [INFO] Current RSI: 70.04, Price: $73073.00
2026-03-05 20:22:38 [INFO] No signal (neutral/bearish, flat)
2026-03-05 20:22:38 [INFO] Sleeping for 60 seconds...
2026-03-05 20:23:38 [INFO] Current RSI: 69.94, Price: $73035.00
2026-03-05 20:23:38 [INFO] No signal (neutral/bearish, flat)
2026-03-05 20:23:38 [INFO] Sleeping for 60 seconds...
2026-03-05 20:24:38 [INFO] Current RSI: 69.59, Price: $72899.00
2026-03-05 20:24:38 [INFO] No signal (neutral/bearish, flat)
2026-03-05 20:24:38 [INFO] Sleeping for 60 seconds...
2026-03-05 20:25:38 [INFO] Current RSI: 69.55, Price: $72885.00
2026-03-05 20:25:38 [INFO] No signal (neutral/bearish, flat)
2026-03-05 20:25:38 [INFO] Sleeping for 60 seconds...
2026-03-05 20:26:38 [INFO] Current RSI: 69.71, Price: $72944.00
2026-03-05 20:26:38 [INFO] No signal (neutral/bearish, flat)
2026-03-05 20:26:38 [INFO] Sleeping for 60 seconds...
2026-03-05 20:27:38 [INFO] Current RSI: 70.06, Price: $73084.00
2026-03-05 20:27:38 [INFO] No signal (neutral/bearish, flat)
2026-03-05 20:27:38 [INFO] Sleeping for 60 seconds...
2026-03-05 20:28:38 [INFO] Current RSI: 70.07, Price: $73087.00
2026-03-05 20:28:38 [INFO] No signal (neutral/bearish, flat)
2026-03-05 20:28:38 [INFO] Sleeping for 60 seconds...
2026-03-05 20:29:38 [INFO] Current RSI: 70.07, Price: $73087.00
2026-03-05 20:29:38 [INFO] No signal (neutral/bearish, flat)
2026-03-05 20:29:38 [INFO] Sleeping for 60 seconds...
2026-03-05 20:30:38 [INFO] Current RSI: 69.96, Price: $73044.00
2026-03-05 20:30:38 [INFO] No signal (neutral/bearish, flat)
2026-03-05 20:30:38 [INFO] Sleeping for 60 seconds...
2026-03-05 20:31:38 [INFO] Current RSI: 69.91, Price: $73024.00
2026-03-05 20:31:38 [INFO] No signal (neutral/bearish, flat)
2026-03-05 20:31:38 [INFO] Sleeping for 60 seconds...
2026-03-05 20:32:38 [INFO] Current RSI: 69.95, Price: $73039.00
2026-03-05 20:32:38 [INFO] No signal (neutral/bearish, flat)
2026-03-05 20:32:38 [INFO] Sleeping for 60 seconds...
2026-03-05 20:33:38 [INFO] Current RSI: 69.72, Price: $72951.00
2026-03-05 20:33:38 [INFO] No signal (neutral/bearish, flat)
2026-03-05 20:33:38 [INFO] Sleeping for 60 seconds...
2026-03-05 20:34:38 [INFO] Current RSI: 69.77, Price: $72969.00
2026-03-05 20:34:38 [INFO] No signal (neutral/bearish, flat)
2026-03-05 20:34:38 [INFO] Sleeping for 60 seconds...
2026-03-05 20:35:38 [INFO] Current RSI: 69.87, Price: $73007.00
2026-03-05 20:35:38 [INFO] No signal (neutral/bearish, flat)
2026-03-05 20:35:38 [INFO] Sleeping for 60 seconds...
2026-03-05 20:36:38 [INFO] Current RSI: 69.90, Price: $73018.00
2026-03-05 20:36:38 [INFO] No signal (neutral/bearish, flat)
2026-03-05 20:36:38 [INFO] Sleeping for 60 seconds...
2026-03-05 20:37:39 [INFO] Current RSI: 69.59, Price: $72900.00
2026-03-05 20:37:39 [INFO] No signal (neutral/bearish, flat)
2026-03-05 20:37:39 [INFO] Sleeping for 60 seconds...
2026-03-05 20:38:39 [INFO] Current RSI: 69.50, Price: $72865.00
2026-03-05 20:38:39 [INFO] No signal (neutral/bearish, flat)
2026-03-05 20:38:39 [INFO] Sleeping for 60 seconds...
2026-03-05 20:39:39 [INFO] Current RSI: 69.38, Price: $72821.00
2026-03-05 20:39:39 [INFO] No signal (neutral/bearish, flat)
2026-03-05 20:39:39 [INFO] Sleeping for 60 seconds...
2026-03-05 20:40:39 [INFO] Current RSI: 69.24, Price: $72765.00
2026-03-05 20:40:39 [INFO] No signal (neutral/bearish, flat)
2026-03-05 20:40:39 [INFO] Sleeping for 60 seconds...
2026-03-05 20:41:39 [INFO] Current RSI: 69.39, Price: $72825.00
2026-03-05 20:41:39 [INFO] No signal (neutral/bearish, flat)
2026-03-05 20:41:39 [INFO] Sleeping for 60 seconds...
2026-03-05 20:42:39 [INFO] Current RSI: 69.41, Price: $72829.00
2026-03-05 20:42:39 [INFO] No signal (neutral/bearish, flat)
2026-03-05 20:42:39 [INFO] Sleeping for 60 seconds...
2026-03-05 20:43:39 [INFO] Current RSI: 69.36, Price: $72811.00
2026-03-05 20:43:39 [INFO] No signal (neutral/bearish, flat)
2026-03-05 20:43:39 [INFO] Sleeping for 60 seconds...
2026-03-05 20:44:39 [INFO] Current RSI: 69.37, Price: $72815.00
2026-03-05 20:44:39 [INFO] No signal (neutral/bearish, flat)
2026-03-05 20:44:39 [INFO] Sleeping for 60 seconds...
2026-03-05 20:45:39 [INFO] Current RSI: 69.43, Price: $72840.00
2026-03-05 20:45:39 [INFO] No signal (neutral/bearish, flat)
2026-03-05 20:45:39 [INFO] Sleeping for 60 seconds...
2026-03-05 20:46:39 [INFO] Current RSI: 69.51, Price: $72870.00
2026-03-05 20:46:39 [INFO] No signal (neutral/bearish, flat)
2026-03-05 20:46:39 [INFO] Sleeping for 60 seconds...
2026-03-05 20:47:39 [INFO] Current RSI: 69.63, Price: $72915.00
2026-03-05 20:47:39 [INFO] No signal (neutral/bearish, flat)
2026-03-05 20:47:39 [INFO] Sleeping for 60 seconds...
2026-03-05 20:48:40 [INFO] Current RSI: 69.48, Price: $72858.00
2026-03-05 20:48:40 [INFO] No signal (neutral/bearish, flat)
2026-03-05 20:48:40 [INFO] Sleeping for 60 seconds...
2026-03-05 20:49:40 [INFO] Current RSI: 69.39, Price: $72822.00
2026-03-05 20:49:40 [INFO] No signal (neutral/bearish, flat)
2026-03-05 20:49:40 [INFO] Sleeping for 60 seconds...
2026-03-05 20:50:40 [INFO] Current RSI: 69.52, Price: $72872.00
2026-03-05 20:50:40 [INFO] No signal (neutral/bearish, flat)
2026-03-05 20:50:40 [INFO] Sleeping for 60 seconds...
2026-03-05 20:51:40 [INFO] Current RSI: 69.43, Price: $72840.00
2026-03-05 20:51:40 [INFO] No signal (neutral/bearish, flat)
2026-03-05 20:51:40 [INFO] Sleeping for 60 seconds...
2026-03-05 20:52:40 [INFO] Current RSI: 69.35, Price: $72809.00
2026-03-05 20:52:40 [INFO] No signal (neutral/bearish, flat)
2026-03-05 20:52:40 [INFO] Sleeping for 60 seconds...
2026-03-05 20:53:40 [INFO] Current RSI: 69.40, Price: $72826.00
2026-03-05 20:53:40 [INFO] No signal (neutral/bearish, flat)
2026-03-05 20:53:40 [INFO] Sleeping for 60 seconds...
2026-03-05 20:54:40 [INFO] Current RSI: 69.31, Price: $72793.00
2026-03-05 20:54:40 [INFO] No signal (neutral/bearish, flat)
2026-03-05 20:54:40 [INFO] Sleeping for 60 seconds...
2026-03-05 20:55:40 [INFO] Current RSI: 69.38, Price: $72819.00
2026-03-05 20:55:40 [INFO] No signal (neutral/bearish, flat)
2026-03-05 20:55:40 [INFO] Sleeping for 60 seconds...
2026-03-05 20:56:40 [INFO] Current RSI: 69.28, Price: $72783.00
2026-03-05 20:56:40 [INFO] No signal (neutral/bearish, flat)
2026-03-05 20:56:40 [INFO] Sleeping for 60 seconds...
2026-03-05 20:57:40 [INFO] Current RSI: 69.37, Price: $72817.00
2026-03-05 20:57:40 [INFO] No signal (neutral/bearish, flat)
2026-03-05 20:57:40 [INFO] Sleeping for 60 seconds...
2026-03-05 20:58:40 [INFO] Current RSI: 69.43, Price: $72840.00
2026-03-05 20:58:40 [INFO] No signal (neutral/bearish, flat)
2026-03-05 20:58:40 [INFO] Sleeping for 60 seconds...
2026-03-05 20:59:40 [INFO] Current RSI: 69.57, Price: $72891.00
2026-03-05 20:59:40 [INFO] No signal (neutral/bearish, flat)
2026-03-05 20:59:40 [INFO] Sleeping for 60 seconds...
2026-03-05 21:00:40 [INFO] Current RSI: 70.46, Price: $72857.00
2026-03-05 21:00:40 [INFO] No signal (neutral/bearish, flat)
2026-03-05 21:00:40 [INFO] Sleeping for 60 seconds...
2026-03-05 21:01:40 [INFO] Current RSI: 70.16, Price: $72808.00
2026-03-05 21:01:40 [INFO] No signal (neutral/bearish, flat)
2026-03-05 21:01:40 [INFO] Sleeping for 60 seconds...
2026-03-05 21:02:41 [INFO] Current RSI: 69.45, Price: $72689.00
2026-03-05 21:02:41 [INFO] No signal (neutral/bearish, flat)
2026-03-05 21:02:41 [INFO] Sleeping for 60 seconds...
2026-03-05 21:03:41 [INFO] Current RSI: 69.55, Price: $72706.00
2026-03-05 21:03:41 [INFO] No signal (neutral/bearish, flat)
2026-03-05 21:03:41 [INFO] Sleeping for 60 seconds...
2026-03-05 21:04:41 [INFO] Current RSI: 69.99, Price: $72780.00
2026-03-05 21:04:41 [INFO] No signal (neutral/bearish, flat)
2026-03-05 21:04:41 [INFO] Sleeping for 60 seconds...
2026-03-05 21:05:41 [INFO] Current RSI: 69.72, Price: $72735.00
2026-03-05 21:05:41 [INFO] No signal (neutral/bearish, flat)
2026-03-05 21:05:41 [INFO] Sleeping for 60 seconds...
2026-03-05 21:06:41 [INFO] Current RSI: 69.87, Price: $72759.00
2026-03-05 21:06:41 [INFO] No signal (neutral/bearish, flat)
2026-03-05 21:06:41 [INFO] Sleeping for 60 seconds...
2026-03-05 21:07:41 [INFO] Current RSI: 70.70, Price: $72910.00
2026-03-05 21:07:41 [INFO] No signal (neutral/bearish, flat)
2026-03-05 21:07:41 [INFO] Sleeping for 60 seconds...
2026-03-05 21:08:41 [INFO] Current RSI: 70.61, Price: $72882.00
2026-03-05 21:08:41 [INFO] No signal (neutral/bearish, flat)
2026-03-05 21:08:41 [INFO] Sleeping for 60 seconds...
2026-03-05 21:09:41 [INFO] Current RSI: 70.67, Price: $72899.00
2026-03-05 21:09:41 [INFO] No signal (neutral/bearish, flat)
2026-03-05 21:09:41 [INFO] Sleeping for 60 seconds...
2026-03-05 21:10:41 [INFO] Current RSI: 70.51, Price: $72865.00
2026-03-05 21:10:41 [INFO] No signal (neutral/bearish, flat)
2026-03-05 21:10:41 [INFO] Sleeping for 60 seconds...
2026-03-05 21:11:41 [INFO] Current RSI: 70.55, Price: $72871.00
2026-03-05 21:11:41 [INFO] No signal (neutral/bearish, flat)
2026-03-05 21:11:41 [INFO] Sleeping for 60 seconds...
2026-03-05 21:12:41 [INFO] Current RSI: 70.83, Price: $72959.00
2026-03-05 21:12:41 [INFO] No signal (neutral/bearish, flat)
2026-03-05 21:12:41 [INFO] Sleeping for 60 seconds...
2026-03-05 21:13:41 [INFO] Current RSI: 70.90, Price: $72989.00
2026-03-05 21:13:41 [INFO] No signal (neutral/bearish, flat)
2026-03-05 21:13:41 [INFO] Sleeping for 60 seconds...
2026-03-05 21:14:41 [INFO] Current RSI: 70.76, Price: $72934.00
2026-03-05 21:14:41 [INFO] No signal (neutral/bearish, flat)
2026-03-05 21:14:41 [INFO] Sleeping for 60 seconds...
2026-03-05 21:15:41 [INFO] Current RSI: 70.43, Price: $72852.00
2026-03-05 21:15:41 [INFO] No signal (neutral/bearish, flat)
2026-03-05 21:15:41 [INFO] Sleeping for 60 seconds...
2026-03-05 21:16:42 [INFO] Current RSI: 70.44, Price: $72853.00
2026-03-05 21:16:42 [INFO] No signal (neutral/bearish, flat)
2026-03-05 21:16:42 [INFO] Sleeping for 60 seconds...
2026-03-05 21:17:42 [INFO] Current RSI: 69.72, Price: $72734.00
2026-03-05 21:17:42 [INFO] No signal (neutral/bearish, flat)
2026-03-05 21:17:42 [INFO] Sleeping for 60 seconds...
2026-03-05 21:18:42 [INFO] Current RSI: 69.48, Price: $72694.00
2026-03-05 21:18:42 [INFO] No signal (neutral/bearish, flat)
2026-03-05 21:18:42 [INFO] Sleeping for 60 seconds...
2026-03-05 21:19:42 [INFO] Current RSI: 70.36, Price: $72840.00
2026-03-05 21:19:42 [INFO] No signal (neutral/bearish, flat)
2026-03-05 21:19:42 [INFO] Sleeping for 60 seconds...
2026-03-05 21:20:42 [INFO] Current RSI: 70.36, Price: $72840.00
2026-03-05 21:20:42 [INFO] No signal (neutral/bearish, flat)
2026-03-05 21:20:42 [INFO] Sleeping for 60 seconds...
2026-03-05 21:21:42 [INFO] Current RSI: 70.70, Price: $72908.00
2026-03-05 21:21:42 [INFO] No signal (neutral/bearish, flat)
2026-03-05 21:21:42 [INFO] Sleeping for 60 seconds...
2026-03-05 21:22:42 [INFO] Current RSI: 70.39, Price: $72846.00
2026-03-05 21:22:42 [INFO] No signal (neutral/bearish, flat)
2026-03-05 21:22:42 [INFO] Sleeping for 60 seconds...
2026-03-05 21:23:42 [INFO] Current RSI: 70.39, Price: $72845.00
2026-03-05 21:23:42 [INFO] No signal (neutral/bearish, flat)
2026-03-05 21:23:42 [INFO] Sleeping for 60 seconds...
2026-03-05 21:24:42 [INFO] Current RSI: 70.32, Price: $72834.00
2026-03-05 21:24:42 [INFO] No signal (neutral/bearish, flat)
2026-03-05 21:24:42 [INFO] Sleeping for 60 seconds...
2026-03-05 21:25:42 [INFO] Current RSI: 70.59, Price: $72878.00
2026-03-05 21:25:42 [INFO] No signal (neutral/bearish, flat)
2026-03-05 21:25:42 [INFO] Sleeping for 60 seconds...
2026-03-05 21:26:42 [INFO] Current RSI: 70.38, Price: $72843.00
2026-03-05 21:26:42 [INFO] No signal (neutral/bearish, flat)
2026-03-05 21:26:42 [INFO] Sleeping for 60 seconds...
2026-03-05 21:27:43 [INFO] Current RSI: 69.38, Price: $72677.00
2026-03-05 21:27:43 [INFO] No signal (neutral/bearish, flat)
2026-03-05 21:27:43 [INFO] Sleeping for 60 seconds...
2026-03-05 21:28:43 [INFO] Current RSI: 69.73, Price: $72737.00
2026-03-05 21:28:43 [INFO] No signal (neutral/bearish, flat)
2026-03-05 21:28:43 [INFO] Sleeping for 60 seconds...
2026-03-05 21:29:43 [INFO] Current RSI: 69.88, Price: $72761.00
2026-03-05 21:29:43 [INFO] No signal (neutral/bearish, flat)
2026-03-05 21:29:43 [INFO] Sleeping for 60 seconds...
2026-03-05 21:30:43 [INFO] Current RSI: 69.80, Price: $72748.00
2026-03-05 21:30:43 [INFO] No signal (neutral/bearish, flat)
2026-03-05 21:30:43 [INFO] Sleeping for 60 seconds...
2026-03-05 21:31:43 [INFO] Current RSI: 69.74, Price: $72738.00
2026-03-05 21:31:43 [INFO] No signal (neutral/bearish, flat)
2026-03-05 21:31:43 [INFO] Sleeping for 60 seconds...
2026-03-05 21:32:43 [INFO] Current RSI: 69.74, Price: $72738.00
2026-03-05 21:32:43 [INFO] No signal (neutral/bearish, flat)
2026-03-05 21:32:43 [INFO] Sleeping for 60 seconds...
2026-03-05 21:33:43 [INFO] Current RSI: 69.78, Price: $72744.00
2026-03-05 21:33:43 [INFO] No signal (neutral/bearish, flat)
2026-03-05 21:33:43 [INFO] Sleeping for 60 seconds...
2026-03-05 21:34:43 [INFO] Current RSI: 70.05, Price: $72790.00
2026-03-05 21:34:43 [INFO] No signal (neutral/bearish, flat)
2026-03-05 21:34:43 [INFO] Sleeping for 60 seconds...
2026-03-05 21:35:43 [INFO] Current RSI: 70.04, Price: $72787.00
2026-03-05 21:35:43 [INFO] No signal (neutral/bearish, flat)
2026-03-05 21:35:43 [INFO] Sleeping for 60 seconds...
2026-03-05 21:36:43 [INFO] Current RSI: 69.96, Price: $72774.00
2026-03-05 21:36:43 [INFO] No signal (neutral/bearish, flat)
2026-03-05 21:36:43 [INFO] Sleeping for 60 seconds...
2026-03-05 21:37:43 [INFO] Current RSI: 69.32, Price: $72668.00
2026-03-05 21:37:43 [INFO] No signal (neutral/bearish, flat)
2026-03-05 21:37:43 [INFO] Sleeping for 60 seconds...
2026-03-05 21:38:43 [INFO] Current RSI: 69.73, Price: $72736.00
2026-03-05 21:38:43 [INFO] No signal (neutral/bearish, flat)
2026-03-05 21:38:43 [INFO] Sleeping for 60 seconds...
2026-03-05 21:39:44 [INFO] Current RSI: 70.03, Price: $72786.00
2026-03-05 21:39:44 [INFO] No signal (neutral/bearish, flat)
2026-03-05 21:39:44 [INFO] Sleeping for 60 seconds...
2026-03-05 21:40:44 [INFO] Current RSI: 69.76, Price: $72741.00
2026-03-05 21:40:44 [INFO] No signal (neutral/bearish, flat)
2026-03-05 21:40:44 [INFO] Sleeping for 60 seconds...
2026-03-05 21:41:44 [INFO] Current RSI: 70.35, Price: $72839.00
2026-03-05 21:41:44 [INFO] No signal (neutral/bearish, flat)
2026-03-05 21:41:44 [INFO] Sleeping for 60 seconds...
2026-03-05 21:42:44 [INFO] Current RSI: 70.53, Price: $72868.00
2026-03-05 21:42:44 [INFO] No signal (neutral/bearish, flat)
2026-03-05 21:42:44 [INFO] Sleeping for 60 seconds...
2026-03-05 21:43:44 [INFO] Current RSI: 70.65, Price: $72892.00
2026-03-05 21:43:44 [INFO] No signal (neutral/bearish, flat)
2026-03-05 21:43:44 [INFO] Sleeping for 60 seconds...
2026-03-05 21:44:44 [INFO] Current RSI: 70.55, Price: $72872.00
2026-03-05 21:44:44 [INFO] No signal (neutral/bearish, flat)
2026-03-05 21:44:44 [INFO] Sleeping for 60 seconds...
2026-03-05 21:45:44 [INFO] Current RSI: 70.71, Price: $72912.00
2026-03-05 21:45:44 [INFO] No signal (neutral/bearish, flat)
2026-03-05 21:45:44 [INFO] Sleeping for 60 seconds...
2026-03-05 21:46:44 [INFO] Current RSI: 70.89, Price: $72984.00
2026-03-05 21:46:44 [INFO] No signal (neutral/bearish, flat)
2026-03-05 21:46:44 [INFO] Sleeping for 60 seconds...
2026-03-05 21:47:45 [INFO] Current RSI: 70.73, Price: $72923.00
2026-03-05 21:47:45 [INFO] No signal (neutral/bearish, flat)
2026-03-05 21:47:45 [INFO] Sleeping for 60 seconds...
2026-03-05 21:48:45 [INFO] Current RSI: 70.71, Price: $72912.00
2026-03-05 21:48:45 [INFO] No signal (neutral/bearish, flat)
2026-03-05 21:48:45 [INFO] Sleeping for 60 seconds...
2026-03-05 21:49:45 [INFO] Current RSI: 70.96, Price: $73013.00
2026-03-05 21:49:45 [INFO] No signal (neutral/bearish, flat)
2026-03-05 21:49:45 [INFO] Sleeping for 60 seconds...
2026-03-05 21:50:45 [INFO] Current RSI: 70.91, Price: $72993.00
2026-03-05 21:50:45 [INFO] No signal (neutral/bearish, flat)
2026-03-05 21:50:45 [INFO] Sleeping for 60 seconds...
2026-03-05 21:51:45 [INFO] Current RSI: 70.85, Price: $72968.00
2026-03-05 21:51:45 [INFO] No signal (neutral/bearish, flat)
2026-03-05 21:51:45 [INFO] Sleeping for 60 seconds...
2026-03-05 21:52:45 [INFO] Current RSI: 70.68, Price: $72901.00
2026-03-05 21:52:45 [INFO] No signal (neutral/bearish, flat)
2026-03-05 21:52:45 [INFO] Sleeping for 60 seconds...
2026-03-05 21:53:45 [INFO] Current RSI: 70.68, Price: $72901.00
2026-03-05 21:53:45 [INFO] No signal (neutral/bearish, flat)
2026-03-05 21:53:45 [INFO] Sleeping for 60 seconds...
2026-03-05 21:54:45 [INFO] Current RSI: 70.78, Price: $72942.00
2026-03-05 21:54:45 [INFO] No signal (neutral/bearish, flat)
2026-03-05 21:54:45 [INFO] Sleeping for 60 seconds...
2026-03-05 21:55:45 [INFO] Current RSI: 70.83, Price: $72960.00
2026-03-05 21:55:45 [INFO] No signal (neutral/bearish, flat)
2026-03-05 21:55:45 [INFO] Sleeping for 60 seconds...
2026-03-05 21:56:45 [INFO] Current RSI: 70.73, Price: $72922.00
2026-03-05 21:56:45 [INFO] No signal (neutral/bearish, flat)
2026-03-05 21:56:45 [INFO] Sleeping for 60 seconds...
2026-03-05 21:57:45 [INFO] Current RSI: 70.43, Price: $72852.00
2026-03-05 21:57:45 [INFO] No signal (neutral/bearish, flat)
2026-03-05 21:57:45 [INFO] Sleeping for 60 seconds...
2026-03-05 21:58:45 [INFO] Current RSI: 70.69, Price: $72907.00
2026-03-05 21:58:45 [INFO] No signal (neutral/bearish, flat)
2026-03-05 21:58:45 [INFO] Sleeping for 60 seconds...
2026-03-05 21:59:45 [INFO] Current RSI: 70.62, Price: $72883.00
2026-03-05 21:59:45 [INFO] No signal (neutral/bearish, flat)
2026-03-05 21:59:45 [INFO] Sleeping for 60 seconds...
2026-03-05 22:00:45 [INFO] Current RSI: 70.44, Price: $72853.00
2026-03-05 22:00:45 [INFO] No signal (neutral/bearish, flat)
2026-03-05 22:00:45 [INFO] Sleeping for 60 seconds...
2026-03-05 22:01:46 [INFO] Current RSI: 70.40, Price: $72847.00
2026-03-05 22:01:46 [INFO] No signal (neutral/bearish, flat)
2026-03-05 22:01:46 [INFO] Sleeping for 60 seconds...
2026-03-05 22:02:46 [INFO] Current RSI: 69.70, Price: $72732.00
2026-03-05 22:02:46 [INFO] No signal (neutral/bearish, flat)
2026-03-05 22:02:46 [INFO] Sleeping for 60 seconds...
2026-03-05 22:03:46 [INFO] Current RSI: 69.67, Price: $72726.00
2026-03-05 22:03:46 [INFO] No signal (neutral/bearish, flat)
2026-03-05 22:03:46 [INFO] Sleeping for 60 seconds...
2026-03-05 22:04:46 [INFO] Current RSI: 69.82, Price: $72752.00
2026-03-05 22:04:46 [INFO] No signal (neutral/bearish, flat)
2026-03-05 22:04:46 [INFO] Sleeping for 60 seconds...
2026-03-05 22:05:46 [INFO] Current RSI: 69.35, Price: $72672.00
2026-03-05 22:05:46 [INFO] No signal (neutral/bearish, flat)
2026-03-05 22:05:46 [INFO] Sleeping for 60 seconds...
2026-03-05 22:06:46 [INFO] Current RSI: 69.23, Price: $72652.00
2026-03-05 22:06:46 [INFO] No signal (neutral/bearish, flat)
2026-03-05 22:06:46 [INFO] Sleeping for 60 seconds...
2026-03-05 22:07:46 [INFO] Current RSI: 69.35, Price: $72672.00
2026-03-05 22:07:46 [INFO] No signal (neutral/bearish, flat)
2026-03-05 22:07:46 [INFO] Sleeping for 60 seconds...
2026-03-05 22:08:46 [INFO] Current RSI: 69.39, Price: $72679.00
2026-03-05 22:08:46 [INFO] No signal (neutral/bearish, flat)
2026-03-05 22:08:46 [INFO] Sleeping for 60 seconds...
2026-03-05 22:09:46 [INFO] Current RSI: 69.36, Price: $72674.00
2026-03-05 22:09:46 [INFO] No signal (neutral/bearish, flat)
2026-03-05 22:09:46 [INFO] Sleeping for 60 seconds...
2026-03-05 22:10:46 [INFO] Current RSI: 68.97, Price: $72609.00
2026-03-05 22:10:46 [INFO] No signal (neutral/bearish, flat)
2026-03-05 22:10:46 [INFO] Sleeping for 60 seconds...
2026-03-05 22:11:46 [INFO] Current RSI: 68.69, Price: $72561.00
2026-03-05 22:11:46 [INFO] No signal (neutral/bearish, flat)
2026-03-05 22:11:46 [INFO] Sleeping for 60 seconds...
2026-03-05 22:12:46 [INFO] Current RSI: 68.63, Price: $72550.00
2026-03-05 22:12:46 [INFO] No signal (neutral/bearish, flat)
2026-03-05 22:12:46 [INFO] Sleeping for 60 seconds...
2026-03-05 22:13:47 [INFO] Current RSI: 69.30, Price: $72664.00
2026-03-05 22:13:47 [INFO] No signal (neutral/bearish, flat)
2026-03-05 22:13:47 [INFO] Sleeping for 60 seconds...
2026-03-05 22:14:47 [INFO] Current RSI: 69.06, Price: $72624.00
2026-03-05 22:14:47 [INFO] No signal (neutral/bearish, flat)
2026-03-05 22:14:47 [INFO] Sleeping for 60 seconds...
2026-03-05 22:15:47 [INFO] Current RSI: 69.00, Price: $72613.00
2026-03-05 22:15:47 [INFO] No signal (neutral/bearish, flat)
2026-03-05 22:15:47 [INFO] Sleeping for 60 seconds...
2026-03-05 22:16:47 [INFO] Current RSI: 69.57, Price: $72709.00
2026-03-05 22:16:47 [INFO] No signal (neutral/bearish, flat)
2026-03-05 22:16:47 [INFO] Sleeping for 60 seconds...
2026-03-05 22:17:47 [INFO] Current RSI: 69.22, Price: $72651.00
2026-03-05 22:17:47 [INFO] No signal (neutral/bearish, flat)
2026-03-05 22:17:47 [INFO] Sleeping for 60 seconds...
2026-03-05 22:18:47 [INFO] Current RSI: 68.86, Price: $72590.00
2026-03-05 22:18:47 [INFO] No signal (neutral/bearish, flat)
2026-03-05 22:18:47 [INFO] Sleeping for 60 seconds...
2026-03-05 22:19:47 [INFO] Current RSI: 69.16, Price: $72641.00
2026-03-05 22:19:47 [INFO] No signal (neutral/bearish, flat)
2026-03-05 22:19:47 [INFO] Sleeping for 60 seconds...
2026-03-05 22:20:48 [INFO] Current RSI: 69.29, Price: $72662.00
2026-03-05 22:20:48 [INFO] No signal (neutral/bearish, flat)
2026-03-05 22:20:48 [INFO] Sleeping for 60 seconds...
2026-03-05 22:21:48 [INFO] Current RSI: 68.92, Price: $72599.00
2026-03-05 22:21:48 [INFO] No signal (neutral/bearish, flat)
2026-03-05 22:21:48 [INFO] Sleeping for 60 seconds...
2026-03-05 22:22:48 [INFO] Current RSI: 68.71, Price: $72563.00
2026-03-05 22:22:48 [INFO] No signal (neutral/bearish, flat)
2026-03-05 22:22:48 [INFO] Sleeping for 60 seconds...
2026-03-05 22:23:48 [INFO] Current RSI: 68.55, Price: $72536.00
2026-03-05 22:23:48 [INFO] No signal (neutral/bearish, flat)
2026-03-05 22:23:48 [INFO] Sleeping for 60 seconds...
2026-03-05 22:24:48 [INFO] Current RSI: 68.01, Price: $72442.00
2026-03-05 22:24:48 [INFO] No signal (neutral/bearish, flat)
2026-03-05 22:24:48 [INFO] Sleeping for 60 seconds...
2026-03-05 22:25:48 [INFO] Current RSI: 67.28, Price: $72313.00
2026-03-05 22:25:48 [INFO] No signal (neutral/bearish, flat)
2026-03-05 22:25:48 [INFO] Sleeping for 60 seconds...
2026-03-05 22:26:48 [INFO] Current RSI: 67.88, Price: $72420.00
2026-03-05 22:26:48 [INFO] No signal (neutral/bearish, flat)
2026-03-05 22:26:48 [INFO] Sleeping for 60 seconds...
2026-03-05 22:27:48 [INFO] Current RSI: 67.82, Price: $72409.00
2026-03-05 22:27:48 [INFO] No signal (neutral/bearish, flat)
2026-03-05 22:27:48 [INFO] Sleeping for 60 seconds...
2026-03-05 22:28:48 [INFO] Current RSI: 68.04, Price: $72448.00
2026-03-05 22:28:48 [INFO] No signal (neutral/bearish, flat)
2026-03-05 22:28:48 [INFO] Sleeping for 60 seconds...
2026-03-05 22:29:48 [INFO] Current RSI: 68.17, Price: $72471.00
2026-03-05 22:29:48 [INFO] No signal (neutral/bearish, flat)
2026-03-05 22:29:48 [INFO] Sleeping for 60 seconds...
2026-03-05 22:30:48 [INFO] Current RSI: 67.65, Price: $72379.00
2026-03-05 22:30:48 [INFO] No signal (neutral/bearish, flat)
2026-03-05 22:30:48 [INFO] Sleeping for 60 seconds...
2026-03-05 22:31:48 [INFO] Current RSI: 66.73, Price: $72213.00
2026-03-05 22:31:48 [INFO] No signal (neutral/bearish, flat)
2026-03-05 22:31:48 [INFO] Sleeping for 60 seconds...
2026-03-05 22:32:48 [INFO] Current RSI: 66.98, Price: $72259.00
2026-03-05 22:32:48 [INFO] No signal (neutral/bearish, flat)
2026-03-05 22:32:48 [INFO] Sleeping for 60 seconds...
2026-03-05 22:33:48 [INFO] Current RSI: 67.05, Price: $72272.00
2026-03-05 22:33:48 [INFO] No signal (neutral/bearish, flat)
2026-03-05 22:33:48 [INFO] Sleeping for 60 seconds...
2026-03-05 22:34:48 [INFO] Current RSI: 67.27, Price: $72311.00
2026-03-05 22:34:48 [INFO] No signal (neutral/bearish, flat)
2026-03-05 22:34:48 [INFO] Sleeping for 60 seconds...
2026-03-05 22:35:49 [INFO] Current RSI: 67.06, Price: $72273.00
2026-03-05 22:35:49 [INFO] No signal (neutral/bearish, flat)
2026-03-05 22:35:49 [INFO] Sleeping for 60 seconds...
2026-03-05 22:36:49 [INFO] Current RSI: 67.24, Price: $72306.00
2026-03-05 22:36:49 [INFO] No signal (neutral/bearish, flat)
2026-03-05 22:36:49 [INFO] Sleeping for 60 seconds...
2026-03-05 22:37:49 [INFO] Current RSI: 67.31, Price: $72318.00
2026-03-05 22:37:49 [INFO] No signal (neutral/bearish, flat)
2026-03-05 22:37:49 [INFO] Sleeping for 60 seconds...
2026-03-05 22:38:49 [INFO] Current RSI: 67.21, Price: $72300.00
2026-03-05 22:38:49 [INFO] No signal (neutral/bearish, flat)
2026-03-05 22:38:49 [INFO] Sleeping for 60 seconds...
2026-03-05 22:39:49 [INFO] Current RSI: 67.30, Price: $72317.00
2026-03-05 22:39:49 [INFO] No signal (neutral/bearish, flat)
2026-03-05 22:39:49 [INFO] Sleeping for 60 seconds...
2026-03-05 22:40:50 [INFO] Current RSI: 67.25, Price: $72308.00
2026-03-05 22:40:50 [INFO] No signal (neutral/bearish, flat)
2026-03-05 22:40:50 [INFO] Sleeping for 60 seconds...
2026-03-05 22:41:50 [INFO] Current RSI: 67.41, Price: $72336.00
2026-03-05 22:41:50 [INFO] No signal (neutral/bearish, flat)
2026-03-05 22:41:50 [INFO] Sleeping for 60 seconds...
2026-03-05 22:42:50 [INFO] Current RSI: 68.20, Price: $72475.00
2026-03-05 22:42:50 [INFO] No signal (neutral/bearish, flat)
2026-03-05 22:42:50 [INFO] Sleeping for 60 seconds...
2026-03-05 22:43:51 [INFO] Current RSI: 68.19, Price: $72474.00
2026-03-05 22:43:51 [INFO] No signal (neutral/bearish, flat)
2026-03-05 22:43:51 [INFO] Sleeping for 60 seconds...
2026-03-05 22:44:51 [INFO] Current RSI: 68.15, Price: $72466.00
2026-03-05 22:44:51 [INFO] No signal (neutral/bearish, flat)
2026-03-05 22:44:51 [INFO] Sleeping for 60 seconds...
2026-03-05 22:45:51 [INFO] Current RSI: 68.18, Price: $72472.00
2026-03-05 22:45:51 [INFO] No signal (neutral/bearish, flat)
2026-03-05 22:45:51 [INFO] Sleeping for 60 seconds...
2026-03-05 22:46:51 [INFO] Current RSI: 68.02, Price: $72444.00
2026-03-05 22:46:51 [INFO] No signal (neutral/bearish, flat)
2026-03-05 22:46:51 [INFO] Sleeping for 60 seconds...
2026-03-05 22:47:51 [INFO] Current RSI: 68.40, Price: $72511.00
2026-03-05 22:47:51 [INFO] No signal (neutral/bearish, flat)
2026-03-05 22:47:51 [INFO] Sleeping for 60 seconds...
2026-03-05 22:48:51 [INFO] Current RSI: 68.96, Price: $72607.00
2026-03-05 22:48:51 [INFO] No signal (neutral/bearish, flat)
2026-03-05 22:48:51 [INFO] Sleeping for 60 seconds...
2026-03-05 22:49:51 [INFO] Current RSI: 68.86, Price: $72589.00
2026-03-05 22:49:51 [INFO] No signal (neutral/bearish, flat)
2026-03-05 22:49:51 [INFO] Sleeping for 60 seconds...
2026-03-05 22:50:51 [INFO] Current RSI: 68.97, Price: $72609.00
2026-03-05 22:50:51 [INFO] No signal (neutral/bearish, flat)
2026-03-05 22:50:51 [INFO] Sleeping for 60 seconds...
2026-03-05 22:51:51 [INFO] Current RSI: 69.17, Price: $72643.00
2026-03-05 22:51:51 [INFO] No signal (neutral/bearish, flat)
2026-03-05 22:51:51 [INFO] Sleeping for 60 seconds...
2026-03-05 22:52:51 [INFO] Current RSI: 69.10, Price: $72630.00
2026-03-05 22:52:51 [INFO] No signal (neutral/bearish, flat)
2026-03-05 22:52:51 [INFO] Sleeping for 60 seconds...
2026-03-05 22:53:51 [INFO] Current RSI: 69.00, Price: $72613.00
2026-03-05 22:53:51 [INFO] No signal (neutral/bearish, flat)
2026-03-05 22:53:51 [INFO] Sleeping for 60 seconds...
2026-03-05 22:54:51 [INFO] Current RSI: 68.83, Price: $72585.00
2026-03-05 22:54:51 [INFO] No signal (neutral/bearish, flat)
2026-03-05 22:54:51 [INFO] Sleeping for 60 seconds...
2026-03-05 22:55:51 [INFO] Current RSI: 68.69, Price: $72561.00
2026-03-05 22:55:51 [INFO] No signal (neutral/bearish, flat)
2026-03-05 22:55:51 [INFO] Sleeping for 60 seconds...
2026-03-05 22:56:51 [INFO] Current RSI: 68.81, Price: $72580.00
2026-03-05 22:56:51 [INFO] No signal (neutral/bearish, flat)
2026-03-05 22:56:51 [INFO] Sleeping for 60 seconds...
2026-03-05 22:57:51 [INFO] Current RSI: 67.96, Price: $72433.00
2026-03-05 22:57:51 [INFO] No signal (neutral/bearish, flat)
2026-03-05 22:57:51 [INFO] Sleeping for 60 seconds...
2026-03-05 22:58:51 [INFO] Current RSI: 67.69, Price: $72386.00
2026-03-05 22:58:51 [INFO] No signal (neutral/bearish, flat)
2026-03-05 22:58:51 [INFO] Sleeping for 60 seconds...
2026-03-05 22:59:52 [INFO] Current RSI: 67.94, Price: $72430.00
2026-03-05 22:59:52 [INFO] No signal (neutral/bearish, flat)
2026-03-05 22:59:52 [INFO] Sleeping for 60 seconds...
2026-03-05 23:00:52 [INFO] Current RSI: 68.00, Price: $72440.00
2026-03-05 23:00:52 [INFO] No signal (neutral/bearish, flat)
2026-03-05 23:00:52 [INFO] Sleeping for 60 seconds...
2026-03-05 23:01:52 [INFO] Current RSI: 68.13, Price: $72463.00
2026-03-05 23:01:52 [INFO] No signal (neutral/bearish, flat)
2026-03-05 23:01:52 [INFO] Sleeping for 60 seconds...
2026-03-05 23:02:52 [INFO] Current RSI: 68.30, Price: $72492.00
2026-03-05 23:02:52 [INFO] No signal (neutral/bearish, flat)
2026-03-05 23:02:52 [INFO] Sleeping for 60 seconds...
2026-03-05 23:03:52 [INFO] Current RSI: 68.37, Price: $72505.00
2026-03-05 23:03:52 [INFO] No signal (neutral/bearish, flat)
2026-03-05 23:03:52 [INFO] Sleeping for 60 seconds...
2026-03-05 23:04:52 [INFO] Current RSI: 68.29, Price: $72491.00
2026-03-05 23:04:52 [INFO] No signal (neutral/bearish, flat)
2026-03-05 23:04:52 [INFO] Sleeping for 60 seconds...
2026-03-05 23:05:52 [INFO] Current RSI: 68.50, Price: $72527.00
2026-03-05 23:05:52 [INFO] No signal (neutral/bearish, flat)
2026-03-05 23:05:52 [INFO] Sleeping for 60 seconds...
2026-03-05 23:06:52 [INFO] Current RSI: 68.64, Price: $72552.00
2026-03-05 23:06:52 [INFO] No signal (neutral/bearish, flat)
2026-03-05 23:06:52 [INFO] Sleeping for 60 seconds...
2026-03-05 23:07:52 [INFO] Current RSI: 68.44, Price: $72517.00
2026-03-05 23:07:52 [INFO] No signal (neutral/bearish, flat)
2026-03-05 23:07:52 [INFO] Sleeping for 60 seconds...
2026-03-05 23:08:52 [INFO] Current RSI: 67.21, Price: $72301.00
2026-03-05 23:08:52 [INFO] No signal (neutral/bearish, flat)
2026-03-05 23:08:52 [INFO] Sleeping for 60 seconds...
2026-03-05 23:09:52 [INFO] Current RSI: 68.13, Price: $72464.00
2026-03-05 23:09:52 [INFO] No signal (neutral/bearish, flat)
2026-03-05 23:09:52 [INFO] Sleeping for 60 seconds...
2026-03-05 23:10:52 [INFO] Current RSI: 68.25, Price: $72485.00
2026-03-05 23:10:52 [INFO] No signal (neutral/bearish, flat)
2026-03-05 23:10:52 [INFO] Sleeping for 60 seconds...
2026-03-05 23:11:53 [INFO] Current RSI: 68.24, Price: $72482.00
2026-03-05 23:11:53 [INFO] No signal (neutral/bearish, flat)
2026-03-05 23:11:53 [INFO] Sleeping for 60 seconds...
2026-03-05 23:12:53 [INFO] Current RSI: 68.28, Price: $72490.00
2026-03-05 23:12:53 [INFO] No signal (neutral/bearish, flat)
2026-03-05 23:12:53 [INFO] Sleeping for 60 seconds...
2026-03-05 23:13:53 [INFO] Current RSI: 68.62, Price: $72549.00
2026-03-05 23:13:53 [INFO] No signal (neutral/bearish, flat)
2026-03-05 23:13:53 [INFO] Sleeping for 60 seconds...
2026-03-05 23:14:53 [INFO] Current RSI: 68.75, Price: $72571.00
2026-03-05 23:14:53 [INFO] No signal (neutral/bearish, flat)
2026-03-05 23:14:53 [INFO] Sleeping for 60 seconds...
2026-03-05 23:15:53 [INFO] Current RSI: 68.45, Price: $72518.00
2026-03-05 23:15:53 [INFO] No signal (neutral/bearish, flat)
2026-03-05 23:15:53 [INFO] Sleeping for 60 seconds...
2026-03-05 23:16:53 [INFO] Current RSI: 68.34, Price: $72500.00
2026-03-05 23:16:53 [INFO] No signal (neutral/bearish, flat)
2026-03-05 23:16:53 [INFO] Sleeping for 60 seconds...
2026-03-05 23:17:53 [INFO] Current RSI: 67.89, Price: $72422.00
2026-03-05 23:17:53 [INFO] No signal (neutral/bearish, flat)
2026-03-05 23:17:53 [INFO] Sleeping for 60 seconds...
2026-03-05 23:18:53 [INFO] Current RSI: 67.95, Price: $72432.00
2026-03-05 23:18:53 [INFO] No signal (neutral/bearish, flat)
2026-03-05 23:18:53 [INFO] Sleeping for 60 seconds...
2026-03-05 23:19:53 [INFO] Current RSI: 68.04, Price: $72447.00
2026-03-05 23:19:53 [INFO] No signal (neutral/bearish, flat)
2026-03-05 23:19:53 [INFO] Sleeping for 60 seconds...
2026-03-05 23:20:53 [INFO] Current RSI: 68.12, Price: $72461.00
2026-03-05 23:20:53 [INFO] No signal (neutral/bearish, flat)
2026-03-05 23:20:53 [INFO] Sleeping for 60 seconds...
2026-03-05 23:21:53 [INFO] Current RSI: 67.99, Price: $72438.00
2026-03-05 23:21:53 [INFO] No signal (neutral/bearish, flat)
2026-03-05 23:21:53 [INFO] Sleeping for 60 seconds...
2026-03-05 23:22:53 [INFO] Current RSI: 68.17, Price: $72471.00
2026-03-05 23:22:53 [INFO] No signal (neutral/bearish, flat)
2026-03-05 23:22:53 [INFO] Sleeping for 60 seconds...
2026-03-05 23:23:54 [INFO] Current RSI: 68.27, Price: $72487.00
2026-03-05 23:23:54 [INFO] No signal (neutral/bearish, flat)
2026-03-05 23:23:54 [INFO] Sleeping for 60 seconds...
2026-03-05 23:24:54 [INFO] Current RSI: 68.15, Price: $72467.00
2026-03-05 23:24:54 [INFO] No signal (neutral/bearish, flat)
2026-03-05 23:24:54 [INFO] Sleeping for 60 seconds...
2026-03-05 23:25:54 [INFO] Current RSI: 68.64, Price: $72552.00
2026-03-05 23:25:54 [INFO] No signal (neutral/bearish, flat)
2026-03-05 23:25:54 [INFO] Sleeping for 60 seconds...
2026-03-05 23:26:54 [INFO] Current RSI: 68.17, Price: $72470.00
2026-03-05 23:26:54 [INFO] No signal (neutral/bearish, flat)
2026-03-05 23:26:54 [INFO] Sleeping for 60 seconds...
2026-03-05 23:27:54 [INFO] Current RSI: 68.09, Price: $72456.00
2026-03-05 23:27:54 [INFO] No signal (neutral/bearish, flat)
2026-03-05 23:27:54 [INFO] Sleeping for 60 seconds...
2026-03-05 23:28:54 [INFO] Current RSI: 68.29, Price: $72491.00
2026-03-05 23:28:54 [INFO] No signal (neutral/bearish, flat)
2026-03-05 23:28:54 [INFO] Sleeping for 60 seconds...
2026-03-05 23:29:54 [INFO] Current RSI: 68.40, Price: $72511.00
2026-03-05 23:29:54 [INFO] No signal (neutral/bearish, flat)
2026-03-05 23:29:54 [INFO] Sleeping for 60 seconds...
2026-03-05 23:30:54 [INFO] Current RSI: 69.04, Price: $72620.00
2026-03-05 23:30:54 [INFO] No signal (neutral/bearish, flat)
2026-03-05 23:30:54 [INFO] Sleeping for 60 seconds...
2026-03-05 23:31:54 [INFO] Current RSI: 67.32, Price: $72320.00
2026-03-05 23:31:54 [INFO] No signal (neutral/bearish, flat)
2026-03-05 23:31:54 [INFO] Sleeping for 60 seconds...
2026-03-05 23:32:54 [INFO] Current RSI: 67.79, Price: $72403.00
2026-03-05 23:32:54 [INFO] No signal (neutral/bearish, flat)
2026-03-05 23:32:54 [INFO] Sleeping for 60 seconds...
2026-03-05 23:33:54 [INFO] Current RSI: 69.06, Price: $72623.00
2026-03-05 23:33:54 [INFO] No signal (neutral/bearish, flat)
2026-03-05 23:33:54 [INFO] Sleeping for 60 seconds...
2026-03-05 23:34:55 [INFO] Current RSI: 69.12, Price: $72633.00
2026-03-05 23:34:55 [INFO] No signal (neutral/bearish, flat)
2026-03-05 23:34:55 [INFO] Sleeping for 60 seconds...
2026-03-05 23:35:55 [INFO] Current RSI: 68.96, Price: $72607.00
2026-03-05 23:35:55 [INFO] No signal (neutral/bearish, flat)
2026-03-05 23:35:55 [INFO] Sleeping for 60 seconds...
2026-03-05 23:36:55 [INFO] Current RSI: 69.10, Price: $72630.00
2026-03-05 23:36:55 [INFO] No signal (neutral/bearish, flat)
2026-03-05 23:36:55 [INFO] Sleeping for 60 seconds...
2026-03-05 23:37:55 [INFO] Current RSI: 68.46, Price: $72521.00
2026-03-05 23:37:55 [INFO] No signal (neutral/bearish, flat)
2026-03-05 23:37:55 [INFO] Sleeping for 60 seconds...
2026-03-05 23:38:55 [INFO] Current RSI: 69.02, Price: $72616.00
2026-03-05 23:38:55 [INFO] No signal (neutral/bearish, flat)
2026-03-05 23:38:55 [INFO] Sleeping for 60 seconds...
2026-03-05 23:39:55 [INFO] Current RSI: 66.27, Price: $72130.00
2026-03-05 23:39:55 [INFO] No signal (neutral/bearish, flat)
2026-03-05 23:39:55 [INFO] Sleeping for 60 seconds...
2026-03-05 23:40:55 [INFO] Current RSI: 66.50, Price: $72171.00
2026-03-05 23:40:55 [INFO] No signal (neutral/bearish, flat)
2026-03-05 23:40:55 [INFO] Sleeping for 60 seconds...
2026-03-05 23:41:55 [INFO] Current RSI: 66.26, Price: $72127.00
2026-03-05 23:41:55 [INFO] No signal (neutral/bearish, flat)
2026-03-05 23:41:55 [INFO] Sleeping for 60 seconds...
2026-03-05 23:42:55 [INFO] Current RSI: 66.31, Price: $72137.00
2026-03-05 23:42:55 [INFO] No signal (neutral/bearish, flat)
2026-03-05 23:42:55 [INFO] Sleeping for 60 seconds...
2026-03-05 23:43:55 [INFO] Current RSI: 65.72, Price: $72027.00
2026-03-05 23:43:55 [INFO] No signal (neutral/bearish, flat)
2026-03-05 23:43:55 [INFO] Sleeping for 60 seconds...
2026-03-05 23:44:55 [INFO] Current RSI: 65.38, Price: $71963.00
2026-03-05 23:44:55 [INFO] No signal (neutral/bearish, flat)
2026-03-05 23:44:55 [INFO] Sleeping for 60 seconds...
2026-03-05 23:45:56 [INFO] Current RSI: 65.32, Price: $71951.00
2026-03-05 23:45:56 [INFO] No signal (neutral/bearish, flat)
2026-03-05 23:45:56 [INFO] Sleeping for 60 seconds...
2026-03-05 23:46:56 [INFO] Current RSI: 65.89, Price: $72059.00
2026-03-05 23:46:56 [INFO] No signal (neutral/bearish, flat)
2026-03-05 23:46:56 [INFO] Sleeping for 60 seconds...
2026-03-05 23:47:56 [INFO] Current RSI: 66.36, Price: $72146.00
2026-03-05 23:47:56 [INFO] No signal (neutral/bearish, flat)
2026-03-05 23:47:56 [INFO] Sleeping for 60 seconds...
2026-03-05 23:48:56 [INFO] Current RSI: 66.88, Price: $72241.00
2026-03-05 23:48:56 [INFO] No signal (neutral/bearish, flat)
2026-03-05 23:48:56 [INFO] Sleeping for 60 seconds...
2026-03-05 23:49:56 [INFO] Current RSI: 66.05, Price: $72089.00
2026-03-05 23:49:56 [INFO] No signal (neutral/bearish, flat)
2026-03-05 23:49:56 [INFO] Sleeping for 60 seconds...
2026-03-05 23:50:56 [INFO] Current RSI: 66.67, Price: $72202.00
2026-03-05 23:50:56 [INFO] No signal (neutral/bearish, flat)
2026-03-05 23:50:56 [INFO] Sleeping for 60 seconds...
2026-03-05 23:51:56 [INFO] Current RSI: 67.96, Price: $72434.00
2026-03-05 23:51:56 [INFO] No signal (neutral/bearish, flat)
2026-03-05 23:51:56 [INFO] Sleeping for 60 seconds...
2026-03-05 23:52:56 [INFO] Current RSI: 67.31, Price: $72318.00
2026-03-05 23:52:56 [INFO] No signal (neutral/bearish, flat)
2026-03-05 23:52:56 [INFO] Sleeping for 60 seconds...
2026-03-05 23:53:56 [INFO] Current RSI: 68.11, Price: $72460.00
2026-03-05 23:53:56 [INFO] No signal (neutral/bearish, flat)
2026-03-05 23:53:56 [INFO] Sleeping for 60 seconds...
2026-03-05 23:54:56 [INFO] Current RSI: 68.03, Price: $72445.00
2026-03-05 23:54:56 [INFO] No signal (neutral/bearish, flat)
2026-03-05 23:54:56 [INFO] Sleeping for 60 seconds...
2026-03-05 23:55:56 [INFO] Current RSI: 68.38, Price: $72506.00
2026-03-05 23:55:56 [INFO] No signal (neutral/bearish, flat)
2026-03-05 23:55:56 [INFO] Sleeping for 60 seconds...
2026-03-05 23:56:56 [INFO] Current RSI: 67.72, Price: $72391.00
2026-03-05 23:56:56 [INFO] No signal (neutral/bearish, flat)
2026-03-05 23:56:56 [INFO] Sleeping for 60 seconds...
2026-03-05 23:57:56 [INFO] Current RSI: 68.14, Price: $72465.00
2026-03-05 23:57:56 [INFO] No signal (neutral/bearish, flat)
2026-03-05 23:57:56 [INFO] Sleeping for 60 seconds...
2026-03-05 23:58:56 [INFO] Current RSI: 69.10, Price: $72630.00
2026-03-05 23:58:56 [INFO] No signal (neutral/bearish, flat)
2026-03-05 23:58:56 [INFO] Sleeping for 60 seconds...
2026-03-05 23:59:56 [INFO] Current RSI: 68.69, Price: $72560.00
2026-03-05 23:59:56 [INFO] No signal (neutral/bearish, flat)
2026-03-05 23:59:56 [INFO] Sleeping for 60 seconds...
2026-03-06 00:00:56 [INFO] Current RSI: 69.62, Price: $72718.00
2026-03-06 00:00:56 [INFO] No signal (neutral/bearish, flat)
2026-03-06 00:00:56 [INFO] Sleeping for 60 seconds...
2026-03-06 00:01:57 [INFO] Current RSI: 68.59, Price: $72543.00
2026-03-06 00:01:57 [INFO] No signal (neutral/bearish, flat)
2026-03-06 00:01:57 [INFO] Sleeping for 60 seconds...
2026-03-06 00:02:57 [INFO] Current RSI: 68.40, Price: $72510.00
2026-03-06 00:02:57 [INFO] No signal (neutral/bearish, flat)
2026-03-06 00:02:57 [INFO] Sleeping for 60 seconds...
2026-03-06 00:03:57 [INFO] Current RSI: 67.77, Price: $72400.00
2026-03-06 00:03:57 [INFO] No signal (neutral/bearish, flat)
2026-03-06 00:03:57 [INFO] Sleeping for 60 seconds...
2026-03-06 00:04:57 [INFO] Current RSI: 66.77, Price: $72221.00
2026-03-06 00:04:57 [INFO] No signal (neutral/bearish, flat)
2026-03-06 00:04:57 [INFO] Sleeping for 60 seconds...
2026-03-06 00:05:57 [INFO] Current RSI: 66.62, Price: $72193.00
2026-03-06 00:05:57 [INFO] No signal (neutral/bearish, flat)
2026-03-06 00:05:57 [INFO] Sleeping for 60 seconds...
2026-03-06 00:06:57 [INFO] Current RSI: 66.45, Price: $72163.00
2026-03-06 00:06:57 [INFO] No signal (neutral/bearish, flat)
2026-03-06 00:06:57 [INFO] Sleeping for 60 seconds...
2026-03-06 00:07:57 [INFO] Current RSI: 65.58, Price: $72000.00
2026-03-06 00:07:57 [INFO] No signal (neutral/bearish, flat)
2026-03-06 00:07:57 [INFO] Sleeping for 60 seconds...
2026-03-06 00:08:57 [INFO] Current RSI: 64.34, Price: $71762.00
2026-03-06 00:08:57 [INFO] No signal (neutral/bearish, flat)
2026-03-06 00:08:57 [INFO] Sleeping for 60 seconds...
2026-03-06 00:09:57 [INFO] Current RSI: 64.52, Price: $71798.00
2026-03-06 00:09:57 [INFO] No signal (neutral/bearish, flat)
2026-03-06 00:09:57 [INFO] Sleeping for 60 seconds...
2026-03-06 00:10:57 [INFO] Current RSI: 64.36, Price: $71766.00
2026-03-06 00:10:57 [INFO] No signal (neutral/bearish, flat)
2026-03-06 00:10:57 [INFO] Sleeping for 60 seconds...
2026-03-06 00:11:57 [INFO] Current RSI: 63.40, Price: $71576.00
2026-03-06 00:11:57 [INFO] No signal (neutral/bearish, flat)
2026-03-06 00:11:57 [INFO] Sleeping for 60 seconds...
2026-03-06 00:12:57 [INFO] Current RSI: 63.62, Price: $71619.00
2026-03-06 00:12:57 [INFO] No signal (neutral/bearish, flat)
2026-03-06 00:12:57 [INFO] Sleeping for 60 seconds...
2026-03-06 00:13:57 [INFO] Current RSI: 64.54, Price: $71802.00
2026-03-06 00:13:57 [INFO] No signal (neutral/bearish, flat)
2026-03-06 00:13:57 [INFO] Sleeping for 60 seconds...
2026-03-06 00:14:58 [INFO] Current RSI: 64.26, Price: $71746.00
2026-03-06 00:14:58 [INFO] No signal (neutral/bearish, flat)
2026-03-06 00:14:58 [INFO] Sleeping for 60 seconds...
2026-03-06 00:15:58 [INFO] Current RSI: 64.46, Price: $71786.00
2026-03-06 00:15:58 [INFO] No signal (neutral/bearish, flat)
2026-03-06 00:15:58 [INFO] Sleeping for 60 seconds...
2026-03-06 00:16:58 [INFO] Current RSI: 63.65, Price: $71625.00
2026-03-06 00:16:58 [INFO] No signal (neutral/bearish, flat)
2026-03-06 00:16:58 [INFO] Sleeping for 60 seconds...
2026-03-06 00:17:58 [INFO] Current RSI: 63.76, Price: $71647.00
2026-03-06 00:17:58 [INFO] No signal (neutral/bearish, flat)
2026-03-06 00:17:58 [INFO] Sleeping for 60 seconds...
2026-03-06 00:18:58 [INFO] Current RSI: 63.60, Price: $71616.00
2026-03-06 00:18:58 [INFO] No signal (neutral/bearish, flat)
2026-03-06 00:18:58 [INFO] Sleeping for 60 seconds...
2026-03-06 00:19:58 [INFO] Current RSI: 63.69, Price: $71633.00
2026-03-06 00:19:58 [INFO] No signal (neutral/bearish, flat)
2026-03-06 00:19:58 [INFO] Sleeping for 60 seconds...
2026-03-06 00:20:58 [INFO] Current RSI: 64.00, Price: $71696.00
2026-03-06 00:20:58 [INFO] No signal (neutral/bearish, flat)
2026-03-06 00:20:58 [INFO] Sleeping for 60 seconds...
2026-03-06 00:21:58 [INFO] Current RSI: 63.63, Price: $71622.00
2026-03-06 00:21:58 [INFO] No signal (neutral/bearish, flat)
2026-03-06 00:21:58 [INFO] Sleeping for 60 seconds...
2026-03-06 00:22:58 [INFO] Current RSI: 63.22, Price: $71538.00
2026-03-06 00:22:58 [INFO] No signal (neutral/bearish, flat)
2026-03-06 00:22:58 [INFO] Sleeping for 60 seconds...
2026-03-06 00:23:58 [INFO] Current RSI: 63.35, Price: $71565.00
2026-03-06 00:23:58 [INFO] No signal (neutral/bearish, flat)
2026-03-06 00:23:58 [INFO] Sleeping for 60 seconds...
2026-03-06 00:24:58 [INFO] Current RSI: 63.03, Price: $71501.00
2026-03-06 00:24:58 [INFO] No signal (neutral/bearish, flat)
2026-03-06 00:24:58 [INFO] Sleeping for 60 seconds...
2026-03-06 00:25:58 [INFO] Current RSI: 62.81, Price: $71456.00
2026-03-06 00:25:58 [INFO] No signal (neutral/bearish, flat)
2026-03-06 00:25:58 [INFO] Sleeping for 60 seconds...
2026-03-06 00:26:59 [INFO] Current RSI: 62.27, Price: $71344.00
2026-03-06 00:26:59 [INFO] No signal (neutral/bearish, flat)
2026-03-06 00:26:59 [INFO] Sleeping for 60 seconds...
2026-03-06 00:27:59 [INFO] Current RSI: 62.09, Price: $71306.00
2026-03-06 00:27:59 [INFO] No signal (neutral/bearish, flat)
2026-03-06 00:27:59 [INFO] Sleeping for 60 seconds...
2026-03-06 00:28:59 [INFO] Current RSI: 61.77, Price: $71238.00
2026-03-06 00:28:59 [INFO] No signal (neutral/bearish, flat)
2026-03-06 00:28:59 [INFO] Sleeping for 60 seconds...
2026-03-06 00:29:59 [INFO] Current RSI: 61.85, Price: $71254.00
2026-03-06 00:29:59 [INFO] No signal (neutral/bearish, flat)
2026-03-06 00:29:59 [INFO] Sleeping for 60 seconds...
2026-03-06 00:30:59 [INFO] Current RSI: 61.56, Price: $71193.00
2026-03-06 00:30:59 [INFO] No signal (neutral/bearish, flat)
2026-03-06 00:30:59 [INFO] Sleeping for 60 seconds...
2026-03-06 00:31:59 [INFO] Current RSI: 61.51, Price: $71183.00
2026-03-06 00:31:59 [INFO] No signal (neutral/bearish, flat)
2026-03-06 00:31:59 [INFO] Sleeping for 60 seconds...
2026-03-06 00:32:59 [INFO] Current RSI: 61.86, Price: $71256.00
2026-03-06 00:32:59 [INFO] No signal (neutral/bearish, flat)
2026-03-06 00:32:59 [INFO] Sleeping for 60 seconds...
2026-03-06 00:33:59 [INFO] Current RSI: 62.36, Price: $71363.00
2026-03-06 00:33:59 [INFO] No signal (neutral/bearish, flat)
2026-03-06 00:33:59 [INFO] Sleeping for 60 seconds...
2026-03-06 00:34:59 [INFO] Current RSI: 62.00, Price: $71287.00
2026-03-06 00:34:59 [INFO] No signal (neutral/bearish, flat)
2026-03-06 00:34:59 [INFO] Sleeping for 60 seconds...
2026-03-06 00:35:59 [INFO] Current RSI: 61.95, Price: $71275.00
2026-03-06 00:35:59 [INFO] No signal (neutral/bearish, flat)
2026-03-06 00:35:59 [INFO] Sleeping for 60 seconds...
2026-03-06 00:36:59 [INFO] Current RSI: 62.29, Price: $71348.00
2026-03-06 00:36:59 [INFO] No signal (neutral/bearish, flat)
2026-03-06 00:36:59 [INFO] Sleeping for 60 seconds...
2026-03-06 00:37:59 [INFO] Current RSI: 62.46, Price: $71382.00
2026-03-06 00:37:59 [INFO] No signal (neutral/bearish, flat)
2026-03-06 00:37:59 [INFO] Sleeping for 60 seconds...
2026-03-06 00:39:00 [INFO] Current RSI: 63.02, Price: $71498.00
2026-03-06 00:39:00 [INFO] No signal (neutral/bearish, flat)
2026-03-06 00:39:00 [INFO] Sleeping for 60 seconds...
2026-03-06 00:40:00 [INFO] Current RSI: 63.47, Price: $71590.00
2026-03-06 00:40:00 [INFO] No signal (neutral/bearish, flat)
2026-03-06 00:40:00 [INFO] Sleeping for 60 seconds...
2026-03-06 00:41:00 [INFO] Current RSI: 62.64, Price: $71421.00
2026-03-06 00:41:00 [INFO] No signal (neutral/bearish, flat)
2026-03-06 00:41:00 [INFO] Sleeping for 60 seconds...
2026-03-06 00:42:00 [INFO] Current RSI: 62.65, Price: $71423.00
2026-03-06 00:42:00 [INFO] No signal (neutral/bearish, flat)
2026-03-06 00:42:00 [INFO] Sleeping for 60 seconds...
2026-03-06 00:43:00 [INFO] Current RSI: 62.76, Price: $71445.00
2026-03-06 00:43:00 [INFO] No signal (neutral/bearish, flat)
2026-03-06 00:43:00 [INFO] Sleeping for 60 seconds...
2026-03-06 00:44:00 [INFO] Current RSI: 62.48, Price: $71388.00
2026-03-06 00:44:00 [INFO] No signal (neutral/bearish, flat)
2026-03-06 00:44:00 [INFO] Sleeping for 60 seconds...
2026-03-06 00:45:00 [INFO] Current RSI: 62.65, Price: $71422.00
2026-03-06 00:45:00 [INFO] No signal (neutral/bearish, flat)
2026-03-06 00:45:00 [INFO] Sleeping for 60 seconds...
2026-03-06 00:46:00 [INFO] Current RSI: 62.83, Price: $71459.00
2026-03-06 00:46:00 [INFO] No signal (neutral/bearish, flat)
2026-03-06 00:46:00 [INFO] Sleeping for 60 seconds...
2026-03-06 00:47:00 [INFO] Current RSI: 62.47, Price: $71386.00
2026-03-06 00:47:00 [INFO] No signal (neutral/bearish, flat)
2026-03-06 00:47:00 [INFO] Sleeping for 60 seconds...
2026-03-06 00:48:00 [INFO] Current RSI: 62.36, Price: $71362.00
2026-03-06 00:48:00 [INFO] No signal (neutral/bearish, flat)
2026-03-06 00:48:00 [INFO] Sleeping for 60 seconds...
2026-03-06 00:49:01 [INFO] Current RSI: 62.49, Price: $71390.00
2026-03-06 00:49:01 [INFO] No signal (neutral/bearish, flat)
2026-03-06 00:49:01 [INFO] Sleeping for 60 seconds...
2026-03-06 00:50:01 [INFO] Current RSI: 62.15, Price: $71319.00
2026-03-06 00:50:01 [INFO] No signal (neutral/bearish, flat)
2026-03-06 00:50:01 [INFO] Sleeping for 60 seconds...
2026-03-06 00:51:01 [INFO] Current RSI: 62.47, Price: $71384.00
2026-03-06 00:51:01 [INFO] No signal (neutral/bearish, flat)
2026-03-06 00:51:01 [INFO] Sleeping for 60 seconds...
2026-03-06 00:52:01 [INFO] Current RSI: 63.47, Price: $71589.00
2026-03-06 00:52:01 [INFO] No signal (neutral/bearish, flat)
2026-03-06 00:52:01 [INFO] Sleeping for 60 seconds...
2026-03-06 00:53:01 [INFO] Current RSI: 63.43, Price: $71582.00
2026-03-06 00:53:01 [INFO] No signal (neutral/bearish, flat)
2026-03-06 00:53:01 [INFO] Sleeping for 60 seconds...
2026-03-06 00:54:01 [INFO] Current RSI: 63.86, Price: $71668.00
2026-03-06 00:54:01 [INFO] No signal (neutral/bearish, flat)
2026-03-06 00:54:01 [INFO] Sleeping for 60 seconds...
2026-03-06 00:55:01 [INFO] Current RSI: 63.91, Price: $71677.00
2026-03-06 00:55:01 [INFO] No signal (neutral/bearish, flat)
2026-03-06 00:55:01 [INFO] Sleeping for 60 seconds...
2026-03-06 00:56:01 [INFO] Current RSI: 63.27, Price: $71549.00
2026-03-06 00:56:01 [INFO] No signal (neutral/bearish, flat)
2026-03-06 00:56:01 [INFO] Sleeping for 60 seconds...
2026-03-06 00:57:02 [INFO] Current RSI: 62.77, Price: $71447.00
2026-03-06 00:57:02 [INFO] No signal (neutral/bearish, flat)
2026-03-06 00:57:02 [INFO] Sleeping for 60 seconds...
2026-03-06 00:58:02 [INFO] Current RSI: 63.13, Price: $71521.00
2026-03-06 00:58:02 [INFO] No signal (neutral/bearish, flat)
2026-03-06 00:58:02 [INFO] Sleeping for 60 seconds...
2026-03-06 00:59:02 [INFO] Current RSI: 63.13, Price: $71521.00
2026-03-06 00:59:02 [INFO] No signal (neutral/bearish, flat)
2026-03-06 00:59:02 [INFO] Sleeping for 60 seconds...
2026-03-06 01:00:02 [INFO] Current RSI: 69.83, Price: $71617.00
2026-03-06 01:00:02 [INFO] No signal (neutral/bearish, flat)
2026-03-06 01:00:02 [INFO] Sleeping for 60 seconds...
2026-03-06 01:01:02 [INFO] Current RSI: 69.36, Price: $71539.00
2026-03-06 01:01:02 [INFO] No signal (neutral/bearish, flat)
2026-03-06 01:01:02 [INFO] Sleeping for 60 seconds...
2026-03-06 01:02:02 [INFO] Current RSI: 68.89, Price: $71459.00
2026-03-06 01:02:02 [INFO] No signal (neutral/bearish, flat)
2026-03-06 01:02:02 [INFO] Sleeping for 60 seconds...
2026-03-06 01:03:02 [INFO] Current RSI: 68.32, Price: $71361.00
2026-03-06 01:03:02 [INFO] No signal (neutral/bearish, flat)
2026-03-06 01:03:02 [INFO] Sleeping for 60 seconds...
2026-03-06 01:04:02 [INFO] Current RSI: 68.40, Price: $71375.00
2026-03-06 01:04:02 [INFO] No signal (neutral/bearish, flat)
2026-03-06 01:04:02 [INFO] Sleeping for 60 seconds...
2026-03-06 01:05:02 [INFO] Current RSI: 67.97, Price: $71300.00
2026-03-06 01:05:02 [INFO] No signal (neutral/bearish, flat)
2026-03-06 01:05:02 [INFO] Sleeping for 60 seconds...
2026-03-06 01:06:02 [INFO] Current RSI: 67.41, Price: $71201.00
2026-03-06 01:06:02 [INFO] No signal (neutral/bearish, flat)
2026-03-06 01:06:02 [INFO] Sleeping for 60 seconds...
2026-03-06 01:07:02 [INFO] Current RSI: 66.76, Price: $71083.00
2026-03-06 01:07:02 [INFO] No signal (neutral/bearish, flat)
2026-03-06 01:07:02 [INFO] Sleeping for 60 seconds...
2026-03-06 01:08:02 [INFO] Current RSI: 66.68, Price: $71069.00
2026-03-06 01:08:02 [INFO] No signal (neutral/bearish, flat)
2026-03-06 01:08:02 [INFO] Sleeping for 60 seconds...
2026-03-06 01:09:02 [INFO] Current RSI: 65.87, Price: $70919.00
2026-03-06 01:09:02 [INFO] No signal (neutral/bearish, flat)
2026-03-06 01:09:02 [INFO] Sleeping for 60 seconds...
2026-03-06 01:10:02 [INFO] Current RSI: 65.38, Price: $70827.00
2026-03-06 01:10:02 [INFO] No signal (neutral/bearish, flat)
2026-03-06 01:10:02 [INFO] Sleeping for 60 seconds...
2026-03-06 01:11:03 [INFO] Current RSI: 65.26, Price: $70803.00
2026-03-06 01:11:03 [INFO] No signal (neutral/bearish, flat)
2026-03-06 01:11:03 [INFO] Sleeping for 60 seconds...
2026-03-06 01:12:03 [INFO] Current RSI: 65.43, Price: $70837.00
2026-03-06 01:12:03 [INFO] No signal (neutral/bearish, flat)
2026-03-06 01:12:03 [INFO] Sleeping for 60 seconds...
2026-03-06 01:13:03 [INFO] Current RSI: 65.75, Price: $70896.00
2026-03-06 01:13:03 [INFO] No signal (neutral/bearish, flat)
2026-03-06 01:13:03 [INFO] Sleeping for 60 seconds...
2026-03-06 01:14:03 [INFO] Current RSI: 66.26, Price: $70991.00
2026-03-06 01:14:03 [INFO] No signal (neutral/bearish, flat)
2026-03-06 01:14:03 [INFO] Sleeping for 60 seconds...
2026-03-06 01:15:03 [INFO] Current RSI: 66.19, Price: $70979.00
2026-03-06 01:15:03 [INFO] No signal (neutral/bearish, flat)
2026-03-06 01:15:03 [INFO] Sleeping for 60 seconds...
2026-03-06 01:16:03 [INFO] Current RSI: 66.17, Price: $70974.00
2026-03-06 01:16:03 [INFO] No signal (neutral/bearish, flat)
2026-03-06 01:16:03 [INFO] Sleeping for 60 seconds...
2026-03-06 01:17:03 [INFO] Current RSI: 66.24, Price: $70988.00
2026-03-06 01:17:03 [INFO] No signal (neutral/bearish, flat)
2026-03-06 01:17:03 [INFO] Sleeping for 60 seconds...
2026-03-06 01:18:03 [INFO] Current RSI: 65.89, Price: $70922.00
2026-03-06 01:18:03 [INFO] No signal (neutral/bearish, flat)
2026-03-06 01:18:03 [INFO] Sleeping for 60 seconds...
2026-03-06 01:19:03 [INFO] Current RSI: 65.88, Price: $70921.00
2026-03-06 01:19:03 [INFO] No signal (neutral/bearish, flat)
2026-03-06 01:19:03 [INFO] Sleeping for 60 seconds...
2026-03-06 01:20:04 [INFO] Current RSI: 65.68, Price: $70884.00
2026-03-06 01:20:04 [INFO] No signal (neutral/bearish, flat)
2026-03-06 01:20:04 [INFO] Sleeping for 60 seconds...
2026-03-06 01:21:04 [INFO] Current RSI: 65.74, Price: $70895.00
2026-03-06 01:21:04 [INFO] No signal (neutral/bearish, flat)
2026-03-06 01:21:04 [INFO] Sleeping for 60 seconds...
2026-03-06 01:22:04 [INFO] Current RSI: 66.07, Price: $70957.00
2026-03-06 01:22:04 [INFO] No signal (neutral/bearish, flat)
2026-03-06 01:22:04 [INFO] Sleeping for 60 seconds...
2026-03-06 01:23:04 [INFO] Current RSI: 66.62, Price: $71058.00
2026-03-06 01:23:04 [INFO] No signal (neutral/bearish, flat)
2026-03-06 01:23:04 [INFO] Sleeping for 60 seconds...
2026-03-06 01:24:04 [INFO] Current RSI: 65.97, Price: $70937.00
2026-03-06 01:24:04 [INFO] No signal (neutral/bearish, flat)
2026-03-06 01:24:04 [INFO] Sleeping for 60 seconds...
2026-03-06 01:25:04 [INFO] Current RSI: 66.27, Price: $70994.00
2026-03-06 01:25:04 [INFO] No signal (neutral/bearish, flat)
2026-03-06 01:25:04 [INFO] Sleeping for 60 seconds...
2026-03-06 01:26:04 [INFO] Current RSI: 66.62, Price: $71057.00
2026-03-06 01:26:04 [INFO] No signal (neutral/bearish, flat)
2026-03-06 01:26:04 [INFO] Sleeping for 60 seconds...
2026-03-06 01:27:04 [INFO] Current RSI: 66.43, Price: $71023.00
2026-03-06 01:27:04 [INFO] No signal (neutral/bearish, flat)
2026-03-06 01:27:04 [INFO] Sleeping for 60 seconds...
2026-03-06 01:28:05 [INFO] Current RSI: 66.55, Price: $71045.00
2026-03-06 01:28:05 [INFO] No signal (neutral/bearish, flat)
2026-03-06 01:28:05 [INFO] Sleeping for 60 seconds...
2026-03-06 01:29:05 [INFO] Current RSI: 66.38, Price: $71013.00
2026-03-06 01:29:05 [INFO] No signal (neutral/bearish, flat)
2026-03-06 01:29:05 [INFO] Sleeping for 60 seconds...
2026-03-06 01:30:05 [INFO] Current RSI: 66.19, Price: $70978.00
2026-03-06 01:30:05 [INFO] No signal (neutral/bearish, flat)
2026-03-06 01:30:05 [INFO] Sleeping for 60 seconds...
2026-03-06 01:31:05 [INFO] Current RSI: 66.54, Price: $71043.00
2026-03-06 01:31:05 [INFO] No signal (neutral/bearish, flat)
2026-03-06 01:31:05 [INFO] Sleeping for 60 seconds...
2026-03-06 01:32:05 [INFO] Current RSI: 66.95, Price: $71118.00
2026-03-06 01:32:05 [INFO] No signal (neutral/bearish, flat)
2026-03-06 01:32:05 [INFO] Sleeping for 60 seconds...
2026-03-06 01:33:05 [INFO] Current RSI: 67.23, Price: $71168.00
2026-03-06 01:33:05 [INFO] No signal (neutral/bearish, flat)
2026-03-06 01:33:05 [INFO] Sleeping for 60 seconds...
2026-03-06 01:34:05 [INFO] Current RSI: 66.80, Price: $71091.00
2026-03-06 01:34:05 [INFO] No signal (neutral/bearish, flat)
2026-03-06 01:34:05 [INFO] Sleeping for 60 seconds...
2026-03-06 01:35:05 [INFO] Current RSI: 67.02, Price: $71130.00
2026-03-06 01:35:05 [INFO] No signal (neutral/bearish, flat)
2026-03-06 01:35:05 [INFO] Sleeping for 60 seconds...
2026-03-06 01:36:05 [INFO] Current RSI: 67.19, Price: $71161.00
2026-03-06 01:36:05 [INFO] No signal (neutral/bearish, flat)
2026-03-06 01:36:05 [INFO] Sleeping for 60 seconds...
2026-03-06 01:37:05 [INFO] Current RSI: 68.05, Price: $71314.00
2026-03-06 01:37:05 [INFO] No signal (neutral/bearish, flat)
2026-03-06 01:37:05 [INFO] Sleeping for 60 seconds...
2026-03-06 01:38:05 [INFO] Current RSI: 68.09, Price: $71320.00
2026-03-06 01:38:05 [INFO] No signal (neutral/bearish, flat)
2026-03-06 01:38:05 [INFO] Sleeping for 60 seconds...
2026-03-06 01:39:05 [INFO] Current RSI: 68.22, Price: $71343.00
2026-03-06 01:39:05 [INFO] No signal (neutral/bearish, flat)
2026-03-06 01:39:05 [INFO] Sleeping for 60 seconds...
2026-03-06 01:40:05 [INFO] Current RSI: 68.78, Price: $71439.00
2026-03-06 01:40:05 [INFO] No signal (neutral/bearish, flat)
2026-03-06 01:40:05 [INFO] Sleeping for 60 seconds...
2026-03-06 01:41:05 [INFO] Current RSI: 69.08, Price: $71491.00
2026-03-06 01:41:05 [INFO] No signal (neutral/bearish, flat)
2026-03-06 01:41:05 [INFO] Sleeping for 60 seconds...
2026-03-06 01:42:05 [INFO] Current RSI: 68.47, Price: $71387.00
2026-03-06 01:42:05 [INFO] No signal (neutral/bearish, flat)
2026-03-06 01:42:05 [INFO] Sleeping for 60 seconds...
2026-03-06 01:43:05 [INFO] Current RSI: 68.12, Price: $71326.00
2026-03-06 01:43:05 [INFO] No signal (neutral/bearish, flat)
2026-03-06 01:43:05 [INFO] Sleeping for 60 seconds...
2026-03-06 01:44:05 [INFO] Current RSI: 68.38, Price: $71370.00
2026-03-06 01:44:05 [INFO] No signal (neutral/bearish, flat)
2026-03-06 01:44:05 [INFO] Sleeping for 60 seconds...
2026-03-06 01:45:06 [INFO] Current RSI: 68.22, Price: $71343.00
2026-03-06 01:45:06 [INFO] No signal (neutral/bearish, flat)
2026-03-06 01:45:06 [INFO] Sleeping for 60 seconds...
2026-03-06 01:46:06 [INFO] Current RSI: 68.17, Price: $71334.00
2026-03-06 01:46:06 [INFO] No signal (neutral/bearish, flat)
2026-03-06 01:46:06 [INFO] Sleeping for 60 seconds...
2026-03-06 01:47:06 [INFO] Current RSI: 68.15, Price: $71331.00
2026-03-06 01:47:06 [INFO] No signal (neutral/bearish, flat)
2026-03-06 01:47:06 [INFO] Sleeping for 60 seconds...
2026-03-06 01:48:06 [INFO] Current RSI: 68.31, Price: $71358.00
2026-03-06 01:48:06 [INFO] No signal (neutral/bearish, flat)
2026-03-06 01:48:06 [INFO] Sleeping for 60 seconds...
2026-03-06 01:49:06 [INFO] Current RSI: 68.03, Price: $71309.00
2026-03-06 01:49:06 [INFO] No signal (neutral/bearish, flat)
2026-03-06 01:49:06 [INFO] Sleeping for 60 seconds...
2026-03-06 01:50:06 [INFO] Current RSI: 68.05, Price: $71313.00
2026-03-06 01:50:06 [INFO] No signal (neutral/bearish, flat)
2026-03-06 01:50:06 [INFO] Sleeping for 60 seconds...
2026-03-06 01:51:06 [INFO] Current RSI: 68.16, Price: $71333.00
2026-03-06 01:51:06 [INFO] No signal (neutral/bearish, flat)
2026-03-06 01:51:06 [INFO] Sleeping for 60 seconds...
2026-03-06 01:52:06 [INFO] Current RSI: 67.72, Price: $71256.00
2026-03-06 01:52:06 [INFO] No signal (neutral/bearish, flat)
2026-03-06 01:52:06 [INFO] Sleeping for 60 seconds...
2026-03-06 01:53:06 [INFO] Current RSI: 67.38, Price: $71195.00
2026-03-06 01:53:06 [INFO] No signal (neutral/bearish, flat)
2026-03-06 01:53:06 [INFO] Sleeping for 60 seconds...
2026-03-06 01:54:06 [INFO] Current RSI: 67.46, Price: $71209.00
2026-03-06 01:54:06 [INFO] No signal (neutral/bearish, flat)
2026-03-06 01:54:06 [INFO] Sleeping for 60 seconds...
2026-03-06 01:55:06 [INFO] Current RSI: 67.63, Price: $71240.00
2026-03-06 01:55:06 [INFO] No signal (neutral/bearish, flat)
2026-03-06 01:55:06 [INFO] Sleeping for 60 seconds...
2026-03-06 01:56:06 [INFO] Current RSI: 67.91, Price: $71288.00
2026-03-06 01:56:06 [INFO] No signal (neutral/bearish, flat)
2026-03-06 01:56:06 [INFO] Sleeping for 60 seconds...
2026-03-06 01:57:06 [INFO] Current RSI: 68.07, Price: $71317.00
2026-03-06 01:57:06 [INFO] No signal (neutral/bearish, flat)
2026-03-06 01:57:06 [INFO] Sleeping for 60 seconds...
2026-03-06 01:58:06 [INFO] Current RSI: 68.07, Price: $71317.00
2026-03-06 01:58:06 [INFO] No signal (neutral/bearish, flat)
2026-03-06 01:58:06 [INFO] Sleeping for 60 seconds...
2026-03-06 01:59:07 [INFO] Current RSI: 67.85, Price: $71278.00
2026-03-06 01:59:07 [INFO] No signal (neutral/bearish, flat)
2026-03-06 01:59:07 [INFO] Sleeping for 60 seconds...
2026-03-06 02:00:07 [INFO] Current RSI: 67.78, Price: $71266.00
2026-03-06 02:00:07 [INFO] No signal (neutral/bearish, flat)
2026-03-06 02:00:07 [INFO] Sleeping for 60 seconds...
2026-03-06 02:01:08 [INFO] Current RSI: 67.99, Price: $71303.00
2026-03-06 02:01:08 [INFO] No signal (neutral/bearish, flat)
2026-03-06 02:01:08 [INFO] Sleeping for 60 seconds...
2026-03-06 02:02:08 [INFO] Current RSI: 68.27, Price: $71352.00
2026-03-06 02:02:08 [INFO] No signal (neutral/bearish, flat)
2026-03-06 02:02:08 [INFO] Sleeping for 60 seconds...
2026-03-06 02:02:45 [INFO] Trading loop stopped by user
2026-03-06 02:02:46 [INFO] Trader stopped by user
2026-03-06 02:02:46 [INFO] Test message: Trader is running
2026-03-06 02:02:46 [INFO] DEBUG: Starting live trading mode...
2026-03-06 02:02:47 [INFO] Live trading 有効化: env=mainnet, address=0x8455b70a5a0d942eb9a1598a0e9e1214a3b31b55
2026-03-06 02:02:47 [INFO] Initialized trader for BTC with 4h timeframe
2026-03-06 02:02:47 [INFO] RSI settings: period=14, overbought=70, oversold=30
2026-03-06 02:02:47 [INFO] Trader initialized successfully
2026-03-06 02:02:47 [INFO] Starting trading loop (live mode)...
2026-03-06 02:02:47 [INFO] Current RSI: 68.42, Price: $71377.00
2026-03-06 02:02:47 [INFO] No signal (neutral/bearish, flat)
2026-03-06 02:02:47 [INFO] Sleeping for 60 seconds...
2026-03-06 02:02:48 [INFO] Trading loop stopped by user
