{"timestamp": "2026-03-07T23:29:57.109701", "message": "Trader process started"}
2026-03-07 23:29:57 [INFO] ======================================================================
2026-03-07 23:29:57 [INFO]  BTC/USDT 4H ADAPTIVE RSI v5 - LIVE TRADER
2026-03-07 23:29:57 [INFO] ======================================================================
2026-03-07 23:29:57 [INFO] Python version: 3.10.11 (tags/v3.10.11:7d4cc5a, Apr  5 2023, 00:38:17) [MSC v.1929 64 bit (AMD64)]
2026-03-07 23:29:57 [INFO] Working directory: C:\Users\user\Desktop\cursor\trade
2026-03-07 23:29:57 [INFO] Script file: C:\Users\user\Desktop\cursor\trade\hl_trader_v6.py
2026-03-07 23:29:57 [INFO] Log file: C:\Users\user\Desktop\cursor\trade\trader_20260307_232957.log
2026-03-07 23:29:57 [INFO] ======================================================================
2026-03-07 23:29:57 [INFO] Test message: Trader is running
2026-03-07 23:29:57 [ERROR] Hyperliquid SDK 初期化に失敗: HTTPSConnectionPool(host='api.hyperliquid.xyz', port=443): Max retries exceeded with url: /info (Caused by NameResolutionError("HTTPSConnection(host='api.hyperliquid.xyz', port=443): Failed to resolve 'api.hyperliquid.xyz' ([Errno 11001] getaddrinfo failed)")). paper モードにフォールバックします。
2026-03-07 23:29:57 [INFO] Initialized trader for BTC with 4h timeframe
2026-03-07 23:29:57 [INFO] RSI settings: period=14, overbought=70, oversold=30
2026-03-07 23:29:57 [INFO] Trader initialized successfully
2026-03-07 23:29:57 [INFO] Starting trading loop (paper mode)...
2026-03-07 23:29:57 [ERROR] Request error: HTTPSConnectionPool(host='api.hyperliquid.xyz', port=443): Max retries exceeded with url: /info (Caused by NameResolutionError("HTTPSConnection(host='api.hyperliquid.xyz', port=443): Failed to resolve 'api.hyperliquid.xyz' ([Errno 11001] getaddrinfo failed)"))
2026-03-07 23:29:57 [ERROR] Error fetching candles: HTTPSConnectionPool(host='api.hyperliquid.xyz', port=443): Max retries exceeded with url: /info (Caused by NameResolutionError("HTTPSConnection(host='api.hyperliquid.xyz', port=443): Failed to resolve 'api.hyperliquid.xyz' ([Errno 11001] getaddrinfo failed)"))
2026-03-07 23:29:57 [ERROR] No candle data available
2026-03-07 23:30:57 [INFO] Current RSI: 18.65, Price: $67797.00
2026-03-07 23:30:57 [INFO] [PAPER] BUY signal: RSI 18.65 <= 30 (paper position opened, no real order sent)
2026-03-07 23:30:57 [INFO] Sleeping for 60 seconds...
2026-03-07 23:31:58 [INFO] Current RSI: 18.59, Price: $67778.00
2026-03-07 23:31:58 [INFO] Holding position (no sell signal)
2026-03-07 23:31:58 [INFO] Sleeping for 60 seconds...
2026-03-07 23:33:00 [INFO] Current RSI: 18.59, Price: $67776.00
2026-03-07 23:33:00 [INFO] Holding position (no sell signal)
2026-03-07 23:33:00 [INFO] Sleeping for 60 seconds...
2026-03-07 23:34:00 [INFO] Current RSI: 18.62, Price: $67786.00
2026-03-07 23:34:00 [INFO] Holding position (no sell signal)
2026-03-07 23:34:00 [INFO] Sleeping for 60 seconds...
2026-03-07 23:35:00 [INFO] Current RSI: 18.59, Price: $67778.00
2026-03-07 23:35:00 [INFO] Holding position (no sell signal)
2026-03-07 23:35:00 [INFO] Sleeping for 60 seconds...
2026-03-07 23:36:00 [INFO] Current RSI: 18.74, Price: $67831.00
2026-03-07 23:36:00 [INFO] Holding position (no sell signal)
2026-03-07 23:36:00 [INFO] Sleeping for 60 seconds...
2026-03-07 23:37:00 [INFO] Current RSI: 18.69, Price: $67812.00
2026-03-07 23:37:00 [INFO] Holding position (no sell signal)
2026-03-07 23:37:00 [INFO] Sleeping for 60 seconds...
2026-03-07 23:38:00 [INFO] Current RSI: 18.72, Price: $67822.00
2026-03-07 23:38:00 [INFO] Holding position (no sell signal)
2026-03-07 23:38:00 [INFO] Sleeping for 60 seconds...
2026-03-07 23:39:00 [INFO] Current RSI: 18.91, Price: $67891.00
2026-03-07 23:39:00 [INFO] Holding position (no sell signal)
2026-03-07 23:39:00 [INFO] Sleeping for 60 seconds...
2026-03-07 23:40:01 [INFO] Current RSI: 20.00, Price: $68049.00
2026-03-07 23:40:01 [INFO] Holding position (no sell signal)
2026-03-07 23:40:01 [INFO] Sleeping for 60 seconds...
2026-03-07 23:41:01 [INFO] Current RSI: 19.40, Price: $68000.00
2026-03-07 23:41:01 [INFO] Holding position (no sell signal)
2026-03-07 23:41:01 [INFO] Sleeping for 60 seconds...
2026-03-07 23:42:01 [INFO] Current RSI: 19.95, Price: $68045.00
2026-03-07 23:42:01 [INFO] Holding position (no sell signal)
2026-03-07 23:42:01 [INFO] Sleeping for 60 seconds...
2026-03-07 23:43:01 [INFO] Current RSI: 19.67, Price: $68022.00
2026-03-07 23:43:01 [INFO] Holding position (no sell signal)
2026-03-07 23:43:01 [INFO] Sleeping for 60 seconds...
2026-03-07 23:44:01 [INFO] Current RSI: 19.42, Price: $68001.00
2026-03-07 23:44:01 [INFO] Holding position (no sell signal)
2026-03-07 23:44:01 [INFO] Sleeping for 60 seconds...
2026-03-07 23:45:01 [INFO] Current RSI: 19.35, Price: $67996.00
2026-03-07 23:45:01 [INFO] Holding position (no sell signal)
2026-03-07 23:45:01 [INFO] Sleeping for 60 seconds...
2026-03-07 23:46:01 [INFO] Current RSI: 19.53, Price: $68010.00
2026-03-07 23:46:01 [INFO] Holding position (no sell signal)
2026-03-07 23:46:01 [INFO] Sleeping for 60 seconds...
2026-03-07 23:47:01 [INFO] Current RSI: 19.61, Price: $68017.00
2026-03-07 23:47:01 [INFO] Holding position (no sell signal)
2026-03-07 23:47:01 [INFO] Sleeping for 60 seconds...
2026-03-07 23:48:01 [INFO] Current RSI: 19.14, Price: $67972.00
2026-03-07 23:48:01 [INFO] Holding position (no sell signal)
2026-03-07 23:48:01 [INFO] Sleeping for 60 seconds...
2026-03-07 23:49:01 [INFO] Current RSI: 19.12, Price: $67965.00
2026-03-07 23:49:01 [INFO] Holding position (no sell signal)
2026-03-07 23:49:01 [INFO] Sleeping for 60 seconds...
2026-03-07 23:50:01 [INFO] Current RSI: 19.55, Price: $68012.00
2026-03-07 23:50:01 [INFO] Holding position (no sell signal)
2026-03-07 23:50:01 [INFO] Sleeping for 60 seconds...
2026-03-07 23:51:01 [INFO] Current RSI: 19.42, Price: $68001.00
2026-03-07 23:51:01 [INFO] Holding position (no sell signal)
2026-03-07 23:51:01 [INFO] Sleeping for 60 seconds...
2026-03-07 23:52:01 [INFO] Current RSI: 19.71, Price: $68025.00
2026-03-07 23:52:01 [INFO] Holding position (no sell signal)
2026-03-07 23:52:01 [INFO] Sleeping for 60 seconds...
2026-03-07 23:53:01 [INFO] Current RSI: 19.42, Price: $68001.00
2026-03-07 23:53:01 [INFO] Holding position (no sell signal)
2026-03-07 23:53:01 [INFO] Sleeping for 60 seconds...
2026-03-07 23:54:01 [INFO] Current RSI: 19.60, Price: $68016.00
2026-03-07 23:54:01 [INFO] Holding position (no sell signal)
2026-03-07 23:54:01 [INFO] Sleeping for 60 seconds...
2026-03-07 23:55:01 [INFO] Current RSI: 19.54, Price: $68011.00
2026-03-07 23:55:01 [INFO] Holding position (no sell signal)
2026-03-07 23:55:01 [INFO] Sleeping for 60 seconds...
2026-03-07 23:56:01 [INFO] Current RSI: 19.59, Price: $68015.00
2026-03-07 23:56:01 [INFO] Holding position (no sell signal)
2026-03-07 23:56:01 [INFO] Sleeping for 60 seconds...
2026-03-07 23:57:02 [INFO] Current RSI: 19.51, Price: $68009.00
2026-03-07 23:57:02 [INFO] Holding position (no sell signal)
2026-03-07 23:57:02 [INFO] Sleeping for 60 seconds...
2026-03-07 23:58:02 [INFO] Current RSI: 19.48, Price: $68006.00
2026-03-07 23:58:02 [INFO] Holding position (no sell signal)
2026-03-07 23:58:02 [INFO] Sleeping for 60 seconds...
2026-03-07 23:59:02 [INFO] Current RSI: 19.53, Price: $68010.00
2026-03-07 23:59:02 [INFO] Holding position (no sell signal)
2026-03-07 23:59:02 [INFO] Sleeping for 60 seconds...
2026-03-08 00:00:02 [INFO] Current RSI: 19.35, Price: $67996.00
2026-03-08 00:00:02 [INFO] Holding position (no sell signal)
2026-03-08 00:00:02 [INFO] Sleeping for 60 seconds...
2026-03-08 00:01:02 [INFO] Current RSI: 19.26, Price: $67988.00
2026-03-08 00:01:02 [INFO] Holding position (no sell signal)
2026-03-08 00:01:02 [INFO] Sleeping for 60 seconds...
2026-03-08 00:02:02 [INFO] Current RSI: 19.08, Price: $67949.00
2026-03-08 00:02:02 [INFO] Holding position (no sell signal)
2026-03-08 00:02:02 [INFO] Sleeping for 60 seconds...
2026-03-08 00:03:02 [INFO] Current RSI: 19.14, Price: $67969.00
2026-03-08 00:03:02 [INFO] Holding position (no sell signal)
2026-03-08 00:03:02 [INFO] Sleeping for 60 seconds...
2026-03-08 00:04:02 [INFO] Current RSI: 19.19, Price: $67983.00
2026-03-08 00:04:02 [INFO] Holding position (no sell signal)
2026-03-08 00:04:02 [INFO] Sleeping for 60 seconds...
2026-03-08 00:05:02 [INFO] Current RSI: 19.13, Price: $67968.00
2026-03-08 00:05:02 [INFO] Holding position (no sell signal)
2026-03-08 00:05:02 [INFO] Sleeping for 60 seconds...
2026-03-08 00:06:02 [INFO] Current RSI: 19.09, Price: $67954.00
2026-03-08 00:06:02 [INFO] Holding position (no sell signal)
2026-03-08 00:06:02 [INFO] Sleeping for 60 seconds...
2026-03-08 00:07:02 [INFO] Current RSI: 19.19, Price: $67983.00
2026-03-08 00:07:02 [INFO] Holding position (no sell signal)
2026-03-08 00:07:02 [INFO] Sleeping for 60 seconds...
2026-03-08 00:08:02 [INFO] Current RSI: 19.32, Price: $67993.00
2026-03-08 00:08:02 [INFO] Holding position (no sell signal)
2026-03-08 00:08:02 [INFO] Sleeping for 60 seconds...
2026-03-08 00:09:02 [INFO] Current RSI: 19.22, Price: $67985.00
2026-03-08 00:09:02 [INFO] Holding position (no sell signal)
2026-03-08 00:09:02 [INFO] Sleeping for 60 seconds...
2026-03-08 00:10:03 [INFO] Current RSI: 19.16, Price: $67979.00
2026-03-08 00:10:03 [INFO] Holding position (no sell signal)
2026-03-08 00:10:03 [INFO] Sleeping for 60 seconds...
2026-03-08 00:11:03 [INFO] Current RSI: 19.05, Price: $67938.00
2026-03-08 00:11:03 [INFO] Holding position (no sell signal)
2026-03-08 00:11:03 [INFO] Sleeping for 60 seconds...
2026-03-08 00:12:03 [INFO] Current RSI: 19.02, Price: $67930.00
2026-03-08 00:12:03 [INFO] Holding position (no sell signal)
2026-03-08 00:12:03 [INFO] Sleeping for 60 seconds...
2026-03-08 00:13:03 [INFO] Current RSI: 19.02, Price: $67929.00
2026-03-08 00:13:03 [INFO] Holding position (no sell signal)
2026-03-08 00:13:03 [INFO] Sleeping for 60 seconds...
2026-03-08 00:14:03 [INFO] Current RSI: 19.04, Price: $67935.00
2026-03-08 00:14:03 [INFO] Holding position (no sell signal)
2026-03-08 00:14:03 [INFO] Sleeping for 60 seconds...
2026-03-08 00:15:03 [INFO] Current RSI: 18.96, Price: $67908.00
2026-03-08 00:15:03 [INFO] Holding position (no sell signal)
2026-03-08 00:15:03 [INFO] Sleeping for 60 seconds...
2026-03-08 00:16:03 [INFO] Current RSI: 19.10, Price: $67957.00
2026-03-08 00:16:03 [INFO] Holding position (no sell signal)
2026-03-08 00:16:03 [INFO] Sleeping for 60 seconds...
2026-03-08 00:17:03 [INFO] Current RSI: 19.13, Price: $67967.00
2026-03-08 00:17:03 [INFO] Holding position (no sell signal)
2026-03-08 00:17:03 [INFO] Sleeping for 60 seconds...
2026-03-08 00:18:03 [INFO] Current RSI: 19.14, Price: $67970.00
2026-03-08 00:18:03 [INFO] Holding position (no sell signal)
2026-03-08 00:18:03 [INFO] Sleeping for 60 seconds...
2026-03-08 00:19:03 [INFO] Current RSI: 19.07, Price: $67947.00
2026-03-08 00:19:03 [INFO] Holding position (no sell signal)
2026-03-08 00:19:03 [INFO] Sleeping for 60 seconds...
2026-03-08 00:20:03 [INFO] Current RSI: 18.94, Price: $67900.00
2026-03-08 00:20:03 [INFO] Holding position (no sell signal)
2026-03-08 00:20:03 [INFO] Sleeping for 60 seconds...
2026-03-08 00:21:03 [INFO] Current RSI: 18.89, Price: $67882.00
2026-03-08 00:21:03 [INFO] Holding position (no sell signal)
2026-03-08 00:21:03 [INFO] Sleeping for 60 seconds...
2026-03-08 00:22:03 [INFO] Current RSI: 18.83, Price: $67863.00
2026-03-08 00:22:03 [INFO] Holding position (no sell signal)
2026-03-08 00:22:03 [INFO] Sleeping for 60 seconds...
2026-03-08 00:23:03 [INFO] Current RSI: 18.93, Price: $67899.00
2026-03-08 00:23:03 [INFO] Holding position (no sell signal)
2026-03-08 00:23:03 [INFO] Sleeping for 60 seconds...
2026-03-08 00:24:03 [INFO] Current RSI: 19.01, Price: $67927.00
2026-03-08 00:24:03 [INFO] Holding position (no sell signal)
2026-03-08 00:24:03 [INFO] Sleeping for 60 seconds...
2026-03-08 00:25:03 [INFO] Current RSI: 19.02, Price: $67930.00
2026-03-08 00:25:03 [INFO] Holding position (no sell signal)
2026-03-08 00:25:03 [INFO] Sleeping for 60 seconds...
2026-03-08 00:26:04 [INFO] Current RSI: 19.01, Price: $67927.00
2026-03-08 00:26:04 [INFO] Holding position (no sell signal)
2026-03-08 00:26:04 [INFO] Sleeping for 60 seconds...
2026-03-08 00:27:04 [INFO] Current RSI: 18.97, Price: $67911.00
2026-03-08 00:27:04 [INFO] Holding position (no sell signal)
2026-03-08 00:27:04 [INFO] Sleeping for 60 seconds...
2026-03-08 00:28:04 [INFO] Current RSI: 18.95, Price: $67906.00
2026-03-08 00:28:04 [INFO] Holding position (no sell signal)
2026-03-08 00:28:04 [INFO] Sleeping for 60 seconds...
2026-03-08 00:29:04 [INFO] Current RSI: 18.95, Price: $67906.00
2026-03-08 00:29:04 [INFO] Holding position (no sell signal)
2026-03-08 00:29:04 [INFO] Sleeping for 60 seconds...
2026-03-08 00:30:04 [INFO] Current RSI: 19.04, Price: $67937.00
2026-03-08 00:30:04 [INFO] Holding position (no sell signal)
2026-03-08 00:30:04 [INFO] Sleeping for 60 seconds...
2026-03-08 00:31:04 [INFO] Current RSI: 18.98, Price: $67916.00
2026-03-08 00:31:04 [INFO] Holding position (no sell signal)
2026-03-08 00:31:04 [INFO] Sleeping for 60 seconds...
2026-03-08 00:32:04 [INFO] Current RSI: 18.93, Price: $67896.00
2026-03-08 00:32:04 [INFO] Holding position (no sell signal)
2026-03-08 00:32:04 [INFO] Sleeping for 60 seconds...
2026-03-08 00:33:04 [INFO] Current RSI: 19.06, Price: $67944.00
2026-03-08 00:33:04 [INFO] Holding position (no sell signal)
2026-03-08 00:33:04 [INFO] Sleeping for 60 seconds...
2026-03-08 00:34:04 [INFO] Current RSI: 19.23, Price: $67986.00
2026-03-08 00:34:04 [INFO] Holding position (no sell signal)
2026-03-08 00:34:04 [INFO] Sleeping for 60 seconds...
2026-03-08 00:35:04 [INFO] Current RSI: 19.22, Price: $67985.00
2026-03-08 00:35:04 [INFO] Holding position (no sell signal)
2026-03-08 00:35:04 [INFO] Sleeping for 60 seconds...
2026-03-08 00:36:04 [INFO] Current RSI: 19.45, Price: $68004.00
2026-03-08 00:36:04 [INFO] Holding position (no sell signal)
2026-03-08 00:36:04 [INFO] Sleeping for 60 seconds...
2026-03-08 00:37:04 [INFO] Current RSI: 19.13, Price: $67968.00
2026-03-08 00:37:04 [INFO] Holding position (no sell signal)
2026-03-08 00:37:04 [INFO] Sleeping for 60 seconds...
2026-03-08 00:38:04 [INFO] Current RSI: 19.03, Price: $67932.00
2026-03-08 00:38:04 [INFO] Holding position (no sell signal)
2026-03-08 00:38:04 [INFO] Sleeping for 60 seconds...
2026-03-08 00:39:04 [INFO] Current RSI: 18.87, Price: $67877.00
2026-03-08 00:39:04 [INFO] Holding position (no sell signal)
2026-03-08 00:39:04 [INFO] Sleeping for 60 seconds...
2026-03-08 00:40:04 [INFO] Current RSI: 18.71, Price: $67818.00
2026-03-08 00:40:04 [INFO] Holding position (no sell signal)
2026-03-08 00:40:04 [INFO] Sleeping for 60 seconds...
2026-03-08 00:41:04 [INFO] Current RSI: 18.58, Price: $67773.00
2026-03-08 00:41:04 [INFO] Holding position (no sell signal)
2026-03-08 00:41:04 [INFO] Sleeping for 60 seconds...
2026-03-08 00:42:04 [INFO] Current RSI: 18.64, Price: $67796.00
2026-03-08 00:42:04 [INFO] Holding position (no sell signal)
2026-03-08 00:42:04 [INFO] Sleeping for 60 seconds...
2026-03-08 00:43:04 [INFO] Current RSI: 18.63, Price: $67790.00
2026-03-08 00:43:04 [INFO] Holding position (no sell signal)
2026-03-08 00:43:04 [INFO] Sleeping for 60 seconds...
2026-03-08 00:44:05 [INFO] Current RSI: 18.63, Price: $67791.00
2026-03-08 00:44:05 [INFO] Holding position (no sell signal)
2026-03-08 00:44:05 [INFO] Sleeping for 60 seconds...
2026-03-08 00:45:05 [INFO] Current RSI: 18.67, Price: $67805.00
2026-03-08 00:45:05 [INFO] Holding position (no sell signal)
2026-03-08 00:45:05 [INFO] Sleeping for 60 seconds...
2026-03-08 00:46:05 [INFO] Current RSI: 18.56, Price: $67765.00
2026-03-08 00:46:05 [INFO] Holding position (no sell signal)
2026-03-08 00:46:05 [INFO] Sleeping for 60 seconds...
2026-03-08 00:47:05 [INFO] Current RSI: 18.69, Price: $67811.00
2026-03-08 00:47:05 [INFO] Holding position (no sell signal)
2026-03-08 00:47:05 [INFO] Sleeping for 60 seconds...
2026-03-08 00:48:05 [INFO] Current RSI: 18.73, Price: $67828.00
2026-03-08 00:48:05 [INFO] Holding position (no sell signal)
2026-03-08 00:48:05 [INFO] Sleeping for 60 seconds...
2026-03-08 00:49:05 [INFO] Current RSI: 18.76, Price: $67838.00
2026-03-08 00:49:05 [INFO] Holding position (no sell signal)
2026-03-08 00:49:05 [INFO] Sleeping for 60 seconds...
2026-03-08 00:50:05 [INFO] Current RSI: 18.72, Price: $67822.00
2026-03-08 00:50:05 [INFO] Holding position (no sell signal)
2026-03-08 00:50:05 [INFO] Sleeping for 60 seconds...
2026-03-08 00:51:05 [INFO] Current RSI: 18.74, Price: $67831.00
2026-03-08 00:51:05 [INFO] Holding position (no sell signal)
2026-03-08 00:51:05 [INFO] Sleeping for 60 seconds...
2026-03-08 00:52:05 [INFO] Current RSI: 18.70, Price: $67816.00
2026-03-08 00:52:05 [INFO] Holding position (no sell signal)
2026-03-08 00:52:05 [INFO] Sleeping for 60 seconds...
2026-03-08 00:53:05 [INFO] Current RSI: 18.81, Price: $67855.00
2026-03-08 00:53:05 [INFO] Holding position (no sell signal)
2026-03-08 00:53:05 [INFO] Sleeping for 60 seconds...
2026-03-08 00:54:05 [INFO] Current RSI: 18.84, Price: $67866.00
2026-03-08 00:54:05 [INFO] Holding position (no sell signal)
2026-03-08 00:54:05 [INFO] Sleeping for 60 seconds...
2026-03-08 00:55:06 [INFO] Current RSI: 18.87, Price: $67875.00
2026-03-08 00:55:06 [INFO] Holding position (no sell signal)
2026-03-08 00:55:06 [INFO] Sleeping for 60 seconds...
2026-03-08 00:56:06 [INFO] Current RSI: 18.87, Price: $67876.00
2026-03-08 00:56:06 [INFO] Holding position (no sell signal)
2026-03-08 00:56:06 [INFO] Sleeping for 60 seconds...
2026-03-08 00:57:06 [INFO] Current RSI: 18.85, Price: $67871.00
2026-03-08 00:57:06 [INFO] Holding position (no sell signal)
2026-03-08 00:57:06 [INFO] Sleeping for 60 seconds...
2026-03-08 00:58:06 [INFO] Current RSI: 18.90, Price: $67886.00
2026-03-08 00:58:06 [INFO] Holding position (no sell signal)
2026-03-08 00:58:06 [INFO] Sleeping for 60 seconds...
2026-03-08 00:59:06 [INFO] Current RSI: 18.90, Price: $67886.00
2026-03-08 00:59:06 [INFO] Holding position (no sell signal)
2026-03-08 00:59:06 [INFO] Sleeping for 60 seconds...
2026-03-08 01:00:06 [INFO] Current RSI: 6.77, Price: $67844.00
2026-03-08 01:00:06 [INFO] Holding position (no sell signal)
2026-03-08 01:00:06 [INFO] Sleeping for 60 seconds...
2026-03-08 01:01:06 [INFO] Current RSI: 6.75, Price: $67828.00
2026-03-08 01:01:06 [INFO] Holding position (no sell signal)
2026-03-08 01:01:06 [INFO] Sleeping for 60 seconds...
2026-03-08 01:02:06 [INFO] Current RSI: 6.75, Price: $67824.00
2026-03-08 01:02:06 [INFO] Holding position (no sell signal)
2026-03-08 01:02:06 [INFO] Sleeping for 60 seconds...
2026-03-08 01:03:06 [INFO] Current RSI: 6.77, Price: $67845.00
2026-03-08 01:03:06 [INFO] Holding position (no sell signal)
2026-03-08 01:03:06 [INFO] Sleeping for 60 seconds...
2026-03-08 01:04:06 [INFO] Current RSI: 6.78, Price: $67850.00
2026-03-08 01:04:06 [INFO] Holding position (no sell signal)
2026-03-08 01:04:06 [INFO] Sleeping for 60 seconds...
2026-03-08 01:05:06 [INFO] Current RSI: 6.74, Price: $67819.00
2026-03-08 01:05:06 [INFO] Holding position (no sell signal)
2026-03-08 01:05:06 [INFO] Sleeping for 60 seconds...
2026-03-08 01:06:06 [INFO] Current RSI: 6.73, Price: $67806.00
2026-03-08 01:06:06 [INFO] Holding position (no sell signal)
2026-03-08 01:06:06 [INFO] Sleeping for 60 seconds...
2026-03-08 01:07:07 [INFO] Current RSI: 6.73, Price: $67806.00
2026-03-08 01:07:07 [INFO] Holding position (no sell signal)
2026-03-08 01:07:07 [INFO] Sleeping for 60 seconds...
2026-03-08 01:08:07 [INFO] Current RSI: 6.75, Price: $67826.00
2026-03-08 01:08:07 [INFO] Holding position (no sell signal)
2026-03-08 01:08:07 [INFO] Sleeping for 60 seconds...
2026-03-08 01:09:07 [INFO] Current RSI: 6.86, Price: $67857.00
2026-03-08 01:09:07 [INFO] Holding position (no sell signal)
2026-03-08 01:09:07 [INFO] Sleeping for 60 seconds...
2026-03-08 01:10:07 [INFO] Current RSI: 6.78, Price: $67852.00
2026-03-08 01:10:07 [INFO] Holding position (no sell signal)
2026-03-08 01:10:07 [INFO] Sleeping for 60 seconds...
2026-03-08 01:11:07 [INFO] Current RSI: 6.78, Price: $67852.00
2026-03-08 01:11:07 [INFO] Holding position (no sell signal)
2026-03-08 01:11:07 [INFO] Sleeping for 60 seconds...
2026-03-08 01:12:08 [INFO] Current RSI: 6.78, Price: $67850.00
2026-03-08 01:12:08 [INFO] Holding position (no sell signal)
2026-03-08 01:12:08 [INFO] Sleeping for 60 seconds...
2026-03-08 01:13:08 [INFO] Current RSI: 6.78, Price: $67850.00
2026-03-08 01:13:08 [INFO] Holding position (no sell signal)
2026-03-08 01:13:08 [INFO] Sleeping for 60 seconds...
2026-03-08 01:14:08 [INFO] Current RSI: 6.80, Price: $67853.00
2026-03-08 01:14:08 [INFO] Holding position (no sell signal)
2026-03-08 01:14:08 [INFO] Sleeping for 60 seconds...
2026-03-08 01:15:08 [INFO] Current RSI: 6.81, Price: $67854.00
2026-03-08 01:15:08 [INFO] Holding position (no sell signal)
2026-03-08 01:15:08 [INFO] Sleeping for 60 seconds...
2026-03-08 01:16:08 [INFO] Current RSI: 6.75, Price: $67827.00
2026-03-08 01:16:08 [INFO] Holding position (no sell signal)
2026-03-08 01:16:08 [INFO] Sleeping for 60 seconds...
2026-03-08 01:17:08 [INFO] Current RSI: 6.70, Price: $67777.00
2026-03-08 01:17:08 [INFO] Holding position (no sell signal)
2026-03-08 01:17:08 [INFO] Sleeping for 60 seconds...
2026-03-08 01:18:08 [INFO] Current RSI: 6.66, Price: $67748.00
2026-03-08 01:18:08 [INFO] Holding position (no sell signal)
2026-03-08 01:18:08 [INFO] Sleeping for 60 seconds...
2026-03-08 01:19:08 [INFO] Current RSI: 6.67, Price: $67756.00
2026-03-08 01:19:08 [INFO] Holding position (no sell signal)
2026-03-08 01:19:08 [INFO] Sleeping for 60 seconds...
2026-03-08 01:20:08 [INFO] Current RSI: 6.66, Price: $67749.00
2026-03-08 01:20:08 [INFO] Holding position (no sell signal)
2026-03-08 01:20:08 [INFO] Sleeping for 60 seconds...
2026-03-08 01:21:08 [INFO] Current RSI: 6.70, Price: $67777.00
2026-03-08 01:21:08 [INFO] Holding position (no sell signal)
2026-03-08 01:21:08 [INFO] Sleeping for 60 seconds...
2026-03-08 01:22:09 [INFO] Current RSI: 6.71, Price: $67790.00
2026-03-08 01:22:09 [INFO] Holding position (no sell signal)
2026-03-08 01:22:09 [INFO] Sleeping for 60 seconds...
2026-03-08 01:23:09 [INFO] Current RSI: 6.73, Price: $67803.00
2026-03-08 01:23:09 [INFO] Holding position (no sell signal)
2026-03-08 01:23:09 [INFO] Sleeping for 60 seconds...
2026-03-08 01:24:09 [INFO] Current RSI: 6.72, Price: $67795.00
2026-03-08 01:24:09 [INFO] Holding position (no sell signal)
2026-03-08 01:24:09 [INFO] Sleeping for 60 seconds...
2026-03-08 01:25:09 [INFO] Current RSI: 6.70, Price: $67782.00
2026-03-08 01:25:09 [INFO] Holding position (no sell signal)
2026-03-08 01:25:09 [INFO] Sleeping for 60 seconds...
2026-03-08 01:26:09 [INFO] Current RSI: 6.71, Price: $67792.00
2026-03-08 01:26:09 [INFO] Holding position (no sell signal)
2026-03-08 01:26:09 [INFO] Sleeping for 60 seconds...
2026-03-08 01:27:09 [INFO] Current RSI: 6.71, Price: $67791.00
2026-03-08 01:27:09 [INFO] Holding position (no sell signal)
2026-03-08 01:27:09 [INFO] Sleeping for 60 seconds...
2026-03-08 01:28:09 [INFO] Current RSI: 6.71, Price: $67785.00
2026-03-08 01:28:09 [INFO] Holding position (no sell signal)
2026-03-08 01:28:09 [INFO] Sleeping for 60 seconds...
2026-03-08 01:29:09 [INFO] Current RSI: 6.69, Price: $67776.00
2026-03-08 01:29:09 [INFO] Holding position (no sell signal)
2026-03-08 01:29:09 [INFO] Sleeping for 60 seconds...
2026-03-08 01:30:09 [INFO] Current RSI: 6.69, Price: $67772.00
2026-03-08 01:30:09 [INFO] Holding position (no sell signal)
2026-03-08 01:30:09 [INFO] Sleeping for 60 seconds...
2026-03-08 01:31:09 [INFO] Current RSI: 6.68, Price: $67762.00
2026-03-08 01:31:09 [INFO] Holding position (no sell signal)
2026-03-08 01:31:09 [INFO] Sleeping for 60 seconds...
2026-03-08 01:32:09 [INFO] Current RSI: 6.67, Price: $67758.00
2026-03-08 01:32:09 [INFO] Holding position (no sell signal)
2026-03-08 01:32:09 [INFO] Sleeping for 60 seconds...
2026-03-08 01:33:10 [INFO] Current RSI: 6.71, Price: $67788.00
2026-03-08 01:33:10 [INFO] Holding position (no sell signal)
2026-03-08 01:33:10 [INFO] Sleeping for 60 seconds...
2026-03-08 01:34:10 [INFO] Current RSI: 6.73, Price: $67806.00
2026-03-08 01:34:10 [INFO] Holding position (no sell signal)
2026-03-08 01:34:10 [INFO] Sleeping for 60 seconds...
