{"timestamp": "2026-03-04T23:22:09.738253", "message": "Trader process started"}
2026-03-04 23:22:09 [INFO] ======================================================================
2026-03-04 23:22:09 [INFO]  BTC/USDT 4H ADAPTIVE RSI v5 - LIVE TRADER
2026-03-04 23:22:09 [INFO] ======================================================================
2026-03-04 23:22:09 [INFO] Python version: 3.10.11 (tags/v3.10.11:7d4cc5a, Apr  5 2023, 00:38:17) [MSC v.1929 64 bit (AMD64)]
2026-03-04 23:22:09 [INFO] Working directory: C:\Users\user\Desktop\cursor\trade
2026-03-04 23:22:09 [INFO] Script file: C:\Users\user\Desktop\cursor\trade\hl_trader_v6.py
2026-03-04 23:22:09 [INFO] Log file: C:\Users\user\Desktop\cursor\trade\trader_20260304_232209.log
2026-03-04 23:22:09 [INFO] ======================================================================
2026-03-04 23:22:09 [INFO] Test message: Trader is running
2026-03-04 23:22:10 [INFO] Live trading 有効化: env=mainnet, address=0x8455b70a5a0d942eb9a1598a0e9e1214a3b31b55
2026-03-04 23:22:10 [INFO] Initialized trader for BTC with 4h timeframe
2026-03-04 23:22:10 [INFO] RSI settings: period=14, overbought=70, oversold=30
2026-03-04 23:22:10 [INFO] Trader initialized successfully
2026-03-04 23:22:10 [INFO] Starting trading loop (live mode)...
2026-03-04 23:22:10 [INFO] Current RSI: 75.19, Price: $71607.00
2026-03-04 23:22:10 [INFO] No signal (neutral/bearish, flat)
2026-03-04 23:22:10 [INFO] Sleeping for 60 seconds...
2026-03-04 23:23:10 [INFO] Current RSI: 75.16, Price: $71592.00
2026-03-04 23:23:10 [INFO] No signal (neutral/bearish, flat)
2026-03-04 23:23:10 [INFO] Sleeping for 60 seconds...
2026-03-04 23:24:11 [INFO] Current RSI: 75.08, Price: $71558.00
2026-03-04 23:24:11 [INFO] No signal (neutral/bearish, flat)
2026-03-04 23:24:11 [INFO] Sleeping for 60 seconds...
2026-03-04 23:24:27 [INFO] Trading loop stopped by user
2026-03-04 23:24:28 [INFO] Trader stopped by user
2026-03-04 23:24:28 [INFO] Test message: Trader is running
2026-03-04 23:24:28 [INFO] DEBUG: Starting live trading mode...
2026-03-04 23:24:28 [INFO] Live trading 有効化: env=mainnet, address=0x8455b70a5a0d942eb9a1598a0e9e1214a3b31b55
2026-03-04 23:24:28 [INFO] Initialized trader for BTC with 4h timeframe
2026-03-04 23:24:28 [INFO] RSI settings: period=14, overbought=70, oversold=30
2026-03-04 23:24:28 [INFO] Trader initialized successfully
2026-03-04 23:24:28 [INFO] Starting trading loop (live mode)...
2026-03-04 23:24:28 [INFO] Current RSI: 75.11, Price: $71570.00
2026-03-04 23:24:28 [INFO] No signal (neutral/bearish, flat)
2026-03-04 23:24:28 [INFO] Sleeping for 60 seconds...
2026-03-04 23:24:29 [INFO] Trading loop stopped by user
