{"timestamp": "2026-03-04T21:40:12.123050", "message": "Trader process started"}
2026-03-04 21:40:12 [INFO] ======================================================================
2026-03-04 21:40:12 [INFO]  BTC/USDT 4H ADAPTIVE RSI v5 - LIVE TRADER
2026-03-04 21:40:12 [INFO] ======================================================================
2026-03-04 21:40:12 [INFO] Python version: 3.10.11 (tags/v3.10.11:7d4cc5a, Apr  5 2023, 00:38:17) [MSC v.1929 64 bit (AMD64)]
2026-03-04 21:40:12 [INFO] Working directory: C:\Users\user\Desktop\cursor\trade
2026-03-04 21:40:12 [INFO] Script file: C:\Users\user\Desktop\cursor\trade\hl_trader_v6.py
2026-03-04 21:40:12 [INFO] Log file: C:\Users\user\Desktop\cursor\trade\trader_20260304_214012.log
2026-03-04 21:40:12 [INFO] ======================================================================
2026-03-04 21:40:12 [INFO] Test message: Trader is running
2026-03-04 21:40:12 [INFO] Initialized trader for BTC with 4h timeframe
2026-03-04 21:40:12 [INFO] RSI settings: period=14, overbought=70, oversold=30
2026-03-04 21:40:12 [INFO] Trader initialized successfully
2026-03-04 21:40:12 [INFO] Starting trading loop (paper mode, no real orders)...
2026-03-04 21:40:12 [INFO] Current RSI: 70.25, Price: $69738.00
2026-03-04 21:40:12 [INFO] No signal (neutral/bearish, flat)
2026-03-04 21:40:12 [INFO] Sleeping for 60 seconds...
2026-03-04 21:41:12 [INFO] Current RSI: 70.23, Price: $69734.00
2026-03-04 21:41:12 [INFO] No signal (neutral/bearish, flat)
2026-03-04 21:41:12 [INFO] Sleeping for 60 seconds...
2026-03-04 21:41:49 [INFO] Trading loop stopped by user
2026-03-04 21:41:50 [INFO] Trader stopped by user
2026-03-04 21:41:50 [INFO] Test message: Trader is running
2026-03-04 21:41:50 [ERROR] Error loading config: 'cp932' codec can't decode byte 0x83 in position 129: illegal multibyte sequence
2026-03-04 21:41:50 [ERROR] Failed to load configuration
