{"timestamp": "2026-03-04T21:43:36.917161", "message": "Trader process started"}
2026-03-04 21:43:36 [INFO] ======================================================================
2026-03-04 21:43:36 [INFO]  BTC/USDT 4H ADAPTIVE RSI v5 - LIVE TRADER
2026-03-04 21:43:36 [INFO] ======================================================================
2026-03-04 21:43:36 [INFO] Python version: 3.10.11 (tags/v3.10.11:7d4cc5a, Apr  5 2023, 00:38:17) [MSC v.1929 64 bit (AMD64)]
2026-03-04 21:43:36 [INFO] Working directory: C:\Users\user\Desktop\cursor\trade
2026-03-04 21:43:36 [INFO] Script file: C:\Users\user\Desktop\cursor\trade\hl_trader_v6.py
2026-03-04 21:43:36 [INFO] Log file: C:\Users\user\Desktop\cursor\trade\trader_20260304_214336.log
2026-03-04 21:43:36 [INFO] ======================================================================
2026-03-04 21:43:36 [INFO] Test message: Trader is running
2026-03-04 21:43:37 [INFO] Live trading 有効化: env=mainnet, address=0x8455b70a5a0d942eb9a1598a0e9e1214a3b31b55
2026-03-04 21:43:37 [INFO] Initialized trader for BTC with 4h timeframe
2026-03-04 21:43:37 [INFO] RSI settings: period=14, overbought=70, oversold=30
2026-03-04 21:43:37 [INFO] Trader initialized successfully
2026-03-04 21:43:37 [INFO] Starting trading loop (paper mode, no real orders)...
2026-03-04 21:43:37 [INFO] Current RSI: 73.33, Price: $70986.00
2026-03-04 21:43:37 [INFO] No signal (neutral/bearish, flat)
2026-03-04 21:43:37 [INFO] Sleeping for 60 seconds...
2026-03-04 21:44:37 [INFO] Current RSI: 73.10, Price: $70952.00
2026-03-04 21:44:37 [INFO] No signal (neutral/bearish, flat)
2026-03-04 21:44:37 [INFO] Sleeping for 60 seconds...
2026-03-04 21:45:37 [INFO] Current RSI: 72.63, Price: $70882.00
2026-03-04 21:45:37 [INFO] No signal (neutral/bearish, flat)
2026-03-04 21:45:37 [INFO] Sleeping for 60 seconds...
2026-03-04 21:46:37 [INFO] Current RSI: 72.58, Price: $70875.00
2026-03-04 21:46:37 [INFO] No signal (neutral/bearish, flat)
2026-03-04 21:46:37 [INFO] Sleeping for 60 seconds...
2026-03-04 21:47:37 [INFO] Current RSI: 72.98, Price: $70934.00
2026-03-04 21:47:37 [INFO] No signal (neutral/bearish, flat)
2026-03-04 21:47:37 [INFO] Sleeping for 60 seconds...
2026-03-04 21:48:37 [INFO] Current RSI: 73.39, Price: $70994.00
2026-03-04 21:48:37 [INFO] No signal (neutral/bearish, flat)
2026-03-04 21:48:37 [INFO] Sleeping for 60 seconds...
2026-03-04 21:49:38 [INFO] Current RSI: 73.41, Price: $70997.00
2026-03-04 21:49:38 [INFO] No signal (neutral/bearish, flat)
2026-03-04 21:49:38 [INFO] Sleeping for 60 seconds...
2026-03-04 21:50:38 [INFO] Current RSI: 73.95, Price: $71076.00
2026-03-04 21:50:38 [INFO] No signal (neutral/bearish, flat)
2026-03-04 21:50:38 [INFO] Sleeping for 60 seconds...
2026-03-04 21:51:38 [INFO] Current RSI: 73.96, Price: $71080.00
2026-03-04 21:51:38 [INFO] No signal (neutral/bearish, flat)
2026-03-04 21:51:38 [INFO] Sleeping for 60 seconds...
2026-03-04 21:52:38 [INFO] Current RSI: 74.01, Price: $71100.00
2026-03-04 21:52:38 [INFO] No signal (neutral/bearish, flat)
2026-03-04 21:52:38 [INFO] Sleeping for 60 seconds...
2026-03-04 21:53:38 [INFO] Current RSI: 74.02, Price: $71101.00
2026-03-04 21:53:38 [INFO] No signal (neutral/bearish, flat)
2026-03-04 21:53:38 [INFO] Sleeping for 60 seconds...
2026-03-04 21:54:38 [INFO] Current RSI: 74.01, Price: $71097.00
2026-03-04 21:54:38 [INFO] No signal (neutral/bearish, flat)
2026-03-04 21:54:38 [INFO] Sleeping for 60 seconds...
2026-03-04 21:55:38 [INFO] Current RSI: 73.93, Price: $71073.00
2026-03-04 21:55:38 [INFO] No signal (neutral/bearish, flat)
2026-03-04 21:55:38 [INFO] Sleeping for 60 seconds...
2026-03-04 21:56:38 [INFO] Current RSI: 74.16, Price: $71161.00
2026-03-04 21:56:38 [INFO] No signal (neutral/bearish, flat)
2026-03-04 21:56:38 [INFO] Sleeping for 60 seconds...
2026-03-04 21:57:38 [INFO] Current RSI: 74.36, Price: $71245.00
2026-03-04 21:57:38 [INFO] No signal (neutral/bearish, flat)
2026-03-04 21:57:38 [INFO] Sleeping for 60 seconds...
2026-03-04 21:58:38 [INFO] Current RSI: 74.47, Price: $71290.00
2026-03-04 21:58:38 [INFO] No signal (neutral/bearish, flat)
2026-03-04 21:58:38 [INFO] Sleeping for 60 seconds...
2026-03-04 21:59:38 [INFO] Current RSI: 74.44, Price: $71280.00
2026-03-04 21:59:38 [INFO] No signal (neutral/bearish, flat)
2026-03-04 21:59:38 [INFO] Sleeping for 60 seconds...
2026-03-04 22:00:38 [INFO] Current RSI: 74.45, Price: $71285.00
2026-03-04 22:00:38 [INFO] No signal (neutral/bearish, flat)
2026-03-04 22:00:38 [INFO] Sleeping for 60 seconds...
2026-03-04 22:01:39 [INFO] Current RSI: 74.49, Price: $71300.00
2026-03-04 22:01:39 [INFO] No signal (neutral/bearish, flat)
2026-03-04 22:01:39 [INFO] Sleeping for 60 seconds...
2026-03-04 22:02:39 [INFO] Current RSI: 74.45, Price: $71283.00
2026-03-04 22:02:39 [INFO] No signal (neutral/bearish, flat)
2026-03-04 22:02:39 [INFO] Sleeping for 60 seconds...
2026-03-04 22:03:39 [INFO] Current RSI: 74.37, Price: $71248.00
2026-03-04 22:03:39 [INFO] No signal (neutral/bearish, flat)
2026-03-04 22:03:39 [INFO] Sleeping for 60 seconds...
2026-03-04 22:04:39 [INFO] Current RSI: 74.60, Price: $71345.00
2026-03-04 22:04:39 [INFO] No signal (neutral/bearish, flat)
2026-03-04 22:04:39 [INFO] Sleeping for 60 seconds...
2026-03-04 22:05:39 [INFO] Current RSI: 74.47, Price: $71290.00
2026-03-04 22:05:39 [INFO] No signal (neutral/bearish, flat)
2026-03-04 22:05:39 [INFO] Sleeping for 60 seconds...
2026-03-04 22:06:39 [INFO] Current RSI: 74.75, Price: $71413.00
2026-03-04 22:06:39 [INFO] No signal (neutral/bearish, flat)
2026-03-04 22:06:39 [INFO] Sleeping for 60 seconds...
2026-03-04 22:07:40 [INFO] Current RSI: 74.94, Price: $71496.00
2026-03-04 22:07:40 [INFO] No signal (neutral/bearish, flat)
2026-03-04 22:07:40 [INFO] Sleeping for 60 seconds...
2026-03-04 22:08:40 [INFO] Current RSI: 75.01, Price: $71528.00
2026-03-04 22:08:40 [INFO] No signal (neutral/bearish, flat)
2026-03-04 22:08:40 [INFO] Sleeping for 60 seconds...
2026-03-04 22:09:40 [INFO] Current RSI: 74.96, Price: $71504.00
2026-03-04 22:09:40 [INFO] No signal (neutral/bearish, flat)
2026-03-04 22:09:40 [INFO] Sleeping for 60 seconds...
2026-03-04 22:10:40 [INFO] Current RSI: 74.84, Price: $71452.00
2026-03-04 22:10:40 [INFO] No signal (neutral/bearish, flat)
2026-03-04 22:10:40 [INFO] Sleeping for 60 seconds...
2026-03-04 22:11:40 [INFO] Current RSI: 74.76, Price: $71416.00
2026-03-04 22:11:40 [INFO] No signal (neutral/bearish, flat)
2026-03-04 22:11:40 [INFO] Sleeping for 60 seconds...
2026-03-04 22:12:40 [INFO] Current RSI: 74.54, Price: $71320.00
2026-03-04 22:12:40 [INFO] No signal (neutral/bearish, flat)
2026-03-04 22:12:40 [INFO] Sleeping for 60 seconds...
2026-03-04 22:13:40 [INFO] Current RSI: 74.45, Price: $71283.00
2026-03-04 22:13:40 [INFO] No signal (neutral/bearish, flat)
2026-03-04 22:13:40 [INFO] Sleeping for 60 seconds...
2026-03-04 22:14:40 [INFO] Current RSI: 74.36, Price: $71245.00
2026-03-04 22:14:40 [INFO] No signal (neutral/bearish, flat)
2026-03-04 22:14:40 [INFO] Sleeping for 60 seconds...
2026-03-04 22:15:40 [INFO] Current RSI: 74.53, Price: $71316.00
2026-03-04 22:15:40 [INFO] No signal (neutral/bearish, flat)
2026-03-04 22:15:40 [INFO] Sleeping for 60 seconds...
2026-03-04 22:16:40 [INFO] Current RSI: 74.40, Price: $71261.00
2026-03-04 22:16:40 [INFO] No signal (neutral/bearish, flat)
2026-03-04 22:16:40 [INFO] Sleeping for 60 seconds...
2026-03-04 22:17:40 [INFO] Current RSI: 74.53, Price: $71317.00
2026-03-04 22:17:40 [INFO] No signal (neutral/bearish, flat)
2026-03-04 22:17:40 [INFO] Sleeping for 60 seconds...
2026-03-04 22:18:40 [INFO] Current RSI: 74.50, Price: $71304.00
2026-03-04 22:18:40 [INFO] No signal (neutral/bearish, flat)
2026-03-04 22:18:40 [INFO] Sleeping for 60 seconds...
2026-03-04 22:19:40 [INFO] Current RSI: 74.40, Price: $71261.00
2026-03-04 22:19:40 [INFO] No signal (neutral/bearish, flat)
2026-03-04 22:19:40 [INFO] Sleeping for 60 seconds...
2026-03-04 22:20:41 [INFO] Current RSI: 74.45, Price: $71283.00
2026-03-04 22:20:41 [INFO] No signal (neutral/bearish, flat)
2026-03-04 22:20:41 [INFO] Sleeping for 60 seconds...
2026-03-04 22:21:41 [INFO] Current RSI: 74.48, Price: $71295.00
2026-03-04 22:21:41 [INFO] No signal (neutral/bearish, flat)
2026-03-04 22:21:41 [INFO] Sleeping for 60 seconds...
2026-03-04 22:22:41 [INFO] Current RSI: 74.35, Price: $71239.00
2026-03-04 22:22:41 [INFO] No signal (neutral/bearish, flat)
2026-03-04 22:22:41 [INFO] Sleeping for 60 seconds...
2026-03-04 22:23:41 [INFO] Current RSI: 74.29, Price: $71217.00
2026-03-04 22:23:41 [INFO] No signal (neutral/bearish, flat)
2026-03-04 22:23:41 [INFO] Sleeping for 60 seconds...
2026-03-04 22:24:41 [INFO] Current RSI: 74.25, Price: $71200.00
2026-03-04 22:24:41 [INFO] No signal (neutral/bearish, flat)
2026-03-04 22:24:41 [INFO] Sleeping for 60 seconds...
2026-03-04 22:25:41 [INFO] Current RSI: 74.35, Price: $71239.00
2026-03-04 22:25:41 [INFO] No signal (neutral/bearish, flat)
2026-03-04 22:25:41 [INFO] Sleeping for 60 seconds...
2026-03-04 22:26:41 [INFO] Current RSI: 74.41, Price: $71265.00
2026-03-04 22:26:41 [INFO] No signal (neutral/bearish, flat)
2026-03-04 22:26:41 [INFO] Sleeping for 60 seconds...
2026-03-04 22:27:42 [INFO] Current RSI: 74.48, Price: $71294.00
2026-03-04 22:27:42 [INFO] No signal (neutral/bearish, flat)
2026-03-04 22:27:42 [INFO] Sleeping for 60 seconds...
2026-03-04 22:28:42 [INFO] Current RSI: 74.56, Price: $71328.00
2026-03-04 22:28:42 [INFO] No signal (neutral/bearish, flat)
2026-03-04 22:28:42 [INFO] Sleeping for 60 seconds...
2026-03-04 22:29:42 [INFO] Current RSI: 74.54, Price: $71320.00
2026-03-04 22:29:42 [INFO] No signal (neutral/bearish, flat)
2026-03-04 22:29:42 [INFO] Sleeping for 60 seconds...
2026-03-04 22:30:42 [INFO] Current RSI: 74.44, Price: $71279.00
2026-03-04 22:30:42 [INFO] No signal (neutral/bearish, flat)
2026-03-04 22:30:42 [INFO] Sleeping for 60 seconds...
2026-03-04 22:31:42 [INFO] Current RSI: 74.49, Price: $71301.00
2026-03-04 22:31:42 [INFO] No signal (neutral/bearish, flat)
2026-03-04 22:31:42 [INFO] Sleeping for 60 seconds...
2026-03-04 22:32:42 [INFO] Current RSI: 74.55, Price: $71326.00
2026-03-04 22:32:42 [INFO] No signal (neutral/bearish, flat)
2026-03-04 22:32:42 [INFO] Sleeping for 60 seconds...
2026-03-04 22:33:42 [INFO] Current RSI: 74.60, Price: $71345.00
2026-03-04 22:33:42 [INFO] No signal (neutral/bearish, flat)
2026-03-04 22:33:42 [INFO] Sleeping for 60 seconds...
2026-03-04 22:34:42 [INFO] Current RSI: 74.50, Price: $71306.00
2026-03-04 22:34:42 [INFO] No signal (neutral/bearish, flat)
2026-03-04 22:34:42 [INFO] Sleeping for 60 seconds...
2026-03-04 22:35:42 [INFO] Current RSI: 74.35, Price: $71239.00
2026-03-04 22:35:42 [INFO] No signal (neutral/bearish, flat)
2026-03-04 22:35:42 [INFO] Sleeping for 60 seconds...
2026-03-04 22:36:42 [INFO] Current RSI: 74.52, Price: $71311.00
2026-03-04 22:36:42 [INFO] No signal (neutral/bearish, flat)
2026-03-04 22:36:42 [INFO] Sleeping for 60 seconds...
2026-03-04 22:37:42 [INFO] Current RSI: 74.45, Price: $71281.00
2026-03-04 22:37:42 [INFO] No signal (neutral/bearish, flat)
2026-03-04 22:37:42 [INFO] Sleeping for 60 seconds...
2026-03-04 22:38:42 [INFO] Current RSI: 74.63, Price: $71361.00
2026-03-04 22:38:42 [INFO] No signal (neutral/bearish, flat)
2026-03-04 22:38:42 [INFO] Sleeping for 60 seconds...
2026-03-04 22:39:42 [INFO] Current RSI: 74.74, Price: $71406.00
2026-03-04 22:39:42 [INFO] No signal (neutral/bearish, flat)
2026-03-04 22:39:42 [INFO] Sleeping for 60 seconds...
2026-03-04 22:40:42 [INFO] Current RSI: 74.70, Price: $71390.00
2026-03-04 22:40:42 [INFO] No signal (neutral/bearish, flat)
2026-03-04 22:40:42 [INFO] Sleeping for 60 seconds...
2026-03-04 22:41:42 [INFO] Current RSI: 74.87, Price: $71463.00
2026-03-04 22:41:42 [INFO] No signal (neutral/bearish, flat)
2026-03-04 22:41:42 [INFO] Sleeping for 60 seconds...
2026-03-04 22:42:43 [INFO] Current RSI: 74.92, Price: $71485.00
2026-03-04 22:42:43 [INFO] No signal (neutral/bearish, flat)
2026-03-04 22:42:43 [INFO] Sleeping for 60 seconds...
2026-03-04 22:43:43 [INFO] Current RSI: 74.84, Price: $71450.00
2026-03-04 22:43:43 [INFO] No signal (neutral/bearish, flat)
2026-03-04 22:43:43 [INFO] Sleeping for 60 seconds...
2026-03-04 22:44:43 [INFO] Current RSI: 74.75, Price: $71410.00
2026-03-04 22:44:43 [INFO] No signal (neutral/bearish, flat)
2026-03-04 22:44:43 [INFO] Sleeping for 60 seconds...
2026-03-04 22:45:43 [INFO] Current RSI: 74.72, Price: $71397.00
2026-03-04 22:45:43 [INFO] No signal (neutral/bearish, flat)
2026-03-04 22:45:43 [INFO] Sleeping for 60 seconds...
2026-03-04 22:46:43 [INFO] Current RSI: 74.70, Price: $71389.00
2026-03-04 22:46:43 [INFO] No signal (neutral/bearish, flat)
2026-03-04 22:46:43 [INFO] Sleeping for 60 seconds...
2026-03-04 22:47:43 [INFO] Current RSI: 74.74, Price: $71409.00
2026-03-04 22:47:43 [INFO] No signal (neutral/bearish, flat)
2026-03-04 22:47:43 [INFO] Sleeping for 60 seconds...
2026-03-04 22:48:43 [INFO] Current RSI: 74.59, Price: $71341.00
2026-03-04 22:48:43 [INFO] No signal (neutral/bearish, flat)
2026-03-04 22:48:43 [INFO] Sleeping for 60 seconds...
2026-03-04 22:49:43 [INFO] Current RSI: 74.68, Price: $71380.00
2026-03-04 22:49:43 [INFO] No signal (neutral/bearish, flat)
2026-03-04 22:49:43 [INFO] Sleeping for 60 seconds...
2026-03-04 22:50:43 [INFO] Current RSI: 74.57, Price: $71333.00
2026-03-04 22:50:43 [INFO] No signal (neutral/bearish, flat)
2026-03-04 22:50:43 [INFO] Sleeping for 60 seconds...
2026-03-04 22:51:43 [INFO] Current RSI: 74.44, Price: $71278.00
2026-03-04 22:51:43 [INFO] No signal (neutral/bearish, flat)
2026-03-04 22:51:43 [INFO] Sleeping for 60 seconds...
2026-03-04 22:52:44 [INFO] Current RSI: 74.64, Price: $71363.00
2026-03-04 22:52:44 [INFO] No signal (neutral/bearish, flat)
2026-03-04 22:52:44 [INFO] Sleeping for 60 seconds...
2026-03-04 22:53:44 [INFO] Current RSI: 74.60, Price: $71348.00
2026-03-04 22:53:44 [INFO] No signal (neutral/bearish, flat)
2026-03-04 22:53:44 [INFO] Sleeping for 60 seconds...
2026-03-04 22:54:44 [INFO] Current RSI: 74.72, Price: $71398.00
2026-03-04 22:54:44 [INFO] No signal (neutral/bearish, flat)
2026-03-04 22:54:44 [INFO] Sleeping for 60 seconds...
2026-03-04 22:55:44 [INFO] Current RSI: 74.76, Price: $71415.00
2026-03-04 22:55:44 [INFO] No signal (neutral/bearish, flat)
2026-03-04 22:55:44 [INFO] Sleeping for 60 seconds...
2026-03-04 22:56:44 [INFO] Current RSI: 74.83, Price: $71447.00
2026-03-04 22:56:44 [INFO] No signal (neutral/bearish, flat)
2026-03-04 22:56:44 [INFO] Sleeping for 60 seconds...
2026-03-04 22:57:44 [INFO] Current RSI: 74.84, Price: $71450.00
2026-03-04 22:57:44 [INFO] No signal (neutral/bearish, flat)
2026-03-04 22:57:44 [INFO] Sleeping for 60 seconds...
2026-03-04 22:58:44 [INFO] Current RSI: 74.83, Price: $71448.00
2026-03-04 22:58:44 [INFO] No signal (neutral/bearish, flat)
2026-03-04 22:58:44 [INFO] Sleeping for 60 seconds...
2026-03-04 22:59:44 [INFO] Current RSI: 74.78, Price: $71427.00
2026-03-04 22:59:44 [INFO] No signal (neutral/bearish, flat)
2026-03-04 22:59:44 [INFO] Sleeping for 60 seconds...
2026-03-04 23:00:44 [INFO] Current RSI: 74.81, Price: $71438.00
2026-03-04 23:00:44 [INFO] No signal (neutral/bearish, flat)
2026-03-04 23:00:44 [INFO] Sleeping for 60 seconds...
2026-03-04 23:01:44 [INFO] Current RSI: 74.78, Price: $71426.00
2026-03-04 23:01:44 [INFO] No signal (neutral/bearish, flat)
2026-03-04 23:01:44 [INFO] Sleeping for 60 seconds...
2026-03-04 23:02:44 [INFO] Current RSI: 74.73, Price: $71404.00
2026-03-04 23:02:44 [INFO] No signal (neutral/bearish, flat)
2026-03-04 23:02:44 [INFO] Sleeping for 60 seconds...
2026-03-04 23:03:45 [INFO] Current RSI: 74.72, Price: $71398.00
2026-03-04 23:03:45 [INFO] No signal (neutral/bearish, flat)
2026-03-04 23:03:45 [INFO] Sleeping for 60 seconds...
2026-03-04 23:04:45 [INFO] Current RSI: 74.71, Price: $71396.00
2026-03-04 23:04:45 [INFO] No signal (neutral/bearish, flat)
2026-03-04 23:04:45 [INFO] Sleeping for 60 seconds...
2026-03-04 23:05:45 [INFO] Current RSI: 74.85, Price: $71454.00
2026-03-04 23:05:45 [INFO] No signal (neutral/bearish, flat)
2026-03-04 23:05:45 [INFO] Sleeping for 60 seconds...
2026-03-04 23:06:45 [INFO] Current RSI: 74.77, Price: $71421.00
2026-03-04 23:06:45 [INFO] No signal (neutral/bearish, flat)
2026-03-04 23:06:45 [INFO] Sleeping for 60 seconds...
2026-03-04 23:07:45 [INFO] Current RSI: 75.18, Price: $71602.00
2026-03-04 23:07:45 [INFO] No signal (neutral/bearish, flat)
2026-03-04 23:07:45 [INFO] Sleeping for 60 seconds...
2026-03-04 23:08:45 [INFO] Current RSI: 74.90, Price: $71477.00
2026-03-04 23:08:45 [INFO] No signal (neutral/bearish, flat)
2026-03-04 23:08:45 [INFO] Sleeping for 60 seconds...
2026-03-04 23:09:45 [INFO] Current RSI: 74.95, Price: $71500.00
2026-03-04 23:09:45 [INFO] No signal (neutral/bearish, flat)
2026-03-04 23:09:45 [INFO] Sleeping for 60 seconds...
2026-03-04 23:10:45 [INFO] Current RSI: 75.16, Price: $71594.00
2026-03-04 23:10:45 [INFO] No signal (neutral/bearish, flat)
2026-03-04 23:10:45 [INFO] Sleeping for 60 seconds...
2026-03-04 23:11:46 [INFO] Current RSI: 75.19, Price: $71608.00
2026-03-04 23:11:46 [INFO] No signal (neutral/bearish, flat)
2026-03-04 23:11:46 [INFO] Sleeping for 60 seconds...
2026-03-04 23:12:46 [INFO] Current RSI: 75.23, Price: $71626.00
2026-03-04 23:12:46 [INFO] No signal (neutral/bearish, flat)
2026-03-04 23:12:46 [INFO] Sleeping for 60 seconds...
2026-03-04 23:13:46 [INFO] Current RSI: 75.26, Price: $71640.00
2026-03-04 23:13:46 [INFO] No signal (neutral/bearish, flat)
2026-03-04 23:13:46 [INFO] Sleeping for 60 seconds...
2026-03-04 23:14:46 [INFO] Current RSI: 75.54, Price: $71765.00
2026-03-04 23:14:46 [INFO] No signal (neutral/bearish, flat)
2026-03-04 23:14:46 [INFO] Sleeping for 60 seconds...
2026-03-04 23:15:46 [INFO] Current RSI: 75.54, Price: $71769.00
2026-03-04 23:15:46 [INFO] No signal (neutral/bearish, flat)
2026-03-04 23:15:46 [INFO] Sleeping for 60 seconds...
2026-03-04 23:16:46 [INFO] Current RSI: 75.69, Price: $71839.00
2026-03-04 23:16:46 [INFO] No signal (neutral/bearish, flat)
2026-03-04 23:16:46 [INFO] Sleeping for 60 seconds...
2026-03-04 23:17:46 [INFO] Current RSI: 75.35, Price: $71682.00
2026-03-04 23:17:46 [INFO] No signal (neutral/bearish, flat)
2026-03-04 23:17:46 [INFO] Sleeping for 60 seconds...
2026-03-04 23:18:46 [INFO] Current RSI: 75.51, Price: $71752.00
2026-03-04 23:18:46 [INFO] No signal (neutral/bearish, flat)
2026-03-04 23:18:46 [INFO] Sleeping for 60 seconds...
2026-03-04 23:19:46 [INFO] Current RSI: 75.35, Price: $71678.00
2026-03-04 23:19:46 [INFO] No signal (neutral/bearish, flat)
2026-03-04 23:19:46 [INFO] Sleeping for 60 seconds...
2026-03-04 23:20:46 [INFO] Current RSI: 75.13, Price: $71578.00
2026-03-04 23:20:46 [INFO] No signal (neutral/bearish, flat)
2026-03-04 23:20:46 [INFO] Sleeping for 60 seconds...
2026-03-04 23:21:39 [INFO] Trading loop stopped by user
2026-03-04 23:21:40 [INFO] Trader stopped by user
2026-03-04 23:21:40 [INFO] Test message: Trader is running
2026-03-04 23:21:40 [INFO] DEBUG: Starting live trading mode...
2026-03-04 23:21:40 [INFO] Live trading 有効化: env=mainnet, address=0x8455b70a5a0d942eb9a1598a0e9e1214a3b31b55
2026-03-04 23:21:40 [INFO] Initialized trader for BTC with 4h timeframe
2026-03-04 23:21:40 [INFO] RSI settings: period=14, overbought=70, oversold=30
2026-03-04 23:21:40 [INFO] Trader initialized successfully
2026-03-04 23:21:40 [INFO] Starting trading loop (paper mode, no real orders)...
2026-03-04 23:21:40 [INFO] Current RSI: 75.14, Price: $71586.00
2026-03-04 23:21:40 [INFO] No signal (neutral/bearish, flat)
2026-03-04 23:21:40 [INFO] Sleeping for 60 seconds...
2026-03-04 23:21:41 [INFO] Trading loop stopped by user
