{"timestamp": "2026-03-04T21:31:14.858898", "message": "Trader process started"}
2026-03-04 21:31:14 [INFO] ======================================================================
2026-03-04 21:31:14 [INFO]  BTC/USDT 4H ADAPTIVE RSI v5 - LIVE TRADER
2026-03-04 21:31:14 [INFO] ======================================================================
2026-03-04 21:31:14 [INFO] Python version: 3.10.11 (tags/v3.10.11:7d4cc5a, Apr  5 2023, 00:38:17) [MSC v.1929 64 bit (AMD64)]
2026-03-04 21:31:14 [INFO] Working directory: C:\Users\user\Desktop\cursor\trade
2026-03-04 21:31:14 [INFO] Script file: C:\Users\user\Desktop\cursor\trade\hl_trader_v6.py
2026-03-04 21:31:14 [INFO] Log file: C:\Users\user\Desktop\cursor\trade\trader_20260304_213114.log
2026-03-04 21:31:14 [INFO] ======================================================================
2026-03-04 21:31:14 [INFO] Test message: Trader is running
2026-03-04 21:31:14 [INFO] Initialized trader for BTC with 4h timeframe
2026-03-04 21:31:14 [INFO] RSI settings: period=14, overbought=70, oversold=30
2026-03-04 21:31:14 [INFO] Trader initialized successfully
2026-03-04 21:31:14 [INFO] Starting trading loop (paper mode, no real orders)...
2026-03-04 21:31:14 [INFO] Current RSI: 70.59, Price: $70569.00
2026-03-04 21:31:14 [INFO] No signal (neutral/bearish, flat)
2026-03-04 21:31:14 [INFO] Sleeping for 60 seconds...
2026-03-04 21:32:15 [INFO] Current RSI: 70.83, Price: $70607.00
2026-03-04 21:32:15 [INFO] No signal (neutral/bearish, flat)
2026-03-04 21:32:15 [INFO] Sleeping for 60 seconds...
2026-03-04 21:33:15 [INFO] Current RSI: 71.44, Price: $70702.00
2026-03-04 21:33:15 [INFO] No signal (neutral/bearish, flat)
2026-03-04 21:33:15 [INFO] Sleeping for 60 seconds...
2026-03-04 21:34:15 [INFO] Current RSI: 71.55, Price: $70719.00
2026-03-04 21:34:15 [INFO] No signal (neutral/bearish, flat)
2026-03-04 21:34:15 [INFO] Sleeping for 60 seconds...
2026-03-04 21:35:15 [INFO] Current RSI: 71.85, Price: $70765.00
2026-03-04 21:35:15 [INFO] No signal (neutral/bearish, flat)
2026-03-04 21:35:15 [INFO] Sleeping for 60 seconds...
2026-03-04 21:36:15 [INFO] Current RSI: 71.10, Price: $70649.00
2026-03-04 21:36:15 [INFO] No signal (neutral/bearish, flat)
2026-03-04 21:36:15 [INFO] Sleeping for 60 seconds...
2026-03-04 21:37:15 [INFO] Current RSI: 71.41, Price: $70696.00
2026-03-04 21:37:15 [INFO] No signal (neutral/bearish, flat)
2026-03-04 21:37:15 [INFO] Sleeping for 60 seconds...
2026-03-04 21:38:15 [INFO] Current RSI: 72.03, Price: $70792.00
2026-03-04 21:38:15 [INFO] No signal (neutral/bearish, flat)
2026-03-04 21:38:15 [INFO] Sleeping for 60 seconds...
2026-03-04 21:39:15 [INFO] Current RSI: 72.16, Price: $70812.00
2026-03-04 21:39:15 [INFO] No signal (neutral/bearish, flat)
2026-03-04 21:39:15 [INFO] Sleeping for 60 seconds...
2026-03-04 21:40:15 [INFO] Current RSI: 72.86, Price: $70917.00
2026-03-04 21:40:15 [INFO] No signal (neutral/bearish, flat)
2026-03-04 21:40:15 [INFO] Sleeping for 60 seconds...
2026-03-04 21:41:15 [INFO] Current RSI: 72.66, Price: $70886.00
2026-03-04 21:41:15 [INFO] No signal (neutral/bearish, flat)
2026-03-04 21:41:15 [INFO] Sleeping for 60 seconds...
2026-03-04 21:42:15 [INFO] Current RSI: 72.70, Price: $70892.00
2026-03-04 21:42:15 [INFO] No signal (neutral/bearish, flat)
2026-03-04 21:42:15 [INFO] Sleeping for 60 seconds...
2026-03-04 21:43:16 [INFO] Current RSI: 72.97, Price: $70933.00
2026-03-04 21:43:16 [INFO] No signal (neutral/bearish, flat)
2026-03-04 21:43:16 [INFO] Sleeping for 60 seconds...
2026-03-04 21:44:16 [INFO] Current RSI: 73.15, Price: $70960.00
2026-03-04 21:44:16 [INFO] No signal (neutral/bearish, flat)
2026-03-04 21:44:16 [INFO] Sleeping for 60 seconds...
2026-03-04 21:45:16 [INFO] Current RSI: 72.84, Price: $70914.00
2026-03-04 21:45:16 [INFO] No signal (neutral/bearish, flat)
2026-03-04 21:45:16 [INFO] Sleeping for 60 seconds...
2026-03-04 21:46:16 [INFO] Current RSI: 72.64, Price: $70883.00
2026-03-04 21:46:16 [INFO] No signal (neutral/bearish, flat)
2026-03-04 21:46:16 [INFO] Sleeping for 60 seconds...
2026-03-04 21:47:16 [INFO] Current RSI: 72.60, Price: $70878.00
2026-03-04 21:47:16 [INFO] No signal (neutral/bearish, flat)
2026-03-04 21:47:16 [INFO] Sleeping for 60 seconds...
2026-03-04 21:48:16 [INFO] Current RSI: 73.34, Price: $70988.00
2026-03-04 21:48:16 [INFO] No signal (neutral/bearish, flat)
2026-03-04 21:48:16 [INFO] Sleeping for 60 seconds...
2026-03-04 21:49:16 [INFO] Current RSI: 73.55, Price: $71018.00
2026-03-04 21:49:16 [INFO] No signal (neutral/bearish, flat)
2026-03-04 21:49:16 [INFO] Sleeping for 60 seconds...
2026-03-04 21:50:16 [INFO] Current RSI: 74.05, Price: $71115.00
2026-03-04 21:50:16 [INFO] No signal (neutral/bearish, flat)
2026-03-04 21:50:16 [INFO] Sleeping for 60 seconds...
2026-03-04 21:51:16 [INFO] Current RSI: 73.78, Price: $71052.00
2026-03-04 21:51:16 [INFO] No signal (neutral/bearish, flat)
2026-03-04 21:51:16 [INFO] Sleeping for 60 seconds...
2026-03-04 21:52:16 [INFO] Current RSI: 73.97, Price: $71082.00
2026-03-04 21:52:16 [INFO] No signal (neutral/bearish, flat)
2026-03-04 21:52:16 [INFO] Sleeping for 60 seconds...
2026-03-04 21:53:16 [INFO] Current RSI: 74.00, Price: $71094.00
2026-03-04 21:53:16 [INFO] No signal (neutral/bearish, flat)
2026-03-04 21:53:16 [INFO] Sleeping for 60 seconds...
2026-03-04 21:54:16 [INFO] Current RSI: 73.76, Price: $71048.00
2026-03-04 21:54:16 [INFO] No signal (neutral/bearish, flat)
2026-03-04 21:54:16 [INFO] Sleeping for 60 seconds...
2026-03-04 21:55:17 [INFO] Current RSI: 73.98, Price: $71087.00
2026-03-04 21:55:17 [INFO] No signal (neutral/bearish, flat)
2026-03-04 21:55:17 [INFO] Sleeping for 60 seconds...
2026-03-04 21:56:17 [INFO] Current RSI: 74.06, Price: $71119.00
2026-03-04 21:56:17 [INFO] No signal (neutral/bearish, flat)
2026-03-04 21:56:17 [INFO] Sleeping for 60 seconds...
2026-03-04 21:57:17 [INFO] Current RSI: 74.35, Price: $71240.00
2026-03-04 21:57:17 [INFO] No signal (neutral/bearish, flat)
2026-03-04 21:57:17 [INFO] Sleeping for 60 seconds...
2026-03-04 21:58:17 [INFO] Current RSI: 74.40, Price: $71260.00
2026-03-04 21:58:17 [INFO] No signal (neutral/bearish, flat)
2026-03-04 21:58:17 [INFO] Sleeping for 60 seconds...
2026-03-04 21:59:17 [INFO] Current RSI: 74.49, Price: $71300.00
2026-03-04 21:59:17 [INFO] No signal (neutral/bearish, flat)
2026-03-04 21:59:17 [INFO] Sleeping for 60 seconds...
2026-03-04 22:00:17 [INFO] Current RSI: 74.43, Price: $71275.00
2026-03-04 22:00:17 [INFO] No signal (neutral/bearish, flat)
2026-03-04 22:00:17 [INFO] Sleeping for 60 seconds...
2026-03-04 22:01:17 [INFO] Current RSI: 74.41, Price: $71265.00
2026-03-04 22:01:17 [INFO] No signal (neutral/bearish, flat)
2026-03-04 22:01:17 [INFO] Sleeping for 60 seconds...
2026-03-04 22:02:17 [INFO] Current RSI: 74.46, Price: $71287.00
2026-03-04 22:02:17 [INFO] No signal (neutral/bearish, flat)
2026-03-04 22:02:17 [INFO] Sleeping for 60 seconds...
2026-03-04 22:03:17 [INFO] Current RSI: 74.37, Price: $71249.00
2026-03-04 22:03:17 [INFO] No signal (neutral/bearish, flat)
2026-03-04 22:03:17 [INFO] Sleeping for 60 seconds...
2026-03-04 22:04:17 [INFO] Current RSI: 74.40, Price: $71262.00
2026-03-04 22:04:17 [INFO] No signal (neutral/bearish, flat)
2026-03-04 22:04:17 [INFO] Sleeping for 60 seconds...
2026-03-04 22:05:17 [INFO] Current RSI: 74.45, Price: $71281.00
2026-03-04 22:05:17 [INFO] No signal (neutral/bearish, flat)
2026-03-04 22:05:17 [INFO] Sleeping for 60 seconds...
2026-03-04 22:06:18 [INFO] Current RSI: 74.56, Price: $71328.00
2026-03-04 22:06:18 [INFO] No signal (neutral/bearish, flat)
2026-03-04 22:06:18 [INFO] Sleeping for 60 seconds...
2026-03-04 22:07:18 [INFO] Current RSI: 74.97, Price: $71509.00
2026-03-04 22:07:18 [INFO] No signal (neutral/bearish, flat)
2026-03-04 22:07:18 [INFO] Sleeping for 60 seconds...
2026-03-04 22:08:18 [INFO] Current RSI: 75.01, Price: $71528.00
2026-03-04 22:08:18 [INFO] No signal (neutral/bearish, flat)
2026-03-04 22:08:18 [INFO] Sleeping for 60 seconds...
2026-03-04 22:09:18 [INFO] Current RSI: 75.09, Price: $71561.00
2026-03-04 22:09:18 [INFO] No signal (neutral/bearish, flat)
2026-03-04 22:09:18 [INFO] Sleeping for 60 seconds...
2026-03-04 22:10:18 [INFO] Current RSI: 74.87, Price: $71464.00
2026-03-04 22:10:18 [INFO] No signal (neutral/bearish, flat)
2026-03-04 22:10:18 [INFO] Sleeping for 60 seconds...
2026-03-04 22:11:18 [INFO] Current RSI: 74.78, Price: $71423.00
2026-03-04 22:11:18 [INFO] No signal (neutral/bearish, flat)
2026-03-04 22:11:18 [INFO] Sleeping for 60 seconds...
2026-03-04 22:12:19 [INFO] Current RSI: 74.66, Price: $71374.00
2026-03-04 22:12:19 [INFO] No signal (neutral/bearish, flat)
2026-03-04 22:12:19 [INFO] Sleeping for 60 seconds...
2026-03-04 22:13:19 [INFO] Current RSI: 74.60, Price: $71349.00
2026-03-04 22:13:19 [INFO] No signal (neutral/bearish, flat)
2026-03-04 22:13:19 [INFO] Sleeping for 60 seconds...
2026-03-04 22:14:20 [INFO] Current RSI: 74.42, Price: $71272.00
2026-03-04 22:14:20 [INFO] No signal (neutral/bearish, flat)
2026-03-04 22:14:20 [INFO] Sleeping for 60 seconds...
2026-03-04 22:15:20 [INFO] Current RSI: 74.40, Price: $71263.00
2026-03-04 22:15:20 [INFO] No signal (neutral/bearish, flat)
2026-03-04 22:15:20 [INFO] Sleeping for 60 seconds...
2026-03-04 22:16:20 [INFO] Current RSI: 74.45, Price: $71283.00
2026-03-04 22:16:20 [INFO] No signal (neutral/bearish, flat)
2026-03-04 22:16:20 [INFO] Sleeping for 60 seconds...
2026-03-04 22:17:20 [INFO] Current RSI: 74.46, Price: $71288.00
2026-03-04 22:17:20 [INFO] No signal (neutral/bearish, flat)
2026-03-04 22:17:20 [INFO] Sleeping for 60 seconds...
2026-03-04 22:18:20 [INFO] Current RSI: 74.46, Price: $71289.00
2026-03-04 22:18:20 [INFO] No signal (neutral/bearish, flat)
2026-03-04 22:18:20 [INFO] Sleeping for 60 seconds...
2026-03-04 22:19:20 [INFO] Current RSI: 74.48, Price: $71295.00
2026-03-04 22:19:20 [INFO] No signal (neutral/bearish, flat)
2026-03-04 22:19:20 [INFO] Sleeping for 60 seconds...
2026-03-04 22:20:20 [INFO] Current RSI: 74.42, Price: $71271.00
2026-03-04 22:20:20 [INFO] No signal (neutral/bearish, flat)
2026-03-04 22:20:20 [INFO] Sleeping for 60 seconds...
2026-03-04 22:21:20 [INFO] Current RSI: 74.49, Price: $71302.00
2026-03-04 22:21:20 [INFO] No signal (neutral/bearish, flat)
2026-03-04 22:21:20 [INFO] Sleeping for 60 seconds...
2026-03-04 22:22:20 [INFO] Current RSI: 74.45, Price: $71281.00
2026-03-04 22:22:20 [INFO] No signal (neutral/bearish, flat)
2026-03-04 22:22:20 [INFO] Sleeping for 60 seconds...
2026-03-04 22:23:20 [INFO] Current RSI: 74.28, Price: $71211.00
2026-03-04 22:23:20 [INFO] No signal (neutral/bearish, flat)
2026-03-04 22:23:20 [INFO] Sleeping for 60 seconds...
2026-03-04 22:24:20 [INFO] Current RSI: 74.22, Price: $71187.00
2026-03-04 22:24:20 [INFO] No signal (neutral/bearish, flat)
2026-03-04 22:24:20 [INFO] Sleeping for 60 seconds...
2026-03-04 22:25:20 [INFO] Current RSI: 74.36, Price: $71245.00
2026-03-04 22:25:20 [INFO] No signal (neutral/bearish, flat)
2026-03-04 22:25:20 [INFO] Sleeping for 60 seconds...
2026-03-04 22:26:20 [INFO] Current RSI: 74.40, Price: $71263.00
2026-03-04 22:26:20 [INFO] No signal (neutral/bearish, flat)
2026-03-04 22:26:20 [INFO] Sleeping for 60 seconds...
2026-03-04 22:27:20 [INFO] Current RSI: 74.43, Price: $71274.00
2026-03-04 22:27:20 [INFO] No signal (neutral/bearish, flat)
2026-03-04 22:27:20 [INFO] Sleeping for 60 seconds...
2026-03-04 22:28:21 [INFO] Current RSI: 74.59, Price: $71341.00
2026-03-04 22:28:21 [INFO] No signal (neutral/bearish, flat)
2026-03-04 22:28:21 [INFO] Sleeping for 60 seconds...
2026-03-04 22:29:21 [INFO] Current RSI: 74.51, Price: $71309.00
2026-03-04 22:29:21 [INFO] No signal (neutral/bearish, flat)
2026-03-04 22:29:21 [INFO] Sleeping for 60 seconds...
2026-03-04 22:30:21 [INFO] Current RSI: 74.52, Price: $71313.00
2026-03-04 22:30:21 [INFO] No signal (neutral/bearish, flat)
2026-03-04 22:30:21 [INFO] Sleeping for 60 seconds...
2026-03-04 22:31:21 [INFO] Current RSI: 74.41, Price: $71267.00
2026-03-04 22:31:21 [INFO] No signal (neutral/bearish, flat)
2026-03-04 22:31:21 [INFO] Sleeping for 60 seconds...
2026-03-04 22:32:21 [INFO] Current RSI: 74.53, Price: $71319.00
2026-03-04 22:32:21 [INFO] No signal (neutral/bearish, flat)
2026-03-04 22:32:21 [INFO] Sleeping for 60 seconds...
2026-03-04 22:33:21 [INFO] Current RSI: 74.54, Price: $71323.00
2026-03-04 22:33:21 [INFO] No signal (neutral/bearish, flat)
2026-03-04 22:33:21 [INFO] Sleeping for 60 seconds...
2026-03-04 22:34:21 [INFO] Current RSI: 74.54, Price: $71321.00
2026-03-04 22:34:21 [INFO] No signal (neutral/bearish, flat)
2026-03-04 22:34:21 [INFO] Sleeping for 60 seconds...
2026-03-04 22:35:21 [INFO] Current RSI: 74.28, Price: $71209.00
2026-03-04 22:35:21 [INFO] No signal (neutral/bearish, flat)
2026-03-04 22:35:21 [INFO] Sleeping for 60 seconds...
2026-03-04 22:36:21 [INFO] Current RSI: 74.36, Price: $71243.00
2026-03-04 22:36:21 [INFO] No signal (neutral/bearish, flat)
2026-03-04 22:36:21 [INFO] Sleeping for 60 seconds...
2026-03-04 22:37:21 [INFO] Current RSI: 74.47, Price: $71291.00
2026-03-04 22:37:21 [INFO] No signal (neutral/bearish, flat)
2026-03-04 22:37:21 [INFO] Sleeping for 60 seconds...
2026-03-04 22:38:22 [INFO] Current RSI: 74.58, Price: $71338.00
2026-03-04 22:38:22 [INFO] No signal (neutral/bearish, flat)
2026-03-04 22:38:22 [INFO] Sleeping for 60 seconds...
2026-03-04 22:39:22 [INFO] Current RSI: 74.71, Price: $71396.00
2026-03-04 22:39:22 [INFO] No signal (neutral/bearish, flat)
2026-03-04 22:39:22 [INFO] Sleeping for 60 seconds...
2026-03-04 22:40:22 [INFO] Current RSI: 74.71, Price: $71396.00
2026-03-04 22:40:22 [INFO] No signal (neutral/bearish, flat)
2026-03-04 22:40:22 [INFO] Sleeping for 60 seconds...
2026-03-04 22:41:22 [INFO] Current RSI: 74.72, Price: $71398.00
2026-03-04 22:41:22 [INFO] No signal (neutral/bearish, flat)
2026-03-04 22:41:22 [INFO] Sleeping for 60 seconds...
2026-03-04 22:42:22 [INFO] Current RSI: 74.84, Price: $71451.00
2026-03-04 22:42:22 [INFO] No signal (neutral/bearish, flat)
2026-03-04 22:42:22 [INFO] Sleeping for 60 seconds...
2026-03-04 22:43:22 [INFO] Current RSI: 74.78, Price: $71425.00
2026-03-04 22:43:22 [INFO] No signal (neutral/bearish, flat)
2026-03-04 22:43:22 [INFO] Sleeping for 60 seconds...
2026-03-04 22:44:22 [INFO] Current RSI: 74.76, Price: $71416.00
2026-03-04 22:44:22 [INFO] No signal (neutral/bearish, flat)
2026-03-04 22:44:22 [INFO] Sleeping for 60 seconds...
2026-03-04 22:45:22 [INFO] Current RSI: 74.70, Price: $71389.00
2026-03-04 22:45:22 [INFO] No signal (neutral/bearish, flat)
2026-03-04 22:45:22 [INFO] Sleeping for 60 seconds...
2026-03-04 22:46:22 [INFO] Current RSI: 74.72, Price: $71397.00
2026-03-04 22:46:22 [INFO] No signal (neutral/bearish, flat)
2026-03-04 22:46:22 [INFO] Sleeping for 60 seconds...
2026-03-04 22:47:22 [INFO] Current RSI: 74.77, Price: $71420.00
2026-03-04 22:47:22 [INFO] No signal (neutral/bearish, flat)
2026-03-04 22:47:22 [INFO] Sleeping for 60 seconds...
2026-03-04 22:48:22 [INFO] Current RSI: 74.64, Price: $71363.00
2026-03-04 22:48:22 [INFO] No signal (neutral/bearish, flat)
2026-03-04 22:48:22 [INFO] Sleeping for 60 seconds...
2026-03-04 22:49:23 [INFO] Current RSI: 74.66, Price: $71371.00
2026-03-04 22:49:23 [INFO] No signal (neutral/bearish, flat)
2026-03-04 22:49:23 [INFO] Sleeping for 60 seconds...
2026-03-04 22:50:23 [INFO] Current RSI: 74.63, Price: $71358.00
2026-03-04 22:50:23 [INFO] No signal (neutral/bearish, flat)
2026-03-04 22:50:23 [INFO] Sleeping for 60 seconds...
2026-03-04 22:51:23 [INFO] Current RSI: 74.52, Price: $71314.00
2026-03-04 22:51:23 [INFO] No signal (neutral/bearish, flat)
2026-03-04 22:51:23 [INFO] Sleeping for 60 seconds...
2026-03-04 22:52:23 [INFO] Current RSI: 74.53, Price: $71316.00
2026-03-04 22:52:23 [INFO] No signal (neutral/bearish, flat)
2026-03-04 22:52:23 [INFO] Sleeping for 60 seconds...
2026-03-04 22:53:23 [INFO] Current RSI: 74.58, Price: $71340.00
2026-03-04 22:53:23 [INFO] No signal (neutral/bearish, flat)
2026-03-04 22:53:23 [INFO] Sleeping for 60 seconds...
2026-03-04 22:54:23 [INFO] Current RSI: 74.63, Price: $71362.00
2026-03-04 22:54:23 [INFO] No signal (neutral/bearish, flat)
2026-03-04 22:54:23 [INFO] Sleeping for 60 seconds...
2026-03-04 22:55:23 [INFO] Current RSI: 74.74, Price: $71408.00
2026-03-04 22:55:23 [INFO] No signal (neutral/bearish, flat)
2026-03-04 22:55:23 [INFO] Sleeping for 60 seconds...
2026-03-04 22:56:23 [INFO] Current RSI: 74.89, Price: $71472.00
2026-03-04 22:56:23 [INFO] No signal (neutral/bearish, flat)
2026-03-04 22:56:23 [INFO] Sleeping for 60 seconds...
2026-03-04 22:57:23 [INFO] Current RSI: 74.89, Price: $71472.00
2026-03-04 22:57:23 [INFO] No signal (neutral/bearish, flat)
2026-03-04 22:57:23 [INFO] Sleeping for 60 seconds...
2026-03-04 22:58:23 [INFO] Current RSI: 74.87, Price: $71464.00
2026-03-04 22:58:23 [INFO] No signal (neutral/bearish, flat)
2026-03-04 22:58:23 [INFO] Sleeping for 60 seconds...
2026-03-04 22:59:23 [INFO] Current RSI: 74.77, Price: $71420.00
2026-03-04 22:59:23 [INFO] No signal (neutral/bearish, flat)
2026-03-04 22:59:23 [INFO] Sleeping for 60 seconds...
2026-03-04 23:00:23 [INFO] Current RSI: 74.84, Price: $71450.00
2026-03-04 23:00:23 [INFO] No signal (neutral/bearish, flat)
2026-03-04 23:00:23 [INFO] Sleeping for 60 seconds...
2026-03-04 23:01:23 [INFO] Current RSI: 74.75, Price: $71411.00
2026-03-04 23:01:23 [INFO] No signal (neutral/bearish, flat)
2026-03-04 23:01:23 [INFO] Sleeping for 60 seconds...
2026-03-04 23:02:23 [INFO] Current RSI: 74.83, Price: $71445.00
2026-03-04 23:02:23 [INFO] No signal (neutral/bearish, flat)
2026-03-04 23:02:23 [INFO] Sleeping for 60 seconds...
2026-03-04 23:03:23 [INFO] Current RSI: 74.72, Price: $71400.00
2026-03-04 23:03:23 [INFO] No signal (neutral/bearish, flat)
2026-03-04 23:03:23 [INFO] Sleeping for 60 seconds...
2026-03-04 23:04:24 [INFO] Current RSI: 74.71, Price: $71394.00
2026-03-04 23:04:24 [INFO] No signal (neutral/bearish, flat)
2026-03-04 23:04:24 [INFO] Sleeping for 60 seconds...
2026-03-04 23:05:24 [INFO] Current RSI: 74.73, Price: $71403.00
2026-03-04 23:05:24 [INFO] No signal (neutral/bearish, flat)
2026-03-04 23:05:24 [INFO] Sleeping for 60 seconds...
2026-03-04 23:06:24 [INFO] Current RSI: 74.71, Price: $71393.00
2026-03-04 23:06:24 [INFO] No signal (neutral/bearish, flat)
2026-03-04 23:06:24 [INFO] Sleeping for 60 seconds...
2026-03-04 23:07:24 [INFO] Current RSI: 75.11, Price: $71569.00
2026-03-04 23:07:24 [INFO] No signal (neutral/bearish, flat)
2026-03-04 23:07:24 [INFO] Sleeping for 60 seconds...
2026-03-04 23:08:24 [INFO] Current RSI: 74.89, Price: $71474.00
2026-03-04 23:08:24 [INFO] No signal (neutral/bearish, flat)
2026-03-04 23:08:24 [INFO] Sleeping for 60 seconds...
2026-03-04 23:09:24 [INFO] Current RSI: 75.01, Price: $71528.00
2026-03-04 23:09:24 [INFO] No signal (neutral/bearish, flat)
2026-03-04 23:09:24 [INFO] Sleeping for 60 seconds...
2026-03-04 23:10:24 [INFO] Current RSI: 75.10, Price: $71567.00
2026-03-04 23:10:24 [INFO] No signal (neutral/bearish, flat)
2026-03-04 23:10:24 [INFO] Sleeping for 60 seconds...
2026-03-04 23:11:24 [INFO] Current RSI: 75.22, Price: $71619.00
2026-03-04 23:11:24 [INFO] No signal (neutral/bearish, flat)
2026-03-04 23:11:24 [INFO] Sleeping for 60 seconds...
2026-03-04 23:12:24 [INFO] Current RSI: 75.18, Price: $71604.00
2026-03-04 23:12:24 [INFO] No signal (neutral/bearish, flat)
2026-03-04 23:12:24 [INFO] Sleeping for 60 seconds...
2026-03-04 23:13:24 [INFO] Current RSI: 75.23, Price: $71627.00
2026-03-04 23:13:24 [INFO] No signal (neutral/bearish, flat)
2026-03-04 23:13:24 [INFO] Sleeping for 60 seconds...
2026-03-04 23:14:24 [INFO] Current RSI: 75.39, Price: $71700.00
2026-03-04 23:14:24 [INFO] No signal (neutral/bearish, flat)
2026-03-04 23:14:24 [INFO] Sleeping for 60 seconds...
2026-03-04 23:15:24 [INFO] Current RSI: 75.49, Price: $71743.00
2026-03-04 23:15:24 [INFO] No signal (neutral/bearish, flat)
2026-03-04 23:15:24 [INFO] Sleeping for 60 seconds...
2026-03-04 23:16:24 [INFO] Current RSI: 75.68, Price: $71832.00
2026-03-04 23:16:24 [INFO] No signal (neutral/bearish, flat)
2026-03-04 23:16:24 [INFO] Sleeping for 60 seconds...
2026-03-04 23:17:24 [INFO] Current RSI: 75.91, Price: $71941.00
2026-03-04 23:17:24 [INFO] No signal (neutral/bearish, flat)
2026-03-04 23:17:24 [INFO] Sleeping for 60 seconds...
2026-03-04 23:18:24 [INFO] Current RSI: 75.21, Price: $71614.00
2026-03-04 23:18:24 [INFO] No signal (neutral/bearish, flat)
2026-03-04 23:18:24 [INFO] Sleeping for 60 seconds...
2026-03-04 23:19:24 [INFO] Current RSI: 75.47, Price: $71735.00
2026-03-04 23:19:24 [INFO] No signal (neutral/bearish, flat)
2026-03-04 23:19:24 [INFO] Sleeping for 60 seconds...
2026-03-04 23:20:24 [INFO] Current RSI: 75.10, Price: $71566.00
2026-03-04 23:20:24 [INFO] No signal (neutral/bearish, flat)
2026-03-04 23:20:24 [INFO] Sleeping for 60 seconds...
2026-03-04 23:21:24 [INFO] Current RSI: 75.05, Price: $71545.00
2026-03-04 23:21:24 [INFO] No signal (neutral/bearish, flat)
2026-03-04 23:21:24 [INFO] Sleeping for 60 seconds...
2026-03-04 23:22:25 [INFO] Current RSI: 75.12, Price: $71575.00
2026-03-04 23:22:25 [INFO] No signal (neutral/bearish, flat)
2026-03-04 23:22:25 [INFO] Sleeping for 60 seconds...
2026-03-04 23:23:25 [INFO] Current RSI: 75.27, Price: $71644.00
2026-03-04 23:23:25 [INFO] No signal (neutral/bearish, flat)
2026-03-04 23:23:25 [INFO] Sleeping for 60 seconds...
2026-03-04 23:24:25 [INFO] Current RSI: 75.09, Price: $71564.00
2026-03-04 23:24:25 [INFO] No signal (neutral/bearish, flat)
2026-03-04 23:24:25 [INFO] Sleeping for 60 seconds...
2026-03-04 23:25:26 [INFO] Current RSI: 75.02, Price: $71531.00
2026-03-04 23:25:26 [INFO] No signal (neutral/bearish, flat)
2026-03-04 23:25:26 [INFO] Sleeping for 60 seconds...
2026-03-04 23:26:26 [INFO] Current RSI: 75.14, Price: $71585.00
2026-03-04 23:26:26 [INFO] No signal (neutral/bearish, flat)
2026-03-04 23:26:26 [INFO] Sleeping for 60 seconds...
2026-03-04 23:27:26 [INFO] Current RSI: 75.10, Price: $71567.00
2026-03-04 23:27:26 [INFO] No signal (neutral/bearish, flat)
2026-03-04 23:27:26 [INFO] Sleeping for 60 seconds...
2026-03-04 23:28:26 [INFO] Current RSI: 75.25, Price: $71636.00
2026-03-04 23:28:26 [INFO] No signal (neutral/bearish, flat)
2026-03-04 23:28:26 [INFO] Sleeping for 60 seconds...
2026-03-04 23:29:26 [INFO] Current RSI: 75.39, Price: $71699.00
2026-03-04 23:29:26 [INFO] No signal (neutral/bearish, flat)
2026-03-04 23:29:26 [INFO] Sleeping for 60 seconds...
2026-03-04 23:30:26 [INFO] Current RSI: 75.60, Price: $71797.00
2026-03-04 23:30:26 [INFO] No signal (neutral/bearish, flat)
2026-03-04 23:30:26 [INFO] Sleeping for 60 seconds...
2026-03-04 23:31:26 [INFO] Current RSI: 76.51, Price: $72234.00
2026-03-04 23:31:26 [INFO] No signal (neutral/bearish, flat)
2026-03-04 23:31:26 [INFO] Sleeping for 60 seconds...
2026-03-04 23:32:26 [INFO] Current RSI: 76.99, Price: $72485.00
2026-03-04 23:32:26 [INFO] No signal (neutral/bearish, flat)
2026-03-04 23:32:26 [INFO] Sleeping for 60 seconds...
2026-03-04 23:33:26 [INFO] Current RSI: 76.52, Price: $72239.00
2026-03-04 23:33:26 [INFO] No signal (neutral/bearish, flat)
2026-03-04 23:33:26 [INFO] Sleeping for 60 seconds...
2026-03-04 23:34:26 [INFO] Current RSI: 76.91, Price: $72440.00
2026-03-04 23:34:26 [INFO] No signal (neutral/bearish, flat)
2026-03-04 23:34:26 [INFO] Sleeping for 60 seconds...
2026-03-04 23:35:26 [INFO] Current RSI: 76.66, Price: $72311.00
2026-03-04 23:35:26 [INFO] No signal (neutral/bearish, flat)
2026-03-04 23:35:26 [INFO] Sleeping for 60 seconds...
2026-03-04 23:36:26 [INFO] Current RSI: 75.87, Price: $71923.00
2026-03-04 23:36:26 [INFO] No signal (neutral/bearish, flat)
2026-03-04 23:36:26 [INFO] Sleeping for 60 seconds...
2026-03-04 23:37:26 [INFO] Current RSI: 75.73, Price: $71857.00
2026-03-04 23:37:26 [INFO] No signal (neutral/bearish, flat)
2026-03-04 23:37:26 [INFO] Sleeping for 60 seconds...
2026-03-04 23:38:27 [INFO] Current RSI: 75.87, Price: $71922.00
2026-03-04 23:38:27 [INFO] No signal (neutral/bearish, flat)
2026-03-04 23:38:27 [INFO] Sleeping for 60 seconds...
2026-03-04 23:39:27 [INFO] Current RSI: 75.59, Price: $71789.00
2026-03-04 23:39:27 [INFO] No signal (neutral/bearish, flat)
2026-03-04 23:39:27 [INFO] Sleeping for 60 seconds...
2026-03-04 23:40:27 [INFO] Current RSI: 75.66, Price: $71823.00
2026-03-04 23:40:27 [INFO] No signal (neutral/bearish, flat)
2026-03-04 23:40:27 [INFO] Sleeping for 60 seconds...
2026-03-04 23:41:27 [INFO] Current RSI: 75.73, Price: $71857.00
2026-03-04 23:41:27 [INFO] No signal (neutral/bearish, flat)
2026-03-04 23:41:27 [INFO] Sleeping for 60 seconds...
2026-03-04 23:42:27 [INFO] Current RSI: 75.53, Price: $71762.00
2026-03-04 23:42:27 [INFO] No signal (neutral/bearish, flat)
2026-03-04 23:42:27 [INFO] Sleeping for 60 seconds...
2026-03-04 23:43:28 [INFO] Current RSI: 75.11, Price: $71573.00
2026-03-04 23:43:28 [INFO] No signal (neutral/bearish, flat)
2026-03-04 23:43:28 [INFO] Sleeping for 60 seconds...
2026-03-04 23:44:28 [INFO] Current RSI: 74.67, Price: $71376.00
2026-03-04 23:44:28 [INFO] No signal (neutral/bearish, flat)
2026-03-04 23:44:28 [INFO] Sleeping for 60 seconds...
2026-03-04 23:45:28 [INFO] Current RSI: 74.66, Price: $71375.00
2026-03-04 23:45:28 [INFO] No signal (neutral/bearish, flat)
2026-03-04 23:45:28 [INFO] Sleeping for 60 seconds...
2026-03-04 23:46:28 [INFO] Current RSI: 74.66, Price: $71373.00
2026-03-04 23:46:28 [INFO] No signal (neutral/bearish, flat)
2026-03-04 23:46:28 [INFO] Sleeping for 60 seconds...
2026-03-04 23:47:28 [INFO] Current RSI: 74.75, Price: $71414.00
2026-03-04 23:47:28 [INFO] No signal (neutral/bearish, flat)
2026-03-04 23:47:28 [INFO] Sleeping for 60 seconds...
2026-03-04 23:48:28 [INFO] Current RSI: 75.02, Price: $71532.00
2026-03-04 23:48:28 [INFO] No signal (neutral/bearish, flat)
2026-03-04 23:48:28 [INFO] Sleeping for 60 seconds...
2026-03-04 23:49:28 [INFO] Current RSI: 74.94, Price: $71497.00
2026-03-04 23:49:28 [INFO] No signal (neutral/bearish, flat)
2026-03-04 23:49:28 [INFO] Sleeping for 60 seconds...
2026-03-04 23:50:29 [INFO] Current RSI: 75.05, Price: $71543.00
2026-03-04 23:50:29 [INFO] No signal (neutral/bearish, flat)
2026-03-04 23:50:29 [INFO] Sleeping for 60 seconds...
2026-03-04 23:51:29 [INFO] Current RSI: 75.04, Price: $71538.00
2026-03-04 23:51:29 [INFO] No signal (neutral/bearish, flat)
2026-03-04 23:51:29 [INFO] Sleeping for 60 seconds...
2026-03-04 23:52:29 [INFO] Current RSI: 75.35, Price: $71678.00
2026-03-04 23:52:29 [INFO] No signal (neutral/bearish, flat)
2026-03-04 23:52:29 [INFO] Sleeping for 60 seconds...
2026-03-04 23:53:29 [INFO] Current RSI: 75.34, Price: $71676.00
2026-03-04 23:53:29 [INFO] No signal (neutral/bearish, flat)
2026-03-04 23:53:29 [INFO] Sleeping for 60 seconds...
2026-03-04 23:54:29 [INFO] Current RSI: 75.33, Price: $71669.00
2026-03-04 23:54:29 [INFO] No signal (neutral/bearish, flat)
2026-03-04 23:54:29 [INFO] Sleeping for 60 seconds...
2026-03-04 23:55:29 [INFO] Current RSI: 75.09, Price: $71564.00
2026-03-04 23:55:29 [INFO] No signal (neutral/bearish, flat)
2026-03-04 23:55:29 [INFO] Sleeping for 60 seconds...
2026-03-04 23:56:29 [INFO] Current RSI: 75.35, Price: $71679.00
2026-03-04 23:56:29 [INFO] No signal (neutral/bearish, flat)
2026-03-04 23:56:29 [INFO] Sleeping for 60 seconds...
2026-03-04 23:57:30 [INFO] Current RSI: 75.19, Price: $71605.00
2026-03-04 23:57:30 [INFO] No signal (neutral/bearish, flat)
2026-03-04 23:57:30 [INFO] Sleeping for 60 seconds...
2026-03-04 23:58:30 [INFO] Current RSI: 74.89, Price: $71473.00
2026-03-04 23:58:30 [INFO] No signal (neutral/bearish, flat)
2026-03-04 23:58:30 [INFO] Sleeping for 60 seconds...
2026-03-04 23:59:30 [INFO] Current RSI: 74.98, Price: $71512.00
2026-03-04 23:59:30 [INFO] No signal (neutral/bearish, flat)
2026-03-04 23:59:30 [INFO] Sleeping for 60 seconds...
2026-03-05 00:00:30 [INFO] Current RSI: 75.75, Price: $71865.00
2026-03-05 00:00:30 [INFO] No signal (neutral/bearish, flat)
2026-03-05 00:00:30 [INFO] Sleeping for 60 seconds...
2026-03-05 00:01:30 [INFO] Current RSI: 75.71, Price: $71845.00
2026-03-05 00:01:30 [INFO] No signal (neutral/bearish, flat)
2026-03-05 00:01:30 [INFO] Sleeping for 60 seconds...
2026-03-05 00:02:30 [INFO] Current RSI: 75.84, Price: $71907.00
2026-03-05 00:02:30 [INFO] No signal (neutral/bearish, flat)
2026-03-05 00:02:30 [INFO] Sleeping for 60 seconds...
2026-03-05 00:03:30 [INFO] Current RSI: 75.54, Price: $71765.00
2026-03-05 00:03:30 [INFO] No signal (neutral/bearish, flat)
2026-03-05 00:03:30 [INFO] Sleeping for 60 seconds...
2026-03-05 00:04:30 [INFO] Current RSI: 75.45, Price: $71724.00
2026-03-05 00:04:30 [INFO] No signal (neutral/bearish, flat)
2026-03-05 00:04:30 [INFO] Sleeping for 60 seconds...
2026-03-05 00:05:30 [INFO] Current RSI: 75.21, Price: $71616.00
2026-03-05 00:05:30 [INFO] No signal (neutral/bearish, flat)
2026-03-05 00:05:30 [INFO] Sleeping for 60 seconds...
2026-03-05 00:06:31 [INFO] Current RSI: 75.24, Price: $71629.00
2026-03-05 00:06:31 [INFO] No signal (neutral/bearish, flat)
2026-03-05 00:06:31 [INFO] Sleeping for 60 seconds...
2026-03-05 00:07:31 [INFO] Current RSI: 75.43, Price: $71718.00
2026-03-05 00:07:31 [INFO] No signal (neutral/bearish, flat)
2026-03-05 00:07:31 [INFO] Sleeping for 60 seconds...
2026-03-05 00:08:31 [INFO] Current RSI: 75.77, Price: $71874.00
2026-03-05 00:08:31 [INFO] No signal (neutral/bearish, flat)
2026-03-05 00:08:31 [INFO] Sleeping for 60 seconds...
2026-03-05 00:09:31 [INFO] Current RSI: 75.82, Price: $71900.00
2026-03-05 00:09:31 [INFO] No signal (neutral/bearish, flat)
2026-03-05 00:09:31 [INFO] Sleeping for 60 seconds...
2026-03-05 00:10:31 [INFO] Current RSI: 75.99, Price: $71982.00
2026-03-05 00:10:31 [INFO] No signal (neutral/bearish, flat)
2026-03-05 00:10:31 [INFO] Sleeping for 60 seconds...
2026-03-05 00:11:31 [INFO] Current RSI: 75.99, Price: $71982.00
2026-03-05 00:11:31 [INFO] No signal (neutral/bearish, flat)
2026-03-05 00:11:31 [INFO] Sleeping for 60 seconds...
2026-03-05 00:12:31 [INFO] Current RSI: 76.34, Price: $72153.00
2026-03-05 00:12:31 [INFO] No signal (neutral/bearish, flat)
2026-03-05 00:12:31 [INFO] Sleeping for 60 seconds...
2026-03-05 00:13:31 [INFO] Current RSI: 76.39, Price: $72177.00
2026-03-05 00:13:31 [INFO] No signal (neutral/bearish, flat)
2026-03-05 00:13:31 [INFO] Sleeping for 60 seconds...
2026-03-05 00:14:31 [INFO] Current RSI: 76.13, Price: $72048.00
2026-03-05 00:14:31 [INFO] No signal (neutral/bearish, flat)
2026-03-05 00:14:31 [INFO] Sleeping for 60 seconds...
2026-03-05 00:15:31 [INFO] Current RSI: 76.03, Price: $71999.00
2026-03-05 00:15:31 [INFO] No signal (neutral/bearish, flat)
2026-03-05 00:15:31 [INFO] Sleeping for 60 seconds...
2026-03-05 00:16:32 [INFO] Current RSI: 76.23, Price: $72099.00
2026-03-05 00:16:32 [INFO] No signal (neutral/bearish, flat)
2026-03-05 00:16:32 [INFO] Sleeping for 60 seconds...
2026-03-05 00:17:32 [INFO] Current RSI: 76.29, Price: $72125.00
2026-03-05 00:17:32 [INFO] No signal (neutral/bearish, flat)
2026-03-05 00:17:32 [INFO] Sleeping for 60 seconds...
2026-03-05 00:18:32 [INFO] Current RSI: 76.36, Price: $72163.00
2026-03-05 00:18:32 [INFO] No signal (neutral/bearish, flat)
2026-03-05 00:18:32 [INFO] Sleeping for 60 seconds...
2026-03-05 00:19:32 [INFO] Current RSI: 76.54, Price: $72253.00
2026-03-05 00:19:32 [INFO] No signal (neutral/bearish, flat)
2026-03-05 00:19:32 [INFO] Sleeping for 60 seconds...
2026-03-05 00:20:32 [INFO] Current RSI: 76.82, Price: $72394.00
2026-03-05 00:20:32 [INFO] No signal (neutral/bearish, flat)
2026-03-05 00:20:32 [INFO] Sleeping for 60 seconds...
2026-03-05 00:21:32 [INFO] Current RSI: 76.74, Price: $72354.00
2026-03-05 00:21:32 [INFO] No signal (neutral/bearish, flat)
2026-03-05 00:21:32 [INFO] Sleeping for 60 seconds...
2026-03-05 00:22:32 [INFO] Current RSI: 76.68, Price: $72320.00
2026-03-05 00:22:32 [INFO] No signal (neutral/bearish, flat)
2026-03-05 00:22:32 [INFO] Sleeping for 60 seconds...
2026-03-05 00:23:32 [INFO] Current RSI: 76.51, Price: $72234.00
2026-03-05 00:23:32 [INFO] No signal (neutral/bearish, flat)
2026-03-05 00:23:32 [INFO] Sleeping for 60 seconds...
2026-03-05 00:24:33 [INFO] Current RSI: 76.47, Price: $72215.00
2026-03-05 00:24:33 [INFO] No signal (neutral/bearish, flat)
2026-03-05 00:24:33 [INFO] Sleeping for 60 seconds...
2026-03-05 00:25:33 [INFO] Current RSI: 76.64, Price: $72304.00
2026-03-05 00:25:33 [INFO] No signal (neutral/bearish, flat)
2026-03-05 00:25:33 [INFO] Sleeping for 60 seconds...
2026-03-05 00:26:34 [INFO] Current RSI: 77.41, Price: $72709.00
2026-03-05 00:26:34 [INFO] No signal (neutral/bearish, flat)
2026-03-05 00:26:34 [INFO] Sleeping for 60 seconds...
2026-03-05 00:27:34 [INFO] Current RSI: 77.39, Price: $72695.00
2026-03-05 00:27:34 [INFO] No signal (neutral/bearish, flat)
2026-03-05 00:27:34 [INFO] Sleeping for 60 seconds...
2026-03-05 00:28:34 [INFO] Current RSI: 77.40, Price: $72703.00
2026-03-05 00:28:34 [INFO] No signal (neutral/bearish, flat)
2026-03-05 00:28:34 [INFO] Sleeping for 60 seconds...
2026-03-05 00:29:34 [INFO] Current RSI: 77.68, Price: $72856.00
2026-03-05 00:29:34 [INFO] No signal (neutral/bearish, flat)
2026-03-05 00:29:34 [INFO] Sleeping for 60 seconds...
2026-03-05 00:30:34 [INFO] Current RSI: 77.58, Price: $72801.00
2026-03-05 00:30:34 [INFO] No signal (neutral/bearish, flat)
2026-03-05 00:30:34 [INFO] Sleeping for 60 seconds...
2026-03-05 00:31:34 [INFO] Current RSI: 77.99, Price: $73030.00
2026-03-05 00:31:34 [INFO] No signal (neutral/bearish, flat)
2026-03-05 00:31:34 [INFO] Sleeping for 60 seconds...
2026-03-05 00:32:34 [INFO] Current RSI: 77.73, Price: $72883.00
2026-03-05 00:32:34 [INFO] No signal (neutral/bearish, flat)
2026-03-05 00:32:34 [INFO] Sleeping for 60 seconds...
2026-03-05 00:33:34 [INFO] Current RSI: 77.45, Price: $72728.00
2026-03-05 00:33:34 [INFO] No signal (neutral/bearish, flat)
2026-03-05 00:33:34 [INFO] Sleeping for 60 seconds...
2026-03-05 00:34:34 [INFO] Current RSI: 77.57, Price: $72797.00
2026-03-05 00:34:34 [INFO] No signal (neutral/bearish, flat)
2026-03-05 00:34:34 [INFO] Sleeping for 60 seconds...
2026-03-05 00:35:34 [INFO] Current RSI: 77.49, Price: $72750.00
2026-03-05 00:35:34 [INFO] No signal (neutral/bearish, flat)
2026-03-05 00:35:34 [INFO] Sleeping for 60 seconds...
2026-03-05 00:36:34 [INFO] Current RSI: 77.40, Price: $72703.00
2026-03-05 00:36:34 [INFO] No signal (neutral/bearish, flat)
2026-03-05 00:36:34 [INFO] Sleeping for 60 seconds...
2026-03-05 00:37:34 [INFO] Current RSI: 77.45, Price: $72731.00
2026-03-05 00:37:34 [INFO] No signal (neutral/bearish, flat)
2026-03-05 00:37:34 [INFO] Sleeping for 60 seconds...
2026-03-05 00:38:34 [INFO] Current RSI: 77.27, Price: $72631.00
2026-03-05 00:38:34 [INFO] No signal (neutral/bearish, flat)
2026-03-05 00:38:34 [INFO] Sleeping for 60 seconds...
2026-03-05 00:39:35 [INFO] Current RSI: 77.28, Price: $72637.00
2026-03-05 00:39:35 [INFO] No signal (neutral/bearish, flat)
2026-03-05 00:39:35 [INFO] Sleeping for 60 seconds...
2026-03-05 00:40:35 [INFO] Current RSI: 77.33, Price: $72666.00
2026-03-05 00:40:35 [INFO] No signal (neutral/bearish, flat)
2026-03-05 00:40:35 [INFO] Sleeping for 60 seconds...
2026-03-05 00:41:35 [INFO] Current RSI: 77.08, Price: $72530.00
2026-03-05 00:41:35 [INFO] No signal (neutral/bearish, flat)
2026-03-05 00:41:35 [INFO] Sleeping for 60 seconds...
2026-03-05 00:42:35 [INFO] Current RSI: 77.36, Price: $72679.00
2026-03-05 00:42:35 [INFO] No signal (neutral/bearish, flat)
2026-03-05 00:42:35 [INFO] Sleeping for 60 seconds...
2026-03-05 00:43:35 [INFO] Current RSI: 77.52, Price: $72769.00
2026-03-05 00:43:35 [INFO] No signal (neutral/bearish, flat)
2026-03-05 00:43:35 [INFO] Sleeping for 60 seconds...
2026-03-05 00:44:35 [INFO] Current RSI: 77.35, Price: $72675.00
2026-03-05 00:44:35 [INFO] No signal (neutral/bearish, flat)
2026-03-05 00:44:35 [INFO] Sleeping for 60 seconds...
2026-03-05 00:45:35 [INFO] Current RSI: 77.42, Price: $72712.00
2026-03-05 00:45:35 [INFO] No signal (neutral/bearish, flat)
2026-03-05 00:45:35 [INFO] Sleeping for 60 seconds...
2026-03-05 00:46:35 [INFO] Current RSI: 77.52, Price: $72769.00
2026-03-05 00:46:35 [INFO] No signal (neutral/bearish, flat)
2026-03-05 00:46:35 [INFO] Sleeping for 60 seconds...
2026-03-05 00:47:35 [INFO] Current RSI: 77.70, Price: $72869.00
2026-03-05 00:47:35 [INFO] No signal (neutral/bearish, flat)
2026-03-05 00:47:35 [INFO] Sleeping for 60 seconds...
2026-03-05 00:48:54 [ERROR] Request error: ('Connection aborted.', RemoteDisconnected('Remote end closed connection without response'))
2026-03-05 00:48:54 [ERROR] Error fetching candles: ('Connection aborted.', RemoteDisconnected('Remote end closed connection without response'))
2026-03-05 00:48:54 [ERROR] No candle data available
2026-03-05 00:50:05 [ERROR] Request error: HTTPSConnectionPool(host='api.hyperliquid.xyz', port=443): Max retries exceeded with url: /info (Caused by NameResolutionError("HTTPSConnection(host='api.hyperliquid.xyz', port=443): Failed to resolve 'api.hyperliquid.xyz' ([Errno 11001] getaddrinfo failed)"))
2026-03-05 00:50:05 [ERROR] Error fetching candles: HTTPSConnectionPool(host='api.hyperliquid.xyz', port=443): Max retries exceeded with url: /info (Caused by NameResolutionError("HTTPSConnection(host='api.hyperliquid.xyz', port=443): Failed to resolve 'api.hyperliquid.xyz' ([Errno 11001] getaddrinfo failed)"))
2026-03-05 00:50:05 [ERROR] No candle data available
2026-03-05 00:51:17 [ERROR] Request error: HTTPSConnectionPool(host='api.hyperliquid.xyz', port=443): Max retries exceeded with url: /info (Caused by NameResolutionError("HTTPSConnection(host='api.hyperliquid.xyz', port=443): Failed to resolve 'api.hyperliquid.xyz' ([Errno 11001] getaddrinfo failed)"))
2026-03-05 00:51:17 [ERROR] Error fetching candles: HTTPSConnectionPool(host='api.hyperliquid.xyz', port=443): Max retries exceeded with url: /info (Caused by NameResolutionError("HTTPSConnection(host='api.hyperliquid.xyz', port=443): Failed to resolve 'api.hyperliquid.xyz' ([Errno 11001] getaddrinfo failed)"))
2026-03-05 00:51:17 [ERROR] No candle data available
2026-03-05 00:52:28 [ERROR] Request error: HTTPSConnectionPool(host='api.hyperliquid.xyz', port=443): Max retries exceeded with url: /info (Caused by NameResolutionError("HTTPSConnection(host='api.hyperliquid.xyz', port=443): Failed to resolve 'api.hyperliquid.xyz' ([Errno 11001] getaddrinfo failed)"))
2026-03-05 00:52:28 [ERROR] Error fetching candles: HTTPSConnectionPool(host='api.hyperliquid.xyz', port=443): Max retries exceeded with url: /info (Caused by NameResolutionError("HTTPSConnection(host='api.hyperliquid.xyz', port=443): Failed to resolve 'api.hyperliquid.xyz' ([Errno 11001] getaddrinfo failed)"))
2026-03-05 00:52:28 [ERROR] No candle data available
