{"timestamp": "2026-03-04T20:59:44.096725", "message": "Trader process started"}
2026-03-04 20:59:44 [INFO] ======================================================================
2026-03-04 20:59:44 [INFO]  BTC/USDT 4H ADAPTIVE RSI v5 - LIVE TRADER
2026-03-04 20:59:44 [INFO] ======================================================================
2026-03-04 20:59:44 [INFO] Python version: 3.10.11 (tags/v3.10.11:7d4cc5a, Apr  5 2023, 00:38:17) [MSC v.1929 64 bit (AMD64)]
2026-03-04 20:59:44 [INFO] Working directory: C:\Users\user\Desktop\cursor\trade
2026-03-04 20:59:44 [INFO] Script file: C:\Users\user\Desktop\cursor\trade\hl_trader_v6.py
2026-03-04 20:59:44 [INFO] Log file: C:\Users\user\Desktop\cursor\trade\trader_20260304_205944.log
2026-03-04 20:59:44 [INFO] ======================================================================
2026-03-04 20:59:44 [INFO] Test message: Trader is running
2026-03-04 20:59:44 [INFO] Initialized trader for BTC with 4h timeframe
2026-03-04 20:59:44 [INFO] RSI settings: period=14, overbought=70, oversold=30
2026-03-04 20:59:44 [INFO] Trader initialized successfully
2026-03-04 20:59:44 [INFO] Starting trading loop...
2026-03-04 20:59:44 [ERROR] API error: 422 - Failed to deserialize the JSON body into the target type
2026-03-04 20:59:44 [ERROR] Error fetching positions: Failed to deserialize the JSON body into the target type
2026-03-04 20:59:44 [INFO] Current positions: 0/1
2026-03-04 20:59:44 [ERROR] API error: 404 - 
2026-03-04 20:59:44 [ERROR] Error fetching candles: 
2026-03-04 20:59:44 [ERROR] No candle data available
2026-03-04 21:00:44 [ERROR] API error: 422 - Failed to deserialize the JSON body into the target type
2026-03-04 21:00:44 [ERROR] Error fetching positions: Failed to deserialize the JSON body into the target type
2026-03-04 21:00:44 [INFO] Current positions: 0/1
2026-03-04 21:00:44 [ERROR] API error: 404 - 
2026-03-04 21:00:44 [ERROR] Error fetching candles: 
2026-03-04 21:00:44 [ERROR] No candle data available
2026-03-04 21:01:44 [ERROR] API error: 422 - Failed to deserialize the JSON body into the target type
2026-03-04 21:01:44 [ERROR] Error fetching positions: Failed to deserialize the JSON body into the target type
2026-03-04 21:01:44 [INFO] Current positions: 0/1
2026-03-04 21:01:44 [ERROR] API error: 404 - 
2026-03-04 21:01:44 [ERROR] Error fetching candles: 
2026-03-04 21:01:44 [ERROR] No candle data available
2026-03-04 21:02:44 [ERROR] API error: 422 - Failed to deserialize the JSON body into the target type
2026-03-04 21:02:44 [ERROR] Error fetching positions: Failed to deserialize the JSON body into the target type
2026-03-04 21:02:44 [INFO] Current positions: 0/1
2026-03-04 21:02:44 [ERROR] API error: 404 - 
2026-03-04 21:02:44 [ERROR] Error fetching candles: 
2026-03-04 21:02:44 [ERROR] No candle data available
2026-03-04 21:03:44 [ERROR] API error: 422 - Failed to deserialize the JSON body into the target type
2026-03-04 21:03:44 [ERROR] Error fetching positions: Failed to deserialize the JSON body into the target type
2026-03-04 21:03:44 [INFO] Current positions: 0/1
2026-03-04 21:03:44 [ERROR] API error: 404 - 
2026-03-04 21:03:44 [ERROR] Error fetching candles: 
2026-03-04 21:03:44 [ERROR] No candle data available
2026-03-04 21:04:44 [ERROR] API error: 422 - Failed to deserialize the JSON body into the target type
2026-03-04 21:04:44 [ERROR] Error fetching positions: Failed to deserialize the JSON body into the target type
2026-03-04 21:04:44 [INFO] Current positions: 0/1
2026-03-04 21:04:44 [ERROR] API error: 404 - 
2026-03-04 21:04:44 [ERROR] Error fetching candles: 
2026-03-04 21:04:44 [ERROR] No candle data available
