{"timestamp": "2026-03-05T00:06:54.041622", "message": "Trader process started"}
2026-03-05 00:06:54 [INFO] ======================================================================
2026-03-05 00:06:54 [INFO]  BTC/USDT 4H ADAPTIVE RSI v5 - LIVE TRADER
2026-03-05 00:06:54 [INFO] ======================================================================
2026-03-05 00:06:54 [INFO] Python version: 3.10.11 (tags/v3.10.11:7d4cc5a, Apr  5 2023, 00:38:17) [MSC v.1929 64 bit (AMD64)]
2026-03-05 00:06:54 [INFO] Working directory: C:\Users\user\Desktop\cursor\trade
2026-03-05 00:06:54 [INFO] Script file: C:\Users\user\Desktop\cursor\trade\hl_trader_v6.py
2026-03-05 00:06:54 [INFO] Log file: C:\Users\user\Desktop\cursor\trade\trader_20260305_000654.log
2026-03-05 00:06:54 [INFO] ======================================================================
2026-03-05 00:06:54 [INFO] Test message: Trader is running
2026-03-05 00:06:54 [INFO] Live trading 有効化: env=mainnet, address=0x8455b70a5a0d942eb9a1598a0e9e1214a3b31b55
2026-03-05 00:06:54 [INFO] Initialized trader for BTC with 4h timeframe
2026-03-05 00:06:54 [INFO] RSI settings: period=14, overbought=70, oversold=30
2026-03-05 00:06:54 [INFO] Trader initialized successfully
2026-03-05 00:06:54 [INFO] Starting trading loop (live mode)...
2026-03-05 00:06:54 [INFO] Current RSI: 75.39, Price: $71700.00
2026-03-05 00:06:54 [INFO] No signal (neutral/bearish, flat)
2026-03-05 00:06:54 [INFO] Sleeping for 60 seconds...
2026-03-05 00:07:54 [INFO] Current RSI: 75.46, Price: $71729.00
2026-03-05 00:07:54 [INFO] No signal (neutral/bearish, flat)
2026-03-05 00:07:54 [INFO] Sleeping for 60 seconds...
2026-03-05 00:08:55 [INFO] Current RSI: 76.15, Price: $72057.00
2026-03-05 00:08:55 [INFO] No signal (neutral/bearish, flat)
2026-03-05 00:08:55 [INFO] Sleeping for 60 seconds...
2026-03-05 00:09:55 [INFO] Current RSI: 76.02, Price: $71994.00
2026-03-05 00:09:55 [INFO] No signal (neutral/bearish, flat)
2026-03-05 00:09:55 [INFO] Sleeping for 60 seconds...
2026-03-05 00:10:55 [INFO] Current RSI: 76.00, Price: $71983.00
2026-03-05 00:10:55 [INFO] No signal (neutral/bearish, flat)
2026-03-05 00:10:55 [INFO] Sleeping for 60 seconds...
2026-03-05 00:11:55 [INFO] Current RSI: 76.24, Price: $72100.00
2026-03-05 00:11:55 [INFO] No signal (neutral/bearish, flat)
2026-03-05 00:11:55 [INFO] Sleeping for 60 seconds...
2026-03-05 00:12:55 [INFO] Current RSI: 76.18, Price: $72072.00
2026-03-05 00:12:55 [INFO] No signal (neutral/bearish, flat)
2026-03-05 00:12:55 [INFO] Sleeping for 60 seconds...
2026-03-05 00:13:56 [INFO] Current RSI: 76.40, Price: $72182.00
2026-03-05 00:13:56 [INFO] No signal (neutral/bearish, flat)
2026-03-05 00:13:56 [INFO] Sleeping for 60 seconds...
2026-03-05 00:14:56 [INFO] Current RSI: 75.94, Price: $71956.00
2026-03-05 00:14:56 [INFO] No signal (neutral/bearish, flat)
2026-03-05 00:14:56 [INFO] Sleeping for 60 seconds...
2026-03-05 00:15:56 [INFO] Current RSI: 76.03, Price: $71998.00
2026-03-05 00:15:56 [INFO] No signal (neutral/bearish, flat)
2026-03-05 00:15:56 [INFO] Sleeping for 60 seconds...
2026-03-05 00:16:56 [INFO] Current RSI: 76.32, Price: $72143.00
2026-03-05 00:16:56 [INFO] No signal (neutral/bearish, flat)
2026-03-05 00:16:56 [INFO] Sleeping for 60 seconds...
2026-03-05 00:17:56 [INFO] Current RSI: 76.40, Price: $72182.00
2026-03-05 00:17:56 [INFO] No signal (neutral/bearish, flat)
2026-03-05 00:17:56 [INFO] Sleeping for 60 seconds...
2026-03-05 00:18:56 [INFO] Current RSI: 76.28, Price: $72123.00
2026-03-05 00:18:56 [INFO] No signal (neutral/bearish, flat)
2026-03-05 00:18:56 [INFO] Sleeping for 60 seconds...
2026-03-05 00:19:56 [INFO] Current RSI: 76.67, Price: $72318.00
2026-03-05 00:19:56 [INFO] No signal (neutral/bearish, flat)
2026-03-05 00:19:56 [INFO] Sleeping for 60 seconds...
2026-03-05 00:20:56 [INFO] Current RSI: 76.90, Price: $72434.00
2026-03-05 00:20:56 [INFO] No signal (neutral/bearish, flat)
2026-03-05 00:20:56 [INFO] Sleeping for 60 seconds...
2026-03-05 00:21:56 [INFO] Current RSI: 76.60, Price: $72280.00
2026-03-05 00:21:56 [INFO] No signal (neutral/bearish, flat)
2026-03-05 00:21:56 [INFO] Sleeping for 60 seconds...
2026-03-05 00:22:57 [INFO] Current RSI: 76.59, Price: $72278.00
2026-03-05 00:22:57 [INFO] No signal (neutral/bearish, flat)
2026-03-05 00:22:57 [INFO] Sleeping for 60 seconds...
2026-03-05 00:23:57 [INFO] Current RSI: 76.39, Price: $72178.00
2026-03-05 00:23:57 [INFO] No signal (neutral/bearish, flat)
2026-03-05 00:23:57 [INFO] Sleeping for 60 seconds...
2026-03-05 00:24:57 [INFO] Current RSI: 76.54, Price: $72253.00
2026-03-05 00:24:57 [INFO] No signal (neutral/bearish, flat)
2026-03-05 00:24:57 [INFO] Sleeping for 60 seconds...
2026-03-05 00:25:57 [INFO] Current RSI: 76.60, Price: $72284.00
2026-03-05 00:25:57 [INFO] No signal (neutral/bearish, flat)
2026-03-05 00:25:57 [INFO] Sleeping for 60 seconds...
2026-03-05 00:26:57 [INFO] Current RSI: 77.32, Price: $72659.00
2026-03-05 00:26:57 [INFO] No signal (neutral/bearish, flat)
2026-03-05 00:26:57 [INFO] Sleeping for 60 seconds...
2026-03-05 00:27:57 [INFO] Current RSI: 77.45, Price: $72730.00
2026-03-05 00:27:57 [INFO] No signal (neutral/bearish, flat)
2026-03-05 00:27:57 [INFO] Sleeping for 60 seconds...
2026-03-05 00:28:57 [INFO] Current RSI: 77.47, Price: $72740.00
2026-03-05 00:28:57 [INFO] No signal (neutral/bearish, flat)
2026-03-05 00:28:57 [INFO] Sleeping for 60 seconds...
2026-03-05 00:29:57 [INFO] Current RSI: 77.76, Price: $72900.00
2026-03-05 00:29:57 [INFO] No signal (neutral/bearish, flat)
2026-03-05 00:29:57 [INFO] Sleeping for 60 seconds...
2026-03-05 00:30:57 [INFO] Current RSI: 77.55, Price: $72786.00
2026-03-05 00:30:57 [INFO] No signal (neutral/bearish, flat)
2026-03-05 00:30:57 [INFO] Sleeping for 60 seconds...
2026-03-05 00:31:57 [INFO] Current RSI: 77.95, Price: $73009.00
2026-03-05 00:31:57 [INFO] No signal (neutral/bearish, flat)
2026-03-05 00:31:57 [INFO] Sleeping for 60 seconds...
2026-03-05 00:32:57 [INFO] Current RSI: 77.60, Price: $72814.00
2026-03-05 00:32:57 [INFO] No signal (neutral/bearish, flat)
2026-03-05 00:32:57 [INFO] Sleeping for 60 seconds...
2026-03-05 00:33:57 [INFO] Current RSI: 77.56, Price: $72791.00
2026-03-05 00:33:57 [INFO] No signal (neutral/bearish, flat)
2026-03-05 00:33:57 [INFO] Sleeping for 60 seconds...
2026-03-05 00:34:57 [INFO] Current RSI: 77.62, Price: $72824.00
2026-03-05 00:34:57 [INFO] No signal (neutral/bearish, flat)
2026-03-05 00:34:57 [INFO] Sleeping for 60 seconds...
2026-03-05 00:35:57 [INFO] Current RSI: 77.43, Price: $72719.00
2026-03-05 00:35:57 [INFO] No signal (neutral/bearish, flat)
2026-03-05 00:35:57 [INFO] Sleeping for 60 seconds...
2026-03-05 00:36:58 [INFO] Current RSI: 77.43, Price: $72716.00
2026-03-05 00:36:58 [INFO] No signal (neutral/bearish, flat)
2026-03-05 00:36:58 [INFO] Sleeping for 60 seconds...
2026-03-05 00:37:58 [INFO] Current RSI: 77.51, Price: $72762.00
2026-03-05 00:37:58 [INFO] No signal (neutral/bearish, flat)
2026-03-05 00:37:58 [INFO] Sleeping for 60 seconds...
2026-03-05 00:38:58 [INFO] Current RSI: 77.27, Price: $72630.00
2026-03-05 00:38:58 [INFO] No signal (neutral/bearish, flat)
2026-03-05 00:38:58 [INFO] Sleeping for 60 seconds...
2026-03-05 00:39:58 [INFO] Current RSI: 77.28, Price: $72636.00
2026-03-05 00:39:58 [INFO] No signal (neutral/bearish, flat)
2026-03-05 00:39:58 [INFO] Sleeping for 60 seconds...
2026-03-05 00:40:58 [INFO] Current RSI: 77.35, Price: $72672.00
2026-03-05 00:40:58 [INFO] No signal (neutral/bearish, flat)
2026-03-05 00:40:58 [INFO] Sleeping for 60 seconds...
2026-03-05 00:41:58 [INFO] Current RSI: 77.25, Price: $72621.00
2026-03-05 00:41:58 [INFO] No signal (neutral/bearish, flat)
2026-03-05 00:41:58 [INFO] Sleeping for 60 seconds...
2026-03-05 00:42:58 [INFO] Current RSI: 77.40, Price: $72701.00
2026-03-05 00:42:58 [INFO] No signal (neutral/bearish, flat)
2026-03-05 00:42:58 [INFO] Sleeping for 60 seconds...
2026-03-05 00:43:59 [INFO] Current RSI: 77.40, Price: $72702.00
2026-03-05 00:43:59 [INFO] No signal (neutral/bearish, flat)
2026-03-05 00:43:59 [INFO] Sleeping for 60 seconds...
2026-03-05 00:44:59 [INFO] Current RSI: 77.29, Price: $72641.00
2026-03-05 00:44:59 [INFO] No signal (neutral/bearish, flat)
2026-03-05 00:44:59 [INFO] Sleeping for 60 seconds...
2026-03-05 00:45:59 [INFO] Current RSI: 77.41, Price: $72707.00
2026-03-05 00:45:59 [INFO] No signal (neutral/bearish, flat)
2026-03-05 00:45:59 [INFO] Sleeping for 60 seconds...
2026-03-05 00:46:59 [INFO] Current RSI: 77.68, Price: $72857.00
2026-03-05 00:46:59 [INFO] No signal (neutral/bearish, flat)
2026-03-05 00:46:59 [INFO] Sleeping for 60 seconds...
2026-03-05 00:48:18 [ERROR] Request error: ('Connection aborted.', RemoteDisconnected('Remote end closed connection without response'))
2026-03-05 00:48:18 [ERROR] Error fetching candles: ('Connection aborted.', RemoteDisconnected('Remote end closed connection without response'))
2026-03-05 00:48:18 [ERROR] No candle data available
2026-03-05 00:49:25 [ERROR] Request error: HTTPSConnectionPool(host='api.hyperliquid.xyz', port=443): Max retries exceeded with url: /info (Caused by NameResolutionError("HTTPSConnection(host='api.hyperliquid.xyz', port=443): Failed to resolve 'api.hyperliquid.xyz' ([Errno 11001] getaddrinfo failed)"))
2026-03-05 00:49:25 [ERROR] Error fetching candles: HTTPSConnectionPool(host='api.hyperliquid.xyz', port=443): Max retries exceeded with url: /info (Caused by NameResolutionError("HTTPSConnection(host='api.hyperliquid.xyz', port=443): Failed to resolve 'api.hyperliquid.xyz' ([Errno 11001] getaddrinfo failed)"))
2026-03-05 00:49:25 [ERROR] No candle data available
2026-03-05 00:50:36 [ERROR] Request error: HTTPSConnectionPool(host='api.hyperliquid.xyz', port=443): Max retries exceeded with url: /info (Caused by NameResolutionError("HTTPSConnection(host='api.hyperliquid.xyz', port=443): Failed to resolve 'api.hyperliquid.xyz' ([Errno 11001] getaddrinfo failed)"))
2026-03-05 00:50:36 [ERROR] Error fetching candles: HTTPSConnectionPool(host='api.hyperliquid.xyz', port=443): Max retries exceeded with url: /info (Caused by NameResolutionError("HTTPSConnection(host='api.hyperliquid.xyz', port=443): Failed to resolve 'api.hyperliquid.xyz' ([Errno 11001] getaddrinfo failed)"))
2026-03-05 00:50:36 [ERROR] No candle data available
2026-03-05 00:51:47 [ERROR] Request error: HTTPSConnectionPool(host='api.hyperliquid.xyz', port=443): Max retries exceeded with url: /info (Caused by NameResolutionError("HTTPSConnection(host='api.hyperliquid.xyz', port=443): Failed to resolve 'api.hyperliquid.xyz' ([Errno 11001] getaddrinfo failed)"))
2026-03-05 00:51:47 [ERROR] Error fetching candles: HTTPSConnectionPool(host='api.hyperliquid.xyz', port=443): Max retries exceeded with url: /info (Caused by NameResolutionError("HTTPSConnection(host='api.hyperliquid.xyz', port=443): Failed to resolve 'api.hyperliquid.xyz' ([Errno 11001] getaddrinfo failed)"))
2026-03-05 00:51:47 [ERROR] No candle data available
