2026-03-02 03:28:20 [INFO] Mode: backtest | Version: v2.1
2026-03-02 03:28:20 [INFO] Using cached CSV: btc_usdt_4h.csv (age=0.6h)
2026-03-02 03:28:20 [INFO] Data: 2025-09-09 04:00:00 -> 2026-03-01 16:00:00 (1042 bars)
2026-03-02 03:28:20 [INFO] Entry signals in data: 7
2026-03-02 03:28:20 [INFO] 
=====================================================================
 BTC/USDT 4H HIT & RUN v2 - PERFORMANCE REPORT
=====================================================================
  Final Portfolio Value : $98,296.66
  Total Return           : -1.70%
  Max Drawdown           : 95.38%
  Sharpe Ratio (ann.)    : 8.5331
----------------------------------------------------------------------
  Total Trades           : 7
  Win Rate               : 57.1%
  Profit Factor          : 0.78
  Avg Win                : $+744.00
  Avg Loss               : $-1,275.82
  Expectancy / Trade     : $-121.64
  Avg Hold (bars)        : 5.1
----------------------------------------------------------------------
  Exit Breakdown:
    Stop Loss rate       : 57.1%
    TP1 hit rate         : 28.6%
    TP2 homerun rate     : 14.3%
=====================================================================

2026-03-02 03:28:20 [INFO] 
=====================================================================
 BTC/USDT 4H HIT & RUN v2 - PERFORMANCE REPORT
=====================================================================
  Final Portfolio Value : $98,296.66
  Total Return           : -1.70%
  Max Drawdown           : 95.38%
  Sharpe Ratio (ann.)    : 8.5331
----------------------------------------------------------------------
  Total Trades           : 7
  Win Rate               : 57.1%
  Profit Factor          : 0.78
  Avg Win                : $+744.00
  Avg Loss               : $-1,275.82
  Expectancy / Trade     : $-121.64
  Avg Hold (bars)        : 5.1
----------------------------------------------------------------------
  Exit Breakdown:
    Stop Loss rate       : 57.1%
    TP1 hit rate         : 28.6%
    TP2 homerun rate     : 14.3%
=====================================================================

    NG Total Return > 0%: -1.70%
    NG Max Drawdown < 10%: 95.38%
    NG Profit Factor > 1.0: 0.78
    NG Expectancy > $0: $-121.64
    NG SL Rate < 50%: 57.1%
    NG TP1 Rate > 40%: 28.6%
    STOP - Optimization needed
=====================================================================
