2026-03-02 03:49:38 [INFO] Mode: backtest | Version: v3-FINAL (Pullback Hunter)
2026-03-02 03:49:38 [INFO] Cached CSV: btc_usdt_4h.csv (1.0h old)
2026-03-02 03:49:38 [INFO] Data: 2025-09-06 00:00:00 -> 2026-03-01 16:00:00 (1061 bars)
2026-03-02 03:49:38 [INFO] Signals: Pullback=31, BB_Bounce=4, Combined=34
2026-03-02 03:49:38 [DEBUG]   BUY [pullback] @ 111546.39 SL=110182.32 TP1=112910.46 TP2=115183.92
2026-03-02 03:49:38 [DEBUG]   BUY [pullback] @ 115070.00 SL=114120.72 TP1=116019.28 TP2=117601.43
2026-03-02 03:49:38 [DEBUG]   BUY [pullback] @ 115884.03 SL=114393.69 TP1=117374.37 TP2=119858.28
2026-03-02 03:49:38 [DEBUG]   BUY [pullback] @ 121637.17 SL=119633.85 TP1=123640.49 TP2=126979.35
2026-03-02 03:49:38 [DEBUG]   BUY [pullback] @ 122737.57 SL=120471.56 TP1=125003.58 TP2=128780.26
2026-03-02 03:49:38 [DEBUG]   BUY [pullback] @ 121662.40 SL=119422.67 TP1=123902.13 TP2=127635.01
2026-03-02 03:49:38 [DEBUG]   BUY [bb_bounce] @ 93747.97 SL=92038.67 TP1=95457.27 TP2=98306.12
2026-03-02 03:49:38 [INFO]   COOLDOWN 6 bars
2026-03-02 03:49:38 [DEBUG]   BUY [pullback] @ 91099.99 SL=89167.17 TP1=93032.81 TP2=96254.17
2026-03-02 03:49:38 [INFO] 
======================================================================
 BTC/USDT 4H PULLBACK HUNTER v3 - PERFORMANCE REPORT
======================================================================
  Final Portfolio Value  : $95,797.15
  Total Return           : -4.20%
  Max Drawdown           : 8.96%
  Sharpe Ratio (ann.)    : -1.4583
----------------------------------------------------------------------
  Total Trades           : 11
  Win Rate               : 63.6%
  Profit Factor          : 0.61
  Avg Win                : $+466.52
  Avg Loss               : $-1,341.59
  Expectancy / Trade     : $-190.97
  Avg Hold (bars)        : 9.1
----------------------------------------------------------------------
  Exit Breakdown:
    Stop Loss rate       : 36.4%
    TP1 hit rate         : 27.3%
    TP2 homerun rate     : 9.1%
======================================================================

======================================================================
 GO SIGN CHECK
======================================================================
    FAIL Total Return > 0%: -4.20%
    FAIL Max Drawdown < 8%: 8.96%
    FAIL Profit Factor > 1.2: 0.61
    FAIL Expectancy > $0: $-190.97
    PASS SL Rate < 50%: 36.4%
    PASS Win Rate > 50%: 63.6%

    Score: 2/6
    >>> STOP - Needs work <<<
======================================================================
