2026-03-02 08:08:04 [INFO] Mode: backtest | Version: v4 (RSI Mean Reversion)
2026-03-02 08:08:05 [INFO] Fetching BTC/USDT 4h...
2026-03-02 08:08:06 [INFO] Saved 1080 bars
2026-03-02 08:08:06 [INFO] Data: 2025-09-05 08:00:00 -> 2026-03-01 20:00:00 (1066 bars)
2026-03-02 08:08:06 [INFO] Entry signals: 71
2026-03-02 08:08:06 [DEBUG]   BUY @ 115445.45 RSI=32.0 SL=114313.51
2026-03-02 08:08:06 [DEBUG]   BUY @ 115894.06 RSI=32.4 SL=114526.56
2026-03-02 08:08:06 [DEBUG]   BUY @ 112519.99 RSI=16.4 SL=111302.96
2026-03-02 08:08:06 [DEBUG]   BUY @ 109360.00 RSI=28.1 SL=107053.02
2026-03-02 08:08:06 [DEBUG]   BUY @ 122038.01 RSI=34.0 SL=119048.52
2026-03-02 08:08:06 [DEBUG]   BUY @ 116661.50 RSI=26.2 SL=113076.05
2026-03-02 08:08:06 [DEBUG]   BUY @ 112300.01 RSI=14.0 SL=106753.12
2026-03-02 08:08:06 [DEBUG]   BUY @ 91364.16 RSI=34.2 SL=89047.27
2026-03-02 08:08:06 [DEBUG]   BUY @ 95372.95 RSI=34.7 SL=93390.30
2026-03-02 08:08:06 [INFO] 
======================================================================
 BTC/USDT 4H RSI MEAN REVERSION v4 - PERFORMANCE REPORT
======================================================================
  Final Portfolio Value  : $91,356.55
  Total Return           : -8.64%
  Max Drawdown           : 10.99%
  Sharpe Ratio (ann.)    : -1.9352
----------------------------------------------------------------------
  Total Trades           : 9
  Win Rate               : 44.4%
  Profit Factor          : 0.37
  Avg Win                : $+639.89
  Avg Loss               : $-1,375.89
  Expectancy / Trade     : $-479.99
  Avg Hold (bars)        : 12.9
----------------------------------------------------------------------
  Exit Breakdown:
    RSI Exit rate        : 44.4%
    Stop Loss rate       : 55.6%
======================================================================

======================================================================
 GO SIGN CHECK
======================================================================
    FAIL Total Return > 0%: -8.64%
    FAIL Max Drawdown < 10%: 10.99%
    FAIL Profit Factor > 1.2: 0.37
    FAIL Expectancy > $0: $-479.99
    FAIL SL Rate < 50%: 55.6%
    FAIL Win Rate > 50%: 44.4%

    Score: 0/6
    >>> STOP - Needs work <<<
======================================================================
