2026-03-02 08:29:29 [INFO] Mode: backtest | v5 Adaptive RSI | Days: 90
2026-03-02 08:29:29 [INFO] Fetching BTC/USDT 4h...
2026-03-02 08:29:30 [INFO] Saved 540 bars
2026-03-02 08:29:30 [INFO] Data: 2025-12-04 04:00:00 -> 2026-03-01 20:00:00 (527 bars)
2026-03-02 08:29:30 [INFO] Regimes: {'RANGE': 222, 'BEAR': 188, 'BULL': 117}
2026-03-02 08:29:30 [INFO] Long signals: 2, Short signals: 1
2026-03-02 08:29:30 [DEBUG]   LONG @92690.09 RSI=32.9 SL=91465.71 [BULL]
2026-03-02 08:29:30 [DEBUG]   SHORT @69038.26 RSI=65.7 SL=71713.41 [BEAR]
2026-03-02 08:29:30 [INFO] 
======================================================================
 BTC/USDT 4H ADAPTIVE RSI v5 - PERFORMANCE REPORT
======================================================================
  Final Value    : $102,066.65
  Total Return   : +2.07%
  Max Drawdown   : 1.08%
  Sharpe (ann.)  : 0.8511
----------------------------------------------------------------------
  Trades         : 2
  Win Rate       : 50.0%
  Profit Factor  : 4.04
  Avg Win        : $+2,864.87
  Avg Loss       : $-709.81
  Expectancy     : $+1,077.53
  Avg Hold       : 11.0 bars
----------------------------------------------------------------------
  RSI Exit rate  : 50.0%
  Stop Loss rate : 50.0%
----------------------------------------------------------------------
  LONG trades    : 1 (WR 0%)
  SHORT trades   : 1 (WR 100%)
======================================================================

======================================================================
 GO CHECK
======================================================================
  PASS Return > 0%: +2.07%
  PASS MaxDD < 10%: 1.08%
  PASS PF > 1.2: 4.04
  PASS EV > $0: $+1,077.53
  FAIL SL Rate < 40%: 50.0%
  FAIL WR > 50%: 50.0%

  Score: 4/6
  >>> CONDITIONAL <<<
======================================================================
