2026-03-02 08:28:05 [INFO] Mode: backtest | v5 Adaptive RSI | Days: 365
2026-03-02 08:28:05 [INFO] CSV cache: btc_usdt_4h.csv
2026-03-02 08:28:05 [INFO] Data: 2025-09-05 04:00:00 -> 2026-03-01 20:00:00 (1067 bars)
2026-03-02 08:28:05 [INFO] Regimes: {'BEAR': 503, 'RANGE': 426, 'BULL': 138}
2026-03-02 08:28:05 [INFO] Long signals: 2, Short signals: 7
2026-03-02 08:28:05 [DEBUG]   SHORT @113422.61 RSI=65.6 SL=116932.67 [BEAR]
2026-03-02 08:28:05 [DEBUG]   SHORT @106027.97 RSI=65.1 SL=108249.97 [BEAR]
2026-03-02 08:28:05 [DEBUG]   SHORT @90484.02 RSI=65.2 SL=93434.12 [BEAR]
2026-03-02 08:28:05 [DEBUG]   LONG @92690.09 RSI=32.9 SL=91465.71 [BULL]
2026-03-02 08:28:05 [DEBUG]   SHORT @69038.26 RSI=65.7 SL=71713.41 [BEAR]
2026-03-02 08:28:05 [INFO] 
======================================================================
 BTC/USDT 4H ADAPTIVE RSI v5 - PERFORMANCE REPORT
======================================================================
  Final Value    : $107,398.95
  Total Return   : +7.40%
  Max Drawdown   : 2.86%
  Sharpe (ann.)  : 1.5018
----------------------------------------------------------------------
  Trades         : 5
  Win Rate       : 60.0%
  Profit Factor  : 9.38
  Avg Win        : $+2,849.89
  Avg Loss       : $-455.94
  Expectancy     : $+1,527.56
  Avg Hold       : 19.8 bars
----------------------------------------------------------------------
  RSI Exit rate  : 60.0%
  Stop Loss rate : 20.0%
----------------------------------------------------------------------
  LONG trades    : 1 (WR 0%)
  SHORT trades   : 4 (WR 75%)
======================================================================

======================================================================
 GO CHECK
======================================================================
  PASS Return > 0%: +7.40%
  PASS MaxDD < 10%: 2.86%
  PASS PF > 1.2: 9.38
  PASS EV > $0: $+1,527.56
  PASS SL Rate < 40%: 20.0%
  PASS WR > 50%: 60.0%

  Score: 6/6
  >>> GO <<<
======================================================================
2026-03-02 08:28:05 [INFO] Mode: backtest | v5 Adaptive RSI | Days: 730
2026-03-02 08:28:05 [INFO] CSV cache: btc_usdt_4h.csv
2026-03-02 08:28:05 [INFO] Data: 2025-09-05 04:00:00 -> 2026-03-01 20:00:00 (1067 bars)
2026-03-02 08:28:05 [INFO] Regimes: {'BEAR': 503, 'RANGE': 426, 'BULL': 138}
2026-03-02 08:28:05 [INFO] Long signals: 2, Short signals: 7
2026-03-02 08:28:05 [DEBUG]   SHORT @113422.61 RSI=65.6 SL=116932.67 [BEAR]
2026-03-02 08:28:05 [DEBUG]   SHORT @106027.97 RSI=65.1 SL=108249.97 [BEAR]
2026-03-02 08:28:05 [DEBUG]   SHORT @90484.02 RSI=65.2 SL=93434.12 [BEAR]
2026-03-02 08:28:05 [DEBUG]   LONG @92690.09 RSI=32.9 SL=91465.71 [BULL]
2026-03-02 08:28:05 [DEBUG]   SHORT @69038.26 RSI=65.7 SL=71713.41 [BEAR]
2026-03-02 08:28:05 [INFO] 
======================================================================
 BTC/USDT 4H ADAPTIVE RSI v5 - PERFORMANCE REPORT
======================================================================
  Final Value    : $107,398.95
  Total Return   : +7.40%
  Max Drawdown   : 2.86%
  Sharpe (ann.)  : 1.5018
----------------------------------------------------------------------
  Trades         : 5
  Win Rate       : 60.0%
  Profit Factor  : 9.38
  Avg Win        : $+2,849.89
  Avg Loss       : $-455.94
  Expectancy     : $+1,527.56
  Avg Hold       : 19.8 bars
----------------------------------------------------------------------
  RSI Exit rate  : 60.0%
  Stop Loss rate : 20.0%
----------------------------------------------------------------------
  LONG trades    : 1 (WR 0%)
  SHORT trades   : 4 (WR 75%)
======================================================================

======================================================================
 GO CHECK
======================================================================
  PASS Return > 0%: +7.40%
  PASS MaxDD < 10%: 2.86%
  PASS PF > 1.2: 9.38
  PASS EV > $0: $+1,527.56
  PASS SL Rate < 40%: 20.0%
  PASS WR > 50%: 60.0%

  Score: 6/6
  >>> GO <<<
======================================================================
