2026-03-02 08:45:57 [INFO] Mode: backtest | v5 Adaptive RSI (Hyperliquid Edition) | Days: 365
2026-03-02 08:45:57 [INFO] Exchange: hyperliquid (Mainnet)
2026-03-02 08:45:57 [INFO] Fetching BTC 4h from Binance (backtest data)...
2026-03-02 08:45:59 [INFO] Saved 2190 bars
2026-03-02 08:45:59 [INFO] Data: 2025-03-04 04:00:00 -> 2026-03-01 20:00:00 (2177 bars)
2026-03-02 08:45:59 [INFO] Regimes: {'RANGE': 943, 'BEAR': 651, 'BULL': 583}
2026-03-02 08:45:59 [INFO] Long signals: 5, Short signals: 9
2026-03-02 08:45:59 [DEBUG]   LONG @104277.22 RSI=29.9 SL=101902.03 [BULL]
2026-03-02 08:45:59 [DEBUG]   LONG @105398.53 RSI=34.1 SL=103711.04 [BULL]
2026-03-02 08:45:59 [DEBUG]   LONG @115419.66 RSI=32.3 SL=112860.69 [BULL]
2026-03-02 08:45:59 [DEBUG]   SHORT @113815.57 RSI=72.6 SL=115179.48 [BEAR]
2026-03-02 08:45:59 [DEBUG]   SHORT @113422.61 RSI=65.6 SL=116932.67 [BEAR]
2026-03-02 08:45:59 [DEBUG]   SHORT @106027.97 RSI=65.1 SL=108249.97 [BEAR]
2026-03-02 08:45:59 [DEBUG]   SHORT @90484.02 RSI=65.2 SL=93434.12 [BEAR]
2026-03-02 08:45:59 [DEBUG]   LONG @92690.09 RSI=32.9 SL=91465.71 [BULL]
2026-03-02 08:45:59 [DEBUG]   SHORT @69038.26 RSI=65.7 SL=71713.41 [BEAR]
2026-03-02 08:45:59 [INFO] 
======================================================================
 BTC/USDT 4H ADAPTIVE RSI v5 (Hyperliquid) - PERFORMANCE REPORT
======================================================================
  Final Value    : $112,555.75
  Total Return   : +12.56%
  Max Drawdown   : 2.81%
  Sharpe (ann.)  : 1.4173
----------------------------------------------------------------------
  Trades         : 9
  Win Rate       : 66.7%
  Profit Factor  : 9.20
  Avg Win        : $+2,390.47
  Avg Loss       : $-519.75
  Expectancy     : $+1,420.40
  Avg Hold       : 18.7 bars
----------------------------------------------------------------------
  RSI Exit rate  : 55.6%
  Stop Loss rate : 22.2%
----------------------------------------------------------------------
  LONG trades    : 4 (WR 75%)
  SHORT trades   : 5 (WR 60%)
======================================================================

======================================================================
 GO CHECK
======================================================================
  PASS Return > 0%: +12.56%
  PASS MaxDD < 10%: 2.81%
  PASS PF > 1.2: 9.20
  PASS EV > $0: $+1,420.40
  PASS SL Rate < 40%: 22.2%
  PASS WR > 50%: 66.7%

  Score: 6/6
  >>> GO <<<
======================================================================
