2026-03-02 09:17:40 [INFO] Mode: backtest | v5 Adaptive RSI (Hyperliquid Edition) | Days: 60
2026-03-02 09:17:40 [INFO] Exchange: hyperliquid (Mainnet)
2026-03-02 09:17:40 [INFO] Fetching BTC 4h from Binance (backtest data)...
2026-03-02 09:17:41 [INFO] Saved 360 bars
2026-03-02 09:17:41 [INFO] Data: 2026-01-03 08:00:00 -> 2026-03-02 00:00:00 (347 bars)
2026-03-02 09:17:41 [INFO] Regimes: {'BEAR': 178, 'RANGE': 97, 'BULL': 72}
2026-03-02 09:17:41 [INFO] Long signals: 2, Short signals: 1
2026-03-02 09:17:41 [DEBUG]   LONG @92690.09 RSI=32.9 SL=91465.71 [BULL] Size=$50.00
2026-03-02 09:17:41 [DEBUG]   SHORT @69038.26 RSI=65.7 SL=71713.41 [BEAR] Size=$38.44
2026-03-02 09:17:41 [INFO] 
======================================================================
 BTC/USDT 4H ADAPTIVE RSI v5 (Hyperliquid) - PERFORMANCE REPORT
======================================================================
  Final Value    : $102.15
  Total Return   : +2.15%
  Max Drawdown   : 1.08%
  Sharpe (ann.)  : 1.8582
----------------------------------------------------------------------
  Trades         : 2
  Win Rate       : 50.0%
  Profit Factor  : 4.21
  Avg Win        : $+2.88
  Avg Loss       : $-0.69
  Expectancy     : $+1.10
  Avg Hold       : 11.0 bars
----------------------------------------------------------------------
  RSI Exit rate  : 50.0%
  Stop Loss rate : 50.0%
----------------------------------------------------------------------
  LONG trades    : 1 (WR 0%)
  SHORT trades   : 1 (WR 100%)
======================================================================

======================================================================
 GO CHECK
======================================================================
  PASS Return > 0%: +2.15%
  PASS MaxDD < 10%: 1.08%
  PASS PF > 1.2: 4.21
  PASS EV > $0: $+1.10
  FAIL SL Rate < 40%: 50.0%
  FAIL WR > 50%: 50.0%

  Score: 4/6
  >>> CONDITIONAL <<<
======================================================================
