2026-03-02 08:53:39 [INFO] Mode: backtest | v5 Adaptive RSI (Hyperliquid Edition) | Days: 180
2026-03-02 08:53:39 [INFO] Exchange: hyperliquid (Mainnet)
2026-03-02 08:53:39 [INFO] Fetching BTC 4h from Binance (backtest data)...
2026-03-02 08:53:40 [INFO] Saved 1080 bars
2026-03-02 08:53:40 [INFO] Data: 2025-09-05 04:00:00 -> 2026-03-01 20:00:00 (1067 bars)
2026-03-02 08:53:40 [INFO] Regimes: {'BEAR': 503, 'RANGE': 426, 'BULL': 138}
2026-03-02 08:53:40 [INFO] Long signals: 2, Short signals: 7
2026-03-02 08:53:40 [DEBUG]   SHORT @113422.61 RSI=65.6 SL=116932.67 [BEAR] Size=$48.47
2026-03-02 08:53:40 [DEBUG]   SHORT @106027.97 RSI=65.1 SL=108249.97 [BEAR] Size=$49.92
2026-03-02 08:53:40 [DEBUG]   SHORT @90484.02 RSI=65.2 SL=93434.12 [BEAR] Size=$47.50
2026-03-02 08:53:40 [DEBUG]   LONG @92690.09 RSI=32.9 SL=91465.71 [BULL] Size=$52.69
2026-03-02 08:53:40 [DEBUG]   SHORT @69038.26 RSI=65.7 SL=71713.41 [BEAR] Size=$40.50
2026-03-02 08:53:40 [INFO] 
======================================================================
 BTC/USDT 4H ADAPTIVE RSI v5 (Hyperliquid) - PERFORMANCE REPORT
======================================================================
  Final Value    : $107.64
  Total Return   : +7.64%
  Max Drawdown   : 2.81%
  Sharpe (ann.)  : 1.5612
----------------------------------------------------------------------
  Trades         : 5
  Win Rate       : 60.0%
  Profit Factor  : 10.00
  Avg Win        : $+2.87
  Avg Loss       : $-0.43
  Expectancy     : $+1.55
  Avg Hold       : 19.8 bars
----------------------------------------------------------------------
  RSI Exit rate  : 60.0%
  Stop Loss rate : 20.0%
----------------------------------------------------------------------
  LONG trades    : 1 (WR 0%)
  SHORT trades   : 4 (WR 75%)
======================================================================

======================================================================
 GO CHECK
======================================================================
  PASS Return > 0%: +7.64%
  PASS MaxDD < 10%: 2.81%
  PASS PF > 1.2: 10.00
  PASS EV > $0: $+1.55
  PASS SL Rate < 40%: 20.0%
  PASS WR > 50%: 60.0%

  Score: 6/6
  >>> GO <<<
======================================================================
