2026-03-02 20:43:57 [INFO] Mode: backtest | v5 Adaptive RSI (Hyperliquid Edition) | Days: 7
2026-03-02 20:43:57 [INFO] Exchange: hyperliquid (Mainnet)
2026-03-02 20:43:57 [INFO] Entering BACKTEST mode
2026-03-02 20:43:57 [INFO] CSV cache: btc_usdt_4h.csv (6 bars)
2026-03-02 20:43:57 [INFO] Data: 2026-03-01 12:00:00 -> 2026-03-02 08:00:00 (6 bars)
2026-03-02 20:43:57 [INFO] Regimes: {'RANGE': 6}
2026-03-02 20:43:57 [INFO] Long signals: 0, Short signals: 0
2026-03-02 20:43:57 [INFO] 
======================================================================
 BTC/USDT 4H ADAPTIVE RSI v5 (Hyperliquid) - PERFORMANCE REPORT
======================================================================
  Final Value    : $100.00
  Total Return   : +0.00%
  Max Drawdown   : 0.00%
  Sharpe (ann.)  : 0.0000
----------------------------------------------------------------------
  Trades         : 0
  Win Rate       : 0.0%
  Profit Factor  : 0.00
  Avg Win        : $+0.00
  Avg Loss       : $+0.00
  Expectancy     : $+0.00
  Avg Hold       : 0.0 bars
----------------------------------------------------------------------
  RSI Exit rate  : 0.0%
  Stop Loss rate : 0.0%
----------------------------------------------------------------------
  LONG trades    : 0 (WR 0%)
  SHORT trades   : 0 (WR 0%)
======================================================================

======================================================================
 GO CHECK
======================================================================
  FAIL Return > 0%: +0.00%
  PASS MaxDD < 10%: 0.00%
  FAIL PF > 1.2: 0.00
  FAIL EV > $0: $+0.00
  PASS SL Rate < 40%: 0.0%
  FAIL WR > 50%: 0.0%

  Score: 2/6
  >>> STOP <<<
======================================================================
