2026-03-02 08:45:51 [INFO] Mode: backtest | v5 Adaptive RSI (Hyperliquid Edition) | Days: 60
2026-03-02 08:45:51 [INFO] Exchange: hyperliquid (Mainnet)
2026-03-02 08:45:51 [INFO] Fetching BTC 4h from Binance (backtest data)...
2026-03-02 08:45:52 [INFO] Saved 360 bars
2026-03-02 08:45:52 [INFO] Data: 2026-01-03 04:00:00 -> 2026-03-01 20:00:00 (347 bars)
2026-03-02 08:45:52 [INFO] Regimes: {'BEAR': 185, 'RANGE': 91, 'BULL': 71}
2026-03-02 08:45:52 [INFO] Long signals: 2, Short signals: 1
2026-03-02 08:45:52 [DEBUG]   LONG @92690.09 RSI=32.9 SL=91465.71 [BULL]
2026-03-02 08:45:52 [DEBUG]   SHORT @69038.26 RSI=65.7 SL=71713.41 [BEAR]
2026-03-02 08:45:52 [INFO] 
======================================================================
 BTC/USDT 4H ADAPTIVE RSI v5 (Hyperliquid) - PERFORMANCE REPORT
======================================================================
  Final Value    : $102,154.72
  Total Return   : +2.15%
  Max Drawdown   : 1.08%
  Sharpe (ann.)  : 1.5305
----------------------------------------------------------------------
  Trades         : 2
  Win Rate       : 50.0%
  Profit Factor  : 4.21
  Avg Win        : $+2,884.07
  Avg Loss       : $-685.14
  Expectancy     : $+1,099.47
  Avg Hold       : 11.0 bars
----------------------------------------------------------------------
  RSI Exit rate  : 50.0%
  Stop Loss rate : 50.0%
----------------------------------------------------------------------
  LONG trades    : 1 (WR 0%)
  SHORT trades   : 1 (WR 100%)
======================================================================

======================================================================
 GO CHECK
======================================================================
  PASS Return > 0%: +2.15%
  PASS MaxDD < 10%: 1.08%
  PASS PF > 1.2: 4.21
  PASS EV > $0: $+1,099.47
  FAIL SL Rate < 40%: 50.0%
  FAIL WR > 50%: 50.0%

  Score: 4/6
  >>> CONDITIONAL <<<
======================================================================
