2026-04-10 14:36:11,074 [INFO]   WEEKLY WHALE WALLET REFRESH
2026-04-10 14:36:11,074 [INFO] 
======================================================================
2026-04-10 14:36:11,074 [INFO] FETCHING TOP TRADERS FROM HYPERLIQUID LEADERBOARD
2026-04-10 14:36:11,074 [INFO] ======================================================================
2026-04-10 14:36:11,074 [INFO] Querying stats-data.hyperliquid.xyz...
2026-04-10 14:36:16,006 [INFO] Processing 33867 traders from leaderboard...
2026-04-10 14:36:16,006 [INFO]   0x162cc7c861ebd0... ROI=63.7% AUM=$41,811,093
2026-04-10 14:36:16,006 [INFO]   0x87f9cd15f5050a... ROI=46.0% AUM=$83,869,163
2026-04-10 14:36:16,006 [INFO]   0x399965e15d4e61... ROI=164.5% AUM=$9,113,892
2026-04-10 14:36:16,006 [INFO]   0xf5d81a135f756c... ROI=29.6% AUM=$3,865,132
2026-04-10 14:36:16,006 [INFO]   0xdf9ea6ec3b7109... ROI=92.0% AUM=$3,952,160
2026-04-10 14:36:16,006 [INFO]   0xc926ddba8b7617... ROI=99.3% AUM=$11,628,586
2026-04-10 14:36:16,006 [INFO]   0x7839e2f2c375dd... ROI=189.9% AUM=$7,915,261
2026-04-10 14:36:16,006 [INFO]   0xff4cd3826ecee1... ROI=41.0% AUM=$55,765,792
2026-04-10 14:36:16,006 [INFO]   0xecb63caa47c7c4... ROI=203.4% AUM=$68,811,494
2026-04-10 14:36:16,006 [INFO]   0xfc667adba8d483... ROI=22.8% AUM=$85,944,988
2026-04-10 14:36:16,006 [INFO]   0x61ceef212ff4a8... ROI=36.6% AUM=$8,180,848
2026-04-10 14:36:16,006 [INFO]   0xe4c6ae25959d7f... ROI=435.9% AUM=$1,891,211
2026-04-10 14:36:16,006 [INFO]   0x3bcae23e8c380d... ROI=2344.0% AUM=$12,066,589
2026-04-10 14:36:16,007 [INFO]   0x023a3d058020fb... ROI=385.8% AUM=$38,561,615
2026-04-10 14:36:16,007 [INFO]   0xdcac85ecae7148... ROI=69.5% AUM=$15,566,385
2026-04-10 14:36:16,007 [INFO]   0x049bdc370620be... ROI=268.8% AUM=$6,309,549
2026-04-10 14:36:16,007 [INFO]   0xefd3ab65915e35... ROI=25.9% AUM=$21,550,511
2026-04-10 14:36:16,007 [INFO]   0x31dea2516beee9... ROI=197.6% AUM=$15,579,872
2026-04-10 14:36:16,007 [INFO]   0x2025137a136bea... ROI=369.7% AUM=$7,231,470
2026-04-10 14:36:16,007 [INFO]   0xf517639a8872e7... ROI=3300.9% AUM=$2,831,852
2026-04-10 14:36:16,007 [INFO]   0x862dd8e68f3069... ROI=802.9% AUM=$2,634,772
2026-04-10 14:36:16,007 [INFO]   0x856c3503859476... ROI=106.9% AUM=$36,944,843
2026-04-10 14:36:16,007 [INFO]   0x5bcb085d7fadba... ROI=178.6% AUM=$2,620,840
2026-04-10 14:36:16,007 [INFO]   0x7717a7a245d9f9... ROI=98.8% AUM=$5,362,231
2026-04-10 14:36:16,007 [INFO]   0x6ba889db7f9236... ROI=64.2% AUM=$4,340,713
2026-04-10 14:36:16,007 [INFO]   0xe86b057f5eb764... ROI=104.5% AUM=$10,872,004
2026-04-10 14:36:16,007 [INFO]   0xae6446c95cc4e4... ROI=39.8% AUM=$10,182,158
2026-04-10 14:36:16,007 [INFO]   0xd4c1f7e8d876c4... ROI=221.0% AUM=$8,285,266
2026-04-10 14:36:16,007 [INFO]   0x9e8b1e51c642f4... ROI=5425.6% AUM=$5,260,873
2026-04-10 14:36:16,007 [INFO]   0xd6e1a6f7bb47ac... ROI=80.9% AUM=$3,633,902
2026-04-10 14:36:16,007 [INFO]   0xae7a0f9f663bb5... ROI=70.4% AUM=$1,260,453
2026-04-10 14:36:16,007 [INFO]   0x6ab3af472fd676... ROI=83.1% AUM=$4,497,467
2026-04-10 14:36:16,007 [INFO]   0x7c930969fcf3e5... ROI=311.8% AUM=$1,386,461
2026-04-10 14:36:16,007 [INFO]   0xf17de447fdfa17... ROI=22.8% AUM=$2,654,837
2026-04-10 14:36:16,007 [INFO]   0x7258d00a24d682... ROI=41.2% AUM=$3,025,255
2026-04-10 14:36:16,007 [INFO]   0xf58b673c1633cc... ROI=63.9% AUM=$3,547,957
2026-04-10 14:36:16,007 [INFO]   0x0ddf9bae2af4b8... ROI=84.2% AUM=$33,516,325
2026-04-10 14:36:16,007 [INFO]   0x5986347c1d0133... ROI=78.0% AUM=$3,406,216
2026-04-10 14:36:16,007 [INFO]   0x547c8d938b98cd... ROI=1773.1% AUM=$2,675,308
2026-04-10 14:36:16,007 [INFO]   0xb83de012dba672... ROI=87.2% AUM=$24,775,454
2026-04-10 14:36:16,007 [INFO]   0x469e9a7f624b04... ROI=309.6% AUM=$9,929,991
2026-04-10 14:36:16,007 [INFO]   0x77375a8c9d13bf... ROI=905.6% AUM=$18,220,700
2026-04-10 14:36:16,007 [INFO]   0x8af700ba841f30... ROI=231.1% AUM=$20,123,973
2026-04-10 14:36:16,007 [INFO]   0x03d1820340bf20... ROI=68.6% AUM=$2,634,360
2026-04-10 14:36:16,007 [INFO]   0xd47587702a9173... ROI=76.7% AUM=$47,570,010
2026-04-10 14:36:16,007 [INFO]   0xa6e2dc44418f5a... ROI=4103.0% AUM=$2,021,489
2026-04-10 14:36:16,007 [INFO]   0x350e33a777d510... ROI=9844.3% AUM=$2,936,345
2026-04-10 14:36:16,007 [INFO]   0x720a68bf081385... ROI=710.7% AUM=$5,786,228
2026-04-10 14:36:16,007 [INFO]   0xa31441e058492b... ROI=64.7% AUM=$15,148,853
2026-04-10 14:36:16,007 [INFO]   0x795cfd1b03eafc... ROI=93.8% AUM=$3,701,000
2026-04-10 14:36:16,007 [INFO]   0x81196517de1d77... ROI=177.6% AUM=$3,513,848
2026-04-10 14:36:16,007 [INFO]   0x519c721de735f7... ROI=78.3% AUM=$32,425,099
2026-04-10 14:36:16,007 [INFO]   0x7fdafde5cfb546... ROI=261.0% AUM=$35,039,024
2026-04-10 14:36:16,008 [INFO]   0x5b5d51203a0f90... ROI=55.7% AUM=$13,157,159
2026-04-10 14:36:16,008 [INFO]   0xbc1bc64be47052... ROI=23.4% AUM=$6,930,246
2026-04-10 14:36:16,008 [INFO]   0x6b08bbb2daf57d... ROI=155.0% AUM=$1,483,227
2026-04-10 14:36:16,008 [INFO]   0x2d23b731e5f049... ROI=268.6% AUM=$4,925,354
2026-04-10 14:36:16,008 [INFO]   0xa5b0edf6b55128... ROI=22.0% AUM=$42,394,267
2026-04-10 14:36:16,008 [INFO]   0xe86351e0f69bd8... ROI=26.4% AUM=$2,994,178
2026-04-10 14:36:16,008 [INFO]   0x8def9f50456c6c... ROI=261.8% AUM=$23,801,779
2026-04-10 14:36:16,008 [INFO]   0xadd12adbbd5db8... ROI=1241.2% AUM=$3,023,541
2026-04-10 14:36:16,008 [INFO]   0xf27ebb91ea420f... ROI=31.9% AUM=$1,333,406
2026-04-10 14:36:16,008 [INFO]   0x48d826da83e698... ROI=101.2% AUM=$6,929,452
2026-04-10 14:36:16,008 [INFO]   0x9ab1c356e6af86... ROI=897.6% AUM=$1,152,936
2026-04-10 14:36:16,008 [INFO]   0x985f02b19dbc06... ROI=47.1% AUM=$24,320,175
2026-04-10 14:36:16,008 [INFO]   0xa351db10472a07... ROI=40.5% AUM=$1,054,638
2026-04-10 14:36:16,008 [INFO]   0x888e000c78b8f1... ROI=425.3% AUM=$2,988,861
2026-04-10 14:36:16,008 [INFO]   0xb632c6580173a1... ROI=122.6% AUM=$4,268,972
2026-04-10 14:36:16,008 [INFO]   0x0dad16bc8a7e33... ROI=34.9% AUM=$1,690,893
2026-04-10 14:36:16,008 [INFO]   0x880ac484a17438... ROI=165.1% AUM=$28,613,380
2026-04-10 14:36:16,008 [INFO]   0x7da85a334e43a6... ROI=30.1% AUM=$4,878,822
2026-04-10 14:36:16,008 [INFO]   0x15271757b398cd... ROI=35.5% AUM=$7,639,990
2026-04-10 14:36:16,008 [INFO]   0x3b883b85fd41b8... ROI=22.5% AUM=$2,589,372
2026-04-10 14:36:16,008 [INFO]   0x920fa68300c8aa... ROI=21.4% AUM=$1,953,550
2026-04-10 14:36:16,008 [INFO]   0x523852be2db1a7... ROI=154203.4% AUM=$4,510,368
2026-04-10 14:36:16,008 [INFO]   0xca230e816bdb34... ROI=99.7% AUM=$1,782,933
2026-04-10 14:36:16,008 [INFO]   0x6859da14835424... ROI=384.2% AUM=$9,215,448
2026-04-10 14:36:16,008 [INFO]   0x61387d7e855088... ROI=20.1% AUM=$4,235,323
2026-04-10 14:36:16,008 [INFO]   0x8b61a50f7091ab... ROI=1242.4% AUM=$1,218,228
2026-04-10 14:36:16,008 [INFO]   0x47a127f496d001... ROI=96.8% AUM=$4,833,208
2026-04-10 14:36:16,008 [INFO]   0x73f432da307525... ROI=1544.8% AUM=$1,026,373
2026-04-10 14:36:16,008 [INFO]   0xd6ef5649200101... ROI=120.9% AUM=$3,784,947
2026-04-10 14:36:16,008 [INFO]   0x03ef8f73649804... ROI=24.4% AUM=$2,931,197
2026-04-10 14:36:16,008 [INFO]   0xe02e420ec55b4e... ROI=1806.4% AUM=$5,680,313
2026-04-10 14:36:16,008 [INFO]   0xcb02837caaee31... ROI=1377.0% AUM=$1,122,351
2026-04-10 14:36:16,008 [INFO]   0x208db9f389989c... ROI=36.5% AUM=$7,544,580
2026-04-10 14:36:16,008 [INFO]   0x3c363e96d22c05... ROI=755.8% AUM=$2,796,887
2026-04-10 14:36:16,008 [INFO]   0x418aa6bf98a2b2... ROI=253.0% AUM=$6,167,911
2026-04-10 14:36:16,008 [INFO]   0x668cec05549105... ROI=50.5% AUM=$2,184,585
2026-04-10 14:36:16,008 [INFO]   0xcb58b8f5ec6d47... ROI=5950.3% AUM=$3,937,190
2026-04-10 14:36:16,009 [INFO]   0xaf0fdd39e5d924... ROI=479.8% AUM=$7,460,295
2026-04-10 14:36:16,009 [INFO]   0x8f8d2d2565bfb1... ROI=348.1% AUM=$3,664,811
2026-04-10 14:36:16,009 [INFO]   0x36874c195c0215... ROI=26.9% AUM=$10,876,272
2026-04-10 14:36:16,009 [INFO]   0x7e4e766d0ae5ea... ROI=234.2% AUM=$4,692,233
2026-04-10 14:36:16,009 [INFO]   0x69906b0ed626ca... ROI=2416.8% AUM=$5,381,849
2026-04-10 14:36:16,009 [INFO]   0x00897e2d716816... ROI=49.2% AUM=$2,820,928
2026-04-10 14:36:16,009 [INFO]   0x325edd95bb016c... ROI=48.9% AUM=$2,610,698
2026-04-10 14:36:16,009 [INFO]   0xa65ce1d604fa90... ROI=48.5% AUM=$10,329,119
2026-04-10 14:36:16,009 [INFO]   0x0266a2451f7152... ROI=144.2% AUM=$2,069,591
2026-04-10 14:36:16,009 [INFO]   0x8bae3527e5a33f... ROI=1524.4% AUM=$4,570,091
2026-04-10 14:36:16,009 [INFO]   0xe091330c53b971... ROI=73.8% AUM=$1,331,953
2026-04-10 14:36:16,009 [INFO]   0x577a00a0ee907e... ROI=22.9% AUM=$1,435,048
2026-04-10 14:36:16,009 [INFO]   0x9e2cbb5d800181... ROI=123.9% AUM=$5,743,470
2026-04-10 14:36:16,009 [INFO]   0x4ff9b58ed112bf... ROI=46.9% AUM=$3,426,428
2026-04-10 14:36:16,009 [INFO]   0x152e41f0b83e6c... ROI=232.9% AUM=$12,132,964
2026-04-10 14:36:16,009 [INFO]   0xa1582a9d38775a... ROI=29.7% AUM=$1,317,776
2026-04-10 14:36:16,009 [INFO]   0x30a7a78ada9aaa... ROI=76.1% AUM=$1,048,897
2026-04-10 14:36:16,009 [INFO]   0x89c645ecbd0782... ROI=300.3% AUM=$8,068,302
2026-04-10 14:36:16,009 [INFO]   0x0748e296e5a350... ROI=357.6% AUM=$5,565,492
2026-04-10 14:36:16,009 [INFO]   0x42ebc2303c4abb... ROI=126.1% AUM=$1,599,228
2026-04-10 14:36:16,009 [INFO]   0x24fb6523036ebc... ROI=341.3% AUM=$1,239,801
2026-04-10 14:36:16,009 [INFO]   0xd507eeef2152d5... ROI=101.7% AUM=$2,613,888
2026-04-10 14:36:16,009 [INFO]   0x939f95036d2e7b... ROI=433.4% AUM=$42,956,942
2026-04-10 14:36:16,009 [INFO]   0xf28e1b06e00e87... ROI=80.6% AUM=$7,572,706
2026-04-10 14:36:16,009 [INFO]   0x67fcc46ed2a639... ROI=79.7% AUM=$2,322,667
2026-04-10 14:36:16,009 [INFO]   0xa312114b5795df... ROI=331.4% AUM=$14,608,674
2026-04-10 14:36:16,009 [INFO]   0x5559da6ec434c5... ROI=233.1% AUM=$4,234,957
2026-04-10 14:36:16,009 [INFO]   0x863b676e5e4fea... ROI=4519683.0% AUM=$2,517,739
2026-04-10 14:36:16,009 [INFO]   0xd852e3a7a2abca... ROI=20.3% AUM=$3,318,425
2026-04-10 14:36:16,009 [INFO]   0x92ae4209e3a576... ROI=193.3% AUM=$4,641,269
2026-04-10 14:36:16,009 [INFO]   0xb798aef79972ce... ROI=93.8% AUM=$11,279,114
2026-04-10 14:36:16,009 [INFO]   0xfffa6fc6acc3db... ROI=69.0% AUM=$2,593,825
2026-04-10 14:36:16,009 [INFO]   0x4aab8988462923... ROI=53.3% AUM=$2,965,541
2026-04-10 14:36:16,009 [INFO]   0xa1830e8d9f019f... ROI=268.9% AUM=$14,792,059
2026-04-10 14:36:16,009 [INFO]   0xefe263da9c803d... ROI=127.3% AUM=$1,525,762
2026-04-10 14:36:16,009 [INFO]   0xcac19662ec88d2... ROI=55.4% AUM=$25,167,024
2026-04-10 14:36:16,010 [INFO]   0x27c9fa86c91b84... ROI=231.3% AUM=$1,244,648
2026-04-10 14:36:16,010 [INFO]   0xd6e56265890b76... ROI=53.5% AUM=$11,018,256
2026-04-10 14:36:16,010 [INFO]   0x6041f881358c71... ROI=1445.6% AUM=$1,547,792
2026-04-10 14:36:16,010 [INFO]   0x3d89bcea338f35... ROI=41.4% AUM=$1,990,265
2026-04-10 14:36:16,010 [INFO]   0x7dacca323e44f1... ROI=427.0% AUM=$29,742,579
2026-04-10 14:36:16,010 [INFO]   0x95fde6cf0d3050... ROI=254.1% AUM=$2,183,572
2026-04-10 14:36:16,010 [INFO]   0xb58e1eb8256689... ROI=98.9% AUM=$1,408,537
2026-04-10 14:36:16,010 [INFO]   0xfd97600ac44b3c... ROI=261.3% AUM=$1,391,185
2026-04-10 14:36:16,010 [INFO]   0xb33b01c9821a99... ROI=41.4% AUM=$4,173,456
2026-04-10 14:36:16,010 [INFO]   0x462e3f2ce774b4... ROI=499.9% AUM=$8,094,946
2026-04-10 14:36:16,010 [INFO]   0x7a6d5fc57f6906... ROI=338.5% AUM=$1,567,149
2026-04-10 14:36:16,010 [INFO]   0xdf6097a9e585e3... ROI=92.1% AUM=$3,198,069
2026-04-10 14:36:16,010 [INFO]   0xfcdb1d630d4536... ROI=50.3% AUM=$1,624,697
2026-04-10 14:36:16,010 [INFO]   0x59629e23c52a0d... ROI=41.7% AUM=$1,127,308
2026-04-10 14:36:16,010 [INFO]   0x8cc94dc843e1ea... ROI=94.0% AUM=$10,727,616
2026-04-10 14:36:16,010 [INFO]   0x218a65e21eddee... ROI=74.7% AUM=$7,307,017
2026-04-10 14:36:16,010 [INFO]   0xd487e26c62ed8c... ROI=107.3% AUM=$3,357,151
2026-04-10 14:36:16,010 [INFO]   0x03b9a189e2480d... ROI=1269.4% AUM=$41,645,352
2026-04-10 14:36:16,010 [INFO]   0x06a33efba1ea06... ROI=27.7% AUM=$2,875,324
2026-04-10 14:36:16,010 [INFO]   0x8e096995c3e4a3... ROI=1421.7% AUM=$6,794,072
2026-04-10 14:36:16,010 [INFO]   0x45974824c1c4e4... ROI=1436.1% AUM=$1,037,273
2026-04-10 14:36:16,010 [INFO]   0x9321d8117e73b0... ROI=104.7% AUM=$5,813,495
2026-04-10 14:36:16,010 [INFO]   0xae78adaba70f18... ROI=183.7% AUM=$1,712,545
2026-04-10 14:36:16,010 [INFO]   0xa5fd942d4badba... ROI=415.1% AUM=$1,561,373
2026-04-10 14:36:16,010 [INFO]   0xa03236e2daca8f... ROI=20.6% AUM=$1,121,816
2026-04-10 14:36:16,010 [INFO]   0xa4dedda59f2908... ROI=6578.2% AUM=$3,767,739
2026-04-10 14:36:16,010 [INFO]   0x98e073b579fd48... ROI=269.1% AUM=$1,423,590
2026-04-10 14:36:16,010 [INFO]   0xd260b2216b7352... ROI=60.2% AUM=$9,900,822
2026-04-10 14:36:16,010 [INFO]   0xe867fbdad32915... ROI=88.8% AUM=$44,533,861
2026-04-10 14:36:16,010 [INFO]   0x8bcf7a888c66f6... ROI=1279.7% AUM=$4,045,173
2026-04-10 14:36:16,010 [INFO]   0x45ab58a2034f03... ROI=46.6% AUM=$6,148,560
2026-04-10 14:36:16,010 [INFO]   0x051c2e6d49cf82... ROI=392.2% AUM=$4,226,772
2026-04-10 14:36:16,010 [INFO]   0xd51b48fa7b9c4e... ROI=46.6% AUM=$3,038,383
2026-04-10 14:36:16,011 [INFO]   0x4a96036fb15295... ROI=291.0% AUM=$2,312,958
2026-04-10 14:36:16,011 [INFO]   0xab5e6f394951c2... ROI=157.1% AUM=$3,813,502
2026-04-10 14:36:16,011 [INFO]   0xead5b7d86c681c... ROI=489.1% AUM=$3,541,151
2026-04-10 14:36:16,011 [INFO]   0xe639710e64d709... ROI=40.9% AUM=$2,229,923
2026-04-10 14:36:16,011 [INFO]   0x66d3b80a7c6dc3... ROI=33.1% AUM=$1,436,228
2026-04-10 14:36:16,011 [INFO]   0x63d417a577b50c... ROI=1580.2% AUM=$2,431,290
2026-04-10 14:36:16,011 [INFO]   0x07fd993f0fa3a1... ROI=27.5% AUM=$5,581,202
2026-04-10 14:36:16,011 [INFO]   0x4b1c09fa832254... ROI=50.3% AUM=$1,356,771
2026-04-10 14:36:16,011 [INFO]   0x16bf84af3f85f8... ROI=163.2% AUM=$7,963,962
2026-04-10 14:36:16,011 [INFO]   0x8ed318c5eefd8c... ROI=115.6% AUM=$1,602,117
2026-04-10 14:36:16,011 [INFO]   0xb8ebd6ed57f410... ROI=44.2% AUM=$12,975,285
2026-04-10 14:36:16,011 [INFO]   0xdd97539fe9a912... ROI=660.4% AUM=$1,479,860
2026-04-10 14:36:16,011 [INFO]   0xfe40fa3decfc6d... ROI=80.9% AUM=$1,873,984
2026-04-10 14:36:16,011 [INFO]   0x5647249079e257... ROI=53.1% AUM=$1,381,519
2026-04-10 14:36:16,011 [INFO]   0x2fcb6898d5a062... ROI=148.3% AUM=$4,311,535
2026-04-10 14:36:16,011 [INFO]   0xbaaaf6571ab7d5... ROI=59.8% AUM=$1,647,818
2026-04-10 14:36:16,011 [INFO]   0xf5629393e446a1... ROI=44.7% AUM=$8,124,090
2026-04-10 14:36:16,011 [INFO]   0x7eb9026d018394... ROI=235.0% AUM=$4,790,437
2026-04-10 14:36:16,011 [INFO]   0x250b6caa76cf8c... ROI=327.6% AUM=$1,762,430
2026-04-10 14:36:16,011 [INFO]   0x79cc76364b5fb2... ROI=94.6% AUM=$3,010,877
2026-04-10 14:36:16,011 [INFO]   0x82d8dc80190e6b... ROI=124.5% AUM=$22,938,273
2026-04-10 14:36:16,011 [INFO]   0x091144e651b334... ROI=35.6% AUM=$3,212,084
2026-04-10 14:36:16,011 [INFO]   0x1864e1605a3933... ROI=21.0% AUM=$1,486,137
2026-04-10 14:36:16,011 [INFO]   0x643b713c5c6b86... ROI=496.6% AUM=$1,900,997
2026-04-10 14:36:16,011 [INFO]   0x0ce048fe42c170... ROI=4995.4% AUM=$1,407,255
2026-04-10 14:36:16,011 [INFO]   0x5b9306593ae710... ROI=39.5% AUM=$3,785,076
2026-04-10 14:36:16,011 [INFO]   0x10eadac3c42b80... ROI=20.2% AUM=$1,667,178
2026-04-10 14:36:16,011 [INFO]   0x45d26f28196d22... ROI=170.2% AUM=$24,013,574
2026-04-10 14:36:16,011 [INFO]   0x9dea4d13ac1c46... ROI=430.7% AUM=$1,232,055
2026-04-10 14:36:16,011 [INFO]   0x4941903e504321... ROI=281.5% AUM=$1,364,429
2026-04-10 14:36:16,011 [INFO]   0x80fb5880f38185... ROI=602.9% AUM=$3,039,999
2026-04-10 14:36:16,011 [INFO]   0x1f793d9f0368c1... ROI=63.8% AUM=$4,132,430
2026-04-10 14:36:16,012 [INFO]   0x75ec3ba266176e... ROI=21.9% AUM=$1,569,979
2026-04-10 14:36:16,012 [INFO]   0xcb15941180ed7c... ROI=751.4% AUM=$1,623,557
2026-04-10 14:36:16,012 [INFO]   0xeac842b2214cfe... ROI=23.6% AUM=$1,755,012
2026-04-10 14:36:16,012 [INFO]   0x005844b2ffb2e1... ROI=373.9% AUM=$6,462,184
2026-04-10 14:36:16,012 [INFO]   0xbe4e91ae63090e... ROI=6793.5% AUM=$1,775,064
2026-04-10 14:36:16,012 [INFO]   0xdd7a372377fc63... ROI=473.0% AUM=$1,239,199
2026-04-10 14:36:16,012 [INFO]   0x71dfc07de32c2e... ROI=253.0% AUM=$12,008,396
2026-04-10 14:36:16,012 [INFO]   0xeb3648865b1471... ROI=1683.1% AUM=$4,030,696
2026-04-10 14:36:16,012 [INFO]   0x92b75a5bfb7be7... ROI=29.8% AUM=$4,158,727
2026-04-10 14:36:16,012 [INFO]   0xb190075e8027cc... ROI=55.4% AUM=$12,125,003
2026-04-10 14:36:16,012 [INFO]   0x3662dd1d493d1d... ROI=211.9% AUM=$1,495,335
2026-04-10 14:36:16,012 [INFO]   0xa0d66bab5f04cb... ROI=27.7% AUM=$19,971,445
2026-04-10 14:36:16,012 [INFO]   0x1e37a337ed4600... ROI=21.0% AUM=$9,182,543
2026-04-10 14:36:16,012 [INFO]   0x7408e71e9ff466... ROI=2399.6% AUM=$2,234,051
2026-04-10 14:36:16,012 [INFO]   0xef962f012cd63a... ROI=79.4% AUM=$1,108,019
2026-04-10 14:36:16,012 [INFO]   0x14b96ee58172ad... ROI=38.5% AUM=$1,019,498
2026-04-10 14:36:16,012 [INFO]   0xff8850989681b1... ROI=143.6% AUM=$1,184,640
2026-04-10 14:36:16,012 [INFO]   0x5d2f4460ac3514... ROI=248.5% AUM=$6,433,078
2026-04-10 14:36:16,012 [INFO]   0x66466428990e0f... ROI=35.4% AUM=$2,754,607
2026-04-10 14:36:16,012 [INFO]   0x0871deb34bfd20... ROI=694.0% AUM=$4,630,400
2026-04-10 14:36:16,012 [INFO]   0x5b6d236e39a472... ROI=31.3% AUM=$1,026,267
2026-04-10 14:36:16,012 [INFO]   0x123dbca6a27005... ROI=141.4% AUM=$5,124,439
2026-04-10 14:36:16,012 [INFO]   0xbe3f79ae0ab329... ROI=3461.0% AUM=$1,053,216
2026-04-10 14:36:16,012 [INFO]   0x1fe06653816cd5... ROI=144.0% AUM=$1,230,953
2026-04-10 14:36:16,012 [INFO]   0xed41a12ea862f3... ROI=68.6% AUM=$10,575,407
2026-04-10 14:36:16,012 [INFO]   0x3a122449de235a... ROI=120.8% AUM=$1,105,666
2026-04-10 14:36:16,013 [INFO]   0xc48b1ad3415e6c... ROI=32.2% AUM=$1,504,081
2026-04-10 14:36:16,013 [INFO]   0x4f9b096385c4e6... ROI=46.6% AUM=$3,546,015
2026-04-10 14:36:16,013 [INFO]   0x203f692c6a6caf... ROI=30.3% AUM=$1,009,764
2026-04-10 14:36:16,013 [INFO]   0x20c2d95a3dfdca... ROI=109.8% AUM=$2,910,673
2026-04-10 14:36:16,013 [INFO]   0x848aa08a594a14... ROI=32.9% AUM=$2,788,137
2026-04-10 14:36:16,013 [INFO]   0x12808ee0d6b9fd... ROI=24.7% AUM=$1,257,938
2026-04-10 14:36:16,013 [INFO]   0x3fc56e944aa7b1... ROI=150.6% AUM=$3,832,723
2026-04-10 14:36:16,013 [INFO]   0x9391199d0dd197... ROI=126.2% AUM=$1,357,022
2026-04-10 14:36:16,013 [INFO]   0x18cd4597e06b7f... ROI=39.4% AUM=$2,571,999
2026-04-10 14:36:16,013 [INFO]   0xf97ad6704baec1... ROI=919.4% AUM=$1,572,998
2026-04-10 14:36:16,013 [INFO]   0x9b864dde6ed1c2... ROI=282.9% AUM=$1,123,920
2026-04-10 14:36:16,013 [INFO]   0x42fd5648cf21c1... ROI=162.6% AUM=$1,828,146
2026-04-10 14:36:16,013 [INFO]   0xcac1f1c3e4599e... ROI=1052.1% AUM=$1,328,931
2026-04-10 14:36:16,013 [INFO]   0x9bb933d7fe63c0... ROI=31.1% AUM=$13,724,545
2026-04-10 14:36:16,013 [INFO]   0xa6cb81271418b9... ROI=405.7% AUM=$1,457,913
2026-04-10 14:36:16,013 [INFO]   0xdf783e48b2ebd7... ROI=101.0% AUM=$3,246,399
2026-04-10 14:36:16,013 [INFO]   0xf5a523b171032c... ROI=90.0% AUM=$3,033,538
2026-04-10 14:36:16,013 [INFO]   0xf00bb08f7d1d04... ROI=61.1% AUM=$1,557,514
2026-04-10 14:36:16,013 [INFO]   0xd2b2a8ab7a8c90... ROI=77.1% AUM=$5,023,236
2026-04-10 14:36:16,013 [INFO]   0x643430283b19fa... ROI=368.7% AUM=$1,350,038
2026-04-10 14:36:16,013 [INFO]   0xfce053a5e46168... ROI=533.7% AUM=$2,548,483
2026-04-10 14:36:16,013 [INFO]   0xc7f94fb3b3ba61... ROI=79.5% AUM=$2,769,843
2026-04-10 14:36:16,013 [INFO]   0x274e1d88c0230e... ROI=48.6% AUM=$1,889,582
2026-04-10 14:36:16,014 [INFO]   0xaea8e3bd369217... ROI=634.8% AUM=$3,661,674
2026-04-10 14:36:16,014 [INFO]   0xa8b695817a4054... ROI=97.1% AUM=$3,660,505
2026-04-10 14:36:16,014 [INFO]   0xdd84ce1adcb3a4... ROI=868.5% AUM=$1,214,241
2026-04-10 14:36:16,014 [INFO]   0x4937c6b353864c... ROI=100.5% AUM=$1,600,031
2026-04-10 14:36:16,014 [INFO]   0xc6758a779bccee... ROI=544.5% AUM=$1,493,957
2026-04-10 14:36:16,014 [INFO]   0xa20fb0c9e04063... ROI=181.8% AUM=$1,317,682
2026-04-10 14:36:16,014 [INFO]   0x4535b3157efa05... ROI=70.5% AUM=$1,000,001
2026-04-10 14:36:16,014 [INFO]   0x78034797c6b01c... ROI=147.0% AUM=$2,745,475
2026-04-10 14:36:16,014 [INFO]   0xd10e2b1b66001b... ROI=658.3% AUM=$1,349,796
2026-04-10 14:36:16,014 [INFO]   0x06cecfbac34101... ROI=376.7% AUM=$1,878,164
2026-04-10 14:36:16,014 [INFO]   0xd63fca366dbbde... ROI=41.3% AUM=$1,094,733
2026-04-10 14:36:16,014 [INFO]   0x21eaaee21905a7... ROI=64.4% AUM=$1,282,289
2026-04-10 14:36:16,014 [INFO]   0x8607a7d180de23... ROI=62.1% AUM=$14,578,983
2026-04-10 14:36:16,014 [INFO]   0xad59ed47c22698... ROI=48.6% AUM=$2,615,534
2026-04-10 14:36:16,014 [INFO]   0x6417da1d2452a4... ROI=78.3% AUM=$5,368,540
2026-04-10 14:36:16,014 [INFO]   0x992ec71207c9e1... ROI=22.2% AUM=$5,206,332
2026-04-10 14:36:16,014 [INFO]   0xf5f4c3aa62a0f9... ROI=54.0% AUM=$1,260,904
2026-04-10 14:36:16,014 [INFO]   0x86a8c6ad0e90d3... ROI=1314.7% AUM=$1,931,574
2026-04-10 14:36:16,014 [INFO]   0x2d760d867ebebd... ROI=89.6% AUM=$1,652,154
2026-04-10 14:36:16,014 [INFO]   0x1c2c96e78a4295... ROI=121.0% AUM=$1,130,910
2026-04-10 14:36:16,014 [INFO]   0xe25173b3558e86... ROI=148.5% AUM=$1,137,928
2026-04-10 14:36:16,014 [INFO]   0x71cfa5e263e866... ROI=68.9% AUM=$1,653,126
2026-04-10 14:36:16,014 [INFO]   0x3300eebeea8239... ROI=69.9% AUM=$6,005,200
2026-04-10 14:36:16,014 [INFO]   0x248ee78390f550... ROI=25.5% AUM=$1,162,627
2026-04-10 14:36:16,014 [INFO]   0xb6ca5d1ed0ca4b... ROI=255.4% AUM=$2,026,448
2026-04-10 14:36:16,014 [INFO]   0x97f8219e401f07... ROI=45.8% AUM=$8,144,080
2026-04-10 14:36:16,014 [INFO]   0xdca131ba8f428b... ROI=297.1% AUM=$1,464,252
2026-04-10 14:36:16,014 [INFO]   0xf961e5e6c52761... ROI=199.5% AUM=$8,721,907
2026-04-10 14:36:16,014 [INFO]   0x7894bb4cd20e08... ROI=209.1% AUM=$1,517,412
2026-04-10 14:36:16,014 [INFO]   0x28233e5edddfc9... ROI=114.6% AUM=$1,359,211
2026-04-10 14:36:16,014 [INFO]   0x47f5a6397b79de... ROI=333.0% AUM=$1,371,771
2026-04-10 14:36:16,014 [INFO]   0xa40ee97b435230... ROI=8837.3% AUM=$1,754,418
2026-04-10 14:36:16,014 [INFO]   0x0514f2f3e0277c... ROI=27.7% AUM=$1,021,888
2026-04-10 14:36:16,014 [INFO]   0xa87a233e8a7d89... ROI=122.4% AUM=$14,616,631
2026-04-10 14:36:16,014 [INFO]   0x7625dc67deab18... ROI=311.0% AUM=$1,096,388
2026-04-10 14:36:16,014 [INFO]   0x6d7823cd5c3d9d... ROI=118.0% AUM=$8,689,823
2026-04-10 14:36:16,014 [INFO]   0x0320e2787d5c62... ROI=345.5% AUM=$6,529,539
2026-04-10 14:36:16,016 [INFO]   0x50f49b9ff9e376... ROI=25.4% AUM=$2,608,113
2026-04-10 14:36:16,016 [INFO]   0x5bc43f38c2ddcd... ROI=137.6% AUM=$5,298,713
2026-04-10 14:36:16,016 [INFO]   0x88b2448328f433... ROI=5475.8% AUM=$11,085,604
2026-04-10 14:36:16,016 [INFO]   0xceec48581b3145... ROI=378.5% AUM=$8,354,416
2026-04-10 14:36:16,016 [INFO]   0xf3362789cecf25... ROI=96.0% AUM=$1,324,481
2026-04-10 14:36:16,016 [INFO]   0x1b7ca89aa12189... ROI=47.3% AUM=$2,106,837
2026-04-10 14:36:16,016 [INFO]   0x3938a7d74f692a... ROI=364.5% AUM=$2,443,372
2026-04-10 14:36:16,016 [INFO]   0x7c976f00e84db0... ROI=51.6% AUM=$5,005,538
2026-04-10 14:36:16,016 [INFO]   0x5f94a51948d237... ROI=116.7% AUM=$9,465,532
2026-04-10 14:36:16,016 [INFO]   0x999510ad3dd8c9... ROI=140.7% AUM=$1,819,075
2026-04-10 14:36:16,016 [INFO]   0x89453000afe81a... ROI=24.6% AUM=$1,191,041
2026-04-10 14:36:16,016 [INFO]   0x3ee505ba316879... ROI=307.2% AUM=$3,309,083
2026-04-10 14:36:16,016 [INFO]   0x4d470e0a241c3d... ROI=104.1% AUM=$11,992,035
2026-04-10 14:36:16,016 [INFO]   0x7be1cba648ebe1... ROI=33.9% AUM=$16,781,065
2026-04-10 14:36:16,016 [INFO]   0x1e6db0fdf1a0f6... ROI=236.6% AUM=$4,958,724
2026-04-10 14:36:16,016 [INFO]   0xbd1ffc762f55f1... ROI=74.9% AUM=$1,342,135
2026-04-10 14:36:16,016 [INFO]   0x288ed4efc8fbd1... ROI=500.1% AUM=$1,092,643
2026-04-10 14:36:16,016 [INFO]   0x2f55548ad6fed2... ROI=3680.9% AUM=$1,560,355
2026-04-10 14:36:16,016 [INFO]   0xe85b80e66c11c9... ROI=60.5% AUM=$1,092,883
2026-04-10 14:36:16,017 [INFO]   0xbdfa4f4492dd7b... ROI=682.2% AUM=$41,928,369
2026-04-10 14:36:16,017 [INFO]   0x183d0567c33e75... ROI=263.0% AUM=$1,254,483
2026-04-10 14:36:16,017 [INFO]   0xf5e7ffe523d049... ROI=23.7% AUM=$1,025,530
2026-04-10 14:36:16,017 [INFO]   0x07295d129f841f... ROI=2961.1% AUM=$1,158,820
2026-04-10 14:36:16,017 [INFO]   0x67f2d1e12bcd20... ROI=373.5% AUM=$2,545,864
2026-04-10 14:36:16,017 [INFO]   0x015354106478dd... ROI=233.5% AUM=$11,327,481
2026-04-10 14:36:16,017 [INFO]   0xaa4cf724a400f6... ROI=39.0% AUM=$3,359,813
2026-04-10 14:36:16,017 [INFO]   0x5db22b067c3ec6... ROI=27.4% AUM=$1,168,766
2026-04-10 14:36:16,017 [INFO]   0xf1397a46311f66... ROI=4253.5% AUM=$1,384,169
2026-04-10 14:36:16,017 [INFO]   0x0423b4b2acb4f2... ROI=43.3% AUM=$1,303,677
2026-04-10 14:36:16,017 [INFO]   0x5b8f1daad43d77... ROI=670.7% AUM=$1,264,686
2026-04-10 14:36:16,017 [INFO]   0xf60ec680e00eda... ROI=32.9% AUM=$1,925,137
2026-04-10 14:36:16,017 [INFO]   0x782e432267376f... ROI=270.2% AUM=$2,075,197
2026-04-10 14:36:16,017 [INFO]   0xc0e29d686084dc... ROI=94.0% AUM=$1,779,416
2026-04-10 14:36:16,017 [INFO]   0x615d54d75193c9... ROI=70.8% AUM=$1,945,003
2026-04-10 14:36:16,017 [INFO]   0x08c14b32c8a488... ROI=168.1% AUM=$1,802,216
2026-04-10 14:36:16,017 [INFO]   0xe6df4ed7a6ccb8... ROI=28.3% AUM=$1,288,361
2026-04-10 14:36:16,017 [INFO]   0x0087188d27ac73... ROI=103.8% AUM=$1,062,202
2026-04-10 14:36:16,017 [INFO]   0xfb941d2344b72e... ROI=67.1% AUM=$5,482,788
2026-04-10 14:36:16,018 [INFO]   0x75dacaf3c87ffa... ROI=36.8% AUM=$6,430,052
2026-04-10 14:36:16,018 [INFO]   0xd598a3ad563768... ROI=85.6% AUM=$1,118,277
2026-04-10 14:36:16,018 [INFO]   0xa2ecada0b45ad1... ROI=2743.3% AUM=$1,971,200
2026-04-10 14:36:16,018 [INFO]   0x68c151a40b08c6... ROI=93.6% AUM=$1,066,222
2026-04-10 14:36:16,018 [INFO]   0xae551d73161bac... ROI=25.7% AUM=$1,293,251
2026-04-10 14:36:16,018 [INFO]   0x3fe1303b746bb9... ROI=361.0% AUM=$2,355,732
2026-04-10 14:36:16,018 [INFO]   0xb6f1d510a8e18a... ROI=479.0% AUM=$1,791,789
2026-04-10 14:36:16,018 [INFO]   0xdbd1bac81ad581... ROI=148.7% AUM=$1,603,828
2026-04-10 14:36:16,018 [INFO]   0xa99767ff687401... ROI=84.0% AUM=$1,106,550
2026-04-10 14:36:16,018 [INFO]   0x13e28e3c7d4b5d... ROI=24.7% AUM=$1,121,632
2026-04-10 14:36:16,018 [INFO]   0x091159a8106b07... ROI=151.7% AUM=$6,405,414
2026-04-10 14:36:16,018 [INFO]   0x404ca2035b37bf... ROI=339.5% AUM=$1,300,057
2026-04-10 14:36:16,018 [INFO]   0x5bcb8556d5e8d7... ROI=52554.2% AUM=$2,601,616
2026-04-10 14:36:16,018 [INFO]   0x0d61c442113b5c... ROI=39.1% AUM=$2,169,753
2026-04-10 14:36:16,018 [INFO]   0x39be8fad61f5fa... ROI=34.1% AUM=$1,621,921
2026-04-10 14:36:16,018 [INFO]   0x988caf2d1aa1ff... ROI=139.3% AUM=$1,191,461
2026-04-10 14:36:16,018 [INFO]   0xb4caaff7812515... ROI=25.8% AUM=$2,360,525
2026-04-10 14:36:16,018 [INFO]   0x56cd86d6ef24a3... ROI=275.2% AUM=$2,387,170
2026-04-10 14:36:16,018 [INFO]   0xd1692402c26392... ROI=234.7% AUM=$1,351,292
2026-04-10 14:36:16,018 [INFO]   0xcefd7652228a86... ROI=133.3% AUM=$2,887,057
2026-04-10 14:36:16,018 [INFO]   0x929781596752e2... ROI=127.9% AUM=$1,481,860
2026-04-10 14:36:16,018 [INFO]   0xd2147a366e335b... ROI=471.6% AUM=$2,928,028
2026-04-10 14:36:16,018 [INFO]   0x2ca69ddf1b3a83... ROI=30.1% AUM=$3,993,454
2026-04-10 14:36:16,019 [INFO]   0x99967871e6c4f9... ROI=725.9% AUM=$4,386,516
2026-04-10 14:36:16,019 [INFO]   0x054a01da80ee37... ROI=229.6% AUM=$1,307,210
2026-04-10 14:36:16,019 [INFO]   0xbe19541903f64a... ROI=106.2% AUM=$3,910,957
2026-04-10 14:36:16,019 [INFO]   0xefffa330cbae8d... ROI=82.2% AUM=$7,376,856
2026-04-10 14:36:16,019 [INFO]   0xf3d0e131bb5d8e... ROI=31.5% AUM=$5,487,707
2026-04-10 14:36:16,019 [INFO]   0x47a0d24b348892... ROI=272.1% AUM=$1,156,966
2026-04-10 14:36:16,019 [INFO]   0x49821b90c12507... ROI=344.9% AUM=$1,109,307
2026-04-10 14:36:16,019 [INFO]   0x779e5e469d5de3... ROI=21.7% AUM=$1,582,800
2026-04-10 14:36:16,019 [INFO]   0xcf2004d199a354... ROI=58.4% AUM=$1,284,840
2026-04-10 14:36:16,019 [INFO]   0xa322075be559ed... ROI=93.5% AUM=$1,100,448
2026-04-10 14:36:16,019 [INFO]   0x279818c822e5c6... ROI=38.2% AUM=$1,844,961
2026-04-10 14:36:16,019 [INFO]   0x30031f21e4927c... ROI=1305.0% AUM=$2,266,524
2026-04-10 14:36:16,019 [INFO]   0x3f3e305c4ad492... ROI=37.5% AUM=$1,883,601
2026-04-10 14:36:16,019 [INFO]   0x5e13d5cedbddd7... ROI=512.9% AUM=$5,722,048
2026-04-10 14:36:16,019 [INFO]   0xf191539a2c4ba0... ROI=6411.8% AUM=$1,780,636
2026-04-10 14:36:16,019 [INFO]   0x0284bbd3646b59... ROI=68.3% AUM=$2,989,618
2026-04-10 14:36:16,020 [INFO]   0x0b00c540bc5f20... ROI=82.1% AUM=$5,248,187
2026-04-10 14:36:16,020 [INFO]   0xff2c13a2d71a4d... ROI=234.8% AUM=$1,558,227
2026-04-10 14:36:16,020 [INFO]   0xd6bd672b25fe4f... ROI=22.7% AUM=$1,914,560
2026-04-10 14:36:16,020 [INFO]   0xd9012a0c82242b... ROI=47.8% AUM=$1,213,279
2026-04-10 14:36:16,020 [INFO]   0xbf49647d017805... ROI=115.8% AUM=$15,660,767
2026-04-10 14:36:16,020 [INFO]   0x3c83dbcda8d9fb... ROI=1940.3% AUM=$3,048,921
2026-04-10 14:36:16,020 [INFO]   0xdbe0780a5c5a0e... ROI=20.7% AUM=$2,120,941
2026-04-10 14:36:16,020 [INFO]   0x369daedbefcb30... ROI=112.5% AUM=$1,509,362
2026-04-10 14:36:16,020 [INFO]   0xb3e475368ed0fa... ROI=205.0% AUM=$6,186,636
2026-04-10 14:36:16,020 [INFO]   0xb5101614ad7146... ROI=594.8% AUM=$1,658,177
2026-04-10 14:36:16,020 [INFO]   0x5cb20485ede692... ROI=49.0% AUM=$1,289,164
2026-04-10 14:36:16,020 [INFO]   0xccf343eef0c5f2... ROI=78.8% AUM=$1,038,841
2026-04-10 14:36:16,021 [INFO]   0x94dac1facdc4af... ROI=133.2% AUM=$6,311,946
2026-04-10 14:36:16,021 [INFO]   0xd1acbe05a739c8... ROI=117.7% AUM=$2,453,957
2026-04-10 14:36:16,021 [INFO]   0xaeae3319f670f1... ROI=861.1% AUM=$12,695,544
2026-04-10 14:36:16,021 [INFO]   0x00000000002f3d... ROI=57.9% AUM=$1,292,802
2026-04-10 14:36:16,021 [INFO]   0x9cbf099ff42497... ROI=123.2% AUM=$1,661,824
2026-04-10 14:36:16,021 [INFO]   0x5740affc8faf89... ROI=161.8% AUM=$2,019,311
2026-04-10 14:36:16,021 [INFO]   0x24d02e64d4a258... ROI=195.7% AUM=$1,181,421
2026-04-10 14:36:16,021 [INFO]   0xbe2c69eb3d7b8e... ROI=119502.5% AUM=$1,128,099
2026-04-10 14:36:16,021 [INFO]   0xd564b3ae673caa... ROI=26.9% AUM=$1,068,549
2026-04-10 14:36:16,021 [INFO]   0x071d9fe61ce306... ROI=967.0% AUM=$5,138,507
2026-04-10 14:36:16,021 [INFO]   0x36f5e448c9cf00... ROI=24.8% AUM=$3,051,091
2026-04-10 14:36:16,022 [INFO]   0xfc7eca54f07f5f... ROI=108.2% AUM=$4,293,156
2026-04-10 14:36:16,022 [INFO]   0x1e771e1b95c864... ROI=497.8% AUM=$5,015,897
2026-04-10 14:36:16,022 [INFO]   0x72988778525f0c... ROI=62.4% AUM=$1,734,172
2026-04-10 14:36:16,022 [INFO]   0xfb325ee61cef82... ROI=40.2% AUM=$1,067,889
2026-04-10 14:36:16,022 [INFO]   0x42be43983e9977... ROI=46.2% AUM=$1,055,766
2026-04-10 14:36:16,022 [INFO]   0x9e8c646220613d... ROI=12319.1% AUM=$1,765,383
2026-04-10 14:36:16,022 [INFO]   0x627b21c82c46b3... ROI=37.8% AUM=$2,546,579
2026-04-10 14:36:16,022 [INFO]   0x776c31290e08d0... ROI=262.6% AUM=$1,181,569
2026-04-10 14:36:16,023 [INFO]   0xa98391a65a1c1e... ROI=674.1% AUM=$1,058,182
2026-04-10 14:36:16,023 [INFO]   0x825714bae8bd60... ROI=53.7% AUM=$3,713,769
2026-04-10 14:36:16,023 [INFO]   0x54e069bbf9d3ef... ROI=951.1% AUM=$1,241,241
2026-04-10 14:36:16,023 [INFO]   0x61b72c3d6904a7... ROI=24.4% AUM=$1,164,252
2026-04-10 14:36:16,023 [INFO]   0xa906355beaf1d6... ROI=68.2% AUM=$11,554,998
2026-04-10 14:36:16,023 [INFO]   0xa445a0a15b1d50... ROI=43.7% AUM=$11,410,391
2026-04-10 14:36:16,023 [INFO]   0xd5ef38a6bfe29e... ROI=64.6% AUM=$1,088,685
2026-04-10 14:36:16,023 [INFO]   0xd24ff5e32de12b... ROI=22.4% AUM=$2,604,752
2026-04-10 14:36:16,023 [INFO]   0xf62edeee17968d... ROI=357.2% AUM=$1,036,604
2026-04-10 14:36:16,023 [INFO]   0xcccf42c120fa1a... ROI=2580.6% AUM=$1,312,861
2026-04-10 14:36:16,023 [INFO]   0xaac84e8df34f86... ROI=5868.7% AUM=$4,255,931
2026-04-10 14:36:16,023 [INFO]   0x34c6d41c5f78f7... ROI=56.4% AUM=$1,767,397
2026-04-10 14:36:16,023 [INFO]   0x6555e1cc97d3cb... ROI=39.0% AUM=$20,686,985
2026-04-10 14:36:16,023 [INFO]   0x2d99fe0f36c1ae... ROI=91.4% AUM=$7,867,158
2026-04-10 14:36:16,024 [INFO]   0xe7e25d4f0f0076... ROI=116.4% AUM=$1,167,403
2026-04-10 14:36:16,024 [INFO]   0xccf135ab352d56... ROI=82.7% AUM=$1,030,550
2026-04-10 14:36:16,024 [INFO]   0x7f178fe30dc0d5... ROI=27.3% AUM=$1,507,743
2026-04-10 14:36:16,024 [INFO]   0x8ab117ae3af056... ROI=123.7% AUM=$1,126,117
2026-04-10 14:36:16,024 [INFO]   0xa9ff08af55b24b... ROI=20.1% AUM=$6,396,983
2026-04-10 14:36:16,024 [INFO]   0x34198f98b7266b... ROI=53.1% AUM=$3,296,761
2026-04-10 14:36:16,024 [INFO]   0xfcb01354e18ca1... ROI=16238.5% AUM=$1,769,091
2026-04-10 14:36:16,024 [INFO]   0x512e1d1d3d17ee... ROI=42.3% AUM=$1,866,078
2026-04-10 14:36:16,024 [INFO]   0x2246c4d51374a2... ROI=737.6% AUM=$1,955,751
2026-04-10 14:36:16,024 [INFO]   0x193f19679b6511... ROI=167.2% AUM=$1,006,375
2026-04-10 14:36:16,024 [INFO]   0x6df99d59cdada1... ROI=51.2% AUM=$3,288,536
2026-04-10 14:36:16,025 [INFO]   0x8fb9afdcc07459... ROI=7511.7% AUM=$1,057,724
2026-04-10 14:36:16,025 [INFO]   0x0e8bf301805df4... ROI=1190.5% AUM=$27,261,950
2026-04-10 14:36:16,025 [INFO]   0xf3519db379fda8... ROI=60.7% AUM=$1,362,569
2026-04-10 14:36:16,025 [INFO]   0x1cba7640526a9b... ROI=1995.4% AUM=$1,703,379
2026-04-10 14:36:16,025 [INFO]   0x29b3340f6c8e29... ROI=72.6% AUM=$1,482,208
2026-04-10 14:36:16,025 [INFO]   0xe97b0792297592... ROI=31.4% AUM=$1,015,843
2026-04-10 14:36:16,025 [INFO]   0x0fc12457cd3eb4... ROI=22.9% AUM=$1,761,686
2026-04-10 14:36:16,025 [INFO]   0x3eea372582e72f... ROI=1313.9% AUM=$2,479,082
2026-04-10 14:36:16,025 [INFO]   0xda0950da3882ef... ROI=292.8% AUM=$1,315,562
2026-04-10 14:36:16,025 [INFO]   0xabc9eda0988d43... ROI=88.4% AUM=$3,554,530
2026-04-10 14:36:16,026 [INFO]   0x961fdc9ae7e455... ROI=40.3% AUM=$1,032,181
2026-04-10 14:36:16,026 [INFO]   0x03e161499870b0... ROI=41.9% AUM=$1,434,724
2026-04-10 14:36:16,026 [INFO]   0x13d032655aca89... ROI=45.1% AUM=$11,144,202
2026-04-10 14:36:16,026 [INFO]   0xa2d1dd0f092393... ROI=329.5% AUM=$11,127,293
2026-04-10 14:36:16,026 [INFO]   0x873ef969fd1cda... ROI=38.0% AUM=$1,907,847
2026-04-10 14:36:16,026 [INFO]   0x13c50dcdee4bbc... ROI=4341.2% AUM=$39,351,982
2026-04-10 14:36:16,026 [INFO]   0xb221a0f172694d... ROI=454.5% AUM=$2,498,716
2026-04-10 14:36:16,026 [INFO]   0xd3cb1823da2ff5... ROI=84.2% AUM=$7,339,785
2026-04-10 14:36:16,026 [INFO]   0x9a1500b4151986... ROI=11206.0% AUM=$6,414,571
2026-04-10 14:36:16,026 [INFO]   0x0aa91765509599... ROI=61.3% AUM=$5,532,050
2026-04-10 14:36:16,026 [INFO]   0xba0898f80da916... ROI=87.8% AUM=$5,916,999
2026-04-10 14:36:16,026 [INFO]   0x3720d5a34c5239... ROI=310.5% AUM=$1,285,236
2026-04-10 14:36:16,026 [INFO]   0x353567c23fcc25... ROI=389.7% AUM=$1,222,060
2026-04-10 14:36:16,026 [INFO]   0xa01280fbfd7a4e... ROI=42.7% AUM=$1,124,334
2026-04-10 14:36:16,026 [INFO]   0x8c601ec488004c... ROI=152.5% AUM=$2,155,756
2026-04-10 14:36:16,026 [INFO]   0x6e93ebc8302890... ROI=149.8% AUM=$5,715,867
2026-04-10 14:36:16,026 [INFO]   0x0f991873aab3e1... ROI=6863.2% AUM=$16,241,997
2026-04-10 14:36:16,026 [INFO]   0xddfe74f671f654... ROI=76.3% AUM=$1,200,760
2026-04-10 14:36:16,026 [INFO]   0xaa92378694b6f0... ROI=2165.8% AUM=$1,371,627
2026-04-10 14:36:16,026 [INFO]   0xbb1ac608e3bf90... ROI=244.4% AUM=$1,187,821
2026-04-10 14:36:16,026 [INFO]   0xac7bbfed474127... ROI=48.6% AUM=$1,183,671
2026-04-10 14:36:16,026 [INFO]   0x0dd73d2b71efb3... ROI=72.7% AUM=$1,232,601
2026-04-10 14:36:16,026 [INFO]   0xbc433ba7c34752... ROI=123.9% AUM=$1,347,638
2026-04-10 14:36:16,027 [INFO]   0x022e3ce4eda264... ROI=310.0% AUM=$1,994,316
2026-04-10 14:36:16,027 [INFO]   0x6cd68e8f04490c... ROI=1306.5% AUM=$5,239,494
2026-04-10 14:36:16,027 [INFO]   0xc4d4fc1b01c94b... ROI=5666.0% AUM=$3,813,578
2026-04-10 14:36:16,027 [INFO]   0x5a106f5cf9fba6... ROI=8119.6% AUM=$6,156,732
2026-04-10 14:36:16,027 [INFO]   0x629f483d002c66... ROI=44.9% AUM=$1,166,943
2026-04-10 14:36:16,027 [INFO]   0xbb10bda01f56b1... ROI=4624.3% AUM=$3,080,287
2026-04-10 14:36:16,027 [INFO]   0x0c5e5e6554b54d... ROI=4690200.2% AUM=$2,190,822
2026-04-10 14:36:16,027 [INFO]   0xf3115b8641808c... ROI=3034.8% AUM=$1,278,125
2026-04-10 14:36:16,027 [INFO]   0xbd34523189edc7... ROI=30.4% AUM=$1,651,170
2026-04-10 14:36:16,027 [INFO]   0x8d214854e0ae0f... ROI=21.2% AUM=$1,193,101
2026-04-10 14:36:16,027 [INFO]   0x99999999666044... ROI=118.9% AUM=$2,244,498
2026-04-10 14:36:16,027 [INFO]   0x56a355dc85c5a1... ROI=68.9% AUM=$2,105,865
2026-04-10 14:36:16,027 [INFO]   0x13a0833e8201b3... ROI=442.6% AUM=$1,028,906
2026-04-10 14:36:16,027 [INFO]   0xf08d17632e7a83... ROI=232.4% AUM=$2,333,552
2026-04-10 14:36:16,027 [INFO]   0x30fabf0754da17... ROI=84.7% AUM=$3,291,091
2026-04-10 14:36:16,028 [INFO]   0xaa2a33c424b92c... ROI=47.2% AUM=$2,442,849
2026-04-10 14:36:16,028 [INFO]   0xbfc79c444c41a7... ROI=309.5% AUM=$2,197,505
2026-04-10 14:36:16,028 [INFO]   0xd6b1cf2de77557... ROI=700.3% AUM=$1,483,198
2026-04-10 14:36:16,028 [INFO]   0x699255686b2498... ROI=2505.4% AUM=$1,257,384
2026-04-10 14:36:16,028 [INFO]   0xcbd6b0dee49eea... ROI=5586.9% AUM=$4,565,499
2026-04-10 14:36:16,028 [INFO]   0xd2055c67884ef0... ROI=4299.5% AUM=$2,088,574
2026-04-10 14:36:16,028 [INFO]   0xe2f86feccb1207... ROI=64.2% AUM=$3,861,933
2026-04-10 14:36:16,028 [INFO]   0x821c41495a65ef... ROI=37.5% AUM=$9,007,788
2026-04-10 14:36:16,028 [INFO]   0xdae84fffb8090d... ROI=559.4% AUM=$3,896,745
2026-04-10 14:36:16,028 [INFO]   0x7345985dd7e2c5... ROI=20.5% AUM=$1,383,966
2026-04-10 14:36:16,029 [INFO]   0x0085578e35e1c4... ROI=20.3% AUM=$1,835,901
2026-04-10 14:36:16,029 [INFO]   0x008a31a86fcc4d... ROI=20.7% AUM=$2,217,746
2026-04-10 14:36:16,029 [INFO]   0x00b2480fc17195... ROI=41.9% AUM=$3,598,584
2026-04-10 14:36:16,029 [INFO]   0x011a1a6a989729... ROI=22.1% AUM=$7,540,194
2026-04-10 14:36:16,029 [INFO]   0x014108573796ea... ROI=702.6% AUM=$1,524,965
2026-04-10 14:36:16,029 [INFO]   0x015910813c8b6a... ROI=39.3% AUM=$2,258,919
2026-04-10 14:36:16,029 [INFO]   0x01b1e5cd7c8993... ROI=44.9% AUM=$2,824,319
2026-04-10 14:36:16,029 [INFO]   0x01b2e49f1f3fbf... ROI=48.0% AUM=$1,442,869
2026-04-10 14:36:16,029 [INFO]   0x01bb092c2e4fef... ROI=34.1% AUM=$1,334,186
2026-04-10 14:36:16,029 [INFO]   0x01f69c71cbe556... ROI=87.0% AUM=$5,730,775
2026-04-10 14:36:16,029 [INFO]   0x02c12c82dc491d... ROI=139.1% AUM=$1,182,539
2026-04-10 14:36:16,029 [INFO]   0x03795e96b610b2... ROI=98.9% AUM=$4,155,759
2026-04-10 14:36:16,029 [INFO]   0x040d5a5c26580c... ROI=22.9% AUM=$1,687,828
2026-04-10 14:36:16,029 [INFO]   0x0532dc572867d5... ROI=27.1% AUM=$1,044,399
2026-04-10 14:36:16,029 [INFO]   0x057e4ef25b0511... ROI=51.5% AUM=$2,728,240
2026-04-10 14:36:16,029 [INFO]   0x05bc24d10cbbae... ROI=91.1% AUM=$4,217,361
2026-04-10 14:36:16,029 [INFO]   0x06d84a3384f5bd... ROI=32.3% AUM=$1,663,942
2026-04-10 14:36:16,029 [INFO]   0x078710593532a5... ROI=462.5% AUM=$2,056,992
2026-04-10 14:36:16,029 [INFO]   0x087a485d58b78a... ROI=184.7% AUM=$1,388,036
2026-04-10 14:36:16,030 [INFO]   0x0998dca9d8896c... ROI=4194.4% AUM=$3,523,071
2026-04-10 14:36:16,030 [INFO]   0x09a38ab7390424... ROI=32.1% AUM=$1,141,035
2026-04-10 14:36:16,030 [INFO]   0x0a3343b600d81c... ROI=268.9% AUM=$1,635,374
2026-04-10 14:36:16,030 [INFO]   0x0aadc54a9e78cf... ROI=267.3% AUM=$20,808,301
2026-04-10 14:36:16,030 [INFO]   0x0ad0878cc9d8ce... ROI=80.4% AUM=$4,090,266
2026-04-10 14:36:16,030 [INFO]   0x0b8914c16b46a0... ROI=90.4% AUM=$3,650,923
2026-04-10 14:36:16,030 [INFO]   0x0c46eb73fae281... ROI=69.9% AUM=$20,391,785
2026-04-10 14:36:16,030 [INFO]   0x0cbf655b0d22ae... ROI=98.8% AUM=$16,937,968
2026-04-10 14:36:16,030 [INFO]   0x0d21f939c96a13... ROI=40.3% AUM=$1,438,065
2026-04-10 14:36:16,030 [INFO]   0x0d446c3372a9ba... ROI=86932.5% AUM=$52,183,911
2026-04-10 14:36:16,030 [INFO]   0x0da471bcf0efff... ROI=21.7% AUM=$2,566,269
2026-04-10 14:36:16,030 [INFO]   0x0e0a53ba14210d... ROI=237.7% AUM=$1,783,962
2026-04-10 14:36:16,030 [INFO]   0x0e41eb80e9a39a... ROI=23.6% AUM=$4,242,080
2026-04-10 14:36:16,030 [INFO]   0x0e7bfd73a9163e... ROI=1740.5% AUM=$2,487,573
2026-04-10 14:36:16,030 [INFO]   0x0fdf85b9286b97... ROI=39.0% AUM=$1,858,792
2026-04-10 14:36:16,030 [INFO]   0x104a1edecfa461... ROI=29.3% AUM=$1,020,561
2026-04-10 14:36:16,030 [INFO]   0x118030edbbfde0... ROI=57.4% AUM=$11,394,065
2026-04-10 14:36:16,031 [INFO]   0x11df0f9c97ede0... ROI=65.4% AUM=$3,839,252
2026-04-10 14:36:16,031 [INFO]   0x11ec60c4ea23c1... ROI=46.6% AUM=$4,731,174
2026-04-10 14:36:16,031 [INFO]   0x13f74e8c9f885a... ROI=21.8% AUM=$2,596,328
2026-04-10 14:36:16,031 [INFO]   0x1419e75330c71c... ROI=317.6% AUM=$32,657,695
2026-04-10 14:36:16,031 [INFO]   0x14209452e1d82d... ROI=116.4% AUM=$2,613,677
2026-04-10 14:36:16,031 [INFO]   0x152455323b9d3e... ROI=306748.6% AUM=$1,687,414
2026-04-10 14:36:16,031 [INFO]   0x156115e100141e... ROI=514.9% AUM=$22,464,228
2026-04-10 14:36:16,031 [INFO]   0x15e4896b2a04a0... ROI=49.6% AUM=$8,607,083
2026-04-10 14:36:16,031 [INFO]   0x16a4814e8eb502... ROI=37.4% AUM=$23,372,612
2026-04-10 14:36:16,031 [INFO]   0x16adf15ab9ad07... ROI=87.7% AUM=$2,688,693
2026-04-10 14:36:16,031 [INFO]   0x17a4ce9320bec0... ROI=2673.4% AUM=$13,530,642
2026-04-10 14:36:16,031 [INFO]   0x17ed3155718a52... ROI=47.0% AUM=$1,216,114
2026-04-10 14:36:16,031 [INFO]   0x17f33095ae446c... ROI=26.3% AUM=$1,369,753
2026-04-10 14:36:16,031 [INFO]   0x183ba858c94e4a... ROI=24.5% AUM=$3,660,570
2026-04-10 14:36:16,031 [INFO]   0x184d7751999a90... ROI=96.2% AUM=$6,339,159
2026-04-10 14:36:16,031 [INFO]   0x18c48c18a95c3e... ROI=160.0% AUM=$2,033,064
2026-04-10 14:36:16,031 [INFO]   0x192bb1fdb08a19... ROI=103.0% AUM=$4,809,814
2026-04-10 14:36:16,031 [INFO]   0x19d4488345ffdc... ROI=84.5% AUM=$1,529,449
2026-04-10 14:36:16,032 [INFO]   0x1ce8ed87b7b4cb... ROI=223.2% AUM=$1,101,577
2026-04-10 14:36:16,032 [INFO]   0x1d74a7760df9d5... ROI=58.6% AUM=$1,506,551
2026-04-10 14:36:16,032 [INFO]   0x1da639bd629eaf... ROI=42.2% AUM=$2,015,447
2026-04-10 14:36:16,032 [INFO]   0x1da722cfa8b0df... ROI=9006.2% AUM=$6,224,641
2026-04-10 14:36:16,032 [INFO]   0x1ddf630620b6f4... ROI=20.3% AUM=$16,703,077
2026-04-10 14:36:16,032 [INFO]   0x1f10f36f129cbd... ROI=63.1% AUM=$4,249,738
2026-04-10 14:36:16,032 [INFO]   0x20f7b4577c91ad... ROI=20.1% AUM=$2,460,555
2026-04-10 14:36:16,032 [INFO]   0x222de73edd06b3... ROI=129.1% AUM=$3,613,015
2026-04-10 14:36:16,032 [INFO]   0x2282dd87d22c84... ROI=147.6% AUM=$2,797,348
2026-04-10 14:36:16,032 [INFO]   0x22c2e2b360286e... ROI=32.1% AUM=$1,277,821
2026-04-10 14:36:16,032 [INFO]   0x2312b5480f7e3d... ROI=31.8% AUM=$13,556,668
2026-04-10 14:36:16,032 [INFO]   0x23afa6c8b67f9d... ROI=49.6% AUM=$12,328,830
2026-04-10 14:36:16,032 [INFO]   0x23e65fe5852f96... ROI=91.2% AUM=$4,689,180
2026-04-10 14:36:16,032 [INFO]   0x24b519d78eea22... ROI=20.8% AUM=$6,701,457
2026-04-10 14:36:16,032 [INFO]   0x24eeb5249ce20c... ROI=178.8% AUM=$7,043,394
2026-04-10 14:36:16,032 [INFO]   0x2537daeae14359... ROI=455.9% AUM=$2,070,118
2026-04-10 14:36:16,033 [INFO]   0x25c0d99f9855dd... ROI=48.6% AUM=$1,525,915
2026-04-10 14:36:16,033 [INFO]   0x2680fd4cb74853... ROI=464.8% AUM=$2,059,615
2026-04-10 14:36:16,033 [INFO]   0x27bbe88682cbd4... ROI=21.7% AUM=$8,147,881
2026-04-10 14:36:16,033 [INFO]   0x27f96bd4157a1a... ROI=68.7% AUM=$2,800,429
2026-04-10 14:36:16,033 [INFO]   0x280e93b4d5e7dc... ROI=284.8% AUM=$4,252,566
2026-04-10 14:36:16,033 [INFO]   0x286b534a51d5da... ROI=2605.0% AUM=$1,049,295
2026-04-10 14:36:16,033 [INFO]   0x2b804617c6f63c... ROI=252.7% AUM=$1,218,653
2026-04-10 14:36:16,033 [INFO]   0x2bc1b1492bafd3... ROI=31.7% AUM=$1,023,213
2026-04-10 14:36:16,033 [INFO]   0x2be027a9ddbba3... ROI=45.8% AUM=$3,758,869
2026-04-10 14:36:16,033 [INFO]   0x2c13f53e22fa01... ROI=179.9% AUM=$1,249,860
2026-04-10 14:36:16,033 [INFO]   0x2c26a94cdb7c9a... ROI=691.0% AUM=$1,577,715
2026-04-10 14:36:16,033 [INFO]   0x2c6a7adbe6154d... ROI=52.5% AUM=$1,220,127
2026-04-10 14:36:16,033 [INFO]   0x2ddd1b524b34fb... ROI=66.3% AUM=$2,107,294
2026-04-10 14:36:16,033 [INFO]   0x2e3d94f0562703... ROI=107.3% AUM=$1,000,000
2026-04-10 14:36:16,033 [INFO]   0x2e5af7bc3ca942... ROI=73.5% AUM=$2,394,315
2026-04-10 14:36:16,033 [INFO]   0x2ed5c4484ea3ff... ROI=83.4% AUM=$1,000,000
2026-04-10 14:36:16,033 [INFO]   0x304f6a20429419... ROI=87.5% AUM=$6,319,856
2026-04-10 14:36:16,034 [INFO]   0x3119a5bf3ce136... ROI=899.3% AUM=$3,634,132
2026-04-10 14:36:16,034 [INFO]   0x31e60e6f6be0f5... ROI=67.6% AUM=$1,635,701
2026-04-10 14:36:16,034 [INFO]   0x324563717b20e1... ROI=192.1% AUM=$1,577,687
2026-04-10 14:36:16,034 [INFO]   0x326ddc8d22d656... ROI=42528.3% AUM=$1,125,249
2026-04-10 14:36:16,034 [INFO]   0x32e4443f707e32... ROI=121.2% AUM=$1,088,717
2026-04-10 14:36:16,034 [INFO]   0x33631426077c38... ROI=6373.2% AUM=$8,036,713
2026-04-10 14:36:16,034 [INFO]   0x33880fc18cca33... ROI=22.8% AUM=$1,905,731
2026-04-10 14:36:16,034 [INFO]   0x33f9109a340ef4... ROI=23974.7% AUM=$1,132,548
2026-04-10 14:36:16,034 [INFO]   0x342f75d8522b7b... ROI=80.9% AUM=$1,351,166
2026-04-10 14:36:16,034 [INFO]   0x3516a5306d3947... ROI=65.5% AUM=$1,106,845
2026-04-10 14:36:16,034 [INFO]   0x35d247d1d0e959... ROI=45.1% AUM=$3,828,048
2026-04-10 14:36:16,034 [INFO]   0x3626d3f0d8a42f... ROI=66.2% AUM=$1,856,968
2026-04-10 14:36:16,034 [INFO]   0x367e2f93a20e0c... ROI=87.3% AUM=$4,291,010
2026-04-10 14:36:16,034 [INFO]   0x372eaac9314d0e... ROI=21.3% AUM=$1,216,835
2026-04-10 14:36:16,034 [INFO]   0x3781d39b0ba3c0... ROI=72.6% AUM=$1,092,796
2026-04-10 14:36:16,034 [INFO]   0x39283a71d1db44... ROI=182.5% AUM=$4,259,885
2026-04-10 14:36:16,034 [INFO]   0x3996bc88bb4ad1... ROI=49.5% AUM=$16,382,449
2026-04-10 14:36:16,034 [INFO]   0x3a09a1d00b07f6... ROI=38.5% AUM=$1,383,785
2026-04-10 14:36:16,034 [INFO]   0x3a1fc78c760221... ROI=59.0% AUM=$4,196,381
2026-04-10 14:36:16,034 [INFO]   0x3a8fb95052ec8d... ROI=40.9% AUM=$2,071,773
2026-04-10 14:36:16,034 [INFO]   0x3bb26e0927a81a... ROI=23.8% AUM=$2,660,742
2026-04-10 14:36:16,034 [INFO]   0x3be06c6f2d356e... ROI=44.7% AUM=$3,432,934
2026-04-10 14:36:16,034 [INFO]   0x3ca740605aa3da... ROI=45.0% AUM=$4,869,410
2026-04-10 14:36:16,034 [INFO]   0x3d3f690c14049e... ROI=66.3% AUM=$1,864,430
2026-04-10 14:36:16,034 [INFO]   0x3d5d42e5b22dc2... ROI=49.8% AUM=$2,038,122
2026-04-10 14:36:16,034 [INFO]   0x3d99021cc2480d... ROI=146.2% AUM=$1,111,917
2026-04-10 14:36:16,034 [INFO]   0x3e630436ff5d3b... ROI=97.7% AUM=$1,273,117
2026-04-10 14:36:16,034 [INFO]   0x3e68ec5c06ed42... ROI=49.8% AUM=$2,038,617
2026-04-10 14:36:16,034 [INFO]   0x3e7e3473e5b29c... ROI=76.4% AUM=$2,336,773
2026-04-10 14:36:16,034 [INFO]   0x3e95fef1176acf... ROI=62.0% AUM=$1,022,916
2026-04-10 14:36:16,036 [INFO]   0x3f0fb61b79ceea... ROI=4847.9% AUM=$3,115,298
2026-04-10 14:36:16,036 [INFO]   0x3f77b493e04f2a... ROI=482.3% AUM=$2,126,636
2026-04-10 14:36:16,036 [INFO]   0x3fb6ed8ee4572b... ROI=67.6% AUM=$1,118,873
2026-04-10 14:36:16,036 [INFO]   0x4000e1793bef83... ROI=872.8% AUM=$2,045,881
2026-04-10 14:36:16,036 [INFO]   0x400d21f078bb51... ROI=69.5% AUM=$2,573,113
2026-04-10 14:36:16,036 [INFO]   0x4051aea2475a4e... ROI=7805169.0% AUM=$7,215,197
2026-04-10 14:36:16,036 [INFO]   0x4126ee81f6cdec... ROI=31.4% AUM=$1,281,356
2026-04-10 14:36:16,036 [INFO]   0x41668dddb717d2... ROI=70.3% AUM=$3,571,580
2026-04-10 14:36:16,036 [INFO]   0x41a9a73b81f044... ROI=20.8% AUM=$1,066,648
2026-04-10 14:36:16,036 [INFO]   0x41f9ae0b64a0ec... ROI=93.0% AUM=$1,930,251
2026-04-10 14:36:16,036 [INFO]   0x420a4ed7b6bb36... ROI=229.0% AUM=$1,020,268
2026-04-10 14:36:16,036 [INFO]   0x423d7f725ae705... ROI=66.2% AUM=$20,463,698
2026-04-10 14:36:16,036 [INFO]   0x42a1cf900c55ec... ROI=81.1% AUM=$2,127,289
2026-04-10 14:36:16,036 [INFO]   0x42b6d907f36255... ROI=704.9% AUM=$4,100,747
2026-04-10 14:36:16,036 [INFO]   0x42e8cafc493316... ROI=63.1% AUM=$1,383,058
2026-04-10 14:36:16,036 [INFO]   0x43d271c17612f8... ROI=91.6% AUM=$1,976,726
2026-04-10 14:36:16,036 [INFO]   0x440f6e1469d868... ROI=146.9% AUM=$1,617,333
2026-04-10 14:36:16,036 [INFO]   0x457521b0855ddd... ROI=45.1% AUM=$6,462,518
2026-04-10 14:36:16,037 [INFO]   0x45a5aea03e5a6d... ROI=21.9% AUM=$2,440,981
2026-04-10 14:36:16,037 [INFO]   0x47581b206ffb27... ROI=31.7% AUM=$8,177,525
2026-04-10 14:36:16,037 [INFO]   0x48aed0373ea8d0... ROI=88.8% AUM=$1,874,740
2026-04-10 14:36:16,037 [INFO]   0x48f108b921f5b7... ROI=108.6% AUM=$3,254,393
2026-04-10 14:36:16,037 [INFO]   0x493db0ed7514c9... ROI=24706.0% AUM=$54,123,237
2026-04-10 14:36:16,037 [INFO]   0x49444ab4a14321... ROI=206.5% AUM=$1,951,779
2026-04-10 14:36:16,037 [INFO]   0x49cd250e06615d... ROI=21.7% AUM=$3,398,346
2026-04-10 14:36:16,037 [INFO]   0x49e96e255ba418... ROI=75.5% AUM=$1,719,062
2026-04-10 14:36:16,037 [INFO]   0x4ae1de7391fc9f... ROI=115.5% AUM=$1,392,612
2026-04-10 14:36:16,037 [INFO]   0x4bd181b9f5a8d9... ROI=466.9% AUM=$2,070,037
2026-04-10 14:36:16,037 [INFO]   0x4c2a1ec71baec3... ROI=28.9% AUM=$1,771,007
2026-04-10 14:36:16,037 [INFO]   0x4c6062eda9d53d... ROI=46.7% AUM=$2,377,392
2026-04-10 14:36:16,037 [INFO]   0x4cbd339d9969bf... ROI=29.4% AUM=$8,646,361
2026-04-10 14:36:16,037 [INFO]   0x4dbf72026b7949... ROI=92.2% AUM=$4,294,915
2026-04-10 14:36:16,037 [INFO]   0x4e14fc11f58b64... ROI=2595.2% AUM=$61,616,151
2026-04-10 14:36:16,038 [INFO]   0x4f2ce56828a20a... ROI=6668.2% AUM=$5,120,830
2026-04-10 14:36:16,038 [INFO]   0x4f3a38eb21c08e... ROI=31.0% AUM=$2,585,389
2026-04-10 14:36:16,038 [INFO]   0x4f8613500222a4... ROI=20.5% AUM=$26,530,678
2026-04-10 14:36:16,038 [INFO]   0x503ffbc7601fce... ROI=65.9% AUM=$2,044,646
2026-04-10 14:36:16,038 [INFO]   0x5061364f8f5776... ROI=154.2% AUM=$5,539,964
2026-04-10 14:36:16,038 [INFO]   0x50661009747128... ROI=53.5% AUM=$1,891,385
2026-04-10 14:36:16,038 [INFO]   0x50d6f6dfbb4b24... ROI=65.2% AUM=$1,613,590
2026-04-10 14:36:16,038 [INFO]   0x512ef44daded07... ROI=195.4% AUM=$1,074,573
2026-04-10 14:36:16,038 [INFO]   0x516c69782e2f2a... ROI=52.7% AUM=$1,503,867
2026-04-10 14:36:16,038 [INFO]   0x53631762f2d623... ROI=146.7% AUM=$1,482,730
2026-04-10 14:36:16,038 [INFO]   0x5385c0631c7957... ROI=44.6% AUM=$4,781,547
2026-04-10 14:36:16,038 [INFO]   0x53d140ac8f6b9e... ROI=55.1% AUM=$4,094,497
2026-04-10 14:36:16,038 [INFO]   0x53e655101ea361... ROI=28.6% AUM=$20,687,845
2026-04-10 14:36:16,038 [INFO]   0x556d2bbd04cc98... ROI=49.4% AUM=$20,459,442
2026-04-10 14:36:16,039 [INFO]   0x56825661e867c2... ROI=1819.0% AUM=$6,225,665
2026-04-10 14:36:16,039 [INFO]   0x57274d982f7ea9... ROI=42.5% AUM=$25,127,285
2026-04-10 14:36:16,039 [INFO]   0x5777903785d10c... ROI=50.3% AUM=$2,044,894
2026-04-10 14:36:16,039 [INFO]   0x5779403fb8c2d0... ROI=61.5% AUM=$10,592,022
2026-04-10 14:36:16,039 [INFO]   0x57d4cb47b3facc... ROI=116.1% AUM=$1,056,988
2026-04-10 14:36:16,039 [INFO]   0x57febe9bf4cc25... ROI=212.2% AUM=$4,955,495
2026-04-10 14:36:16,039 [INFO]   0x591540f2310557... ROI=27.2% AUM=$25,804,742
2026-04-10 14:36:16,039 [INFO]   0x5ac99df645f341... ROI=882.0% AUM=$2,611,482
2026-04-10 14:36:16,039 [INFO]   0x5b5479f9db9123... ROI=66.9% AUM=$1,615,848
2026-04-10 14:36:16,039 [INFO]   0x5bc53742be5569... ROI=427.1% AUM=$3,747,776
2026-04-10 14:36:16,039 [INFO]   0x5c5b7d10bffdeb... ROI=33.4% AUM=$3,198,279
2026-04-10 14:36:16,039 [INFO]   0x5d90203edf5754... ROI=46.8% AUM=$1,468,160
2026-04-10 14:36:16,039 [INFO]   0x5dd758631b9751... ROI=48.8% AUM=$1,119,245
2026-04-10 14:36:16,040 [INFO]   0x5e914f78c2711b... ROI=27783.6% AUM=$8,655,532
2026-04-10 14:36:16,040 [INFO]   0x5f46cba327079f... ROI=91.8% AUM=$4,794,393
2026-04-10 14:36:16,040 [INFO]   0x5fdbf83c3d95d5... ROI=48.3% AUM=$1,055,658
2026-04-10 14:36:16,040 [INFO]   0x60ac32d416507c... ROI=23.4% AUM=$6,430,344
2026-04-10 14:36:16,040 [INFO]   0x60af9fb01b2ab2... ROI=126.5% AUM=$4,402,671
2026-04-10 14:36:16,040 [INFO]   0x61507d65380391... ROI=25.2% AUM=$2,824,148
2026-04-10 14:36:16,040 [INFO]   0x619768d6a4bba3... ROI=66.2% AUM=$1,241,620
2026-04-10 14:36:16,040 [INFO]   0x6265365638ca8c... ROI=66.0% AUM=$2,231,226
2026-04-10 14:36:16,040 [INFO]   0x62bc1fe6009388... ROI=24.2% AUM=$53,163,303
2026-04-10 14:36:16,040 [INFO]   0x6328e971116945... ROI=35.1% AUM=$1,196,399
2026-04-10 14:36:16,040 [INFO]   0x63d8f28e1429e4... ROI=94.0% AUM=$3,921,174
2026-04-10 14:36:16,040 [INFO]   0x64264011965176... ROI=137.4% AUM=$4,663,276
2026-04-10 14:36:16,040 [INFO]   0x64b2627e0c33b4... ROI=34.3% AUM=$1,092,522
2026-04-10 14:36:16,040 [INFO]   0x64f33c575a1040... ROI=42.2% AUM=$1,630,254
2026-04-10 14:36:16,040 [INFO]   0x64f80d81f4ae98... ROI=37.9% AUM=$1,602,719
2026-04-10 14:36:16,040 [INFO]   0x65356f43684e4a... ROI=22.1% AUM=$6,744,238
2026-04-10 14:36:16,040 [INFO]   0x6558704aad14c1... ROI=22.8% AUM=$3,674,358
2026-04-10 14:36:16,040 [INFO]   0x65a2fcdd72eb3f... ROI=25.2% AUM=$1,365,398
2026-04-10 14:36:16,040 [INFO]   0x66be52ec79f829... ROI=493.5% AUM=$1,577,944
2026-04-10 14:36:16,040 [INFO]   0x66cf92077ed3c8... ROI=116.0% AUM=$2,901,555
2026-04-10 14:36:16,041 [INFO]   0x675229388e79fb... ROI=58.0% AUM=$1,947,241
2026-04-10 14:36:16,041 [INFO]   0x67d044e57cc0fe... ROI=32.1% AUM=$1,017,447
2026-04-10 14:36:16,041 [INFO]   0x6884b4e1520a6f... ROI=45.9% AUM=$3,174,577
2026-04-10 14:36:16,041 [INFO]   0x699df6c90eaf0b... ROI=65.3% AUM=$1,698,516
2026-04-10 14:36:16,041 [INFO]   0x69e914280fd135... ROI=91.1% AUM=$5,062,953
2026-04-10 14:36:16,041 [INFO]   0x6aabd336c0e52f... ROI=761.5% AUM=$4,496,505
2026-04-10 14:36:16,041 [INFO]   0x6ad04649246c78... ROI=79.3% AUM=$1,261,068
2026-04-10 14:36:16,041 [INFO]   0x6b0a43a6370598... ROI=147.1% AUM=$3,797,286
2026-04-10 14:36:16,041 [INFO]   0x6b2b6d32c7b6d2... ROI=53.5% AUM=$1,130,376
2026-04-10 14:36:16,041 [INFO]   0x6b4f2ffd17506a... ROI=65.5% AUM=$1,275,801
2026-04-10 14:36:16,041 [INFO]   0x6b5cfc3784e010... ROI=54.3% AUM=$2,058,642
2026-04-10 14:36:16,041 [INFO]   0x6b84670ffbbdfa... ROI=373.7% AUM=$3,442,293
2026-04-10 14:36:16,041 [INFO]   0x6b8a3e5c1d6547... ROI=7067.2% AUM=$1,493,297
2026-04-10 14:36:16,041 [INFO]   0x6bc443fafe325f... ROI=26.4% AUM=$2,032,940
2026-04-10 14:36:16,041 [INFO]   0x6bdb3d176fa11e... ROI=49.7% AUM=$1,929,815
2026-04-10 14:36:16,041 [INFO]   0x6c8512516ce566... ROI=23.9% AUM=$37,973,339
2026-04-10 14:36:16,041 [INFO]   0x6d8db35bc58c9c... ROI=1193.5% AUM=$6,160,538
2026-04-10 14:36:16,041 [INFO]   0x6dbde1a1e0f199... ROI=10729.2% AUM=$13,182,630
2026-04-10 14:36:16,041 [INFO]   0x6de4867aae60a0... ROI=50.8% AUM=$2,043,543
2026-04-10 14:36:16,041 [INFO]   0x6ea367fc3d73ea... ROI=20.2% AUM=$3,004,818
2026-04-10 14:36:16,042 [INFO]   0x6fa830b11d78a2... ROI=451.5% AUM=$2,004,567
2026-04-10 14:36:16,042 [INFO]   0x716bd8d3337972... ROI=97.9% AUM=$53,067,231
2026-04-10 14:36:16,042 [INFO]   0x71f0019cc7fa79... ROI=61.0% AUM=$33,380,121
2026-04-10 14:36:16,042 [INFO]   0x72f485750bb2a9... ROI=54.6% AUM=$6,764,882
2026-04-10 14:36:16,042 [INFO]   0x736f2df6b55da1... ROI=66.4% AUM=$1,486,522
2026-04-10 14:36:16,042 [INFO]   0x757df2c060ec6c... ROI=555.6% AUM=$4,782,376
2026-04-10 14:36:16,042 [INFO]   0x7583b536459773... ROI=78.8% AUM=$1,019,212
2026-04-10 14:36:16,042 [INFO]   0x7605bb14cb873b... ROI=22.2% AUM=$1,222,560
2026-04-10 14:36:16,042 [INFO]   0x77320b89973d40... ROI=21.3% AUM=$1,025,835
2026-04-10 14:36:16,042 [INFO]   0x77746ff04a7014... ROI=63.8% AUM=$3,174,467
2026-04-10 14:36:16,042 [INFO]   0x783ee3148b797b... ROI=122.6% AUM=$1,480,519
2026-04-10 14:36:16,042 [INFO]   0x789ee6f35d4aa7... ROI=56.1% AUM=$4,397,355
2026-04-10 14:36:16,042 [INFO]   0x78f4564bf45254... ROI=28.4% AUM=$1,487,828
2026-04-10 14:36:16,043 [INFO]   0x79fad1c7fcdfea... ROI=36.3% AUM=$2,841,650
2026-04-10 14:36:16,043 [INFO]   0x7a04bfa045dfa2... ROI=49.0% AUM=$2,519,537
2026-04-10 14:36:16,043 [INFO]   0x7aa34310882fa5... ROI=50.3% AUM=$1,919,368
2026-04-10 14:36:16,043 [INFO]   0x7aee981e5a9c8e... ROI=175.2% AUM=$1,196,782
2026-04-10 14:36:16,043 [INFO]   0x7bca0bede83478... ROI=29.1% AUM=$2,034,691
2026-04-10 14:36:16,043 [INFO]   0x7c94ea285ff338... ROI=34.1% AUM=$1,473,881
2026-04-10 14:36:16,043 [INFO]   0x7d60b021dc8f95... ROI=859.1% AUM=$1,096,456
2026-04-10 14:36:16,043 [INFO]   0x7eacdc425e99ea... ROI=79.9% AUM=$3,484,284
2026-04-10 14:36:16,043 [INFO]   0x7ee81b27641a18... ROI=41.5% AUM=$1,473,615
2026-04-10 14:36:16,043 [INFO]   0x7fa8a6161b17b4... ROI=49.4% AUM=$1,328,447
2026-04-10 14:36:16,043 [INFO]   0x7ffe55c221c923... ROI=82.5% AUM=$1,514,973
2026-04-10 14:36:16,043 [INFO]   0x807a2e2e469df8... ROI=722.2% AUM=$14,843,156
2026-04-10 14:36:16,043 [INFO]   0x80a6b9ce006331... ROI=190.7% AUM=$1,056,933
2026-04-10 14:36:16,043 [INFO]   0x80bb41f7e74cf6... ROI=28.1% AUM=$2,669,071
2026-04-10 14:36:16,043 [INFO]   0x80be646c17ae7a... ROI=111.3% AUM=$1,248,084
2026-04-10 14:36:16,043 [INFO]   0x80d70db097193a... ROI=20.1% AUM=$23,720,546
2026-04-10 14:36:16,043 [INFO]   0x80f0cd23da5bf3... ROI=901.1% AUM=$2,661,519
2026-04-10 14:36:16,043 [INFO]   0x8196e0648cb16e... ROI=1493.6% AUM=$16,856,640
2026-04-10 14:36:16,043 [INFO]   0x8261e9f17c81a5... ROI=49.6% AUM=$16,393,319
2026-04-10 14:36:16,044 [INFO]   0x831bed03ca43f5... ROI=22.9% AUM=$2,122,090
2026-04-10 14:36:16,044 [INFO]   0x83e4f246962da4... ROI=43.0% AUM=$3,547,342
2026-04-10 14:36:16,044 [INFO]   0x841b31721e95a2... ROI=35.7% AUM=$5,916,332
2026-04-10 14:36:16,044 [INFO]   0x84a1ac84be5665... ROI=52.3% AUM=$2,804,318
2026-04-10 14:36:16,044 [INFO]   0x84bdaf56706453... ROI=67.5% AUM=$2,725,264
2026-04-10 14:36:16,044 [INFO]   0x8559d3f690b606... ROI=67.8% AUM=$1,078,814
2026-04-10 14:36:16,044 [INFO]   0x85772ef06ddb21... ROI=56.0% AUM=$3,565,422
2026-04-10 14:36:16,044 [INFO]   0x8634d441497557... ROI=91.1% AUM=$3,982,225
2026-04-10 14:36:16,044 [INFO]   0x8819be08ad61b4... ROI=162.6% AUM=$1,005,599
2026-04-10 14:36:16,044 [INFO]   0x885989fd94d30c... ROI=199.6% AUM=$1,147,883
2026-04-10 14:36:16,044 [INFO]   0x88806a71d74ad0... ROI=113919.9% AUM=$29,962,094
2026-04-10 14:36:16,044 [INFO]   0x8bfbb36bf3ccf4... ROI=66.7% AUM=$5,669,721
2026-04-10 14:36:16,044 [INFO]   0x8ce75035f4b14d... ROI=47.1% AUM=$1,947,878
2026-04-10 14:36:16,044 [INFO]   0x8cfac7c6f03e00... ROI=8002991.6% AUM=$7,674,484
2026-04-10 14:36:16,044 [INFO]   0x8d6d341f742033... ROI=40.8% AUM=$1,860,417
2026-04-10 14:36:16,045 [INFO]   0x8e013417682aee... ROI=453.4% AUM=$2,019,682
2026-04-10 14:36:16,045 [INFO]   0x8ef169796b8e43... ROI=23.5% AUM=$2,500,018
2026-04-10 14:36:16,045 [INFO]   0x8f46f4d5c6e833... ROI=65.3% AUM=$1,868,368
2026-04-10 14:36:16,045 [INFO]   0x901234a3bd6e72... ROI=91.5% AUM=$3,350,794
2026-04-10 14:36:16,045 [INFO]   0x906d31b2ee92c4... ROI=82.3% AUM=$5,104,601
2026-04-10 14:36:16,045 [INFO]   0x908e37ccbcacfc... ROI=41.4% AUM=$1,019,035
2026-04-10 14:36:16,045 [INFO]   0x90cdf100973866... ROI=23.8% AUM=$1,550,914
2026-04-10 14:36:16,045 [INFO]   0x90dbb196cacf24... ROI=115.7% AUM=$3,024,456
2026-04-10 14:36:16,045 [INFO]   0x91360a06664eea... ROI=55.7% AUM=$2,095,466
2026-04-10 14:36:16,045 [INFO]   0x91d074dd9aa8da... ROI=58.7% AUM=$2,014,382
2026-04-10 14:36:16,045 [INFO]   0x91e58de0c3fc20... ROI=147.0% AUM=$1,126,104
2026-04-10 14:36:16,045 [INFO]   0x9396591279630d... ROI=464.7% AUM=$2,642,933
2026-04-10 14:36:16,045 [INFO]   0x9475e4bfdfadb5... ROI=104.2% AUM=$1,696,377
2026-04-10 14:36:16,045 [INFO]   0x94888b77e70ba6... ROI=95.4% AUM=$4,351,685
2026-04-10 14:36:16,045 [INFO]   0x94b8a0fb5437f4... ROI=58.7% AUM=$1,772,479
2026-04-10 14:36:16,045 [INFO]   0x96949089cb6a99... ROI=53.2% AUM=$1,883,920
2026-04-10 14:36:16,046 [INFO]   0x97f46f90c04efb... ROI=1660175.9% AUM=$1,660,196
2026-04-10 14:36:16,046 [INFO]   0x980a88234fd755... ROI=49.2% AUM=$20,437,299
2026-04-10 14:36:16,046 [INFO]   0x9a566d8128a6b6... ROI=58.2% AUM=$1,890,636
2026-04-10 14:36:16,046 [INFO]   0x9a773a0c1710a5... ROI=34.4% AUM=$1,911,182
2026-04-10 14:36:16,046 [INFO]   0x9a96539a97671c... ROI=194.0% AUM=$3,570,506
2026-04-10 14:36:16,046 [INFO]   0x9b143c515e0057... ROI=1380.4% AUM=$1,507,433
2026-04-10 14:36:16,046 [INFO]   0x9b2d6191b3d90f... ROI=57.9% AUM=$2,478,244
2026-04-10 14:36:16,046 [INFO]   0x9cb9f2773cfc7a... ROI=34.7% AUM=$4,269,266
2026-04-10 14:36:16,046 [INFO]   0x9cd0a696c7cbb9... ROI=5263317.2% AUM=$5,140,293
2026-04-10 14:36:16,046 [INFO]   0x9cd695d5a7b0c8... ROI=47.3% AUM=$8,238,078
2026-04-10 14:36:16,046 [INFO]   0x9dbb6e0ed8d7d8... ROI=442.1% AUM=$2,006,383
2026-04-10 14:36:16,046 [INFO]   0x9dfac83a2f2665... ROI=122.1% AUM=$1,433,830
2026-04-10 14:36:16,046 [INFO]   0x9e42410de11eac... ROI=143731.9% AUM=$2,629,475
2026-04-10 14:36:16,046 [INFO]   0x9e78ff8b65b77d... ROI=21.7% AUM=$6,722,676
2026-04-10 14:36:16,046 [INFO]   0x9f4041d34788d9... ROI=58.6% AUM=$2,129,255
2026-04-10 14:36:16,046 [INFO]   0x9fd23f98fc7f37... ROI=37.2% AUM=$3,635,460
2026-04-10 14:36:16,046 [INFO]   0x9ff588d01f8948... ROI=1769.5% AUM=$2,403,134
2026-04-10 14:36:16,046 [INFO]   0xa08a80ff9d58af... ROI=349.8% AUM=$4,146,349
2026-04-10 14:36:16,046 [INFO]   0xa11ba9a2e0df13... ROI=120.7% AUM=$2,220,901
2026-04-10 14:36:16,046 [INFO]   0xa180619e3d4b96... ROI=21.0% AUM=$1,241,891
2026-04-10 14:36:16,046 [INFO]   0xa237f4cc7bbc93... ROI=559.8% AUM=$1,493,182
2026-04-10 14:36:16,046 [INFO]   0xa2ceebd0ff8144... ROI=605.0% AUM=$1,597,321
2026-04-10 14:36:16,046 [INFO]   0xa3af593d2d6b55... ROI=50.7% AUM=$25,425,707
2026-04-10 14:36:16,046 [INFO]   0xa5522864adf82b... ROI=49.2% AUM=$8,171,497
2026-04-10 14:36:16,046 [INFO]   0xa5e95f209ac3e7... ROI=174.9% AUM=$1,388,555
2026-04-10 14:36:16,046 [INFO]   0xa637f096142391... ROI=160.0% AUM=$1,893,552
2026-04-10 14:36:16,047 [INFO]   0xa69e24a291687a... ROI=1135.4% AUM=$8,321,388
2026-04-10 14:36:16,047 [INFO]   0xa6e64a2dadcc25... ROI=50.7% AUM=$2,041,183
2026-04-10 14:36:16,047 [INFO]   0xa80e1d1dd274de... ROI=518.2% AUM=$2,272,184
2026-04-10 14:36:16,047 [INFO]   0xa82fe73bbd768b... ROI=897.9% AUM=$2,652,924
2026-04-10 14:36:16,047 [INFO]   0xa8b0c0e877d7d6... ROI=20.1% AUM=$5,119,907
2026-04-10 14:36:16,047 [INFO]   0xaaabec90c8c4c9... ROI=29.2% AUM=$2,992,824
2026-04-10 14:36:16,047 [INFO]   0xaaad99cdde5d5f... ROI=44.5% AUM=$3,328,258
2026-04-10 14:36:16,047 [INFO]   0xab961d7c42bbcd... ROI=497.6% AUM=$5,000,000
2026-04-10 14:36:16,047 [INFO]   0xac9ffa2b4aacfb... ROI=57.7% AUM=$1,046,970
2026-04-10 14:36:16,047 [INFO]   0xacf47525324d00... ROI=20.2% AUM=$13,255,538
2026-04-10 14:36:16,047 [INFO]   0xad30b95bf8d25b... ROI=155.4% AUM=$3,648,823
2026-04-10 14:36:16,047 [INFO]   0xaefcc9cacbe0e4... ROI=69.3% AUM=$20,529,181
2026-04-10 14:36:16,047 [INFO]   0xaf297dec752c90... ROI=34.1% AUM=$2,334,504
2026-04-10 14:36:16,047 [INFO]   0xb08829de4f6bd5... ROI=135.8% AUM=$6,342,223
2026-04-10 14:36:16,047 [INFO]   0xb0a55f13d22f66... ROI=167.2% AUM=$30,000,000
2026-04-10 14:36:16,047 [INFO]   0xb0ee32744e7997... ROI=53.0% AUM=$1,132,123
2026-04-10 14:36:16,048 [INFO]   0xb3537852db9e01... ROI=43.0% AUM=$2,030,915
2026-04-10 14:36:16,048 [INFO]   0xb35add6ed8de7a... ROI=49.9% AUM=$1,605,328
2026-04-10 14:36:16,048 [INFO]   0xb38bbe3b0a6f35... ROI=351.9% AUM=$6,735,635
2026-04-10 14:36:16,048 [INFO]   0xb3abe0777aa968... ROI=55.9% AUM=$2,260,811
2026-04-10 14:36:16,048 [INFO]   0xb5547661a25d10... ROI=89.2% AUM=$4,126,738
2026-04-10 14:36:16,048 [INFO]   0xb5b427e57c427c... ROI=58.1% AUM=$1,536,124
2026-04-10 14:36:16,048 [INFO]   0xb5cf6c54887e03... ROI=10059.5% AUM=$1,042,164
2026-04-10 14:36:16,048 [INFO]   0xb62a80b0a96a3d... ROI=27.5% AUM=$3,709,969
2026-04-10 14:36:16,048 [INFO]   0xb62aba8182bcd9... ROI=441.4% AUM=$4,188,654
2026-04-10 14:36:16,048 [INFO]   0xb64d46504d892a... ROI=912.5% AUM=$1,804,972
2026-04-10 14:36:16,048 [INFO]   0xb69fbfd47bcc51... ROI=258.7% AUM=$10,375,693
2026-04-10 14:36:16,048 [INFO]   0xb8119d908bc9c3... ROI=58.6% AUM=$1,500,230
2026-04-10 14:36:16,048 [INFO]   0xb820893d8a6be4... ROI=82.3% AUM=$2,393,728
2026-04-10 14:36:16,048 [INFO]   0xb88e7a337988cd... ROI=62.7% AUM=$3,919,485
2026-04-10 14:36:16,048 [INFO]   0xb9c13d8164b9b2... ROI=20.6% AUM=$6,478,613
2026-04-10 14:36:16,048 [INFO]   0xba0a57eeb7c0f4... ROI=445.9% AUM=$2,049,848
2026-04-10 14:36:16,048 [INFO]   0xba122158fb5870... ROI=83.9% AUM=$2,472,878
2026-04-10 14:36:16,048 [INFO]   0xbabf4e8b2b0287... ROI=37.9% AUM=$1,258,553
2026-04-10 14:36:16,049 [INFO]   0xbafae6afa1f7b0... ROI=1223.6% AUM=$1,112,547
2026-04-10 14:36:16,049 [INFO]   0xbbab8c06940efc... ROI=62.6% AUM=$4,646,979
2026-04-10 14:36:16,049 [INFO]   0xbbb4fa9e7ded4c... ROI=420.4% AUM=$2,090,686
2026-04-10 14:36:16,049 [INFO]   0xbbbc35dfac3a00... ROI=1156.0% AUM=$9,090,105
2026-04-10 14:36:16,049 [INFO]   0xbbe6495f5de680... ROI=636.3% AUM=$1,099,574
2026-04-10 14:36:16,049 [INFO]   0xbc2a70be4bd276... ROI=4870509.3% AUM=$4,736,393
2026-04-10 14:36:16,049 [INFO]   0xbc3361845145ed... ROI=58.0% AUM=$1,350,332
2026-04-10 14:36:16,049 [INFO]   0xbca0f25c6120d4... ROI=52.9% AUM=$1,508,155
2026-04-10 14:36:16,049 [INFO]   0xbcf0fd6ff66b3e... ROI=217.2% AUM=$1,134,169
2026-04-10 14:36:16,049 [INFO]   0xbcf47631c4cbe7... ROI=27.7% AUM=$1,015,792
2026-04-10 14:36:16,049 [INFO]   0xbebbef7f6b1c36... ROI=296.8% AUM=$1,169,846
2026-04-10 14:36:16,049 [INFO]   0xbee95bb47bc4e2... ROI=18851.9% AUM=$24,541,835
2026-04-10 14:36:16,049 [INFO]   0xbf418ae8c3b4fc... ROI=64.9% AUM=$1,251,632
2026-04-10 14:36:16,049 [INFO]   0xc0a7ab57bcf088... ROI=2015.0% AUM=$1,252,265
2026-04-10 14:36:16,049 [INFO]   0xc0ddb959c03b40... ROI=453.0% AUM=$2,001,001
2026-04-10 14:36:16,049 [INFO]   0xc13af677baa043... ROI=44.8% AUM=$3,377,910
2026-04-10 14:36:16,049 [INFO]   0xc15dc0b4223b05... ROI=78.6% AUM=$9,472,446
2026-04-10 14:36:16,049 [INFO]   0xc208e18ff833e0... ROI=50.7% AUM=$1,351,284
2026-04-10 14:36:16,049 [INFO]   0xc247e6bc07dc49... ROI=471.3% AUM=$2,029,754
2026-04-10 14:36:16,049 [INFO]   0xc28808606af028... ROI=44.9% AUM=$6,668,340
2026-04-10 14:36:16,050 [INFO]   0xc32235231d2983... ROI=200.6% AUM=$8,997,651
2026-04-10 14:36:16,050 [INFO]   0xc36e04d7b3330c... ROI=40.7% AUM=$10,181,646
2026-04-10 14:36:16,050 [INFO]   0xc3916411d48484... ROI=67.6% AUM=$1,708,076
2026-04-10 14:36:16,050 [INFO]   0xc3e48a6f07f657... ROI=44.7% AUM=$22,830,594
2026-04-10 14:36:16,050 [INFO]   0xc42e044bb438ad... ROI=42.0% AUM=$1,264,156
2026-04-10 14:36:16,050 [INFO]   0xc471ab54066b18... ROI=147.4% AUM=$1,170,234
2026-04-10 14:36:16,050 [INFO]   0xc59498175d6d31... ROI=681.7% AUM=$4,500,002
2026-04-10 14:36:16,050 [INFO]   0xc59e5158df8497... ROI=213.9% AUM=$1,321,563
2026-04-10 14:36:16,050 [INFO]   0xc5ee09d083dc76... ROI=20.6% AUM=$2,214,623
2026-04-10 14:36:16,050 [INFO]   0xc70f24847efd96... ROI=51.3% AUM=$1,068,472
2026-04-10 14:36:16,050 [INFO]   0xc7290b4b308431... ROI=193.8% AUM=$5,414,756
2026-04-10 14:36:16,050 [INFO]   0xc74ca1345cf867... ROI=27.3% AUM=$2,953,488
2026-04-10 14:36:16,050 [INFO]   0xc83c9f6907180b... ROI=52.2% AUM=$2,116,323
2026-04-10 14:36:16,050 [INFO]   0xc8c6c74cffba0d... ROI=4497.9% AUM=$1,639,032
2026-04-10 14:36:16,050 [INFO]   0xca193fde9eb041... ROI=62.7% AUM=$4,711,947
2026-04-10 14:36:16,050 [INFO]   0xcada145bb9d2be... ROI=1845875.6% AUM=$1,239,624
2026-04-10 14:36:16,050 [INFO]   0xcb8297d9f77cdf... ROI=37571.8% AUM=$1,520,640
2026-04-10 14:36:16,050 [INFO]   0xcb8e1b769091ca... ROI=164.2% AUM=$3,182,843
2026-04-10 14:36:16,050 [INFO]   0xcbb15f8129c3d3... ROI=57.7% AUM=$1,645,203
2026-04-10 14:36:16,050 [INFO]   0xcbcbc9e34f0504... ROI=94.9% AUM=$10,253,744
2026-04-10 14:36:16,051 [INFO]   0xcc54ebf7a4dfd5... ROI=25.8% AUM=$1,085,675
2026-04-10 14:36:16,051 [INFO]   0xcd331c3d48677b... ROI=35.6% AUM=$1,005,382
2026-04-10 14:36:16,051 [INFO]   0xce82aa5a7ee112... ROI=450.9% AUM=$2,016,039
2026-04-10 14:36:16,051 [INFO]   0xcebc166164e724... ROI=90.9% AUM=$1,511,154
2026-04-10 14:36:16,051 [INFO]   0xcf1d896055c3e1... ROI=24.7% AUM=$1,080,901
2026-04-10 14:36:16,051 [INFO]   0xcf888f3594cad8... ROI=44.6% AUM=$5,836,742
2026-04-10 14:36:16,051 [INFO]   0xcfdb74a8c080bb... ROI=256.2% AUM=$38,361,948
2026-04-10 14:36:16,051 [INFO]   0xd0584dba197cc6... ROI=1037.3% AUM=$1,175,667
2026-04-10 14:36:16,051 [INFO]   0xd12177ce135601... ROI=53.0% AUM=$2,265,261
2026-04-10 14:36:16,051 [INFO]   0xd14d535a383b06... ROI=253.3% AUM=$4,573,427
2026-04-10 14:36:16,051 [INFO]   0xd152d22db7bdd3... ROI=79.3% AUM=$1,754,123
2026-04-10 14:36:16,051 [INFO]   0xd1aebbd4d53fc2... ROI=22.1% AUM=$8,169,563
2026-04-10 14:36:16,051 [INFO]   0xd1e7df6aa8cf46... ROI=52.7% AUM=$16,338,865
2026-04-10 14:36:16,051 [INFO]   0xd2a238110d4119... ROI=204.5% AUM=$4,203,215
2026-04-10 14:36:16,051 [INFO]   0xd2d818dfd6ff0f... ROI=114333.7% AUM=$3,961,316
2026-04-10 14:36:16,051 [INFO]   0xd320d8420c3503... ROI=26.3% AUM=$1,549,300
2026-04-10 14:36:16,051 [INFO]   0xd4302dd22452d8... ROI=279.0% AUM=$1,255,655
2026-04-10 14:36:16,051 [INFO]   0xd62d484bda5391... ROI=40.0% AUM=$6,032,860
2026-04-10 14:36:16,052 [INFO]   0xd71f115b09cd38... ROI=69.1% AUM=$5,594,535
2026-04-10 14:36:16,052 [INFO]   0xd7947235dfd2ae... ROI=37.4% AUM=$2,652,934
2026-04-10 14:36:16,052 [INFO]   0xd87666833ba1b3... ROI=27.9% AUM=$2,523,943
2026-04-10 14:36:16,052 [INFO]   0xd87a9fc25130c6... ROI=48.6% AUM=$16,373,649
2026-04-10 14:36:16,052 [INFO]   0xd887c5097cdb90... ROI=151.9% AUM=$1,417,817
2026-04-10 14:36:16,052 [INFO]   0xd93268629ed9ac... ROI=29.5% AUM=$3,636,780
2026-04-10 14:36:16,052 [INFO]   0xd93ff35f84b1f7... ROI=151.8% AUM=$5,882,211
2026-04-10 14:36:16,052 [INFO]   0xd947e9dbb0e173... ROI=235.7% AUM=$1,002,374
2026-04-10 14:36:16,052 [INFO]   0xd9998706c0ddc0... ROI=56.7% AUM=$3,921,978
2026-04-10 14:36:16,052 [INFO]   0xd9b0a1568c93ce... ROI=49.3% AUM=$4,223,460
2026-04-10 14:36:16,052 [INFO]   0xd9c6017fa1ba09... ROI=56.9% AUM=$10,960,370
2026-04-10 14:36:16,052 [INFO]   0xda3130cbac68f6... ROI=157.2% AUM=$1,213,610
2026-04-10 14:36:16,052 [INFO]   0xda5c98ca2ea79a... ROI=3315.4% AUM=$1,613,556
2026-04-10 14:36:16,052 [INFO]   0xdab9dc2263f97f... ROI=1342.3% AUM=$2,427,143
2026-04-10 14:36:16,052 [INFO]   0xdc1a57f1c562e3... ROI=83.4% AUM=$1,263,773
2026-04-10 14:36:16,052 [INFO]   0xdc67ed43d4e81d... ROI=476.2% AUM=$3,011,761
2026-04-10 14:36:16,053 [INFO]   0xdd5632e02638cf... ROI=23.5% AUM=$1,277,804
2026-04-10 14:36:16,053 [INFO]   0xdd6dca8511066b... ROI=22.1% AUM=$7,540,749
2026-04-10 14:36:16,053 [INFO]   0xddb408b95e515e... ROI=216.4% AUM=$1,495,393
2026-04-10 14:36:16,053 [INFO]   0xdf35aee8ef5658... ROI=903.3% AUM=$2,667,642
2026-04-10 14:36:16,053 [INFO]   0xe0736ae0872d83... ROI=755.6% AUM=$4,600,224
2026-04-10 14:36:16,053 [INFO]   0xe29a7088bb8432... ROI=200.1% AUM=$2,152,890
2026-04-10 14:36:16,054 [INFO]   0xe3b2fdb1703162... ROI=87.6% AUM=$4,378,202
2026-04-10 14:36:16,054 [INFO]   0xe554b76acda9ff... ROI=9938645.3% AUM=$9,934,009
2026-04-10 14:36:16,054 [INFO]   0xe5ebcde141e98c... ROI=40.0% AUM=$3,562,739
2026-04-10 14:36:16,054 [INFO]   0xe5ee7b4346820c... ROI=147.6% AUM=$2,243,106
2026-04-10 14:36:16,054 [INFO]   0xe787dd1347a29e... ROI=25.2% AUM=$28,643,341
2026-04-10 14:36:16,054 [INFO]   0xe82bc65677e46b... ROI=306.9% AUM=$1,043,365
2026-04-10 14:36:16,054 [INFO]   0xe8ae60594af0db... ROI=36.5% AUM=$2,652,602
2026-04-10 14:36:16,054 [INFO]   0xe8d8bb57edf69e... ROI=92.8% AUM=$1,358,836
2026-04-10 14:36:16,054 [INFO]   0xe945f35a3ef341... ROI=22.0% AUM=$2,752,272
2026-04-10 14:36:16,054 [INFO]   0xe9d1e429badb80... ROI=30.6% AUM=$1,064,284
2026-04-10 14:36:16,054 [INFO]   0xea0027b6ea9b6d... ROI=44.2% AUM=$7,209,246
2026-04-10 14:36:16,054 [INFO]   0xea2ddc0f28d799... ROI=256.0% AUM=$1,264,576
2026-04-10 14:36:16,054 [INFO]   0xeb476d46e05b71... ROI=52.3% AUM=$2,255,870
2026-04-10 14:36:16,054 [INFO]   0xec819b5e1d3b45... ROI=41.0% AUM=$2,030,619
2026-04-10 14:36:16,054 [INFO]   0xed5111e8ec18c0... ROI=44.5% AUM=$2,832,593
2026-04-10 14:36:16,054 [INFO]   0xedb263d70a4cc8... ROI=410.4% AUM=$1,303,940
2026-04-10 14:36:16,054 [INFO]   0xef1de2fa338fb5... ROI=237.8% AUM=$1,238,926
2026-04-10 14:36:16,054 [INFO]   0xef317e433b0836... ROI=79.3% AUM=$3,486,014
2026-04-10 14:36:16,054 [INFO]   0xef406d8e729b6d... ROI=32.5% AUM=$36,590,400
2026-04-10 14:36:16,054 [INFO]   0xef93c0cffa25bd... ROI=44.0% AUM=$1,482,351
2026-04-10 14:36:16,054 [INFO]   0xf02021e26e0bbf... ROI=443.7% AUM=$22,359,446
2026-04-10 14:36:16,054 [INFO]   0xf06d067829591d... ROI=66.1% AUM=$4,160,929
2026-04-10 14:36:16,054 [INFO]   0xf10a13e0baaf40... ROI=20.3% AUM=$2,653,299
2026-04-10 14:36:16,054 [INFO]   0xf2df969f59b2c8... ROI=66.4% AUM=$2,379,746
2026-04-10 14:36:16,054 [INFO]   0xf379f0c662f9b8... ROI=20.4% AUM=$2,568,452
2026-04-10 14:36:16,056 [INFO]   0xf58b3f905f315f... ROI=731.8% AUM=$2,268,240
2026-04-10 14:36:16,056 [INFO]   0xf67ab646131cbe... ROI=45.1% AUM=$2,345,213
2026-04-10 14:36:16,056 [INFO]   0xf6ae3f282be7e4... ROI=46.7% AUM=$11,253,734
2026-04-10 14:36:16,056 [INFO]   0xf83ff544ed6f00... ROI=152.3% AUM=$8,052,852
2026-04-10 14:36:16,056 [INFO]   0xf85624f780cd7a... ROI=435.2% AUM=$1,357,231
2026-04-10 14:36:16,056 [INFO]   0xf8e3128c778a82... ROI=29.6% AUM=$40,691,182
2026-04-10 14:36:16,056 [INFO]   0xf8e75cefe9e6b8... ROI=41.1% AUM=$4,214,261
2026-04-10 14:36:16,056 [INFO]   0xf94bc4370e4c5f... ROI=448.0% AUM=$2,040,862
2026-04-10 14:36:16,056 [INFO]   0xf992aa323ec183... ROI=27.1% AUM=$28,773,905
2026-04-10 14:36:16,056 [INFO]   0xfae95f601f3a25... ROI=3501.9% AUM=$7,233,738
2026-04-10 14:36:16,056 [INFO]   0xfb00c13f617c59... ROI=1244.3% AUM=$3,405,903
2026-04-10 14:36:16,056 [INFO]   0xfbad3f9bafd0b9... ROI=21.9% AUM=$3,730,013
2026-04-10 14:36:16,056 [INFO]   0xfc84a4bba95d3a... ROI=763.5% AUM=$10,605,497
2026-04-10 14:36:16,056 [INFO]   0xfd423284f6a9c7... ROI=21.8% AUM=$9,698,247
2026-04-10 14:36:16,057 [INFO]   0xfee2abb45d8d5f... ROI=295.7% AUM=$2,699,361
2026-04-10 14:36:16,057 [INFO]   0xff35b3aced35d2... ROI=75.0% AUM=$1,071,293
2026-04-10 14:36:16,057 [INFO]   0xffa8198c62adb1... ROI=64.5% AUM=$20,407,493
2026-04-10 14:36:16,057 [INFO] 
Qualified candidates: 930
2026-04-10 14:36:16,074 [INFO] 
Validating and scoring wallets...
2026-04-10 14:36:16,074 [INFO]   Scoring 0xe554b76acda9ff...
2026-04-10 14:36:16,164 [DEBUG]     AUM too low: $0
2026-04-10 14:36:16,164 [INFO]   Scoring 0x8cfac7c6f03e00...
2026-04-10 14:36:16,272 [DEBUG]     AUM too low: $0
2026-04-10 14:36:16,272 [INFO]   Scoring 0x4051aea2475a4e...
2026-04-10 14:36:16,425 [DEBUG]     AUM too low: $0
2026-04-10 14:36:16,425 [INFO]   Scoring 0x9cd0a696c7cbb9...
2026-04-10 14:36:16,534 [DEBUG]     AUM too low: $10
2026-04-10 14:36:16,534 [INFO]   Scoring 0xbc2a70be4bd276...
2026-04-10 14:36:16,631 [DEBUG]     AUM too low: $0
2026-04-10 14:36:16,631 [INFO]   Scoring 0x863b676e5e4fea...
2026-04-10 14:36:17,730 [DEBUG]     AUM too low: $272,224
2026-04-10 14:36:17,730 [INFO]   Scoring 0x0c5e5e6554b54d...
2026-04-10 14:36:17,900 [DEBUG]     AUM too low: $0
2026-04-10 14:36:17,900 [INFO]   Scoring 0x0d446c3372a9ba...
2026-04-10 14:36:17,992 [DEBUG]     AUM too low: $0
2026-04-10 14:36:17,992 [INFO]   Scoring 0x88806a71d74ad0...
2026-04-10 14:36:18,483 [DEBUG]     AUM too low: $10
2026-04-10 14:36:18,483 [INFO]   Scoring 0x97f46f90c04efb...
2026-04-10 14:36:18,559 [DEBUG]     AUM too low: $20
2026-04-10 14:36:18,559 [INFO]   Scoring 0xcada145bb9d2be...
2026-04-10 14:36:18,968 [DEBUG]     AUM too low: $24
2026-04-10 14:36:18,968 [INFO]   Scoring 0x493db0ed7514c9...
2026-04-10 14:36:19,066 [DEBUG]     AUM too low: $0
2026-04-10 14:36:19,066 [INFO]   Scoring 0x523852be2db1a7...
2026-04-10 14:36:19,143 [DEBUG]     AUM too low: $517,039
2026-04-10 14:36:19,143 [INFO]   Scoring 0x152455323b9d3e...
2026-04-10 14:36:19,219 [DEBUG]     AUM too low: $10
2026-04-10 14:36:19,219 [INFO]   Scoring 0xbee95bb47bc4e2...
2026-04-10 14:36:19,294 [DEBUG]     AUM too low: $0
2026-04-10 14:36:19,295 [INFO]   Scoring 0xd2d818dfd6ff0f...
2026-04-10 14:36:19,421 [DEBUG]     AUM too low: $0
2026-04-10 14:36:19,421 [INFO]   Scoring 0x9e42410de11eac...
2026-04-10 14:36:19,500 [DEBUG]     AUM too low: $0
2026-04-10 14:36:19,500 [INFO]   Scoring 0x5e914f78c2711b...
2026-04-10 14:36:19,598 [DEBUG]     AUM too low: $0
2026-04-10 14:36:19,598 [INFO]   Scoring 0x13c50dcdee4bbc...
2026-04-10 14:36:19,688 [DEBUG]     AUM too low: $282,654
2026-04-10 14:36:19,688 [INFO]   Scoring 0x4e14fc11f58b64...
2026-04-10 14:36:19,992 [DEBUG]     AUM too low: $323,606
2026-04-10 14:36:19,992 [ERROR] No wallets qualified
