2026-04-17 07:52:38,057 [INFO] Loaded config: 3 wallets
2026-04-17 07:52:38,058 [INFO] Starting loop with interval 900s
2026-04-17 07:52:38,058 [INFO] === Run Once ===
2026-04-17 07:52:38,202 [DEBUG] Whale_1: AUM $0 outside range [$$100,000 - $100,000,000]
2026-04-17 07:52:38,590 [DEBUG] Whale_2: Using default metrics (2000 fills, trade count estimated)
2026-04-17 07:52:38,590 [INFO] Whale_2: sortino=0.00, wr=50.0%, trades=1000, ev=0.0000
2026-04-17 07:52:38,892 [DEBUG] Whale_3: Using default metrics (2000 fills, trade count estimated)
2026-04-17 07:52:38,892 [INFO] Whale_3: sortino=0.00, wr=50.0%, trades=1000, ev=0.0000
2026-04-17 07:52:39,768 [INFO] Signal written: LONG, strength=0.00, valid=True
2026-04-17 08:07:39,783 [INFO] === Run Once ===
2026-04-17 08:07:39,796 [INFO] Using cached ranking (0.3h old)
2026-04-17 08:07:39,991 [INFO] Signal written: LONG, strength=0.00, valid=True
2026-04-17 08:22:39,994 [INFO] === Run Once ===
2026-04-17 08:22:39,996 [INFO] Using cached ranking (0.5h old)
2026-04-17 08:22:40,305 [INFO] Signal written: LONG, strength=0.00, valid=True
2026-04-17 08:37:40,321 [INFO] === Run Once ===
2026-04-17 08:37:40,321 [INFO] Using cached ranking (0.8h old)
2026-04-17 08:37:40,539 [INFO] Signal written: LONG, strength=0.00, valid=True
2026-04-17 08:52:40,541 [INFO] === Run Once ===
2026-04-17 08:52:40,541 [INFO] Using cached ranking (1.0h old)
2026-04-17 08:52:40,761 [INFO] Signal written: LONG, strength=0.00, valid=True
2026-04-17 09:07:40,764 [INFO] === Run Once ===
2026-04-17 09:07:40,764 [INFO] Using cached ranking (1.3h old)
2026-04-17 09:07:40,953 [INFO] Signal written: LONG, strength=0.00, valid=True
2026-04-17 09:22:40,961 [INFO] === Run Once ===
2026-04-17 09:22:40,961 [INFO] Using cached ranking (1.5h old)
2026-04-17 09:22:42,186 [INFO] Signal written: LONG, strength=0.00, valid=True
2026-04-17 09:37:42,201 [INFO] === Run Once ===
2026-04-17 09:37:42,202 [INFO] Using cached ranking (1.8h old)
2026-04-17 09:37:42,399 [INFO] Signal written: LONG, strength=0.00, valid=True
2026-04-17 19:28:35,691 [INFO] === Run Once ===
2026-04-17 19:28:35,694 [INFO] Using cached ranking (11.6h old)
2026-04-17 19:28:36,363 [INFO] Signal written: LONG, strength=0.00, valid=True
2026-04-17 19:43:36,217 [INFO] === Run Once ===
2026-04-17 19:43:36,219 [INFO] Using cached ranking (11.8h old)
2026-04-17 19:43:36,803 [INFO] Signal written: LONG, strength=0.00, valid=True
2026-04-17 19:58:36,640 [INFO] === Run Once ===
2026-04-17 19:58:36,744 [DEBUG] Whale_1: AUM $0 outside range [$$100,000 - $100,000,000]
2026-04-17 19:58:37,231 [DEBUG] Whale_2: Using default metrics (2000 fills, trade count estimated)
2026-04-17 19:58:37,231 [INFO] Whale_2: sortino=0.00, wr=50.0%, trades=1000, ev=0.0000
2026-04-17 19:58:38,381 [DEBUG] Whale_3: Using default metrics (2000 fills, trade count estimated)
2026-04-17 19:58:38,381 [INFO] Whale_3: sortino=0.00, wr=50.0%, trades=1000, ev=0.0000
2026-04-17 19:58:38,699 [INFO] Signal written: LONG, strength=0.00, valid=True
2026-04-17 20:13:38,571 [INFO] === Run Once ===
2026-04-17 20:13:38,573 [INFO] Using cached ranking (0.3h old)
2026-04-17 20:13:39,891 [INFO] Signal written: LONG, strength=0.00, valid=True
2026-04-17 20:28:39,803 [INFO] === Run Once ===
2026-04-17 20:28:39,804 [INFO] Using cached ranking (0.5h old)
2026-04-17 20:28:40,076 [INFO] Signal written: LONG, strength=0.00, valid=True
2026-04-17 20:43:40,016 [INFO] === Run Once ===
2026-04-17 20:43:40,026 [INFO] Using cached ranking (0.8h old)
2026-04-17 20:43:41,248 [INFO] Signal written: LONG, strength=0.00, valid=True
2026-04-17 20:58:41,208 [INFO] === Run Once ===
2026-04-17 20:58:41,209 [INFO] Using cached ranking (1.0h old)
2026-04-17 20:58:41,451 [INFO] Signal written: LONG, strength=0.00, valid=True
2026-04-17 21:13:41,414 [INFO] === Run Once ===
2026-04-17 21:13:41,416 [INFO] Using cached ranking (1.3h old)
2026-04-17 21:13:41,639 [INFO] Signal written: LONG, strength=0.00, valid=True
2026-04-17 21:28:41,616 [INFO] === Run Once ===
2026-04-17 21:28:41,618 [INFO] Using cached ranking (1.5h old)
2026-04-17 21:28:42,229 [INFO] Signal written: LONG, strength=0.00, valid=True
2026-04-17 21:43:42,215 [INFO] === Run Once ===
2026-04-17 21:43:42,216 [INFO] Using cached ranking (1.8h old)
2026-04-17 21:43:42,563 [INFO] Signal written: LONG, strength=0.00, valid=True
2026-04-17 21:58:42,552 [INFO] === Run Once ===
2026-04-17 21:58:42,552 [INFO] Using cached ranking (2.0h old)
2026-04-17 21:58:42,874 [INFO] Signal written: LONG, strength=0.00, valid=True
2026-04-17 22:13:42,874 [INFO] === Run Once ===
2026-04-17 22:13:42,875 [INFO] Using cached ranking (2.3h old)
2026-04-17 22:13:43,160 [INFO] Signal written: LONG, strength=0.00, valid=True
2026-04-17 22:28:43,159 [INFO] === Run Once ===
2026-04-17 22:28:43,160 [INFO] Using cached ranking (2.5h old)
2026-04-17 22:28:44,840 [INFO] Signal written: LONG, strength=0.00, valid=True
2026-04-17 22:43:44,843 [INFO] === Run Once ===
2026-04-17 22:43:44,844 [INFO] Using cached ranking (2.8h old)
2026-04-17 22:43:45,073 [INFO] Signal written: LONG, strength=0.00, valid=True
2026-04-17 22:58:45,070 [INFO] === Run Once ===
2026-04-17 22:58:45,072 [INFO] Using cached ranking (3.0h old)
2026-04-17 22:58:45,314 [INFO] Signal written: LONG, strength=0.00, valid=True
2026-04-17 23:13:45,323 [INFO] === Run Once ===
2026-04-17 23:13:45,325 [INFO] Using cached ranking (3.3h old)
2026-04-17 23:13:45,595 [INFO] Signal written: LONG, strength=0.00, valid=True
2026-04-17 23:28:45,600 [INFO] === Run Once ===
2026-04-17 23:28:45,606 [INFO] Using cached ranking (3.5h old)
2026-04-17 23:28:46,048 [INFO] Signal written: LONG, strength=0.00, valid=True
2026-04-17 23:43:46,054 [INFO] === Run Once ===
2026-04-17 23:43:46,055 [INFO] Using cached ranking (3.8h old)
2026-04-17 23:43:46,372 [INFO] Signal written: LONG, strength=0.00, valid=True
2026-04-17 23:58:46,372 [INFO] === Run Once ===
2026-04-17 23:58:46,374 [INFO] Using cached ranking (4.0h old)
2026-04-17 23:58:46,905 [INFO] Signal written: LONG, strength=0.00, valid=True
