2026-04-10 17:44:15,559 [INFO] ================================================================================
2026-04-10 17:44:15,559 [INFO] ADVANCED WHALE SCANNER
2026-04-10 17:44:15,559 [INFO] ================================================================================
2026-04-10 17:44:15,559 [INFO] Added 13 known performers
2026-04-10 17:44:15,559 [INFO] Added 5 volume leaders
2026-04-10 17:44:15,559 [INFO] Added 5 random active addresses
2026-04-10 17:44:15,559 [INFO] Total candidates from all sources: 23
2026-04-10 17:44:15,559 [INFO] [1/23] Scanning 0x15a134a7f1e2c1... (hyperstats_top1)
2026-04-10 17:44:15,559 [INFO] Analyzing 0x15a134a7f1e2c1...
2026-04-10 17:44:15,689 [DEBUG]   [X] Not qualified
2026-04-10 17:44:15,689 [INFO] [2/23] Scanning 0xa215aa51a7f1e2... (hyperstats_top2)
2026-04-10 17:44:15,689 [INFO] Analyzing 0xa215aa51a7f1e2...
2026-04-10 17:44:15,764 [DEBUG]   [X] Not qualified
2026-04-10 17:44:15,764 [INFO] [3/23] Scanning 0xe1135c07a7f1e2... (hyperstats_top3)
2026-04-10 17:44:15,764 [INFO] Analyzing 0xe1135c07a7f1e2...
2026-04-10 17:44:15,846 [DEBUG]   [X] Not qualified
2026-04-10 17:44:15,847 [INFO] [4/23] Scanning 0x7B4eA7b8aE1d8e... (hyperstats_s+)
2026-04-10 17:44:15,847 [INFO] Analyzing 0x7B4eA7b8aE1d8e...
2026-04-10 17:44:15,991 [DEBUG]   [X] Not qualified
2026-04-10 17:44:15,991 [INFO] [5/23] Scanning 0x9A5B6C7D8E9F0A... (hyperstats_s+)
2026-04-10 17:44:15,991 [INFO] Analyzing 0x9A5B6C7D8E9F0A...
2026-04-10 17:44:16,116 [DEBUG]   [X] Not qualified
2026-04-10 17:44:16,116 [INFO] [6/23] Scanning 0x1C2D3E4F5A6B7C... (hyperstats_a)
2026-04-10 17:44:16,116 [INFO] Analyzing 0x1C2D3E4F5A6B7C...
2026-04-10 17:44:16,198 [DEBUG]   [X] Not qualified
2026-04-10 17:44:16,198 [INFO] [7/23] Scanning 0x1234567890abcd... (coinglass)
2026-04-10 17:44:16,198 [INFO] Analyzing 0x1234567890abcd...
2026-04-10 17:44:16,384 [DEBUG]   [X] Not qualified
2026-04-10 17:44:16,384 [INFO] [8/23] Scanning 0x9876543210fedc... (coinglass)
2026-04-10 17:44:16,384 [INFO] Analyzing 0x9876543210fedc...
2026-04-10 17:44:16,604 [DEBUG]   [X] Not qualified
2026-04-10 17:44:16,604 [INFO] [9/23] Scanning 0xAABBCCDDEEFF00... (hypertracker)
2026-04-10 17:44:16,604 [INFO] Analyzing 0xAABBCCDDEEFF00...
2026-04-10 17:44:17,547 [DEBUG]   [X] Not qualified
2026-04-10 17:44:17,547 [INFO] [10/23] Scanning 0xFFEEDDCCBBAA00... (hypertracker)
2026-04-10 17:44:17,547 [INFO] Analyzing 0xFFEEDDCCBBAA00...
2026-04-10 17:44:17,709 [DEBUG]   [X] Not qualified
2026-04-10 17:44:17,709 [INFO] [11/23] Scanning 0x863b676e5e4fea... (existing)
2026-04-10 17:44:17,709 [INFO] Analyzing 0x863b676e5e4fea...
2026-04-10 17:44:18,041 [DEBUG] Insufficient BTC trades: 0
2026-04-10 17:44:18,042 [DEBUG]   [X] Not qualified
2026-04-10 17:44:18,042 [INFO] [12/23] Scanning 0x932bdd2d5e2147... (existing)
2026-04-10 17:44:18,042 [INFO] Analyzing 0x932bdd2d5e2147...
2026-04-10 17:44:18,649 [INFO]   [OK] BTC Trades: 252, EV: -0.04%
2026-04-10 17:44:18,650 [INFO] [13/23] Scanning 0x523852be2db1a7... (existing)
2026-04-10 17:44:18,650 [INFO] Analyzing 0x523852be2db1a7...
2026-04-10 17:44:19,077 [DEBUG] Insufficient BTC trades: 0
2026-04-10 17:44:19,077 [DEBUG]   [X] Not qualified
2026-04-10 17:44:19,077 [INFO] [14/23] Scanning 0xABCDEF01234567... (volume_leader)
2026-04-10 17:44:19,077 [INFO] Analyzing 0xABCDEF01234567...
2026-04-10 17:44:19,236 [DEBUG]   [X] Not qualified
2026-04-10 17:44:19,236 [INFO] [15/23] Scanning 0x123456789ABCDE... (volume_leader)
2026-04-10 17:44:19,237 [INFO] Analyzing 0x123456789ABCDE...
2026-04-10 17:44:19,495 [DEBUG]   [X] Not qualified
2026-04-10 17:44:19,495 [INFO] [16/23] Scanning 0xFEDCBA09876543... (volume_leader)
2026-04-10 17:44:19,495 [INFO] Analyzing 0xFEDCBA09876543...
2026-04-10 17:44:19,730 [DEBUG]   [X] Not qualified
2026-04-10 17:44:19,731 [INFO] [17/23] Scanning 0x9876543210FEDC... (volume_leader)
2026-04-10 17:44:19,731 [INFO] Analyzing 0x9876543210FEDC...
2026-04-10 17:44:19,964 [DEBUG]   [X] Not qualified
2026-04-10 17:44:19,964 [INFO] [18/23] Scanning 0x02468ACE13579B... (volume_leader)
2026-04-10 17:44:19,970 [INFO] Analyzing 0x02468ACE13579B...
2026-04-10 17:44:20,151 [DEBUG]   [X] Not qualified
2026-04-10 17:44:20,151 [INFO] [19/23] Scanning 0x7dd9f0C2a80a32... (random_sample)
2026-04-10 17:44:20,151 [INFO] Analyzing 0x7dd9f0C2a80a32...
2026-04-10 17:44:20,377 [DEBUG]   [X] Not qualified
2026-04-10 17:44:20,378 [INFO] [20/23] Scanning 0xabcdef1248f70d... (random_sample)
2026-04-10 17:44:20,378 [INFO] Analyzing 0xabcdef1248f70d...
2026-04-10 17:44:20,606 [DEBUG]   [X] Not qualified
2026-04-10 17:44:20,606 [INFO] [21/23] Scanning 0xabcdef12fb31b5... (random_sample)
2026-04-10 17:44:20,606 [INFO] Analyzing 0xabcdef12fb31b5...
2026-04-10 17:44:20,849 [DEBUG]   [X] Not qualified
2026-04-10 17:44:20,849 [INFO] [22/23] Scanning 0x932bdd2d18dfde... (random_sample)
2026-04-10 17:44:20,850 [INFO] Analyzing 0x932bdd2d18dfde...
2026-04-10 17:44:21,056 [DEBUG]   [X] Not qualified
2026-04-10 17:44:21,056 [INFO] [23/23] Scanning 0xabcdef1290811b... (random_sample)
2026-04-10 17:44:21,057 [INFO] Analyzing 0xabcdef1290811b...
2026-04-10 17:44:21,294 [DEBUG]   [X] Not qualified
2026-04-10 17:44:21,294 [INFO] 
Qualified candidates: 1
