2026-04-12 10:55:22,164 [ERROR] Failed to load config: [Errno 2] No such file or directory: 'whale_wallets.json'
2026-04-12 10:55:22,164 [INFO] Starting loop with interval 900s
2026-04-12 10:55:22,164 [INFO] === Run Once ===
2026-04-12 10:55:22,164 [INFO] Using cached ranking (33.6h old)
2026-04-12 10:55:24,530 [INFO] Signal written: NONE, strength=0.00, valid=False
2026-04-12 11:10:24,532 [INFO] === Run Once ===
2026-04-12 11:10:24,535 [INFO] Using cached ranking (33.9h old)
2026-04-12 11:10:24,954 [INFO] Signal written: NONE, strength=0.00, valid=False
2026-04-12 11:25:24,956 [INFO] === Run Once ===
2026-04-12 11:25:24,959 [INFO] Using cached ranking (34.1h old)
2026-04-12 11:25:25,449 [INFO] Signal written: NONE, strength=0.00, valid=False
2026-04-12 11:40:25,452 [INFO] === Run Once ===
2026-04-12 11:40:25,453 [INFO] Using cached ranking (34.4h old)
2026-04-12 11:40:25,871 [INFO] Signal written: NONE, strength=0.00, valid=False
2026-04-12 11:55:25,874 [INFO] === Run Once ===
2026-04-12 11:55:25,876 [INFO] Using cached ranking (34.6h old)
2026-04-12 11:55:26,266 [INFO] Signal written: NONE, strength=0.00, valid=False
2026-04-12 12:10:26,268 [INFO] === Run Once ===
2026-04-12 12:10:26,268 [INFO] Using cached ranking (34.9h old)
2026-04-12 12:10:27,007 [INFO] Signal written: NONE, strength=0.00, valid=False
2026-04-12 12:25:27,012 [INFO] === Run Once ===
2026-04-12 12:25:27,013 [INFO] Using cached ranking (35.1h old)
2026-04-12 12:25:27,543 [INFO] Signal written: NONE, strength=0.00, valid=False
2026-04-12 12:40:27,553 [INFO] === Run Once ===
2026-04-12 12:40:27,554 [INFO] Using cached ranking (35.4h old)
2026-04-12 12:40:27,965 [INFO] Signal written: NONE, strength=0.00, valid=False
2026-04-12 12:55:27,978 [INFO] === Run Once ===
2026-04-12 12:55:27,979 [INFO] Using cached ranking (35.6h old)
2026-04-12 12:55:28,627 [INFO] Signal written: NONE, strength=0.00, valid=False
2026-04-12 13:10:28,637 [INFO] === Run Once ===
2026-04-12 13:10:28,638 [INFO] Using cached ranking (35.9h old)
2026-04-12 13:10:28,990 [INFO] Signal written: NONE, strength=0.00, valid=False
2026-04-12 13:25:29,003 [INFO] === Run Once ===
2026-04-12 13:25:29,004 [INFO] Using cached ranking (36.1h old)
2026-04-12 13:25:29,531 [INFO] Signal written: NONE, strength=0.00, valid=False
2026-04-12 13:40:29,547 [INFO] === Run Once ===
2026-04-12 13:40:29,548 [INFO] Using cached ranking (36.4h old)
2026-04-12 13:40:29,996 [INFO] Signal written: NONE, strength=0.00, valid=False
2026-04-12 13:55:29,997 [INFO] === Run Once ===
2026-04-12 13:55:29,998 [INFO] Using cached ranking (36.6h old)
2026-04-12 13:55:30,467 [INFO] Signal written: NONE, strength=0.00, valid=False
2026-04-12 14:10:30,480 [INFO] === Run Once ===
2026-04-12 14:10:30,481 [INFO] Using cached ranking (36.9h old)
2026-04-12 14:10:30,930 [INFO] Signal written: NONE, strength=0.00, valid=False
