2026-04-19 14:59:04,694 [INFO] Loaded config: 3 wallets
2026-04-19 14:59:04,694 [INFO] Starting loop with interval 900s
2026-04-19 14:59:04,694 [INFO] === Run Once ===
2026-04-19 14:59:04,698 [INFO] Using cached ranking (3.7h old)
2026-04-19 14:59:04,710 [WARNING] HL API error: HTTPSConnectionPool(host='api.hyperliquid.xyz', port=443): Max retries exceeded with url: /info (Caused by NameResolutionError("HTTPSConnection(host='api.hyperliquid.xyz', port=443): Failed to resolve 'api.hyperliquid.xyz' ([Errno 11001] getaddrinfo failed)"))
2026-04-19 14:59:04,711 [WARNING] HL API error: HTTPSConnectionPool(host='api.hyperliquid.xyz', port=443): Max retries exceeded with url: /info (Caused by NameResolutionError("HTTPSConnection(host='api.hyperliquid.xyz', port=443): Failed to resolve 'api.hyperliquid.xyz' ([Errno 11001] getaddrinfo failed)"))
2026-04-19 14:59:04,715 [INFO] Signal written: NONE, strength=0.00, valid=False
2026-04-19 15:14:04,721 [INFO] === Run Once ===
2026-04-19 15:14:04,739 [INFO] Using cached ranking (4.0h old)
2026-04-19 15:14:05,023 [INFO] Signal written: LONG, strength=0.00, valid=True
2026-04-19 15:29:05,026 [INFO] === Run Once ===
2026-04-19 15:29:05,026 [INFO] Using cached ranking (4.2h old)
2026-04-19 15:29:05,456 [INFO] Signal written: LONG, strength=0.00, valid=True
2026-04-19 15:44:05,460 [INFO] === Run Once ===
2026-04-19 15:44:05,460 [INFO] Using cached ranking (4.5h old)
2026-04-19 15:44:05,680 [INFO] Signal written: LONG, strength=0.00, valid=True
2026-04-19 15:59:05,690 [INFO] === Run Once ===
2026-04-19 15:59:05,690 [INFO] Using cached ranking (4.7h old)
2026-04-19 15:59:05,935 [INFO] Signal written: LONG, strength=0.00, valid=True
2026-04-19 16:14:05,946 [INFO] === Run Once ===
2026-04-19 16:14:05,946 [INFO] Using cached ranking (5.0h old)
2026-04-19 16:14:06,236 [INFO] Signal written: LONG, strength=0.00, valid=True
2026-04-19 16:29:06,248 [INFO] === Run Once ===
2026-04-19 16:29:06,248 [INFO] Using cached ranking (5.2h old)
2026-04-19 16:29:06,970 [INFO] Signal written: LONG, strength=0.00, valid=True
2026-04-19 16:44:06,979 [INFO] === Run Once ===
2026-04-19 16:44:06,980 [INFO] Using cached ranking (5.5h old)
2026-04-19 16:44:07,216 [INFO] Signal written: LONG, strength=0.00, valid=True
2026-04-19 16:59:07,227 [INFO] === Run Once ===
2026-04-19 16:59:07,228 [INFO] Using cached ranking (5.7h old)
2026-04-19 16:59:07,470 [INFO] Signal written: LONG, strength=0.00, valid=True
2026-04-19 17:14:07,479 [INFO] === Run Once ===
2026-04-19 17:14:07,479 [INFO] Using cached ranking (6.0h old)
2026-04-19 17:14:07,701 [INFO] Signal written: LONG, strength=0.00, valid=True
2026-04-19 17:29:07,702 [INFO] === Run Once ===
2026-04-19 17:29:07,704 [INFO] Using cached ranking (6.2h old)
2026-04-19 17:29:07,925 [INFO] Signal written: LONG, strength=0.00, valid=True
2026-04-19 17:44:08,011 [INFO] === Run Once ===
2026-04-19 17:44:08,013 [INFO] Using cached ranking (6.5h old)
2026-04-19 17:44:08,257 [INFO] Signal written: LONG, strength=0.00, valid=True
2026-04-19 17:59:08,395 [INFO] === Run Once ===
2026-04-19 17:59:08,396 [INFO] Using cached ranking (6.7h old)
2026-04-19 17:59:09,077 [INFO] Signal written: LONG, strength=0.00, valid=True
2026-04-19 18:14:09,179 [INFO] === Run Once ===
2026-04-19 18:14:09,180 [INFO] Using cached ranking (7.0h old)
2026-04-19 18:14:09,464 [INFO] Signal written: LONG, strength=0.00, valid=True
2026-04-19 18:29:09,550 [INFO] === Run Once ===
2026-04-19 18:29:09,561 [INFO] Using cached ranking (7.2h old)
2026-04-19 18:29:09,862 [INFO] Signal written: LONG, strength=0.00, valid=True
2026-04-19 18:44:09,921 [INFO] === Run Once ===
2026-04-19 18:44:09,921 [INFO] Using cached ranking (7.5h old)
2026-04-19 18:44:10,143 [INFO] Signal written: LONG, strength=0.00, valid=True
2026-04-19 18:59:10,191 [INFO] === Run Once ===
2026-04-19 18:59:10,191 [INFO] Using cached ranking (7.7h old)
2026-04-19 18:59:10,361 [INFO] Signal written: LONG, strength=0.00, valid=True
2026-04-19 19:14:10,401 [INFO] === Run Once ===
2026-04-19 19:14:10,403 [INFO] Using cached ranking (8.0h old)
2026-04-19 19:14:10,793 [INFO] Signal written: LONG, strength=0.00, valid=True
2026-04-19 19:29:10,827 [INFO] === Run Once ===
2026-04-19 19:29:10,827 [INFO] Using cached ranking (8.2h old)
2026-04-19 19:29:10,829 [WARNING] HL API error: HTTPSConnectionPool(host='api.hyperliquid.xyz', port=443): Max retries exceeded with url: /info (Caused by NameResolutionError("HTTPSConnection(host='api.hyperliquid.xyz', port=443): Failed to resolve 'api.hyperliquid.xyz' ([Errno 11001] getaddrinfo failed)"))
2026-04-19 19:29:10,830 [WARNING] HL API error: HTTPSConnectionPool(host='api.hyperliquid.xyz', port=443): Max retries exceeded with url: /info (Caused by NameResolutionError("HTTPSConnection(host='api.hyperliquid.xyz', port=443): Failed to resolve 'api.hyperliquid.xyz' ([Errno 11001] getaddrinfo failed)"))
2026-04-19 19:29:10,835 [INFO] Signal written: NONE, strength=0.00, valid=False
2026-04-19 19:44:10,863 [INFO] === Run Once ===
2026-04-19 19:44:10,864 [INFO] Using cached ranking (8.5h old)
2026-04-19 19:44:10,872 [WARNING] HL API error: HTTPSConnectionPool(host='api.hyperliquid.xyz', port=443): Max retries exceeded with url: /info (Caused by NameResolutionError("HTTPSConnection(host='api.hyperliquid.xyz', port=443): Failed to resolve 'api.hyperliquid.xyz' ([Errno 11001] getaddrinfo failed)"))
2026-04-19 19:44:10,874 [WARNING] HL API error: HTTPSConnectionPool(host='api.hyperliquid.xyz', port=443): Max retries exceeded with url: /info (Caused by NameResolutionError("HTTPSConnection(host='api.hyperliquid.xyz', port=443): Failed to resolve 'api.hyperliquid.xyz' ([Errno 11001] getaddrinfo failed)"))
2026-04-19 19:44:10,887 [INFO] Signal written: NONE, strength=0.00, valid=False
2026-04-19 19:59:10,905 [INFO] === Run Once ===
2026-04-19 19:59:10,907 [INFO] Using cached ranking (8.7h old)
2026-04-19 19:59:11,100 [INFO] Signal written: LONG, strength=0.00, valid=True
2026-04-19 20:14:11,123 [INFO] === Run Once ===
2026-04-19 20:14:11,124 [INFO] Using cached ranking (9.0h old)
2026-04-19 20:14:11,348 [INFO] Signal written: LONG, strength=0.00, valid=True
2026-04-19 20:29:11,360 [INFO] === Run Once ===
2026-04-19 20:29:11,361 [INFO] Using cached ranking (9.2h old)
2026-04-19 20:29:11,596 [INFO] Signal written: LONG, strength=0.00, valid=True
2026-04-19 20:44:11,616 [INFO] === Run Once ===
2026-04-19 20:44:11,617 [INFO] Using cached ranking (9.5h old)
2026-04-19 20:44:11,888 [INFO] Signal written: LONG, strength=0.00, valid=True
2026-04-19 20:59:11,905 [INFO] === Run Once ===
2026-04-19 20:59:11,905 [INFO] Using cached ranking (9.7h old)
2026-04-19 20:59:12,179 [INFO] Signal written: LONG, strength=0.00, valid=True
2026-04-19 21:14:12,183 [INFO] === Run Once ===
2026-04-19 21:14:12,184 [INFO] Using cached ranking (10.0h old)
2026-04-19 21:14:12,413 [INFO] Signal written: LONG, strength=0.00, valid=True
2026-04-19 21:29:12,427 [INFO] === Run Once ===
2026-04-19 21:29:12,427 [INFO] Using cached ranking (10.2h old)
2026-04-19 21:29:12,611 [INFO] Signal written: LONG, strength=0.00, valid=True
2026-04-19 21:44:12,613 [INFO] === Run Once ===
2026-04-19 21:44:12,614 [INFO] Using cached ranking (10.5h old)
2026-04-19 21:44:13,105 [INFO] Signal written: LONG, strength=0.00, valid=True
2026-04-19 21:59:13,116 [INFO] === Run Once ===
2026-04-19 21:59:13,117 [INFO] Using cached ranking (10.7h old)
2026-04-19 21:59:13,334 [INFO] Signal written: LONG, strength=0.00, valid=True
2026-04-19 22:14:13,347 [INFO] === Run Once ===
2026-04-19 22:14:13,349 [INFO] Using cached ranking (11.0h old)
2026-04-19 22:14:13,620 [INFO] Signal written: LONG, strength=0.00, valid=True
2026-04-19 22:29:13,634 [INFO] === Run Once ===
2026-04-19 22:29:13,635 [INFO] Using cached ranking (11.2h old)
2026-04-19 22:29:17,007 [INFO] Signal written: LONG, strength=0.00, valid=True
2026-04-19 22:44:17,012 [INFO] === Run Once ===
2026-04-19 22:44:17,014 [INFO] Using cached ranking (11.5h old)
2026-04-19 22:44:18,027 [INFO] Signal written: LONG, strength=0.00, valid=True
2026-04-19 22:59:18,037 [INFO] === Run Once ===
2026-04-19 22:59:18,038 [INFO] Using cached ranking (11.7h old)
2026-04-19 22:59:18,238 [INFO] Signal written: LONG, strength=0.00, valid=True
2026-04-19 23:14:18,238 [INFO] === Run Once ===
2026-04-19 23:14:18,239 [INFO] Using cached ranking (12.0h old)
2026-04-19 23:14:18,463 [INFO] Signal written: LONG, strength=0.00, valid=True
2026-04-19 23:29:18,468 [INFO] === Run Once ===
2026-04-19 23:29:18,591 [DEBUG] Whale_1: AUM $0 outside range [$$100,000 - $100,000,000]
2026-04-19 23:29:18,994 [DEBUG] Whale_2: Using default metrics (2000 fills, trade count estimated)
2026-04-19 23:29:18,994 [INFO] Whale_2: sortino=0.00, wr=50.0%, trades=1000, ev=0.0000
2026-04-19 23:29:19,327 [DEBUG] Whale_3: Using default metrics (2000 fills, trade count estimated)
2026-04-19 23:29:19,327 [INFO] Whale_3: sortino=0.00, wr=50.0%, trades=1000, ev=0.0000
2026-04-19 23:29:19,703 [INFO] Signal written: LONG, strength=0.00, valid=True
2026-04-19 23:44:19,704 [INFO] === Run Once ===
2026-04-19 23:44:19,705 [INFO] Using cached ranking (0.3h old)
2026-04-19 23:44:19,949 [INFO] Signal written: LONG, strength=0.00, valid=True
2026-04-19 23:59:19,955 [INFO] === Run Once ===
2026-04-19 23:59:19,956 [INFO] Using cached ranking (0.5h old)
2026-04-19 23:59:20,192 [INFO] Signal written: LONG, strength=0.00, valid=True
2026-04-20 00:14:20,200 [INFO] === Run Once ===
2026-04-20 00:14:20,200 [INFO] Using cached ranking (0.8h old)
2026-04-20 00:14:20,433 [INFO] Signal written: LONG, strength=0.00, valid=True
2026-04-20 00:29:20,436 [INFO] === Run Once ===
2026-04-20 00:29:20,438 [INFO] Using cached ranking (1.0h old)
2026-04-20 00:29:20,703 [INFO] Signal written: LONG, strength=0.00, valid=True
2026-04-20 00:44:20,713 [INFO] === Run Once ===
2026-04-20 00:44:20,714 [INFO] Using cached ranking (1.3h old)
2026-04-20 00:44:21,080 [INFO] Signal written: LONG, strength=0.00, valid=True
2026-04-20 00:59:21,084 [INFO] === Run Once ===
2026-04-20 00:59:21,085 [INFO] Using cached ranking (1.5h old)
2026-04-20 00:59:21,512 [INFO] Signal written: LONG, strength=0.00, valid=True
2026-04-20 01:14:21,527 [INFO] === Run Once ===
2026-04-20 01:14:21,528 [INFO] Using cached ranking (1.8h old)
2026-04-20 01:14:21,717 [INFO] Signal written: LONG, strength=0.00, valid=True
2026-04-20 01:29:21,719 [INFO] === Run Once ===
2026-04-20 01:29:21,720 [INFO] Using cached ranking (2.0h old)
2026-04-20 01:29:22,285 [INFO] Signal written: LONG, strength=0.00, valid=True
2026-04-20 01:44:22,296 [INFO] === Run Once ===
2026-04-20 01:44:22,296 [INFO] Using cached ranking (2.3h old)
2026-04-20 01:44:22,496 [INFO] Signal written: LONG, strength=0.00, valid=True
