2026-04-11 01:52:01,845 [ERROR] Failed to load config: [Errno 2] No such file or directory: 'whale_wallets.json'
2026-04-11 01:52:01,845 [INFO] Starting loop with interval 900s
2026-04-11 01:52:01,845 [INFO] === Run Once ===
2026-04-11 01:52:01,845 [INFO] Using cached ranking (0.6h old)
2026-04-11 01:52:02,830 [INFO] Signal written: NONE, strength=0.00, valid=False
2026-04-11 02:07:02,844 [INFO] === Run Once ===
2026-04-11 02:07:02,844 [INFO] Using cached ranking (0.8h old)
2026-04-11 02:07:03,373 [INFO] Signal written: NONE, strength=0.00, valid=False
2026-04-11 02:22:03,378 [INFO] === Run Once ===
2026-04-11 02:22:03,380 [INFO] Using cached ranking (1.1h old)
2026-04-11 02:22:03,796 [INFO] Signal written: NONE, strength=0.00, valid=False
2026-04-11 02:37:03,802 [INFO] === Run Once ===
2026-04-11 02:37:03,803 [INFO] Using cached ranking (1.3h old)
2026-04-11 02:37:04,148 [INFO] Signal written: NONE, strength=0.00, valid=False
2026-04-11 02:52:04,162 [INFO] === Run Once ===
2026-04-11 02:52:04,162 [INFO] Using cached ranking (1.6h old)
2026-04-11 02:52:04,507 [INFO] Signal written: NONE, strength=0.00, valid=False
2026-04-11 03:07:04,507 [INFO] === Run Once ===
2026-04-11 03:07:04,508 [INFO] Using cached ranking (1.8h old)
2026-04-11 03:07:04,956 [INFO] Signal written: NONE, strength=0.00, valid=False
2026-04-11 03:22:04,959 [INFO] === Run Once ===
2026-04-11 03:22:04,960 [INFO] Using cached ranking (2.1h old)
2026-04-11 03:22:05,319 [INFO] Signal written: NONE, strength=0.00, valid=False
2026-04-11 03:37:05,322 [INFO] === Run Once ===
2026-04-11 03:37:05,322 [INFO] Using cached ranking (2.3h old)
2026-04-11 03:37:05,746 [INFO] Signal written: NONE, strength=0.00, valid=False
2026-04-11 03:52:05,716 [INFO] === Run Once ===
2026-04-11 03:52:05,716 [INFO] Using cached ranking (2.6h old)
2026-04-11 03:52:06,127 [INFO] Signal written: NONE, strength=0.00, valid=False
2026-04-11 04:07:06,063 [INFO] === Run Once ===
2026-04-11 04:07:06,065 [INFO] Using cached ranking (2.8h old)
2026-04-11 04:07:06,437 [INFO] Signal written: NONE, strength=0.00, valid=False
2026-04-11 04:22:06,398 [INFO] === Run Once ===
2026-04-11 04:22:06,405 [INFO] Using cached ranking (3.1h old)
2026-04-11 04:22:06,769 [INFO] Signal written: NONE, strength=0.00, valid=False
2026-04-11 04:37:06,731 [INFO] === Run Once ===
2026-04-11 04:37:06,731 [INFO] Using cached ranking (3.3h old)
2026-04-11 04:37:07,228 [INFO] Signal written: NONE, strength=0.00, valid=False
2026-04-11 04:52:07,209 [INFO] === Run Once ===
2026-04-11 04:52:07,210 [INFO] Using cached ranking (3.6h old)
2026-04-11 04:52:07,646 [INFO] Signal written: NONE, strength=0.00, valid=False
2026-04-11 05:07:07,627 [INFO] === Run Once ===
2026-04-11 05:07:07,629 [INFO] Using cached ranking (3.8h old)
2026-04-11 05:07:08,066 [INFO] Signal written: NONE, strength=0.00, valid=False
2026-04-11 05:22:08,060 [INFO] === Run Once ===
2026-04-11 05:22:08,060 [INFO] Using cached ranking (4.1h old)
2026-04-11 05:22:08,454 [INFO] Signal written: NONE, strength=0.00, valid=False
2026-04-11 05:37:08,456 [INFO] === Run Once ===
2026-04-11 05:37:08,457 [INFO] Using cached ranking (4.3h old)
2026-04-11 05:37:08,803 [INFO] Signal written: NONE, strength=0.00, valid=False
2026-04-11 05:52:08,804 [INFO] === Run Once ===
2026-04-11 05:52:08,806 [INFO] Using cached ranking (4.6h old)
2026-04-11 05:52:08,810 [WARNING] HL API error: HTTPSConnectionPool(host='api.hyperliquid.xyz', port=443): Max retries exceeded with url: /info (Caused by NameResolutionError("HTTPSConnection(host='api.hyperliquid.xyz', port=443): Failed to resolve 'api.hyperliquid.xyz' ([Errno 11001] getaddrinfo failed)"))
2026-04-11 05:52:08,811 [WARNING] HL API error: HTTPSConnectionPool(host='api.hyperliquid.xyz', port=443): Max retries exceeded with url: /info (Caused by NameResolutionError("HTTPSConnection(host='api.hyperliquid.xyz', port=443): Failed to resolve 'api.hyperliquid.xyz' ([Errno 11001] getaddrinfo failed)"))
2026-04-11 05:52:08,811 [WARNING] HL API error: HTTPSConnectionPool(host='api.hyperliquid.xyz', port=443): Max retries exceeded with url: /info (Caused by NameResolutionError("HTTPSConnection(host='api.hyperliquid.xyz', port=443): Failed to resolve 'api.hyperliquid.xyz' ([Errno 11001] getaddrinfo failed)"))
2026-04-11 05:52:08,823 [INFO] Signal written: NONE, strength=0.00, valid=False
2026-04-11 06:07:08,819 [INFO] === Run Once ===
2026-04-11 06:07:08,820 [INFO] Using cached ranking (4.8h old)
2026-04-11 06:07:08,822 [WARNING] HL API error: HTTPSConnectionPool(host='api.hyperliquid.xyz', port=443): Max retries exceeded with url: /info (Caused by NameResolutionError("HTTPSConnection(host='api.hyperliquid.xyz', port=443): Failed to resolve 'api.hyperliquid.xyz' ([Errno 11001] getaddrinfo failed)"))
2026-04-11 06:07:08,824 [WARNING] HL API error: HTTPSConnectionPool(host='api.hyperliquid.xyz', port=443): Max retries exceeded with url: /info (Caused by NameResolutionError("HTTPSConnection(host='api.hyperliquid.xyz', port=443): Failed to resolve 'api.hyperliquid.xyz' ([Errno 11001] getaddrinfo failed)"))
2026-04-11 06:07:08,826 [WARNING] HL API error: HTTPSConnectionPool(host='api.hyperliquid.xyz', port=443): Max retries exceeded with url: /info (Caused by NameResolutionError("HTTPSConnection(host='api.hyperliquid.xyz', port=443): Failed to resolve 'api.hyperliquid.xyz' ([Errno 11001] getaddrinfo failed)"))
2026-04-11 06:07:08,835 [INFO] Signal written: NONE, strength=0.00, valid=False
2026-04-11 06:22:08,843 [INFO] === Run Once ===
2026-04-11 06:22:08,844 [INFO] Using cached ranking (5.1h old)
2026-04-11 06:22:08,850 [WARNING] HL API error: HTTPSConnectionPool(host='api.hyperliquid.xyz', port=443): Max retries exceeded with url: /info (Caused by NameResolutionError("HTTPSConnection(host='api.hyperliquid.xyz', port=443): Failed to resolve 'api.hyperliquid.xyz' ([Errno 11001] getaddrinfo failed)"))
2026-04-11 06:22:08,851 [WARNING] HL API error: HTTPSConnectionPool(host='api.hyperliquid.xyz', port=443): Max retries exceeded with url: /info (Caused by NameResolutionError("HTTPSConnection(host='api.hyperliquid.xyz', port=443): Failed to resolve 'api.hyperliquid.xyz' ([Errno 11001] getaddrinfo failed)"))
2026-04-11 06:22:08,852 [WARNING] HL API error: HTTPSConnectionPool(host='api.hyperliquid.xyz', port=443): Max retries exceeded with url: /info (Caused by NameResolutionError("HTTPSConnection(host='api.hyperliquid.xyz', port=443): Failed to resolve 'api.hyperliquid.xyz' ([Errno 11001] getaddrinfo failed)"))
2026-04-11 06:22:08,864 [INFO] Signal written: NONE, strength=0.00, valid=False
2026-04-11 06:37:08,871 [INFO] === Run Once ===
2026-04-11 06:37:08,872 [INFO] Using cached ranking (5.3h old)
2026-04-11 06:37:08,876 [WARNING] HL API error: HTTPSConnectionPool(host='api.hyperliquid.xyz', port=443): Max retries exceeded with url: /info (Caused by NameResolutionError("HTTPSConnection(host='api.hyperliquid.xyz', port=443): Failed to resolve 'api.hyperliquid.xyz' ([Errno 11001] getaddrinfo failed)"))
2026-04-11 06:37:08,878 [WARNING] HL API error: HTTPSConnectionPool(host='api.hyperliquid.xyz', port=443): Max retries exceeded with url: /info (Caused by NameResolutionError("HTTPSConnection(host='api.hyperliquid.xyz', port=443): Failed to resolve 'api.hyperliquid.xyz' ([Errno 11001] getaddrinfo failed)"))
2026-04-11 06:37:08,880 [WARNING] HL API error: HTTPSConnectionPool(host='api.hyperliquid.xyz', port=443): Max retries exceeded with url: /info (Caused by NameResolutionError("HTTPSConnection(host='api.hyperliquid.xyz', port=443): Failed to resolve 'api.hyperliquid.xyz' ([Errno 11001] getaddrinfo failed)"))
2026-04-11 06:37:08,895 [INFO] Signal written: NONE, strength=0.00, valid=False
2026-04-11 06:52:08,895 [INFO] === Run Once ===
2026-04-11 06:52:08,895 [INFO] Using cached ranking (5.6h old)
2026-04-11 06:52:08,897 [WARNING] HL API error: HTTPSConnectionPool(host='api.hyperliquid.xyz', port=443): Max retries exceeded with url: /info (Caused by NameResolutionError("HTTPSConnection(host='api.hyperliquid.xyz', port=443): Failed to resolve 'api.hyperliquid.xyz' ([Errno 11001] getaddrinfo failed)"))
2026-04-11 06:52:08,898 [WARNING] HL API error: HTTPSConnectionPool(host='api.hyperliquid.xyz', port=443): Max retries exceeded with url: /info (Caused by NameResolutionError("HTTPSConnection(host='api.hyperliquid.xyz', port=443): Failed to resolve 'api.hyperliquid.xyz' ([Errno 11001] getaddrinfo failed)"))
2026-04-11 06:52:08,899 [WARNING] HL API error: HTTPSConnectionPool(host='api.hyperliquid.xyz', port=443): Max retries exceeded with url: /info (Caused by NameResolutionError("HTTPSConnection(host='api.hyperliquid.xyz', port=443): Failed to resolve 'api.hyperliquid.xyz' ([Errno 11001] getaddrinfo failed)"))
2026-04-11 06:52:08,905 [INFO] Signal written: NONE, strength=0.00, valid=False
2026-04-11 07:07:08,915 [INFO] === Run Once ===
2026-04-11 07:07:08,915 [INFO] Using cached ranking (5.8h old)
2026-04-11 07:07:08,917 [WARNING] HL API error: HTTPSConnectionPool(host='api.hyperliquid.xyz', port=443): Max retries exceeded with url: /info (Caused by NameResolutionError("HTTPSConnection(host='api.hyperliquid.xyz', port=443): Failed to resolve 'api.hyperliquid.xyz' ([Errno 11001] getaddrinfo failed)"))
2026-04-11 07:07:08,918 [WARNING] HL API error: HTTPSConnectionPool(host='api.hyperliquid.xyz', port=443): Max retries exceeded with url: /info (Caused by NameResolutionError("HTTPSConnection(host='api.hyperliquid.xyz', port=443): Failed to resolve 'api.hyperliquid.xyz' ([Errno 11001] getaddrinfo failed)"))
2026-04-11 07:07:08,919 [WARNING] HL API error: HTTPSConnectionPool(host='api.hyperliquid.xyz', port=443): Max retries exceeded with url: /info (Caused by NameResolutionError("HTTPSConnection(host='api.hyperliquid.xyz', port=443): Failed to resolve 'api.hyperliquid.xyz' ([Errno 11001] getaddrinfo failed)"))
2026-04-11 07:07:08,928 [INFO] Signal written: NONE, strength=0.00, valid=False
2026-04-11 07:22:08,937 [INFO] === Run Once ===
2026-04-11 07:22:08,938 [INFO] Using cached ranking (6.1h old)
2026-04-11 07:22:08,943 [WARNING] HL API error: HTTPSConnectionPool(host='api.hyperliquid.xyz', port=443): Max retries exceeded with url: /info (Caused by NameResolutionError("HTTPSConnection(host='api.hyperliquid.xyz', port=443): Failed to resolve 'api.hyperliquid.xyz' ([Errno 11001] getaddrinfo failed)"))
2026-04-11 07:22:08,945 [WARNING] HL API error: HTTPSConnectionPool(host='api.hyperliquid.xyz', port=443): Max retries exceeded with url: /info (Caused by NameResolutionError("HTTPSConnection(host='api.hyperliquid.xyz', port=443): Failed to resolve 'api.hyperliquid.xyz' ([Errno 11001] getaddrinfo failed)"))
2026-04-11 07:22:08,947 [WARNING] HL API error: HTTPSConnectionPool(host='api.hyperliquid.xyz', port=443): Max retries exceeded with url: /info (Caused by NameResolutionError("HTTPSConnection(host='api.hyperliquid.xyz', port=443): Failed to resolve 'api.hyperliquid.xyz' ([Errno 11001] getaddrinfo failed)"))
2026-04-11 07:22:08,957 [INFO] Signal written: NONE, strength=0.00, valid=False
2026-04-11 07:37:08,960 [INFO] === Run Once ===
2026-04-11 07:37:08,961 [INFO] Using cached ranking (6.3h old)
2026-04-11 07:37:08,965 [WARNING] HL API error: HTTPSConnectionPool(host='api.hyperliquid.xyz', port=443): Max retries exceeded with url: /info (Caused by NameResolutionError("HTTPSConnection(host='api.hyperliquid.xyz', port=443): Failed to resolve 'api.hyperliquid.xyz' ([Errno 11001] getaddrinfo failed)"))
2026-04-11 07:37:08,968 [WARNING] HL API error: HTTPSConnectionPool(host='api.hyperliquid.xyz', port=443): Max retries exceeded with url: /info (Caused by NameResolutionError("HTTPSConnection(host='api.hyperliquid.xyz', port=443): Failed to resolve 'api.hyperliquid.xyz' ([Errno 11001] getaddrinfo failed)"))
2026-04-11 07:37:08,970 [WARNING] HL API error: HTTPSConnectionPool(host='api.hyperliquid.xyz', port=443): Max retries exceeded with url: /info (Caused by NameResolutionError("HTTPSConnection(host='api.hyperliquid.xyz', port=443): Failed to resolve 'api.hyperliquid.xyz' ([Errno 11001] getaddrinfo failed)"))
2026-04-11 07:37:08,988 [INFO] Signal written: NONE, strength=0.00, valid=False
2026-04-11 07:52:08,998 [INFO] === Run Once ===
2026-04-11 07:52:08,998 [INFO] Using cached ranking (6.6h old)
2026-04-11 07:52:09,001 [WARNING] HL API error: HTTPSConnectionPool(host='api.hyperliquid.xyz', port=443): Max retries exceeded with url: /info (Caused by NameResolutionError("HTTPSConnection(host='api.hyperliquid.xyz', port=443): Failed to resolve 'api.hyperliquid.xyz' ([Errno 11001] getaddrinfo failed)"))
2026-04-11 07:52:09,003 [WARNING] HL API error: HTTPSConnectionPool(host='api.hyperliquid.xyz', port=443): Max retries exceeded with url: /info (Caused by NameResolutionError("HTTPSConnection(host='api.hyperliquid.xyz', port=443): Failed to resolve 'api.hyperliquid.xyz' ([Errno 11001] getaddrinfo failed)"))
2026-04-11 07:52:09,004 [WARNING] HL API error: HTTPSConnectionPool(host='api.hyperliquid.xyz', port=443): Max retries exceeded with url: /info (Caused by NameResolutionError("HTTPSConnection(host='api.hyperliquid.xyz', port=443): Failed to resolve 'api.hyperliquid.xyz' ([Errno 11001] getaddrinfo failed)"))
2026-04-11 07:52:09,028 [INFO] Signal written: NONE, strength=0.00, valid=False
2026-04-11 08:07:09,041 [INFO] === Run Once ===
2026-04-11 08:07:09,042 [INFO] Using cached ranking (6.8h old)
2026-04-11 08:07:09,046 [WARNING] HL API error: HTTPSConnectionPool(host='api.hyperliquid.xyz', port=443): Max retries exceeded with url: /info (Caused by NameResolutionError("HTTPSConnection(host='api.hyperliquid.xyz', port=443): Failed to resolve 'api.hyperliquid.xyz' ([Errno 11001] getaddrinfo failed)"))
2026-04-11 08:07:09,049 [WARNING] HL API error: HTTPSConnectionPool(host='api.hyperliquid.xyz', port=443): Max retries exceeded with url: /info (Caused by NameResolutionError("HTTPSConnection(host='api.hyperliquid.xyz', port=443): Failed to resolve 'api.hyperliquid.xyz' ([Errno 11001] getaddrinfo failed)"))
2026-04-11 08:07:09,050 [WARNING] HL API error: HTTPSConnectionPool(host='api.hyperliquid.xyz', port=443): Max retries exceeded with url: /info (Caused by NameResolutionError("HTTPSConnection(host='api.hyperliquid.xyz', port=443): Failed to resolve 'api.hyperliquid.xyz' ([Errno 11001] getaddrinfo failed)"))
2026-04-11 08:07:09,062 [INFO] Signal written: NONE, strength=0.00, valid=False
2026-04-11 08:22:09,074 [INFO] === Run Once ===
2026-04-11 08:22:09,075 [INFO] Using cached ranking (7.1h old)
2026-04-11 08:22:09,081 [WARNING] HL API error: HTTPSConnectionPool(host='api.hyperliquid.xyz', port=443): Max retries exceeded with url: /info (Caused by NameResolutionError("HTTPSConnection(host='api.hyperliquid.xyz', port=443): Failed to resolve 'api.hyperliquid.xyz' ([Errno 11001] getaddrinfo failed)"))
2026-04-11 08:22:09,082 [WARNING] HL API error: HTTPSConnectionPool(host='api.hyperliquid.xyz', port=443): Max retries exceeded with url: /info (Caused by NameResolutionError("HTTPSConnection(host='api.hyperliquid.xyz', port=443): Failed to resolve 'api.hyperliquid.xyz' ([Errno 11001] getaddrinfo failed)"))
2026-04-11 08:22:09,085 [WARNING] HL API error: HTTPSConnectionPool(host='api.hyperliquid.xyz', port=443): Max retries exceeded with url: /info (Caused by NameResolutionError("HTTPSConnection(host='api.hyperliquid.xyz', port=443): Failed to resolve 'api.hyperliquid.xyz' ([Errno 11001] getaddrinfo failed)"))
2026-04-11 08:22:09,102 [INFO] Signal written: NONE, strength=0.00, valid=False
2026-04-11 08:37:09,103 [INFO] === Run Once ===
2026-04-11 08:37:09,104 [INFO] Using cached ranking (7.3h old)
2026-04-11 08:37:09,108 [WARNING] HL API error: HTTPSConnectionPool(host='api.hyperliquid.xyz', port=443): Max retries exceeded with url: /info (Caused by NameResolutionError("HTTPSConnection(host='api.hyperliquid.xyz', port=443): Failed to resolve 'api.hyperliquid.xyz' ([Errno 11001] getaddrinfo failed)"))
2026-04-11 08:37:09,110 [WARNING] HL API error: HTTPSConnectionPool(host='api.hyperliquid.xyz', port=443): Max retries exceeded with url: /info (Caused by NameResolutionError("HTTPSConnection(host='api.hyperliquid.xyz', port=443): Failed to resolve 'api.hyperliquid.xyz' ([Errno 11001] getaddrinfo failed)"))
2026-04-11 08:37:09,112 [WARNING] HL API error: HTTPSConnectionPool(host='api.hyperliquid.xyz', port=443): Max retries exceeded with url: /info (Caused by NameResolutionError("HTTPSConnection(host='api.hyperliquid.xyz', port=443): Failed to resolve 'api.hyperliquid.xyz' ([Errno 11001] getaddrinfo failed)"))
2026-04-11 08:37:09,120 [INFO] Signal written: NONE, strength=0.00, valid=False
2026-04-11 08:52:09,124 [INFO] === Run Once ===
2026-04-11 08:52:09,125 [INFO] Using cached ranking (7.6h old)
2026-04-11 08:52:09,128 [WARNING] HL API error: HTTPSConnectionPool(host='api.hyperliquid.xyz', port=443): Max retries exceeded with url: /info (Caused by NameResolutionError("HTTPSConnection(host='api.hyperliquid.xyz', port=443): Failed to resolve 'api.hyperliquid.xyz' ([Errno 11001] getaddrinfo failed)"))
2026-04-11 08:52:09,131 [WARNING] HL API error: HTTPSConnectionPool(host='api.hyperliquid.xyz', port=443): Max retries exceeded with url: /info (Caused by NameResolutionError("HTTPSConnection(host='api.hyperliquid.xyz', port=443): Failed to resolve 'api.hyperliquid.xyz' ([Errno 11001] getaddrinfo failed)"))
2026-04-11 08:52:09,132 [WARNING] HL API error: HTTPSConnectionPool(host='api.hyperliquid.xyz', port=443): Max retries exceeded with url: /info (Caused by NameResolutionError("HTTPSConnection(host='api.hyperliquid.xyz', port=443): Failed to resolve 'api.hyperliquid.xyz' ([Errno 11001] getaddrinfo failed)"))
2026-04-11 08:52:09,139 [INFO] Signal written: NONE, strength=0.00, valid=False
2026-04-11 09:07:09,148 [INFO] === Run Once ===
2026-04-11 09:07:09,149 [INFO] Using cached ranking (7.8h old)
2026-04-11 09:07:09,153 [WARNING] HL API error: HTTPSConnectionPool(host='api.hyperliquid.xyz', port=443): Max retries exceeded with url: /info (Caused by NameResolutionError("HTTPSConnection(host='api.hyperliquid.xyz', port=443): Failed to resolve 'api.hyperliquid.xyz' ([Errno 11001] getaddrinfo failed)"))
2026-04-11 09:07:09,156 [WARNING] HL API error: HTTPSConnectionPool(host='api.hyperliquid.xyz', port=443): Max retries exceeded with url: /info (Caused by NameResolutionError("HTTPSConnection(host='api.hyperliquid.xyz', port=443): Failed to resolve 'api.hyperliquid.xyz' ([Errno 11001] getaddrinfo failed)"))
2026-04-11 09:07:09,158 [WARNING] HL API error: HTTPSConnectionPool(host='api.hyperliquid.xyz', port=443): Max retries exceeded with url: /info (Caused by NameResolutionError("HTTPSConnection(host='api.hyperliquid.xyz', port=443): Failed to resolve 'api.hyperliquid.xyz' ([Errno 11001] getaddrinfo failed)"))
2026-04-11 09:07:09,179 [INFO] Signal written: NONE, strength=0.00, valid=False
2026-04-11 09:22:09,189 [INFO] === Run Once ===
2026-04-11 09:22:09,190 [INFO] Using cached ranking (8.1h old)
2026-04-11 09:22:09,194 [WARNING] HL API error: HTTPSConnectionPool(host='api.hyperliquid.xyz', port=443): Max retries exceeded with url: /info (Caused by NameResolutionError("HTTPSConnection(host='api.hyperliquid.xyz', port=443): Failed to resolve 'api.hyperliquid.xyz' ([Errno 11001] getaddrinfo failed)"))
2026-04-11 09:22:09,196 [WARNING] HL API error: HTTPSConnectionPool(host='api.hyperliquid.xyz', port=443): Max retries exceeded with url: /info (Caused by NameResolutionError("HTTPSConnection(host='api.hyperliquid.xyz', port=443): Failed to resolve 'api.hyperliquid.xyz' ([Errno 11001] getaddrinfo failed)"))
2026-04-11 09:22:09,198 [WARNING] HL API error: HTTPSConnectionPool(host='api.hyperliquid.xyz', port=443): Max retries exceeded with url: /info (Caused by NameResolutionError("HTTPSConnection(host='api.hyperliquid.xyz', port=443): Failed to resolve 'api.hyperliquid.xyz' ([Errno 11001] getaddrinfo failed)"))
2026-04-11 09:22:09,215 [INFO] Signal written: NONE, strength=0.00, valid=False
2026-04-11 09:37:09,217 [INFO] === Run Once ===
2026-04-11 09:37:09,217 [INFO] Using cached ranking (8.3h old)
2026-04-11 09:37:09,219 [WARNING] HL API error: HTTPSConnectionPool(host='api.hyperliquid.xyz', port=443): Max retries exceeded with url: /info (Caused by NameResolutionError("HTTPSConnection(host='api.hyperliquid.xyz', port=443): Failed to resolve 'api.hyperliquid.xyz' ([Errno 11001] getaddrinfo failed)"))
2026-04-11 09:37:09,222 [WARNING] HL API error: HTTPSConnectionPool(host='api.hyperliquid.xyz', port=443): Max retries exceeded with url: /info (Caused by NameResolutionError("HTTPSConnection(host='api.hyperliquid.xyz', port=443): Failed to resolve 'api.hyperliquid.xyz' ([Errno 11001] getaddrinfo failed)"))
2026-04-11 09:37:09,224 [WARNING] HL API error: HTTPSConnectionPool(host='api.hyperliquid.xyz', port=443): Max retries exceeded with url: /info (Caused by NameResolutionError("HTTPSConnection(host='api.hyperliquid.xyz', port=443): Failed to resolve 'api.hyperliquid.xyz' ([Errno 11001] getaddrinfo failed)"))
2026-04-11 09:37:09,243 [INFO] Signal written: NONE, strength=0.00, valid=False
2026-04-11 09:52:09,245 [INFO] === Run Once ===
2026-04-11 09:52:09,246 [INFO] Using cached ranking (8.6h old)
2026-04-11 09:52:09,250 [WARNING] HL API error: HTTPSConnectionPool(host='api.hyperliquid.xyz', port=443): Max retries exceeded with url: /info (Caused by NameResolutionError("HTTPSConnection(host='api.hyperliquid.xyz', port=443): Failed to resolve 'api.hyperliquid.xyz' ([Errno 11001] getaddrinfo failed)"))
2026-04-11 09:52:09,252 [WARNING] HL API error: HTTPSConnectionPool(host='api.hyperliquid.xyz', port=443): Max retries exceeded with url: /info (Caused by NameResolutionError("HTTPSConnection(host='api.hyperliquid.xyz', port=443): Failed to resolve 'api.hyperliquid.xyz' ([Errno 11001] getaddrinfo failed)"))
2026-04-11 09:52:09,254 [WARNING] HL API error: HTTPSConnectionPool(host='api.hyperliquid.xyz', port=443): Max retries exceeded with url: /info (Caused by NameResolutionError("HTTPSConnection(host='api.hyperliquid.xyz', port=443): Failed to resolve 'api.hyperliquid.xyz' ([Errno 11001] getaddrinfo failed)"))
2026-04-11 09:52:09,273 [INFO] Signal written: NONE, strength=0.00, valid=False
2026-04-11 10:07:09,275 [INFO] === Run Once ===
2026-04-11 10:07:09,276 [INFO] Using cached ranking (8.8h old)
2026-04-11 10:07:09,280 [WARNING] HL API error: HTTPSConnectionPool(host='api.hyperliquid.xyz', port=443): Max retries exceeded with url: /info (Caused by NameResolutionError("HTTPSConnection(host='api.hyperliquid.xyz', port=443): Failed to resolve 'api.hyperliquid.xyz' ([Errno 11001] getaddrinfo failed)"))
2026-04-11 10:07:09,282 [WARNING] HL API error: HTTPSConnectionPool(host='api.hyperliquid.xyz', port=443): Max retries exceeded with url: /info (Caused by NameResolutionError("HTTPSConnection(host='api.hyperliquid.xyz', port=443): Failed to resolve 'api.hyperliquid.xyz' ([Errno 11001] getaddrinfo failed)"))
2026-04-11 10:07:09,284 [WARNING] HL API error: HTTPSConnectionPool(host='api.hyperliquid.xyz', port=443): Max retries exceeded with url: /info (Caused by NameResolutionError("HTTPSConnection(host='api.hyperliquid.xyz', port=443): Failed to resolve 'api.hyperliquid.xyz' ([Errno 11001] getaddrinfo failed)"))
2026-04-11 10:07:09,304 [INFO] Signal written: NONE, strength=0.00, valid=False
2026-04-11 10:22:09,310 [INFO] === Run Once ===
2026-04-11 10:22:09,312 [INFO] Using cached ranking (9.1h old)
2026-04-11 10:22:09,316 [WARNING] HL API error: HTTPSConnectionPool(host='api.hyperliquid.xyz', port=443): Max retries exceeded with url: /info (Caused by NameResolutionError("HTTPSConnection(host='api.hyperliquid.xyz', port=443): Failed to resolve 'api.hyperliquid.xyz' ([Errno 11001] getaddrinfo failed)"))
2026-04-11 10:22:09,318 [WARNING] HL API error: HTTPSConnectionPool(host='api.hyperliquid.xyz', port=443): Max retries exceeded with url: /info (Caused by NameResolutionError("HTTPSConnection(host='api.hyperliquid.xyz', port=443): Failed to resolve 'api.hyperliquid.xyz' ([Errno 11001] getaddrinfo failed)"))
2026-04-11 10:22:09,320 [WARNING] HL API error: HTTPSConnectionPool(host='api.hyperliquid.xyz', port=443): Max retries exceeded with url: /info (Caused by NameResolutionError("HTTPSConnection(host='api.hyperliquid.xyz', port=443): Failed to resolve 'api.hyperliquid.xyz' ([Errno 11001] getaddrinfo failed)"))
2026-04-11 10:22:09,339 [INFO] Signal written: NONE, strength=0.00, valid=False
2026-04-11 10:37:09,344 [INFO] === Run Once ===
2026-04-11 10:37:09,345 [INFO] Using cached ranking (9.3h old)
2026-04-11 10:37:09,348 [WARNING] HL API error: HTTPSConnectionPool(host='api.hyperliquid.xyz', port=443): Max retries exceeded with url: /info (Caused by NameResolutionError("HTTPSConnection(host='api.hyperliquid.xyz', port=443): Failed to resolve 'api.hyperliquid.xyz' ([Errno 11001] getaddrinfo failed)"))
2026-04-11 10:37:09,350 [WARNING] HL API error: HTTPSConnectionPool(host='api.hyperliquid.xyz', port=443): Max retries exceeded with url: /info (Caused by NameResolutionError("HTTPSConnection(host='api.hyperliquid.xyz', port=443): Failed to resolve 'api.hyperliquid.xyz' ([Errno 11001] getaddrinfo failed)"))
2026-04-11 10:37:09,352 [WARNING] HL API error: HTTPSConnectionPool(host='api.hyperliquid.xyz', port=443): Max retries exceeded with url: /info (Caused by NameResolutionError("HTTPSConnection(host='api.hyperliquid.xyz', port=443): Failed to resolve 'api.hyperliquid.xyz' ([Errno 11001] getaddrinfo failed)"))
2026-04-11 10:37:09,371 [INFO] Signal written: NONE, strength=0.00, valid=False
2026-04-11 22:30:05,445 [INFO] === Run Once ===
2026-04-11 22:30:05,445 [INFO] Using cached ranking (21.2h old)
2026-04-11 22:30:05,817 [INFO] Signal written: NONE, strength=0.00, valid=False
2026-04-11 22:45:05,820 [INFO] === Run Once ===
2026-04-11 22:45:05,835 [INFO] Using cached ranking (21.5h old)
2026-04-11 22:45:06,247 [INFO] Signal written: NONE, strength=0.00, valid=False
2026-04-11 23:00:06,257 [INFO] === Run Once ===
2026-04-11 23:00:06,259 [INFO] Using cached ranking (21.7h old)
2026-04-11 23:00:07,002 [INFO] Signal written: NONE, strength=0.00, valid=False
2026-04-11 23:15:07,002 [INFO] === Run Once ===
2026-04-11 23:15:07,003 [INFO] Using cached ranking (22.0h old)
2026-04-11 23:15:07,508 [INFO] Signal written: NONE, strength=0.00, valid=False
2026-04-11 23:30:07,508 [INFO] === Run Once ===
2026-04-11 23:30:07,509 [INFO] Using cached ranking (22.2h old)
2026-04-11 23:30:07,898 [INFO] Signal written: NONE, strength=0.00, valid=False
2026-04-11 23:45:07,903 [INFO] === Run Once ===
2026-04-11 23:45:07,904 [INFO] Using cached ranking (22.5h old)
2026-04-11 23:45:08,291 [INFO] Signal written: NONE, strength=0.00, valid=False
2026-04-12 00:00:08,306 [INFO] === Run Once ===
2026-04-12 00:00:08,306 [INFO] Using cached ranking (22.7h old)
2026-04-12 00:00:08,710 [INFO] Signal written: NONE, strength=0.00, valid=False
2026-04-12 00:15:08,724 [INFO] === Run Once ===
2026-04-12 00:15:08,725 [INFO] Using cached ranking (23.0h old)
2026-04-12 00:15:09,362 [INFO] Signal written: NONE, strength=0.00, valid=False
2026-04-12 00:30:09,367 [INFO] === Run Once ===
2026-04-12 00:30:09,368 [INFO] Using cached ranking (23.2h old)
2026-04-12 00:30:09,736 [INFO] Signal written: NONE, strength=0.00, valid=False
2026-04-12 00:45:09,743 [INFO] === Run Once ===
2026-04-12 00:45:09,744 [INFO] Using cached ranking (23.5h old)
2026-04-12 00:45:10,190 [INFO] Signal written: NONE, strength=0.00, valid=False
2026-04-12 01:00:10,200 [INFO] === Run Once ===
2026-04-12 01:00:10,200 [INFO] Using cached ranking (23.7h old)
2026-04-12 01:00:10,562 [INFO] Signal written: NONE, strength=0.00, valid=False
2026-04-12 01:15:10,576 [INFO] === Run Once ===
2026-04-12 01:15:10,578 [INFO] Using cached ranking (24.0h old)
2026-04-12 01:15:10,904 [INFO] Signal written: NONE, strength=0.00, valid=False
2026-04-12 01:30:10,912 [INFO] === Run Once ===
2026-04-12 01:30:10,912 [INFO] Using cached ranking (24.2h old)
2026-04-12 01:30:11,281 [INFO] Signal written: NONE, strength=0.00, valid=False
2026-04-12 01:45:11,287 [INFO] === Run Once ===
2026-04-12 01:45:11,289 [INFO] Using cached ranking (24.5h old)
2026-04-12 01:45:11,773 [INFO] Signal written: NONE, strength=0.00, valid=False
2026-04-12 02:00:11,777 [INFO] === Run Once ===
2026-04-12 02:00:11,778 [INFO] Using cached ranking (24.7h old)
2026-04-12 02:00:13,256 [INFO] Signal written: NONE, strength=0.00, valid=False
2026-04-12 02:15:13,258 [INFO] === Run Once ===
2026-04-12 02:15:13,258 [INFO] Using cached ranking (25.0h old)
2026-04-12 02:15:13,942 [INFO] Signal written: NONE, strength=0.00, valid=False
2026-04-12 02:30:13,958 [INFO] === Run Once ===
2026-04-12 02:30:13,958 [INFO] Using cached ranking (25.2h old)
2026-04-12 02:30:14,284 [INFO] Signal written: NONE, strength=0.00, valid=False
2026-04-12 02:45:14,287 [INFO] === Run Once ===
2026-04-12 02:45:14,288 [INFO] Using cached ranking (25.5h old)
2026-04-12 02:45:14,648 [INFO] Signal written: NONE, strength=0.00, valid=False
2026-04-12 03:00:14,662 [INFO] === Run Once ===
2026-04-12 03:00:14,663 [INFO] Using cached ranking (25.7h old)
2026-04-12 03:00:15,319 [INFO] Signal written: NONE, strength=0.00, valid=False
2026-04-12 03:15:15,321 [INFO] === Run Once ===
2026-04-12 03:15:15,321 [INFO] Using cached ranking (26.0h old)
2026-04-12 03:15:15,690 [INFO] Signal written: NONE, strength=0.00, valid=False
2026-04-12 03:30:15,694 [INFO] === Run Once ===
2026-04-12 03:30:15,695 [INFO] Using cached ranking (26.2h old)
2026-04-12 03:30:16,081 [INFO] Signal written: NONE, strength=0.00, valid=False
