2026-04-20 08:46:07,960 [INFO] Loaded config: 3 wallets
2026-04-20 08:46:07,962 [INFO] Starting loop with interval 900s
2026-04-20 08:46:07,962 [INFO] === Run Once ===
2026-04-20 08:46:07,962 [INFO] Using cached ranking (9.3h old)
2026-04-20 08:46:08,167 [INFO] Signal written: LONG, strength=0.00, valid=True
2026-04-20 09:01:08,171 [INFO] === Run Once ===
2026-04-20 09:01:08,171 [INFO] Using cached ranking (9.5h old)
2026-04-20 09:01:08,391 [INFO] Signal written: LONG, strength=0.00, valid=True
2026-04-20 09:16:08,406 [INFO] === Run Once ===
2026-04-20 09:16:08,406 [INFO] Using cached ranking (9.8h old)
2026-04-20 09:16:08,674 [INFO] Signal written: LONG, strength=0.00, valid=True
2026-04-20 09:31:08,676 [INFO] === Run Once ===
2026-04-20 09:31:08,676 [INFO] Using cached ranking (10.0h old)
2026-04-20 09:31:08,858 [INFO] Signal written: LONG, strength=0.00, valid=True
2026-04-20 09:46:08,870 [INFO] === Run Once ===
2026-04-20 09:46:08,870 [INFO] Using cached ranking (10.3h old)
2026-04-20 09:46:09,080 [INFO] Signal written: LONG, strength=0.00, valid=True
2026-04-20 10:01:09,093 [INFO] === Run Once ===
2026-04-20 10:01:09,093 [INFO] Using cached ranking (10.5h old)
2026-04-20 10:01:09,291 [INFO] Signal written: LONG, strength=0.00, valid=True
2026-04-20 10:16:09,292 [INFO] === Run Once ===
2026-04-20 10:16:09,292 [INFO] Using cached ranking (10.8h old)
2026-04-20 10:16:09,550 [INFO] Signal written: LONG, strength=0.00, valid=True
2026-04-20 10:31:09,557 [INFO] === Run Once ===
2026-04-20 10:31:09,557 [INFO] Using cached ranking (11.0h old)
2026-04-20 10:31:09,838 [INFO] Signal written: LONG, strength=0.00, valid=True
2026-04-20 10:46:09,851 [INFO] === Run Once ===
2026-04-20 10:46:09,851 [INFO] Using cached ranking (11.3h old)
2026-04-20 10:46:10,089 [INFO] Signal written: LONG, strength=0.00, valid=True
2026-04-20 11:01:10,099 [INFO] === Run Once ===
2026-04-20 11:01:10,099 [INFO] Using cached ranking (11.5h old)
2026-04-20 11:01:10,293 [INFO] Signal written: LONG, strength=0.00, valid=True
2026-04-20 11:16:10,308 [INFO] === Run Once ===
2026-04-20 11:16:10,308 [INFO] Using cached ranking (11.8h old)
2026-04-20 11:16:10,521 [INFO] Signal written: LONG, strength=0.00, valid=True
2026-04-20 19:44:57,554 [INFO] === Run Once ===
2026-04-20 19:44:57,699 [DEBUG] Whale_1: AUM $0 outside range [$$100,000 - $100,000,000]
2026-04-20 19:44:58,089 [DEBUG] Whale_2: Using default metrics (2000 fills, trade count estimated)
2026-04-20 19:44:58,089 [INFO] Whale_2: sortino=0.00, wr=50.0%, trades=1000, ev=0.0000
2026-04-20 19:44:58,436 [DEBUG] Whale_3: Using default metrics (2000 fills, trade count estimated)
2026-04-20 19:44:58,436 [INFO] Whale_3: sortino=0.00, wr=50.0%, trades=1000, ev=0.0000
2026-04-20 19:44:58,642 [INFO] Signal written: LONG, strength=0.00, valid=True
2026-04-20 19:59:58,602 [INFO] === Run Once ===
2026-04-20 19:59:58,604 [INFO] Using cached ranking (0.3h old)
2026-04-20 19:59:58,900 [INFO] Signal written: LONG, strength=0.00, valid=True
2026-04-20 20:14:58,709 [INFO] === Run Once ===
2026-04-20 20:14:58,709 [INFO] Using cached ranking (0.5h old)
2026-04-20 20:14:58,929 [INFO] Signal written: LONG, strength=0.00, valid=True
2026-04-20 20:29:58,787 [INFO] === Run Once ===
2026-04-20 20:29:58,788 [INFO] Using cached ranking (0.8h old)
2026-04-20 20:29:59,012 [INFO] Signal written: LONG, strength=0.00, valid=True
2026-04-20 20:44:58,904 [INFO] === Run Once ===
2026-04-20 20:44:58,928 [INFO] Using cached ranking (1.0h old)
2026-04-20 20:44:59,271 [INFO] Signal written: LONG, strength=0.00, valid=True
2026-04-20 20:59:59,199 [INFO] === Run Once ===
2026-04-20 20:59:59,201 [INFO] Using cached ranking (1.3h old)
2026-04-20 20:59:59,559 [INFO] Signal written: LONG, strength=0.00, valid=True
2026-04-20 21:14:59,503 [INFO] === Run Once ===
2026-04-20 21:14:59,504 [INFO] Using cached ranking (1.5h old)
2026-04-20 21:14:59,750 [INFO] Signal written: LONG, strength=0.00, valid=True
2026-04-20 21:29:59,714 [INFO] === Run Once ===
2026-04-20 21:29:59,716 [INFO] Using cached ranking (1.8h old)
2026-04-20 21:29:59,945 [INFO] Signal written: LONG, strength=0.00, valid=True
2026-04-20 21:44:59,922 [INFO] === Run Once ===
2026-04-20 21:44:59,927 [INFO] Using cached ranking (2.0h old)
2026-04-20 21:45:00,430 [INFO] Signal written: LONG, strength=0.00, valid=True
2026-04-20 22:00:00,415 [INFO] === Run Once ===
2026-04-20 22:00:00,415 [INFO] Using cached ranking (2.3h old)
2026-04-20 22:00:00,905 [INFO] Signal written: LONG, strength=0.00, valid=True
2026-04-20 22:15:00,894 [INFO] === Run Once ===
2026-04-20 22:15:00,894 [INFO] Using cached ranking (2.5h old)
2026-04-20 22:15:01,115 [INFO] Signal written: LONG, strength=0.00, valid=True
2026-04-20 22:30:01,106 [INFO] === Run Once ===
2026-04-20 22:30:01,106 [INFO] Using cached ranking (2.8h old)
2026-04-20 22:30:01,652 [INFO] Signal written: LONG, strength=0.00, valid=True
2026-04-20 22:45:01,651 [INFO] === Run Once ===
2026-04-20 22:45:01,651 [INFO] Using cached ranking (3.0h old)
2026-04-20 22:45:02,102 [INFO] Signal written: LONG, strength=0.00, valid=True
2026-04-20 23:00:02,100 [INFO] === Run Once ===
2026-04-20 23:00:02,102 [INFO] Using cached ranking (3.3h old)
2026-04-20 23:00:02,312 [INFO] Signal written: LONG, strength=0.00, valid=True
2026-04-20 23:15:02,318 [INFO] === Run Once ===
2026-04-20 23:15:02,320 [INFO] Using cached ranking (3.5h old)
2026-04-20 23:15:02,545 [INFO] Signal written: LONG, strength=0.00, valid=True
2026-04-20 23:30:02,544 [INFO] === Run Once ===
2026-04-20 23:30:02,544 [INFO] Using cached ranking (3.8h old)
2026-04-20 23:30:02,741 [INFO] Signal written: LONG, strength=0.00, valid=True
2026-04-20 23:45:02,748 [INFO] === Run Once ===
2026-04-20 23:45:02,748 [INFO] Using cached ranking (4.0h old)
2026-04-20 23:45:03,012 [INFO] Signal written: LONG, strength=0.00, valid=True
2026-04-21 00:00:03,021 [INFO] === Run Once ===
2026-04-21 00:00:03,021 [INFO] Using cached ranking (4.3h old)
2026-04-21 00:00:03,246 [INFO] Signal written: LONG, strength=0.00, valid=True
2026-04-21 00:15:03,252 [INFO] === Run Once ===
2026-04-21 00:15:03,253 [INFO] Using cached ranking (4.5h old)
2026-04-21 00:15:03,559 [INFO] Signal written: LONG, strength=0.00, valid=True
2026-04-21 00:30:03,568 [INFO] === Run Once ===
2026-04-21 00:30:03,569 [INFO] Using cached ranking (4.8h old)
2026-04-21 00:30:03,790 [INFO] Signal written: LONG, strength=0.00, valid=True
2026-04-21 00:45:03,799 [INFO] === Run Once ===
2026-04-21 00:45:03,800 [INFO] Using cached ranking (5.0h old)
2026-04-21 00:45:04,067 [INFO] Signal written: LONG, strength=0.00, valid=True
2026-04-21 01:00:04,078 [INFO] === Run Once ===
2026-04-21 01:00:04,078 [INFO] Using cached ranking (5.3h old)
2026-04-21 01:00:04,364 [INFO] Signal written: LONG, strength=0.00, valid=True
2026-04-21 08:11:57,983 [INFO] === Run Once ===
2026-04-21 08:11:57,992 [WARNING] HL API error: HTTPSConnectionPool(host='api.hyperliquid.xyz', port=443): Max retries exceeded with url: /info (Caused by NameResolutionError("HTTPSConnection(host='api.hyperliquid.xyz', port=443): Failed to resolve 'api.hyperliquid.xyz' ([Errno 11001] getaddrinfo failed)"))
2026-04-21 08:11:57,994 [WARNING] HL API error: HTTPSConnectionPool(host='api.hyperliquid.xyz', port=443): Max retries exceeded with url: /info (Caused by NameResolutionError("HTTPSConnection(host='api.hyperliquid.xyz', port=443): Failed to resolve 'api.hyperliquid.xyz' ([Errno 11001] getaddrinfo failed)"))
2026-04-21 08:11:57,995 [DEBUG] Whale_1: Using default metrics (0 fills, trade count estimated)
2026-04-21 08:11:57,995 [INFO] Whale_1: sortino=0.00, wr=50.0%, trades=0, ev=0.0000
2026-04-21 08:11:57,996 [WARNING] HL API error: HTTPSConnectionPool(host='api.hyperliquid.xyz', port=443): Max retries exceeded with url: /info (Caused by NameResolutionError("HTTPSConnection(host='api.hyperliquid.xyz', port=443): Failed to resolve 'api.hyperliquid.xyz' ([Errno 11001] getaddrinfo failed)"))
2026-04-21 08:11:57,997 [WARNING] HL API error: HTTPSConnectionPool(host='api.hyperliquid.xyz', port=443): Max retries exceeded with url: /info (Caused by NameResolutionError("HTTPSConnection(host='api.hyperliquid.xyz', port=443): Failed to resolve 'api.hyperliquid.xyz' ([Errno 11001] getaddrinfo failed)"))
2026-04-21 08:11:57,997 [DEBUG] Whale_2: Using default metrics (0 fills, trade count estimated)
2026-04-21 08:11:57,997 [INFO] Whale_2: sortino=0.00, wr=50.0%, trades=0, ev=0.0000
2026-04-21 08:11:57,998 [WARNING] HL API error: HTTPSConnectionPool(host='api.hyperliquid.xyz', port=443): Max retries exceeded with url: /info (Caused by NameResolutionError("HTTPSConnection(host='api.hyperliquid.xyz', port=443): Failed to resolve 'api.hyperliquid.xyz' ([Errno 11001] getaddrinfo failed)"))
2026-04-21 08:11:57,999 [WARNING] HL API error: HTTPSConnectionPool(host='api.hyperliquid.xyz', port=443): Max retries exceeded with url: /info (Caused by NameResolutionError("HTTPSConnection(host='api.hyperliquid.xyz', port=443): Failed to resolve 'api.hyperliquid.xyz' ([Errno 11001] getaddrinfo failed)"))
2026-04-21 08:11:57,999 [DEBUG] Whale_3: Using default metrics (0 fills, trade count estimated)
2026-04-21 08:11:57,999 [INFO] Whale_3: sortino=0.00, wr=50.0%, trades=0, ev=0.0000
2026-04-21 08:11:58,000 [WARNING] HL API error: HTTPSConnectionPool(host='api.hyperliquid.xyz', port=443): Max retries exceeded with url: /info (Caused by NameResolutionError("HTTPSConnection(host='api.hyperliquid.xyz', port=443): Failed to resolve 'api.hyperliquid.xyz' ([Errno 11001] getaddrinfo failed)"))
2026-04-21 08:11:58,001 [WARNING] HL API error: HTTPSConnectionPool(host='api.hyperliquid.xyz', port=443): Max retries exceeded with url: /info (Caused by NameResolutionError("HTTPSConnection(host='api.hyperliquid.xyz', port=443): Failed to resolve 'api.hyperliquid.xyz' ([Errno 11001] getaddrinfo failed)"))
2026-04-21 08:11:58,001 [WARNING] HL API error: HTTPSConnectionPool(host='api.hyperliquid.xyz', port=443): Max retries exceeded with url: /info (Caused by NameResolutionError("HTTPSConnection(host='api.hyperliquid.xyz', port=443): Failed to resolve 'api.hyperliquid.xyz' ([Errno 11001] getaddrinfo failed)"))
2026-04-21 08:11:58,006 [INFO] Signal written: NONE, strength=0.00, valid=False
2026-04-21 08:26:58,011 [INFO] === Run Once ===
2026-04-21 08:26:58,011 [INFO] Using cached ranking (0.3h old)
2026-04-21 08:26:58,312 [INFO] Signal written: NONE, strength=0.00, valid=False
2026-04-21 08:41:58,319 [INFO] === Run Once ===
2026-04-21 08:41:58,325 [INFO] Using cached ranking (0.5h old)
2026-04-21 08:41:58,644 [INFO] Signal written: NONE, strength=0.00, valid=False
2026-04-21 08:56:58,533 [INFO] === Run Once ===
2026-04-21 08:56:58,533 [INFO] Using cached ranking (0.8h old)
2026-04-21 08:56:58,809 [INFO] Signal written: NONE, strength=0.00, valid=False
2026-04-21 09:11:58,722 [INFO] === Run Once ===
2026-04-21 09:11:58,722 [INFO] Using cached ranking (1.0h old)
2026-04-21 09:11:58,988 [INFO] Signal written: NONE, strength=0.00, valid=False
2026-04-21 09:26:58,915 [INFO] === Run Once ===
2026-04-21 09:26:58,915 [INFO] Using cached ranking (1.3h old)
2026-04-21 09:26:59,203 [INFO] Signal written: NONE, strength=0.00, valid=False
2026-04-22 00:09:40,418 [INFO] === Run Once ===
2026-04-22 00:09:40,520 [DEBUG] Whale_1: AUM $0 outside range [$$100,000 - $100,000,000]
2026-04-22 00:09:40,810 [DEBUG] Whale_2: Using default metrics (2000 fills, trade count estimated)
2026-04-22 00:09:40,811 [INFO] Whale_2: sortino=0.00, wr=50.0%, trades=1000, ev=0.0000
2026-04-22 00:09:41,105 [DEBUG] Whale_3: Using default metrics (2000 fills, trade count estimated)
2026-04-22 00:09:41,105 [INFO] Whale_3: sortino=0.00, wr=50.0%, trades=1000, ev=0.0000
2026-04-22 00:09:41,307 [INFO] Signal written: LONG, strength=0.00, valid=True
2026-04-22 00:24:41,321 [INFO] === Run Once ===
2026-04-22 00:24:41,326 [INFO] Using cached ranking (0.3h old)
2026-04-22 00:24:41,515 [INFO] Signal written: LONG, strength=0.00, valid=True
2026-04-22 00:39:41,526 [INFO] === Run Once ===
2026-04-22 00:39:41,526 [INFO] Using cached ranking (0.5h old)
2026-04-22 00:39:41,768 [INFO] Signal written: LONG, strength=0.00, valid=True
2026-04-22 00:54:41,769 [INFO] === Run Once ===
2026-04-22 00:54:41,770 [INFO] Using cached ranking (0.8h old)
2026-04-22 00:54:41,982 [INFO] Signal written: LONG, strength=0.00, valid=True
2026-04-22 01:09:41,987 [INFO] === Run Once ===
2026-04-22 01:09:41,987 [INFO] Using cached ranking (1.0h old)
2026-04-22 01:09:42,214 [INFO] Signal written: LONG, strength=0.00, valid=True
2026-04-22 01:24:42,219 [INFO] === Run Once ===
2026-04-22 01:24:42,219 [INFO] Using cached ranking (1.3h old)
2026-04-22 01:24:42,388 [INFO] Signal written: LONG, strength=0.00, valid=True
2026-04-22 01:39:42,394 [INFO] === Run Once ===
2026-04-22 01:39:42,395 [INFO] Using cached ranking (1.5h old)
2026-04-22 01:39:42,675 [INFO] Signal written: LONG, strength=0.00, valid=True
2026-04-22 01:54:42,689 [INFO] === Run Once ===
2026-04-22 01:54:42,691 [INFO] Using cached ranking (1.8h old)
2026-04-22 01:54:42,940 [INFO] Signal written: LONG, strength=0.00, valid=True
2026-04-22 02:09:42,941 [INFO] === Run Once ===
2026-04-22 02:09:42,942 [INFO] Using cached ranking (2.0h old)
2026-04-22 02:09:43,248 [INFO] Signal written: LONG, strength=0.00, valid=True
2026-04-22 02:24:43,257 [INFO] === Run Once ===
2026-04-22 02:24:43,257 [INFO] Using cached ranking (2.3h old)
2026-04-22 02:24:43,492 [INFO] Signal written: LONG, strength=0.00, valid=True
2026-04-22 02:39:43,503 [INFO] === Run Once ===
2026-04-22 02:39:43,505 [INFO] Using cached ranking (2.5h old)
2026-04-22 02:39:43,894 [INFO] Signal written: LONG, strength=0.00, valid=True
2026-04-22 02:54:43,902 [INFO] === Run Once ===
2026-04-22 02:54:43,903 [INFO] Using cached ranking (2.8h old)
2026-04-22 02:54:44,125 [INFO] Signal written: LONG, strength=0.00, valid=True
2026-04-22 03:09:44,130 [INFO] === Run Once ===
2026-04-22 03:09:44,141 [INFO] Using cached ranking (3.0h old)
2026-04-22 03:09:44,377 [INFO] Signal written: LONG, strength=0.00, valid=True
2026-04-22 03:24:44,386 [INFO] === Run Once ===
2026-04-22 03:24:44,386 [INFO] Using cached ranking (3.3h old)
2026-04-22 03:24:44,597 [INFO] Signal written: LONG, strength=0.00, valid=True
2026-04-22 03:39:44,601 [INFO] === Run Once ===
2026-04-22 03:39:44,601 [INFO] Using cached ranking (3.5h old)
2026-04-22 03:39:44,812 [INFO] Signal written: LONG, strength=0.00, valid=True
2026-04-22 03:54:44,817 [INFO] === Run Once ===
2026-04-22 03:54:44,817 [INFO] Using cached ranking (3.8h old)
2026-04-22 03:54:45,133 [INFO] Signal written: LONG, strength=0.00, valid=True
2026-04-22 04:09:45,147 [INFO] === Run Once ===
2026-04-22 04:09:45,148 [INFO] Using cached ranking (4.0h old)
2026-04-22 04:09:45,620 [INFO] Signal written: LONG, strength=0.00, valid=True
2026-04-22 04:24:45,626 [INFO] === Run Once ===
2026-04-22 04:24:45,626 [INFO] Using cached ranking (4.3h old)
2026-04-22 04:24:45,800 [INFO] Signal written: LONG, strength=0.00, valid=True
2026-04-22 04:39:45,809 [INFO] === Run Once ===
2026-04-22 04:39:45,809 [INFO] Using cached ranking (4.5h old)
2026-04-22 04:39:46,027 [INFO] Signal written: LONG, strength=0.00, valid=True
2026-04-22 04:54:46,033 [INFO] === Run Once ===
2026-04-22 04:54:46,033 [INFO] Using cached ranking (4.8h old)
2026-04-22 04:54:46,256 [INFO] Signal written: LONG, strength=0.00, valid=True
2026-04-22 05:09:46,265 [INFO] === Run Once ===
2026-04-22 05:09:46,265 [INFO] Using cached ranking (5.0h old)
2026-04-22 05:09:46,621 [INFO] Signal written: LONG, strength=0.00, valid=True
2026-04-22 05:24:46,636 [INFO] === Run Once ===
2026-04-22 05:24:46,636 [INFO] Using cached ranking (5.3h old)
2026-04-22 05:24:47,238 [INFO] Signal written: LONG, strength=0.00, valid=True
2026-04-22 05:39:47,241 [INFO] === Run Once ===
2026-04-22 05:39:47,242 [INFO] Using cached ranking (5.5h old)
2026-04-22 05:39:47,451 [INFO] Signal written: LONG, strength=0.00, valid=True
2026-04-22 05:54:47,455 [INFO] === Run Once ===
2026-04-22 05:54:47,455 [INFO] Using cached ranking (5.8h old)
2026-04-22 05:54:47,678 [INFO] Signal written: LONG, strength=0.00, valid=True
2026-04-22 06:09:47,685 [INFO] === Run Once ===
2026-04-22 06:09:47,686 [INFO] Using cached ranking (6.0h old)
2026-04-22 06:09:47,928 [INFO] Signal written: LONG, strength=0.00, valid=True
2026-04-22 06:24:47,941 [INFO] === Run Once ===
2026-04-22 06:24:47,943 [INFO] Using cached ranking (6.3h old)
2026-04-22 06:24:48,217 [INFO] Signal written: LONG, strength=0.00, valid=True
2026-04-22 06:39:48,228 [INFO] === Run Once ===
2026-04-22 06:39:48,229 [INFO] Using cached ranking (6.5h old)
2026-04-22 06:39:48,495 [INFO] Signal written: LONG, strength=0.00, valid=True
2026-04-22 06:54:48,498 [INFO] === Run Once ===
2026-04-22 06:54:48,498 [INFO] Using cached ranking (6.8h old)
2026-04-22 06:54:48,962 [INFO] Signal written: LONG, strength=0.00, valid=True
2026-04-22 07:09:48,976 [INFO] === Run Once ===
2026-04-22 07:09:48,977 [INFO] Using cached ranking (7.0h old)
2026-04-22 07:09:49,241 [INFO] Signal written: LONG, strength=0.00, valid=True
2026-04-22 07:24:49,256 [INFO] === Run Once ===
2026-04-22 07:24:49,257 [INFO] Using cached ranking (7.3h old)
2026-04-22 07:24:49,474 [INFO] Signal written: LONG, strength=0.00, valid=True
2026-04-22 07:39:49,478 [INFO] === Run Once ===
2026-04-22 07:39:49,479 [INFO] Using cached ranking (7.5h old)
2026-04-22 07:39:49,720 [INFO] Signal written: LONG, strength=0.00, valid=True
2026-04-22 07:54:49,724 [INFO] === Run Once ===
2026-04-22 07:54:49,725 [INFO] Using cached ranking (7.8h old)
2026-04-22 07:54:49,924 [INFO] Signal written: LONG, strength=0.00, valid=True
2026-04-22 08:09:49,937 [INFO] === Run Once ===
2026-04-22 08:09:49,939 [INFO] Using cached ranking (8.0h old)
2026-04-22 08:09:50,155 [INFO] Signal written: LONG, strength=0.00, valid=True
2026-04-22 08:24:50,165 [INFO] === Run Once ===
2026-04-22 08:24:50,167 [INFO] Using cached ranking (8.3h old)
2026-04-22 08:24:50,384 [INFO] Signal written: LONG, strength=0.00, valid=True
2026-04-22 08:39:50,391 [INFO] === Run Once ===
2026-04-22 08:39:50,392 [INFO] Using cached ranking (8.5h old)
2026-04-22 08:39:50,591 [INFO] Signal written: LONG, strength=0.00, valid=True
2026-04-22 08:54:50,606 [INFO] === Run Once ===
2026-04-22 08:54:50,607 [INFO] Using cached ranking (8.8h old)
2026-04-22 08:54:50,849 [INFO] Signal written: LONG, strength=0.00, valid=True
2026-04-22 09:09:50,861 [INFO] === Run Once ===
2026-04-22 09:09:50,861 [INFO] Using cached ranking (9.0h old)
2026-04-22 09:09:51,061 [INFO] Signal written: LONG, strength=0.00, valid=True
2026-04-22 09:24:51,064 [INFO] === Run Once ===
2026-04-22 09:24:51,064 [INFO] Using cached ranking (9.3h old)
2026-04-22 09:24:51,337 [INFO] Signal written: LONG, strength=0.00, valid=True
2026-04-23 00:10:56,686 [INFO] === Run Once ===
2026-04-23 00:10:56,801 [DEBUG] Whale_1: AUM $0 outside range [$$100,000 - $100,000,000]
2026-04-23 00:10:57,159 [DEBUG] Whale_2: Using default metrics (2000 fills, trade count estimated)
2026-04-23 00:10:57,159 [INFO] Whale_2: sortino=0.00, wr=50.0%, trades=1000, ev=0.0000
2026-04-23 00:10:57,562 [DEBUG] Whale_3: Using default metrics (2000 fills, trade count estimated)
2026-04-23 00:10:57,562 [INFO] Whale_3: sortino=0.00, wr=50.0%, trades=1000, ev=0.0000
2026-04-23 00:10:58,293 [INFO] Signal written: LONG, strength=0.00, valid=True
2026-04-23 00:25:58,238 [INFO] === Run Once ===
2026-04-23 00:25:58,252 [INFO] Using cached ranking (0.3h old)
2026-04-23 00:25:58,552 [INFO] Signal written: LONG, strength=0.00, valid=True
2026-04-23 00:40:58,337 [INFO] === Run Once ===
2026-04-23 00:40:58,338 [INFO] Using cached ranking (0.5h old)
2026-04-23 00:40:58,679 [INFO] Signal written: LONG, strength=0.00, valid=True
2026-04-23 00:55:58,518 [INFO] === Run Once ===
2026-04-23 00:55:58,520 [INFO] Using cached ranking (0.8h old)
2026-04-23 00:55:58,718 [INFO] Signal written: LONG, strength=0.00, valid=True
2026-04-23 01:10:58,603 [INFO] === Run Once ===
2026-04-23 01:10:58,603 [INFO] Using cached ranking (1.0h old)
2026-04-23 01:10:58,791 [INFO] Signal written: LONG, strength=0.00, valid=True
2026-04-23 01:25:58,704 [INFO] === Run Once ===
2026-04-23 01:25:58,705 [INFO] Using cached ranking (1.3h old)
2026-04-23 01:26:01,109 [INFO] Signal written: LONG, strength=0.00, valid=True
2026-04-23 01:41:01,054 [INFO] === Run Once ===
2026-04-23 01:41:01,056 [INFO] Using cached ranking (1.5h old)
2026-04-23 01:41:01,059 [WARNING] HL API error: HTTPSConnectionPool(host='api.hyperliquid.xyz', port=443): Max retries exceeded with url: /info (Caused by NameResolutionError("HTTPSConnection(host='api.hyperliquid.xyz', port=443): Failed to resolve 'api.hyperliquid.xyz' ([Errno 11001] getaddrinfo failed)"))
2026-04-23 01:41:01,060 [WARNING] HL API error: HTTPSConnectionPool(host='api.hyperliquid.xyz', port=443): Max retries exceeded with url: /info (Caused by NameResolutionError("HTTPSConnection(host='api.hyperliquid.xyz', port=443): Failed to resolve 'api.hyperliquid.xyz' ([Errno 11001] getaddrinfo failed)"))
2026-04-23 01:41:01,074 [INFO] Signal written: NONE, strength=0.00, valid=False
2026-04-23 01:56:01,026 [INFO] === Run Once ===
2026-04-23 01:56:01,027 [INFO] Using cached ranking (1.8h old)
2026-04-23 01:56:01,032 [WARNING] HL API error: HTTPSConnectionPool(host='api.hyperliquid.xyz', port=443): Max retries exceeded with url: /info (Caused by NameResolutionError("HTTPSConnection(host='api.hyperliquid.xyz', port=443): Failed to resolve 'api.hyperliquid.xyz' ([Errno 11001] getaddrinfo failed)"))
2026-04-23 01:56:01,038 [WARNING] HL API error: HTTPSConnectionPool(host='api.hyperliquid.xyz', port=443): Max retries exceeded with url: /info (Caused by NameResolutionError("HTTPSConnection(host='api.hyperliquid.xyz', port=443): Failed to resolve 'api.hyperliquid.xyz' ([Errno 11001] getaddrinfo failed)"))
2026-04-23 01:56:01,059 [INFO] Signal written: NONE, strength=0.00, valid=False
2026-04-23 02:11:01,029 [INFO] === Run Once ===
2026-04-23 02:11:01,030 [INFO] Using cached ranking (2.0h old)
2026-04-23 02:11:01,035 [WARNING] HL API error: HTTPSConnectionPool(host='api.hyperliquid.xyz', port=443): Max retries exceeded with url: /info (Caused by NameResolutionError("HTTPSConnection(host='api.hyperliquid.xyz', port=443): Failed to resolve 'api.hyperliquid.xyz' ([Errno 11001] getaddrinfo failed)"))
2026-04-23 02:11:01,038 [WARNING] HL API error: HTTPSConnectionPool(host='api.hyperliquid.xyz', port=443): Max retries exceeded with url: /info (Caused by NameResolutionError("HTTPSConnection(host='api.hyperliquid.xyz', port=443): Failed to resolve 'api.hyperliquid.xyz' ([Errno 11001] getaddrinfo failed)"))
2026-04-23 02:11:01,055 [INFO] Signal written: NONE, strength=0.00, valid=False
2026-04-23 02:26:01,027 [INFO] === Run Once ===
2026-04-23 02:26:01,027 [INFO] Using cached ranking (2.3h old)
2026-04-23 02:26:01,029 [WARNING] HL API error: HTTPSConnectionPool(host='api.hyperliquid.xyz', port=443): Max retries exceeded with url: /info (Caused by NameResolutionError("HTTPSConnection(host='api.hyperliquid.xyz', port=443): Failed to resolve 'api.hyperliquid.xyz' ([Errno 11001] getaddrinfo failed)"))
2026-04-23 02:26:01,030 [WARNING] HL API error: HTTPSConnectionPool(host='api.hyperliquid.xyz', port=443): Max retries exceeded with url: /info (Caused by NameResolutionError("HTTPSConnection(host='api.hyperliquid.xyz', port=443): Failed to resolve 'api.hyperliquid.xyz' ([Errno 11001] getaddrinfo failed)"))
2026-04-23 02:26:01,055 [INFO] Signal written: NONE, strength=0.00, valid=False
2026-04-23 02:41:01,035 [INFO] === Run Once ===
2026-04-23 02:41:01,037 [INFO] Using cached ranking (2.5h old)
2026-04-23 02:41:01,415 [INFO] Signal written: LONG, strength=0.00, valid=True
2026-04-23 02:56:01,405 [INFO] === Run Once ===
2026-04-23 02:56:01,407 [INFO] Using cached ranking (2.8h old)
2026-04-23 02:56:02,266 [INFO] Signal written: LONG, strength=0.00, valid=True
2026-04-23 03:11:02,258 [INFO] === Run Once ===
2026-04-23 03:11:02,259 [INFO] Using cached ranking (3.0h old)
2026-04-23 03:11:02,601 [INFO] Signal written: LONG, strength=0.00, valid=True
2026-04-23 03:26:02,593 [INFO] === Run Once ===
2026-04-23 03:26:02,593 [INFO] Using cached ranking (3.3h old)
2026-04-23 03:26:03,731 [INFO] Signal written: LONG, strength=0.00, valid=True
2026-04-23 03:41:03,729 [INFO] === Run Once ===
2026-04-23 03:41:03,730 [INFO] Using cached ranking (3.5h old)
2026-04-23 03:41:04,156 [INFO] Signal written: LONG, strength=0.00, valid=True
2026-04-23 03:56:04,161 [INFO] === Run Once ===
2026-04-23 03:56:04,161 [INFO] Using cached ranking (3.8h old)
2026-04-23 03:56:04,388 [INFO] Signal written: LONG, strength=0.00, valid=True
2026-04-23 04:11:04,391 [INFO] === Run Once ===
2026-04-23 04:11:04,392 [INFO] Using cached ranking (4.0h old)
2026-04-23 04:11:04,610 [INFO] Signal written: LONG, strength=0.00, valid=True
2026-04-23 04:26:04,622 [INFO] === Run Once ===
2026-04-23 04:26:04,622 [INFO] Using cached ranking (4.3h old)
2026-04-23 04:26:04,833 [INFO] Signal written: LONG, strength=0.00, valid=True
2026-04-23 04:41:04,837 [INFO] === Run Once ===
2026-04-23 04:41:04,840 [INFO] Using cached ranking (4.5h old)
2026-04-23 04:41:05,149 [INFO] Signal written: LONG, strength=0.00, valid=True
2026-04-23 04:56:05,162 [INFO] === Run Once ===
2026-04-23 04:56:05,164 [INFO] Using cached ranking (4.8h old)
2026-04-23 04:56:05,392 [INFO] Signal written: LONG, strength=0.00, valid=True
2026-04-23 05:11:05,401 [INFO] === Run Once ===
2026-04-23 05:11:05,403 [INFO] Using cached ranking (5.0h old)
2026-04-23 05:11:05,632 [INFO] Signal written: LONG, strength=0.00, valid=True
2026-04-23 05:26:05,645 [INFO] === Run Once ===
2026-04-23 05:26:05,647 [INFO] Using cached ranking (5.3h old)
2026-04-23 05:26:05,898 [INFO] Signal written: LONG, strength=0.00, valid=True
2026-04-23 05:41:05,909 [INFO] === Run Once ===
2026-04-23 05:41:05,910 [INFO] Using cached ranking (5.5h old)
2026-04-23 05:41:06,187 [INFO] Signal written: LONG, strength=0.00, valid=True
2026-04-23 05:56:06,192 [INFO] === Run Once ===
2026-04-23 05:56:06,194 [INFO] Using cached ranking (5.8h old)
2026-04-23 05:56:06,413 [INFO] Signal written: LONG, strength=0.00, valid=True
2026-04-23 06:11:06,415 [INFO] === Run Once ===
2026-04-23 06:11:06,417 [INFO] Using cached ranking (6.0h old)
2026-04-23 06:11:06,606 [INFO] Signal written: LONG, strength=0.00, valid=True
2026-04-23 06:26:06,613 [INFO] === Run Once ===
2026-04-23 06:26:06,615 [INFO] Using cached ranking (6.3h old)
2026-04-23 06:26:06,858 [INFO] Signal written: LONG, strength=0.00, valid=True
2026-04-23 06:41:06,871 [INFO] === Run Once ===
2026-04-23 06:41:06,872 [INFO] Using cached ranking (6.5h old)
2026-04-23 06:41:07,067 [INFO] Signal written: LONG, strength=0.00, valid=True
2026-04-23 06:56:07,079 [INFO] === Run Once ===
2026-04-23 06:56:07,080 [INFO] Using cached ranking (6.8h old)
2026-04-23 06:56:07,379 [INFO] Signal written: LONG, strength=0.00, valid=True
2026-04-23 07:11:07,392 [INFO] === Run Once ===
2026-04-23 07:11:07,393 [INFO] Using cached ranking (7.0h old)
2026-04-23 07:11:07,623 [INFO] Signal written: LONG, strength=0.00, valid=True
2026-04-23 07:26:07,626 [INFO] === Run Once ===
2026-04-23 07:26:07,626 [INFO] Using cached ranking (7.3h old)
2026-04-23 07:26:07,933 [INFO] Signal written: LONG, strength=0.00, valid=True
2026-04-23 07:41:07,936 [INFO] === Run Once ===
2026-04-23 07:41:07,937 [INFO] Using cached ranking (7.5h old)
2026-04-23 07:41:08,198 [INFO] Signal written: LONG, strength=0.00, valid=True
2026-04-23 07:56:08,207 [INFO] === Run Once ===
2026-04-23 07:56:08,208 [INFO] Using cached ranking (7.8h old)
2026-04-23 07:56:08,385 [INFO] Signal written: LONG, strength=0.00, valid=True
2026-04-23 08:11:08,399 [INFO] === Run Once ===
2026-04-23 08:11:08,400 [INFO] Using cached ranking (8.0h old)
2026-04-23 08:11:08,614 [INFO] Signal written: LONG, strength=0.00, valid=True
2026-04-23 08:26:08,626 [INFO] === Run Once ===
2026-04-23 08:26:08,627 [INFO] Using cached ranking (8.3h old)
2026-04-23 08:26:08,833 [INFO] Signal written: LONG, strength=0.00, valid=True
2026-04-23 08:41:08,841 [INFO] === Run Once ===
2026-04-23 08:41:08,841 [INFO] Using cached ranking (8.5h old)
2026-04-23 08:41:09,624 [INFO] Signal written: LONG, strength=0.00, valid=True
2026-04-23 08:56:09,628 [INFO] === Run Once ===
2026-04-23 08:56:09,628 [INFO] Using cached ranking (8.8h old)
2026-04-23 08:56:10,167 [INFO] Signal written: LONG, strength=0.00, valid=True
2026-04-23 09:11:10,176 [INFO] === Run Once ===
2026-04-23 09:11:10,176 [INFO] Using cached ranking (9.0h old)
2026-04-23 09:11:10,364 [INFO] Signal written: LONG, strength=0.00, valid=True
2026-04-23 09:26:10,432 [INFO] === Run Once ===
2026-04-23 09:26:10,432 [INFO] Using cached ranking (9.3h old)
2026-04-23 09:26:10,632 [INFO] Signal written: LONG, strength=0.00, valid=True
