2026-04-13 01:02:25,160 [ERROR] Failed to load config: [Errno 2] No such file or directory: 'whale_wallets.json'
2026-04-13 01:02:25,160 [INFO] Starting loop with interval 900s
2026-04-13 01:02:25,160 [INFO] === Run Once ===
2026-04-13 01:02:25,165 [INFO] Using cached ranking (47.7h old)
2026-04-13 01:02:25,541 [INFO] Signal written: NONE, strength=0.00, valid=False
2026-04-13 01:17:25,361 [INFO] === Run Once ===
2026-04-13 01:17:25,361 [INFO] Using cached ranking (48.0h old)
2026-04-13 01:17:25,901 [INFO] Signal written: NONE, strength=0.00, valid=False
2026-04-13 01:32:25,700 [INFO] === Run Once ===
2026-04-13 01:32:25,700 [INFO] Using cached ranking (48.2h old)
2026-04-13 01:32:26,032 [INFO] Signal written: NONE, strength=0.00, valid=False
2026-04-13 01:47:25,885 [INFO] === Run Once ===
2026-04-13 01:47:25,885 [INFO] Using cached ranking (48.5h old)
2026-04-13 01:47:26,228 [INFO] Signal written: NONE, strength=0.00, valid=False
2026-04-13 02:02:26,126 [INFO] === Run Once ===
2026-04-13 02:02:26,126 [INFO] Using cached ranking (48.7h old)
2026-04-13 02:02:26,743 [INFO] Signal written: NONE, strength=0.00, valid=False
2026-04-13 02:17:26,660 [INFO] === Run Once ===
2026-04-13 02:17:26,660 [INFO] Using cached ranking (49.0h old)
2026-04-13 02:17:27,355 [INFO] Signal written: NONE, strength=0.00, valid=False
2026-04-13 02:32:27,295 [INFO] === Run Once ===
2026-04-13 02:32:27,296 [INFO] Using cached ranking (49.2h old)
2026-04-13 02:32:28,259 [INFO] Signal written: NONE, strength=0.00, valid=False
2026-04-13 02:47:28,216 [INFO] === Run Once ===
2026-04-13 02:47:28,216 [INFO] Using cached ranking (49.5h old)
2026-04-13 02:47:28,553 [INFO] Signal written: NONE, strength=0.00, valid=False
2026-04-13 03:02:28,526 [INFO] === Run Once ===
2026-04-13 03:02:28,526 [INFO] Using cached ranking (49.7h old)
2026-04-13 03:02:28,872 [INFO] Signal written: NONE, strength=0.00, valid=False
2026-04-13 03:17:28,848 [INFO] === Run Once ===
2026-04-13 03:17:28,849 [INFO] Using cached ranking (50.0h old)
2026-04-13 03:17:29,209 [INFO] Signal written: NONE, strength=0.00, valid=False
2026-04-13 08:31:01,099 [INFO] === Run Once ===
2026-04-13 08:31:01,099 [INFO] Using cached ranking (55.2h old)
2026-04-13 08:31:01,455 [INFO] Signal written: NONE, strength=0.00, valid=False
2026-04-13 08:46:01,461 [INFO] === Run Once ===
2026-04-13 08:46:01,461 [INFO] Using cached ranking (55.5h old)
2026-04-13 08:46:01,741 [INFO] Signal written: NONE, strength=0.00, valid=False
2026-04-13 09:01:01,756 [INFO] === Run Once ===
2026-04-13 09:01:01,756 [INFO] Using cached ranking (55.7h old)
2026-04-13 09:01:02,063 [INFO] Signal written: NONE, strength=0.00, valid=False
2026-04-13 09:16:02,077 [INFO] === Run Once ===
2026-04-13 09:16:02,077 [INFO] Using cached ranking (56.0h old)
2026-04-13 09:16:02,899 [INFO] Signal written: NONE, strength=0.00, valid=False
