2026-04-16 01:58:39,988 [INFO] Loaded config: 3 wallets
2026-04-16 01:58:39,989 [INFO] Starting loop with interval 900s
2026-04-16 01:58:39,989 [INFO] === Run Once ===
2026-04-16 01:58:40,290 [DEBUG] Whale_1: AUM $0 outside range [$$100,000 - $100,000,000]
2026-04-16 01:58:42,460 [DEBUG] Whale_2: Using default metrics (2000 fills, trade count estimated)
2026-04-16 01:58:42,460 [INFO] Whale_2: sortino=0.00, wr=50.0%, trades=1000, ev=0.0000
2026-04-16 01:58:44,938 [DEBUG] Whale_3: Using default metrics (2000 fills, trade count estimated)
2026-04-16 01:58:44,938 [INFO] Whale_3: sortino=0.00, wr=50.0%, trades=1000, ev=0.0000
2026-04-16 01:58:45,233 [INFO] Signal written: LONG, strength=0.00, valid=True
2026-04-16 02:13:45,244 [INFO] === Run Once ===
2026-04-16 02:13:45,249 [INFO] Using cached ranking (0.3h old)
2026-04-16 02:13:47,103 [INFO] Signal written: LONG, strength=0.00, valid=True
2026-04-16 02:28:47,108 [INFO] === Run Once ===
2026-04-16 02:28:47,110 [INFO] Using cached ranking (0.5h old)
2026-04-16 02:28:47,348 [INFO] Signal written: LONG, strength=0.00, valid=True
2026-04-16 02:43:47,354 [INFO] === Run Once ===
2026-04-16 02:43:47,355 [INFO] Using cached ranking (0.8h old)
2026-04-16 02:43:47,600 [INFO] Signal written: LONG, strength=0.00, valid=True
2026-04-16 02:58:47,611 [INFO] === Run Once ===
2026-04-16 02:58:47,611 [INFO] Using cached ranking (1.0h old)
2026-04-16 02:58:47,972 [INFO] Signal written: LONG, strength=0.00, valid=True
2026-04-16 03:13:47,982 [INFO] === Run Once ===
2026-04-16 03:13:47,983 [INFO] Using cached ranking (1.3h old)
2026-04-16 03:13:48,185 [INFO] Signal written: LONG, strength=0.00, valid=True
2026-04-16 03:28:48,187 [INFO] === Run Once ===
2026-04-16 03:28:48,189 [INFO] Using cached ranking (1.5h old)
2026-04-16 03:28:48,425 [INFO] Signal written: LONG, strength=0.00, valid=True
2026-04-16 03:43:48,430 [INFO] === Run Once ===
2026-04-16 03:43:48,431 [INFO] Using cached ranking (1.8h old)
2026-04-16 03:43:48,731 [INFO] Signal written: LONG, strength=0.00, valid=True
2026-04-16 03:58:48,745 [INFO] === Run Once ===
2026-04-16 03:58:48,747 [INFO] Using cached ranking (2.0h old)
2026-04-16 03:58:49,312 [INFO] Signal written: LONG, strength=0.00, valid=True
2026-04-16 04:13:49,345 [INFO] === Run Once ===
2026-04-16 04:13:49,370 [INFO] Using cached ranking (2.3h old)
2026-04-16 04:13:50,118 [INFO] Signal written: LONG, strength=0.00, valid=True
2026-04-16 04:28:50,134 [INFO] === Run Once ===
2026-04-16 04:28:50,137 [INFO] Using cached ranking (2.5h old)
2026-04-16 04:28:50,372 [INFO] Signal written: LONG, strength=0.00, valid=True
2026-04-16 04:43:50,388 [INFO] === Run Once ===
2026-04-16 04:43:50,396 [INFO] Using cached ranking (2.8h old)
2026-04-16 04:43:50,645 [INFO] Signal written: LONG, strength=0.00, valid=True
2026-04-16 04:58:50,659 [INFO] === Run Once ===
2026-04-16 04:58:50,662 [INFO] Using cached ranking (3.0h old)
2026-04-16 04:58:50,915 [INFO] Signal written: LONG, strength=0.00, valid=True
2026-04-16 05:13:50,927 [INFO] === Run Once ===
2026-04-16 05:13:50,928 [INFO] Using cached ranking (3.3h old)
2026-04-16 05:13:51,153 [INFO] Signal written: LONG, strength=0.00, valid=True
2026-04-16 05:28:51,437 [INFO] === Run Once ===
2026-04-16 05:28:51,804 [INFO] Using cached ranking (3.5h old)
2026-04-16 05:28:54,107 [INFO] Signal written: LONG, strength=0.00, valid=True
2026-04-16 05:43:54,115 [INFO] === Run Once ===
2026-04-16 05:43:54,121 [INFO] Using cached ranking (3.8h old)
2026-04-16 05:43:54,422 [INFO] Signal written: LONG, strength=0.00, valid=True
2026-04-16 05:58:54,425 [INFO] === Run Once ===
2026-04-16 05:58:54,425 [INFO] Using cached ranking (4.0h old)
2026-04-16 05:58:55,075 [INFO] Signal written: LONG, strength=0.00, valid=True
2026-04-16 06:13:55,087 [INFO] === Run Once ===
2026-04-16 06:13:55,088 [INFO] Using cached ranking (4.3h old)
2026-04-16 06:13:55,285 [INFO] Signal written: LONG, strength=0.00, valid=True
2026-04-16 06:28:55,292 [INFO] === Run Once ===
2026-04-16 06:28:55,292 [INFO] Using cached ranking (4.5h old)
2026-04-16 06:28:55,531 [INFO] Signal written: LONG, strength=0.00, valid=True
