2026-04-10 15:56:56,035 [INFO] ================================================================================
2026-04-10 15:56:56,035 [INFO] WHALE CANDIDATE SCANNER
2026-04-10 15:56:56,035 [INFO] ================================================================================
2026-04-10 15:56:56,035 [INFO] Fetching top 10 wallets from leaderboard...
2026-04-10 15:57:02,000 [WARNING] Stats API failed, using fallback list
2026-04-10 15:57:02,000 [INFO] Analyzing 7 candidates...
2026-04-10 15:57:02,000 [INFO] [1/7] Analyzing 0x863b676e5e4fea...
2026-04-10 15:57:02,000 [INFO] Deep analyzing 0x863b676e5e4fea...
2026-04-10 15:57:02,646 [INFO]   [OK] QUALIFIED: EV=1.25%, Sortino=9.69
2026-04-10 15:57:02,648 [INFO] [2/7] Analyzing 0x932bdd2d5e2147...
2026-04-10 15:57:02,648 [INFO] Deep analyzing 0x932bdd2d5e2147...
2026-04-10 15:57:03,187 [INFO]   [OK] QUALIFIED: EV=0.61%, Sortino=1.78
2026-04-10 15:57:03,187 [INFO] [3/7] Analyzing 0x523852be2db1a7...
2026-04-10 15:57:03,187 [INFO] Deep analyzing 0x523852be2db1a7...
2026-04-10 15:57:03,520 [INFO]   [OK] QUALIFIED: EV=0.53%, Sortino=1.09
2026-04-10 15:57:03,520 [INFO] [4/7] Analyzing 0x7dd9f0C23Fb61C...
2026-04-10 15:57:03,520 [INFO] Deep analyzing 0x7dd9f0C23Fb61C...
2026-04-10 15:57:03,673 [DEBUG]   [X] NOT QUALIFIED
2026-04-10 15:57:03,674 [INFO] [5/7] Analyzing 0x15a134a7f1e2c1...
2026-04-10 15:57:03,675 [INFO] Deep analyzing 0x15a134a7f1e2c1...
2026-04-10 15:57:04,054 [DEBUG] No fills found for 0x15a134a7f1e2c1
2026-04-10 15:57:04,054 [DEBUG]   [X] NO DATA
2026-04-10 15:57:04,054 [INFO] [6/7] Analyzing 0xa215aa51a7f1e2...
2026-04-10 15:57:04,054 [INFO] Deep analyzing 0xa215aa51a7f1e2...
2026-04-10 15:57:04,208 [DEBUG] No fills found for 0xa215aa51a7f1e2
2026-04-10 15:57:04,208 [DEBUG]   [X] NO DATA
2026-04-10 15:57:04,208 [INFO] [7/7] Analyzing 0xe1135c07a7f1e2...
2026-04-10 15:57:04,208 [INFO] Deep analyzing 0xe1135c07a7f1e2...
2026-04-10 15:57:04,364 [DEBUG] No fills found for 0xe1135c07a7f1e2
2026-04-10 15:57:04,364 [DEBUG]   [X] NO DATA
2026-04-10 15:57:04,364 [INFO] 
Qualified candidates: 3
