2026-04-29 17:16:21,984 [INFO] Loaded config: 3 wallets
2026-04-29 17:16:21,985 [INFO] Starting loop with interval 900s
2026-04-29 17:16:21,985 [INFO] === Run Once ===
2026-04-29 17:16:21,988 [INFO] Using cached ranking (9.7h old)
2026-04-29 17:16:34,028 [WARNING] HL API error: HTTPSConnectionPool(host='api.hyperliquid.xyz', port=443): Max retries exceeded with url: /info (Caused by NameResolutionError("HTTPSConnection(host='api.hyperliquid.xyz', port=443): Failed to resolve 'api.hyperliquid.xyz' ([Errno 11001] getaddrinfo failed)"))
2026-04-29 17:16:46,084 [WARNING] HL API error: HTTPSConnectionPool(host='api.hyperliquid.xyz', port=443): Max retries exceeded with url: /info (Caused by NameResolutionError("HTTPSConnection(host='api.hyperliquid.xyz', port=443): Failed to resolve 'api.hyperliquid.xyz' ([Errno 11001] getaddrinfo failed)"))
2026-04-29 17:16:46,097 [INFO] Signal written: NONE, strength=0.00, valid=False
2026-04-29 17:31:46,107 [INFO] === Run Once ===
2026-04-29 17:31:46,123 [INFO] Using cached ranking (9.9h old)
2026-04-29 17:31:57,297 [WARNING] HL API error: HTTPSConnectionPool(host='api.hyperliquid.xyz', port=443): Max retries exceeded with url: /info (Caused by NameResolutionError("HTTPSConnection(host='api.hyperliquid.xyz', port=443): Failed to resolve 'api.hyperliquid.xyz' ([Errno 11001] getaddrinfo failed)"))
2026-04-29 17:32:08,441 [WARNING] HL API error: HTTPSConnectionPool(host='api.hyperliquid.xyz', port=443): Max retries exceeded with url: /info (Caused by NameResolutionError("HTTPSConnection(host='api.hyperliquid.xyz', port=443): Failed to resolve 'api.hyperliquid.xyz' ([Errno 11001] getaddrinfo failed)"))
2026-04-29 17:32:08,463 [INFO] Signal written: NONE, strength=0.00, valid=False
2026-04-29 17:47:08,557 [INFO] === Run Once ===
2026-04-29 17:47:08,561 [INFO] Using cached ranking (10.2h old)
2026-04-29 17:47:08,912 [INFO] Signal written: LONG, strength=0.00, valid=True
2026-04-29 18:02:09,033 [INFO] === Run Once ===
2026-04-29 18:02:09,035 [INFO] Using cached ranking (10.4h old)
2026-04-29 18:02:09,360 [INFO] Signal written: LONG, strength=0.00, valid=True
2026-04-29 18:17:09,446 [INFO] === Run Once ===
2026-04-29 18:17:09,446 [INFO] Using cached ranking (10.7h old)
2026-04-29 18:17:09,829 [INFO] Signal written: LONG, strength=0.00, valid=True
2026-04-29 18:32:09,899 [INFO] === Run Once ===
2026-04-29 18:32:09,900 [INFO] Using cached ranking (10.9h old)
2026-04-29 18:32:10,745 [INFO] Signal written: LONG, strength=0.00, valid=True
2026-04-29 18:47:10,804 [INFO] === Run Once ===
2026-04-29 18:47:10,804 [INFO] Using cached ranking (11.2h old)
2026-04-29 18:47:11,090 [INFO] Signal written: LONG, strength=0.00, valid=True
2026-04-29 19:02:11,137 [INFO] === Run Once ===
2026-04-29 19:02:11,137 [INFO] Using cached ranking (11.4h old)
2026-04-29 19:02:11,440 [INFO] Signal written: LONG, strength=0.00, valid=True
2026-04-29 19:17:11,478 [INFO] === Run Once ===
2026-04-29 19:17:11,478 [INFO] Using cached ranking (11.7h old)
2026-04-29 19:17:11,762 [INFO] Signal written: LONG, strength=0.00, valid=True
2026-04-29 19:32:11,780 [INFO] === Run Once ===
2026-04-29 19:32:11,780 [INFO] Using cached ranking (11.9h old)
2026-04-29 19:32:12,293 [INFO] Signal written: LONG, strength=0.00, valid=True
2026-04-29 19:47:12,320 [INFO] === Run Once ===
2026-04-29 19:47:12,323 [WARNING] HL API error: HTTPSConnectionPool(host='api.hyperliquid.xyz', port=443): Max retries exceeded with url: /info (Caused by NameResolutionError("HTTPSConnection(host='api.hyperliquid.xyz', port=443): Failed to resolve 'api.hyperliquid.xyz' ([Errno 11001] getaddrinfo failed)"))
2026-04-29 19:47:12,324 [WARNING] HL API error: HTTPSConnectionPool(host='api.hyperliquid.xyz', port=443): Max retries exceeded with url: /info (Caused by NameResolutionError("HTTPSConnection(host='api.hyperliquid.xyz', port=443): Failed to resolve 'api.hyperliquid.xyz' ([Errno 11001] getaddrinfo failed)"))
2026-04-29 19:47:12,324 [DEBUG] Whale_1: Using default metrics (0 fills, trade count estimated)
2026-04-29 19:47:12,325 [INFO] Whale_1: sortino=0.00, wr=50.0%, trades=0, ev=0.0000
2026-04-29 19:47:12,326 [WARNING] HL API error: HTTPSConnectionPool(host='api.hyperliquid.xyz', port=443): Max retries exceeded with url: /info (Caused by NameResolutionError("HTTPSConnection(host='api.hyperliquid.xyz', port=443): Failed to resolve 'api.hyperliquid.xyz' ([Errno 11001] getaddrinfo failed)"))
2026-04-29 19:47:12,327 [WARNING] HL API error: HTTPSConnectionPool(host='api.hyperliquid.xyz', port=443): Max retries exceeded with url: /info (Caused by NameResolutionError("HTTPSConnection(host='api.hyperliquid.xyz', port=443): Failed to resolve 'api.hyperliquid.xyz' ([Errno 11001] getaddrinfo failed)"))
2026-04-29 19:47:12,327 [DEBUG] Whale_2: Using default metrics (0 fills, trade count estimated)
2026-04-29 19:47:12,327 [INFO] Whale_2: sortino=0.00, wr=50.0%, trades=0, ev=0.0000
2026-04-29 19:47:12,327 [WARNING] HL API error: HTTPSConnectionPool(host='api.hyperliquid.xyz', port=443): Max retries exceeded with url: /info (Caused by NameResolutionError("HTTPSConnection(host='api.hyperliquid.xyz', port=443): Failed to resolve 'api.hyperliquid.xyz' ([Errno 11001] getaddrinfo failed)"))
2026-04-29 19:47:12,328 [WARNING] HL API error: HTTPSConnectionPool(host='api.hyperliquid.xyz', port=443): Max retries exceeded with url: /info (Caused by NameResolutionError("HTTPSConnection(host='api.hyperliquid.xyz', port=443): Failed to resolve 'api.hyperliquid.xyz' ([Errno 11001] getaddrinfo failed)"))
2026-04-29 19:47:12,328 [DEBUG] Whale_3: Using default metrics (0 fills, trade count estimated)
2026-04-29 19:47:12,328 [INFO] Whale_3: sortino=0.00, wr=50.0%, trades=0, ev=0.0000
2026-04-29 19:47:12,329 [WARNING] HL API error: HTTPSConnectionPool(host='api.hyperliquid.xyz', port=443): Max retries exceeded with url: /info (Caused by NameResolutionError("HTTPSConnection(host='api.hyperliquid.xyz', port=443): Failed to resolve 'api.hyperliquid.xyz' ([Errno 11001] getaddrinfo failed)"))
2026-04-29 19:47:12,330 [WARNING] HL API error: HTTPSConnectionPool(host='api.hyperliquid.xyz', port=443): Max retries exceeded with url: /info (Caused by NameResolutionError("HTTPSConnection(host='api.hyperliquid.xyz', port=443): Failed to resolve 'api.hyperliquid.xyz' ([Errno 11001] getaddrinfo failed)"))
2026-04-29 19:47:12,331 [WARNING] HL API error: HTTPSConnectionPool(host='api.hyperliquid.xyz', port=443): Max retries exceeded with url: /info (Caused by NameResolutionError("HTTPSConnection(host='api.hyperliquid.xyz', port=443): Failed to resolve 'api.hyperliquid.xyz' ([Errno 11001] getaddrinfo failed)"))
2026-04-29 19:47:12,335 [INFO] Signal written: NONE, strength=0.00, valid=False
2026-04-29 20:02:12,351 [INFO] === Run Once ===
2026-04-29 20:02:12,352 [INFO] Using cached ranking (0.3h old)
2026-04-29 20:02:12,794 [INFO] Signal written: LONG, strength=0.00, valid=True
2026-04-29 20:17:12,816 [INFO] === Run Once ===
2026-04-29 20:17:12,818 [INFO] Using cached ranking (0.5h old)
2026-04-29 20:17:13,248 [INFO] Signal written: LONG, strength=0.00, valid=True
2026-04-29 20:32:13,269 [INFO] === Run Once ===
2026-04-29 20:32:13,269 [INFO] Using cached ranking (0.8h old)
2026-04-29 20:32:13,834 [INFO] Signal written: LONG, strength=0.00, valid=True
2026-04-29 20:47:13,841 [INFO] === Run Once ===
2026-04-29 20:47:13,843 [INFO] Using cached ranking (1.0h old)
2026-04-29 20:47:14,300 [INFO] Signal written: LONG, strength=0.00, valid=True
2026-04-29 21:02:14,317 [INFO] === Run Once ===
2026-04-29 21:02:14,318 [INFO] Using cached ranking (1.3h old)
2026-04-29 21:02:15,793 [INFO] Signal written: LONG, strength=0.00, valid=True
2026-04-29 21:17:15,808 [INFO] === Run Once ===
2026-04-29 21:17:15,810 [INFO] Using cached ranking (1.5h old)
2026-04-29 21:17:16,411 [INFO] Signal written: LONG, strength=0.00, valid=True
2026-04-29 21:32:16,426 [INFO] === Run Once ===
2026-04-29 21:32:16,440 [INFO] Using cached ranking (1.8h old)
2026-04-29 21:32:17,078 [INFO] Signal written: LONG, strength=0.00, valid=True
2026-04-29 21:47:17,091 [INFO] === Run Once ===
2026-04-29 21:47:17,093 [INFO] Using cached ranking (2.0h old)
2026-04-29 21:47:17,949 [INFO] Signal written: LONG, strength=0.00, valid=True
2026-04-29 22:02:17,958 [INFO] === Run Once ===
2026-04-29 22:02:17,959 [INFO] Using cached ranking (2.3h old)
2026-04-29 22:02:18,403 [INFO] Signal written: LONG, strength=0.00, valid=True
2026-04-29 22:17:18,404 [INFO] === Run Once ===
2026-04-29 22:17:18,405 [INFO] Using cached ranking (2.5h old)
2026-04-29 22:17:18,982 [INFO] Signal written: LONG, strength=0.00, valid=True
2026-04-29 22:32:18,985 [INFO] === Run Once ===
2026-04-29 22:32:18,987 [INFO] Using cached ranking (2.8h old)
2026-04-29 22:32:19,484 [INFO] Signal written: LONG, strength=0.00, valid=True
2026-04-29 22:47:19,486 [INFO] === Run Once ===
2026-04-29 22:47:19,488 [INFO] Using cached ranking (3.0h old)
2026-04-29 22:47:19,494 [WARNING] HL API error: HTTPSConnectionPool(host='api.hyperliquid.xyz', port=443): Max retries exceeded with url: /info (Caused by NameResolutionError("HTTPSConnection(host='api.hyperliquid.xyz', port=443): Failed to resolve 'api.hyperliquid.xyz' ([Errno 11001] getaddrinfo failed)"))
2026-04-29 22:47:19,497 [WARNING] HL API error: HTTPSConnectionPool(host='api.hyperliquid.xyz', port=443): Max retries exceeded with url: /info (Caused by NameResolutionError("HTTPSConnection(host='api.hyperliquid.xyz', port=443): Failed to resolve 'api.hyperliquid.xyz' ([Errno 11001] getaddrinfo failed)"))
2026-04-29 22:47:19,500 [WARNING] HL API error: HTTPSConnectionPool(host='api.hyperliquid.xyz', port=443): Max retries exceeded with url: /info (Caused by NameResolutionError("HTTPSConnection(host='api.hyperliquid.xyz', port=443): Failed to resolve 'api.hyperliquid.xyz' ([Errno 11001] getaddrinfo failed)"))
2026-04-29 22:47:19,522 [INFO] Signal written: NONE, strength=0.00, valid=False
2026-04-29 23:02:19,528 [INFO] === Run Once ===
2026-04-29 23:02:19,529 [INFO] Using cached ranking (3.3h old)
2026-04-29 23:02:19,533 [WARNING] HL API error: HTTPSConnectionPool(host='api.hyperliquid.xyz', port=443): Max retries exceeded with url: /info (Caused by NameResolutionError("HTTPSConnection(host='api.hyperliquid.xyz', port=443): Failed to resolve 'api.hyperliquid.xyz' ([Errno 11001] getaddrinfo failed)"))
2026-04-29 23:02:19,538 [WARNING] HL API error: HTTPSConnectionPool(host='api.hyperliquid.xyz', port=443): Max retries exceeded with url: /info (Caused by NameResolutionError("HTTPSConnection(host='api.hyperliquid.xyz', port=443): Failed to resolve 'api.hyperliquid.xyz' ([Errno 11001] getaddrinfo failed)"))
2026-04-29 23:02:19,539 [WARNING] HL API error: HTTPSConnectionPool(host='api.hyperliquid.xyz', port=443): Max retries exceeded with url: /info (Caused by NameResolutionError("HTTPSConnection(host='api.hyperliquid.xyz', port=443): Failed to resolve 'api.hyperliquid.xyz' ([Errno 11001] getaddrinfo failed)"))
2026-04-29 23:02:19,556 [INFO] Signal written: NONE, strength=0.00, valid=False
2026-04-29 23:17:19,570 [INFO] === Run Once ===
2026-04-29 23:17:19,571 [INFO] Using cached ranking (3.5h old)
2026-04-29 23:17:19,579 [WARNING] HL API error: HTTPSConnectionPool(host='api.hyperliquid.xyz', port=443): Max retries exceeded with url: /info (Caused by NameResolutionError("HTTPSConnection(host='api.hyperliquid.xyz', port=443): Failed to resolve 'api.hyperliquid.xyz' ([Errno 11001] getaddrinfo failed)"))
2026-04-29 23:17:19,581 [WARNING] HL API error: HTTPSConnectionPool(host='api.hyperliquid.xyz', port=443): Max retries exceeded with url: /info (Caused by NameResolutionError("HTTPSConnection(host='api.hyperliquid.xyz', port=443): Failed to resolve 'api.hyperliquid.xyz' ([Errno 11001] getaddrinfo failed)"))
2026-04-29 23:17:19,582 [WARNING] HL API error: HTTPSConnectionPool(host='api.hyperliquid.xyz', port=443): Max retries exceeded with url: /info (Caused by NameResolutionError("HTTPSConnection(host='api.hyperliquid.xyz', port=443): Failed to resolve 'api.hyperliquid.xyz' ([Errno 11001] getaddrinfo failed)"))
2026-04-29 23:17:19,598 [INFO] Signal written: NONE, strength=0.00, valid=False
2026-04-29 23:32:19,610 [INFO] === Run Once ===
2026-04-29 23:32:19,611 [INFO] Using cached ranking (3.8h old)
2026-04-29 23:32:19,614 [WARNING] HL API error: HTTPSConnectionPool(host='api.hyperliquid.xyz', port=443): Max retries exceeded with url: /info (Caused by NameResolutionError("HTTPSConnection(host='api.hyperliquid.xyz', port=443): Failed to resolve 'api.hyperliquid.xyz' ([Errno 11001] getaddrinfo failed)"))
2026-04-29 23:32:19,617 [WARNING] HL API error: HTTPSConnectionPool(host='api.hyperliquid.xyz', port=443): Max retries exceeded with url: /info (Caused by NameResolutionError("HTTPSConnection(host='api.hyperliquid.xyz', port=443): Failed to resolve 'api.hyperliquid.xyz' ([Errno 11001] getaddrinfo failed)"))
2026-04-29 23:32:19,620 [WARNING] HL API error: HTTPSConnectionPool(host='api.hyperliquid.xyz', port=443): Max retries exceeded with url: /info (Caused by NameResolutionError("HTTPSConnection(host='api.hyperliquid.xyz', port=443): Failed to resolve 'api.hyperliquid.xyz' ([Errno 11001] getaddrinfo failed)"))
2026-04-29 23:32:19,637 [INFO] Signal written: NONE, strength=0.00, valid=False
2026-04-29 23:47:19,646 [INFO] === Run Once ===
2026-04-29 23:47:19,649 [INFO] Using cached ranking (4.0h old)
2026-04-29 23:47:19,656 [WARNING] HL API error: HTTPSConnectionPool(host='api.hyperliquid.xyz', port=443): Max retries exceeded with url: /info (Caused by NameResolutionError("HTTPSConnection(host='api.hyperliquid.xyz', port=443): Failed to resolve 'api.hyperliquid.xyz' ([Errno 11001] getaddrinfo failed)"))
2026-04-29 23:47:19,657 [WARNING] HL API error: HTTPSConnectionPool(host='api.hyperliquid.xyz', port=443): Max retries exceeded with url: /info (Caused by NameResolutionError("HTTPSConnection(host='api.hyperliquid.xyz', port=443): Failed to resolve 'api.hyperliquid.xyz' ([Errno 11001] getaddrinfo failed)"))
2026-04-29 23:47:19,658 [WARNING] HL API error: HTTPSConnectionPool(host='api.hyperliquid.xyz', port=443): Max retries exceeded with url: /info (Caused by NameResolutionError("HTTPSConnection(host='api.hyperliquid.xyz', port=443): Failed to resolve 'api.hyperliquid.xyz' ([Errno 11001] getaddrinfo failed)"))
2026-04-29 23:47:19,674 [INFO] Signal written: NONE, strength=0.00, valid=False
2026-04-30 00:02:19,687 [INFO] === Run Once ===
2026-04-30 00:02:19,689 [INFO] Using cached ranking (4.3h old)
2026-04-30 00:02:19,696 [WARNING] HL API error: HTTPSConnectionPool(host='api.hyperliquid.xyz', port=443): Max retries exceeded with url: /info (Caused by NameResolutionError("HTTPSConnection(host='api.hyperliquid.xyz', port=443): Failed to resolve 'api.hyperliquid.xyz' ([Errno 11001] getaddrinfo failed)"))
2026-04-30 00:02:19,701 [WARNING] HL API error: HTTPSConnectionPool(host='api.hyperliquid.xyz', port=443): Max retries exceeded with url: /info (Caused by NameResolutionError("HTTPSConnection(host='api.hyperliquid.xyz', port=443): Failed to resolve 'api.hyperliquid.xyz' ([Errno 11001] getaddrinfo failed)"))
2026-04-30 00:02:19,717 [WARNING] HL API error: HTTPSConnectionPool(host='api.hyperliquid.xyz', port=443): Max retries exceeded with url: /info (Caused by NameResolutionError("HTTPSConnection(host='api.hyperliquid.xyz', port=443): Failed to resolve 'api.hyperliquid.xyz' ([Errno 11001] getaddrinfo failed)"))
2026-04-30 00:02:19,735 [INFO] Signal written: NONE, strength=0.00, valid=False
2026-04-30 00:17:19,745 [INFO] === Run Once ===
2026-04-30 00:17:19,747 [INFO] Using cached ranking (4.5h old)
2026-04-30 00:17:19,754 [WARNING] HL API error: HTTPSConnectionPool(host='api.hyperliquid.xyz', port=443): Max retries exceeded with url: /info (Caused by NameResolutionError("HTTPSConnection(host='api.hyperliquid.xyz', port=443): Failed to resolve 'api.hyperliquid.xyz' ([Errno 11001] getaddrinfo failed)"))
2026-04-30 00:17:19,756 [WARNING] HL API error: HTTPSConnectionPool(host='api.hyperliquid.xyz', port=443): Max retries exceeded with url: /info (Caused by NameResolutionError("HTTPSConnection(host='api.hyperliquid.xyz', port=443): Failed to resolve 'api.hyperliquid.xyz' ([Errno 11001] getaddrinfo failed)"))
2026-04-30 00:17:19,757 [WARNING] HL API error: HTTPSConnectionPool(host='api.hyperliquid.xyz', port=443): Max retries exceeded with url: /info (Caused by NameResolutionError("HTTPSConnection(host='api.hyperliquid.xyz', port=443): Failed to resolve 'api.hyperliquid.xyz' ([Errno 11001] getaddrinfo failed)"))
2026-04-30 00:17:19,770 [INFO] Signal written: NONE, strength=0.00, valid=False
2026-04-30 00:32:19,784 [INFO] === Run Once ===
2026-04-30 00:32:19,785 [INFO] Using cached ranking (4.8h old)
2026-04-30 00:32:19,789 [WARNING] HL API error: HTTPSConnectionPool(host='api.hyperliquid.xyz', port=443): Max retries exceeded with url: /info (Caused by NameResolutionError("HTTPSConnection(host='api.hyperliquid.xyz', port=443): Failed to resolve 'api.hyperliquid.xyz' ([Errno 11001] getaddrinfo failed)"))
2026-04-30 00:32:19,793 [WARNING] HL API error: HTTPSConnectionPool(host='api.hyperliquid.xyz', port=443): Max retries exceeded with url: /info (Caused by NameResolutionError("HTTPSConnection(host='api.hyperliquid.xyz', port=443): Failed to resolve 'api.hyperliquid.xyz' ([Errno 11001] getaddrinfo failed)"))
2026-04-30 00:32:19,796 [WARNING] HL API error: HTTPSConnectionPool(host='api.hyperliquid.xyz', port=443): Max retries exceeded with url: /info (Caused by NameResolutionError("HTTPSConnection(host='api.hyperliquid.xyz', port=443): Failed to resolve 'api.hyperliquid.xyz' ([Errno 11001] getaddrinfo failed)"))
2026-04-30 00:32:19,814 [INFO] Signal written: NONE, strength=0.00, valid=False
2026-04-30 00:47:19,824 [INFO] === Run Once ===
2026-04-30 00:47:19,826 [INFO] Using cached ranking (5.0h old)
2026-04-30 00:47:19,831 [WARNING] HL API error: HTTPSConnectionPool(host='api.hyperliquid.xyz', port=443): Max retries exceeded with url: /info (Caused by NameResolutionError("HTTPSConnection(host='api.hyperliquid.xyz', port=443): Failed to resolve 'api.hyperliquid.xyz' ([Errno 11001] getaddrinfo failed)"))
2026-04-30 00:47:19,832 [WARNING] HL API error: HTTPSConnectionPool(host='api.hyperliquid.xyz', port=443): Max retries exceeded with url: /info (Caused by NameResolutionError("HTTPSConnection(host='api.hyperliquid.xyz', port=443): Failed to resolve 'api.hyperliquid.xyz' ([Errno 11001] getaddrinfo failed)"))
2026-04-30 00:47:19,833 [WARNING] HL API error: HTTPSConnectionPool(host='api.hyperliquid.xyz', port=443): Max retries exceeded with url: /info (Caused by NameResolutionError("HTTPSConnection(host='api.hyperliquid.xyz', port=443): Failed to resolve 'api.hyperliquid.xyz' ([Errno 11001] getaddrinfo failed)"))
2026-04-30 00:47:19,854 [INFO] Signal written: NONE, strength=0.00, valid=False
2026-04-30 01:02:19,866 [INFO] === Run Once ===
2026-04-30 01:02:19,868 [INFO] Using cached ranking (5.3h old)
2026-04-30 01:02:19,875 [WARNING] HL API error: HTTPSConnectionPool(host='api.hyperliquid.xyz', port=443): Max retries exceeded with url: /info (Caused by NameResolutionError("HTTPSConnection(host='api.hyperliquid.xyz', port=443): Failed to resolve 'api.hyperliquid.xyz' ([Errno 11001] getaddrinfo failed)"))
2026-04-30 01:02:19,876 [WARNING] HL API error: HTTPSConnectionPool(host='api.hyperliquid.xyz', port=443): Max retries exceeded with url: /info (Caused by NameResolutionError("HTTPSConnection(host='api.hyperliquid.xyz', port=443): Failed to resolve 'api.hyperliquid.xyz' ([Errno 11001] getaddrinfo failed)"))
2026-04-30 01:02:19,877 [WARNING] HL API error: HTTPSConnectionPool(host='api.hyperliquid.xyz', port=443): Max retries exceeded with url: /info (Caused by NameResolutionError("HTTPSConnection(host='api.hyperliquid.xyz', port=443): Failed to resolve 'api.hyperliquid.xyz' ([Errno 11001] getaddrinfo failed)"))
2026-04-30 01:02:19,893 [INFO] Signal written: NONE, strength=0.00, valid=False
2026-04-30 01:17:19,906 [INFO] === Run Once ===
2026-04-30 01:17:19,906 [INFO] Using cached ranking (5.5h old)
2026-04-30 01:17:19,908 [WARNING] HL API error: HTTPSConnectionPool(host='api.hyperliquid.xyz', port=443): Max retries exceeded with url: /info (Caused by NameResolutionError("HTTPSConnection(host='api.hyperliquid.xyz', port=443): Failed to resolve 'api.hyperliquid.xyz' ([Errno 11001] getaddrinfo failed)"))
2026-04-30 01:17:19,910 [WARNING] HL API error: HTTPSConnectionPool(host='api.hyperliquid.xyz', port=443): Max retries exceeded with url: /info (Caused by NameResolutionError("HTTPSConnection(host='api.hyperliquid.xyz', port=443): Failed to resolve 'api.hyperliquid.xyz' ([Errno 11001] getaddrinfo failed)"))
2026-04-30 01:17:19,911 [WARNING] HL API error: HTTPSConnectionPool(host='api.hyperliquid.xyz', port=443): Max retries exceeded with url: /info (Caused by NameResolutionError("HTTPSConnection(host='api.hyperliquid.xyz', port=443): Failed to resolve 'api.hyperliquid.xyz' ([Errno 11001] getaddrinfo failed)"))
2026-04-30 01:17:19,921 [INFO] Signal written: NONE, strength=0.00, valid=False
2026-04-30 01:32:19,925 [INFO] === Run Once ===
2026-04-30 01:32:19,927 [INFO] Using cached ranking (5.8h old)
2026-04-30 01:32:19,933 [WARNING] HL API error: HTTPSConnectionPool(host='api.hyperliquid.xyz', port=443): Max retries exceeded with url: /info (Caused by NameResolutionError("HTTPSConnection(host='api.hyperliquid.xyz', port=443): Failed to resolve 'api.hyperliquid.xyz' ([Errno 11001] getaddrinfo failed)"))
2026-04-30 01:32:19,934 [WARNING] HL API error: HTTPSConnectionPool(host='api.hyperliquid.xyz', port=443): Max retries exceeded with url: /info (Caused by NameResolutionError("HTTPSConnection(host='api.hyperliquid.xyz', port=443): Failed to resolve 'api.hyperliquid.xyz' ([Errno 11001] getaddrinfo failed)"))
2026-04-30 01:32:19,935 [WARNING] HL API error: HTTPSConnectionPool(host='api.hyperliquid.xyz', port=443): Max retries exceeded with url: /info (Caused by NameResolutionError("HTTPSConnection(host='api.hyperliquid.xyz', port=443): Failed to resolve 'api.hyperliquid.xyz' ([Errno 11001] getaddrinfo failed)"))
2026-04-30 01:32:19,963 [INFO] Signal written: NONE, strength=0.00, valid=False
2026-04-30 01:47:19,971 [INFO] === Run Once ===
2026-04-30 01:47:19,973 [INFO] Using cached ranking (6.0h old)
2026-04-30 01:47:19,978 [WARNING] HL API error: HTTPSConnectionPool(host='api.hyperliquid.xyz', port=443): Max retries exceeded with url: /info (Caused by NameResolutionError("HTTPSConnection(host='api.hyperliquid.xyz', port=443): Failed to resolve 'api.hyperliquid.xyz' ([Errno 11001] getaddrinfo failed)"))
2026-04-30 01:47:19,979 [WARNING] HL API error: HTTPSConnectionPool(host='api.hyperliquid.xyz', port=443): Max retries exceeded with url: /info (Caused by NameResolutionError("HTTPSConnection(host='api.hyperliquid.xyz', port=443): Failed to resolve 'api.hyperliquid.xyz' ([Errno 11001] getaddrinfo failed)"))
2026-04-30 01:47:19,980 [WARNING] HL API error: HTTPSConnectionPool(host='api.hyperliquid.xyz', port=443): Max retries exceeded with url: /info (Caused by NameResolutionError("HTTPSConnection(host='api.hyperliquid.xyz', port=443): Failed to resolve 'api.hyperliquid.xyz' ([Errno 11001] getaddrinfo failed)"))
2026-04-30 01:47:20,007 [INFO] Signal written: NONE, strength=0.00, valid=False
2026-04-30 02:02:20,019 [INFO] === Run Once ===
2026-04-30 02:02:20,021 [INFO] Using cached ranking (6.3h old)
2026-04-30 02:02:20,027 [WARNING] HL API error: HTTPSConnectionPool(host='api.hyperliquid.xyz', port=443): Max retries exceeded with url: /info (Caused by NameResolutionError("HTTPSConnection(host='api.hyperliquid.xyz', port=443): Failed to resolve 'api.hyperliquid.xyz' ([Errno 11001] getaddrinfo failed)"))
2026-04-30 02:02:20,031 [WARNING] HL API error: HTTPSConnectionPool(host='api.hyperliquid.xyz', port=443): Max retries exceeded with url: /info (Caused by NameResolutionError("HTTPSConnection(host='api.hyperliquid.xyz', port=443): Failed to resolve 'api.hyperliquid.xyz' ([Errno 11001] getaddrinfo failed)"))
2026-04-30 02:02:20,031 [WARNING] HL API error: HTTPSConnectionPool(host='api.hyperliquid.xyz', port=443): Max retries exceeded with url: /info (Caused by NameResolutionError("HTTPSConnection(host='api.hyperliquid.xyz', port=443): Failed to resolve 'api.hyperliquid.xyz' ([Errno 11001] getaddrinfo failed)"))
2026-04-30 02:02:20,050 [INFO] Signal written: NONE, strength=0.00, valid=False
2026-04-30 02:17:20,057 [INFO] === Run Once ===
2026-04-30 02:17:20,060 [INFO] Using cached ranking (6.5h old)
2026-04-30 02:17:20,065 [WARNING] HL API error: HTTPSConnectionPool(host='api.hyperliquid.xyz', port=443): Max retries exceeded with url: /info (Caused by NameResolutionError("HTTPSConnection(host='api.hyperliquid.xyz', port=443): Failed to resolve 'api.hyperliquid.xyz' ([Errno 11001] getaddrinfo failed)"))
2026-04-30 02:17:20,067 [WARNING] HL API error: HTTPSConnectionPool(host='api.hyperliquid.xyz', port=443): Max retries exceeded with url: /info (Caused by NameResolutionError("HTTPSConnection(host='api.hyperliquid.xyz', port=443): Failed to resolve 'api.hyperliquid.xyz' ([Errno 11001] getaddrinfo failed)"))
2026-04-30 02:17:20,067 [WARNING] HL API error: HTTPSConnectionPool(host='api.hyperliquid.xyz', port=443): Max retries exceeded with url: /info (Caused by NameResolutionError("HTTPSConnection(host='api.hyperliquid.xyz', port=443): Failed to resolve 'api.hyperliquid.xyz' ([Errno 11001] getaddrinfo failed)"))
2026-04-30 02:17:20,081 [INFO] Signal written: NONE, strength=0.00, valid=False
2026-04-30 02:32:20,094 [INFO] === Run Once ===
2026-04-30 02:32:20,095 [INFO] Using cached ranking (6.8h old)
2026-04-30 02:32:20,100 [WARNING] HL API error: HTTPSConnectionPool(host='api.hyperliquid.xyz', port=443): Max retries exceeded with url: /info (Caused by NameResolutionError("HTTPSConnection(host='api.hyperliquid.xyz', port=443): Failed to resolve 'api.hyperliquid.xyz' ([Errno 11001] getaddrinfo failed)"))
2026-04-30 02:32:20,103 [WARNING] HL API error: HTTPSConnectionPool(host='api.hyperliquid.xyz', port=443): Max retries exceeded with url: /info (Caused by NameResolutionError("HTTPSConnection(host='api.hyperliquid.xyz', port=443): Failed to resolve 'api.hyperliquid.xyz' ([Errno 11001] getaddrinfo failed)"))
2026-04-30 02:32:20,106 [WARNING] HL API error: HTTPSConnectionPool(host='api.hyperliquid.xyz', port=443): Max retries exceeded with url: /info (Caused by NameResolutionError("HTTPSConnection(host='api.hyperliquid.xyz', port=443): Failed to resolve 'api.hyperliquid.xyz' ([Errno 11001] getaddrinfo failed)"))
2026-04-30 02:32:20,122 [INFO] Signal written: NONE, strength=0.00, valid=False
2026-04-30 02:47:20,129 [INFO] === Run Once ===
2026-04-30 02:47:20,131 [INFO] Using cached ranking (7.0h old)
2026-04-30 02:47:20,138 [WARNING] HL API error: HTTPSConnectionPool(host='api.hyperliquid.xyz', port=443): Max retries exceeded with url: /info (Caused by NameResolutionError("HTTPSConnection(host='api.hyperliquid.xyz', port=443): Failed to resolve 'api.hyperliquid.xyz' ([Errno 11001] getaddrinfo failed)"))
2026-04-30 02:47:20,139 [WARNING] HL API error: HTTPSConnectionPool(host='api.hyperliquid.xyz', port=443): Max retries exceeded with url: /info (Caused by NameResolutionError("HTTPSConnection(host='api.hyperliquid.xyz', port=443): Failed to resolve 'api.hyperliquid.xyz' ([Errno 11001] getaddrinfo failed)"))
2026-04-30 02:47:20,140 [WARNING] HL API error: HTTPSConnectionPool(host='api.hyperliquid.xyz', port=443): Max retries exceeded with url: /info (Caused by NameResolutionError("HTTPSConnection(host='api.hyperliquid.xyz', port=443): Failed to resolve 'api.hyperliquid.xyz' ([Errno 11001] getaddrinfo failed)"))
2026-04-30 02:47:20,157 [INFO] Signal written: NONE, strength=0.00, valid=False
2026-04-30 03:02:20,170 [INFO] === Run Once ===
2026-04-30 03:02:20,171 [INFO] Using cached ranking (7.3h old)
2026-04-30 03:02:20,174 [WARNING] HL API error: HTTPSConnectionPool(host='api.hyperliquid.xyz', port=443): Max retries exceeded with url: /info (Caused by NameResolutionError("HTTPSConnection(host='api.hyperliquid.xyz', port=443): Failed to resolve 'api.hyperliquid.xyz' ([Errno 11001] getaddrinfo failed)"))
2026-04-30 03:02:20,178 [WARNING] HL API error: HTTPSConnectionPool(host='api.hyperliquid.xyz', port=443): Max retries exceeded with url: /info (Caused by NameResolutionError("HTTPSConnection(host='api.hyperliquid.xyz', port=443): Failed to resolve 'api.hyperliquid.xyz' ([Errno 11001] getaddrinfo failed)"))
2026-04-30 03:02:20,181 [WARNING] HL API error: HTTPSConnectionPool(host='api.hyperliquid.xyz', port=443): Max retries exceeded with url: /info (Caused by NameResolutionError("HTTPSConnection(host='api.hyperliquid.xyz', port=443): Failed to resolve 'api.hyperliquid.xyz' ([Errno 11001] getaddrinfo failed)"))
2026-04-30 03:02:20,198 [INFO] Signal written: NONE, strength=0.00, valid=False
2026-04-30 03:17:20,208 [INFO] === Run Once ===
2026-04-30 03:17:20,211 [INFO] Using cached ranking (7.5h old)
2026-04-30 03:17:20,216 [WARNING] HL API error: HTTPSConnectionPool(host='api.hyperliquid.xyz', port=443): Max retries exceeded with url: /info (Caused by NameResolutionError("HTTPSConnection(host='api.hyperliquid.xyz', port=443): Failed to resolve 'api.hyperliquid.xyz' ([Errno 11001] getaddrinfo failed)"))
2026-04-30 03:17:20,218 [WARNING] HL API error: HTTPSConnectionPool(host='api.hyperliquid.xyz', port=443): Max retries exceeded with url: /info (Caused by NameResolutionError("HTTPSConnection(host='api.hyperliquid.xyz', port=443): Failed to resolve 'api.hyperliquid.xyz' ([Errno 11001] getaddrinfo failed)"))
2026-04-30 03:17:20,221 [WARNING] HL API error: HTTPSConnectionPool(host='api.hyperliquid.xyz', port=443): Max retries exceeded with url: /info (Caused by NameResolutionError("HTTPSConnection(host='api.hyperliquid.xyz', port=443): Failed to resolve 'api.hyperliquid.xyz' ([Errno 11001] getaddrinfo failed)"))
2026-04-30 03:17:20,233 [INFO] Signal written: NONE, strength=0.00, valid=False
2026-04-30 03:32:20,236 [INFO] === Run Once ===
2026-04-30 03:32:20,238 [INFO] Using cached ranking (7.8h old)
2026-04-30 03:32:20,244 [WARNING] HL API error: HTTPSConnectionPool(host='api.hyperliquid.xyz', port=443): Max retries exceeded with url: /info (Caused by NameResolutionError("HTTPSConnection(host='api.hyperliquid.xyz', port=443): Failed to resolve 'api.hyperliquid.xyz' ([Errno 11001] getaddrinfo failed)"))
2026-04-30 03:32:20,249 [WARNING] HL API error: HTTPSConnectionPool(host='api.hyperliquid.xyz', port=443): Max retries exceeded with url: /info (Caused by NameResolutionError("HTTPSConnection(host='api.hyperliquid.xyz', port=443): Failed to resolve 'api.hyperliquid.xyz' ([Errno 11001] getaddrinfo failed)"))
2026-04-30 03:32:20,254 [WARNING] HL API error: HTTPSConnectionPool(host='api.hyperliquid.xyz', port=443): Max retries exceeded with url: /info (Caused by NameResolutionError("HTTPSConnection(host='api.hyperliquid.xyz', port=443): Failed to resolve 'api.hyperliquid.xyz' ([Errno 11001] getaddrinfo failed)"))
2026-04-30 03:32:20,295 [INFO] Signal written: NONE, strength=0.00, valid=False
2026-04-30 03:47:20,299 [INFO] === Run Once ===
2026-04-30 03:47:20,301 [INFO] Using cached ranking (8.0h old)
2026-04-30 03:47:20,307 [WARNING] HL API error: HTTPSConnectionPool(host='api.hyperliquid.xyz', port=443): Max retries exceeded with url: /info (Caused by NameResolutionError("HTTPSConnection(host='api.hyperliquid.xyz', port=443): Failed to resolve 'api.hyperliquid.xyz' ([Errno 11001] getaddrinfo failed)"))
2026-04-30 03:47:20,308 [WARNING] HL API error: HTTPSConnectionPool(host='api.hyperliquid.xyz', port=443): Max retries exceeded with url: /info (Caused by NameResolutionError("HTTPSConnection(host='api.hyperliquid.xyz', port=443): Failed to resolve 'api.hyperliquid.xyz' ([Errno 11001] getaddrinfo failed)"))
2026-04-30 03:47:20,309 [WARNING] HL API error: HTTPSConnectionPool(host='api.hyperliquid.xyz', port=443): Max retries exceeded with url: /info (Caused by NameResolutionError("HTTPSConnection(host='api.hyperliquid.xyz', port=443): Failed to resolve 'api.hyperliquid.xyz' ([Errno 11001] getaddrinfo failed)"))
2026-04-30 03:47:20,339 [INFO] Signal written: NONE, strength=0.00, valid=False
2026-04-30 04:02:20,341 [INFO] === Run Once ===
2026-04-30 04:02:20,343 [INFO] Using cached ranking (8.3h old)
2026-04-30 04:02:20,350 [WARNING] HL API error: HTTPSConnectionPool(host='api.hyperliquid.xyz', port=443): Max retries exceeded with url: /info (Caused by NameResolutionError("HTTPSConnection(host='api.hyperliquid.xyz', port=443): Failed to resolve 'api.hyperliquid.xyz' ([Errno 11001] getaddrinfo failed)"))
2026-04-30 04:02:20,356 [WARNING] HL API error: HTTPSConnectionPool(host='api.hyperliquid.xyz', port=443): Max retries exceeded with url: /info (Caused by NameResolutionError("HTTPSConnection(host='api.hyperliquid.xyz', port=443): Failed to resolve 'api.hyperliquid.xyz' ([Errno 11001] getaddrinfo failed)"))
2026-04-30 04:02:20,361 [WARNING] HL API error: HTTPSConnectionPool(host='api.hyperliquid.xyz', port=443): Max retries exceeded with url: /info (Caused by NameResolutionError("HTTPSConnection(host='api.hyperliquid.xyz', port=443): Failed to resolve 'api.hyperliquid.xyz' ([Errno 11001] getaddrinfo failed)"))
2026-04-30 04:02:20,385 [INFO] Signal written: NONE, strength=0.00, valid=False
2026-04-30 04:17:20,388 [INFO] === Run Once ===
2026-04-30 04:17:20,390 [INFO] Using cached ranking (8.5h old)
2026-04-30 04:17:20,396 [WARNING] HL API error: HTTPSConnectionPool(host='api.hyperliquid.xyz', port=443): Max retries exceeded with url: /info (Caused by NameResolutionError("HTTPSConnection(host='api.hyperliquid.xyz', port=443): Failed to resolve 'api.hyperliquid.xyz' ([Errno 11001] getaddrinfo failed)"))
2026-04-30 04:17:20,397 [WARNING] HL API error: HTTPSConnectionPool(host='api.hyperliquid.xyz', port=443): Max retries exceeded with url: /info (Caused by NameResolutionError("HTTPSConnection(host='api.hyperliquid.xyz', port=443): Failed to resolve 'api.hyperliquid.xyz' ([Errno 11001] getaddrinfo failed)"))
2026-04-30 04:17:20,398 [WARNING] HL API error: HTTPSConnectionPool(host='api.hyperliquid.xyz', port=443): Max retries exceeded with url: /info (Caused by NameResolutionError("HTTPSConnection(host='api.hyperliquid.xyz', port=443): Failed to resolve 'api.hyperliquid.xyz' ([Errno 11001] getaddrinfo failed)"))
2026-04-30 04:17:20,417 [INFO] Signal written: NONE, strength=0.00, valid=False
2026-04-30 04:32:20,423 [INFO] === Run Once ===
2026-04-30 04:32:20,425 [INFO] Using cached ranking (8.8h old)
2026-04-30 04:32:20,433 [WARNING] HL API error: HTTPSConnectionPool(host='api.hyperliquid.xyz', port=443): Max retries exceeded with url: /info (Caused by NameResolutionError("HTTPSConnection(host='api.hyperliquid.xyz', port=443): Failed to resolve 'api.hyperliquid.xyz' ([Errno 11001] getaddrinfo failed)"))
2026-04-30 04:32:20,435 [WARNING] HL API error: HTTPSConnectionPool(host='api.hyperliquid.xyz', port=443): Max retries exceeded with url: /info (Caused by NameResolutionError("HTTPSConnection(host='api.hyperliquid.xyz', port=443): Failed to resolve 'api.hyperliquid.xyz' ([Errno 11001] getaddrinfo failed)"))
2026-04-30 04:32:20,436 [WARNING] HL API error: HTTPSConnectionPool(host='api.hyperliquid.xyz', port=443): Max retries exceeded with url: /info (Caused by NameResolutionError("HTTPSConnection(host='api.hyperliquid.xyz', port=443): Failed to resolve 'api.hyperliquid.xyz' ([Errno 11001] getaddrinfo failed)"))
2026-04-30 04:32:20,449 [INFO] Signal written: NONE, strength=0.00, valid=False
2026-04-30 04:47:20,452 [INFO] === Run Once ===
2026-04-30 04:47:20,453 [INFO] Using cached ranking (9.0h old)
2026-04-30 04:47:20,455 [WARNING] HL API error: HTTPSConnectionPool(host='api.hyperliquid.xyz', port=443): Max retries exceeded with url: /info (Caused by NameResolutionError("HTTPSConnection(host='api.hyperliquid.xyz', port=443): Failed to resolve 'api.hyperliquid.xyz' ([Errno 11001] getaddrinfo failed)"))
2026-04-30 04:47:20,456 [WARNING] HL API error: HTTPSConnectionPool(host='api.hyperliquid.xyz', port=443): Max retries exceeded with url: /info (Caused by NameResolutionError("HTTPSConnection(host='api.hyperliquid.xyz', port=443): Failed to resolve 'api.hyperliquid.xyz' ([Errno 11001] getaddrinfo failed)"))
2026-04-30 04:47:20,457 [WARNING] HL API error: HTTPSConnectionPool(host='api.hyperliquid.xyz', port=443): Max retries exceeded with url: /info (Caused by NameResolutionError("HTTPSConnection(host='api.hyperliquid.xyz', port=443): Failed to resolve 'api.hyperliquid.xyz' ([Errno 11001] getaddrinfo failed)"))
2026-04-30 04:47:20,468 [INFO] Signal written: NONE, strength=0.00, valid=False
2026-04-30 05:02:20,470 [INFO] === Run Once ===
2026-04-30 05:02:20,472 [INFO] Using cached ranking (9.3h old)
2026-04-30 05:02:20,475 [WARNING] HL API error: HTTPSConnectionPool(host='api.hyperliquid.xyz', port=443): Max retries exceeded with url: /info (Caused by NameResolutionError("HTTPSConnection(host='api.hyperliquid.xyz', port=443): Failed to resolve 'api.hyperliquid.xyz' ([Errno 11001] getaddrinfo failed)"))
2026-04-30 05:02:20,477 [WARNING] HL API error: HTTPSConnectionPool(host='api.hyperliquid.xyz', port=443): Max retries exceeded with url: /info (Caused by NameResolutionError("HTTPSConnection(host='api.hyperliquid.xyz', port=443): Failed to resolve 'api.hyperliquid.xyz' ([Errno 11001] getaddrinfo failed)"))
2026-04-30 05:02:20,478 [WARNING] HL API error: HTTPSConnectionPool(host='api.hyperliquid.xyz', port=443): Max retries exceeded with url: /info (Caused by NameResolutionError("HTTPSConnection(host='api.hyperliquid.xyz', port=443): Failed to resolve 'api.hyperliquid.xyz' ([Errno 11001] getaddrinfo failed)"))
2026-04-30 05:02:20,486 [INFO] Signal written: NONE, strength=0.00, valid=False
2026-04-30 05:17:20,494 [INFO] === Run Once ===
2026-04-30 05:17:20,496 [INFO] Using cached ranking (9.5h old)
2026-04-30 05:17:20,501 [WARNING] HL API error: HTTPSConnectionPool(host='api.hyperliquid.xyz', port=443): Max retries exceeded with url: /info (Caused by NameResolutionError("HTTPSConnection(host='api.hyperliquid.xyz', port=443): Failed to resolve 'api.hyperliquid.xyz' ([Errno 11001] getaddrinfo failed)"))
2026-04-30 05:17:20,503 [WARNING] HL API error: HTTPSConnectionPool(host='api.hyperliquid.xyz', port=443): Max retries exceeded with url: /info (Caused by NameResolutionError("HTTPSConnection(host='api.hyperliquid.xyz', port=443): Failed to resolve 'api.hyperliquid.xyz' ([Errno 11001] getaddrinfo failed)"))
2026-04-30 05:17:20,504 [WARNING] HL API error: HTTPSConnectionPool(host='api.hyperliquid.xyz', port=443): Max retries exceeded with url: /info (Caused by NameResolutionError("HTTPSConnection(host='api.hyperliquid.xyz', port=443): Failed to resolve 'api.hyperliquid.xyz' ([Errno 11001] getaddrinfo failed)"))
2026-04-30 05:17:20,523 [INFO] Signal written: NONE, strength=0.00, valid=False
2026-04-30 05:32:20,535 [INFO] === Run Once ===
2026-04-30 05:32:20,537 [INFO] Using cached ranking (9.8h old)
2026-04-30 05:32:20,541 [WARNING] HL API error: HTTPSConnectionPool(host='api.hyperliquid.xyz', port=443): Max retries exceeded with url: /info (Caused by NameResolutionError("HTTPSConnection(host='api.hyperliquid.xyz', port=443): Failed to resolve 'api.hyperliquid.xyz' ([Errno 11001] getaddrinfo failed)"))
2026-04-30 05:32:20,544 [WARNING] HL API error: HTTPSConnectionPool(host='api.hyperliquid.xyz', port=443): Max retries exceeded with url: /info (Caused by NameResolutionError("HTTPSConnection(host='api.hyperliquid.xyz', port=443): Failed to resolve 'api.hyperliquid.xyz' ([Errno 11001] getaddrinfo failed)"))
2026-04-30 05:32:20,546 [WARNING] HL API error: HTTPSConnectionPool(host='api.hyperliquid.xyz', port=443): Max retries exceeded with url: /info (Caused by NameResolutionError("HTTPSConnection(host='api.hyperliquid.xyz', port=443): Failed to resolve 'api.hyperliquid.xyz' ([Errno 11001] getaddrinfo failed)"))
2026-04-30 05:32:20,564 [INFO] Signal written: NONE, strength=0.00, valid=False
2026-04-30 05:47:20,575 [INFO] === Run Once ===
2026-04-30 05:47:20,577 [INFO] Using cached ranking (10.0h old)
2026-04-30 05:47:20,585 [WARNING] HL API error: HTTPSConnectionPool(host='api.hyperliquid.xyz', port=443): Max retries exceeded with url: /info (Caused by NameResolutionError("HTTPSConnection(host='api.hyperliquid.xyz', port=443): Failed to resolve 'api.hyperliquid.xyz' ([Errno 11001] getaddrinfo failed)"))
2026-04-30 05:47:20,589 [WARNING] HL API error: HTTPSConnectionPool(host='api.hyperliquid.xyz', port=443): Max retries exceeded with url: /info (Caused by NameResolutionError("HTTPSConnection(host='api.hyperliquid.xyz', port=443): Failed to resolve 'api.hyperliquid.xyz' ([Errno 11001] getaddrinfo failed)"))
2026-04-30 05:47:20,590 [WARNING] HL API error: HTTPSConnectionPool(host='api.hyperliquid.xyz', port=443): Max retries exceeded with url: /info (Caused by NameResolutionError("HTTPSConnection(host='api.hyperliquid.xyz', port=443): Failed to resolve 'api.hyperliquid.xyz' ([Errno 11001] getaddrinfo failed)"))
2026-04-30 05:47:20,603 [INFO] Signal written: NONE, strength=0.00, valid=False
2026-04-30 06:02:20,609 [INFO] === Run Once ===
2026-04-30 06:02:20,610 [INFO] Using cached ranking (10.3h old)
2026-04-30 06:02:20,613 [WARNING] HL API error: HTTPSConnectionPool(host='api.hyperliquid.xyz', port=443): Max retries exceeded with url: /info (Caused by NameResolutionError("HTTPSConnection(host='api.hyperliquid.xyz', port=443): Failed to resolve 'api.hyperliquid.xyz' ([Errno 11001] getaddrinfo failed)"))
2026-04-30 06:02:20,615 [WARNING] HL API error: HTTPSConnectionPool(host='api.hyperliquid.xyz', port=443): Max retries exceeded with url: /info (Caused by NameResolutionError("HTTPSConnection(host='api.hyperliquid.xyz', port=443): Failed to resolve 'api.hyperliquid.xyz' ([Errno 11001] getaddrinfo failed)"))
2026-04-30 06:02:20,618 [WARNING] HL API error: HTTPSConnectionPool(host='api.hyperliquid.xyz', port=443): Max retries exceeded with url: /info (Caused by NameResolutionError("HTTPSConnection(host='api.hyperliquid.xyz', port=443): Failed to resolve 'api.hyperliquid.xyz' ([Errno 11001] getaddrinfo failed)"))
2026-04-30 06:02:20,631 [INFO] Signal written: NONE, strength=0.00, valid=False
2026-04-30 06:17:20,636 [INFO] === Run Once ===
2026-04-30 06:17:20,638 [INFO] Using cached ranking (10.5h old)
2026-04-30 06:17:20,644 [WARNING] HL API error: HTTPSConnectionPool(host='api.hyperliquid.xyz', port=443): Max retries exceeded with url: /info (Caused by NameResolutionError("HTTPSConnection(host='api.hyperliquid.xyz', port=443): Failed to resolve 'api.hyperliquid.xyz' ([Errno 11001] getaddrinfo failed)"))
2026-04-30 06:17:20,646 [WARNING] HL API error: HTTPSConnectionPool(host='api.hyperliquid.xyz', port=443): Max retries exceeded with url: /info (Caused by NameResolutionError("HTTPSConnection(host='api.hyperliquid.xyz', port=443): Failed to resolve 'api.hyperliquid.xyz' ([Errno 11001] getaddrinfo failed)"))
2026-04-30 06:17:20,647 [WARNING] HL API error: HTTPSConnectionPool(host='api.hyperliquid.xyz', port=443): Max retries exceeded with url: /info (Caused by NameResolutionError("HTTPSConnection(host='api.hyperliquid.xyz', port=443): Failed to resolve 'api.hyperliquid.xyz' ([Errno 11001] getaddrinfo failed)"))
2026-04-30 06:17:20,665 [INFO] Signal written: NONE, strength=0.00, valid=False
2026-04-30 06:32:20,674 [INFO] === Run Once ===
2026-04-30 06:32:20,677 [INFO] Using cached ranking (10.8h old)
2026-04-30 06:32:20,684 [WARNING] HL API error: HTTPSConnectionPool(host='api.hyperliquid.xyz', port=443): Max retries exceeded with url: /info (Caused by NameResolutionError("HTTPSConnection(host='api.hyperliquid.xyz', port=443): Failed to resolve 'api.hyperliquid.xyz' ([Errno 11001] getaddrinfo failed)"))
2026-04-30 06:32:20,686 [WARNING] HL API error: HTTPSConnectionPool(host='api.hyperliquid.xyz', port=443): Max retries exceeded with url: /info (Caused by NameResolutionError("HTTPSConnection(host='api.hyperliquid.xyz', port=443): Failed to resolve 'api.hyperliquid.xyz' ([Errno 11001] getaddrinfo failed)"))
2026-04-30 06:32:20,687 [WARNING] HL API error: HTTPSConnectionPool(host='api.hyperliquid.xyz', port=443): Max retries exceeded with url: /info (Caused by NameResolutionError("HTTPSConnection(host='api.hyperliquid.xyz', port=443): Failed to resolve 'api.hyperliquid.xyz' ([Errno 11001] getaddrinfo failed)"))
2026-04-30 06:32:20,700 [INFO] Signal written: NONE, strength=0.00, valid=False
2026-04-30 06:47:20,704 [INFO] === Run Once ===
2026-04-30 06:47:20,705 [INFO] Using cached ranking (11.0h old)
2026-04-30 06:47:20,706 [WARNING] HL API error: HTTPSConnectionPool(host='api.hyperliquid.xyz', port=443): Max retries exceeded with url: /info (Caused by NameResolutionError("HTTPSConnection(host='api.hyperliquid.xyz', port=443): Failed to resolve 'api.hyperliquid.xyz' ([Errno 11001] getaddrinfo failed)"))
2026-04-30 06:47:20,708 [WARNING] HL API error: HTTPSConnectionPool(host='api.hyperliquid.xyz', port=443): Max retries exceeded with url: /info (Caused by NameResolutionError("HTTPSConnection(host='api.hyperliquid.xyz', port=443): Failed to resolve 'api.hyperliquid.xyz' ([Errno 11001] getaddrinfo failed)"))
2026-04-30 06:47:20,709 [WARNING] HL API error: HTTPSConnectionPool(host='api.hyperliquid.xyz', port=443): Max retries exceeded with url: /info (Caused by NameResolutionError("HTTPSConnection(host='api.hyperliquid.xyz', port=443): Failed to resolve 'api.hyperliquid.xyz' ([Errno 11001] getaddrinfo failed)"))
2026-04-30 06:47:20,726 [INFO] Signal written: NONE, strength=0.00, valid=False
2026-04-30 07:02:20,740 [INFO] === Run Once ===
2026-04-30 07:02:20,742 [INFO] Using cached ranking (11.3h old)
2026-04-30 07:02:20,747 [WARNING] HL API error: HTTPSConnectionPool(host='api.hyperliquid.xyz', port=443): Max retries exceeded with url: /info (Caused by NameResolutionError("HTTPSConnection(host='api.hyperliquid.xyz', port=443): Failed to resolve 'api.hyperliquid.xyz' ([Errno 11001] getaddrinfo failed)"))
2026-04-30 07:02:20,748 [WARNING] HL API error: HTTPSConnectionPool(host='api.hyperliquid.xyz', port=443): Max retries exceeded with url: /info (Caused by NameResolutionError("HTTPSConnection(host='api.hyperliquid.xyz', port=443): Failed to resolve 'api.hyperliquid.xyz' ([Errno 11001] getaddrinfo failed)"))
2026-04-30 07:02:20,749 [WARNING] HL API error: HTTPSConnectionPool(host='api.hyperliquid.xyz', port=443): Max retries exceeded with url: /info (Caused by NameResolutionError("HTTPSConnection(host='api.hyperliquid.xyz', port=443): Failed to resolve 'api.hyperliquid.xyz' ([Errno 11001] getaddrinfo failed)"))
2026-04-30 07:02:20,767 [INFO] Signal written: NONE, strength=0.00, valid=False
2026-04-30 07:17:20,775 [INFO] === Run Once ===
2026-04-30 07:17:20,775 [INFO] Using cached ranking (11.5h old)
2026-04-30 07:17:20,778 [WARNING] HL API error: HTTPSConnectionPool(host='api.hyperliquid.xyz', port=443): Max retries exceeded with url: /info (Caused by NameResolutionError("HTTPSConnection(host='api.hyperliquid.xyz', port=443): Failed to resolve 'api.hyperliquid.xyz' ([Errno 11001] getaddrinfo failed)"))
2026-04-30 07:17:20,780 [WARNING] HL API error: HTTPSConnectionPool(host='api.hyperliquid.xyz', port=443): Max retries exceeded with url: /info (Caused by NameResolutionError("HTTPSConnection(host='api.hyperliquid.xyz', port=443): Failed to resolve 'api.hyperliquid.xyz' ([Errno 11001] getaddrinfo failed)"))
2026-04-30 07:17:20,781 [WARNING] HL API error: HTTPSConnectionPool(host='api.hyperliquid.xyz', port=443): Max retries exceeded with url: /info (Caused by NameResolutionError("HTTPSConnection(host='api.hyperliquid.xyz', port=443): Failed to resolve 'api.hyperliquid.xyz' ([Errno 11001] getaddrinfo failed)"))
2026-04-30 07:17:20,798 [INFO] Signal written: NONE, strength=0.00, valid=False
2026-04-30 07:32:20,799 [INFO] === Run Once ===
2026-04-30 07:32:20,800 [INFO] Using cached ranking (11.8h old)
2026-04-30 07:32:20,802 [WARNING] HL API error: HTTPSConnectionPool(host='api.hyperliquid.xyz', port=443): Max retries exceeded with url: /info (Caused by NameResolutionError("HTTPSConnection(host='api.hyperliquid.xyz', port=443): Failed to resolve 'api.hyperliquid.xyz' ([Errno 11001] getaddrinfo failed)"))
2026-04-30 07:32:20,803 [WARNING] HL API error: HTTPSConnectionPool(host='api.hyperliquid.xyz', port=443): Max retries exceeded with url: /info (Caused by NameResolutionError("HTTPSConnection(host='api.hyperliquid.xyz', port=443): Failed to resolve 'api.hyperliquid.xyz' ([Errno 11001] getaddrinfo failed)"))
2026-04-30 07:32:20,804 [WARNING] HL API error: HTTPSConnectionPool(host='api.hyperliquid.xyz', port=443): Max retries exceeded with url: /info (Caused by NameResolutionError("HTTPSConnection(host='api.hyperliquid.xyz', port=443): Failed to resolve 'api.hyperliquid.xyz' ([Errno 11001] getaddrinfo failed)"))
2026-04-30 07:32:20,815 [INFO] Signal written: NONE, strength=0.00, valid=False
2026-04-30 07:47:20,816 [INFO] === Run Once ===
2026-04-30 07:47:20,823 [WARNING] HL API error: HTTPSConnectionPool(host='api.hyperliquid.xyz', port=443): Max retries exceeded with url: /info (Caused by NameResolutionError("HTTPSConnection(host='api.hyperliquid.xyz', port=443): Failed to resolve 'api.hyperliquid.xyz' ([Errno 11001] getaddrinfo failed)"))
2026-04-30 07:47:20,825 [WARNING] HL API error: HTTPSConnectionPool(host='api.hyperliquid.xyz', port=443): Max retries exceeded with url: /info (Caused by NameResolutionError("HTTPSConnection(host='api.hyperliquid.xyz', port=443): Failed to resolve 'api.hyperliquid.xyz' ([Errno 11001] getaddrinfo failed)"))
2026-04-30 07:47:20,826 [DEBUG] Whale_1: Using default metrics (0 fills, trade count estimated)
2026-04-30 07:47:20,826 [INFO] Whale_1: sortino=0.00, wr=50.0%, trades=0, ev=0.0000
2026-04-30 07:47:20,827 [WARNING] HL API error: HTTPSConnectionPool(host='api.hyperliquid.xyz', port=443): Max retries exceeded with url: /info (Caused by NameResolutionError("HTTPSConnection(host='api.hyperliquid.xyz', port=443): Failed to resolve 'api.hyperliquid.xyz' ([Errno 11001] getaddrinfo failed)"))
2026-04-30 07:47:20,828 [WARNING] HL API error: HTTPSConnectionPool(host='api.hyperliquid.xyz', port=443): Max retries exceeded with url: /info (Caused by NameResolutionError("HTTPSConnection(host='api.hyperliquid.xyz', port=443): Failed to resolve 'api.hyperliquid.xyz' ([Errno 11001] getaddrinfo failed)"))
2026-04-30 07:47:20,828 [DEBUG] Whale_2: Using default metrics (0 fills, trade count estimated)
2026-04-30 07:47:20,828 [INFO] Whale_2: sortino=0.00, wr=50.0%, trades=0, ev=0.0000
2026-04-30 07:47:20,829 [WARNING] HL API error: HTTPSConnectionPool(host='api.hyperliquid.xyz', port=443): Max retries exceeded with url: /info (Caused by NameResolutionError("HTTPSConnection(host='api.hyperliquid.xyz', port=443): Failed to resolve 'api.hyperliquid.xyz' ([Errno 11001] getaddrinfo failed)"))
2026-04-30 07:47:20,829 [WARNING] HL API error: HTTPSConnectionPool(host='api.hyperliquid.xyz', port=443): Max retries exceeded with url: /info (Caused by NameResolutionError("HTTPSConnection(host='api.hyperliquid.xyz', port=443): Failed to resolve 'api.hyperliquid.xyz' ([Errno 11001] getaddrinfo failed)"))
2026-04-30 07:47:20,829 [DEBUG] Whale_3: Using default metrics (0 fills, trade count estimated)
2026-04-30 07:47:20,829 [INFO] Whale_3: sortino=0.00, wr=50.0%, trades=0, ev=0.0000
2026-04-30 07:47:20,831 [WARNING] HL API error: HTTPSConnectionPool(host='api.hyperliquid.xyz', port=443): Max retries exceeded with url: /info (Caused by NameResolutionError("HTTPSConnection(host='api.hyperliquid.xyz', port=443): Failed to resolve 'api.hyperliquid.xyz' ([Errno 11001] getaddrinfo failed)"))
2026-04-30 07:47:20,838 [WARNING] HL API error: HTTPSConnectionPool(host='api.hyperliquid.xyz', port=443): Max retries exceeded with url: /info (Caused by NameResolutionError("HTTPSConnection(host='api.hyperliquid.xyz', port=443): Failed to resolve 'api.hyperliquid.xyz' ([Errno 11001] getaddrinfo failed)"))
2026-04-30 07:47:20,839 [WARNING] HL API error: HTTPSConnectionPool(host='api.hyperliquid.xyz', port=443): Max retries exceeded with url: /info (Caused by NameResolutionError("HTTPSConnection(host='api.hyperliquid.xyz', port=443): Failed to resolve 'api.hyperliquid.xyz' ([Errno 11001] getaddrinfo failed)"))
2026-04-30 07:47:20,845 [INFO] Signal written: NONE, strength=0.00, valid=False
2026-04-30 08:02:20,854 [INFO] === Run Once ===
2026-04-30 08:02:20,856 [INFO] Using cached ranking (0.3h old)
2026-04-30 08:02:20,863 [WARNING] HL API error: HTTPSConnectionPool(host='api.hyperliquid.xyz', port=443): Max retries exceeded with url: /info (Caused by NameResolutionError("HTTPSConnection(host='api.hyperliquid.xyz', port=443): Failed to resolve 'api.hyperliquid.xyz' ([Errno 11001] getaddrinfo failed)"))
2026-04-30 08:02:20,865 [WARNING] HL API error: HTTPSConnectionPool(host='api.hyperliquid.xyz', port=443): Max retries exceeded with url: /info (Caused by NameResolutionError("HTTPSConnection(host='api.hyperliquid.xyz', port=443): Failed to resolve 'api.hyperliquid.xyz' ([Errno 11001] getaddrinfo failed)"))
2026-04-30 08:02:20,866 [WARNING] HL API error: HTTPSConnectionPool(host='api.hyperliquid.xyz', port=443): Max retries exceeded with url: /info (Caused by NameResolutionError("HTTPSConnection(host='api.hyperliquid.xyz', port=443): Failed to resolve 'api.hyperliquid.xyz' ([Errno 11001] getaddrinfo failed)"))
2026-04-30 08:02:20,878 [INFO] Signal written: NONE, strength=0.00, valid=False
2026-04-30 08:17:20,882 [INFO] === Run Once ===
2026-04-30 08:17:20,882 [INFO] Using cached ranking (0.5h old)
2026-04-30 08:17:20,884 [WARNING] HL API error: HTTPSConnectionPool(host='api.hyperliquid.xyz', port=443): Max retries exceeded with url: /info (Caused by NameResolutionError("HTTPSConnection(host='api.hyperliquid.xyz', port=443): Failed to resolve 'api.hyperliquid.xyz' ([Errno 11001] getaddrinfo failed)"))
2026-04-30 08:17:20,885 [WARNING] HL API error: HTTPSConnectionPool(host='api.hyperliquid.xyz', port=443): Max retries exceeded with url: /info (Caused by NameResolutionError("HTTPSConnection(host='api.hyperliquid.xyz', port=443): Failed to resolve 'api.hyperliquid.xyz' ([Errno 11001] getaddrinfo failed)"))
2026-04-30 08:17:20,886 [WARNING] HL API error: HTTPSConnectionPool(host='api.hyperliquid.xyz', port=443): Max retries exceeded with url: /info (Caused by NameResolutionError("HTTPSConnection(host='api.hyperliquid.xyz', port=443): Failed to resolve 'api.hyperliquid.xyz' ([Errno 11001] getaddrinfo failed)"))
2026-04-30 08:17:20,899 [INFO] Signal written: NONE, strength=0.00, valid=False
2026-04-30 08:32:20,916 [INFO] === Run Once ===
2026-04-30 08:32:20,917 [INFO] Using cached ranking (0.8h old)
2026-04-30 08:32:22,878 [INFO] Signal written: NONE, strength=0.00, valid=False
2026-04-30 08:47:22,958 [INFO] === Run Once ===
2026-04-30 08:47:22,959 [INFO] Using cached ranking (1.0h old)
2026-04-30 08:47:23,432 [INFO] Signal written: NONE, strength=0.00, valid=False
2026-04-30 09:02:23,491 [INFO] === Run Once ===
2026-04-30 09:02:23,491 [INFO] Using cached ranking (1.3h old)
2026-04-30 09:02:23,880 [INFO] Signal written: NONE, strength=0.00, valid=False
2026-04-30 09:17:23,931 [INFO] === Run Once ===
2026-04-30 09:17:23,931 [INFO] Using cached ranking (1.5h old)
2026-04-30 09:17:24,282 [INFO] Signal written: NONE, strength=0.00, valid=False
2026-04-30 09:32:24,328 [INFO] === Run Once ===
2026-04-30 09:32:24,328 [INFO] Using cached ranking (1.8h old)
2026-04-30 09:32:24,715 [INFO] Signal written: NONE, strength=0.00, valid=False
2026-04-30 18:46:33,675 [INFO] === Run Once ===
2026-04-30 18:46:33,677 [INFO] Using cached ranking (11.0h old)
2026-04-30 18:46:34,316 [INFO] Signal written: NONE, strength=0.00, valid=False
2026-04-30 19:01:34,403 [INFO] === Run Once ===
2026-04-30 19:01:34,414 [INFO] Using cached ranking (11.2h old)
2026-04-30 19:01:34,904 [INFO] Signal written: NONE, strength=0.00, valid=False
2026-04-30 19:16:35,015 [INFO] === Run Once ===
2026-04-30 19:16:35,017 [INFO] Using cached ranking (11.5h old)
2026-04-30 19:16:35,527 [INFO] Signal written: NONE, strength=0.00, valid=False
2026-04-30 19:31:35,614 [INFO] === Run Once ===
2026-04-30 19:31:35,616 [INFO] Using cached ranking (11.7h old)
2026-04-30 19:31:36,032 [INFO] Signal written: NONE, strength=0.00, valid=False
2026-04-30 19:46:36,094 [INFO] === Run Once ===
2026-04-30 19:46:36,096 [INFO] Using cached ranking (12.0h old)
2026-04-30 19:46:36,578 [INFO] Signal written: NONE, strength=0.00, valid=False
2026-04-30 20:01:36,631 [INFO] === Run Once ===
2026-04-30 20:01:36,749 [DEBUG] Whale_1: AUM $0 outside range [$$100,000 - $100,000,000]
2026-04-30 20:01:37,149 [DEBUG] Whale_2: Using default metrics (2000 fills, trade count estimated)
2026-04-30 20:01:37,149 [INFO] Whale_2: sortino=0.00, wr=50.0%, trades=1000, ev=0.0000
2026-04-30 20:01:37,587 [DEBUG] Whale_3: Using default metrics (2000 fills, trade count estimated)
2026-04-30 20:01:37,587 [INFO] Whale_3: sortino=0.00, wr=50.0%, trades=1000, ev=0.0000
2026-04-30 20:01:37,833 [INFO] Signal written: LONG, strength=0.00, valid=True
2026-04-30 20:16:37,881 [INFO] === Run Once ===
2026-04-30 20:16:37,881 [INFO] Using cached ranking (0.3h old)
2026-04-30 20:16:38,185 [INFO] Signal written: LONG, strength=0.00, valid=True
2026-04-30 20:31:38,219 [INFO] === Run Once ===
2026-04-30 20:31:38,221 [INFO] Using cached ranking (0.5h old)
2026-04-30 20:31:38,607 [INFO] Signal written: LONG, strength=0.00, valid=True
2026-04-30 20:46:38,631 [INFO] === Run Once ===
2026-04-30 20:46:38,633 [INFO] Using cached ranking (0.8h old)
2026-04-30 20:46:38,958 [INFO] Signal written: LONG, strength=0.00, valid=True
2026-04-30 21:01:38,983 [INFO] === Run Once ===
2026-04-30 21:01:38,985 [INFO] Using cached ranking (1.0h old)
2026-04-30 21:01:39,645 [INFO] Signal written: LONG, strength=0.00, valid=True
2026-04-30 21:16:39,660 [INFO] === Run Once ===
2026-04-30 21:16:39,660 [INFO] Using cached ranking (1.3h old)
2026-04-30 21:16:39,995 [INFO] Signal written: LONG, strength=0.00, valid=True
2026-04-30 21:31:40,016 [INFO] === Run Once ===
2026-04-30 21:31:40,016 [INFO] Using cached ranking (1.5h old)
2026-04-30 21:31:40,347 [INFO] Signal written: LONG, strength=0.00, valid=True
2026-04-30 21:46:40,366 [INFO] === Run Once ===
2026-04-30 21:46:40,366 [INFO] Using cached ranking (1.8h old)
2026-04-30 21:46:40,654 [INFO] Signal written: LONG, strength=0.00, valid=True
2026-04-30 22:01:40,670 [INFO] === Run Once ===
2026-04-30 22:01:40,672 [INFO] Using cached ranking (2.0h old)
2026-04-30 22:01:40,974 [INFO] Signal written: LONG, strength=0.00, valid=True
2026-04-30 22:16:40,990 [INFO] === Run Once ===
2026-04-30 22:16:40,992 [INFO] Using cached ranking (2.3h old)
2026-04-30 22:16:41,429 [INFO] Signal written: LONG, strength=0.00, valid=True
2026-04-30 22:31:41,436 [INFO] === Run Once ===
2026-04-30 22:31:41,455 [INFO] Using cached ranking (2.5h old)
2026-04-30 22:31:41,791 [INFO] Signal written: LONG, strength=0.00, valid=True
2026-04-30 22:46:41,805 [INFO] === Run Once ===
2026-04-30 22:46:41,806 [INFO] Using cached ranking (2.8h old)
2026-04-30 22:46:42,079 [INFO] Signal written: LONG, strength=0.00, valid=True
2026-04-30 23:01:42,087 [INFO] === Run Once ===
2026-04-30 23:01:42,088 [INFO] Using cached ranking (3.0h old)
2026-04-30 23:01:42,357 [INFO] Signal written: LONG, strength=0.00, valid=True
2026-04-30 23:16:42,362 [INFO] === Run Once ===
2026-04-30 23:16:42,362 [INFO] Using cached ranking (3.3h old)
2026-04-30 23:16:42,593 [INFO] Signal written: LONG, strength=0.00, valid=True
2026-04-30 23:31:42,604 [INFO] === Run Once ===
2026-04-30 23:31:42,605 [INFO] Using cached ranking (3.5h old)
2026-04-30 23:31:42,839 [INFO] Signal written: LONG, strength=0.00, valid=True
2026-04-30 23:46:42,852 [INFO] === Run Once ===
2026-04-30 23:46:42,852 [INFO] Using cached ranking (3.8h old)
2026-04-30 23:46:43,131 [INFO] Signal written: LONG, strength=0.00, valid=True
2026-05-01 00:01:43,146 [INFO] === Run Once ===
2026-05-01 00:01:43,147 [INFO] Using cached ranking (4.0h old)
2026-05-01 00:01:43,508 [INFO] Signal written: LONG, strength=0.00, valid=True
2026-05-01 00:16:43,516 [INFO] === Run Once ===
2026-05-01 00:16:43,518 [INFO] Using cached ranking (4.3h old)
2026-05-01 00:16:43,767 [INFO] Signal written: LONG, strength=0.00, valid=True
2026-05-01 00:31:43,774 [INFO] === Run Once ===
2026-05-01 00:31:43,774 [INFO] Using cached ranking (4.5h old)
2026-05-01 00:31:44,088 [INFO] Signal written: LONG, strength=0.00, valid=True
2026-05-01 00:46:44,101 [INFO] === Run Once ===
2026-05-01 00:46:44,102 [INFO] Using cached ranking (4.8h old)
2026-05-01 00:46:44,490 [INFO] Signal written: LONG, strength=0.00, valid=True
2026-05-01 01:01:44,499 [INFO] === Run Once ===
2026-05-01 01:01:44,500 [INFO] Using cached ranking (5.0h old)
2026-05-01 01:01:44,858 [INFO] Signal written: LONG, strength=0.00, valid=True
2026-05-01 01:16:44,862 [INFO] === Run Once ===
2026-05-01 01:16:44,862 [INFO] Using cached ranking (5.3h old)
2026-05-01 01:16:45,154 [INFO] Signal written: LONG, strength=0.00, valid=True
2026-05-01 01:31:45,167 [INFO] === Run Once ===
2026-05-01 01:31:45,169 [INFO] Using cached ranking (5.5h old)
2026-05-01 01:31:45,521 [INFO] Signal written: LONG, strength=0.00, valid=True
2026-05-01 01:46:45,534 [INFO] === Run Once ===
2026-05-01 01:46:45,534 [INFO] Using cached ranking (5.8h old)
2026-05-01 01:46:46,609 [INFO] Signal written: LONG, strength=0.00, valid=True
2026-05-01 02:01:46,611 [INFO] === Run Once ===
2026-05-01 02:01:46,612 [INFO] Using cached ranking (6.0h old)
2026-05-01 02:01:46,975 [INFO] Signal written: LONG, strength=0.00, valid=True
2026-05-01 02:16:46,976 [INFO] === Run Once ===
2026-05-01 02:16:46,976 [INFO] Using cached ranking (6.3h old)
2026-05-01 02:16:47,612 [INFO] Signal written: LONG, strength=0.00, valid=True
2026-05-01 02:31:47,624 [INFO] === Run Once ===
2026-05-01 02:31:47,625 [INFO] Using cached ranking (6.5h old)
2026-05-01 02:31:47,921 [INFO] Signal written: LONG, strength=0.00, valid=True
2026-05-01 02:46:47,927 [INFO] === Run Once ===
2026-05-01 02:46:47,929 [INFO] Using cached ranking (6.8h old)
2026-05-01 02:46:48,262 [INFO] Signal written: LONG, strength=0.00, valid=True
2026-05-01 03:01:48,264 [INFO] === Run Once ===
2026-05-01 03:01:48,266 [INFO] Using cached ranking (7.0h old)
2026-05-01 03:01:48,713 [INFO] Signal written: LONG, strength=0.00, valid=True
2026-05-01 03:16:48,716 [INFO] === Run Once ===
2026-05-01 03:16:48,716 [INFO] Using cached ranking (7.3h old)
2026-05-01 03:16:48,989 [INFO] Signal written: LONG, strength=0.00, valid=True
